Gym has been unmaintained since 2022 and does not support NumPy 2.0 amongst other critical functionality.
Please upgrade to Gymnasium, the maintained drop-in replacement of Gym, or contact the authors of your software and request that they upgrade.
Users of this version of Gym should be able to simply replace 'import gym' with 'import gymnasium as gym' in the vast majority of cases.
See the migration guide at https://gymnasium.farama.org/introduction/migration_guide/ for additional information.
/workspace/learn-si2e/SI2E/SI2E_A2C/rl-starter-files/rl-starter-files/scripts/train.py --env MiniGrid-KeyCorridorS3R2-v0 --model ppo-exp-a2c-si2e-KeyCorridorS3R2-s3 --frames 3000000 --use_batch --save-interval 100 --log-interval 500 --seed 3 --algo a2c --use_entropy_reward --use_value_condition --beta 0.005

Namespace(algo='a2c', env='MiniGrid-KeyCorridorS3R2-v0', model='ppo-exp-a2c-si2e-KeyCorridorS3R2-s3', seed=3, log_interval=500, save_interval=100, procs=16, frames=3000000, epochs=4, batch_size=256, frames_per_proc=None, discount=0.99, lr=0.001, gae_lambda=0.95, entropy_coef=0.01, value_loss_coef=0.5, max_grad_norm=0.5, optim_eps=1e-08, optim_alpha=0.99, clip_eps=0.2, recurrence=1, text=False, use_entropy_reward=True, use_value_condition=True, beta=0.005, beta_adaptive=False, fast_se=False, use_batch=True, ablation=None, mem=False)

Device: cuda:0

Environments loaded

Training status loaded

Observations preprocessor loaded
Model loaded

ACModel(
  (image_conv): Sequential(
    (0): Conv2d(3, 16, kernel_size=(2, 2), stride=(1, 1))
    (1): ReLU()
    (2): MaxPool2d(kernel_size=(2, 2), stride=(2, 2), padding=0, dilation=1, ceil_mode=False)
    (3): Conv2d(16, 32, kernel_size=(2, 2), stride=(1, 1))
    (4): ReLU()
    (5): Conv2d(32, 64, kernel_size=(2, 2), stride=(1, 1))
    (6): ReLU()
  )
  (actor): Sequential(
    (0): Linear(in_features=64, out_features=64, bias=True)
    (1): Tanh()
    (2): Linear(in_features=64, out_features=7, bias=True)
  )
  (critic): Sequential(
    (0): Linear(in_features=64, out_features=64, bias=True)
    (1): Tanh()
    (2): Linear(in_features=64, out_features=1, bias=True)
  )
  (extr_critic): Sequential(
    (0): Linear(in_features=64, out_features=64, bias=True)
    (1): Tanh()
    (2): Linear(in_features=64, out_features=1, bias=True)
  )
)

Optimizer loaded

Status saved
Status saved
Status saved
Status saved
U 500 | F 064000 | FPS 0367 | D 215 | rR:μσmM 0.00 0.00 0.00 0.00 | F:μσmM 270.0 0.0 270.0 270.0 | H 1.809 | V -0.385 | pL -0.018 | vL 0.001 | ∇ 0.017
Status saved
Status saved
Status saved
Status saved
Status saved
U 1000 | F 128000 | FPS 0400 | D 386 | rR:μσmM 0.00 0.00 0.00 0.00 | F:μσmM 270.0 0.0 270.0 270.0 | H 1.777 | V -0.362 | pL -0.005 | vL 0.003 | ∇ 0.012
Status saved
Status saved
Status saved
Status saved
Status saved
U 1500 | F 192000 | FPS 0387 | D 554 | rR:μσmM 0.00 0.00 0.00 0.00 | F:μσmM 270.0 0.0 270.0 270.0 | H 1.800 | V -0.366 | pL -0.007 | vL 0.001 | ∇ 0.008
Status saved
Status saved
Status saved
Status saved
Status saved
U 2000 | F 256000 | FPS 0439 | D 717 | rR:μσmM 0.00 0.00 0.00 0.00 | F:μσmM 270.0 0.0 270.0 270.0 | H 1.781 | V -0.403 | pL -0.024 | vL 0.001 | ∇ 0.018
Status saved
Status saved
Status saved
Status saved
Status saved
U 2500 | F 320000 | FPS 0399 | D 882 | rR:μσmM 0.02 0.09 0.00 0.38 | F:μσmM 264.8 20.1 187.0 270.0 | H 1.804 | V -0.361 | pL -0.018 | vL 0.001 | ∇ 0.013
Status saved
Status saved
Status saved
Status saved
Status saved
U 3000 | F 384000 | FPS 0402 | D 1051 | rR:μσmM 0.00 0.00 0.00 0.00 | F:μσmM 270.0 0.0 270.0 270.0 | H 1.825 | V -0.391 | pL -0.012 | vL 0.001 | ∇ 0.011
Status saved
Status saved
Status saved
Status saved
Status saved
U 3500 | F 448000 | FPS 0352 | D 1217 | rR:μσmM 0.00 0.00 0.00 0.00 | F:μσmM 270.0 0.0 270.0 270.0 | H 1.755 | V -0.377 | pL 0.008 | vL 0.005 | ∇ 0.029
Status saved
Status saved
Status saved
Status saved
Status saved
U 4000 | F 512000 | FPS 0394 | D 1386 | rR:μσmM 0.00 0.00 0.00 0.00 | F:μσmM 270.0 0.0 270.0 270.0 | H 1.774 | V -0.372 | pL -0.018 | vL 0.001 | ∇ 0.015
Status saved
Status saved
Status saved
Status saved
Status saved
U 4500 | F 576000 | FPS 0414 | D 1554 | rR:μσmM 0.00 0.00 0.00 0.00 | F:μσmM 270.0 0.0 270.0 270.0 | H 1.796 | V -0.313 | pL -0.031 | vL 0.001 | ∇ 0.022
Status saved
Status saved
Status saved
Status saved
Status saved
U 5000 | F 640000 | FPS 0320 | D 1743 | rR:μσmM 0.00 0.00 0.00 0.00 | F:μσmM 270.0 0.0 270.0 270.0 | H 1.825 | V -0.331 | pL 0.002 | vL 0.004 | ∇ 0.019
Status saved
Status saved
Status saved
Status saved
Status saved
U 5500 | F 704000 | FPS 0330 | D 1953 | rR:μσmM 0.00 0.00 0.00 0.00 | F:μσmM 270.0 0.0 270.0 270.0 | H 1.770 | V -0.376 | pL -0.006 | vL 0.000 | ∇ 0.009
Status saved
Status saved
Status saved
Status saved
Status saved
U 6000 | F 768000 | FPS 0333 | D 2168 | rR:μσmM 0.04 0.16 0.00 0.66 | F:μσmM 259.5 40.7 102.0 270.0 | H 1.753 | V -0.316 | pL 0.014 | vL 0.005 | ∇ 0.026
Status saved
Status saved
Status saved
Status saved
Status saved
U 6500 | F 832000 | FPS 0288 | D 2380 | rR:μσmM 0.00 0.00 0.00 0.00 | F:μσmM 270.0 0.0 270.0 270.0 | H 1.820 | V -0.322 | pL -0.012 | vL 0.001 | ∇ 0.015
Status saved
Status saved
Status saved
Status saved
Status saved
U 7000 | F 896000 | FPS 0330 | D 2595 | rR:μσmM 0.00 0.00 0.00 0.00 | F:μσmM 270.0 0.0 270.0 270.0 | H 1.782 | V -0.333 | pL -0.015 | vL 0.001 | ∇ 0.012
Status saved
Status saved
Status saved
Status saved
Status saved
U 7500 | F 960000 | FPS 0289 | D 2810 | rR:μσmM 0.00 0.00 0.00 0.00 | F:μσmM 270.0 0.0 270.0 270.0 | H 1.769 | V -0.328 | pL -0.010 | vL 0.000 | ∇ 0.013
Status saved
Status saved
Status saved
Status saved
Status saved
U 8000 | F 1024000 | FPS 0281 | D 3031 | rR:μσmM 0.00 0.00 0.00 0.00 | F:μσmM 270.0 0.0 270.0 270.0 | H 1.769 | V -0.320 | pL -0.013 | vL 0.001 | ∇ 0.027
Status saved
Status saved
Status saved
Status saved
Status saved
U 8500 | F 1088000 | FPS 0336 | D 3247 | rR:μσmM 0.00 0.00 0.00 0.00 | F:μσmM 270.0 0.0 270.0 270.0 | H 1.749 | V -0.308 | pL 0.019 | vL 0.003 | ∇ 0.024
Status saved
Status saved
Status saved
Status saved
Status saved
U 9000 | F 1152000 | FPS 0314 | D 3464 | rR:μσmM 0.00 0.00 0.00 0.00 | F:μσmM 270.0 0.0 270.0 270.0 | H 1.759 | V -0.321 | pL -0.002 | vL 0.003 | ∇ 0.032
Status saved
Status saved
Status saved
Status saved
Status saved
U 9500 | F 1216000 | FPS 0268 | D 3682 | rR:μσmM 0.04 0.15 0.00 0.62 | F:μσmM 260.2 38.0 113.0 270.0 | H 1.769 | V -0.291 | pL 0.023 | vL 0.004 | ∇ 0.033
Status saved
Status saved
Status saved
Status saved
Status saved
U 10000 | F 1280000 | FPS 0304 | D 3896 | rR:μσmM 0.06 0.17 0.00 0.68 | F:μσmM 256.7 42.3 97.0 270.0 | H 1.759 | V -0.297 | pL -0.006 | vL 0.003 | ∇ 0.029
Status saved
Status saved
Status saved
Status saved
Status saved
U 10500 | F 1344000 | FPS 0308 | D 4110 | rR:μσmM 0.01 0.03 0.00 0.11 | F:μσmM 269.8 0.7 267.0 270.0 | H 1.791 | V -0.258 | pL -0.024 | vL 0.001 | ∇ 0.020
Status saved
Status saved
Status saved
Status saved
Status saved
U 11000 | F 1408000 | FPS 0329 | D 4327 | rR:μσmM 0.02 0.07 0.00 0.27 | F:μσmM 266.4 12.6 218.0 270.0 | H 1.731 | V -0.266 | pL -0.007 | vL 0.000 | ∇ 0.011
Status saved
Status saved
Status saved
Status saved
Status saved
U 11500 | F 1472000 | FPS 0343 | D 4542 | rR:μσmM 0.08 0.18 0.00 0.65 | F:μσmM 250.9 44.1 106.0 270.0 | H 1.756 | V -0.272 | pL -0.021 | vL 0.003 | ∇ 0.032
Status saved
Status saved
Status saved
Status saved
Status saved
U 12000 | F 1536000 | FPS 0252 | D 4753 | rR:μσmM 0.00 0.00 0.00 0.00 | F:μσmM 270.0 0.0 270.0 270.0 | H 1.744 | V -0.280 | pL -0.005 | vL 0.004 | ∇ 0.036
Status saved
Status saved
Status saved
Status saved
Status saved
U 12500 | F 1600000 | FPS 0296 | D 4969 | rR:μσmM 0.06 0.15 0.00 0.48 | F:μσmM 256.8 33.7 156.0 270.0 | H 1.741 | V -0.253 | pL 0.041 | vL 0.005 | ∇ 0.047
Status saved
Status saved
Status saved
Status saved
Status saved
U 13000 | F 1664000 | FPS 0332 | D 5185 | rR:μσmM 0.10 0.18 0.00 0.48 | F:μσmM 246.2 41.7 155.0 270.0 | H 1.706 | V -0.244 | pL -0.022 | vL 0.001 | ∇ 0.026
Status saved
Status saved
Status saved
Status saved
Status saved
U 13500 | F 1728000 | FPS 0334 | D 5402 | rR:μσmM 0.13 0.23 0.00 0.84 | F:μσmM 240.4 59.6 48.0 270.0 | H 1.773 | V -0.227 | pL -0.008 | vL 0.001 | ∇ 0.012
Status saved
Status saved
Status saved
Status saved
Status saved
U 14000 | F 1792000 | FPS 0345 | D 5620 | rR:μσmM 0.09 0.21 0.00 0.83 | F:μσmM 250.6 52.9 52.0 270.0 | H 1.754 | V -0.250 | pL 0.002 | vL 0.002 | ∇ 0.037
Status saved
Status saved
Status saved
Status saved
Status saved
U 14500 | F 1856000 | FPS 0304 | D 5837 | rR:μσmM 0.25 0.29 0.00 0.82 | F:μσmM 210.2 74.6 53.0 270.0 | H 1.734 | V -0.238 | pL -0.006 | vL 0.001 | ∇ 0.020
Status saved
Status saved
Status saved
Status saved
Status saved
U 15000 | F 1920000 | FPS 0300 | D 6056 | rR:μσmM 0.06 0.19 0.00 0.76 | F:μσmM 254.9 48.2 73.0 270.0 | H 1.695 | V -0.254 | pL 0.002 | vL 0.000 | ∇ 0.015
Status saved
Status saved
Status saved
Status saved
Status saved
U 15500 | F 1984000 | FPS 0311 | D 6273 | rR:μσmM 0.03 0.08 0.00 0.28 | F:μσmM 264.9 14.2 217.0 270.0 | H 1.735 | V -0.302 | pL 0.005 | vL 0.000 | ∇ 0.013
Status saved
Status saved
Status saved
Status saved
Status saved
U 16000 | F 2048000 | FPS 0327 | D 6491 | rR:μσmM 0.12 0.23 0.00 0.68 | F:μσmM 241.6 56.0 95.0 270.0 | H 1.690 | V -0.241 | pL -0.001 | vL 0.001 | ∇ 0.029
Status saved
Status saved
Status saved
Status saved
Status saved
U 16500 | F 2112000 | FPS 0305 | D 6707 | rR:μσmM 0.15 0.26 0.00 0.73 | F:μσmM 232.7 65.9 82.0 270.0 | H 1.689 | V -0.212 | pL -0.005 | vL 0.002 | ∇ 0.044
Status saved
Status saved
Status saved
Status saved
Status saved
U 17000 | F 2176000 | FPS 0329 | D 6924 | rR:μσmM 0.21 0.32 0.00 0.87 | F:μσmM 219.7 84.0 40.0 270.0 | H 1.654 | V -0.167 | pL -0.021 | vL 0.002 | ∇ 0.053
Status saved
Status saved
Status saved
Status saved
Status saved
U 17500 | F 2240000 | FPS 0327 | D 7140 | rR:μσmM 0.30 0.34 0.00 0.86 | F:μσmM 194.8 87.3 41.0 270.0 | H 1.633 | V -0.165 | pL -0.013 | vL 0.001 | ∇ 0.051
Status saved
Status saved
Status saved
Status saved
Status saved
U 18000 | F 2304000 | FPS 0300 | D 7358 | rR:μσmM 0.33 0.35 0.00 0.78 | F:μσmM 186.1 89.8 67.0 270.0 | H 1.678 | V -0.185 | pL -0.018 | vL 0.002 | ∇ 0.066
Status saved
Status saved
Status saved
Status saved
Status saved
U 18500 | F 2368000 | FPS 0312 | D 7575 | rR:μσmM 0.49 0.36 0.00 0.92 | F:μσmM 142.6 96.1 23.0 270.0 | H 1.498 | V -0.049 | pL -0.005 | vL 0.005 | ∇ 0.071
Status saved
Status saved
Status saved
Status saved
Status saved
U 19000 | F 2432000 | FPS 0394 | D 7766 | rR:μσmM 0.30 0.35 0.00 0.90 | F:μσmM 194.4 92.1 31.0 270.0 | H 1.540 | V -0.046 | pL -0.013 | vL 0.002 | ∇ 0.043
Status saved
Status saved
Status saved
Status saved
Status saved
U 19500 | F 2496000 | FPS 0433 | D 7934 | rR:μσmM 0.58 0.35 0.00 0.90 | F:μσmM 117.3 91.4 29.0 270.0 | H 1.378 | V 0.072 | pL -0.016 | vL 0.004 | ∇ 0.172
Status saved
Status saved
Status saved
Status saved
Status saved
U 20000 | F 2560000 | FPS 0427 | D 8097 | rR:μσmM 0.43 0.37 0.00 0.93 | F:μσmM 159.5 97.7 20.0 270.0 | H 1.433 | V 0.044 | pL -0.036 | vL 0.006 | ∇ 0.159
Status saved
Status saved
Status saved
Status saved
Status saved
U 20500 | F 2624000 | FPS 0394 | D 8258 | rR:μσmM 0.70 0.28 0.00 0.94 | F:μσmM 86.3 76.0 17.0 270.0 | H 1.394 | V 0.178 | pL 0.013 | vL 0.008 | ∇ 0.100
Status saved
Status saved
Status saved
Status saved
Status saved
U 21000 | F 2688000 | FPS 0429 | D 8418 | rR:μσmM 0.69 0.28 0.00 0.94 | F:μσmM 90.4 78.5 18.0 270.0 | H 1.347 | V 0.243 | pL -0.009 | vL 0.008 | ∇ 0.093
Status saved
Status saved
Status saved
Status saved
Status saved
U 21500 | F 2752000 | FPS 0389 | D 8578 | rR:μσmM 0.87 0.05 0.73 0.94 | F:μσmM 40.0 16.5 17.0 80.0 | H 1.090 | V 0.567 | pL -0.026 | vL 0.008 | ∇ 0.102
Status saved
Status saved
Status saved
Status saved
Status saved
U 22000 | F 2816000 | FPS 0447 | D 8738 | rR:μσmM 0.85 0.05 0.71 0.92 | F:μσmM 43.6 15.3 25.0 87.0 | H 1.174 | V 0.546 | pL -0.013 | vL 0.003 | ∇ 0.096
Status saved
Status saved
Status saved
Status saved
Status saved
U 22500 | F 2880000 | FPS 0451 | D 8899 | rR:μσmM 0.89 0.04 0.82 0.95 | F:μσmM 34.0 11.2 16.0 53.0 | H 1.204 | V 0.570 | pL -0.011 | vL 0.007 | ∇ 0.105
Status saved
Status saved
Status saved
Status saved
Status saved
U 23000 | F 2944000 | FPS 0409 | D 9062 | rR:μσmM 0.89 0.03 0.82 0.94 | F:μσmM 32.2 9.8 17.0 54.0 | H 1.224 | V 0.585 | pL -0.040 | vL 0.004 | ∇ 0.155
Status saved
Status saved
Status saved
Status saved
Status saved
Final model saved
