/workspace/learn-si2e/SI2E/SI2E_DrQv2/train.py:210: UserWarning: 
The version_base parameter is not specified.
Please specify a compatability version level, or None.
Will assume defaults for version 1.1
  @hydra.main(config_path='cfgs', config_name='config')
/usr/local/lib/python3.10/dist-packages/hydra/_internal/hydra.py:119: UserWarning: Future Hydra versions will no longer change working directory at job runtime by default.
See https://hydra.cc/docs/1.2/upgrades/1.1_to_1.2/changes_to_job_working_dir/ for more information.
  ret = run_job(
/workspace/learn-si2e/SI2E/SI2E_DrQv2/train.py:210: UserWarning: 
The version_base parameter is not specified.
Please specify a compatability version level, or None.
Will assume defaults for version 1.1
  @hydra.main(config_path='cfgs', config_name='config')
workspace: /workspace/learn-si2e/results/drqv2-se-rerun/pendulum_swingup_se_seed1
| eval           | F: 0 | S: 0 | E: 0 | L: 1000 | R: 0.0000 | T: 0:00:00
| train          | F: 5000 | S: 2500 | E: 5 | L: 1000 | R: 0.0000 | BS: 2500 | FPS: 15.8065 | T: 0:01:03
| train          | F: 6000 | S: 3000 | E: 6 | L: 1000 | R: 0.0000 | BS: 3000 | FPS: 78.1609 | T: 0:01:16
| train          | F: 7000 | S: 3500 | E: 7 | L: 1000 | R: 0.0000 | BS: 3500 | FPS: 78.7615 | T: 0:01:28
| train          | F: 8000 | S: 4000 | E: 8 | L: 1000 | R: 0.0000 | BS: 4000 | FPS: 75.2202 | T: 0:01:42
| train          | F: 9000 | S: 4500 | E: 9 | L: 1000 | R: 0.0000 | BS: 4500 | FPS: 74.6469 | T: 0:01:55
| train          | F: 10000 | S: 5000 | E: 10 | L: 1000 | R: 58.0000 | BS: 5000 | FPS: 72.8734 | T: 0:02:09
| eval           | F: 10000 | S: 5000 | E: 10 | L: 1000 | R: 4.9000 | T: 0:02:09
| train          | F: 11000 | S: 5500 | E: 11 | L: 1000 | R: 0.0000 | BS: 5500 | FPS: 27.8337 | T: 0:02:45
| train          | F: 12000 | S: 6000 | E: 12 | L: 1000 | R: 0.0000 | BS: 6000 | FPS: 75.0717 | T: 0:02:58
| train          | F: 13000 | S: 6500 | E: 13 | L: 1000 | R: 0.0000 | BS: 6500 | FPS: 72.8356 | T: 0:03:12
| train          | F: 14000 | S: 7000 | E: 14 | L: 1000 | R: 0.0000 | BS: 7000 | FPS: 64.5682 | T: 0:03:27
| train          | F: 15000 | S: 7500 | E: 15 | L: 1000 | R: 0.0000 | BS: 7500 | FPS: 63.4851 | T: 0:03:43
| train          | F: 16000 | S: 8000 | E: 16 | L: 1000 | R: 0.0000 | BS: 8000 | FPS: 72.7641 | T: 0:03:57
| train          | F: 17000 | S: 8500 | E: 17 | L: 1000 | R: 0.0000 | BS: 8500 | FPS: 73.1374 | T: 0:04:10
| train          | F: 18000 | S: 9000 | E: 18 | L: 1000 | R: 58.0000 | BS: 9000 | FPS: 69.3543 | T: 0:04:25
| train          | F: 19000 | S: 9500 | E: 19 | L: 1000 | R: 0.0000 | BS: 9500 | FPS: 74.7057 | T: 0:04:38
| train          | F: 20000 | S: 10000 | E: 20 | L: 1000 | R: 0.0000 | BS: 10000 | FPS: 72.8225 | T: 0:04:52
| eval           | F: 20000 | S: 10000 | E: 20 | L: 1000 | R: 0.0000 | T: 0:04:52
| train          | F: 21000 | S: 10500 | E: 21 | L: 1000 | R: 0.0000 | BS: 10500 | FPS: 25.9114 | T: 0:05:30
| train          | F: 22000 | S: 11000 | E: 22 | L: 1000 | R: 0.0000 | BS: 11000 | FPS: 74.6274 | T: 0:05:44
| train          | F: 23000 | S: 11500 | E: 23 | L: 1000 | R: 0.0000 | BS: 11500 | FPS: 74.6431 | T: 0:05:57
| train          | F: 24000 | S: 12000 | E: 24 | L: 1000 | R: 0.0000 | BS: 12000 | FPS: 73.5969 | T: 0:06:11
| train          | F: 25000 | S: 12500 | E: 25 | L: 1000 | R: 0.0000 | BS: 12500 | FPS: 71.9151 | T: 0:06:25
| train          | F: 26000 | S: 13000 | E: 26 | L: 1000 | R: 0.0000 | BS: 13000 | FPS: 72.3457 | T: 0:06:39
| train          | F: 27000 | S: 13500 | E: 27 | L: 1000 | R: 0.0000 | BS: 13500 | FPS: 71.9026 | T: 0:06:52
| train          | F: 28000 | S: 14000 | E: 28 | L: 1000 | R: 0.0000 | BS: 14000 | FPS: 70.4288 | T: 0:07:07
| train          | F: 29000 | S: 14500 | E: 29 | L: 1000 | R: 0.0000 | BS: 14500 | FPS: 73.0253 | T: 0:07:20
| train          | F: 30000 | S: 15000 | E: 30 | L: 1000 | R: 0.0000 | BS: 15000 | FPS: 73.4436 | T: 0:07:34
| eval           | F: 30000 | S: 15000 | E: 30 | L: 1000 | R: 5.7000 | T: 0:07:34
| train          | F: 31000 | S: 15500 | E: 31 | L: 1000 | R: 0.0000 | BS: 15500 | FPS: 26.5087 | T: 0:08:12
| train          | F: 32000 | S: 16000 | E: 32 | L: 1000 | R: 0.0000 | BS: 16000 | FPS: 73.3904 | T: 0:08:25
| train          | F: 33000 | S: 16500 | E: 33 | L: 1000 | R: 0.0000 | BS: 16500 | FPS: 73.5482 | T: 0:08:39
| train          | F: 34000 | S: 17000 | E: 34 | L: 1000 | R: 57.0000 | BS: 17000 | FPS: 60.9100 | T: 0:08:55
| train          | F: 35000 | S: 17500 | E: 35 | L: 1000 | R: 0.0000 | BS: 17500 | FPS: 63.9998 | T: 0:09:11
| train          | F: 36000 | S: 18000 | E: 36 | L: 1000 | R: 0.0000 | BS: 18000 | FPS: 72.8643 | T: 0:09:25
| train          | F: 37000 | S: 18500 | E: 37 | L: 1000 | R: 0.0000 | BS: 18500 | FPS: 74.4805 | T: 0:09:38
| train          | F: 38000 | S: 19000 | E: 38 | L: 1000 | R: 0.0000 | BS: 19000 | FPS: 71.4501 | T: 0:09:52
| train          | F: 39000 | S: 19500 | E: 39 | L: 1000 | R: 0.0000 | BS: 19500 | FPS: 76.8538 | T: 0:10:05
| train          | F: 40000 | S: 20000 | E: 40 | L: 1000 | R: 0.0000 | BS: 20000 | FPS: 74.1225 | T: 0:10:19
| eval           | F: 40000 | S: 20000 | E: 40 | L: 1000 | R: 0.0000 | T: 0:10:19
| train          | F: 41000 | S: 20500 | E: 41 | L: 1000 | R: 0.0000 | BS: 20500 | FPS: 26.7242 | T: 0:10:56
| train          | F: 42000 | S: 21000 | E: 42 | L: 1000 | R: 0.0000 | BS: 21000 | FPS: 74.7663 | T: 0:11:09
| train          | F: 43000 | S: 21500 | E: 43 | L: 1000 | R: 0.0000 | BS: 21500 | FPS: 72.0174 | T: 0:11:23
| train          | F: 44000 | S: 22000 | E: 44 | L: 1000 | R: 0.0000 | BS: 22000 | FPS: 72.6193 | T: 0:11:37
| train          | F: 45000 | S: 22500 | E: 45 | L: 1000 | R: 0.0000 | BS: 22500 | FPS: 58.8009 | T: 0:11:54
| train          | F: 46000 | S: 23000 | E: 46 | L: 1000 | R: 0.0000 | BS: 23000 | FPS: 65.4529 | T: 0:12:09
| train          | F: 47000 | S: 23500 | E: 47 | L: 1000 | R: 0.0000 | BS: 23500 | FPS: 71.9682 | T: 0:12:23
| train          | F: 48000 | S: 24000 | E: 48 | L: 1000 | R: 0.0000 | BS: 24000 | FPS: 69.9869 | T: 0:12:38
| train          | F: 49000 | S: 24500 | E: 49 | L: 1000 | R: 0.0000 | BS: 24500 | FPS: 60.6088 | T: 0:12:54
| train          | F: 50000 | S: 25000 | E: 50 | L: 1000 | R: 0.0000 | BS: 25000 | FPS: 59.5201 | T: 0:13:11
| eval           | F: 50000 | S: 25000 | E: 50 | L: 1000 | R: 18.5000 | T: 0:13:11
| train          | F: 51000 | S: 25500 | E: 51 | L: 1000 | R: 0.0000 | BS: 25500 | FPS: 26.1850 | T: 0:13:49
| train          | F: 52000 | S: 26000 | E: 52 | L: 1000 | R: 0.0000 | BS: 26000 | FPS: 61.0900 | T: 0:14:05
| train          | F: 53000 | S: 26500 | E: 53 | L: 1000 | R: 0.0000 | BS: 26500 | FPS: 69.1234 | T: 0:14:20
| train          | F: 54000 | S: 27000 | E: 54 | L: 1000 | R: 0.0000 | BS: 27000 | FPS: 71.3602 | T: 0:14:34
| train          | F: 55000 | S: 27500 | E: 55 | L: 1000 | R: 71.0000 | BS: 27500 | FPS: 68.5640 | T: 0:14:48
| train          | F: 56000 | S: 28000 | E: 56 | L: 1000 | R: 0.0000 | BS: 28000 | FPS: 72.7847 | T: 0:15:02
| train          | F: 57000 | S: 28500 | E: 57 | L: 1000 | R: 57.0000 | BS: 28500 | FPS: 71.1152 | T: 0:15:16
| train          | F: 58000 | S: 29000 | E: 58 | L: 1000 | R: 0.0000 | BS: 29000 | FPS: 73.1096 | T: 0:15:30
| train          | F: 59000 | S: 29500 | E: 59 | L: 1000 | R: 55.0000 | BS: 29500 | FPS: 68.6144 | T: 0:15:44
| train          | F: 60000 | S: 30000 | E: 60 | L: 1000 | R: 0.0000 | BS: 30000 | FPS: 69.9059 | T: 0:15:59
| eval           | F: 60000 | S: 30000 | E: 60 | L: 1000 | R: 17.4000 | T: 0:15:59
| train          | F: 61000 | S: 30500 | E: 61 | L: 1000 | R: 0.0000 | BS: 30500 | FPS: 26.6545 | T: 0:16:36
| train          | F: 62000 | S: 31000 | E: 62 | L: 1000 | R: 0.0000 | BS: 31000 | FPS: 74.0585 | T: 0:16:50
| train          | F: 63000 | S: 31500 | E: 63 | L: 1000 | R: 0.0000 | BS: 31500 | FPS: 71.8873 | T: 0:17:04
| train          | F: 64000 | S: 32000 | E: 64 | L: 1000 | R: 0.0000 | BS: 32000 | FPS: 72.9768 | T: 0:17:17
| train          | F: 65000 | S: 32500 | E: 65 | L: 1000 | R: 0.0000 | BS: 32500 | FPS: 72.8831 | T: 0:17:31
| train          | F: 66000 | S: 33000 | E: 66 | L: 1000 | R: 56.0000 | BS: 33000 | FPS: 72.1127 | T: 0:17:45
| train          | F: 67000 | S: 33500 | E: 67 | L: 1000 | R: 0.0000 | BS: 33500 | FPS: 71.0882 | T: 0:17:59
| train          | F: 68000 | S: 34000 | E: 68 | L: 1000 | R: 63.0000 | BS: 34000 | FPS: 71.0411 | T: 0:18:13
| train          | F: 69000 | S: 34500 | E: 69 | L: 1000 | R: 0.0000 | BS: 34500 | FPS: 72.4831 | T: 0:18:27
| train          | F: 70000 | S: 35000 | E: 70 | L: 1000 | R: 59.0000 | BS: 35000 | FPS: 71.2008 | T: 0:18:41
| eval           | F: 70000 | S: 35000 | E: 70 | L: 1000 | R: 0.0000 | T: 0:18:41
| train          | F: 71000 | S: 35500 | E: 71 | L: 1000 | R: 0.0000 | BS: 35500 | FPS: 26.6470 | T: 0:19:19
| train          | F: 72000 | S: 36000 | E: 72 | L: 1000 | R: 0.0000 | BS: 36000 | FPS: 71.9051 | T: 0:19:32
| train          | F: 73000 | S: 36500 | E: 73 | L: 1000 | R: 0.0000 | BS: 36500 | FPS: 73.9606 | T: 0:19:46
| train          | F: 74000 | S: 37000 | E: 74 | L: 1000 | R: 0.0000 | BS: 37000 | FPS: 72.8332 | T: 0:20:00
| train          | F: 75000 | S: 37500 | E: 75 | L: 1000 | R: 0.0000 | BS: 37500 | FPS: 69.6394 | T: 0:20:14
| train          | F: 76000 | S: 38000 | E: 76 | L: 1000 | R: 0.0000 | BS: 38000 | FPS: 69.7778 | T: 0:20:28
| train          | F: 77000 | S: 38500 | E: 77 | L: 1000 | R: 0.0000 | BS: 38500 | FPS: 71.4586 | T: 0:20:42
| train          | F: 78000 | S: 39000 | E: 78 | L: 1000 | R: 0.0000 | BS: 39000 | FPS: 71.5385 | T: 0:20:56
| train          | F: 79000 | S: 39500 | E: 79 | L: 1000 | R: 0.0000 | BS: 39500 | FPS: 72.1625 | T: 0:21:10
| train          | F: 80000 | S: 40000 | E: 80 | L: 1000 | R: 0.0000 | BS: 40000 | FPS: 68.7648 | T: 0:21:25
| eval           | F: 80000 | S: 40000 | E: 80 | L: 1000 | R: 11.3000 | T: 0:21:25
| train          | F: 81000 | S: 40500 | E: 81 | L: 1000 | R: 0.0000 | BS: 40500 | FPS: 26.2934 | T: 0:22:03
| train          | F: 82000 | S: 41000 | E: 82 | L: 1000 | R: 61.0000 | BS: 41000 | FPS: 70.6536 | T: 0:22:17
| train          | F: 83000 | S: 41500 | E: 83 | L: 1000 | R: 0.0000 | BS: 41500 | FPS: 70.6069 | T: 0:22:31
| train          | F: 84000 | S: 42000 | E: 84 | L: 1000 | R: 0.0000 | BS: 42000 | FPS: 69.5253 | T: 0:22:45
| train          | F: 85000 | S: 42500 | E: 85 | L: 1000 | R: 0.0000 | BS: 42500 | FPS: 71.7929 | T: 0:22:59
| train          | F: 86000 | S: 43000 | E: 86 | L: 1000 | R: 0.0000 | BS: 43000 | FPS: 62.9162 | T: 0:23:15
| train          | F: 87000 | S: 43500 | E: 87 | L: 1000 | R: 0.0000 | BS: 43500 | FPS: 56.3395 | T: 0:23:33
| train          | F: 88000 | S: 44000 | E: 88 | L: 1000 | R: 0.0000 | BS: 44000 | FPS: 56.6659 | T: 0:23:51
| train          | F: 89000 | S: 44500 | E: 89 | L: 1000 | R: 0.0000 | BS: 44500 | FPS: 58.8809 | T: 0:24:08
| train          | F: 90000 | S: 45000 | E: 90 | L: 1000 | R: 61.0000 | BS: 45000 | FPS: 67.0919 | T: 0:24:23
| eval           | F: 90000 | S: 45000 | E: 90 | L: 1000 | R: 16.9000 | T: 0:24:23
| train          | F: 91000 | S: 45500 | E: 91 | L: 1000 | R: 0.0000 | BS: 45500 | FPS: 25.4928 | T: 0:25:02
| train          | F: 92000 | S: 46000 | E: 92 | L: 1000 | R: 0.0000 | BS: 46000 | FPS: 72.2171 | T: 0:25:16
| train          | F: 93000 | S: 46500 | E: 93 | L: 1000 | R: 0.0000 | BS: 46500 | FPS: 72.1439 | T: 0:25:30
| train          | F: 94000 | S: 47000 | E: 94 | L: 1000 | R: 58.0000 | BS: 47000 | FPS: 69.3489 | T: 0:25:44
| train          | F: 95000 | S: 47500 | E: 95 | L: 1000 | R: 0.0000 | BS: 47500 | FPS: 74.5588 | T: 0:25:57
| train          | F: 96000 | S: 48000 | E: 96 | L: 1000 | R: 0.0000 | BS: 48000 | FPS: 72.5959 | T: 0:26:11
| train          | F: 97000 | S: 48500 | E: 97 | L: 1000 | R: 0.0000 | BS: 48500 | FPS: 70.3828 | T: 0:26:25
| train          | F: 98000 | S: 49000 | E: 98 | L: 1000 | R: 57.0000 | BS: 49000 | FPS: 67.0276 | T: 0:26:40
| train          | F: 99000 | S: 49500 | E: 99 | L: 1000 | R: 0.0000 | BS: 49500 | FPS: 57.0678 | T: 0:26:58
| train          | F: 100000 | S: 50000 | E: 100 | L: 1000 | R: 60.0000 | BS: 50000 | FPS: 71.0177 | T: 0:27:12
| eval           | F: 100000 | S: 50000 | E: 100 | L: 1000 | R: 11.3000 | T: 0:27:12
| train          | F: 101000 | S: 50500 | E: 101 | L: 1000 | R: 0.0000 | BS: 50500 | FPS: 26.0235 | T: 0:27:50
| train          | F: 102000 | S: 51000 | E: 102 | L: 1000 | R: 57.0000 | BS: 51000 | FPS: 70.0200 | T: 0:28:05
| train          | F: 103000 | S: 51500 | E: 103 | L: 1000 | R: 0.0000 | BS: 51500 | FPS: 72.2950 | T: 0:28:18
| train          | F: 104000 | S: 52000 | E: 104 | L: 1000 | R: 0.0000 | BS: 52000 | FPS: 70.3976 | T: 0:28:33
| train          | F: 105000 | S: 52500 | E: 105 | L: 1000 | R: 0.0000 | BS: 52500 | FPS: 71.8221 | T: 0:28:47
| train          | F: 106000 | S: 53000 | E: 106 | L: 1000 | R: 59.0000 | BS: 53000 | FPS: 71.3344 | T: 0:29:01
| train          | F: 107000 | S: 53500 | E: 107 | L: 1000 | R: 0.0000 | BS: 53500 | FPS: 69.4919 | T: 0:29:15
| train          | F: 108000 | S: 54000 | E: 108 | L: 1000 | R: 0.0000 | BS: 54000 | FPS: 70.1393 | T: 0:29:29
| train          | F: 109000 | S: 54500 | E: 109 | L: 1000 | R: 0.0000 | BS: 54500 | FPS: 71.7451 | T: 0:29:43
| train          | F: 110000 | S: 55000 | E: 110 | L: 1000 | R: 0.0000 | BS: 55000 | FPS: 71.9921 | T: 0:29:57
| eval           | F: 110000 | S: 55000 | E: 110 | L: 1000 | R: 0.0000 | T: 0:29:57
| train          | F: 111000 | S: 55500 | E: 111 | L: 1000 | R: 0.0000 | BS: 55500 | FPS: 25.6711 | T: 0:30:36
| train          | F: 112000 | S: 56000 | E: 112 | L: 1000 | R: 0.0000 | BS: 56000 | FPS: 74.2816 | T: 0:30:49
| train          | F: 113000 | S: 56500 | E: 113 | L: 1000 | R: 0.0000 | BS: 56500 | FPS: 70.9004 | T: 0:31:04
| train          | F: 114000 | S: 57000 | E: 114 | L: 1000 | R: 0.0000 | BS: 57000 | FPS: 70.0808 | T: 0:31:18
| train          | F: 115000 | S: 57500 | E: 115 | L: 1000 | R: 0.0000 | BS: 57500 | FPS: 71.7744 | T: 0:31:32
| train          | F: 116000 | S: 58000 | E: 116 | L: 1000 | R: 0.0000 | BS: 58000 | FPS: 72.0944 | T: 0:31:46
| train          | F: 117000 | S: 58500 | E: 117 | L: 1000 | R: 0.0000 | BS: 58500 | FPS: 68.4762 | T: 0:32:00
| train          | F: 118000 | S: 59000 | E: 118 | L: 1000 | R: 0.0000 | BS: 59000 | FPS: 67.9655 | T: 0:32:15
| train          | F: 119000 | S: 59500 | E: 119 | L: 1000 | R: 0.0000 | BS: 59500 | FPS: 68.6202 | T: 0:32:30
| train          | F: 120000 | S: 60000 | E: 120 | L: 1000 | R: 0.0000 | BS: 60000 | FPS: 67.5740 | T: 0:32:44
| eval           | F: 120000 | S: 60000 | E: 120 | L: 1000 | R: 11.3000 | T: 0:32:44
| train          | F: 121000 | S: 60500 | E: 121 | L: 1000 | R: 0.0000 | BS: 60500 | FPS: 25.7129 | T: 0:33:23
| train          | F: 122000 | S: 61000 | E: 122 | L: 1000 | R: 0.0000 | BS: 61000 | FPS: 70.3342 | T: 0:33:37
| train          | F: 123000 | S: 61500 | E: 123 | L: 1000 | R: 0.0000 | BS: 61500 | FPS: 69.2819 | T: 0:33:52
| train          | F: 124000 | S: 62000 | E: 124 | L: 1000 | R: 0.0000 | BS: 62000 | FPS: 67.9656 | T: 0:34:07
| train          | F: 125000 | S: 62500 | E: 125 | L: 1000 | R: 0.0000 | BS: 62500 | FPS: 68.2610 | T: 0:34:21
| train          | F: 126000 | S: 63000 | E: 126 | L: 1000 | R: 57.0000 | BS: 63000 | FPS: 71.2103 | T: 0:34:35
| train          | F: 127000 | S: 63500 | E: 127 | L: 1000 | R: 58.0000 | BS: 63500 | FPS: 70.7550 | T: 0:34:49
| train          | F: 128000 | S: 64000 | E: 128 | L: 1000 | R: 0.0000 | BS: 64000 | FPS: 69.4020 | T: 0:35:04
| train          | F: 129000 | S: 64500 | E: 129 | L: 1000 | R: 0.0000 | BS: 64500 | FPS: 71.4953 | T: 0:35:18
| train          | F: 130000 | S: 65000 | E: 130 | L: 1000 | R: 0.0000 | BS: 65000 | FPS: 71.3490 | T: 0:35:32
| eval           | F: 130000 | S: 65000 | E: 130 | L: 1000 | R: 10.8000 | T: 0:35:32
| train          | F: 131000 | S: 65500 | E: 131 | L: 1000 | R: 60.0000 | BS: 65500 | FPS: 26.4188 | T: 0:36:10
| train          | F: 132000 | S: 66000 | E: 132 | L: 1000 | R: 0.0000 | BS: 66000 | FPS: 69.6786 | T: 0:36:24
| train          | F: 133000 | S: 66500 | E: 133 | L: 1000 | R: 60.0000 | BS: 66500 | FPS: 69.1105 | T: 0:36:38
| train          | F: 134000 | S: 67000 | E: 134 | L: 1000 | R: 0.0000 | BS: 67000 | FPS: 63.8152 | T: 0:36:54
| train          | F: 135000 | S: 67500 | E: 135 | L: 1000 | R: 0.0000 | BS: 67500 | FPS: 60.2342 | T: 0:37:11
| train          | F: 136000 | S: 68000 | E: 136 | L: 1000 | R: 0.0000 | BS: 68000 | FPS: 68.0761 | T: 0:37:25
| train          | F: 137000 | S: 68500 | E: 137 | L: 1000 | R: 0.0000 | BS: 68500 | FPS: 70.2063 | T: 0:37:40
| train          | F: 138000 | S: 69000 | E: 138 | L: 1000 | R: 0.0000 | BS: 69000 | FPS: 71.5973 | T: 0:37:54
| train          | F: 139000 | S: 69500 | E: 139 | L: 1000 | R: 0.0000 | BS: 69500 | FPS: 68.2735 | T: 0:38:08
| train          | F: 140000 | S: 70000 | E: 140 | L: 1000 | R: 0.0000 | BS: 70000 | FPS: 69.1280 | T: 0:38:23
| eval           | F: 140000 | S: 70000 | E: 140 | L: 1000 | R: 10.3000 | T: 0:38:23
| train          | F: 141000 | S: 70500 | E: 141 | L: 1000 | R: 57.0000 | BS: 70500 | FPS: 20.8670 | T: 0:39:11
| train          | F: 142000 | S: 71000 | E: 142 | L: 1000 | R: 0.0000 | BS: 71000 | FPS: 72.1332 | T: 0:39:25
| train          | F: 143000 | S: 71500 | E: 143 | L: 1000 | R: 0.0000 | BS: 71500 | FPS: 73.3221 | T: 0:39:38
| train          | F: 144000 | S: 72000 | E: 144 | L: 1000 | R: 0.0000 | BS: 72000 | FPS: 72.4856 | T: 0:39:52
| train          | F: 145000 | S: 72500 | E: 145 | L: 1000 | R: 0.0000 | BS: 72500 | FPS: 64.0583 | T: 0:40:08
| train          | F: 146000 | S: 73000 | E: 146 | L: 1000 | R: 0.0000 | BS: 73000 | FPS: 60.7650 | T: 0:40:24
| train          | F: 147000 | S: 73500 | E: 147 | L: 1000 | R: 0.0000 | BS: 73500 | FPS: 70.3678 | T: 0:40:38
| train          | F: 148000 | S: 74000 | E: 148 | L: 1000 | R: 0.0000 | BS: 74000 | FPS: 70.5251 | T: 0:40:52
| train          | F: 149000 | S: 74500 | E: 149 | L: 1000 | R: 60.0000 | BS: 74500 | FPS: 69.7712 | T: 0:41:07
| train          | F: 150000 | S: 75000 | E: 150 | L: 1000 | R: 0.0000 | BS: 75000 | FPS: 71.9296 | T: 0:41:21
| eval           | F: 150000 | S: 75000 | E: 150 | L: 1000 | R: 11.6000 | T: 0:41:21
| train          | F: 151000 | S: 75500 | E: 151 | L: 1000 | R: 0.0000 | BS: 75500 | FPS: 25.4185 | T: 0:42:00
| train          | F: 152000 | S: 76000 | E: 152 | L: 1000 | R: 0.0000 | BS: 76000 | FPS: 73.9144 | T: 0:42:14
| train          | F: 153000 | S: 76500 | E: 153 | L: 1000 | R: 55.0000 | BS: 76500 | FPS: 72.1779 | T: 0:42:27
| train          | F: 154000 | S: 77000 | E: 154 | L: 1000 | R: 0.0000 | BS: 77000 | FPS: 73.0519 | T: 0:42:41
| train          | F: 155000 | S: 77500 | E: 155 | L: 1000 | R: 0.0000 | BS: 77500 | FPS: 69.9303 | T: 0:42:55
| train          | F: 156000 | S: 78000 | E: 156 | L: 1000 | R: 0.0000 | BS: 78000 | FPS: 69.5201 | T: 0:43:10
| train          | F: 157000 | S: 78500 | E: 157 | L: 1000 | R: 0.0000 | BS: 78500 | FPS: 71.9110 | T: 0:43:24
| train          | F: 158000 | S: 79000 | E: 158 | L: 1000 | R: 61.0000 | BS: 79000 | FPS: 69.9053 | T: 0:43:38
| train          | F: 159000 | S: 79500 | E: 159 | L: 1000 | R: 0.0000 | BS: 79500 | FPS: 71.6790 | T: 0:43:52
| train          | F: 160000 | S: 80000 | E: 160 | L: 1000 | R: 0.0000 | BS: 80000 | FPS: 68.6350 | T: 0:44:07
| eval           | F: 160000 | S: 80000 | E: 160 | L: 1000 | R: 31.4000 | T: 0:44:07
| train          | F: 161000 | S: 80500 | E: 161 | L: 1000 | R: 0.0000 | BS: 80500 | FPS: 24.0458 | T: 0:44:48
| train          | F: 162000 | S: 81000 | E: 162 | L: 1000 | R: 70.0000 | BS: 81000 | FPS: 72.0507 | T: 0:45:02
| train          | F: 163000 | S: 81500 | E: 163 | L: 1000 | R: 61.0000 | BS: 81500 | FPS: 74.0270 | T: 0:45:15
| train          | F: 164000 | S: 82000 | E: 164 | L: 1000 | R: 0.0000 | BS: 82000 | FPS: 73.5879 | T: 0:45:29
| train          | F: 165000 | S: 82500 | E: 165 | L: 1000 | R: 0.0000 | BS: 82500 | FPS: 70.0750 | T: 0:45:43
| train          | F: 166000 | S: 83000 | E: 166 | L: 1000 | R: 0.0000 | BS: 83000 | FPS: 71.7472 | T: 0:45:57
| train          | F: 167000 | S: 83500 | E: 167 | L: 1000 | R: 0.0000 | BS: 83500 | FPS: 71.2489 | T: 0:46:11
| train          | F: 168000 | S: 84000 | E: 168 | L: 1000 | R: 78.0000 | BS: 84000 | FPS: 67.9168 | T: 0:46:26
| train          | F: 169000 | S: 84500 | E: 169 | L: 1000 | R: 62.0000 | BS: 84500 | FPS: 70.8142 | T: 0:46:40
| train          | F: 170000 | S: 85000 | E: 170 | L: 1000 | R: 56.0000 | BS: 85000 | FPS: 70.1849 | T: 0:46:54
| eval           | F: 170000 | S: 85000 | E: 170 | L: 1000 | R: 11.2000 | T: 0:46:54
| train          | F: 171000 | S: 85500 | E: 171 | L: 1000 | R: 0.0000 | BS: 85500 | FPS: 28.2419 | T: 0:47:30
| train          | F: 172000 | S: 86000 | E: 172 | L: 1000 | R: 0.0000 | BS: 86000 | FPS: 72.6664 | T: 0:47:44
| train          | F: 173000 | S: 86500 | E: 173 | L: 1000 | R: 60.0000 | BS: 86500 | FPS: 71.1877 | T: 0:47:58
| train          | F: 174000 | S: 87000 | E: 174 | L: 1000 | R: 0.0000 | BS: 87000 | FPS: 70.1111 | T: 0:48:12
| train          | F: 175000 | S: 87500 | E: 175 | L: 1000 | R: 56.0000 | BS: 87500 | FPS: 69.6125 | T: 0:48:26
| train          | F: 176000 | S: 88000 | E: 176 | L: 1000 | R: 0.0000 | BS: 88000 | FPS: 71.5103 | T: 0:48:40
| train          | F: 177000 | S: 88500 | E: 177 | L: 1000 | R: 0.0000 | BS: 88500 | FPS: 70.8446 | T: 0:48:54
| train          | F: 178000 | S: 89000 | E: 178 | L: 1000 | R: 0.0000 | BS: 89000 | FPS: 70.0634 | T: 0:49:09
| train          | F: 179000 | S: 89500 | E: 179 | L: 1000 | R: 0.0000 | BS: 89500 | FPS: 57.4285 | T: 0:49:26
| train          | F: 180000 | S: 90000 | E: 180 | L: 1000 | R: 0.0000 | BS: 90000 | FPS: 62.9405 | T: 0:49:42
| eval           | F: 180000 | S: 90000 | E: 180 | L: 1000 | R: 17.0000 | T: 0:49:42
| train          | F: 181000 | S: 90500 | E: 181 | L: 1000 | R: 61.0000 | BS: 90500 | FPS: 25.7821 | T: 0:50:21
| train          | F: 182000 | S: 91000 | E: 182 | L: 1000 | R: 0.0000 | BS: 91000 | FPS: 64.8231 | T: 0:50:36
| train          | F: 183000 | S: 91500 | E: 183 | L: 1000 | R: 0.0000 | BS: 91500 | FPS: 68.2027 | T: 0:50:51
| train          | F: 184000 | S: 92000 | E: 184 | L: 1000 | R: 0.0000 | BS: 92000 | FPS: 58.6708 | T: 0:51:08
| train          | F: 185000 | S: 92500 | E: 185 | L: 1000 | R: 0.0000 | BS: 92500 | FPS: 71.5843 | T: 0:51:22
| train          | F: 186000 | S: 93000 | E: 186 | L: 1000 | R: 0.0000 | BS: 93000 | FPS: 71.4600 | T: 0:51:36
| train          | F: 187000 | S: 93500 | E: 187 | L: 1000 | R: 0.0000 | BS: 93500 | FPS: 58.6988 | T: 0:51:53
| train          | F: 188000 | S: 94000 | E: 188 | L: 1000 | R: 66.0000 | BS: 94000 | FPS: 68.8975 | T: 0:52:07
| train          | F: 189000 | S: 94500 | E: 189 | L: 1000 | R: 56.0000 | BS: 94500 | FPS: 67.4391 | T: 0:52:22
| train          | F: 190000 | S: 95000 | E: 190 | L: 1000 | R: 0.0000 | BS: 95000 | FPS: 70.0872 | T: 0:52:36
| eval           | F: 190000 | S: 95000 | E: 190 | L: 1000 | R: 5.7000 | T: 0:52:36
| train          | F: 191000 | S: 95500 | E: 191 | L: 1000 | R: 0.0000 | BS: 95500 | FPS: 26.5246 | T: 0:53:14
| train          | F: 192000 | S: 96000 | E: 192 | L: 1000 | R: 0.0000 | BS: 96000 | FPS: 72.0956 | T: 0:53:28
| train          | F: 193000 | S: 96500 | E: 193 | L: 1000 | R: 0.0000 | BS: 96500 | FPS: 70.6746 | T: 0:53:42
| train          | F: 194000 | S: 97000 | E: 194 | L: 1000 | R: 0.0000 | BS: 97000 | FPS: 70.3031 | T: 0:53:56
| train          | F: 195000 | S: 97500 | E: 195 | L: 1000 | R: 0.0000 | BS: 97500 | FPS: 71.6189 | T: 0:54:10
| train          | F: 196000 | S: 98000 | E: 196 | L: 1000 | R: 0.0000 | BS: 98000 | FPS: 70.7507 | T: 0:54:24
| train          | F: 197000 | S: 98500 | E: 197 | L: 1000 | R: 0.0000 | BS: 98500 | FPS: 70.2971 | T: 0:54:39
| train          | F: 198000 | S: 99000 | E: 198 | L: 1000 | R: 0.0000 | BS: 99000 | FPS: 69.9080 | T: 0:54:53
| train          | F: 199000 | S: 99500 | E: 199 | L: 1000 | R: 59.0000 | BS: 99500 | FPS: 70.4360 | T: 0:55:07
| train          | F: 200000 | S: 100000 | E: 200 | L: 1000 | R: 0.0000 | BS: 100000 | FPS: 71.2242 | T: 0:55:21
| eval           | F: 200000 | S: 100000 | E: 200 | L: 1000 | R: 29.2000 | T: 0:55:21
| train          | F: 201000 | S: 100500 | E: 201 | L: 1000 | R: 0.0000 | BS: 100500 | FPS: 26.6598 | T: 0:55:59
| train          | F: 202000 | S: 101000 | E: 202 | L: 1000 | R: 55.0000 | BS: 101000 | FPS: 70.1560 | T: 0:56:13
| train          | F: 203000 | S: 101500 | E: 203 | L: 1000 | R: 0.0000 | BS: 101500 | FPS: 72.1166 | T: 0:56:27
| train          | F: 204000 | S: 102000 | E: 204 | L: 1000 | R: 70.0000 | BS: 102000 | FPS: 69.1363 | T: 0:56:41
| train          | F: 205000 | S: 102500 | E: 205 | L: 1000 | R: 0.0000 | BS: 102500 | FPS: 68.5406 | T: 0:56:56
| train          | F: 206000 | S: 103000 | E: 206 | L: 1000 | R: 79.0000 | BS: 103000 | FPS: 69.7315 | T: 0:57:10
| train          | F: 207000 | S: 103500 | E: 207 | L: 1000 | R: 59.0000 | BS: 103500 | FPS: 68.1134 | T: 0:57:25
| train          | F: 208000 | S: 104000 | E: 208 | L: 1000 | R: 56.0000 | BS: 104000 | FPS: 67.1760 | T: 0:57:40
| train          | F: 209000 | S: 104500 | E: 209 | L: 1000 | R: 0.0000 | BS: 104500 | FPS: 70.7620 | T: 0:57:54
| train          | F: 210000 | S: 105000 | E: 210 | L: 1000 | R: 0.0000 | BS: 105000 | FPS: 70.4413 | T: 0:58:08
| eval           | F: 210000 | S: 105000 | E: 210 | L: 1000 | R: 6.6000 | T: 0:58:08
| train          | F: 211000 | S: 105500 | E: 211 | L: 1000 | R: 0.0000 | BS: 105500 | FPS: 27.5405 | T: 0:58:44
| train          | F: 212000 | S: 106000 | E: 212 | L: 1000 | R: 0.0000 | BS: 106000 | FPS: 60.2905 | T: 0:59:01
| train          | F: 213000 | S: 106500 | E: 213 | L: 1000 | R: 0.0000 | BS: 106500 | FPS: 61.3232 | T: 0:59:17
| train          | F: 214000 | S: 107000 | E: 214 | L: 1000 | R: 0.0000 | BS: 107000 | FPS: 72.7890 | T: 0:59:31
| train          | F: 215000 | S: 107500 | E: 215 | L: 1000 | R: 0.0000 | BS: 107500 | FPS: 66.8041 | T: 0:59:46
| train          | F: 216000 | S: 108000 | E: 216 | L: 1000 | R: 68.0000 | BS: 108000 | FPS: 70.3506 | T: 1:00:00
| train          | F: 217000 | S: 108500 | E: 217 | L: 1000 | R: 0.0000 | BS: 108500 | FPS: 68.5503 | T: 1:00:15
| train          | F: 218000 | S: 109000 | E: 218 | L: 1000 | R: 0.0000 | BS: 109000 | FPS: 70.5429 | T: 1:00:29
| train          | F: 219000 | S: 109500 | E: 219 | L: 1000 | R: 0.0000 | BS: 109500 | FPS: 71.8103 | T: 1:00:43
| train          | F: 220000 | S: 110000 | E: 220 | L: 1000 | R: 0.0000 | BS: 110000 | FPS: 70.3011 | T: 1:00:57
| eval           | F: 220000 | S: 110000 | E: 220 | L: 1000 | R: 5.8000 | T: 1:00:57
| train          | F: 221000 | S: 110500 | E: 221 | L: 1000 | R: 0.0000 | BS: 110500 | FPS: 27.2240 | T: 1:01:34
| train          | F: 222000 | S: 111000 | E: 222 | L: 1000 | R: 0.0000 | BS: 111000 | FPS: 71.0691 | T: 1:01:48
| train          | F: 223000 | S: 111500 | E: 223 | L: 1000 | R: 0.0000 | BS: 111500 | FPS: 69.7905 | T: 1:02:02
| train          | F: 224000 | S: 112000 | E: 224 | L: 1000 | R: 0.0000 | BS: 112000 | FPS: 70.8160 | T: 1:02:16
| train          | F: 225000 | S: 112500 | E: 225 | L: 1000 | R: 0.0000 | BS: 112500 | FPS: 67.5841 | T: 1:02:31
| train          | F: 226000 | S: 113000 | E: 226 | L: 1000 | R: 0.0000 | BS: 113000 | FPS: 69.0255 | T: 1:02:46
| train          | F: 227000 | S: 113500 | E: 227 | L: 1000 | R: 58.0000 | BS: 113500 | FPS: 71.7314 | T: 1:03:00
| train          | F: 228000 | S: 114000 | E: 228 | L: 1000 | R: 0.0000 | BS: 114000 | FPS: 72.8033 | T: 1:03:13
| train          | F: 229000 | S: 114500 | E: 229 | L: 1000 | R: 0.0000 | BS: 114500 | FPS: 71.2290 | T: 1:03:27
| train          | F: 230000 | S: 115000 | E: 230 | L: 1000 | R: 0.0000 | BS: 115000 | FPS: 70.3220 | T: 1:03:42
| eval           | F: 230000 | S: 115000 | E: 230 | L: 1000 | R: 23.6000 | T: 1:03:42
| train          | F: 231000 | S: 115500 | E: 231 | L: 1000 | R: 0.0000 | BS: 115500 | FPS: 25.4613 | T: 1:04:21
| train          | F: 232000 | S: 116000 | E: 232 | L: 1000 | R: 57.0000 | BS: 116000 | FPS: 70.0834 | T: 1:04:35
| train          | F: 233000 | S: 116500 | E: 233 | L: 1000 | R: 0.0000 | BS: 116500 | FPS: 69.5966 | T: 1:04:50
| train          | F: 234000 | S: 117000 | E: 234 | L: 1000 | R: 0.0000 | BS: 117000 | FPS: 68.8701 | T: 1:05:04
| train          | F: 235000 | S: 117500 | E: 235 | L: 1000 | R: 73.0000 | BS: 117500 | FPS: 70.7963 | T: 1:05:18
| train          | F: 236000 | S: 118000 | E: 236 | L: 1000 | R: 58.0000 | BS: 118000 | FPS: 70.5898 | T: 1:05:32
| train          | F: 237000 | S: 118500 | E: 237 | L: 1000 | R: 0.0000 | BS: 118500 | FPS: 69.0591 | T: 1:05:47
| train          | F: 238000 | S: 119000 | E: 238 | L: 1000 | R: 61.0000 | BS: 119000 | FPS: 70.0149 | T: 1:06:01
| train          | F: 239000 | S: 119500 | E: 239 | L: 1000 | R: 0.0000 | BS: 119500 | FPS: 67.1422 | T: 1:06:16
| train          | F: 240000 | S: 120000 | E: 240 | L: 1000 | R: 0.0000 | BS: 120000 | FPS: 70.6940 | T: 1:06:30
| eval           | F: 240000 | S: 120000 | E: 240 | L: 1000 | R: 11.3000 | T: 1:06:30
| train          | F: 241000 | S: 120500 | E: 241 | L: 1000 | R: 0.0000 | BS: 120500 | FPS: 26.1166 | T: 1:07:09
| train          | F: 242000 | S: 121000 | E: 242 | L: 1000 | R: 0.0000 | BS: 121000 | FPS: 70.3271 | T: 1:07:23
| train          | F: 243000 | S: 121500 | E: 243 | L: 1000 | R: 60.0000 | BS: 121500 | FPS: 71.5293 | T: 1:07:37
| train          | F: 244000 | S: 122000 | E: 244 | L: 1000 | R: 0.0000 | BS: 122000 | FPS: 72.3303 | T: 1:07:51
| train          | F: 245000 | S: 122500 | E: 245 | L: 1000 | R: 0.0000 | BS: 122500 | FPS: 71.1990 | T: 1:08:05
| train          | F: 246000 | S: 123000 | E: 246 | L: 1000 | R: 61.0000 | BS: 123000 | FPS: 72.6120 | T: 1:08:18
| train          | F: 247000 | S: 123500 | E: 247 | L: 1000 | R: 0.0000 | BS: 123500 | FPS: 74.0081 | T: 1:08:32
| train          | F: 248000 | S: 124000 | E: 248 | L: 1000 | R: 0.0000 | BS: 124000 | FPS: 63.6228 | T: 1:08:48
| train          | F: 249000 | S: 124500 | E: 249 | L: 1000 | R: 0.0000 | BS: 124500 | FPS: 60.6299 | T: 1:09:04
| train          | F: 250000 | S: 125000 | E: 250 | L: 1000 | R: 0.0000 | BS: 125000 | FPS: 64.9709 | T: 1:09:19
| eval           | F: 250000 | S: 125000 | E: 250 | L: 1000 | R: 22.8000 | T: 1:09:19
| train          | F: 251000 | S: 125500 | E: 251 | L: 1000 | R: 0.0000 | BS: 125500 | FPS: 26.1896 | T: 1:09:58
| train          | F: 252000 | S: 126000 | E: 252 | L: 1000 | R: 0.0000 | BS: 126000 | FPS: 72.2097 | T: 1:10:12
| train          | F: 253000 | S: 126500 | E: 253 | L: 1000 | R: 0.0000 | BS: 126500 | FPS: 71.0925 | T: 1:10:26
| train          | F: 254000 | S: 127000 | E: 254 | L: 1000 | R: 0.0000 | BS: 127000 | FPS: 70.5564 | T: 1:10:40
| train          | F: 255000 | S: 127500 | E: 255 | L: 1000 | R: 60.0000 | BS: 127500 | FPS: 71.5044 | T: 1:10:54
| train          | F: 256000 | S: 128000 | E: 256 | L: 1000 | R: 0.0000 | BS: 128000 | FPS: 68.4649 | T: 1:11:08
| train          | F: 257000 | S: 128500 | E: 257 | L: 1000 | R: 61.0000 | BS: 128500 | FPS: 68.5344 | T: 1:11:23
| train          | F: 258000 | S: 129000 | E: 258 | L: 1000 | R: 64.0000 | BS: 129000 | FPS: 68.5895 | T: 1:11:38
| train          | F: 259000 | S: 129500 | E: 259 | L: 1000 | R: 0.0000 | BS: 129500 | FPS: 70.0140 | T: 1:11:52
| train          | F: 260000 | S: 130000 | E: 260 | L: 1000 | R: 59.0000 | BS: 130000 | FPS: 67.1518 | T: 1:12:07
| eval           | F: 260000 | S: 130000 | E: 260 | L: 1000 | R: 0.0000 | T: 1:12:07
| train          | F: 261000 | S: 130500 | E: 261 | L: 1000 | R: 0.0000 | BS: 130500 | FPS: 27.6383 | T: 1:12:43
| train          | F: 262000 | S: 131000 | E: 262 | L: 1000 | R: 0.0000 | BS: 131000 | FPS: 73.8816 | T: 1:12:56
| train          | F: 263000 | S: 131500 | E: 263 | L: 1000 | R: 0.0000 | BS: 131500 | FPS: 69.6063 | T: 1:13:11
| train          | F: 264000 | S: 132000 | E: 264 | L: 1000 | R: 0.0000 | BS: 132000 | FPS: 70.3749 | T: 1:13:25
| train          | F: 265000 | S: 132500 | E: 265 | L: 1000 | R: 0.0000 | BS: 132500 | FPS: 72.7838 | T: 1:13:39
| train          | F: 266000 | S: 133000 | E: 266 | L: 1000 | R: 0.0000 | BS: 133000 | FPS: 71.1512 | T: 1:13:53
| train          | F: 267000 | S: 133500 | E: 267 | L: 1000 | R: 0.0000 | BS: 133500 | FPS: 70.2923 | T: 1:14:07
| train          | F: 268000 | S: 134000 | E: 268 | L: 1000 | R: 0.0000 | BS: 134000 | FPS: 66.1470 | T: 1:14:22
| train          | F: 269000 | S: 134500 | E: 269 | L: 1000 | R: 0.0000 | BS: 134500 | FPS: 69.4154 | T: 1:14:37
| train          | F: 270000 | S: 135000 | E: 270 | L: 1000 | R: 0.0000 | BS: 135000 | FPS: 70.2134 | T: 1:14:51
| eval           | F: 270000 | S: 135000 | E: 270 | L: 1000 | R: 5.4000 | T: 1:14:51
| train          | F: 271000 | S: 135500 | E: 271 | L: 1000 | R: 0.0000 | BS: 135500 | FPS: 27.5821 | T: 1:15:27
| train          | F: 272000 | S: 136000 | E: 272 | L: 1000 | R: 0.0000 | BS: 136000 | FPS: 72.8003 | T: 1:15:41
| train          | F: 273000 | S: 136500 | E: 273 | L: 1000 | R: 60.0000 | BS: 136500 | FPS: 70.7272 | T: 1:15:55
| train          | F: 274000 | S: 137000 | E: 274 | L: 1000 | R: 0.0000 | BS: 137000 | FPS: 70.1290 | T: 1:16:09
| train          | F: 275000 | S: 137500 | E: 275 | L: 1000 | R: 0.0000 | BS: 137500 | FPS: 73.7635 | T: 1:16:23
| train          | F: 276000 | S: 138000 | E: 276 | L: 1000 | R: 0.0000 | BS: 138000 | FPS: 71.3035 | T: 1:16:37
| train          | F: 277000 | S: 138500 | E: 277 | L: 1000 | R: 0.0000 | BS: 138500 | FPS: 69.3562 | T: 1:16:51
| train          | F: 278000 | S: 139000 | E: 278 | L: 1000 | R: 0.0000 | BS: 139000 | FPS: 70.6116 | T: 1:17:05
| train          | F: 279000 | S: 139500 | E: 279 | L: 1000 | R: 0.0000 | BS: 139500 | FPS: 68.5414 | T: 1:17:20
| train          | F: 280000 | S: 140000 | E: 280 | L: 1000 | R: 0.0000 | BS: 140000 | FPS: 67.7518 | T: 1:17:35
| eval           | F: 280000 | S: 140000 | E: 280 | L: 1000 | R: 11.2000 | T: 1:17:35
| train          | F: 281000 | S: 140500 | E: 281 | L: 1000 | R: 0.0000 | BS: 140500 | FPS: 24.9810 | T: 1:18:15
| train          | F: 282000 | S: 141000 | E: 282 | L: 1000 | R: 0.0000 | BS: 141000 | FPS: 71.6076 | T: 1:18:29
| train          | F: 283000 | S: 141500 | E: 283 | L: 1000 | R: 0.0000 | BS: 141500 | FPS: 71.1919 | T: 1:18:43
| train          | F: 284000 | S: 142000 | E: 284 | L: 1000 | R: 0.0000 | BS: 142000 | FPS: 71.4534 | T: 1:18:57
| train          | F: 285000 | S: 142500 | E: 285 | L: 1000 | R: 0.0000 | BS: 142500 | FPS: 70.3042 | T: 1:19:11
| train          | F: 286000 | S: 143000 | E: 286 | L: 1000 | R: 0.0000 | BS: 143000 | FPS: 69.3972 | T: 1:19:25
| train          | F: 287000 | S: 143500 | E: 287 | L: 1000 | R: 57.0000 | BS: 143500 | FPS: 69.1776 | T: 1:19:40
| train          | F: 288000 | S: 144000 | E: 288 | L: 1000 | R: 0.0000 | BS: 144000 | FPS: 70.0813 | T: 1:19:54
| train          | F: 289000 | S: 144500 | E: 289 | L: 1000 | R: 58.0000 | BS: 144500 | FPS: 67.9425 | T: 1:20:09
| train          | F: 290000 | S: 145000 | E: 290 | L: 1000 | R: 0.0000 | BS: 145000 | FPS: 69.5264 | T: 1:20:23
| eval           | F: 290000 | S: 145000 | E: 290 | L: 1000 | R: 11.6000 | T: 1:20:23
| train          | F: 291000 | S: 145500 | E: 291 | L: 1000 | R: 62.0000 | BS: 145500 | FPS: 26.3468 | T: 1:21:01
| train          | F: 292000 | S: 146000 | E: 292 | L: 1000 | R: 0.0000 | BS: 146000 | FPS: 68.5763 | T: 1:21:16
| train          | F: 293000 | S: 146500 | E: 293 | L: 1000 | R: 58.0000 | BS: 146500 | FPS: 71.4717 | T: 1:21:30
| train          | F: 294000 | S: 147000 | E: 294 | L: 1000 | R: 0.0000 | BS: 147000 | FPS: 70.6759 | T: 1:21:44
| train          | F: 295000 | S: 147500 | E: 295 | L: 1000 | R: 0.0000 | BS: 147500 | FPS: 69.6614 | T: 1:21:58
| train          | F: 296000 | S: 148000 | E: 296 | L: 1000 | R: 0.0000 | BS: 148000 | FPS: 71.0436 | T: 1:22:12
| train          | F: 297000 | S: 148500 | E: 297 | L: 1000 | R: 0.0000 | BS: 148500 | FPS: 71.3025 | T: 1:22:26
| train          | F: 298000 | S: 149000 | E: 298 | L: 1000 | R: 0.0000 | BS: 149000 | FPS: 72.5616 | T: 1:22:40
| train          | F: 299000 | S: 149500 | E: 299 | L: 1000 | R: 0.0000 | BS: 149500 | FPS: 70.7339 | T: 1:22:54
| train          | F: 300000 | S: 150000 | E: 300 | L: 1000 | R: 0.0000 | BS: 150000 | FPS: 71.9880 | T: 1:23:08
| eval           | F: 300000 | S: 150000 | E: 300 | L: 1000 | R: 11.2000 | T: 1:23:08
| train          | F: 301000 | S: 150500 | E: 301 | L: 1000 | R: 0.0000 | BS: 150500 | FPS: 27.2273 | T: 1:23:45
| train          | F: 302000 | S: 151000 | E: 302 | L: 1000 | R: 0.0000 | BS: 151000 | FPS: 72.8544 | T: 1:23:59
| train          | F: 303000 | S: 151500 | E: 303 | L: 1000 | R: 0.0000 | BS: 151500 | FPS: 69.9988 | T: 1:24:13
| train          | F: 304000 | S: 152000 | E: 304 | L: 1000 | R: 60.0000 | BS: 152000 | FPS: 67.1236 | T: 1:24:28
| train          | F: 305000 | S: 152500 | E: 305 | L: 1000 | R: 0.0000 | BS: 152500 | FPS: 73.0380 | T: 1:24:41
| train          | F: 306000 | S: 153000 | E: 306 | L: 1000 | R: 0.0000 | BS: 153000 | FPS: 73.0333 | T: 1:24:55
| train          | F: 307000 | S: 153500 | E: 307 | L: 1000 | R: 0.0000 | BS: 153500 | FPS: 70.9794 | T: 1:25:09
| train          | F: 308000 | S: 154000 | E: 308 | L: 1000 | R: 0.0000 | BS: 154000 | FPS: 71.2089 | T: 1:25:23
| train          | F: 309000 | S: 154500 | E: 309 | L: 1000 | R: 59.0000 | BS: 154500 | FPS: 66.4931 | T: 1:25:38
| train          | F: 310000 | S: 155000 | E: 310 | L: 1000 | R: 0.0000 | BS: 155000 | FPS: 66.1555 | T: 1:25:53
| eval           | F: 310000 | S: 155000 | E: 310 | L: 1000 | R: 6.6000 | T: 1:25:53
| train          | F: 311000 | S: 155500 | E: 311 | L: 1000 | R: 0.0000 | BS: 155500 | FPS: 27.9393 | T: 1:26:29
| train          | F: 312000 | S: 156000 | E: 312 | L: 1000 | R: 0.0000 | BS: 156000 | FPS: 71.1722 | T: 1:26:43
| train          | F: 313000 | S: 156500 | E: 313 | L: 1000 | R: 0.0000 | BS: 156500 | FPS: 71.1322 | T: 1:26:57
| train          | F: 314000 | S: 157000 | E: 314 | L: 1000 | R: 0.0000 | BS: 157000 | FPS: 72.6113 | T: 1:27:11
| train          | F: 315000 | S: 157500 | E: 315 | L: 1000 | R: 0.0000 | BS: 157500 | FPS: 70.2820 | T: 1:27:25
| train          | F: 316000 | S: 158000 | E: 316 | L: 1000 | R: 70.0000 | BS: 158000 | FPS: 66.2802 | T: 1:27:40
| train          | F: 317000 | S: 158500 | E: 317 | L: 1000 | R: 0.0000 | BS: 158500 | FPS: 71.0001 | T: 1:27:54
| train          | F: 318000 | S: 159000 | E: 318 | L: 1000 | R: 0.0000 | BS: 159000 | FPS: 72.6701 | T: 1:28:08
| train          | F: 319000 | S: 159500 | E: 319 | L: 1000 | R: 0.0000 | BS: 159500 | FPS: 70.2175 | T: 1:28:22
| train          | F: 320000 | S: 160000 | E: 320 | L: 1000 | R: 0.0000 | BS: 160000 | FPS: 67.7350 | T: 1:28:37
| eval           | F: 320000 | S: 160000 | E: 320 | L: 1000 | R: 35.8000 | T: 1:28:37
| train          | F: 321000 | S: 160500 | E: 321 | L: 1000 | R: 0.0000 | BS: 160500 | FPS: 19.7196 | T: 1:29:28
| train          | F: 322000 | S: 161000 | E: 322 | L: 1000 | R: 63.0000 | BS: 161000 | FPS: 72.3970 | T: 1:29:42
| train          | F: 323000 | S: 161500 | E: 323 | L: 1000 | R: 0.0000 | BS: 161500 | FPS: 73.5172 | T: 1:29:55
| train          | F: 324000 | S: 162000 | E: 324 | L: 1000 | R: 0.0000 | BS: 162000 | FPS: 73.2079 | T: 1:30:09
| train          | F: 325000 | S: 162500 | E: 325 | L: 1000 | R: 61.0000 | BS: 162500 | FPS: 73.1211 | T: 1:30:23
| train          | F: 326000 | S: 163000 | E: 326 | L: 1000 | R: 81.0000 | BS: 163000 | FPS: 68.2424 | T: 1:30:37
| train          | F: 327000 | S: 163500 | E: 327 | L: 1000 | R: 0.0000 | BS: 163500 | FPS: 67.6232 | T: 1:30:52
| train          | F: 328000 | S: 164000 | E: 328 | L: 1000 | R: 61.0000 | BS: 164000 | FPS: 68.3886 | T: 1:31:07
| train          | F: 329000 | S: 164500 | E: 329 | L: 1000 | R: 58.0000 | BS: 164500 | FPS: 71.8629 | T: 1:31:21
| train          | F: 330000 | S: 165000 | E: 330 | L: 1000 | R: 0.0000 | BS: 165000 | FPS: 68.8642 | T: 1:31:35
| eval           | F: 330000 | S: 165000 | E: 330 | L: 1000 | R: 11.4000 | T: 1:31:35
| train          | F: 331000 | S: 165500 | E: 331 | L: 1000 | R: 0.0000 | BS: 165500 | FPS: 28.2784 | T: 1:32:11
| train          | F: 332000 | S: 166000 | E: 332 | L: 1000 | R: 0.0000 | BS: 166000 | FPS: 67.5272 | T: 1:32:25
| train          | F: 333000 | S: 166500 | E: 333 | L: 1000 | R: 0.0000 | BS: 166500 | FPS: 70.6181 | T: 1:32:40
| train          | F: 334000 | S: 167000 | E: 334 | L: 1000 | R: 58.0000 | BS: 167000 | FPS: 71.5585 | T: 1:32:54
| train          | F: 335000 | S: 167500 | E: 335 | L: 1000 | R: 0.0000 | BS: 167500 | FPS: 72.3975 | T: 1:33:07
| train          | F: 336000 | S: 168000 | E: 336 | L: 1000 | R: 0.0000 | BS: 168000 | FPS: 72.1628 | T: 1:33:21
| train          | F: 337000 | S: 168500 | E: 337 | L: 1000 | R: 0.0000 | BS: 168500 | FPS: 70.2187 | T: 1:33:35
| train          | F: 338000 | S: 169000 | E: 338 | L: 1000 | R: 0.0000 | BS: 169000 | FPS: 68.5797 | T: 1:33:50
| train          | F: 339000 | S: 169500 | E: 339 | L: 1000 | R: 0.0000 | BS: 169500 | FPS: 69.0716 | T: 1:34:04
| train          | F: 340000 | S: 170000 | E: 340 | L: 1000 | R: 56.0000 | BS: 170000 | FPS: 68.4009 | T: 1:34:19
| eval           | F: 340000 | S: 170000 | E: 340 | L: 1000 | R: 11.9000 | T: 1:34:19
| train          | F: 341000 | S: 170500 | E: 341 | L: 1000 | R: 0.0000 | BS: 170500 | FPS: 27.2584 | T: 1:34:56
| train          | F: 342000 | S: 171000 | E: 342 | L: 1000 | R: 0.0000 | BS: 171000 | FPS: 69.1868 | T: 1:35:10
| train          | F: 343000 | S: 171500 | E: 343 | L: 1000 | R: 0.0000 | BS: 171500 | FPS: 71.2056 | T: 1:35:24
| train          | F: 344000 | S: 172000 | E: 344 | L: 1000 | R: 0.0000 | BS: 172000 | FPS: 73.2504 | T: 1:35:38
| train          | F: 345000 | S: 172500 | E: 345 | L: 1000 | R: 0.0000 | BS: 172500 | FPS: 69.6480 | T: 1:35:52
| train          | F: 346000 | S: 173000 | E: 346 | L: 1000 | R: 0.0000 | BS: 173000 | FPS: 68.9156 | T: 1:36:07
| train          | F: 347000 | S: 173500 | E: 347 | L: 1000 | R: 0.0000 | BS: 173500 | FPS: 71.3242 | T: 1:36:21
| train          | F: 348000 | S: 174000 | E: 348 | L: 1000 | R: 60.0000 | BS: 174000 | FPS: 74.2610 | T: 1:36:34
| train          | F: 349000 | S: 174500 | E: 349 | L: 1000 | R: 0.0000 | BS: 174500 | FPS: 70.0512 | T: 1:36:49
| train          | F: 350000 | S: 175000 | E: 350 | L: 1000 | R: 0.0000 | BS: 175000 | FPS: 71.1687 | T: 1:37:03
| eval           | F: 350000 | S: 175000 | E: 350 | L: 1000 | R: 5.6000 | T: 1:37:03
| train          | F: 351000 | S: 175500 | E: 351 | L: 1000 | R: 0.0000 | BS: 175500 | FPS: 25.9981 | T: 1:37:41
| train          | F: 352000 | S: 176000 | E: 352 | L: 1000 | R: 0.0000 | BS: 176000 | FPS: 72.3464 | T: 1:37:55
| train          | F: 353000 | S: 176500 | E: 353 | L: 1000 | R: 0.0000 | BS: 176500 | FPS: 70.5780 | T: 1:38:09
| train          | F: 354000 | S: 177000 | E: 354 | L: 1000 | R: 0.0000 | BS: 177000 | FPS: 71.2126 | T: 1:38:23
| train          | F: 355000 | S: 177500 | E: 355 | L: 1000 | R: 59.0000 | BS: 177500 | FPS: 70.1745 | T: 1:38:37
| train          | F: 356000 | S: 178000 | E: 356 | L: 1000 | R: 0.0000 | BS: 178000 | FPS: 68.0960 | T: 1:38:52
| train          | F: 357000 | S: 178500 | E: 357 | L: 1000 | R: 0.0000 | BS: 178500 | FPS: 69.4955 | T: 1:39:06
| train          | F: 358000 | S: 179000 | E: 358 | L: 1000 | R: 0.0000 | BS: 179000 | FPS: 68.4323 | T: 1:39:21
| train          | F: 359000 | S: 179500 | E: 359 | L: 1000 | R: 0.0000 | BS: 179500 | FPS: 67.7280 | T: 1:39:36
| train          | F: 360000 | S: 180000 | E: 360 | L: 1000 | R: 0.0000 | BS: 180000 | FPS: 69.4192 | T: 1:39:50
| eval           | F: 360000 | S: 180000 | E: 360 | L: 1000 | R: 21.8000 | T: 1:39:50
| train          | F: 361000 | S: 180500 | E: 361 | L: 1000 | R: 0.0000 | BS: 180500 | FPS: 27.7381 | T: 1:40:26
| train          | F: 362000 | S: 181000 | E: 362 | L: 1000 | R: 0.0000 | BS: 181000 | FPS: 74.4885 | T: 1:40:40
| train          | F: 363000 | S: 181500 | E: 363 | L: 1000 | R: 0.0000 | BS: 181500 | FPS: 72.6141 | T: 1:40:53
| train          | F: 364000 | S: 182000 | E: 364 | L: 1000 | R: 58.0000 | BS: 182000 | FPS: 70.1059 | T: 1:41:08
| train          | F: 365000 | S: 182500 | E: 365 | L: 1000 | R: 0.0000 | BS: 182500 | FPS: 69.5453 | T: 1:41:22
| train          | F: 366000 | S: 183000 | E: 366 | L: 1000 | R: 65.0000 | BS: 183000 | FPS: 69.4915 | T: 1:41:37
| train          | F: 367000 | S: 183500 | E: 367 | L: 1000 | R: 0.0000 | BS: 183500 | FPS: 72.2372 | T: 1:41:50
| train          | F: 368000 | S: 184000 | E: 368 | L: 1000 | R: 59.0000 | BS: 184000 | FPS: 72.4349 | T: 1:42:04
| train          | F: 369000 | S: 184500 | E: 369 | L: 1000 | R: 58.0000 | BS: 184500 | FPS: 71.0286 | T: 1:42:18
| train          | F: 370000 | S: 185000 | E: 370 | L: 1000 | R: 0.0000 | BS: 185000 | FPS: 69.9834 | T: 1:42:33
| eval           | F: 370000 | S: 185000 | E: 370 | L: 1000 | R: 0.0000 | T: 1:42:33
| train          | F: 371000 | S: 185500 | E: 371 | L: 1000 | R: 0.0000 | BS: 185500 | FPS: 25.9407 | T: 1:43:11
| train          | F: 372000 | S: 186000 | E: 372 | L: 1000 | R: 0.0000 | BS: 186000 | FPS: 69.6373 | T: 1:43:25
| train          | F: 373000 | S: 186500 | E: 373 | L: 1000 | R: 0.0000 | BS: 186500 | FPS: 68.3562 | T: 1:43:40
| train          | F: 374000 | S: 187000 | E: 374 | L: 1000 | R: 0.0000 | BS: 187000 | FPS: 70.6453 | T: 1:43:54
| train          | F: 375000 | S: 187500 | E: 375 | L: 1000 | R: 0.0000 | BS: 187500 | FPS: 71.9315 | T: 1:44:08
| train          | F: 376000 | S: 188000 | E: 376 | L: 1000 | R: 0.0000 | BS: 188000 | FPS: 63.3497 | T: 1:44:24
| train          | F: 377000 | S: 188500 | E: 377 | L: 1000 | R: 0.0000 | BS: 188500 | FPS: 58.1108 | T: 1:44:41
| train          | F: 378000 | S: 189000 | E: 378 | L: 1000 | R: 0.0000 | BS: 189000 | FPS: 55.7649 | T: 1:44:59
| train          | F: 379000 | S: 189500 | E: 379 | L: 1000 | R: 0.0000 | BS: 189500 | FPS: 62.8756 | T: 1:45:15
| train          | F: 380000 | S: 190000 | E: 380 | L: 1000 | R: 0.0000 | BS: 190000 | FPS: 71.9242 | T: 1:45:29
| eval           | F: 380000 | S: 190000 | E: 380 | L: 1000 | R: 11.8000 | T: 1:45:29
| train          | F: 381000 | S: 190500 | E: 381 | L: 1000 | R: 0.0000 | BS: 190500 | FPS: 23.8521 | T: 1:46:11
| train          | F: 382000 | S: 191000 | E: 382 | L: 1000 | R: 59.0000 | BS: 191000 | FPS: 56.1747 | T: 1:46:29
| train          | F: 383000 | S: 191500 | E: 383 | L: 1000 | R: 0.0000 | BS: 191500 | FPS: 56.7645 | T: 1:46:46
| train          | F: 384000 | S: 192000 | E: 384 | L: 1000 | R: 0.0000 | BS: 192000 | FPS: 67.8611 | T: 1:47:01
| train          | F: 385000 | S: 192500 | E: 385 | L: 1000 | R: 0.0000 | BS: 192500 | FPS: 69.9537 | T: 1:47:15
| train          | F: 386000 | S: 193000 | E: 386 | L: 1000 | R: 0.0000 | BS: 193000 | FPS: 70.6276 | T: 1:47:29
| train          | F: 387000 | S: 193500 | E: 387 | L: 1000 | R: 0.0000 | BS: 193500 | FPS: 73.6249 | T: 1:47:43
| train          | F: 388000 | S: 194000 | E: 388 | L: 1000 | R: 0.0000 | BS: 194000 | FPS: 72.2126 | T: 1:47:57
| train          | F: 389000 | S: 194500 | E: 389 | L: 1000 | R: 0.0000 | BS: 194500 | FPS: 72.2878 | T: 1:48:11
| train          | F: 390000 | S: 195000 | E: 390 | L: 1000 | R: 63.0000 | BS: 195000 | FPS: 69.1536 | T: 1:48:25
| eval           | F: 390000 | S: 195000 | E: 390 | L: 1000 | R: 17.1000 | T: 1:48:25
| train          | F: 391000 | S: 195500 | E: 391 | L: 1000 | R: 0.0000 | BS: 195500 | FPS: 25.6416 | T: 1:49:04
| train          | F: 392000 | S: 196000 | E: 392 | L: 1000 | R: 0.0000 | BS: 196000 | FPS: 71.1242 | T: 1:49:18
| train          | F: 393000 | S: 196500 | E: 393 | L: 1000 | R: 0.0000 | BS: 196500 | FPS: 72.4471 | T: 1:49:32
| train          | F: 394000 | S: 197000 | E: 394 | L: 1000 | R: 0.0000 | BS: 197000 | FPS: 75.8089 | T: 1:49:45
| train          | F: 395000 | S: 197500 | E: 395 | L: 1000 | R: 61.0000 | BS: 197500 | FPS: 70.3630 | T: 1:49:59
| train          | F: 396000 | S: 198000 | E: 396 | L: 1000 | R: 0.0000 | BS: 198000 | FPS: 65.4335 | T: 1:50:15
| train          | F: 397000 | S: 198500 | E: 397 | L: 1000 | R: 0.0000 | BS: 198500 | FPS: 60.4519 | T: 1:50:31
| train          | F: 398000 | S: 199000 | E: 398 | L: 1000 | R: 0.0000 | BS: 199000 | FPS: 70.2126 | T: 1:50:45
| train          | F: 399000 | S: 199500 | E: 399 | L: 1000 | R: 82.0000 | BS: 199500 | FPS: 70.1508 | T: 1:51:00
| train          | F: 400000 | S: 200000 | E: 400 | L: 1000 | R: 0.0000 | BS: 200000 | FPS: 71.5988 | T: 1:51:14
| eval           | F: 400000 | S: 200000 | E: 400 | L: 1000 | R: 0.0000 | T: 1:51:14
| train          | F: 401000 | S: 200500 | E: 401 | L: 1000 | R: 0.0000 | BS: 200500 | FPS: 27.2417 | T: 1:51:50
| train          | F: 402000 | S: 201000 | E: 402 | L: 1000 | R: 0.0000 | BS: 201000 | FPS: 72.0809 | T: 1:52:04
| train          | F: 403000 | S: 201500 | E: 403 | L: 1000 | R: 0.0000 | BS: 201500 | FPS: 69.5666 | T: 1:52:19
| train          | F: 404000 | S: 202000 | E: 404 | L: 1000 | R: 0.0000 | BS: 202000 | FPS: 69.9004 | T: 1:52:33
| train          | F: 405000 | S: 202500 | E: 405 | L: 1000 | R: 91.0000 | BS: 202500 | FPS: 69.1862 | T: 1:52:47
| train          | F: 406000 | S: 203000 | E: 406 | L: 1000 | R: 0.0000 | BS: 203000 | FPS: 69.0256 | T: 1:53:02
| train          | F: 407000 | S: 203500 | E: 407 | L: 1000 | R: 0.0000 | BS: 203500 | FPS: 66.8350 | T: 1:53:17
| train          | F: 408000 | S: 204000 | E: 408 | L: 1000 | R: 0.0000 | BS: 204000 | FPS: 66.6368 | T: 1:53:32
| train          | F: 409000 | S: 204500 | E: 409 | L: 1000 | R: 0.0000 | BS: 204500 | FPS: 68.7877 | T: 1:53:46
| train          | F: 410000 | S: 205000 | E: 410 | L: 1000 | R: 471.0000 | BS: 205000 | FPS: 68.4201 | T: 1:54:01
| eval           | F: 410000 | S: 205000 | E: 410 | L: 1000 | R: 7.2000 | T: 1:54:01
| train          | F: 411000 | S: 205500 | E: 411 | L: 1000 | R: 0.0000 | BS: 205500 | FPS: 25.4413 | T: 1:54:40
| train          | F: 412000 | S: 206000 | E: 412 | L: 1000 | R: 0.0000 | BS: 206000 | FPS: 71.2013 | T: 1:54:54
| train          | F: 413000 | S: 206500 | E: 413 | L: 1000 | R: 0.0000 | BS: 206500 | FPS: 71.2909 | T: 1:55:08
| train          | F: 414000 | S: 207000 | E: 414 | L: 1000 | R: 0.0000 | BS: 207000 | FPS: 71.9685 | T: 1:55:22
| train          | F: 415000 | S: 207500 | E: 415 | L: 1000 | R: 0.0000 | BS: 207500 | FPS: 68.7116 | T: 1:55:37
| train          | F: 416000 | S: 208000 | E: 416 | L: 1000 | R: 0.0000 | BS: 208000 | FPS: 68.6383 | T: 1:55:51
| train          | F: 417000 | S: 208500 | E: 417 | L: 1000 | R: 0.0000 | BS: 208500 | FPS: 68.6205 | T: 1:56:06
| train          | F: 418000 | S: 209000 | E: 418 | L: 1000 | R: 104.0000 | BS: 209000 | FPS: 69.8807 | T: 1:56:20
| train          | F: 419000 | S: 209500 | E: 419 | L: 1000 | R: 0.0000 | BS: 209500 | FPS: 69.9886 | T: 1:56:35
| train          | F: 420000 | S: 210000 | E: 420 | L: 1000 | R: 0.0000 | BS: 210000 | FPS: 70.0001 | T: 1:56:49
| eval           | F: 420000 | S: 210000 | E: 420 | L: 1000 | R: 16.6000 | T: 1:56:49
| train          | F: 421000 | S: 210500 | E: 421 | L: 1000 | R: 0.0000 | BS: 210500 | FPS: 26.1200 | T: 1:57:27
| train          | F: 422000 | S: 211000 | E: 422 | L: 1000 | R: 0.0000 | BS: 211000 | FPS: 69.6170 | T: 1:57:41
| train          | F: 423000 | S: 211500 | E: 423 | L: 1000 | R: 0.0000 | BS: 211500 | FPS: 72.3981 | T: 1:57:55
| train          | F: 424000 | S: 212000 | E: 424 | L: 1000 | R: 0.0000 | BS: 212000 | FPS: 71.7122 | T: 1:58:09
| train          | F: 425000 | S: 212500 | E: 425 | L: 1000 | R: 104.0000 | BS: 212500 | FPS: 68.9137 | T: 1:58:24
| train          | F: 426000 | S: 213000 | E: 426 | L: 1000 | R: 0.0000 | BS: 213000 | FPS: 67.1613 | T: 1:58:39
| train          | F: 427000 | S: 213500 | E: 427 | L: 1000 | R: 0.0000 | BS: 213500 | FPS: 68.8419 | T: 1:58:53
| train          | F: 428000 | S: 214000 | E: 428 | L: 1000 | R: 0.0000 | BS: 214000 | FPS: 71.7223 | T: 1:59:07
| train          | F: 429000 | S: 214500 | E: 429 | L: 1000 | R: 0.0000 | BS: 214500 | FPS: 67.6402 | T: 1:59:22
| train          | F: 430000 | S: 215000 | E: 430 | L: 1000 | R: 40.0000 | BS: 215000 | FPS: 71.2493 | T: 1:59:36
| eval           | F: 430000 | S: 215000 | E: 430 | L: 1000 | R: 70.0000 | T: 1:59:36
| train          | F: 431000 | S: 215500 | E: 431 | L: 1000 | R: 137.0000 | BS: 215500 | FPS: 26.4157 | T: 2:00:14
| train          | F: 432000 | S: 216000 | E: 432 | L: 1000 | R: 141.0000 | BS: 216000 | FPS: 70.1128 | T: 2:00:28
| train          | F: 433000 | S: 216500 | E: 433 | L: 1000 | R: 127.0000 | BS: 216500 | FPS: 70.6777 | T: 2:00:42
| train          | F: 434000 | S: 217000 | E: 434 | L: 1000 | R: 101.0000 | BS: 217000 | FPS: 69.7886 | T: 2:00:57
| train          | F: 435000 | S: 217500 | E: 435 | L: 1000 | R: 0.0000 | BS: 217500 | FPS: 70.6454 | T: 2:01:11
| train          | F: 436000 | S: 218000 | E: 436 | L: 1000 | R: 0.0000 | BS: 218000 | FPS: 71.0336 | T: 2:01:25
| train          | F: 437000 | S: 218500 | E: 437 | L: 1000 | R: 0.0000 | BS: 218500 | FPS: 71.0858 | T: 2:01:39
| train          | F: 438000 | S: 219000 | E: 438 | L: 1000 | R: 0.0000 | BS: 219000 | FPS: 69.9590 | T: 2:01:53
| train          | F: 439000 | S: 219500 | E: 439 | L: 1000 | R: 0.0000 | BS: 219500 | FPS: 70.2037 | T: 2:02:07
| train          | F: 440000 | S: 220000 | E: 440 | L: 1000 | R: 0.0000 | BS: 220000 | FPS: 69.0635 | T: 2:02:22
| eval           | F: 440000 | S: 220000 | E: 440 | L: 1000 | R: 84.3000 | T: 2:02:22
| train          | F: 441000 | S: 220500 | E: 441 | L: 1000 | R: 47.0000 | BS: 220500 | FPS: 25.6733 | T: 2:03:01
| train          | F: 442000 | S: 221000 | E: 442 | L: 1000 | R: 51.0000 | BS: 221000 | FPS: 72.4368 | T: 2:03:15
| train          | F: 443000 | S: 221500 | E: 443 | L: 1000 | R: 117.0000 | BS: 221500 | FPS: 70.6664 | T: 2:03:29
| train          | F: 444000 | S: 222000 | E: 444 | L: 1000 | R: 37.0000 | BS: 222000 | FPS: 71.0135 | T: 2:03:43
| train          | F: 445000 | S: 222500 | E: 445 | L: 1000 | R: 78.0000 | BS: 222500 | FPS: 68.8319 | T: 2:03:57
| train          | F: 446000 | S: 223000 | E: 446 | L: 1000 | R: 79.0000 | BS: 223000 | FPS: 68.1955 | T: 2:04:12
| train          | F: 447000 | S: 223500 | E: 447 | L: 1000 | R: 99.0000 | BS: 223500 | FPS: 71.1636 | T: 2:04:26
| train          | F: 448000 | S: 224000 | E: 448 | L: 1000 | R: 67.0000 | BS: 224000 | FPS: 68.5672 | T: 2:04:41
| train          | F: 449000 | S: 224500 | E: 449 | L: 1000 | R: 74.0000 | BS: 224500 | FPS: 67.6905 | T: 2:04:55
| train          | F: 450000 | S: 225000 | E: 450 | L: 1000 | R: 60.0000 | BS: 225000 | FPS: 68.0127 | T: 2:05:10
| eval           | F: 450000 | S: 225000 | E: 450 | L: 1000 | R: 73.5000 | T: 2:05:10
| train          | F: 451000 | S: 225500 | E: 451 | L: 1000 | R: 96.0000 | BS: 225500 | FPS: 25.6815 | T: 2:05:49
| train          | F: 452000 | S: 226000 | E: 452 | L: 1000 | R: 82.0000 | BS: 226000 | FPS: 69.3615 | T: 2:06:04
| train          | F: 453000 | S: 226500 | E: 453 | L: 1000 | R: 54.0000 | BS: 226500 | FPS: 71.8090 | T: 2:06:17
| train          | F: 454000 | S: 227000 | E: 454 | L: 1000 | R: 156.0000 | BS: 227000 | FPS: 73.1647 | T: 2:06:31
| train          | F: 455000 | S: 227500 | E: 455 | L: 1000 | R: 717.0000 | BS: 227500 | FPS: 67.5797 | T: 2:06:46
| train          | F: 456000 | S: 228000 | E: 456 | L: 1000 | R: 59.0000 | BS: 228000 | FPS: 68.4306 | T: 2:07:01
| train          | F: 457000 | S: 228500 | E: 457 | L: 1000 | R: 52.0000 | BS: 228500 | FPS: 69.3908 | T: 2:07:15
| train          | F: 458000 | S: 229000 | E: 458 | L: 1000 | R: 74.0000 | BS: 229000 | FPS: 70.9127 | T: 2:07:29
| train          | F: 459000 | S: 229500 | E: 459 | L: 1000 | R: 85.0000 | BS: 229500 | FPS: 70.3962 | T: 2:07:43
| train          | F: 460000 | S: 230000 | E: 460 | L: 1000 | R: 87.0000 | BS: 230000 | FPS: 56.3309 | T: 2:08:01
| eval           | F: 460000 | S: 230000 | E: 460 | L: 1000 | R: 65.0000 | T: 2:08:01
| train          | F: 461000 | S: 230500 | E: 461 | L: 1000 | R: 137.0000 | BS: 230500 | FPS: 25.5606 | T: 2:08:40
| train          | F: 462000 | S: 231000 | E: 462 | L: 1000 | R: 52.0000 | BS: 231000 | FPS: 70.5066 | T: 2:08:54
| train          | F: 463000 | S: 231500 | E: 463 | L: 1000 | R: 56.0000 | BS: 231500 | FPS: 72.1397 | T: 2:09:08
| train          | F: 464000 | S: 232000 | E: 464 | L: 1000 | R: 842.0000 | BS: 232000 | FPS: 57.3870 | T: 2:09:26
| train          | F: 465000 | S: 232500 | E: 465 | L: 1000 | R: 55.0000 | BS: 232500 | FPS: 58.7395 | T: 2:09:43
| train          | F: 466000 | S: 233000 | E: 466 | L: 1000 | R: 838.0000 | BS: 233000 | FPS: 70.2534 | T: 2:09:57
| train          | F: 467000 | S: 233500 | E: 467 | L: 1000 | R: 616.0000 | BS: 233500 | FPS: 69.4340 | T: 2:10:11
| train          | F: 468000 | S: 234000 | E: 468 | L: 1000 | R: 779.0000 | BS: 234000 | FPS: 68.4326 | T: 2:10:26
| train          | F: 469000 | S: 234500 | E: 469 | L: 1000 | R: 207.0000 | BS: 234500 | FPS: 71.3826 | T: 2:10:40
| train          | F: 470000 | S: 235000 | E: 470 | L: 1000 | R: 838.0000 | BS: 235000 | FPS: 69.1841 | T: 2:10:54
| eval           | F: 470000 | S: 235000 | E: 470 | L: 1000 | R: 786.2000 | T: 2:10:54
| train          | F: 471000 | S: 235500 | E: 471 | L: 1000 | R: 639.0000 | BS: 235500 | FPS: 25.1867 | T: 2:11:34
| train          | F: 472000 | S: 236000 | E: 472 | L: 1000 | R: 879.0000 | BS: 236000 | FPS: 68.2814 | T: 2:11:49
| train          | F: 473000 | S: 236500 | E: 473 | L: 1000 | R: 934.0000 | BS: 236500 | FPS: 73.4317 | T: 2:12:02
| train          | F: 474000 | S: 237000 | E: 474 | L: 1000 | R: 868.0000 | BS: 237000 | FPS: 72.1698 | T: 2:12:16
| train          | F: 475000 | S: 237500 | E: 475 | L: 1000 | R: 498.0000 | BS: 237500 | FPS: 71.0556 | T: 2:12:30
| train          | F: 476000 | S: 238000 | E: 476 | L: 1000 | R: 612.0000 | BS: 238000 | FPS: 71.6179 | T: 2:12:44
| train          | F: 477000 | S: 238500 | E: 477 | L: 1000 | R: 831.0000 | BS: 238500 | FPS: 67.9288 | T: 2:12:59
| train          | F: 478000 | S: 239000 | E: 478 | L: 1000 | R: 693.0000 | BS: 239000 | FPS: 72.1603 | T: 2:13:13
| train          | F: 479000 | S: 239500 | E: 479 | L: 1000 | R: 618.0000 | BS: 239500 | FPS: 69.1937 | T: 2:13:27
| train          | F: 480000 | S: 240000 | E: 480 | L: 1000 | R: 1000.0000 | BS: 240000 | FPS: 66.1433 | T: 2:13:42
| eval           | F: 480000 | S: 240000 | E: 480 | L: 1000 | R: 833.8000 | T: 2:13:42
| train          | F: 481000 | S: 240500 | E: 481 | L: 1000 | R: 883.0000 | BS: 240500 | FPS: 25.6183 | T: 2:14:21
| train          | F: 482000 | S: 241000 | E: 482 | L: 1000 | R: 722.0000 | BS: 241000 | FPS: 72.2156 | T: 2:14:35
| train          | F: 483000 | S: 241500 | E: 483 | L: 1000 | R: 936.0000 | BS: 241500 | FPS: 69.3501 | T: 2:14:50
| train          | F: 484000 | S: 242000 | E: 484 | L: 1000 | R: 869.0000 | BS: 242000 | FPS: 74.2101 | T: 2:15:03
| train          | F: 485000 | S: 242500 | E: 485 | L: 1000 | R: 919.0000 | BS: 242500 | FPS: 73.0390 | T: 2:15:17
| train          | F: 486000 | S: 243000 | E: 486 | L: 1000 | R: 937.0000 | BS: 243000 | FPS: 67.3480 | T: 2:15:32
| train          | F: 487000 | S: 243500 | E: 487 | L: 1000 | R: 816.0000 | BS: 243500 | FPS: 69.8996 | T: 2:15:46
| train          | F: 488000 | S: 244000 | E: 488 | L: 1000 | R: 620.0000 | BS: 244000 | FPS: 67.7677 | T: 2:16:01
| train          | F: 489000 | S: 244500 | E: 489 | L: 1000 | R: 770.0000 | BS: 244500 | FPS: 67.6662 | T: 2:16:15
| train          | F: 490000 | S: 245000 | E: 490 | L: 1000 | R: 877.0000 | BS: 245000 | FPS: 69.2004 | T: 2:16:30
| eval           | F: 490000 | S: 245000 | E: 490 | L: 1000 | R: 815.4000 | T: 2:16:30
| train          | F: 491000 | S: 245500 | E: 491 | L: 1000 | R: 1000.0000 | BS: 245500 | FPS: 24.8176 | T: 2:17:10
| train          | F: 492000 | S: 246000 | E: 492 | L: 1000 | R: 646.0000 | BS: 246000 | FPS: 73.5678 | T: 2:17:24
| train          | F: 493000 | S: 246500 | E: 493 | L: 1000 | R: 930.0000 | BS: 246500 | FPS: 71.6352 | T: 2:17:38
| train          | F: 494000 | S: 247000 | E: 494 | L: 1000 | R: 746.0000 | BS: 247000 | FPS: 71.7104 | T: 2:17:52
| train          | F: 495000 | S: 247500 | E: 495 | L: 1000 | R: 934.0000 | BS: 247500 | FPS: 72.5231 | T: 2:18:06
| train          | F: 496000 | S: 248000 | E: 496 | L: 1000 | R: 543.0000 | BS: 248000 | FPS: 70.4919 | T: 2:18:20
| train          | F: 497000 | S: 248500 | E: 497 | L: 1000 | R: 640.0000 | BS: 248500 | FPS: 69.1564 | T: 2:18:34
| train          | F: 498000 | S: 249000 | E: 498 | L: 1000 | R: 633.0000 | BS: 249000 | FPS: 70.2933 | T: 2:18:48
| train          | F: 499000 | S: 249500 | E: 499 | L: 1000 | R: 685.0000 | BS: 249500 | FPS: 69.6894 | T: 2:19:03
| train          | F: 500000 | S: 250000 | E: 500 | L: 1000 | R: 796.0000 | BS: 250000 | FPS: 65.7893 | T: 2:19:18
| eval           | F: 500000 | S: 250000 | E: 500 | L: 1000 | R: 810.8000 | T: 2:19:18
| train          | F: 501000 | S: 250500 | E: 501 | L: 1000 | R: 639.0000 | BS: 250500 | FPS: 26.0535 | T: 2:19:56
| train          | F: 502000 | S: 251000 | E: 502 | L: 1000 | R: 803.0000 | BS: 251000 | FPS: 73.5916 | T: 2:20:10
| train          | F: 503000 | S: 251500 | E: 503 | L: 1000 | R: 888.0000 | BS: 251500 | FPS: 71.8400 | T: 2:20:24
| train          | F: 504000 | S: 252000 | E: 504 | L: 1000 | R: 759.0000 | BS: 252000 | FPS: 70.1163 | T: 2:20:38
| train          | F: 505000 | S: 252500 | E: 505 | L: 1000 | R: 939.0000 | BS: 252500 | FPS: 70.2945 | T: 2:20:52
| train          | F: 506000 | S: 253000 | E: 506 | L: 1000 | R: 874.0000 | BS: 253000 | FPS: 71.6762 | T: 2:21:06
| train          | F: 507000 | S: 253500 | E: 507 | L: 1000 | R: 759.0000 | BS: 253500 | FPS: 69.1742 | T: 2:21:21
| train          | F: 508000 | S: 254000 | E: 508 | L: 1000 | R: 655.0000 | BS: 254000 | FPS: 71.3025 | T: 2:21:35
| train          | F: 509000 | S: 254500 | E: 509 | L: 1000 | R: 818.0000 | BS: 254500 | FPS: 70.7640 | T: 2:21:49
