Gym has been unmaintained since 2022 and does not support NumPy 2.0 amongst other critical functionality.
Please upgrade to Gymnasium, the maintained drop-in replacement of Gym, or contact the authors of your software and request that they upgrade.
Users of this version of Gym should be able to simply replace 'import gym' with 'import gymnasium as gym' in the vast majority of cases.
See the migration guide at https://gymnasium.farama.org/introduction/migration_guide/ for additional information.
/workspace/learn-si2e/base-vcse/VCSE_A2C/rl-starter-files/rl-starter-files/scripts/train.py --algo a2c --env MiniGrid-KeyCorridorS3R2-v0 --model kc-vcse-s3 --frames 3000000 --use_batch --save-interval 100 --log-interval 500 --seed 3 --use_entropy_reward --use_value_condition --beta 0.005

Namespace(algo='a2c', env='MiniGrid-KeyCorridorS3R2-v0', model='kc-vcse-s3', seed=3, log_interval=500, save_interval=100, procs=16, frames=3000000, epochs=4, batch_size=256, frames_per_proc=None, discount=0.99, lr=0.001, gae_lambda=0.95, entropy_coef=0.01, value_loss_coef=0.5, max_grad_norm=0.5, optim_eps=1e-08, optim_alpha=0.99, clip_eps=0.2, recurrence=1, text=False, use_entropy_reward=True, use_value_condition=True, beta=0.005, use_batch=True, mem=False)

Device: cuda

Environments loaded

Training status loaded

Observations preprocessor loaded
Model loaded

ACModel(
  (image_conv): Sequential(
    (0): Conv2d(3, 16, kernel_size=(2, 2), stride=(1, 1))
    (1): ReLU()
    (2): MaxPool2d(kernel_size=(2, 2), stride=(2, 2), padding=0, dilation=1, ceil_mode=False)
    (3): Conv2d(16, 32, kernel_size=(2, 2), stride=(1, 1))
    (4): ReLU()
    (5): Conv2d(32, 64, kernel_size=(2, 2), stride=(1, 1))
    (6): ReLU()
  )
  (actor): Sequential(
    (0): Linear(in_features=64, out_features=64, bias=True)
    (1): Tanh()
    (2): Linear(in_features=64, out_features=7, bias=True)
  )
  (critic): Sequential(
    (0): Linear(in_features=64, out_features=64, bias=True)
    (1): Tanh()
    (2): Linear(in_features=64, out_features=1, bias=True)
  )
  (extr_critic): Sequential(
    (0): Linear(in_features=64, out_features=64, bias=True)
    (1): Tanh()
    (2): Linear(in_features=64, out_features=1, bias=True)
  )
)

Optimizer loaded

Status saved
Status saved
Status saved
Status saved
U 500 | F 064000 | FPS 1587 | D 44 | rR:μσmM 0.00 0.00 0.00 0.00 | F:μσmM 270.0 0.0 270.0 270.0 | H 1.765 | V -0.434 | pL 0.014 | vL 0.001 | ∇ 0.020
Status saved
Status saved
Status saved
Status saved
Status saved
U 1000 | F 128000 | FPS 1458 | D 88 | rR:μσmM 0.00 0.00 0.00 0.00 | F:μσmM 270.0 0.0 270.0 270.0 | H 1.815 | V -0.366 | pL -0.023 | vL 0.001 | ∇ 0.019
Status saved
Status saved
Status saved
Status saved
Status saved
U 1500 | F 192000 | FPS 1531 | D 132 | rR:μσmM 0.00 0.00 0.00 0.00 | F:μσmM 270.0 0.0 270.0 270.0 | H 1.799 | V -0.349 | pL -0.020 | vL 0.001 | ∇ 0.016
Status saved
Status saved
Status saved
Status saved
Status saved
U 2000 | F 256000 | FPS 1530 | D 176 | rR:μσmM 0.00 0.00 0.00 0.00 | F:μσmM 270.0 0.0 270.0 270.0 | H 1.793 | V -0.372 | pL -0.011 | vL 0.001 | ∇ 0.009
Status saved
Status saved
Status saved
Status saved
Status saved
U 2500 | F 320000 | FPS 1530 | D 219 | rR:μσmM 0.00 0.00 0.00 0.00 | F:μσmM 270.0 0.0 270.0 270.0 | H 1.806 | V -0.336 | pL -0.016 | vL 0.001 | ∇ 0.012
Status saved
Status saved
Status saved
Status saved
Status saved
U 3000 | F 384000 | FPS 1401 | D 265 | rR:μσmM 0.00 0.00 0.00 0.00 | F:μσmM 270.0 0.0 270.0 270.0 | H 1.768 | V -0.408 | pL 0.003 | vL 0.005 | ∇ 0.015
Status saved
Status saved
Status saved
Status saved
Status saved
U 3500 | F 448000 | FPS 1565 | D 309 | rR:μσmM 0.00 0.00 0.00 0.00 | F:μσmM 270.0 0.0 270.0 270.0 | H 1.762 | V -0.398 | pL -0.016 | vL 0.001 | ∇ 0.013
Status saved
Status saved
Status saved
Status saved
Status saved
U 4000 | F 512000 | FPS 1385 | D 353 | rR:μσmM 0.02 0.09 0.00 0.38 | F:μσmM 264.8 20.1 187.0 270.0 | H 1.758 | V -0.380 | pL -0.023 | vL 0.001 | ∇ 0.017
Status saved
Status saved
Status saved
Status saved
Status saved
U 4500 | F 576000 | FPS 1577 | D 397 | rR:μσmM 0.00 0.00 0.00 0.00 | F:μσmM 270.0 0.0 270.0 270.0 | H 1.802 | V -0.329 | pL -0.028 | vL 0.001 | ∇ 0.019
Status saved
Status saved
Status saved
Status saved
Status saved
U 5000 | F 640000 | FPS 1584 | D 441 | rR:μσmM 0.00 0.00 0.00 0.00 | F:μσmM 270.0 0.0 270.0 270.0 | H 1.803 | V -0.346 | pL -0.015 | vL 0.001 | ∇ 0.012
Status saved
Status saved
Status saved
Status saved
Status saved
U 5500 | F 704000 | FPS 1499 | D 485 | rR:μσmM 0.00 0.00 0.00 0.00 | F:μσmM 270.0 0.0 270.0 270.0 | H 1.767 | V -0.341 | pL -0.008 | vL 0.001 | ∇ 0.010
Status saved
Status saved
Status saved
Status saved
Status saved
U 6000 | F 768000 | FPS 1545 | D 528 | rR:μσmM 0.00 0.00 0.00 0.00 | F:μσmM 270.0 0.0 270.0 270.0 | H 1.745 | V -0.369 | pL 0.024 | vL 0.006 | ∇ 0.036
Status saved
Status saved
Status saved
Status saved
Status saved
U 6500 | F 832000 | FPS 1400 | D 573 | rR:μσmM 0.02 0.08 0.00 0.32 | F:μσmM 265.9 16.0 204.0 270.0 | H 1.786 | V -0.373 | pL 0.013 | vL 0.006 | ∇ 0.028
Status saved
Status saved
Status saved
Status saved
Status saved
U 7000 | F 896000 | FPS 1061 | D 617 | rR:μσmM 0.04 0.16 0.00 0.67 | F:μσmM 259.4 41.2 100.0 270.0 | H 1.741 | V -0.318 | pL -0.008 | vL 0.001 | ∇ 0.014
Status saved
Status saved
Status saved
Status saved
Status saved
U 7500 | F 960000 | FPS 1528 | D 661 | rR:μσmM 0.00 0.00 0.00 0.00 | F:μσmM 270.0 0.0 270.0 270.0 | H 1.795 | V -0.366 | pL -0.016 | vL 0.001 | ∇ 0.014
Status saved
Status saved
Status saved
Status saved
Status saved
U 8000 | F 1024000 | FPS 1419 | D 705 | rR:μσmM 0.00 0.00 0.00 0.00 | F:μσmM 270.0 0.0 270.0 270.0 | H 1.776 | V -0.300 | pL -0.018 | vL 0.001 | ∇ 0.022
Status saved
Status saved
Status saved
Status saved
Status saved
U 8500 | F 1088000 | FPS 1424 | D 750 | rR:μσmM 0.00 0.00 0.00 0.00 | F:μσmM 270.0 0.0 270.0 270.0 | H 1.772 | V -0.307 | pL -0.009 | vL 0.002 | ∇ 0.015
Status saved
Status saved
Status saved
Status saved
Status saved
U 9000 | F 1152000 | FPS 1471 | D 793 | rR:μσmM 0.00 0.00 0.00 0.00 | F:μσmM 270.0 0.0 270.0 270.0 | H 1.788 | V -0.444 | pL -0.008 | vL 0.001 | ∇ 0.010
Status saved
Status saved
Status saved
Status saved
Status saved
U 9500 | F 1216000 | FPS 1455 | D 838 | rR:μσmM 0.00 0.00 0.00 0.00 | F:μσmM 270.0 0.0 270.0 270.0 | H 1.775 | V -0.336 | pL -0.008 | vL 0.002 | ∇ 0.018
Status saved
Status saved
Status saved
Status saved
Status saved
U 10000 | F 1280000 | FPS 1489 | D 882 | rR:μσmM 0.00 0.00 0.00 0.00 | F:μσmM 270.0 0.0 270.0 270.0 | H 1.769 | V -0.321 | pL -0.021 | vL 0.001 | ∇ 0.016
Status saved
Status saved
Status saved
Status saved
Status saved
U 10500 | F 1344000 | FPS 1465 | D 926 | rR:μσmM 0.02 0.06 0.00 0.27 | F:μσmM 266.9 12.1 220.0 270.0 | H 1.767 | V -0.307 | pL -0.033 | vL 0.001 | ∇ 0.024
Status saved
Status saved
Status saved
Status saved
Status saved
U 11000 | F 1408000 | FPS 1486 | D 970 | rR:μσmM 0.03 0.13 0.00 0.55 | F:μσmM 261.5 32.9 134.0 270.0 | H 1.747 | V -0.320 | pL 0.008 | vL 0.000 | ∇ 0.009
Status saved
Status saved
Status saved
Status saved
Status saved
U 11500 | F 1472000 | FPS 1461 | D 1014 | rR:μσmM 0.00 0.00 0.00 0.00 | F:μσmM 270.0 0.0 270.0 270.0 | H 1.801 | V -0.308 | pL -0.023 | vL 0.001 | ∇ 0.016
Status saved
Status saved
Status saved
Status saved
Status saved
U 12000 | F 1536000 | FPS 1444 | D 1058 | rR:μσmM 0.02 0.07 0.00 0.30 | F:μσmM 266.2 14.8 209.0 270.0 | H 1.738 | V -0.327 | pL 0.020 | vL 0.005 | ∇ 0.046
Status saved
Status saved
Status saved
Status saved
Status saved
U 12500 | F 1600000 | FPS 1520 | D 1102 | rR:μσmM 0.00 0.00 0.00 0.00 | F:μσmM 270.0 0.0 270.0 270.0 | H 1.765 | V -0.354 | pL 0.000 | vL 0.004 | ∇ 0.046
Status saved
Status saved
Status saved
Status saved
Status saved
U 13000 | F 1664000 | FPS 1518 | D 1147 | rR:μσmM 0.02 0.07 0.00 0.29 | F:μσmM 266.4 14.0 212.0 270.0 | H 1.730 | V -0.290 | pL -0.003 | vL 0.000 | ∇ 0.009
Status saved
Status saved
Status saved
Status saved
Status saved
U 13500 | F 1728000 | FPS 1499 | D 1191 | rR:μσmM 0.06 0.12 0.00 0.37 | F:μσmM 258.4 25.0 190.0 270.0 | H 1.753 | V -0.307 | pL 0.000 | vL 0.001 | ∇ 0.015
Status saved
Status saved
Status saved
Status saved
Status saved
U 14000 | F 1792000 | FPS 1379 | D 1235 | rR:μσmM 0.00 0.00 0.00 0.00 | F:μσmM 270.0 0.0 270.0 270.0 | H 1.776 | V -0.302 | pL 0.024 | vL 0.007 | ∇ 0.033
Status saved
Status saved
Status saved
Status saved
Status saved
U 14500 | F 1856000 | FPS 1550 | D 1279 | rR:μσmM 0.00 0.00 0.00 0.00 | F:μσmM 270.0 0.0 270.0 270.0 | H 1.769 | V -0.300 | pL -0.021 | vL 0.001 | ∇ 0.018
Status saved
Status saved
Status saved
Status saved
Status saved
U 15000 | F 1920000 | FPS 1501 | D 1323 | rR:μσmM 0.08 0.22 0.00 0.92 | F:μσmM 252.5 59.5 23.0 270.0 | H 1.735 | V -0.256 | pL -0.002 | vL 0.000 | ∇ 0.010
Status saved
Status saved
Status saved
Status saved
Status saved
U 15500 | F 1984000 | FPS 1583 | D 1366 | rR:μσmM 0.26 0.25 0.00 0.81 | F:μσmM 211.8 62.9 57.0 270.0 | H 1.755 | V -0.233 | pL -0.005 | vL 0.001 | ∇ 0.018
Status saved
Status saved
Status saved
Status saved
Status saved
U 16000 | F 2048000 | FPS 1542 | D 1410 | rR:μσmM 0.07 0.20 0.00 0.83 | F:μσmM 254.6 53.0 50.0 270.0 | H 1.704 | V -0.274 | pL 0.023 | vL 0.002 | ∇ 0.054
Status saved
Status saved
Status saved
Status saved
Status saved
U 16500 | F 2112000 | FPS 1562 | D 1454 | rR:μσmM 0.06 0.15 0.00 0.55 | F:μσmM 257.1 36.0 135.0 270.0 | H 1.749 | V -0.274 | pL -0.006 | vL 0.002 | ∇ 0.044
Status saved
Status saved
Status saved
Status saved
Status saved
U 17000 | F 2176000 | FPS 1588 | D 1497 | rR:μσmM 0.10 0.19 0.00 0.56 | F:μσmM 246.8 44.2 131.0 270.0 | H 1.757 | V -0.236 | pL -0.024 | vL 0.001 | ∇ 0.023
Status saved
Status saved
Status saved
Status saved
Status saved
U 17500 | F 2240000 | FPS 1571 | D 1541 | rR:μσmM 0.09 0.20 0.00 0.56 | F:μσmM 247.3 47.6 131.0 270.0 | H 1.714 | V -0.259 | pL 0.043 | vL 0.029 | ∇ 0.135
Status saved
Status saved
Status saved
Status saved
Status saved
U 18000 | F 2304000 | FPS 1355 | D 1586 | rR:μσmM 0.12 0.24 0.00 0.81 | F:μσmM 242.2 62.2 58.0 270.0 | H 1.773 | V -0.238 | pL 0.015 | vL 0.004 | ∇ 0.068
Status saved
Status saved
Status saved
Status saved
Status saved
U 18500 | F 2368000 | FPS 1601 | D 1630 | rR:μσmM 0.11 0.18 0.00 0.54 | F:μσmM 245.9 43.2 137.0 270.0 | H 1.685 | V -0.230 | pL 0.036 | vL 0.002 | ∇ 0.051
Status saved
Status saved
Status saved
Status saved
Status saved
U 19000 | F 2432000 | FPS 1566 | D 1674 | rR:μσmM 0.29 0.30 0.00 0.85 | F:μσmM 201.4 80.2 46.0 270.0 | H 1.602 | V -0.153 | pL -0.012 | vL 0.004 | ∇ 0.075
Status saved
Status saved
Status saved
Status saved
Status saved
U 19500 | F 2496000 | FPS 1442 | D 1718 | rR:μσmM 0.12 0.18 0.00 0.50 | F:μσmM 243.4 41.8 151.0 270.0 | H 1.684 | V -0.232 | pL 0.006 | vL 0.002 | ∇ 0.042
Status saved
Status saved
Status saved
Status saved
Status saved
U 20000 | F 2560000 | FPS 1588 | D 1762 | rR:μσmM 0.14 0.23 0.00 0.72 | F:μσmM 236.5 56.4 85.0 270.0 | H 1.657 | V -0.186 | pL -0.004 | vL 0.002 | ∇ 0.058
Status saved
Status saved
Status saved
Status saved
Status saved
U 20500 | F 2624000 | FPS 1453 | D 1806 | rR:μσmM 0.45 0.37 0.00 0.90 | F:μσmM 152.8 95.8 29.0 270.0 | H 1.574 | V -0.079 | pL -0.046 | vL 0.005 | ∇ 0.097
Status saved
Status saved
Status saved
Status saved
Status saved
U 21000 | F 2688000 | FPS 1456 | D 1851 | rR:μσmM 0.44 0.32 0.00 0.90 | F:μσmM 159.9 83.5 31.0 270.0 | H 1.420 | V -0.019 | pL -0.005 | vL 0.012 | ∇ 0.107
Status saved
Status saved
Status saved
Status saved
Status saved
U 21500 | F 2752000 | FPS 1521 | D 1895 | rR:μσmM 0.53 0.40 0.00 0.94 | F:μσmM 132.2 106.6 18.0 270.0 | H 1.609 | V -0.147 | pL -0.025 | vL 0.001 | ∇ 0.041
Status saved
Status saved
Status saved
Status saved
Status saved
U 22000 | F 2816000 | FPS 1383 | D 1939 | rR:μσmM 0.63 0.32 0.00 0.92 | F:μσmM 104.6 83.9 25.0 270.0 | H 1.580 | V -0.001 | pL -0.047 | vL 0.003 | ∇ 0.080
Status saved
Status saved
Status saved
Status saved
Status saved
U 22500 | F 2880000 | FPS 1503 | D 1984 | rR:μσmM 0.58 0.34 0.00 0.94 | F:μσmM 119.1 92.0 17.0 270.0 | H 1.475 | V 0.140 | pL -0.006 | vL 0.003 | ∇ 0.074
Status saved
Status saved
Status saved
Status saved
Status saved
U 23000 | F 2944000 | FPS 1419 | D 2028 | rR:μσmM 0.78 0.21 0.00 0.91 | F:μσmM 64.8 56.4 27.0 270.0 | H 1.336 | V 0.370 | pL -0.023 | vL 0.015 | ∇ 0.194
Status saved
Status saved
Status saved
Status saved
Status saved
