Gym has been unmaintained since 2022 and does not support NumPy 2.0 amongst other critical functionality.
Please upgrade to Gymnasium, the maintained drop-in replacement of Gym, or contact the authors of your software and request that they upgrade.
Users of this version of Gym should be able to simply replace 'import gym' with 'import gymnasium as gym' in the vast majority of cases.
See the migration guide at https://gymnasium.farama.org/introduction/migration_guide/ for additional information.
/workspace/learn-si2e/SI2E/SI2E_A2C/rl-starter-files/rl-starter-files/scripts/train.py --algo a2c --env MiniGrid-KeyCorridorS3R2-v0 --model kc-si2e-s5 --frames 3000000 --use_batch --save-interval 100 --log-interval 500 --seed 5 --use_entropy_reward --use_value_condition --beta 0.005

Namespace(algo='a2c', env='MiniGrid-KeyCorridorS3R2-v0', model='kc-si2e-s5', seed=5, log_interval=500, save_interval=100, procs=16, frames=3000000, epochs=4, batch_size=256, frames_per_proc=None, discount=0.99, lr=0.001, gae_lambda=0.95, entropy_coef=0.01, value_loss_coef=0.5, max_grad_norm=0.5, optim_eps=1e-08, optim_alpha=0.99, clip_eps=0.2, recurrence=1, text=False, use_entropy_reward=True, use_value_condition=True, beta=0.005, use_batch=True, ablation=None, mem=False)

Device: cuda:0

Environments loaded

Training status loaded

Observations preprocessor loaded
Model loaded

ACModel(
  (image_conv): Sequential(
    (0): Conv2d(3, 16, kernel_size=(2, 2), stride=(1, 1))
    (1): ReLU()
    (2): MaxPool2d(kernel_size=(2, 2), stride=(2, 2), padding=0, dilation=1, ceil_mode=False)
    (3): Conv2d(16, 32, kernel_size=(2, 2), stride=(1, 1))
    (4): ReLU()
    (5): Conv2d(32, 64, kernel_size=(2, 2), stride=(1, 1))
    (6): ReLU()
  )
  (actor): Sequential(
    (0): Linear(in_features=64, out_features=64, bias=True)
    (1): Tanh()
    (2): Linear(in_features=64, out_features=7, bias=True)
  )
  (critic): Sequential(
    (0): Linear(in_features=64, out_features=64, bias=True)
    (1): Tanh()
    (2): Linear(in_features=64, out_features=1, bias=True)
  )
  (extr_critic): Sequential(
    (0): Linear(in_features=64, out_features=64, bias=True)
    (1): Tanh()
    (2): Linear(in_features=64, out_features=1, bias=True)
  )
)

Optimizer loaded

Status saved
Status saved
Status saved
Status saved
U 500 | F 064000 | FPS 0440 | D 167 | rR:μσmM 0.01 0.05 0.00 0.22 | F:μσmM 267.8 8.5 235.0 270.0 | H 1.786 | V -0.446 | pL 0.011 | vL 0.001 | ∇ 0.018
Status saved
Status saved
Status saved
Status saved
Status saved
U 1000 | F 128000 | FPS 0326 | D 361 | rR:μσmM 0.03 0.13 0.00 0.53 | F:μσmM 261.9 31.2 141.0 270.0 | H 1.802 | V -0.325 | pL 0.020 | vL 0.006 | ∇ 0.031
Status saved
Status saved
Status saved
Status saved
Status saved
U 1500 | F 192000 | FPS 0337 | D 560 | rR:μσmM 0.00 0.00 0.00 0.00 | F:μσmM 270.0 0.0 270.0 270.0 | H 1.775 | V -0.345 | pL 0.034 | vL 0.005 | ∇ 0.035
Status saved
Status saved
Status saved
Status saved
Status saved
U 2000 | F 256000 | FPS 0374 | D 758 | rR:μσmM 0.00 0.00 0.00 0.00 | F:μσmM 270.0 0.0 270.0 270.0 | H 1.741 | V -0.394 | pL -0.025 | vL 0.001 | ∇ 0.019
Status saved
Status saved
Status saved
Status saved
Status saved
U 2500 | F 320000 | FPS 0304 | D 958 | rR:μσmM 0.00 0.00 0.00 0.00 | F:μσmM 270.0 0.0 270.0 270.0 | H 1.811 | V -0.330 | pL -0.023 | vL 0.001 | ∇ 0.019
Status saved
Status saved
Status saved
Status saved
Status saved
U 3000 | F 384000 | FPS 0361 | D 1156 | rR:μσmM 0.01 0.03 0.00 0.14 | F:μσmM 269.2 2.9 258.0 270.0 | H 1.756 | V -0.296 | pL -0.002 | vL 0.000 | ∇ 0.008
Status saved
Status saved
Status saved
Status saved
Status saved
U 3500 | F 448000 | FPS 0315 | D 1356 | rR:μσmM 0.00 0.00 0.00 0.00 | F:μσmM 270.0 0.0 270.0 270.0 | H 1.807 | V -0.356 | pL 0.002 | vL 0.003 | ∇ 0.023
Status saved
Status saved
Status saved
Status saved
Status saved
U 4000 | F 512000 | FPS 0332 | D 1554 | rR:μσmM 0.01 0.05 0.00 0.21 | F:μσmM 267.9 8.2 236.0 270.0 | H 1.787 | V -0.341 | pL -0.005 | vL 0.001 | ∇ 0.013
Status saved
Status saved
Status saved
Status saved
Status saved
U 4500 | F 576000 | FPS 0306 | D 1751 | rR:μσmM 0.00 0.00 0.00 0.00 | F:μσmM 270.0 0.0 270.0 270.0 | H 1.808 | V -0.306 | pL -0.019 | vL 0.001 | ∇ 0.017
Status saved
Status saved
Status saved
Status saved
Status saved
U 5000 | F 640000 | FPS 0348 | D 1950 | rR:μσmM 0.00 0.00 0.00 0.00 | F:μσmM 270.0 0.0 270.0 270.0 | H 1.787 | V -0.319 | pL -0.014 | vL 0.001 | ∇ 0.013
Status saved
Status saved
Status saved
Status saved
Status saved
U 5500 | F 704000 | FPS 0328 | D 2148 | rR:μσmM 0.06 0.17 0.00 0.66 | F:μσmM 256.6 41.7 101.0 270.0 | H 1.784 | V -0.232 | pL -0.022 | vL 0.001 | ∇ 0.021
Status saved
Status saved
Status saved
Status saved
Status saved
U 6000 | F 768000 | FPS 0318 | D 2345 | rR:μσmM 0.09 0.18 0.00 0.53 | F:μσmM 249.7 42.8 140.0 270.0 | H 1.746 | V -0.265 | pL -0.015 | vL 0.002 | ∇ 0.028
Status saved
Status saved
Status saved
Status saved
Status saved
U 6500 | F 832000 | FPS 0288 | D 2542 | rR:μσmM 0.00 0.00 0.00 0.00 | F:μσmM 270.0 0.0 270.0 270.0 | H 1.717 | V -0.273 | pL 0.019 | vL 0.003 | ∇ 0.035
Status saved
Status saved
Status saved
Status saved
Status saved
U 7000 | F 896000 | FPS 0318 | D 2741 | rR:μσmM 0.11 0.20 0.00 0.55 | F:μσmM 244.4 46.2 134.0 270.0 | H 1.748 | V -0.232 | pL 0.023 | vL 0.004 | ∇ 0.054
Status saved
Status saved
Status saved
Status saved
Status saved
U 7500 | F 960000 | FPS 0355 | D 2941 | rR:μσmM 0.13 0.22 0.00 0.61 | F:μσmM 240.9 53.1 118.0 270.0 | H 1.732 | V -0.224 | pL -0.004 | vL 0.001 | ∇ 0.017
Status saved
Status saved
Status saved
Status saved
Status saved
U 8000 | F 1024000 | FPS 0330 | D 3140 | rR:μσmM 0.06 0.16 0.00 0.63 | F:μσmM 257.1 39.2 112.0 270.0 | H 1.766 | V -0.329 | pL 0.014 | vL 0.005 | ∇ 0.034
Status saved
Status saved
Status saved
Status saved
Status saved
U 8500 | F 1088000 | FPS 0304 | D 3339 | rR:μσmM 0.07 0.20 0.00 0.80 | F:μσmM 253.7 50.9 59.0 270.0 | H 1.733 | V -0.280 | pL -0.015 | vL 0.004 | ∇ 0.050
Status saved
Status saved
Status saved
Status saved
Status saved
U 9000 | F 1152000 | FPS 0312 | D 3537 | rR:μσmM 0.08 0.16 0.00 0.56 | F:μσmM 252.7 36.0 133.0 270.0 | H 1.710 | V -0.227 | pL -0.025 | vL 0.001 | ∇ 0.028
Status saved
Status saved
Status saved
Status saved
Status saved
U 9500 | F 1216000 | FPS 0353 | D 3736 | rR:μσmM 0.18 0.23 0.00 0.74 | F:μσmM 229.6 57.6 77.0 270.0 | H 1.739 | V -0.187 | pL -0.001 | vL 0.001 | ∇ 0.020
Status saved
Status saved
Status saved
Status saved
Status saved
U 10000 | F 1280000 | FPS 0330 | D 3933 | rR:μσmM 0.19 0.24 0.00 0.77 | F:μσmM 229.1 59.6 70.0 270.0 | H 1.714 | V -0.199 | pL -0.015 | vL 0.002 | ∇ 0.036
Status saved
Status saved
Status saved
Status saved
Status saved
U 10500 | F 1344000 | FPS 0216 | D 4131 | rR:μσmM 0.28 0.32 0.00 0.79 | F:μσmM 199.6 83.6 64.0 270.0 | H 1.699 | V -0.191 | pL -0.005 | vL 0.004 | ∇ 0.066
Status saved
Status saved
Status saved
Status saved
Status saved
U 11000 | F 1408000 | FPS 0391 | D 4319 | rR:μσmM 0.50 0.32 0.00 0.82 | F:μσmM 141.1 84.5 54.0 270.0 | H 1.667 | V -0.131 | pL -0.032 | vL 0.001 | ∇ 0.049
Status saved
Status saved
Status saved
Status saved
Status saved
U 11500 | F 1472000 | FPS 0349 | D 4501 | rR:μσmM 0.43 0.37 0.00 0.92 | F:μσmM 158.4 96.4 23.0 270.0 | H 1.581 | V -0.066 | pL -0.012 | vL 0.002 | ∇ 0.053
Status saved
Status saved
Status saved
Status saved
Status saved
U 12000 | F 1536000 | FPS 0371 | D 4683 | rR:μσmM 0.40 0.38 0.00 0.89 | F:μσmM 168.1 102.0 33.0 270.0 | H 1.540 | V 0.045 | pL -0.035 | vL 0.003 | ∇ 0.077
Status saved
Status saved
Status saved
Status saved
Status saved
U 12500 | F 1600000 | FPS 0346 | D 4866 | rR:μσmM 0.75 0.14 0.41 0.90 | F:μσmM 75.8 43.4 29.0 176.0 | H 1.484 | V 0.166 | pL -0.014 | vL 0.006 | ∇ 0.122
Status saved
Status saved
Status saved
Status saved
Status saved
U 13000 | F 1664000 | FPS 0394 | D 5050 | rR:μσmM 0.76 0.12 0.44 0.89 | F:μσmM 70.6 37.0 32.0 168.0 | H 1.340 | V 0.461 | pL -0.014 | vL 0.005 | ∇ 0.089
Status saved
Status saved
Status saved
Status saved
Status saved
U 13500 | F 1728000 | FPS 0404 | D 5231 | rR:μσmM 0.77 0.24 0.00 0.92 | F:μσmM 66.1 65.0 23.0 270.0 | H 1.290 | V 0.479 | pL -0.040 | vL 0.014 | ∇ 0.181
Status saved
Status saved
Status saved
Status saved
Status saved
U 14000 | F 1792000 | FPS 0356 | D 5415 | rR:μσmM 0.88 0.04 0.80 0.93 | F:μσmM 36.5 10.9 22.0 61.0 | H 1.129 | V 0.636 | pL 0.004 | vL 0.005 | ∇ 0.137
Status saved
Status saved
Status saved
Status saved
Status saved
U 14500 | F 1856000 | FPS 0333 | D 5598 | rR:μσmM 0.85 0.04 0.72 0.89 | F:μσmM 45.2 11.9 32.0 83.0 | H 1.223 | V 0.604 | pL -0.035 | vL 0.002 | ∇ 0.097
Status saved
Status saved
Status saved
Status saved
Status saved
U 15000 | F 1920000 | FPS 0359 | D 5781 | rR:μσmM 0.88 0.06 0.71 0.92 | F:μσmM 37.2 16.6 24.0 88.0 | H 1.193 | V 0.629 | pL -0.002 | vL 0.004 | ∇ 0.184
Status saved
Status saved
Status saved
Status saved
Status saved
U 15500 | F 1984000 | FPS 0228 | D 5964 | rR:μσmM 0.87 0.07 0.66 0.94 | F:μσmM 40.2 19.7 19.0 103.0 | H 1.187 | V 0.645 | pL -0.003 | vL 0.004 | ∇ 0.077
Status saved
Status saved
Status saved
Status saved
Status saved
U 16000 | F 2048000 | FPS 0339 | D 6145 | rR:μσmM 0.88 0.05 0.69 0.92 | F:μσmM 37.2 15.7 25.0 93.0 | H 1.076 | V 0.690 | pL -0.034 | vL 0.006 | ∇ 0.102
Status saved
Status saved
Status saved
Status saved
Status saved
U 16500 | F 2112000 | FPS 0395 | D 6328 | rR:μσmM 0.89 0.03 0.80 0.93 | F:μσmM 33.6 9.4 21.0 59.0 | H 1.223 | V 0.675 | pL 0.001 | vL 0.002 | ∇ 0.060
Status saved
Status saved
Status saved
Status saved
Status saved
U 17000 | F 2176000 | FPS 0366 | D 6510 | rR:μσmM 0.89 0.03 0.82 0.93 | F:μσmM 33.9 8.7 20.0 53.0 | H 1.094 | V 0.675 | pL -0.005 | vL 0.002 | ∇ 0.179
Status saved
Status saved
Status saved
Status saved
Status saved
U 17500 | F 2240000 | FPS 0380 | D 6695 | rR:μσmM 0.87 0.04 0.77 0.94 | F:μσmM 37.8 12.6 18.0 69.0 | H 1.173 | V 0.650 | pL -0.002 | vL 0.002 | ∇ 0.053
Status saved
Status saved
Status saved
Status saved
Status saved
U 18000 | F 2304000 | FPS 0240 | D 6878 | rR:μσmM 0.88 0.06 0.67 0.93 | F:μσmM 37.0 18.7 21.0 99.0 | H 1.199 | V 0.656 | pL -0.004 | vL 0.003 | ∇ 0.247
Status saved
Status saved
Status saved
Status saved
Status saved
U 18500 | F 2368000 | FPS 0331 | D 7062 | rR:μσmM 0.88 0.03 0.83 0.94 | F:μσmM 36.6 9.4 19.0 51.0 | H 1.158 | V 0.681 | pL -0.025 | vL 0.003 | ∇ 0.072
Status saved
Status saved
Status saved
Status saved
Status saved
U 19000 | F 2432000 | FPS 0348 | D 7246 | rR:μσmM 0.85 0.17 0.21 0.93 | F:μσmM 45.2 50.5 22.0 238.0 | H 1.124 | V 0.671 | pL -0.019 | vL 0.003 | ∇ 0.062
Status saved
Status saved
Status saved
Status saved
Status saved
U 19500 | F 2496000 | FPS 0368 | D 7428 | rR:μσmM 0.88 0.04 0.80 0.94 | F:μσmM 35.3 10.9 17.0 60.0 | H 1.179 | V 0.705 | pL -0.029 | vL 0.003 | ∇ 0.080
Status saved
Status saved
Status saved
Status saved
Status saved
U 20000 | F 2560000 | FPS 0352 | D 7612 | rR:μσmM 0.89 0.04 0.80 0.94 | F:μσmM 33.7 11.6 17.0 59.0 | H 1.101 | V 0.683 | pL -0.014 | vL 0.002 | ∇ 0.073
Status saved
Status saved
Status saved
Status saved
Status saved
U 20500 | F 2624000 | FPS 0372 | D 7796 | rR:μσmM 0.90 0.03 0.83 0.94 | F:μσmM 28.9 9.0 17.0 50.0 | H 1.069 | V 0.640 | pL -0.007 | vL 0.002 | ∇ 0.077
Status saved
Status saved
Status saved
Status saved
Status saved
U 21000 | F 2688000 | FPS 0372 | D 7979 | rR:μσmM 0.89 0.02 0.86 0.95 | F:μσmM 32.0 7.4 15.0 43.0 | H 1.071 | V 0.733 | pL -0.007 | vL 0.002 | ∇ 0.061
Status saved
Status saved
Status saved
Status saved
Status saved
U 21500 | F 2752000 | FPS 0361 | D 8165 | rR:μσmM 0.87 0.03 0.82 0.92 | F:μσmM 37.7 10.5 23.0 55.0 | H 1.278 | V 0.656 | pL -0.038 | vL 0.003 | ∇ 0.092
Status saved
Status saved
Status saved
Status saved
Status saved
U 22000 | F 2816000 | FPS 0335 | D 8348 | rR:μσmM 0.89 0.04 0.79 0.94 | F:μσmM 32.1 12.2 19.0 64.0 | H 1.139 | V 0.738 | pL -0.014 | vL 0.002 | ∇ 0.062
Status saved
Status saved
Status saved
Status saved
Status saved
U 22500 | F 2880000 | FPS 0395 | D 8532 | rR:μσmM 0.89 0.04 0.81 0.94 | F:μσmM 32.5 13.0 17.0 58.0 | H 1.201 | V 0.699 | pL -0.021 | vL 0.003 | ∇ 0.060
Status saved
Status saved
Status saved
Status saved
Status saved
U 23000 | F 2944000 | FPS 0403 | D 8719 | rR:μσmM 0.88 0.05 0.77 0.94 | F:μσmM 35.5 15.7 19.0 70.0 | H 1.289 | V 0.630 | pL -0.030 | vL 0.003 | ∇ 0.079
Status saved
Status saved
Status saved
Status saved
Status saved
