Gym has been unmaintained since 2022 and does not support NumPy 2.0 amongst other critical functionality.
Please upgrade to Gymnasium, the maintained drop-in replacement of Gym, or contact the authors of your software and request that they upgrade.
Users of this version of Gym should be able to simply replace 'import gym' with 'import gymnasium as gym' in the vast majority of cases.
See the migration guide at https://gymnasium.farama.org/introduction/migration_guide/ for additional information.
/workspace/learn-si2e/SI2E/SI2E_A2C/rl-starter-files/rl-starter-files/scripts/train.py --env MiniGrid-KeyCorridorS3R2-v0 --model ppo-exp-ppo-si2e-KeyCorridorS3R2-s2 --frames 3000000 --use_batch --save-interval 100 --log-interval 500 --seed 2 --algo ppo --use_entropy_reward --use_value_condition --beta 0.005

Namespace(algo='ppo', env='MiniGrid-KeyCorridorS3R2-v0', model='ppo-exp-ppo-si2e-KeyCorridorS3R2-s2', seed=2, log_interval=500, save_interval=100, procs=16, frames=3000000, epochs=4, batch_size=256, frames_per_proc=None, discount=0.99, lr=0.001, gae_lambda=0.95, entropy_coef=0.01, value_loss_coef=0.5, max_grad_norm=0.5, optim_eps=1e-08, optim_alpha=0.99, clip_eps=0.2, recurrence=1, text=False, use_entropy_reward=True, use_value_condition=True, beta=0.005, beta_adaptive=False, fast_se=False, use_batch=True, ablation=None, mem=False)

Device: cuda:0

Environments loaded

Training status loaded

Observations preprocessor loaded
Model loaded

ACModel(
  (image_conv): Sequential(
    (0): Conv2d(3, 16, kernel_size=(2, 2), stride=(1, 1))
    (1): ReLU()
    (2): MaxPool2d(kernel_size=(2, 2), stride=(2, 2), padding=0, dilation=1, ceil_mode=False)
    (3): Conv2d(16, 32, kernel_size=(2, 2), stride=(1, 1))
    (4): ReLU()
    (5): Conv2d(32, 64, kernel_size=(2, 2), stride=(1, 1))
    (6): ReLU()
  )
  (actor): Sequential(
    (0): Linear(in_features=64, out_features=64, bias=True)
    (1): Tanh()
    (2): Linear(in_features=64, out_features=7, bias=True)
  )
  (critic): Sequential(
    (0): Linear(in_features=64, out_features=64, bias=True)
    (1): Tanh()
    (2): Linear(in_features=64, out_features=1, bias=True)
  )
  (extr_critic): Sequential(
    (0): Linear(in_features=64, out_features=64, bias=True)
    (1): Tanh()
    (2): Linear(in_features=64, out_features=1, bias=True)
  )
)

Optimizer loaded

Status saved
Status saved
Status saved
Status saved
U 500 | F 064000 | FPS 0590 | D 120 | rR:μσmM 0.00 0.00 0.00 0.00 | F:μσmM 270.0 0.0 270.0 270.0 | H 1.739 | V -0.411 | pL 0.008 | vL 0.001 | ∇ 0.014
Status saved
Status saved
Status saved
Status saved
Status saved
U 1000 | F 128000 | FPS 0520 | D 237 | rR:μσmM 0.00 0.00 0.00 0.00 | F:μσmM 270.0 0.0 270.0 270.0 | H 1.756 | V -0.324 | pL 0.005 | vL 0.001 | ∇ 0.010
Status saved
Status saved
Status saved
Status saved
Status saved
U 1500 | F 192000 | FPS 0611 | D 353 | rR:μσmM 0.00 0.00 0.00 0.00 | F:μσmM 270.0 0.0 270.0 270.0 | H 1.808 | V -0.315 | pL -0.001 | vL 0.004 | ∇ 0.013
Status saved
Status saved
Status saved
Status saved
Status saved
U 2000 | F 256000 | FPS 0553 | D 470 | rR:μσmM 0.00 0.00 0.00 0.00 | F:μσmM 270.0 0.0 270.0 270.0 | H 1.772 | V -0.329 | pL 0.008 | vL 0.001 | ∇ 0.008
Status saved
Status saved
Status saved
Status saved
Status saved
U 2500 | F 320000 | FPS 0529 | D 586 | rR:μσmM 0.00 0.00 0.00 0.00 | F:μσmM 270.0 0.0 270.0 270.0 | H 1.808 | V -0.294 | pL 0.014 | vL 0.001 | ∇ 0.023
Status saved
Status saved
Status saved
Status saved
Status saved
U 3000 | F 384000 | FPS 0582 | D 704 | rR:μσmM 0.00 0.00 0.00 0.00 | F:μσmM 270.0 0.0 270.0 270.0 | H 1.757 | V -0.331 | pL 0.010 | vL 0.001 | ∇ 0.014
Status saved
Status saved
Status saved
Status saved
Status saved
U 3500 | F 448000 | FPS 0547 | D 820 | rR:μσmM 0.00 0.00 0.00 0.00 | F:μσmM 270.0 0.0 270.0 270.0 | H 1.724 | V -0.310 | pL 0.010 | vL 0.001 | ∇ 0.014
Status saved
Status saved
Status saved
Status saved
Status saved
U 4000 | F 512000 | FPS 0623 | D 939 | rR:μσmM 0.00 0.00 0.00 0.00 | F:μσmM 270.0 0.0 270.0 270.0 | H 1.759 | V -0.292 | pL 0.009 | vL 0.001 | ∇ 0.011
Status saved
Status saved
Status saved
Status saved
Status saved
U 4500 | F 576000 | FPS 0626 | D 1057 | rR:μσmM 0.00 0.00 0.00 0.00 | F:μσmM 270.0 0.0 270.0 270.0 | H 1.740 | V -0.283 | pL 0.001 | vL 0.001 | ∇ 0.010
Status saved
Status saved
Status saved
Status saved
Status saved
U 5000 | F 640000 | FPS 0521 | D 1176 | rR:μσmM 0.00 0.00 0.00 0.00 | F:μσmM 270.0 0.0 270.0 270.0 | H 1.754 | V -0.305 | pL 0.005 | vL 0.001 | ∇ 0.007
Status saved
Status saved
Status saved
Status saved
Status saved
U 5500 | F 704000 | FPS 0556 | D 1292 | rR:μσmM 0.00 0.00 0.00 0.00 | F:μσmM 270.0 0.0 270.0 270.0 | H 1.739 | V -0.337 | pL 0.003 | vL 0.001 | ∇ 0.007
Status saved
Status saved
Status saved
Status saved
Status saved
U 6000 | F 768000 | FPS 0572 | D 1409 | rR:μσmM 0.00 0.00 0.00 0.00 | F:μσmM 270.0 0.0 270.0 270.0 | H 1.746 | V -0.310 | pL -0.002 | vL 0.001 | ∇ 0.008
Status saved
Status saved
Status saved
Status saved
Status saved
U 6500 | F 832000 | FPS 0309 | D 1526 | rR:μσmM 0.00 0.00 0.00 0.00 | F:μσmM 270.0 0.0 270.0 270.0 | H 1.687 | V -0.332 | pL 0.006 | vL 0.001 | ∇ 0.012
Status saved
Status saved
Status saved
Status saved
Status saved
U 7000 | F 896000 | FPS 0546 | D 1642 | rR:μσmM 0.00 0.00 0.00 0.00 | F:μσmM 270.0 0.0 270.0 270.0 | H 1.737 | V -0.328 | pL 0.005 | vL 0.001 | ∇ 0.010
Status saved
Status saved
Status saved
Status saved
Status saved
U 7500 | F 960000 | FPS 0512 | D 1759 | rR:μσmM 0.00 0.00 0.00 0.00 | F:μσmM 270.0 0.0 270.0 270.0 | H 1.768 | V -0.284 | pL 0.011 | vL 0.001 | ∇ 0.011
Status saved
Status saved
Status saved
Status saved
Status saved
U 8000 | F 1024000 | FPS 0541 | D 1876 | rR:μσmM 0.00 0.00 0.00 0.00 | F:μσmM 270.0 0.0 270.0 270.0 | H 1.726 | V -0.295 | pL -0.023 | vL 0.006 | ∇ 0.021
Status saved
Status saved
Status saved
Status saved
Status saved
U 8500 | F 1088000 | FPS 0522 | D 1994 | rR:μσmM 0.01 0.03 0.00 0.11 | F:μσmM 269.8 1.0 266.0 270.0 | H 1.752 | V -0.332 | pL 0.008 | vL 0.001 | ∇ 0.012
Status saved
Status saved
Status saved
Status saved
Status saved
U 9000 | F 1152000 | FPS 0551 | D 2111 | rR:μσmM 0.00 0.00 0.00 0.00 | F:μσmM 270.0 0.0 270.0 270.0 | H 1.796 | V -0.338 | pL -0.007 | vL 0.004 | ∇ 0.022
Status saved
Status saved
Status saved
Status saved
Status saved
U 9500 | F 1216000 | FPS 0546 | D 2228 | rR:μσmM 0.00 0.00 0.00 0.00 | F:μσmM 270.0 0.0 270.0 270.0 | H 1.727 | V -0.298 | pL -0.019 | vL 0.007 | ∇ 0.033
Status saved
Status saved
Status saved
Status saved
Status saved
U 10000 | F 1280000 | FPS 0510 | D 2345 | rR:μσmM 0.00 0.00 0.00 0.00 | F:μσmM 270.0 0.0 270.0 270.0 | H 1.772 | V -0.320 | pL -0.000 | vL 0.001 | ∇ 0.004
Status saved
Status saved
Status saved
Status saved
Status saved
U 10500 | F 1344000 | FPS 0609 | D 2461 | rR:μσmM 0.00 0.00 0.00 0.00 | F:μσmM 270.0 0.0 270.0 270.0 | H 1.762 | V -0.320 | pL -0.027 | vL 0.004 | ∇ 0.039
Status saved
Status saved
Status saved
Status saved
Status saved
U 11000 | F 1408000 | FPS 0275 | D 2579 | rR:μσmM 0.05 0.19 0.00 0.78 | F:μσmM 257.2 49.6 65.0 270.0 | H 1.756 | V -0.255 | pL 0.003 | vL 0.001 | ∇ 0.011
Status saved
Status saved
Status saved
Status saved
Status saved
U 11500 | F 1472000 | FPS 0600 | D 2697 | rR:μσmM 0.01 0.04 0.00 0.15 | F:μσmM 269.1 3.4 256.0 270.0 | H 1.783 | V -0.266 | pL -0.015 | vL 0.004 | ∇ 0.024
Status saved
Status saved
Status saved
Status saved
Status saved
U 12000 | F 1536000 | FPS 0518 | D 2815 | rR:μσmM 0.00 0.00 0.00 0.00 | F:μσmM 270.0 0.0 270.0 270.0 | H 1.702 | V -0.315 | pL 0.005 | vL 0.001 | ∇ 0.007
Status saved
Status saved
Status saved
Status saved
Status saved
U 12500 | F 1600000 | FPS 0512 | D 2935 | rR:μσmM 0.02 0.07 0.00 0.28 | F:μσmM 266.6 13.3 215.0 270.0 | H 1.737 | V -0.316 | pL 0.010 | vL 0.001 | ∇ 0.014
Status saved
Status saved
Status saved
Status saved
Status saved
U 13000 | F 1664000 | FPS 0611 | D 3052 | rR:μσmM 0.03 0.10 0.00 0.41 | F:μσmM 264.2 22.5 177.0 270.0 | H 1.739 | V -0.273 | pL -0.004 | vL 0.003 | ∇ 0.011
Status saved
Status saved
Status saved
Status saved
Status saved
U 13500 | F 1728000 | FPS 0500 | D 3167 | rR:μσmM 0.02 0.09 0.00 0.37 | F:μσmM 264.9 19.6 189.0 270.0 | H 1.761 | V -0.299 | pL 0.008 | vL 0.001 | ∇ 0.021
Status saved
Status saved
Status saved
Status saved
Status saved
U 14000 | F 1792000 | FPS 0567 | D 3283 | rR:μσmM 0.00 0.00 0.00 0.00 | F:μσmM 270.0 0.0 270.0 270.0 | H 1.752 | V -0.327 | pL -0.001 | vL 0.001 | ∇ 0.010
Status saved
Status saved
Status saved
Status saved
Status saved
U 14500 | F 1856000 | FPS 0514 | D 3400 | rR:μσmM 0.04 0.17 0.00 0.71 | F:μσmM 258.6 44.3 87.0 270.0 | H 1.728 | V -0.298 | pL 0.004 | vL 0.001 | ∇ 0.007
Status saved
Status saved
Status saved
Status saved
Status saved
U 15000 | F 1920000 | FPS 0590 | D 3516 | rR:μσmM 0.00 0.00 0.00 0.00 | F:μσmM 270.0 0.0 270.0 270.0 | H 1.688 | V -0.280 | pL -0.000 | vL 0.002 | ∇ 0.021
Status saved
Status saved
Status saved
Status saved
Status saved
U 15500 | F 1984000 | FPS 0619 | D 3634 | rR:μσmM 0.04 0.12 0.00 0.39 | F:μσmM 260.4 25.7 184.0 270.0 | H 1.744 | V -0.275 | pL 0.014 | vL 0.001 | ∇ 0.018
Status saved
Status saved
Status saved
Status saved
Status saved
U 16000 | F 2048000 | FPS 0540 | D 3751 | rR:μσmM 0.01 0.03 0.00 0.10 | F:μσmM 269.9 0.2 269.0 270.0 | H 1.700 | V -0.271 | pL -0.005 | vL 0.003 | ∇ 0.012
Status saved
Status saved
Status saved
Status saved
Status saved
U 16500 | F 2112000 | FPS 0524 | D 3868 | rR:μσmM 0.00 0.00 0.00 0.00 | F:μσmM 270.0 0.0 270.0 270.0 | H 1.716 | V -0.319 | pL 0.007 | vL 0.001 | ∇ 0.011
Status saved
Status saved
Status saved
Status saved
Status saved
U 17000 | F 2176000 | FPS 0514 | D 3984 | rR:μσmM 0.00 0.00 0.00 0.00 | F:μσmM 270.0 0.0 270.0 270.0 | H 1.777 | V -0.323 | pL -0.014 | vL 0.005 | ∇ 0.020
Status saved
Status saved
Status saved
Status saved
Status saved
U 17500 | F 2240000 | FPS 0519 | D 4101 | rR:μσmM 0.01 0.04 0.00 0.15 | F:μσmM 269.0 3.9 254.0 270.0 | H 1.734 | V -0.297 | pL -0.000 | vL 0.001 | ∇ 0.009
Status saved
Status saved
Status saved
Status saved
Status saved
U 18000 | F 2304000 | FPS 0527 | D 4219 | rR:μσmM 0.00 0.00 0.00 0.00 | F:μσmM 270.0 0.0 270.0 270.0 | H 1.736 | V -0.308 | pL 0.004 | vL 0.001 | ∇ 0.007
Status saved
Status saved
Status saved
Status saved
Status saved
U 18500 | F 2368000 | FPS 0587 | D 4337 | rR:μσmM 0.00 0.00 0.00 0.00 | F:μσmM 270.0 0.0 270.0 270.0 | H 1.749 | V -0.336 | pL 0.007 | vL 0.001 | ∇ 0.009
Status saved
Status saved
Status saved
Status saved
Status saved
U 19000 | F 2432000 | FPS 0628 | D 4456 | rR:μσmM 0.00 0.00 0.00 0.00 | F:μσmM 270.0 0.0 270.0 270.0 | H 1.750 | V -0.309 | pL 0.007 | vL 0.001 | ∇ 0.008
Status saved
Status saved
Status saved
Status saved
Status saved
U 19500 | F 2496000 | FPS 0525 | D 4574 | rR:μσmM 0.00 0.00 0.00 0.00 | F:μσmM 270.0 0.0 270.0 270.0 | H 1.720 | V -0.285 | pL 0.002 | vL 0.001 | ∇ 0.004
Status saved
Status saved
Status saved
Status saved
Status saved
U 20000 | F 2560000 | FPS 0590 | D 4690 | rR:μσmM 0.03 0.12 0.00 0.49 | F:μσmM 262.7 28.3 153.0 270.0 | H 1.786 | V -0.286 | pL 0.002 | vL 0.001 | ∇ 0.009
Status saved
Status saved
Status saved
Status saved
Status saved
U 20500 | F 2624000 | FPS 0612 | D 4807 | rR:μσmM 0.00 0.00 0.00 0.00 | F:μσmM 270.0 0.0 270.0 270.0 | H 1.771 | V -0.291 | pL 0.011 | vL 0.001 | ∇ 0.015
Status saved
Status saved
Status saved
Status saved
Status saved
U 21000 | F 2688000 | FPS 0620 | D 4926 | rR:μσmM 0.00 0.00 0.00 0.00 | F:μσmM 270.0 0.0 270.0 270.0 | H 1.775 | V -0.319 | pL 0.004 | vL 0.001 | ∇ 0.012
Status saved
Status saved
Status saved
Status saved
Status saved
U 21500 | F 2752000 | FPS 0563 | D 5042 | rR:μσmM 0.00 0.00 0.00 0.00 | F:μσmM 270.0 0.0 270.0 270.0 | H 1.754 | V -0.338 | pL 0.016 | vL 0.002 | ∇ 0.015
Status saved
Status saved
Status saved
Status saved
Status saved
U 22000 | F 2816000 | FPS 0535 | D 5160 | rR:μσmM 0.00 0.00 0.00 0.00 | F:μσmM 270.0 0.0 270.0 270.0 | H 1.746 | V -0.334 | pL 0.001 | vL 0.001 | ∇ 0.006
Status saved
Status saved
Status saved
Status saved
Status saved
U 22500 | F 2880000 | FPS 0568 | D 5276 | rR:μσmM 0.00 0.00 0.00 0.00 | F:μσmM 270.0 0.0 270.0 270.0 | H 1.727 | V -0.307 | pL 0.005 | vL 0.001 | ∇ 0.010
Status saved
Status saved
Status saved
Status saved
Status saved
U 23000 | F 2944000 | FPS 0558 | D 5393 | rR:μσmM 0.00 0.00 0.00 0.00 | F:μσmM 270.0 0.0 270.0 270.0 | H 1.754 | V -0.309 | pL 0.006 | vL 0.001 | ∇ 0.009
Status saved
Status saved
Status saved
Status saved
Status saved
