/workspace/learn-si2e/SI2E/SI2E_DrQv2/train.py:210: UserWarning: 
The version_base parameter is not specified.
Please specify a compatability version level, or None.
Will assume defaults for version 1.1
  @hydra.main(config_path='cfgs', config_name='config')
/usr/local/lib/python3.10/dist-packages/hydra/_internal/hydra.py:119: UserWarning: Future Hydra versions will no longer change working directory at job runtime by default.
See https://hydra.cc/docs/1.2/upgrades/1.1_to_1.2/changes_to_job_working_dir/ for more information.
  ret = run_job(
/workspace/learn-si2e/SI2E/SI2E_DrQv2/train.py:210: UserWarning: 
The version_base parameter is not specified.
Please specify a compatability version level, or None.
Will assume defaults for version 1.1
  @hydra.main(config_path='cfgs', config_name='config')
workspace: /workspace/learn-si2e/results/drqv2-full/cartpole_balance_baseline_seed1
| eval           | F: 0 | S: 0 | E: 0 | L: 1000 | R: 390.1241 | T: 0:00:00
| train          | F: 5000 | S: 2500 | E: 5 | L: 1000 | R: 156.3805 | BS: 2500 | FPS: 26.4756 | T: 0:00:37
| train          | F: 6000 | S: 3000 | E: 6 | L: 1000 | R: 142.1276 | BS: 3000 | FPS: 136.3907 | T: 0:00:45
| train          | F: 7000 | S: 3500 | E: 7 | L: 1000 | R: 146.5608 | BS: 3500 | FPS: 139.3649 | T: 0:00:52
| train          | F: 8000 | S: 4000 | E: 8 | L: 1000 | R: 142.5714 | BS: 4000 | FPS: 144.4861 | T: 0:00:59
| train          | F: 9000 | S: 4500 | E: 9 | L: 1000 | R: 141.4124 | BS: 4500 | FPS: 144.5936 | T: 0:01:06
| train          | F: 10000 | S: 5000 | E: 10 | L: 1000 | R: 143.3128 | BS: 5000 | FPS: 131.1934 | T: 0:01:13
| eval           | F: 10000 | S: 5000 | E: 10 | L: 1000 | R: 135.6997 | T: 0:01:13
| train          | F: 11000 | S: 5500 | E: 11 | L: 1000 | R: 140.0727 | BS: 5500 | FPS: 36.8433 | T: 0:01:40
| train          | F: 12000 | S: 6000 | E: 12 | L: 1000 | R: 142.5815 | BS: 6000 | FPS: 135.7866 | T: 0:01:48
| train          | F: 13000 | S: 6500 | E: 13 | L: 1000 | R: 143.2816 | BS: 6500 | FPS: 133.7609 | T: 0:01:55
| train          | F: 14000 | S: 7000 | E: 14 | L: 1000 | R: 142.0408 | BS: 7000 | FPS: 131.8456 | T: 0:02:03
| train          | F: 15000 | S: 7500 | E: 15 | L: 1000 | R: 141.1179 | BS: 7500 | FPS: 124.9977 | T: 0:02:11
| train          | F: 16000 | S: 8000 | E: 16 | L: 1000 | R: 142.2595 | BS: 8000 | FPS: 129.0195 | T: 0:02:19
| train          | F: 17000 | S: 8500 | E: 17 | L: 1000 | R: 142.7417 | BS: 8500 | FPS: 124.4346 | T: 0:02:27
| train          | F: 18000 | S: 9000 | E: 18 | L: 1000 | R: 142.1919 | BS: 9000 | FPS: 133.6932 | T: 0:02:34
| train          | F: 19000 | S: 9500 | E: 19 | L: 1000 | R: 142.3279 | BS: 9500 | FPS: 127.6309 | T: 0:02:42
| train          | F: 20000 | S: 10000 | E: 20 | L: 1000 | R: 141.9025 | BS: 10000 | FPS: 132.8698 | T: 0:02:49
| eval           | F: 20000 | S: 10000 | E: 20 | L: 1000 | R: 135.5583 | T: 0:02:49
| train          | F: 21000 | S: 10500 | E: 21 | L: 1000 | R: 192.8195 | BS: 10500 | FPS: 40.6592 | T: 0:03:14
| train          | F: 22000 | S: 11000 | E: 22 | L: 1000 | R: 290.6139 | BS: 11000 | FPS: 136.7048 | T: 0:03:21
| train          | F: 23000 | S: 11500 | E: 23 | L: 1000 | R: 292.5691 | BS: 11500 | FPS: 129.2709 | T: 0:03:29
| train          | F: 24000 | S: 12000 | E: 24 | L: 1000 | R: 422.9330 | BS: 12000 | FPS: 126.3214 | T: 0:03:37
| train          | F: 25000 | S: 12500 | E: 25 | L: 1000 | R: 292.3608 | BS: 12500 | FPS: 130.3300 | T: 0:03:45
| train          | F: 26000 | S: 13000 | E: 26 | L: 1000 | R: 369.7144 | BS: 13000 | FPS: 139.5012 | T: 0:03:52
| train          | F: 27000 | S: 13500 | E: 27 | L: 1000 | R: 562.5330 | BS: 13500 | FPS: 140.7654 | T: 0:03:59
| train          | F: 28000 | S: 14000 | E: 28 | L: 1000 | R: 357.3275 | BS: 14000 | FPS: 137.5773 | T: 0:04:06
| train          | F: 29000 | S: 14500 | E: 29 | L: 1000 | R: 456.7020 | BS: 14500 | FPS: 140.6956 | T: 0:04:13
| train          | F: 30000 | S: 15000 | E: 30 | L: 1000 | R: 354.4054 | BS: 15000 | FPS: 141.3675 | T: 0:04:20
| eval           | F: 30000 | S: 15000 | E: 30 | L: 1000 | R: 351.7606 | T: 0:04:20
| train          | F: 31000 | S: 15500 | E: 31 | L: 1000 | R: 349.1402 | BS: 15500 | FPS: 39.7453 | T: 0:04:46
| train          | F: 32000 | S: 16000 | E: 32 | L: 1000 | R: 348.2544 | BS: 16000 | FPS: 134.1460 | T: 0:04:53
| train          | F: 33000 | S: 16500 | E: 33 | L: 1000 | R: 475.6169 | BS: 16500 | FPS: 125.7804 | T: 0:05:01
| train          | F: 34000 | S: 17000 | E: 34 | L: 1000 | R: 449.6632 | BS: 17000 | FPS: 137.3991 | T: 0:05:08
| train          | F: 35000 | S: 17500 | E: 35 | L: 1000 | R: 640.5833 | BS: 17500 | FPS: 132.4416 | T: 0:05:16
| train          | F: 36000 | S: 18000 | E: 36 | L: 1000 | R: 453.9027 | BS: 18000 | FPS: 136.1789 | T: 0:05:23
| train          | F: 37000 | S: 18500 | E: 37 | L: 1000 | R: 570.4250 | BS: 18500 | FPS: 137.7177 | T: 0:05:30
| train          | F: 38000 | S: 19000 | E: 38 | L: 1000 | R: 524.0823 | BS: 19000 | FPS: 130.9942 | T: 0:05:38
| train          | F: 39000 | S: 19500 | E: 39 | L: 1000 | R: 590.9934 | BS: 19500 | FPS: 135.4400 | T: 0:05:45
| train          | F: 40000 | S: 20000 | E: 40 | L: 1000 | R: 599.1872 | BS: 20000 | FPS: 136.3646 | T: 0:05:53
| eval           | F: 40000 | S: 20000 | E: 40 | L: 1000 | R: 403.0705 | T: 0:05:53
| train          | F: 41000 | S: 20500 | E: 41 | L: 1000 | R: 567.7493 | BS: 20500 | FPS: 41.0029 | T: 0:06:17
| train          | F: 42000 | S: 21000 | E: 42 | L: 1000 | R: 549.3289 | BS: 21000 | FPS: 139.7999 | T: 0:06:24
| train          | F: 43000 | S: 21500 | E: 43 | L: 1000 | R: 762.0895 | BS: 21500 | FPS: 129.8283 | T: 0:06:32
| train          | F: 44000 | S: 22000 | E: 44 | L: 1000 | R: 657.2903 | BS: 22000 | FPS: 134.7026 | T: 0:06:39
| train          | F: 45000 | S: 22500 | E: 45 | L: 1000 | R: 473.2297 | BS: 22500 | FPS: 129.8262 | T: 0:06:47
| train          | F: 46000 | S: 23000 | E: 46 | L: 1000 | R: 535.9901 | BS: 23000 | FPS: 138.5523 | T: 0:06:54
| train          | F: 47000 | S: 23500 | E: 47 | L: 1000 | R: 956.8818 | BS: 23500 | FPS: 138.6540 | T: 0:07:02
| train          | F: 48000 | S: 24000 | E: 48 | L: 1000 | R: 955.7347 | BS: 24000 | FPS: 138.3233 | T: 0:07:09
| train          | F: 49000 | S: 24500 | E: 49 | L: 1000 | R: 957.1069 | BS: 24500 | FPS: 130.2938 | T: 0:07:16
| train          | F: 50000 | S: 25000 | E: 50 | L: 1000 | R: 742.5637 | BS: 25000 | FPS: 128.9718 | T: 0:07:24
| eval           | F: 50000 | S: 25000 | E: 50 | L: 1000 | R: 977.1704 | T: 0:07:24
| train          | F: 51000 | S: 25500 | E: 51 | L: 1000 | R: 955.7092 | BS: 25500 | FPS: 35.9176 | T: 0:07:52
| train          | F: 52000 | S: 26000 | E: 52 | L: 1000 | R: 462.3381 | BS: 26000 | FPS: 134.5853 | T: 0:07:59
| train          | F: 53000 | S: 26500 | E: 53 | L: 1000 | R: 781.7699 | BS: 26500 | FPS: 142.6223 | T: 0:08:06
| train          | F: 54000 | S: 27000 | E: 54 | L: 1000 | R: 667.9764 | BS: 27000 | FPS: 142.5625 | T: 0:08:13
| train          | F: 55000 | S: 27500 | E: 55 | L: 1000 | R: 943.4813 | BS: 27500 | FPS: 142.6043 | T: 0:08:21
| train          | F: 56000 | S: 28000 | E: 56 | L: 1000 | R: 944.8147 | BS: 28000 | FPS: 142.6338 | T: 0:08:28
| train          | F: 57000 | S: 28500 | E: 57 | L: 1000 | R: 954.6805 | BS: 28500 | FPS: 141.3629 | T: 0:08:35
| train          | F: 58000 | S: 29000 | E: 58 | L: 1000 | R: 920.5297 | BS: 29000 | FPS: 140.8648 | T: 0:08:42
| train          | F: 59000 | S: 29500 | E: 59 | L: 1000 | R: 940.5806 | BS: 29500 | FPS: 142.2297 | T: 0:08:49
| train          | F: 60000 | S: 30000 | E: 60 | L: 1000 | R: 926.9318 | BS: 30000 | FPS: 136.5406 | T: 0:08:56
| eval           | F: 60000 | S: 30000 | E: 60 | L: 1000 | R: 952.1243 | T: 0:08:56
| train          | F: 61000 | S: 30500 | E: 61 | L: 1000 | R: 924.5082 | BS: 30500 | FPS: 35.8773 | T: 0:09:24
| train          | F: 62000 | S: 31000 | E: 62 | L: 1000 | R: 940.1152 | BS: 31000 | FPS: 135.4099 | T: 0:09:31
| train          | F: 63000 | S: 31500 | E: 63 | L: 1000 | R: 946.1667 | BS: 31500 | FPS: 136.4595 | T: 0:09:39
| train          | F: 64000 | S: 32000 | E: 64 | L: 1000 | R: 939.9995 | BS: 32000 | FPS: 131.6052 | T: 0:09:46
| train          | F: 65000 | S: 32500 | E: 65 | L: 1000 | R: 777.4806 | BS: 32500 | FPS: 136.7389 | T: 0:09:54
| train          | F: 66000 | S: 33000 | E: 66 | L: 1000 | R: 940.5004 | BS: 33000 | FPS: 135.0340 | T: 0:10:01
| train          | F: 67000 | S: 33500 | E: 67 | L: 1000 | R: 941.7475 | BS: 33500 | FPS: 130.3057 | T: 0:10:09
| train          | F: 68000 | S: 34000 | E: 68 | L: 1000 | R: 944.4595 | BS: 34000 | FPS: 134.9256 | T: 0:10:16
| train          | F: 69000 | S: 34500 | E: 69 | L: 1000 | R: 947.4601 | BS: 34500 | FPS: 133.8073 | T: 0:10:24
| train          | F: 70000 | S: 35000 | E: 70 | L: 1000 | R: 942.8959 | BS: 35000 | FPS: 130.9785 | T: 0:10:31
| eval           | F: 70000 | S: 35000 | E: 70 | L: 1000 | R: 965.5160 | T: 0:10:31
| train          | F: 71000 | S: 35500 | E: 71 | L: 1000 | R: 940.6792 | BS: 35500 | FPS: 35.8410 | T: 0:10:59
| train          | F: 72000 | S: 36000 | E: 72 | L: 1000 | R: 943.4115 | BS: 36000 | FPS: 142.7237 | T: 0:11:06
| train          | F: 73000 | S: 36500 | E: 73 | L: 1000 | R: 941.2748 | BS: 36500 | FPS: 143.4374 | T: 0:11:13
| train          | F: 74000 | S: 37000 | E: 74 | L: 1000 | R: 940.9920 | BS: 37000 | FPS: 131.9493 | T: 0:11:21
| train          | F: 75000 | S: 37500 | E: 75 | L: 1000 | R: 943.6740 | BS: 37500 | FPS: 138.0782 | T: 0:11:28
| train          | F: 76000 | S: 38000 | E: 76 | L: 1000 | R: 949.2632 | BS: 38000 | FPS: 142.7126 | T: 0:11:35
| train          | F: 77000 | S: 38500 | E: 77 | L: 1000 | R: 956.5253 | BS: 38500 | FPS: 142.4414 | T: 0:11:42
| train          | F: 78000 | S: 39000 | E: 78 | L: 1000 | R: 946.8857 | BS: 39000 | FPS: 141.8287 | T: 0:11:49
| train          | F: 79000 | S: 39500 | E: 79 | L: 1000 | R: 948.7236 | BS: 39500 | FPS: 141.1690 | T: 0:11:56
| train          | F: 80000 | S: 40000 | E: 80 | L: 1000 | R: 949.4646 | BS: 40000 | FPS: 140.4403 | T: 0:12:03
| eval           | F: 80000 | S: 40000 | E: 80 | L: 1000 | R: 968.1026 | T: 0:12:03
| train          | F: 81000 | S: 40500 | E: 81 | L: 1000 | R: 946.2781 | BS: 40500 | FPS: 35.8857 | T: 0:12:31
| train          | F: 82000 | S: 41000 | E: 82 | L: 1000 | R: 945.4116 | BS: 41000 | FPS: 137.7312 | T: 0:12:38
| train          | F: 83000 | S: 41500 | E: 83 | L: 1000 | R: 929.7039 | BS: 41500 | FPS: 128.4770 | T: 0:12:46
| train          | F: 84000 | S: 42000 | E: 84 | L: 1000 | R: 948.2963 | BS: 42000 | FPS: 133.6709 | T: 0:12:54
| train          | F: 85000 | S: 42500 | E: 85 | L: 1000 | R: 950.9090 | BS: 42500 | FPS: 140.5298 | T: 0:13:01
| train          | F: 86000 | S: 43000 | E: 86 | L: 1000 | R: 933.0231 | BS: 43000 | FPS: 143.5529 | T: 0:13:08
| train          | F: 87000 | S: 43500 | E: 87 | L: 1000 | R: 935.2326 | BS: 43500 | FPS: 140.5886 | T: 0:13:15
| train          | F: 88000 | S: 44000 | E: 88 | L: 1000 | R: 949.8069 | BS: 44000 | FPS: 142.9719 | T: 0:13:22
| train          | F: 89000 | S: 44500 | E: 89 | L: 1000 | R: 952.8046 | BS: 44500 | FPS: 142.6382 | T: 0:13:29
| train          | F: 90000 | S: 45000 | E: 90 | L: 1000 | R: 948.4035 | BS: 45000 | FPS: 139.8381 | T: 0:13:36
| eval           | F: 90000 | S: 45000 | E: 90 | L: 1000 | R: 960.8718 | T: 0:13:36
| train          | F: 91000 | S: 45500 | E: 91 | L: 1000 | R: 949.7460 | BS: 45500 | FPS: 35.5732 | T: 0:14:04
| train          | F: 92000 | S: 46000 | E: 92 | L: 1000 | R: 938.6869 | BS: 46000 | FPS: 130.3606 | T: 0:14:12
| train          | F: 93000 | S: 46500 | E: 93 | L: 1000 | R: 949.3135 | BS: 46500 | FPS: 131.2208 | T: 0:14:19
| train          | F: 94000 | S: 47000 | E: 94 | L: 1000 | R: 939.5837 | BS: 47000 | FPS: 137.5974 | T: 0:14:27
| train          | F: 95000 | S: 47500 | E: 95 | L: 1000 | R: 950.6695 | BS: 47500 | FPS: 142.3554 | T: 0:14:34
| train          | F: 96000 | S: 48000 | E: 96 | L: 1000 | R: 945.1539 | BS: 48000 | FPS: 142.5776 | T: 0:14:41
| train          | F: 97000 | S: 48500 | E: 97 | L: 1000 | R: 944.8886 | BS: 48500 | FPS: 141.7517 | T: 0:14:48
| train          | F: 98000 | S: 49000 | E: 98 | L: 1000 | R: 955.3878 | BS: 49000 | FPS: 138.4773 | T: 0:14:55
| train          | F: 99000 | S: 49500 | E: 99 | L: 1000 | R: 950.9933 | BS: 49500 | FPS: 132.6291 | T: 0:15:02
| train          | F: 100000 | S: 50000 | E: 100 | L: 1000 | R: 962.1705 | BS: 50000 | FPS: 126.6182 | T: 0:15:10
| eval           | F: 100000 | S: 50000 | E: 100 | L: 1000 | R: 960.7985 | T: 0:15:10
| train          | F: 101000 | S: 50500 | E: 101 | L: 1000 | R: 945.4579 | BS: 50500 | FPS: 39.5763 | T: 0:15:36
| train          | F: 102000 | S: 51000 | E: 102 | L: 1000 | R: 953.2405 | BS: 51000 | FPS: 135.1705 | T: 0:15:43
| train          | F: 103000 | S: 51500 | E: 103 | L: 1000 | R: 936.7506 | BS: 51500 | FPS: 133.4049 | T: 0:15:50
| train          | F: 104000 | S: 52000 | E: 104 | L: 1000 | R: 956.0916 | BS: 52000 | FPS: 141.2868 | T: 0:15:58
| train          | F: 105000 | S: 52500 | E: 105 | L: 1000 | R: 951.7780 | BS: 52500 | FPS: 135.8852 | T: 0:16:05
| train          | F: 106000 | S: 53000 | E: 106 | L: 1000 | R: 953.9006 | BS: 53000 | FPS: 143.6124 | T: 0:16:12
| train          | F: 107000 | S: 53500 | E: 107 | L: 1000 | R: 954.6710 | BS: 53500 | FPS: 135.3531 | T: 0:16:19
| train          | F: 108000 | S: 54000 | E: 108 | L: 1000 | R: 958.1204 | BS: 54000 | FPS: 124.3457 | T: 0:16:27
| train          | F: 109000 | S: 54500 | E: 109 | L: 1000 | R: 938.6381 | BS: 54500 | FPS: 126.9001 | T: 0:16:35
| train          | F: 110000 | S: 55000 | E: 110 | L: 1000 | R: 948.9465 | BS: 55000 | FPS: 138.0483 | T: 0:16:42
| eval           | F: 110000 | S: 55000 | E: 110 | L: 1000 | R: 979.4843 | T: 0:16:42
| train          | F: 111000 | S: 55500 | E: 111 | L: 1000 | R: 964.4905 | BS: 55500 | FPS: 36.5405 | T: 0:17:10
| train          | F: 112000 | S: 56000 | E: 112 | L: 1000 | R: 954.6355 | BS: 56000 | FPS: 138.9652 | T: 0:17:17
| train          | F: 113000 | S: 56500 | E: 113 | L: 1000 | R: 957.6637 | BS: 56500 | FPS: 132.6038 | T: 0:17:25
| train          | F: 114000 | S: 57000 | E: 114 | L: 1000 | R: 956.1121 | BS: 57000 | FPS: 129.5892 | T: 0:17:32
| train          | F: 115000 | S: 57500 | E: 115 | L: 1000 | R: 956.1998 | BS: 57500 | FPS: 130.2552 | T: 0:17:40
| train          | F: 116000 | S: 58000 | E: 116 | L: 1000 | R: 963.3474 | BS: 58000 | FPS: 129.2190 | T: 0:17:48
| train          | F: 117000 | S: 58500 | E: 117 | L: 1000 | R: 955.6719 | BS: 58500 | FPS: 137.5968 | T: 0:17:55
| train          | F: 118000 | S: 59000 | E: 118 | L: 1000 | R: 946.1354 | BS: 59000 | FPS: 126.0932 | T: 0:18:03
| train          | F: 119000 | S: 59500 | E: 119 | L: 1000 | R: 957.7934 | BS: 59500 | FPS: 127.4579 | T: 0:18:11
| train          | F: 120000 | S: 60000 | E: 120 | L: 1000 | R: 949.1585 | BS: 60000 | FPS: 134.3234 | T: 0:18:18
| eval           | F: 120000 | S: 60000 | E: 120 | L: 1000 | R: 973.5440 | T: 0:18:18
| train          | F: 121000 | S: 60500 | E: 121 | L: 1000 | R: 958.6958 | BS: 60500 | FPS: 40.1584 | T: 0:18:43
| train          | F: 122000 | S: 61000 | E: 122 | L: 1000 | R: 954.9455 | BS: 61000 | FPS: 138.6451 | T: 0:18:50
| train          | F: 123000 | S: 61500 | E: 123 | L: 1000 | R: 968.8447 | BS: 61500 | FPS: 138.9688 | T: 0:18:57
| train          | F: 124000 | S: 62000 | E: 124 | L: 1000 | R: 952.1703 | BS: 62000 | FPS: 141.9491 | T: 0:19:04
| train          | F: 125000 | S: 62500 | E: 125 | L: 1000 | R: 957.6526 | BS: 62500 | FPS: 141.2562 | T: 0:19:12
| train          | F: 126000 | S: 63000 | E: 126 | L: 1000 | R: 955.0093 | BS: 63000 | FPS: 140.6735 | T: 0:19:19
| train          | F: 127000 | S: 63500 | E: 127 | L: 1000 | R: 970.2244 | BS: 63500 | FPS: 138.7081 | T: 0:19:26
| train          | F: 128000 | S: 64000 | E: 128 | L: 1000 | R: 956.9972 | BS: 64000 | FPS: 137.5175 | T: 0:19:33
| train          | F: 129000 | S: 64500 | E: 129 | L: 1000 | R: 950.0344 | BS: 64500 | FPS: 136.1087 | T: 0:19:41
| train          | F: 130000 | S: 65000 | E: 130 | L: 1000 | R: 944.0611 | BS: 65000 | FPS: 136.5455 | T: 0:19:48
| eval           | F: 130000 | S: 65000 | E: 130 | L: 1000 | R: 962.7264 | T: 0:19:48
| train          | F: 131000 | S: 65500 | E: 131 | L: 1000 | R: 961.2408 | BS: 65500 | FPS: 34.8708 | T: 0:20:17
| train          | F: 132000 | S: 66000 | E: 132 | L: 1000 | R: 877.1412 | BS: 66000 | FPS: 131.4784 | T: 0:20:24
| train          | F: 133000 | S: 66500 | E: 133 | L: 1000 | R: 955.6281 | BS: 66500 | FPS: 136.5161 | T: 0:20:31
| train          | F: 134000 | S: 67000 | E: 134 | L: 1000 | R: 962.2384 | BS: 67000 | FPS: 134.5307 | T: 0:20:39
| train          | F: 135000 | S: 67500 | E: 135 | L: 1000 | R: 966.1614 | BS: 67500 | FPS: 129.9036 | T: 0:20:47
| train          | F: 136000 | S: 68000 | E: 136 | L: 1000 | R: 943.8253 | BS: 68000 | FPS: 130.9596 | T: 0:20:54
| train          | F: 137000 | S: 68500 | E: 137 | L: 1000 | R: 961.5894 | BS: 68500 | FPS: 136.8420 | T: 0:21:02
| train          | F: 138000 | S: 69000 | E: 138 | L: 1000 | R: 969.7520 | BS: 69000 | FPS: 124.8378 | T: 0:21:10
| train          | F: 139000 | S: 69500 | E: 139 | L: 1000 | R: 959.8733 | BS: 69500 | FPS: 129.7529 | T: 0:21:17
| train          | F: 140000 | S: 70000 | E: 140 | L: 1000 | R: 953.7715 | BS: 70000 | FPS: 132.9931 | T: 0:21:25
| eval           | F: 140000 | S: 70000 | E: 140 | L: 1000 | R: 956.2332 | T: 0:21:25
| train          | F: 141000 | S: 70500 | E: 141 | L: 1000 | R: 964.0840 | BS: 70500 | FPS: 40.1657 | T: 0:21:50
| train          | F: 142000 | S: 71000 | E: 142 | L: 1000 | R: 959.3536 | BS: 71000 | FPS: 132.7207 | T: 0:21:57
| train          | F: 143000 | S: 71500 | E: 143 | L: 1000 | R: 970.5920 | BS: 71500 | FPS: 129.6886 | T: 0:22:05
| train          | F: 144000 | S: 72000 | E: 144 | L: 1000 | R: 958.2664 | BS: 72000 | FPS: 138.6814 | T: 0:22:12
| train          | F: 145000 | S: 72500 | E: 145 | L: 1000 | R: 942.6887 | BS: 72500 | FPS: 141.1395 | T: 0:22:19
| train          | F: 146000 | S: 73000 | E: 146 | L: 1000 | R: 953.4698 | BS: 73000 | FPS: 141.2870 | T: 0:22:26
| train          | F: 147000 | S: 73500 | E: 147 | L: 1000 | R: 945.8288 | BS: 73500 | FPS: 141.3539 | T: 0:22:33
| train          | F: 148000 | S: 74000 | E: 148 | L: 1000 | R: 950.9373 | BS: 74000 | FPS: 140.4149 | T: 0:22:40
| train          | F: 149000 | S: 74500 | E: 149 | L: 1000 | R: 956.5237 | BS: 74500 | FPS: 138.6528 | T: 0:22:48
| train          | F: 150000 | S: 75000 | E: 150 | L: 1000 | R: 937.2106 | BS: 75000 | FPS: 139.6240 | T: 0:22:55
| eval           | F: 150000 | S: 75000 | E: 150 | L: 1000 | R: 944.3594 | T: 0:22:55
| train          | F: 151000 | S: 75500 | E: 151 | L: 1000 | R: 955.5422 | BS: 75500 | FPS: 35.7174 | T: 0:23:23
| train          | F: 152000 | S: 76000 | E: 152 | L: 1000 | R: 961.6496 | BS: 76000 | FPS: 142.2054 | T: 0:23:30
| train          | F: 153000 | S: 76500 | E: 153 | L: 1000 | R: 972.9266 | BS: 76500 | FPS: 142.1306 | T: 0:23:37
| train          | F: 154000 | S: 77000 | E: 154 | L: 1000 | R: 970.5308 | BS: 77000 | FPS: 140.7851 | T: 0:23:44
| train          | F: 155000 | S: 77500 | E: 155 | L: 1000 | R: 975.0849 | BS: 77500 | FPS: 141.5380 | T: 0:23:51
| train          | F: 156000 | S: 78000 | E: 156 | L: 1000 | R: 978.9355 | BS: 78000 | FPS: 140.1260 | T: 0:23:58
| train          | F: 157000 | S: 78500 | E: 157 | L: 1000 | R: 968.8728 | BS: 78500 | FPS: 137.4592 | T: 0:24:05
| train          | F: 158000 | S: 79000 | E: 158 | L: 1000 | R: 972.8410 | BS: 79000 | FPS: 132.6790 | T: 0:24:13
| train          | F: 159000 | S: 79500 | E: 159 | L: 1000 | R: 959.0311 | BS: 79500 | FPS: 137.5693 | T: 0:24:20
| train          | F: 160000 | S: 80000 | E: 160 | L: 1000 | R: 966.7483 | BS: 80000 | FPS: 133.6822 | T: 0:24:28
| eval           | F: 160000 | S: 80000 | E: 160 | L: 1000 | R: 977.7030 | T: 0:24:28
| train          | F: 161000 | S: 80500 | E: 161 | L: 1000 | R: 958.0702 | BS: 80500 | FPS: 37.4159 | T: 0:24:54
| train          | F: 162000 | S: 81000 | E: 162 | L: 1000 | R: 946.7491 | BS: 81000 | FPS: 133.9113 | T: 0:25:02
| train          | F: 163000 | S: 81500 | E: 163 | L: 1000 | R: 960.1673 | BS: 81500 | FPS: 129.5731 | T: 0:25:10
| train          | F: 164000 | S: 82000 | E: 164 | L: 1000 | R: 956.7919 | BS: 82000 | FPS: 128.9604 | T: 0:25:17
| train          | F: 165000 | S: 82500 | E: 165 | L: 1000 | R: 962.1466 | BS: 82500 | FPS: 137.6294 | T: 0:25:25
| train          | F: 166000 | S: 83000 | E: 166 | L: 1000 | R: 961.3107 | BS: 83000 | FPS: 128.2747 | T: 0:25:32
| train          | F: 167000 | S: 83500 | E: 167 | L: 1000 | R: 967.5060 | BS: 83500 | FPS: 137.6582 | T: 0:25:40
| train          | F: 168000 | S: 84000 | E: 168 | L: 1000 | R: 947.1299 | BS: 84000 | FPS: 128.0607 | T: 0:25:48
| train          | F: 169000 | S: 84500 | E: 169 | L: 1000 | R: 929.2511 | BS: 84500 | FPS: 136.4818 | T: 0:25:55
| train          | F: 170000 | S: 85000 | E: 170 | L: 1000 | R: 957.6756 | BS: 85000 | FPS: 136.9804 | T: 0:26:02
| eval           | F: 170000 | S: 85000 | E: 170 | L: 1000 | R: 972.8679 | T: 0:26:02
| train          | F: 171000 | S: 85500 | E: 171 | L: 1000 | R: 954.6992 | BS: 85500 | FPS: 35.9158 | T: 0:26:30
| train          | F: 172000 | S: 86000 | E: 172 | L: 1000 | R: 970.5019 | BS: 86000 | FPS: 140.5288 | T: 0:26:37
| train          | F: 173000 | S: 86500 | E: 173 | L: 1000 | R: 960.3882 | BS: 86500 | FPS: 142.0543 | T: 0:26:44
| train          | F: 174000 | S: 87000 | E: 174 | L: 1000 | R: 959.1818 | BS: 87000 | FPS: 129.0640 | T: 0:26:52
| train          | F: 175000 | S: 87500 | E: 175 | L: 1000 | R: 961.5976 | BS: 87500 | FPS: 124.8334 | T: 0:27:00
| train          | F: 176000 | S: 88000 | E: 176 | L: 1000 | R: 963.0176 | BS: 88000 | FPS: 135.1239 | T: 0:27:07
| train          | F: 177000 | S: 88500 | E: 177 | L: 1000 | R: 960.5505 | BS: 88500 | FPS: 142.3320 | T: 0:27:14
| train          | F: 178000 | S: 89000 | E: 178 | L: 1000 | R: 945.8167 | BS: 89000 | FPS: 140.0362 | T: 0:27:22
| train          | F: 179000 | S: 89500 | E: 179 | L: 1000 | R: 960.6114 | BS: 89500 | FPS: 141.2868 | T: 0:27:29
| train          | F: 180000 | S: 90000 | E: 180 | L: 1000 | R: 961.5056 | BS: 90000 | FPS: 132.2905 | T: 0:27:36
| eval           | F: 180000 | S: 90000 | E: 180 | L: 1000 | R: 958.7934 | T: 0:27:36
| train          | F: 181000 | S: 90500 | E: 181 | L: 1000 | R: 949.4828 | BS: 90500 | FPS: 39.0992 | T: 0:28:02
| train          | F: 182000 | S: 91000 | E: 182 | L: 1000 | R: 956.4462 | BS: 91000 | FPS: 129.8166 | T: 0:28:09
| train          | F: 183000 | S: 91500 | E: 183 | L: 1000 | R: 962.4008 | BS: 91500 | FPS: 130.5602 | T: 0:28:17
| train          | F: 184000 | S: 92000 | E: 184 | L: 1000 | R: 961.2941 | BS: 92000 | FPS: 127.3685 | T: 0:28:25
| train          | F: 185000 | S: 92500 | E: 185 | L: 1000 | R: 963.2025 | BS: 92500 | FPS: 139.5007 | T: 0:28:32
| train          | F: 186000 | S: 93000 | E: 186 | L: 1000 | R: 940.2298 | BS: 93000 | FPS: 138.1428 | T: 0:28:39
| train          | F: 187000 | S: 93500 | E: 187 | L: 1000 | R: 938.0256 | BS: 93500 | FPS: 142.9220 | T: 0:28:46
| train          | F: 188000 | S: 94000 | E: 188 | L: 1000 | R: 976.8899 | BS: 94000 | FPS: 141.0281 | T: 0:28:53
| train          | F: 189000 | S: 94500 | E: 189 | L: 1000 | R: 963.2387 | BS: 94500 | FPS: 141.3991 | T: 0:29:01
| train          | F: 190000 | S: 95000 | E: 190 | L: 1000 | R: 963.6157 | BS: 95000 | FPS: 134.9997 | T: 0:29:08
| eval           | F: 190000 | S: 95000 | E: 190 | L: 1000 | R: 981.7856 | T: 0:29:08
| train          | F: 191000 | S: 95500 | E: 191 | L: 1000 | R: 944.4716 | BS: 95500 | FPS: 39.5348 | T: 0:29:33
| train          | F: 192000 | S: 96000 | E: 192 | L: 1000 | R: 955.8918 | BS: 96000 | FPS: 134.6224 | T: 0:29:41
| train          | F: 193000 | S: 96500 | E: 193 | L: 1000 | R: 964.7804 | BS: 96500 | FPS: 135.8949 | T: 0:29:48
| train          | F: 194000 | S: 97000 | E: 194 | L: 1000 | R: 973.0575 | BS: 97000 | FPS: 138.1953 | T: 0:29:55
| train          | F: 195000 | S: 97500 | E: 195 | L: 1000 | R: 971.6115 | BS: 97500 | FPS: 124.2248 | T: 0:30:03
| train          | F: 196000 | S: 98000 | E: 196 | L: 1000 | R: 971.8423 | BS: 98000 | FPS: 126.1360 | T: 0:30:11
| train          | F: 197000 | S: 98500 | E: 197 | L: 1000 | R: 951.9067 | BS: 98500 | FPS: 130.3322 | T: 0:30:19
| train          | F: 198000 | S: 99000 | E: 198 | L: 1000 | R: 969.5854 | BS: 99000 | FPS: 138.3824 | T: 0:30:26
| train          | F: 199000 | S: 99500 | E: 199 | L: 1000 | R: 966.5187 | BS: 99500 | FPS: 137.5934 | T: 0:30:33
| train          | F: 200000 | S: 100000 | E: 200 | L: 1000 | R: 961.4245 | BS: 100000 | FPS: 138.1050 | T: 0:30:41
| eval           | F: 200000 | S: 100000 | E: 200 | L: 1000 | R: 986.1670 | T: 0:30:41
| train          | F: 201000 | S: 100500 | E: 201 | L: 1000 | R: 958.9650 | BS: 100500 | FPS: 41.0436 | T: 0:31:05
| train          | F: 202000 | S: 101000 | E: 202 | L: 1000 | R: 962.9504 | BS: 101000 | FPS: 144.9726 | T: 0:31:12
| train          | F: 203000 | S: 101500 | E: 203 | L: 1000 | R: 962.2684 | BS: 101500 | FPS: 144.3568 | T: 0:31:19
| train          | F: 204000 | S: 102000 | E: 204 | L: 1000 | R: 969.4756 | BS: 102000 | FPS: 139.5223 | T: 0:31:26
| train          | F: 205000 | S: 102500 | E: 205 | L: 1000 | R: 981.6874 | BS: 102500 | FPS: 139.1733 | T: 0:31:33
| train          | F: 206000 | S: 103000 | E: 206 | L: 1000 | R: 964.3291 | BS: 103000 | FPS: 135.1697 | T: 0:31:41
| train          | F: 207000 | S: 103500 | E: 207 | L: 1000 | R: 968.5102 | BS: 103500 | FPS: 138.9704 | T: 0:31:48
| train          | F: 208000 | S: 104000 | E: 208 | L: 1000 | R: 955.1972 | BS: 104000 | FPS: 135.8424 | T: 0:31:55
| train          | F: 209000 | S: 104500 | E: 209 | L: 1000 | R: 969.1760 | BS: 104500 | FPS: 136.9592 | T: 0:32:02
| train          | F: 210000 | S: 105000 | E: 210 | L: 1000 | R: 946.6758 | BS: 105000 | FPS: 136.9539 | T: 0:32:10
| eval           | F: 210000 | S: 105000 | E: 210 | L: 1000 | R: 973.1192 | T: 0:32:10
| train          | F: 211000 | S: 105500 | E: 211 | L: 1000 | R: 957.8206 | BS: 105500 | FPS: 38.9244 | T: 0:32:35
| train          | F: 212000 | S: 106000 | E: 212 | L: 1000 | R: 974.5640 | BS: 106000 | FPS: 144.0254 | T: 0:32:42
| train          | F: 213000 | S: 106500 | E: 213 | L: 1000 | R: 961.9460 | BS: 106500 | FPS: 139.6805 | T: 0:32:50
| train          | F: 214000 | S: 107000 | E: 214 | L: 1000 | R: 974.3623 | BS: 107000 | FPS: 142.3246 | T: 0:32:57
| train          | F: 215000 | S: 107500 | E: 215 | L: 1000 | R: 971.2679 | BS: 107500 | FPS: 141.4674 | T: 0:33:04
| train          | F: 216000 | S: 108000 | E: 216 | L: 1000 | R: 960.3254 | BS: 108000 | FPS: 137.6736 | T: 0:33:11
| train          | F: 217000 | S: 108500 | E: 217 | L: 1000 | R: 958.3181 | BS: 108500 | FPS: 138.6008 | T: 0:33:18
| train          | F: 218000 | S: 109000 | E: 218 | L: 1000 | R: 972.4857 | BS: 109000 | FPS: 135.8631 | T: 0:33:25
| train          | F: 219000 | S: 109500 | E: 219 | L: 1000 | R: 964.8998 | BS: 109500 | FPS: 134.5451 | T: 0:33:33
| train          | F: 220000 | S: 110000 | E: 220 | L: 1000 | R: 944.3328 | BS: 110000 | FPS: 138.5953 | T: 0:33:40
| eval           | F: 220000 | S: 110000 | E: 220 | L: 1000 | R: 982.6935 | T: 0:33:40
| train          | F: 221000 | S: 110500 | E: 221 | L: 1000 | R: 949.6444 | BS: 110500 | FPS: 36.0495 | T: 0:34:08
| train          | F: 222000 | S: 111000 | E: 222 | L: 1000 | R: 972.9694 | BS: 111000 | FPS: 140.8951 | T: 0:34:15
| train          | F: 223000 | S: 111500 | E: 223 | L: 1000 | R: 965.9397 | BS: 111500 | FPS: 143.9529 | T: 0:34:22
| train          | F: 224000 | S: 112000 | E: 224 | L: 1000 | R: 967.4925 | BS: 112000 | FPS: 143.2343 | T: 0:34:29
| train          | F: 225000 | S: 112500 | E: 225 | L: 1000 | R: 967.7440 | BS: 112500 | FPS: 129.7382 | T: 0:34:37
| train          | F: 226000 | S: 113000 | E: 226 | L: 1000 | R: 962.0099 | BS: 113000 | FPS: 135.3319 | T: 0:34:44
| train          | F: 227000 | S: 113500 | E: 227 | L: 1000 | R: 966.1827 | BS: 113500 | FPS: 138.6271 | T: 0:34:51
| train          | F: 228000 | S: 114000 | E: 228 | L: 1000 | R: 935.1002 | BS: 114000 | FPS: 130.3279 | T: 0:34:59
| train          | F: 229000 | S: 114500 | E: 229 | L: 1000 | R: 968.0138 | BS: 114500 | FPS: 139.3486 | T: 0:35:06
| train          | F: 230000 | S: 115000 | E: 230 | L: 1000 | R: 963.8254 | BS: 115000 | FPS: 131.5861 | T: 0:35:14
| eval           | F: 230000 | S: 115000 | E: 230 | L: 1000 | R: 961.0106 | T: 0:35:14
| train          | F: 231000 | S: 115500 | E: 231 | L: 1000 | R: 960.8405 | BS: 115500 | FPS: 40.4501 | T: 0:35:38
| train          | F: 232000 | S: 116000 | E: 232 | L: 1000 | R: 958.9009 | BS: 116000 | FPS: 138.7472 | T: 0:35:46
| train          | F: 233000 | S: 116500 | E: 233 | L: 1000 | R: 951.2183 | BS: 116500 | FPS: 142.0167 | T: 0:35:53
| train          | F: 234000 | S: 117000 | E: 234 | L: 1000 | R: 963.2019 | BS: 117000 | FPS: 141.0882 | T: 0:36:00
| train          | F: 235000 | S: 117500 | E: 235 | L: 1000 | R: 964.4132 | BS: 117500 | FPS: 141.1619 | T: 0:36:07
| train          | F: 236000 | S: 118000 | E: 236 | L: 1000 | R: 964.1797 | BS: 118000 | FPS: 140.2372 | T: 0:36:14
| train          | F: 237000 | S: 118500 | E: 237 | L: 1000 | R: 971.2380 | BS: 118500 | FPS: 135.1407 | T: 0:36:21
| train          | F: 238000 | S: 119000 | E: 238 | L: 1000 | R: 977.4174 | BS: 119000 | FPS: 134.6837 | T: 0:36:29
| train          | F: 239000 | S: 119500 | E: 239 | L: 1000 | R: 973.8149 | BS: 119500 | FPS: 130.8112 | T: 0:36:36
| train          | F: 240000 | S: 120000 | E: 240 | L: 1000 | R: 965.2369 | BS: 120000 | FPS: 133.9478 | T: 0:36:44
| eval           | F: 240000 | S: 120000 | E: 240 | L: 1000 | R: 988.8226 | T: 0:36:44
| train          | F: 241000 | S: 120500 | E: 241 | L: 1000 | R: 968.0528 | BS: 120500 | FPS: 35.5619 | T: 0:37:12
| train          | F: 242000 | S: 121000 | E: 242 | L: 1000 | R: 975.8676 | BS: 121000 | FPS: 139.1064 | T: 0:37:19
| train          | F: 243000 | S: 121500 | E: 243 | L: 1000 | R: 967.9786 | BS: 121500 | FPS: 142.8121 | T: 0:37:26
| train          | F: 244000 | S: 122000 | E: 244 | L: 1000 | R: 957.2224 | BS: 122000 | FPS: 143.7048 | T: 0:37:33
| train          | F: 245000 | S: 122500 | E: 245 | L: 1000 | R: 964.9349 | BS: 122500 | FPS: 140.6206 | T: 0:37:40
| train          | F: 246000 | S: 123000 | E: 246 | L: 1000 | R: 970.2616 | BS: 123000 | FPS: 139.2136 | T: 0:37:47
| train          | F: 247000 | S: 123500 | E: 247 | L: 1000 | R: 967.4803 | BS: 123500 | FPS: 139.7233 | T: 0:37:55
| train          | F: 248000 | S: 124000 | E: 248 | L: 1000 | R: 972.1786 | BS: 124000 | FPS: 136.0095 | T: 0:38:02
| train          | F: 249000 | S: 124500 | E: 249 | L: 1000 | R: 971.2657 | BS: 124500 | FPS: 137.7777 | T: 0:38:09
