/workspace/learn-si2e/SI2E/SI2E_DrQv2/train.py:210: UserWarning: 
The version_base parameter is not specified.
Please specify a compatability version level, or None.
Will assume defaults for version 1.1
  @hydra.main(config_path='cfgs', config_name='config')
/usr/local/lib/python3.10/dist-packages/hydra/_internal/hydra.py:119: UserWarning: Future Hydra versions will no longer change working directory at job runtime by default.
See https://hydra.cc/docs/1.2/upgrades/1.1_to_1.2/changes_to_job_working_dir/ for more information.
  ret = run_job(
/workspace/learn-si2e/SI2E/SI2E_DrQv2/train.py:210: UserWarning: 
The version_base parameter is not specified.
Please specify a compatability version level, or None.
Will assume defaults for version 1.1
  @hydra.main(config_path='cfgs', config_name='config')
workspace: /workspace/learn-si2e/results/drqv2-official/cartpole_balance_baseline_seed1
| eval           | F: 0 | S: 0 | E: 0 | L: 1000 | R: 390.1241 | T: 0:00:00
| train          | F: 5000 | S: 2500 | E: 5 | L: 1000 | R: 151.2461 | BS: 2500 | FPS: 20.6618 | T: 0:00:48
| train          | F: 6000 | S: 3000 | E: 6 | L: 1000 | R: 142.1278 | BS: 3000 | FPS: 90.2304 | T: 0:00:59
| train          | F: 7000 | S: 3500 | E: 7 | L: 1000 | R: 145.8692 | BS: 3500 | FPS: 84.2163 | T: 0:01:11
| train          | F: 8000 | S: 4000 | E: 8 | L: 1000 | R: 142.5714 | BS: 4000 | FPS: 84.7116 | T: 0:01:23
| train          | F: 9000 | S: 4500 | E: 9 | L: 1000 | R: 141.4124 | BS: 4500 | FPS: 86.0085 | T: 0:01:34
| train          | F: 10000 | S: 5000 | E: 10 | L: 1000 | R: 143.3128 | BS: 5000 | FPS: 80.9973 | T: 0:01:47
| eval           | F: 10000 | S: 5000 | E: 10 | L: 1000 | R: 135.6997 | T: 0:01:47
| train          | F: 11000 | S: 5500 | E: 11 | L: 1000 | R: 140.0727 | BS: 5500 | FPS: 29.1081 | T: 0:02:21
| train          | F: 12000 | S: 6000 | E: 12 | L: 1000 | R: 142.5815 | BS: 6000 | FPS: 113.3199 | T: 0:02:30
| train          | F: 13000 | S: 6500 | E: 13 | L: 1000 | R: 143.2816 | BS: 6500 | FPS: 103.5852 | T: 0:02:39
| train          | F: 14000 | S: 7000 | E: 14 | L: 1000 | R: 142.0408 | BS: 7000 | FPS: 105.5196 | T: 0:02:49
| train          | F: 15000 | S: 7500 | E: 15 | L: 1000 | R: 141.1179 | BS: 7500 | FPS: 103.8069 | T: 0:02:59
| train          | F: 16000 | S: 8000 | E: 16 | L: 1000 | R: 234.0319 | BS: 8000 | FPS: 102.3600 | T: 0:03:08
| train          | F: 17000 | S: 8500 | E: 17 | L: 1000 | R: 391.1610 | BS: 8500 | FPS: 109.4906 | T: 0:03:17
| train          | F: 18000 | S: 9000 | E: 18 | L: 1000 | R: 349.2111 | BS: 9000 | FPS: 103.6304 | T: 0:03:27
| train          | F: 19000 | S: 9500 | E: 19 | L: 1000 | R: 539.2930 | BS: 9500 | FPS: 102.8195 | T: 0:03:37
| train          | F: 20000 | S: 10000 | E: 20 | L: 1000 | R: 466.4516 | BS: 10000 | FPS: 102.3919 | T: 0:03:47
| eval           | F: 20000 | S: 10000 | E: 20 | L: 1000 | R: 400.1038 | T: 0:03:47
| train          | F: 21000 | S: 10500 | E: 21 | L: 1000 | R: 343.7181 | BS: 10500 | FPS: 29.6841 | T: 0:04:20
| train          | F: 22000 | S: 11000 | E: 22 | L: 1000 | R: 345.0622 | BS: 11000 | FPS: 106.0820 | T: 0:04:30
| train          | F: 23000 | S: 11500 | E: 23 | L: 1000 | R: 443.8332 | BS: 11500 | FPS: 107.0055 | T: 0:04:39
| train          | F: 24000 | S: 12000 | E: 24 | L: 1000 | R: 344.3661 | BS: 12000 | FPS: 104.5481 | T: 0:04:49
| train          | F: 25000 | S: 12500 | E: 25 | L: 1000 | R: 321.3488 | BS: 12500 | FPS: 105.5203 | T: 0:04:58
| train          | F: 26000 | S: 13000 | E: 26 | L: 1000 | R: 358.0379 | BS: 13000 | FPS: 109.9815 | T: 0:05:07
| train          | F: 27000 | S: 13500 | E: 27 | L: 1000 | R: 361.6771 | BS: 13500 | FPS: 105.9110 | T: 0:05:17
| train          | F: 28000 | S: 14000 | E: 28 | L: 1000 | R: 346.8878 | BS: 14000 | FPS: 104.2984 | T: 0:05:26
| train          | F: 29000 | S: 14500 | E: 29 | L: 1000 | R: 544.9223 | BS: 14500 | FPS: 85.5001 | T: 0:05:38
| train          | F: 30000 | S: 15000 | E: 30 | L: 1000 | R: 435.7420 | BS: 15000 | FPS: 106.1160 | T: 0:05:47
| eval           | F: 30000 | S: 15000 | E: 30 | L: 1000 | R: 487.7731 | T: 0:05:47
| train          | F: 31000 | S: 15500 | E: 31 | L: 1000 | R: 484.3479 | BS: 15500 | FPS: 28.6510 | T: 0:06:22
| train          | F: 32000 | S: 16000 | E: 32 | L: 1000 | R: 543.6946 | BS: 16000 | FPS: 111.3869 | T: 0:06:31
| train          | F: 33000 | S: 16500 | E: 33 | L: 1000 | R: 336.1033 | BS: 16500 | FPS: 107.3286 | T: 0:06:41
| train          | F: 34000 | S: 17000 | E: 34 | L: 1000 | R: 743.2309 | BS: 17000 | FPS: 107.2377 | T: 0:06:50
| train          | F: 35000 | S: 17500 | E: 35 | L: 1000 | R: 625.6431 | BS: 17500 | FPS: 107.9954 | T: 0:06:59
| train          | F: 36000 | S: 18000 | E: 36 | L: 1000 | R: 502.6403 | BS: 18000 | FPS: 107.2964 | T: 0:07:08
| train          | F: 37000 | S: 18500 | E: 37 | L: 1000 | R: 266.3782 | BS: 18500 | FPS: 100.2955 | T: 0:07:18
| train          | F: 38000 | S: 19000 | E: 38 | L: 1000 | R: 566.8230 | BS: 19000 | FPS: 101.8070 | T: 0:07:28
| train          | F: 39000 | S: 19500 | E: 39 | L: 1000 | R: 682.7213 | BS: 19500 | FPS: 109.4744 | T: 0:07:37
| train          | F: 40000 | S: 20000 | E: 40 | L: 1000 | R: 441.3403 | BS: 20000 | FPS: 103.6372 | T: 0:07:47
| eval           | F: 40000 | S: 20000 | E: 40 | L: 1000 | R: 983.5585 | T: 0:07:47
| train          | F: 41000 | S: 20500 | E: 41 | L: 1000 | R: 883.8221 | BS: 20500 | FPS: 28.4526 | T: 0:08:22
| train          | F: 42000 | S: 21000 | E: 42 | L: 1000 | R: 963.2711 | BS: 21000 | FPS: 103.9718 | T: 0:08:32
| train          | F: 43000 | S: 21500 | E: 43 | L: 1000 | R: 970.8790 | BS: 21500 | FPS: 86.3039 | T: 0:08:43
| train          | F: 44000 | S: 22000 | E: 44 | L: 1000 | R: 970.3116 | BS: 22000 | FPS: 83.3356 | T: 0:08:55
| train          | F: 45000 | S: 22500 | E: 45 | L: 1000 | R: 810.9007 | BS: 22500 | FPS: 94.6386 | T: 0:09:06
| train          | F: 46000 | S: 23000 | E: 46 | L: 1000 | R: 871.5371 | BS: 23000 | FPS: 90.3935 | T: 0:09:17
| train          | F: 47000 | S: 23500 | E: 47 | L: 1000 | R: 971.1212 | BS: 23500 | FPS: 82.0710 | T: 0:09:29
| train          | F: 48000 | S: 24000 | E: 48 | L: 1000 | R: 965.2052 | BS: 24000 | FPS: 80.8723 | T: 0:09:42
| train          | F: 49000 | S: 24500 | E: 49 | L: 1000 | R: 963.9557 | BS: 24500 | FPS: 88.0030 | T: 0:09:53
| train          | F: 50000 | S: 25000 | E: 50 | L: 1000 | R: 962.1359 | BS: 25000 | FPS: 110.3593 | T: 0:10:02
| eval           | F: 50000 | S: 25000 | E: 50 | L: 1000 | R: 973.9845 | T: 0:10:02
| train          | F: 51000 | S: 25500 | E: 51 | L: 1000 | R: 966.3284 | BS: 25500 | FPS: 31.1223 | T: 0:10:34
| train          | F: 52000 | S: 26000 | E: 52 | L: 1000 | R: 956.1262 | BS: 26000 | FPS: 104.7464 | T: 0:10:44
| train          | F: 53000 | S: 26500 | E: 53 | L: 1000 | R: 948.6138 | BS: 26500 | FPS: 103.5123 | T: 0:10:53
| train          | F: 54000 | S: 27000 | E: 54 | L: 1000 | R: 957.7531 | BS: 27000 | FPS: 103.9124 | T: 0:11:03
| train          | F: 55000 | S: 27500 | E: 55 | L: 1000 | R: 958.7812 | BS: 27500 | FPS: 94.4715 | T: 0:11:14
| train          | F: 56000 | S: 28000 | E: 56 | L: 1000 | R: 957.5279 | BS: 28000 | FPS: 84.8765 | T: 0:11:25
| train          | F: 57000 | S: 28500 | E: 57 | L: 1000 | R: 958.7457 | BS: 28500 | FPS: 82.4430 | T: 0:11:37
| train          | F: 58000 | S: 29000 | E: 58 | L: 1000 | R: 955.5136 | BS: 29000 | FPS: 85.3356 | T: 0:11:49
| train          | F: 59000 | S: 29500 | E: 59 | L: 1000 | R: 945.4888 | BS: 29500 | FPS: 106.5881 | T: 0:11:59
| train          | F: 60000 | S: 30000 | E: 60 | L: 1000 | R: 948.2529 | BS: 30000 | FPS: 107.1498 | T: 0:12:08
| eval           | F: 60000 | S: 30000 | E: 60 | L: 1000 | R: 951.2974 | T: 0:12:08
| train          | F: 61000 | S: 30500 | E: 61 | L: 1000 | R: 950.6102 | BS: 30500 | FPS: 30.7818 | T: 0:12:40
| train          | F: 62000 | S: 31000 | E: 62 | L: 1000 | R: 950.0156 | BS: 31000 | FPS: 108.0709 | T: 0:12:50
| train          | F: 63000 | S: 31500 | E: 63 | L: 1000 | R: 947.4523 | BS: 31500 | FPS: 103.9408 | T: 0:12:59
| train          | F: 64000 | S: 32000 | E: 64 | L: 1000 | R: 949.5935 | BS: 32000 | FPS: 103.4604 | T: 0:13:09
| train          | F: 65000 | S: 32500 | E: 65 | L: 1000 | R: 947.5086 | BS: 32500 | FPS: 110.7237 | T: 0:13:18
| train          | F: 66000 | S: 33000 | E: 66 | L: 1000 | R: 940.5591 | BS: 33000 | FPS: 97.5357 | T: 0:13:28
| train          | F: 67000 | S: 33500 | E: 67 | L: 1000 | R: 946.7439 | BS: 33500 | FPS: 93.6688 | T: 0:13:39
| train          | F: 68000 | S: 34000 | E: 68 | L: 1000 | R: 947.0289 | BS: 34000 | FPS: 99.1426 | T: 0:13:49
| train          | F: 69000 | S: 34500 | E: 69 | L: 1000 | R: 939.9692 | BS: 34500 | FPS: 105.0712 | T: 0:13:58
| train          | F: 70000 | S: 35000 | E: 70 | L: 1000 | R: 951.3018 | BS: 35000 | FPS: 104.4860 | T: 0:14:08
| eval           | F: 70000 | S: 35000 | E: 70 | L: 1000 | R: 941.1371 | T: 0:14:08
| train          | F: 71000 | S: 35500 | E: 71 | L: 1000 | R: 947.0407 | BS: 35500 | FPS: 31.2370 | T: 0:14:40
| train          | F: 72000 | S: 36000 | E: 72 | L: 1000 | R: 953.2494 | BS: 36000 | FPS: 107.2711 | T: 0:14:49
| train          | F: 73000 | S: 36500 | E: 73 | L: 1000 | R: 945.8146 | BS: 36500 | FPS: 111.3643 | T: 0:14:58
| train          | F: 74000 | S: 37000 | E: 74 | L: 1000 | R: 947.2645 | BS: 37000 | FPS: 105.1971 | T: 0:15:08
| train          | F: 75000 | S: 37500 | E: 75 | L: 1000 | R: 945.0748 | BS: 37500 | FPS: 100.7162 | T: 0:15:18
| train          | F: 76000 | S: 38000 | E: 76 | L: 1000 | R: 948.9469 | BS: 38000 | FPS: 104.1282 | T: 0:15:27
| train          | F: 77000 | S: 38500 | E: 77 | L: 1000 | R: 949.5129 | BS: 38500 | FPS: 105.7227 | T: 0:15:37
| train          | F: 78000 | S: 39000 | E: 78 | L: 1000 | R: 950.3099 | BS: 39000 | FPS: 103.7926 | T: 0:15:46
| train          | F: 79000 | S: 39500 | E: 79 | L: 1000 | R: 949.1603 | BS: 39500 | FPS: 106.7142 | T: 0:15:56
| train          | F: 80000 | S: 40000 | E: 80 | L: 1000 | R: 957.2931 | BS: 40000 | FPS: 104.4667 | T: 0:16:05
| eval           | F: 80000 | S: 40000 | E: 80 | L: 1000 | R: 965.3164 | T: 0:16:05
| train          | F: 81000 | S: 40500 | E: 81 | L: 1000 | R: 957.0756 | BS: 40500 | FPS: 30.9049 | T: 0:16:38
| train          | F: 82000 | S: 41000 | E: 82 | L: 1000 | R: 956.2513 | BS: 41000 | FPS: 111.5431 | T: 0:16:47
| train          | F: 83000 | S: 41500 | E: 83 | L: 1000 | R: 955.2341 | BS: 41500 | FPS: 106.0908 | T: 0:16:56
| train          | F: 84000 | S: 42000 | E: 84 | L: 1000 | R: 952.5208 | BS: 42000 | FPS: 94.4283 | T: 0:17:07
| train          | F: 85000 | S: 42500 | E: 85 | L: 1000 | R: 957.1724 | BS: 42500 | FPS: 91.6625 | T: 0:17:18
| train          | F: 86000 | S: 43000 | E: 86 | L: 1000 | R: 955.6589 | BS: 43000 | FPS: 82.1233 | T: 0:17:30
| train          | F: 87000 | S: 43500 | E: 87 | L: 1000 | R: 953.6916 | BS: 43500 | FPS: 83.7559 | T: 0:17:42
| train          | F: 88000 | S: 44000 | E: 88 | L: 1000 | R: 941.8731 | BS: 44000 | FPS: 82.6072 | T: 0:17:54
| train          | F: 89000 | S: 44500 | E: 89 | L: 1000 | R: 956.7474 | BS: 44500 | FPS: 83.2131 | T: 0:18:06
| train          | F: 90000 | S: 45000 | E: 90 | L: 1000 | R: 950.0627 | BS: 45000 | FPS: 85.2784 | T: 0:18:18
| eval           | F: 90000 | S: 45000 | E: 90 | L: 1000 | R: 964.1153 | T: 0:18:18
| train          | F: 91000 | S: 45500 | E: 91 | L: 1000 | R: 947.4588 | BS: 45500 | FPS: 26.5217 | T: 0:18:55
| train          | F: 92000 | S: 46000 | E: 92 | L: 1000 | R: 951.2496 | BS: 46000 | FPS: 85.1403 | T: 0:19:07
| train          | F: 93000 | S: 46500 | E: 93 | L: 1000 | R: 954.7666 | BS: 46500 | FPS: 89.4369 | T: 0:19:18
| train          | F: 94000 | S: 47000 | E: 94 | L: 1000 | R: 952.2233 | BS: 47000 | FPS: 111.0110 | T: 0:19:27
| train          | F: 95000 | S: 47500 | E: 95 | L: 1000 | R: 952.0922 | BS: 47500 | FPS: 109.2913 | T: 0:19:36
| train          | F: 96000 | S: 48000 | E: 96 | L: 1000 | R: 961.2199 | BS: 48000 | FPS: 107.9835 | T: 0:19:46
| train          | F: 97000 | S: 48500 | E: 97 | L: 1000 | R: 948.2762 | BS: 48500 | FPS: 105.8678 | T: 0:19:55
| train          | F: 98000 | S: 49000 | E: 98 | L: 1000 | R: 959.4718 | BS: 49000 | FPS: 109.0658 | T: 0:20:04
| train          | F: 99000 | S: 49500 | E: 99 | L: 1000 | R: 955.3781 | BS: 49500 | FPS: 109.0382 | T: 0:20:13
| train          | F: 100000 | S: 50000 | E: 100 | L: 1000 | R: 955.9679 | BS: 50000 | FPS: 107.6606 | T: 0:20:23
| eval           | F: 100000 | S: 50000 | E: 100 | L: 1000 | R: 954.6313 | T: 0:20:23
| train          | F: 101000 | S: 50500 | E: 101 | L: 1000 | R: 947.2280 | BS: 50500 | FPS: 29.6560 | T: 0:20:56
| train          | F: 102000 | S: 51000 | E: 102 | L: 1000 | R: 959.9195 | BS: 51000 | FPS: 108.5666 | T: 0:21:06
| train          | F: 103000 | S: 51500 | E: 103 | L: 1000 | R: 941.2459 | BS: 51500 | FPS: 111.1526 | T: 0:21:15
| train          | F: 104000 | S: 52000 | E: 104 | L: 1000 | R: 948.7888 | BS: 52000 | FPS: 110.3029 | T: 0:21:24
| train          | F: 105000 | S: 52500 | E: 105 | L: 1000 | R: 955.6011 | BS: 52500 | FPS: 107.3295 | T: 0:21:33
| train          | F: 106000 | S: 53000 | E: 106 | L: 1000 | R: 947.4415 | BS: 53000 | FPS: 108.0509 | T: 0:21:42
| train          | F: 107000 | S: 53500 | E: 107 | L: 1000 | R: 927.0259 | BS: 53500 | FPS: 110.0620 | T: 0:21:51
| train          | F: 108000 | S: 54000 | E: 108 | L: 1000 | R: 941.8649 | BS: 54000 | FPS: 104.5296 | T: 0:22:01
| train          | F: 109000 | S: 54500 | E: 109 | L: 1000 | R: 962.5995 | BS: 54500 | FPS: 99.8375 | T: 0:22:11
| train          | F: 110000 | S: 55000 | E: 110 | L: 1000 | R: 947.1490 | BS: 55000 | FPS: 102.1212 | T: 0:22:21
| eval           | F: 110000 | S: 55000 | E: 110 | L: 1000 | R: 938.6311 | T: 0:22:21
| train          | F: 111000 | S: 55500 | E: 111 | L: 1000 | R: 953.3155 | BS: 55500 | FPS: 27.8468 | T: 0:22:57
| train          | F: 112000 | S: 56000 | E: 112 | L: 1000 | R: 950.8207 | BS: 56000 | FPS: 109.9934 | T: 0:23:06
| train          | F: 113000 | S: 56500 | E: 113 | L: 1000 | R: 752.6235 | BS: 56500 | FPS: 108.4801 | T: 0:23:15
| train          | F: 114000 | S: 57000 | E: 114 | L: 1000 | R: 950.8715 | BS: 57000 | FPS: 111.3402 | T: 0:23:24
| train          | F: 115000 | S: 57500 | E: 115 | L: 1000 | R: 958.5923 | BS: 57500 | FPS: 111.0533 | T: 0:23:33
| train          | F: 116000 | S: 58000 | E: 116 | L: 1000 | R: 968.3094 | BS: 58000 | FPS: 112.6274 | T: 0:23:42
| train          | F: 117000 | S: 58500 | E: 117 | L: 1000 | R: 968.5505 | BS: 58500 | FPS: 111.2876 | T: 0:23:51
| train          | F: 118000 | S: 59000 | E: 118 | L: 1000 | R: 786.1322 | BS: 59000 | FPS: 110.0113 | T: 0:24:00
| train          | F: 119000 | S: 59500 | E: 119 | L: 1000 | R: 943.0859 | BS: 59500 | FPS: 111.6790 | T: 0:24:09
| train          | F: 120000 | S: 60000 | E: 120 | L: 1000 | R: 935.6465 | BS: 60000 | FPS: 105.9323 | T: 0:24:18
| eval           | F: 120000 | S: 60000 | E: 120 | L: 1000 | R: 968.2535 | T: 0:24:18
| train          | F: 121000 | S: 60500 | E: 121 | L: 1000 | R: 962.7165 | BS: 60500 | FPS: 29.3131 | T: 0:24:52
| train          | F: 122000 | S: 61000 | E: 122 | L: 1000 | R: 956.3337 | BS: 61000 | FPS: 106.9770 | T: 0:25:02
| train          | F: 123000 | S: 61500 | E: 123 | L: 1000 | R: 953.9369 | BS: 61500 | FPS: 107.2256 | T: 0:25:11
| train          | F: 124000 | S: 62000 | E: 124 | L: 1000 | R: 952.3892 | BS: 62000 | FPS: 110.4697 | T: 0:25:20
| train          | F: 125000 | S: 62500 | E: 125 | L: 1000 | R: 964.2922 | BS: 62500 | FPS: 98.2927 | T: 0:25:30
| train          | F: 126000 | S: 63000 | E: 126 | L: 1000 | R: 958.7574 | BS: 63000 | FPS: 87.9584 | T: 0:25:42
| train          | F: 127000 | S: 63500 | E: 127 | L: 1000 | R: 960.9277 | BS: 63500 | FPS: 82.3831 | T: 0:25:54
| train          | F: 128000 | S: 64000 | E: 128 | L: 1000 | R: 968.3634 | BS: 64000 | FPS: 82.6259 | T: 0:26:06
| train          | F: 129000 | S: 64500 | E: 129 | L: 1000 | R: 959.2601 | BS: 64500 | FPS: 84.8427 | T: 0:26:18
| train          | F: 130000 | S: 65000 | E: 130 | L: 1000 | R: 963.7466 | BS: 65000 | FPS: 88.2951 | T: 0:26:29
| eval           | F: 130000 | S: 65000 | E: 130 | L: 1000 | R: 982.6118 | T: 0:26:29
| train          | F: 131000 | S: 65500 | E: 131 | L: 1000 | R: 969.9600 | BS: 65500 | FPS: 28.5858 | T: 0:27:04
| train          | F: 132000 | S: 66000 | E: 132 | L: 1000 | R: 968.6898 | BS: 66000 | FPS: 114.0170 | T: 0:27:13
| train          | F: 133000 | S: 66500 | E: 133 | L: 1000 | R: 954.9948 | BS: 66500 | FPS: 92.7254 | T: 0:27:24
| train          | F: 134000 | S: 67000 | E: 134 | L: 1000 | R: 960.7933 | BS: 67000 | FPS: 83.1329 | T: 0:27:36
| train          | F: 135000 | S: 67500 | E: 135 | L: 1000 | R: 963.8145 | BS: 67500 | FPS: 95.5686 | T: 0:27:46
| train          | F: 136000 | S: 68000 | E: 136 | L: 1000 | R: 958.2393 | BS: 68000 | FPS: 111.9232 | T: 0:27:55
| train          | F: 137000 | S: 68500 | E: 137 | L: 1000 | R: 965.1394 | BS: 68500 | FPS: 90.0243 | T: 0:28:06
| train          | F: 138000 | S: 69000 | E: 138 | L: 1000 | R: 969.7761 | BS: 69000 | FPS: 81.9383 | T: 0:28:18
| train          | F: 139000 | S: 69500 | E: 139 | L: 1000 | R: 969.7400 | BS: 69500 | FPS: 90.4532 | T: 0:28:29
| train          | F: 140000 | S: 70000 | E: 140 | L: 1000 | R: 952.1093 | BS: 70000 | FPS: 112.0147 | T: 0:28:38
| eval           | F: 140000 | S: 70000 | E: 140 | L: 1000 | R: 982.6720 | T: 0:28:38
| train          | F: 141000 | S: 70500 | E: 141 | L: 1000 | R: 961.4931 | BS: 70500 | FPS: 31.1000 | T: 0:29:11
| train          | F: 142000 | S: 71000 | E: 142 | L: 1000 | R: 960.1527 | BS: 71000 | FPS: 100.9601 | T: 0:29:20
| train          | F: 143000 | S: 71500 | E: 143 | L: 1000 | R: 967.0170 | BS: 71500 | FPS: 96.1993 | T: 0:29:31
| train          | F: 144000 | S: 72000 | E: 144 | L: 1000 | R: 939.8003 | BS: 72000 | FPS: 88.5795 | T: 0:29:42
| train          | F: 145000 | S: 72500 | E: 145 | L: 1000 | R: 943.4735 | BS: 72500 | FPS: 94.2161 | T: 0:29:53
| train          | F: 146000 | S: 73000 | E: 146 | L: 1000 | R: 958.1984 | BS: 73000 | FPS: 102.9013 | T: 0:30:02
| train          | F: 147000 | S: 73500 | E: 147 | L: 1000 | R: 953.3345 | BS: 73500 | FPS: 102.9448 | T: 0:30:12
| train          | F: 148000 | S: 74000 | E: 148 | L: 1000 | R: 954.7936 | BS: 74000 | FPS: 105.8442 | T: 0:30:22
| train          | F: 149000 | S: 74500 | E: 149 | L: 1000 | R: 957.9825 | BS: 74500 | FPS: 104.7147 | T: 0:30:31
| train          | F: 150000 | S: 75000 | E: 150 | L: 1000 | R: 974.4632 | BS: 75000 | FPS: 104.7172 | T: 0:30:41
| eval           | F: 150000 | S: 75000 | E: 150 | L: 1000 | R: 982.2089 | T: 0:30:41
| train          | F: 151000 | S: 75500 | E: 151 | L: 1000 | R: 961.6774 | BS: 75500 | FPS: 28.6244 | T: 0:31:16
| train          | F: 152000 | S: 76000 | E: 152 | L: 1000 | R: 970.0208 | BS: 76000 | FPS: 107.4535 | T: 0:31:25
| train          | F: 153000 | S: 76500 | E: 153 | L: 1000 | R: 958.3911 | BS: 76500 | FPS: 111.1093 | T: 0:31:34
| train          | F: 154000 | S: 77000 | E: 154 | L: 1000 | R: 958.2525 | BS: 77000 | FPS: 108.0892 | T: 0:31:43
| train          | F: 155000 | S: 77500 | E: 155 | L: 1000 | R: 971.6251 | BS: 77500 | FPS: 110.0927 | T: 0:31:52
| train          | F: 156000 | S: 78000 | E: 156 | L: 1000 | R: 960.0096 | BS: 78000 | FPS: 105.6924 | T: 0:32:02
| train          | F: 157000 | S: 78500 | E: 157 | L: 1000 | R: 977.1722 | BS: 78500 | FPS: 109.1738 | T: 0:32:11
| train          | F: 158000 | S: 79000 | E: 158 | L: 1000 | R: 953.7061 | BS: 79000 | FPS: 105.3312 | T: 0:32:20
| train          | F: 159000 | S: 79500 | E: 159 | L: 1000 | R: 965.7116 | BS: 79500 | FPS: 105.4095 | T: 0:32:30
| train          | F: 160000 | S: 80000 | E: 160 | L: 1000 | R: 976.1672 | BS: 80000 | FPS: 108.3898 | T: 0:32:39
| eval           | F: 160000 | S: 80000 | E: 160 | L: 1000 | R: 986.1748 | T: 0:32:39
| train          | F: 161000 | S: 80500 | E: 161 | L: 1000 | R: 978.3129 | BS: 80500 | FPS: 30.0792 | T: 0:33:12
| train          | F: 162000 | S: 81000 | E: 162 | L: 1000 | R: 975.6194 | BS: 81000 | FPS: 109.0692 | T: 0:33:22
| train          | F: 163000 | S: 81500 | E: 163 | L: 1000 | R: 971.4340 | BS: 81500 | FPS: 110.6961 | T: 0:33:31
| train          | F: 164000 | S: 82000 | E: 164 | L: 1000 | R: 967.9756 | BS: 82000 | FPS: 108.0162 | T: 0:33:40
| train          | F: 165000 | S: 82500 | E: 165 | L: 1000 | R: 917.9155 | BS: 82500 | FPS: 104.5468 | T: 0:33:49
| train          | F: 166000 | S: 83000 | E: 166 | L: 1000 | R: 975.9093 | BS: 83000 | FPS: 107.3613 | T: 0:33:59
| train          | F: 167000 | S: 83500 | E: 167 | L: 1000 | R: 929.2577 | BS: 83500 | FPS: 89.1006 | T: 0:34:10
| train          | F: 168000 | S: 84000 | E: 168 | L: 1000 | R: 964.8677 | BS: 84000 | FPS: 80.7460 | T: 0:34:22
| train          | F: 169000 | S: 84500 | E: 169 | L: 1000 | R: 966.3966 | BS: 84500 | FPS: 81.2557 | T: 0:34:35
| train          | F: 170000 | S: 85000 | E: 170 | L: 1000 | R: 937.6775 | BS: 85000 | FPS: 82.1798 | T: 0:34:47
| eval           | F: 170000 | S: 85000 | E: 170 | L: 1000 | R: 990.0649 | T: 0:34:47
| train          | F: 171000 | S: 85500 | E: 171 | L: 1000 | R: 932.8516 | BS: 85500 | FPS: 27.1735 | T: 0:35:24
| train          | F: 172000 | S: 86000 | E: 172 | L: 1000 | R: 866.7069 | BS: 86000 | FPS: 112.8021 | T: 0:35:32
| train          | F: 173000 | S: 86500 | E: 173 | L: 1000 | R: 958.7542 | BS: 86500 | FPS: 106.3906 | T: 0:35:42
| train          | F: 174000 | S: 87000 | E: 174 | L: 1000 | R: 961.0225 | BS: 87000 | FPS: 107.2084 | T: 0:35:51
| train          | F: 175000 | S: 87500 | E: 175 | L: 1000 | R: 959.4662 | BS: 87500 | FPS: 108.6253 | T: 0:36:00
| train          | F: 176000 | S: 88000 | E: 176 | L: 1000 | R: 972.3665 | BS: 88000 | FPS: 109.5652 | T: 0:36:09
| train          | F: 177000 | S: 88500 | E: 177 | L: 1000 | R: 976.6107 | BS: 88500 | FPS: 111.6853 | T: 0:36:18
| train          | F: 178000 | S: 89000 | E: 178 | L: 1000 | R: 965.7137 | BS: 89000 | FPS: 106.4811 | T: 0:36:28
| train          | F: 179000 | S: 89500 | E: 179 | L: 1000 | R: 974.5820 | BS: 89500 | FPS: 102.2739 | T: 0:36:38
| train          | F: 180000 | S: 90000 | E: 180 | L: 1000 | R: 963.2454 | BS: 90000 | FPS: 108.9900 | T: 0:36:47
| eval           | F: 180000 | S: 90000 | E: 180 | L: 1000 | R: 988.9834 | T: 0:36:47
| train          | F: 181000 | S: 90500 | E: 181 | L: 1000 | R: 972.3982 | BS: 90500 | FPS: 30.3366 | T: 0:37:20
| train          | F: 182000 | S: 91000 | E: 182 | L: 1000 | R: 968.6406 | BS: 91000 | FPS: 108.8335 | T: 0:37:29
| train          | F: 183000 | S: 91500 | E: 183 | L: 1000 | R: 975.4678 | BS: 91500 | FPS: 107.8552 | T: 0:37:38
| train          | F: 184000 | S: 92000 | E: 184 | L: 1000 | R: 966.0112 | BS: 92000 | FPS: 109.4329 | T: 0:37:47
| train          | F: 185000 | S: 92500 | E: 185 | L: 1000 | R: 962.7376 | BS: 92500 | FPS: 105.9603 | T: 0:37:57
| train          | F: 186000 | S: 93000 | E: 186 | L: 1000 | R: 963.6295 | BS: 93000 | FPS: 105.8452 | T: 0:38:06
| train          | F: 187000 | S: 93500 | E: 187 | L: 1000 | R: 965.0921 | BS: 93500 | FPS: 106.0673 | T: 0:38:16
| train          | F: 188000 | S: 94000 | E: 188 | L: 1000 | R: 960.7783 | BS: 94000 | FPS: 103.4069 | T: 0:38:25
| train          | F: 189000 | S: 94500 | E: 189 | L: 1000 | R: 972.0996 | BS: 94500 | FPS: 103.1501 | T: 0:38:35
| train          | F: 190000 | S: 95000 | E: 190 | L: 1000 | R: 943.2159 | BS: 95000 | FPS: 104.9391 | T: 0:38:45
| eval           | F: 190000 | S: 95000 | E: 190 | L: 1000 | R: 990.5663 | T: 0:38:45
| train          | F: 191000 | S: 95500 | E: 191 | L: 1000 | R: 974.5786 | BS: 95500 | FPS: 30.9584 | T: 0:39:17
| train          | F: 192000 | S: 96000 | E: 192 | L: 1000 | R: 966.3825 | BS: 96000 | FPS: 108.3047 | T: 0:39:26
| train          | F: 193000 | S: 96500 | E: 193 | L: 1000 | R: 951.9573 | BS: 96500 | FPS: 110.3210 | T: 0:39:35
| train          | F: 194000 | S: 97000 | E: 194 | L: 1000 | R: 973.5564 | BS: 97000 | FPS: 89.8878 | T: 0:39:46
| train          | F: 195000 | S: 97500 | E: 195 | L: 1000 | R: 930.3417 | BS: 97500 | FPS: 83.6678 | T: 0:39:58
| train          | F: 196000 | S: 98000 | E: 196 | L: 1000 | R: 966.7787 | BS: 98000 | FPS: 83.0829 | T: 0:40:10
| train          | F: 197000 | S: 98500 | E: 197 | L: 1000 | R: 982.6108 | BS: 98500 | FPS: 89.0361 | T: 0:40:22
| train          | F: 198000 | S: 99000 | E: 198 | L: 1000 | R: 976.9089 | BS: 99000 | FPS: 106.5494 | T: 0:40:31
| train          | F: 199000 | S: 99500 | E: 199 | L: 1000 | R: 962.5237 | BS: 99500 | FPS: 87.6691 | T: 0:40:42
| train          | F: 200000 | S: 100000 | E: 200 | L: 1000 | R: 959.8300 | BS: 100000 | FPS: 84.5300 | T: 0:40:54
| eval           | F: 200000 | S: 100000 | E: 200 | L: 1000 | R: 978.3427 | T: 0:40:54
| train          | F: 201000 | S: 100500 | E: 201 | L: 1000 | R: 980.2469 | BS: 100500 | FPS: 27.2082 | T: 0:41:31
| train          | F: 202000 | S: 101000 | E: 202 | L: 1000 | R: 974.6085 | BS: 101000 | FPS: 110.8614 | T: 0:41:40
| train          | F: 203000 | S: 101500 | E: 203 | L: 1000 | R: 960.6250 | BS: 101500 | FPS: 110.8371 | T: 0:41:49
| train          | F: 204000 | S: 102000 | E: 204 | L: 1000 | R: 966.7030 | BS: 102000 | FPS: 112.5649 | T: 0:41:58
| train          | F: 205000 | S: 102500 | E: 205 | L: 1000 | R: 977.5103 | BS: 102500 | FPS: 103.6408 | T: 0:42:07
| train          | F: 206000 | S: 103000 | E: 206 | L: 1000 | R: 977.8959 | BS: 103000 | FPS: 106.2221 | T: 0:42:17
| train          | F: 207000 | S: 103500 | E: 207 | L: 1000 | R: 964.1388 | BS: 103500 | FPS: 104.2288 | T: 0:42:26
| train          | F: 208000 | S: 104000 | E: 208 | L: 1000 | R: 982.2576 | BS: 104000 | FPS: 105.4358 | T: 0:42:36
| train          | F: 209000 | S: 104500 | E: 209 | L: 1000 | R: 977.4046 | BS: 104500 | FPS: 111.9018 | T: 0:42:45
| train          | F: 210000 | S: 105000 | E: 210 | L: 1000 | R: 976.7268 | BS: 105000 | FPS: 111.2024 | T: 0:42:54
| eval           | F: 210000 | S: 105000 | E: 210 | L: 1000 | R: 989.4824 | T: 0:42:54
| train          | F: 211000 | S: 105500 | E: 211 | L: 1000 | R: 979.7412 | BS: 105500 | FPS: 29.0678 | T: 0:43:28
| train          | F: 212000 | S: 106000 | E: 212 | L: 1000 | R: 963.4788 | BS: 106000 | FPS: 109.8733 | T: 0:43:37
| train          | F: 213000 | S: 106500 | E: 213 | L: 1000 | R: 974.5766 | BS: 106500 | FPS: 109.9207 | T: 0:43:46
| train          | F: 214000 | S: 107000 | E: 214 | L: 1000 | R: 970.6210 | BS: 107000 | FPS: 104.7967 | T: 0:43:56
| train          | F: 215000 | S: 107500 | E: 215 | L: 1000 | R: 977.7236 | BS: 107500 | FPS: 109.0710 | T: 0:44:05
| train          | F: 216000 | S: 108000 | E: 216 | L: 1000 | R: 974.4957 | BS: 108000 | FPS: 107.5666 | T: 0:44:14
| train          | F: 217000 | S: 108500 | E: 217 | L: 1000 | R: 946.8037 | BS: 108500 | FPS: 109.2466 | T: 0:44:24
| train          | F: 218000 | S: 109000 | E: 218 | L: 1000 | R: 975.2535 | BS: 109000 | FPS: 105.0282 | T: 0:44:33
| train          | F: 219000 | S: 109500 | E: 219 | L: 1000 | R: 968.6429 | BS: 109500 | FPS: 105.3215 | T: 0:44:43
| train          | F: 220000 | S: 110000 | E: 220 | L: 1000 | R: 961.9534 | BS: 110000 | FPS: 108.2020 | T: 0:44:52
| eval           | F: 220000 | S: 110000 | E: 220 | L: 1000 | R: 978.9263 | T: 0:44:52
| train          | F: 221000 | S: 110500 | E: 221 | L: 1000 | R: 959.7213 | BS: 110500 | FPS: 29.4362 | T: 0:45:26
| train          | F: 222000 | S: 111000 | E: 222 | L: 1000 | R: 968.1252 | BS: 111000 | FPS: 101.8023 | T: 0:45:36
| train          | F: 223000 | S: 111500 | E: 223 | L: 1000 | R: 971.2399 | BS: 111500 | FPS: 111.0291 | T: 0:45:45
| train          | F: 224000 | S: 112000 | E: 224 | L: 1000 | R: 973.0656 | BS: 112000 | FPS: 107.0843 | T: 0:45:54
| train          | F: 225000 | S: 112500 | E: 225 | L: 1000 | R: 974.3945 | BS: 112500 | FPS: 107.4426 | T: 0:46:03
| train          | F: 226000 | S: 113000 | E: 226 | L: 1000 | R: 972.8975 | BS: 113000 | FPS: 105.3770 | T: 0:46:13
| train          | F: 227000 | S: 113500 | E: 227 | L: 1000 | R: 966.0296 | BS: 113500 | FPS: 81.8845 | T: 0:46:25
| train          | F: 228000 | S: 114000 | E: 228 | L: 1000 | R: 952.5692 | BS: 114000 | FPS: 81.7801 | T: 0:46:37
| train          | F: 229000 | S: 114500 | E: 229 | L: 1000 | R: 956.8576 | BS: 114500 | FPS: 96.4923 | T: 0:46:48
| train          | F: 230000 | S: 115000 | E: 230 | L: 1000 | R: 957.8847 | BS: 115000 | FPS: 109.9812 | T: 0:46:57
| eval           | F: 230000 | S: 115000 | E: 230 | L: 1000 | R: 982.4049 | T: 0:46:57
| train          | F: 231000 | S: 115500 | E: 231 | L: 1000 | R: 949.4280 | BS: 115500 | FPS: 20.9560 | T: 0:47:44
| train          | F: 232000 | S: 116000 | E: 232 | L: 1000 | R: 974.7330 | BS: 116000 | FPS: 91.4196 | T: 0:47:55
| train          | F: 233000 | S: 116500 | E: 233 | L: 1000 | R: 957.2043 | BS: 116500 | FPS: 91.2182 | T: 0:48:06
| train          | F: 234000 | S: 117000 | E: 234 | L: 1000 | R: 951.8610 | BS: 117000 | FPS: 96.8518 | T: 0:48:17
| train          | F: 235000 | S: 117500 | E: 235 | L: 1000 | R: 980.6701 | BS: 117500 | FPS: 110.9617 | T: 0:48:26
| train          | F: 236000 | S: 118000 | E: 236 | L: 1000 | R: 948.5659 | BS: 118000 | FPS: 109.1567 | T: 0:48:35
| train          | F: 237000 | S: 118500 | E: 237 | L: 1000 | R: 974.2410 | BS: 118500 | FPS: 105.3896 | T: 0:48:44
| train          | F: 238000 | S: 119000 | E: 238 | L: 1000 | R: 973.8246 | BS: 119000 | FPS: 106.8762 | T: 0:48:54
| train          | F: 239000 | S: 119500 | E: 239 | L: 1000 | R: 961.7061 | BS: 119500 | FPS: 107.1134 | T: 0:49:03
| train          | F: 240000 | S: 120000 | E: 240 | L: 1000 | R: 952.4176 | BS: 120000 | FPS: 103.7710 | T: 0:49:13
| eval           | F: 240000 | S: 120000 | E: 240 | L: 1000 | R: 982.1172 | T: 0:49:13
| train          | F: 241000 | S: 120500 | E: 241 | L: 1000 | R: 953.0950 | BS: 120500 | FPS: 28.8577 | T: 0:49:47
| train          | F: 242000 | S: 121000 | E: 242 | L: 1000 | R: 959.2009 | BS: 121000 | FPS: 110.5484 | T: 0:49:56
| train          | F: 243000 | S: 121500 | E: 243 | L: 1000 | R: 941.9183 | BS: 121500 | FPS: 108.0155 | T: 0:50:06
| train          | F: 244000 | S: 122000 | E: 244 | L: 1000 | R: 952.0557 | BS: 122000 | FPS: 107.1437 | T: 0:50:15
| train          | F: 245000 | S: 122500 | E: 245 | L: 1000 | R: 945.7976 | BS: 122500 | FPS: 103.9531 | T: 0:50:25
| train          | F: 246000 | S: 123000 | E: 246 | L: 1000 | R: 963.3884 | BS: 123000 | FPS: 108.3213 | T: 0:50:34
| train          | F: 247000 | S: 123500 | E: 247 | L: 1000 | R: 947.1317 | BS: 123500 | FPS: 107.1443 | T: 0:50:43
| train          | F: 248000 | S: 124000 | E: 248 | L: 1000 | R: 927.8122 | BS: 124000 | FPS: 104.4119 | T: 0:50:53
| train          | F: 249000 | S: 124500 | E: 249 | L: 1000 | R: 936.2788 | BS: 124500 | FPS: 102.6720 | T: 0:51:02
| train          | F: 250000 | S: 125000 | E: 250 | L: 1000 | R: 355.7655 | BS: 125000 | FPS: 107.0495 | T: 0:51:12
| eval           | F: 250000 | S: 125000 | E: 250 | L: 1000 | R: 443.6940 | T: 0:51:12
| train          | F: 251000 | S: 125500 | E: 251 | L: 1000 | R: 958.5246 | BS: 125500 | FPS: 30.8026 | T: 0:51:44
| train          | F: 252000 | S: 126000 | E: 252 | L: 1000 | R: 962.7513 | BS: 126000 | FPS: 106.5600 | T: 0:51:54
| train          | F: 253000 | S: 126500 | E: 253 | L: 1000 | R: 917.5361 | BS: 126500 | FPS: 93.8699 | T: 0:52:04
| train          | F: 254000 | S: 127000 | E: 254 | L: 1000 | R: 482.2680 | BS: 127000 | FPS: 84.1480 | T: 0:52:16
| train          | F: 255000 | S: 127500 | E: 255 | L: 1000 | R: 535.1879 | BS: 127500 | FPS: 82.6769 | T: 0:52:28
| train          | F: 256000 | S: 128000 | E: 256 | L: 1000 | R: 576.0861 | BS: 128000 | FPS: 82.5909 | T: 0:52:40
| train          | F: 257000 | S: 128500 | E: 257 | L: 1000 | R: 957.8770 | BS: 128500 | FPS: 83.1086 | T: 0:52:52
| train          | F: 258000 | S: 129000 | E: 258 | L: 1000 | R: 393.8091 | BS: 129000 | FPS: 82.5081 | T: 0:53:05
| train          | F: 259000 | S: 129500 | E: 259 | L: 1000 | R: 858.3259 | BS: 129500 | FPS: 81.8851 | T: 0:53:17
| train          | F: 260000 | S: 130000 | E: 260 | L: 1000 | R: 555.8026 | BS: 130000 | FPS: 82.2995 | T: 0:53:29
| eval           | F: 260000 | S: 130000 | E: 260 | L: 1000 | R: 680.6248 | T: 0:53:29
| train          | F: 261000 | S: 130500 | E: 261 | L: 1000 | R: 781.2757 | BS: 130500 | FPS: 26.9036 | T: 0:54:06
| train          | F: 262000 | S: 131000 | E: 262 | L: 1000 | R: 939.6904 | BS: 131000 | FPS: 108.2468 | T: 0:54:15
| train          | F: 263000 | S: 131500 | E: 263 | L: 1000 | R: 915.4809 | BS: 131500 | FPS: 108.7729 | T: 0:54:25
| train          | F: 264000 | S: 132000 | E: 264 | L: 1000 | R: 956.1853 | BS: 132000 | FPS: 109.0267 | T: 0:54:34
| train          | F: 265000 | S: 132500 | E: 265 | L: 1000 | R: 953.2013 | BS: 132500 | FPS: 107.2083 | T: 0:54:43
| train          | F: 266000 | S: 133000 | E: 266 | L: 1000 | R: 966.1379 | BS: 133000 | FPS: 107.3250 | T: 0:54:52
| train          | F: 267000 | S: 133500 | E: 267 | L: 1000 | R: 965.5321 | BS: 133500 | FPS: 89.7561 | T: 0:55:03
| train          | F: 268000 | S: 134000 | E: 268 | L: 1000 | R: 961.2090 | BS: 134000 | FPS: 84.9635 | T: 0:55:15
| train          | F: 269000 | S: 134500 | E: 269 | L: 1000 | R: 970.4837 | BS: 134500 | FPS: 82.9693 | T: 0:55:27
| train          | F: 270000 | S: 135000 | E: 270 | L: 1000 | R: 721.7022 | BS: 135000 | FPS: 93.6021 | T: 0:55:38
| eval           | F: 270000 | S: 135000 | E: 270 | L: 1000 | R: 962.2513 | T: 0:55:38
| train          | F: 271000 | S: 135500 | E: 271 | L: 1000 | R: 952.0692 | BS: 135500 | FPS: 20.4903 | T: 0:56:27
| train          | F: 272000 | S: 136000 | E: 272 | L: 1000 | R: 972.4808 | BS: 136000 | FPS: 100.7603 | T: 0:56:37
| train          | F: 273000 | S: 136500 | E: 273 | L: 1000 | R: 962.1880 | BS: 136500 | FPS: 109.4237 | T: 0:56:46
| train          | F: 274000 | S: 137000 | E: 274 | L: 1000 | R: 966.5396 | BS: 137000 | FPS: 109.5390 | T: 0:56:55
| train          | F: 275000 | S: 137500 | E: 275 | L: 1000 | R: 967.7789 | BS: 137500 | FPS: 111.3873 | T: 0:57:04
| train          | F: 276000 | S: 138000 | E: 276 | L: 1000 | R: 953.1996 | BS: 138000 | FPS: 106.1075 | T: 0:57:13
| train          | F: 277000 | S: 138500 | E: 277 | L: 1000 | R: 972.6330 | BS: 138500 | FPS: 107.2864 | T: 0:57:23
| train          | F: 278000 | S: 139000 | E: 278 | L: 1000 | R: 822.5419 | BS: 139000 | FPS: 108.5232 | T: 0:57:32
| train          | F: 279000 | S: 139500 | E: 279 | L: 1000 | R: 963.1265 | BS: 139500 | FPS: 107.5313 | T: 0:57:41
| train          | F: 280000 | S: 140000 | E: 280 | L: 1000 | R: 976.0536 | BS: 140000 | FPS: 107.0603 | T: 0:57:51
| eval           | F: 280000 | S: 140000 | E: 280 | L: 1000 | R: 973.4515 | T: 0:57:51
| train          | F: 281000 | S: 140500 | E: 281 | L: 1000 | R: 957.3609 | BS: 140500 | FPS: 28.6559 | T: 0:58:25
| train          | F: 282000 | S: 141000 | E: 282 | L: 1000 | R: 973.7926 | BS: 141000 | FPS: 112.3032 | T: 0:58:34
| train          | F: 283000 | S: 141500 | E: 283 | L: 1000 | R: 964.8952 | BS: 141500 | FPS: 109.3269 | T: 0:58:43
| train          | F: 284000 | S: 142000 | E: 284 | L: 1000 | R: 965.3683 | BS: 142000 | FPS: 106.9098 | T: 0:58:53
| train          | F: 285000 | S: 142500 | E: 285 | L: 1000 | R: 970.7698 | BS: 142500 | FPS: 88.5617 | T: 0:59:04
| train          | F: 286000 | S: 143000 | E: 286 | L: 1000 | R: 966.1690 | BS: 143000 | FPS: 105.8558 | T: 0:59:14
| train          | F: 287000 | S: 143500 | E: 287 | L: 1000 | R: 955.9474 | BS: 143500 | FPS: 103.8182 | T: 0:59:23
| train          | F: 288000 | S: 144000 | E: 288 | L: 1000 | R: 967.0053 | BS: 144000 | FPS: 107.4878 | T: 0:59:33
| train          | F: 289000 | S: 144500 | E: 289 | L: 1000 | R: 967.5626 | BS: 144500 | FPS: 109.3134 | T: 0:59:42
| train          | F: 290000 | S: 145000 | E: 290 | L: 1000 | R: 959.6187 | BS: 145000 | FPS: 103.4133 | T: 0:59:51
| eval           | F: 290000 | S: 145000 | E: 290 | L: 1000 | R: 970.7231 | T: 0:59:51
| train          | F: 291000 | S: 145500 | E: 291 | L: 1000 | R: 966.3435 | BS: 145500 | FPS: 28.2988 | T: 1:00:27
| train          | F: 292000 | S: 146000 | E: 292 | L: 1000 | R: 954.3628 | BS: 146000 | FPS: 106.3358 | T: 1:00:36
| train          | F: 293000 | S: 146500 | E: 293 | L: 1000 | R: 968.3508 | BS: 146500 | FPS: 90.0459 | T: 1:00:47
| train          | F: 294000 | S: 147000 | E: 294 | L: 1000 | R: 963.0475 | BS: 147000 | FPS: 83.9413 | T: 1:00:59
| train          | F: 295000 | S: 147500 | E: 295 | L: 1000 | R: 951.2167 | BS: 147500 | FPS: 82.9615 | T: 1:01:11
| train          | F: 296000 | S: 148000 | E: 296 | L: 1000 | R: 961.4875 | BS: 148000 | FPS: 91.0978 | T: 1:01:22
| train          | F: 297000 | S: 148500 | E: 297 | L: 1000 | R: 955.7863 | BS: 148500 | FPS: 108.2953 | T: 1:01:31
| train          | F: 298000 | S: 149000 | E: 298 | L: 1000 | R: 943.5433 | BS: 149000 | FPS: 104.4278 | T: 1:01:41
| train          | F: 299000 | S: 149500 | E: 299 | L: 1000 | R: 952.8654 | BS: 149500 | FPS: 103.6575 | T: 1:01:51
| train          | F: 300000 | S: 150000 | E: 300 | L: 1000 | R: 957.0368 | BS: 150000 | FPS: 103.1104 | T: 1:02:00
| eval           | F: 300000 | S: 150000 | E: 300 | L: 1000 | R: 971.9044 | T: 1:02:00
| train          | F: 301000 | S: 150500 | E: 301 | L: 1000 | R: 971.9394 | BS: 150500 | FPS: 28.9093 | T: 1:02:35
| train          | F: 302000 | S: 151000 | E: 302 | L: 1000 | R: 983.0197 | BS: 151000 | FPS: 109.1336 | T: 1:02:44
| train          | F: 303000 | S: 151500 | E: 303 | L: 1000 | R: 980.2278 | BS: 151500 | FPS: 110.2693 | T: 1:02:53
| train          | F: 304000 | S: 152000 | E: 304 | L: 1000 | R: 981.2434 | BS: 152000 | FPS: 107.5067 | T: 1:03:02
| train          | F: 305000 | S: 152500 | E: 305 | L: 1000 | R: 968.3066 | BS: 152500 | FPS: 109.1500 | T: 1:03:12
| train          | F: 306000 | S: 153000 | E: 306 | L: 1000 | R: 966.3871 | BS: 153000 | FPS: 106.8924 | T: 1:03:21
| train          | F: 307000 | S: 153500 | E: 307 | L: 1000 | R: 955.0767 | BS: 153500 | FPS: 102.8587 | T: 1:03:31
| train          | F: 308000 | S: 154000 | E: 308 | L: 1000 | R: 952.3520 | BS: 154000 | FPS: 85.7942 | T: 1:03:42
| train          | F: 309000 | S: 154500 | E: 309 | L: 1000 | R: 968.8611 | BS: 154500 | FPS: 81.8833 | T: 1:03:55
| train          | F: 310000 | S: 155000 | E: 310 | L: 1000 | R: 973.2530 | BS: 155000 | FPS: 93.4343 | T: 1:04:05
| eval           | F: 310000 | S: 155000 | E: 310 | L: 1000 | R: 987.3751 | T: 1:04:05
| train          | F: 311000 | S: 155500 | E: 311 | L: 1000 | R: 947.2057 | BS: 155500 | FPS: 28.9588 | T: 1:04:40
| train          | F: 312000 | S: 156000 | E: 312 | L: 1000 | R: 962.1332 | BS: 156000 | FPS: 103.1578 | T: 1:04:49
| train          | F: 313000 | S: 156500 | E: 313 | L: 1000 | R: 953.9645 | BS: 156500 | FPS: 96.0731 | T: 1:05:00
| train          | F: 314000 | S: 157000 | E: 314 | L: 1000 | R: 961.8147 | BS: 157000 | FPS: 92.2191 | T: 1:05:11
| train          | F: 315000 | S: 157500 | E: 315 | L: 1000 | R: 958.5395 | BS: 157500 | FPS: 101.3836 | T: 1:05:21
| train          | F: 316000 | S: 158000 | E: 316 | L: 1000 | R: 962.4836 | BS: 158000 | FPS: 100.0899 | T: 1:05:31
| train          | F: 317000 | S: 158500 | E: 317 | L: 1000 | R: 965.5803 | BS: 158500 | FPS: 102.6476 | T: 1:05:40
| train          | F: 318000 | S: 159000 | E: 318 | L: 1000 | R: 942.2319 | BS: 159000 | FPS: 108.4990 | T: 1:05:50
| train          | F: 319000 | S: 159500 | E: 319 | L: 1000 | R: 974.7912 | BS: 159500 | FPS: 105.9511 | T: 1:05:59
| train          | F: 320000 | S: 160000 | E: 320 | L: 1000 | R: 950.2744 | BS: 160000 | FPS: 82.9851 | T: 1:06:11
| eval           | F: 320000 | S: 160000 | E: 320 | L: 1000 | R: 989.4113 | T: 1:06:11
| train          | F: 321000 | S: 160500 | E: 321 | L: 1000 | R: 962.9941 | BS: 160500 | FPS: 26.9129 | T: 1:06:48
| train          | F: 322000 | S: 161000 | E: 322 | L: 1000 | R: 952.6322 | BS: 161000 | FPS: 110.2128 | T: 1:06:57
| train          | F: 323000 | S: 161500 | E: 323 | L: 1000 | R: 967.7868 | BS: 161500 | FPS: 107.0447 | T: 1:07:07
| train          | F: 324000 | S: 162000 | E: 324 | L: 1000 | R: 965.9274 | BS: 162000 | FPS: 105.7559 | T: 1:07:16
| train          | F: 325000 | S: 162500 | E: 325 | L: 1000 | R: 970.2748 | BS: 162500 | FPS: 104.5861 | T: 1:07:26
| train          | F: 326000 | S: 163000 | E: 326 | L: 1000 | R: 973.3247 | BS: 163000 | FPS: 105.7504 | T: 1:07:35
| train          | F: 327000 | S: 163500 | E: 327 | L: 1000 | R: 971.7028 | BS: 163500 | FPS: 106.9757 | T: 1:07:44
| train          | F: 328000 | S: 164000 | E: 328 | L: 1000 | R: 958.1075 | BS: 164000 | FPS: 108.0940 | T: 1:07:54
| train          | F: 329000 | S: 164500 | E: 329 | L: 1000 | R: 965.3472 | BS: 164500 | FPS: 110.2251 | T: 1:08:03
| train          | F: 330000 | S: 165000 | E: 330 | L: 1000 | R: 951.4008 | BS: 165000 | FPS: 110.6149 | T: 1:08:12
| eval           | F: 330000 | S: 165000 | E: 330 | L: 1000 | R: 944.4414 | T: 1:08:12
| train          | F: 331000 | S: 165500 | E: 331 | L: 1000 | R: 956.0924 | BS: 165500 | FPS: 29.7618 | T: 1:08:45
| train          | F: 332000 | S: 166000 | E: 332 | L: 1000 | R: 943.4469 | BS: 166000 | FPS: 91.2266 | T: 1:08:56
| train          | F: 333000 | S: 166500 | E: 333 | L: 1000 | R: 958.0303 | BS: 166500 | FPS: 99.5207 | T: 1:09:06
| train          | F: 334000 | S: 167000 | E: 334 | L: 1000 | R: 969.3841 | BS: 167000 | FPS: 94.6919 | T: 1:09:17
| train          | F: 335000 | S: 167500 | E: 335 | L: 1000 | R: 964.1251 | BS: 167500 | FPS: 95.4861 | T: 1:09:27
| train          | F: 336000 | S: 168000 | E: 336 | L: 1000 | R: 950.5380 | BS: 168000 | FPS: 84.3839 | T: 1:09:39
| train          | F: 337000 | S: 168500 | E: 337 | L: 1000 | R: 933.8512 | BS: 168500 | FPS: 81.3863 | T: 1:09:52
| train          | F: 338000 | S: 169000 | E: 338 | L: 1000 | R: 831.9576 | BS: 169000 | FPS: 91.9033 | T: 1:10:02
| train          | F: 339000 | S: 169500 | E: 339 | L: 1000 | R: 960.0405 | BS: 169500 | FPS: 103.7287 | T: 1:10:12
| train          | F: 340000 | S: 170000 | E: 340 | L: 1000 | R: 958.0850 | BS: 170000 | FPS: 108.6678 | T: 1:10:21
| eval           | F: 340000 | S: 170000 | E: 340 | L: 1000 | R: 954.6078 | T: 1:10:21
| train          | F: 341000 | S: 170500 | E: 341 | L: 1000 | R: 976.3488 | BS: 170500 | FPS: 28.8249 | T: 1:10:56
| train          | F: 342000 | S: 171000 | E: 342 | L: 1000 | R: 959.8365 | BS: 171000 | FPS: 111.9687 | T: 1:11:05
| train          | F: 343000 | S: 171500 | E: 343 | L: 1000 | R: 977.7791 | BS: 171500 | FPS: 106.4712 | T: 1:11:14
| train          | F: 344000 | S: 172000 | E: 344 | L: 1000 | R: 971.0838 | BS: 172000 | FPS: 110.7292 | T: 1:11:23
| train          | F: 345000 | S: 172500 | E: 345 | L: 1000 | R: 977.7919 | BS: 172500 | FPS: 107.4748 | T: 1:11:33
| train          | F: 346000 | S: 173000 | E: 346 | L: 1000 | R: 951.8702 | BS: 173000 | FPS: 109.8005 | T: 1:11:42
| train          | F: 347000 | S: 173500 | E: 347 | L: 1000 | R: 971.3392 | BS: 173500 | FPS: 94.5815 | T: 1:11:52
| train          | F: 348000 | S: 174000 | E: 348 | L: 1000 | R: 951.2831 | BS: 174000 | FPS: 80.4896 | T: 1:12:05
| train          | F: 349000 | S: 174500 | E: 349 | L: 1000 | R: 950.0344 | BS: 174500 | FPS: 80.6004 | T: 1:12:17
| train          | F: 350000 | S: 175000 | E: 350 | L: 1000 | R: 961.1367 | BS: 175000 | FPS: 81.4880 | T: 1:12:29
| eval           | F: 350000 | S: 175000 | E: 350 | L: 1000 | R: 969.1306 | T: 1:12:29
| train          | F: 351000 | S: 175500 | E: 351 | L: 1000 | R: 956.0789 | BS: 175500 | FPS: 29.0795 | T: 1:13:04
| train          | F: 352000 | S: 176000 | E: 352 | L: 1000 | R: 946.7314 | BS: 176000 | FPS: 91.1821 | T: 1:13:15
| train          | F: 353000 | S: 176500 | E: 353 | L: 1000 | R: 967.5841 | BS: 176500 | FPS: 82.4402 | T: 1:13:27
| train          | F: 354000 | S: 177000 | E: 354 | L: 1000 | R: 958.8307 | BS: 177000 | FPS: 81.9544 | T: 1:13:39
| train          | F: 355000 | S: 177500 | E: 355 | L: 1000 | R: 421.0786 | BS: 177500 | FPS: 84.7809 | T: 1:13:51
| train          | F: 356000 | S: 178000 | E: 356 | L: 1000 | R: 944.6980 | BS: 178000 | FPS: 83.5375 | T: 1:14:03
| train          | F: 357000 | S: 178500 | E: 357 | L: 1000 | R: 921.3714 | BS: 178500 | FPS: 82.1086 | T: 1:14:15
| train          | F: 358000 | S: 179000 | E: 358 | L: 1000 | R: 957.1344 | BS: 179000 | FPS: 82.9800 | T: 1:14:27
| train          | F: 359000 | S: 179500 | E: 359 | L: 1000 | R: 974.3315 | BS: 179500 | FPS: 80.1205 | T: 1:14:40
| train          | F: 360000 | S: 180000 | E: 360 | L: 1000 | R: 950.8032 | BS: 180000 | FPS: 81.3290 | T: 1:14:52
| eval           | F: 360000 | S: 180000 | E: 360 | L: 1000 | R: 940.9140 | T: 1:14:52
| train          | F: 361000 | S: 180500 | E: 361 | L: 1000 | R: 962.5304 | BS: 180500 | FPS: 26.8636 | T: 1:15:29
| train          | F: 362000 | S: 181000 | E: 362 | L: 1000 | R: 943.6470 | BS: 181000 | FPS: 95.0865 | T: 1:15:40
| train          | F: 363000 | S: 181500 | E: 363 | L: 1000 | R: 943.8686 | BS: 181500 | FPS: 111.6793 | T: 1:15:49
| train          | F: 364000 | S: 182000 | E: 364 | L: 1000 | R: 962.2713 | BS: 182000 | FPS: 92.0115 | T: 1:15:59
| train          | F: 365000 | S: 182500 | E: 365 | L: 1000 | R: 950.0459 | BS: 182500 | FPS: 100.9337 | T: 1:16:09
| train          | F: 366000 | S: 183000 | E: 366 | L: 1000 | R: 937.1766 | BS: 183000 | FPS: 105.9109 | T: 1:16:19
| train          | F: 367000 | S: 183500 | E: 367 | L: 1000 | R: 951.3545 | BS: 183500 | FPS: 105.9536 | T: 1:16:28
| train          | F: 368000 | S: 184000 | E: 368 | L: 1000 | R: 974.2542 | BS: 184000 | FPS: 103.1893 | T: 1:16:38
| train          | F: 369000 | S: 184500 | E: 369 | L: 1000 | R: 974.9862 | BS: 184500 | FPS: 95.8764 | T: 1:16:48
| train          | F: 370000 | S: 185000 | E: 370 | L: 1000 | R: 953.5397 | BS: 185000 | FPS: 90.3046 | T: 1:16:59
| eval           | F: 370000 | S: 185000 | E: 370 | L: 1000 | R: 995.8088 | T: 1:16:59
| train          | F: 371000 | S: 185500 | E: 371 | L: 1000 | R: 967.9486 | BS: 185500 | FPS: 19.8694 | T: 1:17:50
| train          | F: 372000 | S: 186000 | E: 372 | L: 1000 | R: 974.0009 | BS: 186000 | FPS: 42.1770 | T: 1:18:13
| train          | F: 373000 | S: 186500 | E: 373 | L: 1000 | R: 972.3315 | BS: 186500 | FPS: 45.8714 | T: 1:18:35
| train          | F: 374000 | S: 187000 | E: 374 | L: 1000 | R: 980.5082 | BS: 187000 | FPS: 99.1081 | T: 1:18:45
| train          | F: 375000 | S: 187500 | E: 375 | L: 1000 | R: 955.2544 | BS: 187500 | FPS: 90.3284 | T: 1:18:56
| train          | F: 376000 | S: 188000 | E: 376 | L: 1000 | R: 970.1869 | BS: 188000 | FPS: 83.1399 | T: 1:19:08
| train          | F: 377000 | S: 188500 | E: 377 | L: 1000 | R: 961.9003 | BS: 188500 | FPS: 101.0306 | T: 1:19:18
| train          | F: 378000 | S: 189000 | E: 378 | L: 1000 | R: 957.3508 | BS: 189000 | FPS: 97.9911 | T: 1:19:29
| train          | F: 379000 | S: 189500 | E: 379 | L: 1000 | R: 961.6254 | BS: 189500 | FPS: 101.9502 | T: 1:19:38
| train          | F: 380000 | S: 190000 | E: 380 | L: 1000 | R: 956.5239 | BS: 190000 | FPS: 93.9659 | T: 1:19:49
| eval           | F: 380000 | S: 190000 | E: 380 | L: 1000 | R: 989.3567 | T: 1:19:49
| train          | F: 381000 | S: 190500 | E: 381 | L: 1000 | R: 971.8835 | BS: 190500 | FPS: 28.3291 | T: 1:20:24
| train          | F: 382000 | S: 191000 | E: 382 | L: 1000 | R: 950.7169 | BS: 191000 | FPS: 113.9481 | T: 1:20:33
| train          | F: 383000 | S: 191500 | E: 383 | L: 1000 | R: 961.3044 | BS: 191500 | FPS: 104.0032 | T: 1:20:43
| train          | F: 384000 | S: 192000 | E: 384 | L: 1000 | R: 967.4058 | BS: 192000 | FPS: 104.0084 | T: 1:20:52
| train          | F: 385000 | S: 192500 | E: 385 | L: 1000 | R: 946.4889 | BS: 192500 | FPS: 104.5823 | T: 1:21:02
| train          | F: 386000 | S: 193000 | E: 386 | L: 1000 | R: 964.8733 | BS: 193000 | FPS: 111.1456 | T: 1:21:11
| train          | F: 387000 | S: 193500 | E: 387 | L: 1000 | R: 958.8564 | BS: 193500 | FPS: 107.1743 | T: 1:21:20
| train          | F: 388000 | S: 194000 | E: 388 | L: 1000 | R: 957.0860 | BS: 194000 | FPS: 104.2194 | T: 1:21:30
| train          | F: 389000 | S: 194500 | E: 389 | L: 1000 | R: 958.8571 | BS: 194500 | FPS: 108.3009 | T: 1:21:39
| train          | F: 390000 | S: 195000 | E: 390 | L: 1000 | R: 945.7928 | BS: 195000 | FPS: 101.1139 | T: 1:21:49
| eval           | F: 390000 | S: 195000 | E: 390 | L: 1000 | R: 927.5227 | T: 1:21:49
| train          | F: 391000 | S: 195500 | E: 391 | L: 1000 | R: 958.0835 | BS: 195500 | FPS: 30.7595 | T: 1:22:21
| train          | F: 392000 | S: 196000 | E: 392 | L: 1000 | R: 959.0296 | BS: 196000 | FPS: 104.9821 | T: 1:22:31
| train          | F: 393000 | S: 196500 | E: 393 | L: 1000 | R: 952.8897 | BS: 196500 | FPS: 107.6242 | T: 1:22:40
| train          | F: 394000 | S: 197000 | E: 394 | L: 1000 | R: 963.2737 | BS: 197000 | FPS: 110.1658 | T: 1:22:49
| train          | F: 395000 | S: 197500 | E: 395 | L: 1000 | R: 969.6942 | BS: 197500 | FPS: 110.2461 | T: 1:22:58
| train          | F: 396000 | S: 198000 | E: 396 | L: 1000 | R: 954.5375 | BS: 198000 | FPS: 109.7054 | T: 1:23:07
| train          | F: 397000 | S: 198500 | E: 397 | L: 1000 | R: 951.4949 | BS: 198500 | FPS: 103.2578 | T: 1:23:17
| train          | F: 398000 | S: 199000 | E: 398 | L: 1000 | R: 950.1660 | BS: 199000 | FPS: 102.3512 | T: 1:23:27
| train          | F: 399000 | S: 199500 | E: 399 | L: 1000 | R: 970.1044 | BS: 199500 | FPS: 105.9584 | T: 1:23:36
| train          | F: 400000 | S: 200000 | E: 400 | L: 1000 | R: 960.0178 | BS: 200000 | FPS: 101.1645 | T: 1:23:46
| eval           | F: 400000 | S: 200000 | E: 400 | L: 1000 | R: 978.4523 | T: 1:23:46
| train          | F: 401000 | S: 200500 | E: 401 | L: 1000 | R: 960.5458 | BS: 200500 | FPS: 28.0544 | T: 1:24:22
| train          | F: 402000 | S: 201000 | E: 402 | L: 1000 | R: 956.4243 | BS: 201000 | FPS: 113.1929 | T: 1:24:31
| train          | F: 403000 | S: 201500 | E: 403 | L: 1000 | R: 957.8404 | BS: 201500 | FPS: 106.8561 | T: 1:24:40
| train          | F: 404000 | S: 202000 | E: 404 | L: 1000 | R: 965.6453 | BS: 202000 | FPS: 109.7353 | T: 1:24:49
| train          | F: 405000 | S: 202500 | E: 405 | L: 1000 | R: 954.7841 | BS: 202500 | FPS: 109.0348 | T: 1:24:58
| train          | F: 406000 | S: 203000 | E: 406 | L: 1000 | R: 912.9398 | BS: 203000 | FPS: 103.7868 | T: 1:25:08
| train          | F: 407000 | S: 203500 | E: 407 | L: 1000 | R: 952.9493 | BS: 203500 | FPS: 105.8395 | T: 1:25:17
| train          | F: 408000 | S: 204000 | E: 408 | L: 1000 | R: 955.4050 | BS: 204000 | FPS: 102.9964 | T: 1:25:27
| train          | F: 409000 | S: 204500 | E: 409 | L: 1000 | R: 931.7743 | BS: 204500 | FPS: 98.0119 | T: 1:25:37
| train          | F: 410000 | S: 205000 | E: 410 | L: 1000 | R: 970.3877 | BS: 205000 | FPS: 105.8439 | T: 1:25:47
| eval           | F: 410000 | S: 205000 | E: 410 | L: 1000 | R: 971.4044 | T: 1:25:47
| train          | F: 411000 | S: 205500 | E: 411 | L: 1000 | R: 963.8447 | BS: 205500 | FPS: 28.6918 | T: 1:26:22
| train          | F: 412000 | S: 206000 | E: 412 | L: 1000 | R: 964.8598 | BS: 206000 | FPS: 111.7356 | T: 1:26:31
| train          | F: 413000 | S: 206500 | E: 413 | L: 1000 | R: 967.1810 | BS: 206500 | FPS: 111.8853 | T: 1:26:40
| train          | F: 414000 | S: 207000 | E: 414 | L: 1000 | R: 957.5041 | BS: 207000 | FPS: 107.2018 | T: 1:26:49
| train          | F: 415000 | S: 207500 | E: 415 | L: 1000 | R: 952.0724 | BS: 207500 | FPS: 105.8553 | T: 1:26:58
| train          | F: 416000 | S: 208000 | E: 416 | L: 1000 | R: 947.9031 | BS: 208000 | FPS: 108.8677 | T: 1:27:08
| train          | F: 417000 | S: 208500 | E: 417 | L: 1000 | R: 968.3991 | BS: 208500 | FPS: 107.2369 | T: 1:27:17
| train          | F: 418000 | S: 209000 | E: 418 | L: 1000 | R: 969.8192 | BS: 209000 | FPS: 109.7884 | T: 1:27:26
| train          | F: 419000 | S: 209500 | E: 419 | L: 1000 | R: 973.8463 | BS: 209500 | FPS: 94.5843 | T: 1:27:37
| train          | F: 420000 | S: 210000 | E: 420 | L: 1000 | R: 964.3615 | BS: 210000 | FPS: 80.2878 | T: 1:27:49
| eval           | F: 420000 | S: 210000 | E: 420 | L: 1000 | R: 974.1962 | T: 1:27:49
| train          | F: 421000 | S: 210500 | E: 421 | L: 1000 | R: 944.8117 | BS: 210500 | FPS: 28.7603 | T: 1:28:24
| train          | F: 422000 | S: 211000 | E: 422 | L: 1000 | R: 955.0388 | BS: 211000 | FPS: 108.4824 | T: 1:28:33
| train          | F: 423000 | S: 211500 | E: 423 | L: 1000 | R: 967.0982 | BS: 211500 | FPS: 111.2694 | T: 1:28:42
| train          | F: 424000 | S: 212000 | E: 424 | L: 1000 | R: 968.6898 | BS: 212000 | FPS: 107.5070 | T: 1:28:51
| train          | F: 425000 | S: 212500 | E: 425 | L: 1000 | R: 946.6307 | BS: 212500 | FPS: 110.7831 | T: 1:29:00
| train          | F: 426000 | S: 213000 | E: 426 | L: 1000 | R: 980.9338 | BS: 213000 | FPS: 104.0724 | T: 1:29:10
| train          | F: 427000 | S: 213500 | E: 427 | L: 1000 | R: 951.0412 | BS: 213500 | FPS: 104.7934 | T: 1:29:19
| train          | F: 428000 | S: 214000 | E: 428 | L: 1000 | R: 972.0668 | BS: 214000 | FPS: 104.6611 | T: 1:29:29
| train          | F: 429000 | S: 214500 | E: 429 | L: 1000 | R: 959.1220 | BS: 214500 | FPS: 103.3653 | T: 1:29:39
| train          | F: 430000 | S: 215000 | E: 430 | L: 1000 | R: 956.9368 | BS: 215000 | FPS: 83.5933 | T: 1:29:51
| eval           | F: 430000 | S: 215000 | E: 430 | L: 1000 | R: 995.1929 | T: 1:29:51
| train          | F: 431000 | S: 215500 | E: 431 | L: 1000 | R: 966.7821 | BS: 215500 | FPS: 27.8463 | T: 1:30:27
| train          | F: 432000 | S: 216000 | E: 432 | L: 1000 | R: 960.4543 | BS: 216000 | FPS: 107.8137 | T: 1:30:36
| train          | F: 433000 | S: 216500 | E: 433 | L: 1000 | R: 968.7045 | BS: 216500 | FPS: 108.0458 | T: 1:30:45
| train          | F: 434000 | S: 217000 | E: 434 | L: 1000 | R: 976.3195 | BS: 217000 | FPS: 106.3391 | T: 1:30:54
| train          | F: 435000 | S: 217500 | E: 435 | L: 1000 | R: 964.5042 | BS: 217500 | FPS: 106.9916 | T: 1:31:04
| train          | F: 436000 | S: 218000 | E: 436 | L: 1000 | R: 976.8509 | BS: 218000 | FPS: 105.0095 | T: 1:31:13
| train          | F: 437000 | S: 218500 | E: 437 | L: 1000 | R: 962.7560 | BS: 218500 | FPS: 107.9693 | T: 1:31:23
| train          | F: 438000 | S: 219000 | E: 438 | L: 1000 | R: 945.8872 | BS: 219000 | FPS: 109.6027 | T: 1:31:32
| train          | F: 439000 | S: 219500 | E: 439 | L: 1000 | R: 955.8833 | BS: 219500 | FPS: 104.3896 | T: 1:31:41
| train          | F: 440000 | S: 220000 | E: 440 | L: 1000 | R: 964.7671 | BS: 220000 | FPS: 105.5861 | T: 1:31:51
| eval           | F: 440000 | S: 220000 | E: 440 | L: 1000 | R: 981.2138 | T: 1:31:51
| train          | F: 441000 | S: 220500 | E: 441 | L: 1000 | R: 977.8008 | BS: 220500 | FPS: 26.4137 | T: 1:32:29
| train          | F: 442000 | S: 221000 | E: 442 | L: 1000 | R: 980.9856 | BS: 221000 | FPS: 83.4307 | T: 1:32:41
| train          | F: 443000 | S: 221500 | E: 443 | L: 1000 | R: 974.1507 | BS: 221500 | FPS: 96.6679 | T: 1:32:51
| train          | F: 444000 | S: 222000 | E: 444 | L: 1000 | R: 955.6758 | BS: 222000 | FPS: 111.4205 | T: 1:33:00
| train          | F: 445000 | S: 222500 | E: 445 | L: 1000 | R: 956.4812 | BS: 222500 | FPS: 112.3697 | T: 1:33:09
| train          | F: 446000 | S: 223000 | E: 446 | L: 1000 | R: 950.9937 | BS: 223000 | FPS: 109.7572 | T: 1:33:18
| train          | F: 447000 | S: 223500 | E: 447 | L: 1000 | R: 959.8122 | BS: 223500 | FPS: 107.9812 | T: 1:33:27
| train          | F: 448000 | S: 224000 | E: 448 | L: 1000 | R: 968.5311 | BS: 224000 | FPS: 105.5810 | T: 1:33:37
| train          | F: 449000 | S: 224500 | E: 449 | L: 1000 | R: 972.1600 | BS: 224500 | FPS: 101.9519 | T: 1:33:47
| train          | F: 450000 | S: 225000 | E: 450 | L: 1000 | R: 962.7961 | BS: 225000 | FPS: 104.5289 | T: 1:33:56
| eval           | F: 450000 | S: 225000 | E: 450 | L: 1000 | R: 955.3057 | T: 1:33:56
| train          | F: 451000 | S: 225500 | E: 451 | L: 1000 | R: 958.3955 | BS: 225500 | FPS: 27.8254 | T: 1:34:32
| train          | F: 452000 | S: 226000 | E: 452 | L: 1000 | R: 964.9200 | BS: 226000 | FPS: 106.2269 | T: 1:34:41
| train          | F: 453000 | S: 226500 | E: 453 | L: 1000 | R: 972.6400 | BS: 226500 | FPS: 105.2737 | T: 1:34:51
| train          | F: 454000 | S: 227000 | E: 454 | L: 1000 | R: 959.9454 | BS: 227000 | FPS: 104.6143 | T: 1:35:00
| train          | F: 455000 | S: 227500 | E: 455 | L: 1000 | R: 962.4048 | BS: 227500 | FPS: 103.7457 | T: 1:35:10
| train          | F: 456000 | S: 228000 | E: 456 | L: 1000 | R: 966.9823 | BS: 228000 | FPS: 101.8347 | T: 1:35:20
| train          | F: 457000 | S: 228500 | E: 457 | L: 1000 | R: 961.3195 | BS: 228500 | FPS: 102.8457 | T: 1:35:30
| train          | F: 458000 | S: 229000 | E: 458 | L: 1000 | R: 974.7355 | BS: 229000 | FPS: 91.0757 | T: 1:35:41
| train          | F: 459000 | S: 229500 | E: 459 | L: 1000 | R: 964.1910 | BS: 229500 | FPS: 105.0873 | T: 1:35:50
| train          | F: 460000 | S: 230000 | E: 460 | L: 1000 | R: 950.2609 | BS: 230000 | FPS: 105.7064 | T: 1:36:00
| eval           | F: 460000 | S: 230000 | E: 460 | L: 1000 | R: 987.6681 | T: 1:36:00
| train          | F: 461000 | S: 230500 | E: 461 | L: 1000 | R: 981.0143 | BS: 230500 | FPS: 29.1359 | T: 1:36:34
| train          | F: 462000 | S: 231000 | E: 462 | L: 1000 | R: 970.8744 | BS: 231000 | FPS: 110.9828 | T: 1:36:43
| train          | F: 463000 | S: 231500 | E: 463 | L: 1000 | R: 964.4889 | BS: 231500 | FPS: 107.9230 | T: 1:36:52
| train          | F: 464000 | S: 232000 | E: 464 | L: 1000 | R: 970.2765 | BS: 232000 | FPS: 109.6993 | T: 1:37:01
| train          | F: 465000 | S: 232500 | E: 465 | L: 1000 | R: 961.7104 | BS: 232500 | FPS: 110.9000 | T: 1:37:10
| train          | F: 466000 | S: 233000 | E: 466 | L: 1000 | R: 964.0753 | BS: 233000 | FPS: 110.1579 | T: 1:37:19
| train          | F: 467000 | S: 233500 | E: 467 | L: 1000 | R: 954.7459 | BS: 233500 | FPS: 107.2539 | T: 1:37:29
| train          | F: 468000 | S: 234000 | E: 468 | L: 1000 | R: 963.3996 | BS: 234000 | FPS: 103.3934 | T: 1:37:38
| train          | F: 469000 | S: 234500 | E: 469 | L: 1000 | R: 977.0973 | BS: 234500 | FPS: 100.4151 | T: 1:37:48
| train          | F: 470000 | S: 235000 | E: 470 | L: 1000 | R: 967.7278 | BS: 235000 | FPS: 107.1619 | T: 1:37:58
| eval           | F: 470000 | S: 235000 | E: 470 | L: 1000 | R: 992.3920 | T: 1:37:58
| train          | F: 471000 | S: 235500 | E: 471 | L: 1000 | R: 969.9058 | BS: 235500 | FPS: 31.0642 | T: 1:38:30
| train          | F: 472000 | S: 236000 | E: 472 | L: 1000 | R: 980.1291 | BS: 236000 | FPS: 110.4583 | T: 1:38:39
| train          | F: 473000 | S: 236500 | E: 473 | L: 1000 | R: 945.4452 | BS: 236500 | FPS: 108.7907 | T: 1:38:48
| train          | F: 474000 | S: 237000 | E: 474 | L: 1000 | R: 966.5778 | BS: 237000 | FPS: 108.5831 | T: 1:38:57
| train          | F: 475000 | S: 237500 | E: 475 | L: 1000 | R: 983.4814 | BS: 237500 | FPS: 105.2572 | T: 1:39:07
| train          | F: 476000 | S: 238000 | E: 476 | L: 1000 | R: 979.4100 | BS: 238000 | FPS: 106.7130 | T: 1:39:16
| train          | F: 477000 | S: 238500 | E: 477 | L: 1000 | R: 980.4843 | BS: 238500 | FPS: 106.4634 | T: 1:39:26
| train          | F: 478000 | S: 239000 | E: 478 | L: 1000 | R: 976.4103 | BS: 239000 | FPS: 107.3639 | T: 1:39:35
| train          | F: 479000 | S: 239500 | E: 479 | L: 1000 | R: 980.0406 | BS: 239500 | FPS: 102.4390 | T: 1:39:45
| train          | F: 480000 | S: 240000 | E: 480 | L: 1000 | R: 979.2505 | BS: 240000 | FPS: 105.5794 | T: 1:39:54
| eval           | F: 480000 | S: 240000 | E: 480 | L: 1000 | R: 987.7221 | T: 1:39:54
| train          | F: 481000 | S: 240500 | E: 481 | L: 1000 | R: 975.1786 | BS: 240500 | FPS: 30.7228 | T: 1:40:27
| train          | F: 482000 | S: 241000 | E: 482 | L: 1000 | R: 975.1732 | BS: 241000 | FPS: 107.5790 | T: 1:40:36
| train          | F: 483000 | S: 241500 | E: 483 | L: 1000 | R: 952.1680 | BS: 241500 | FPS: 110.6232 | T: 1:40:45
| train          | F: 484000 | S: 242000 | E: 484 | L: 1000 | R: 980.9281 | BS: 242000 | FPS: 109.4109 | T: 1:40:54
| train          | F: 485000 | S: 242500 | E: 485 | L: 1000 | R: 948.0693 | BS: 242500 | FPS: 109.4571 | T: 1:41:03
| train          | F: 486000 | S: 243000 | E: 486 | L: 1000 | R: 953.1951 | BS: 243000 | FPS: 107.5036 | T: 1:41:13
| train          | F: 487000 | S: 243500 | E: 487 | L: 1000 | R: 918.0742 | BS: 243500 | FPS: 106.7864 | T: 1:41:22
| train          | F: 488000 | S: 244000 | E: 488 | L: 1000 | R: 892.6935 | BS: 244000 | FPS: 107.2954 | T: 1:41:31
| train          | F: 489000 | S: 244500 | E: 489 | L: 1000 | R: 932.2398 | BS: 244500 | FPS: 105.6219 | T: 1:41:41
| train          | F: 490000 | S: 245000 | E: 490 | L: 1000 | R: 948.9405 | BS: 245000 | FPS: 109.4446 | T: 1:41:50
| eval           | F: 490000 | S: 245000 | E: 490 | L: 1000 | R: 967.9999 | T: 1:41:50
| train          | F: 491000 | S: 245500 | E: 491 | L: 1000 | R: 845.4204 | BS: 245500 | FPS: 22.2720 | T: 1:42:35
| train          | F: 492000 | S: 246000 | E: 492 | L: 1000 | R: 973.2933 | BS: 246000 | FPS: 113.1502 | T: 1:42:44
| train          | F: 493000 | S: 246500 | E: 493 | L: 1000 | R: 962.7820 | BS: 246500 | FPS: 113.4267 | T: 1:42:52
| train          | F: 494000 | S: 247000 | E: 494 | L: 1000 | R: 957.1627 | BS: 247000 | FPS: 111.4322 | T: 1:43:01
| train          | F: 495000 | S: 247500 | E: 495 | L: 1000 | R: 949.6327 | BS: 247500 | FPS: 109.4389 | T: 1:43:11
| train          | F: 496000 | S: 248000 | E: 496 | L: 1000 | R: 920.1693 | BS: 248000 | FPS: 107.8052 | T: 1:43:20
| train          | F: 497000 | S: 248500 | E: 497 | L: 1000 | R: 931.2018 | BS: 248500 | FPS: 111.3753 | T: 1:43:29
| train          | F: 498000 | S: 249000 | E: 498 | L: 1000 | R: 930.8701 | BS: 249000 | FPS: 107.2163 | T: 1:43:38
| train          | F: 499000 | S: 249500 | E: 499 | L: 1000 | R: 940.4026 | BS: 249500 | FPS: 107.9416 | T: 1:43:47
| train          | F: 500000 | S: 250000 | E: 500 | L: 1000 | R: 943.1831 | BS: 250000 | FPS: 113.0436 | T: 1:43:56
| eval           | F: 500000 | S: 250000 | E: 500 | L: 1000 | R: 972.4993 | T: 1:43:56
| train          | F: 501000 | S: 250500 | E: 501 | L: 1000 | R: 967.6041 | BS: 250500 | FPS: 30.3011 | T: 1:44:29
| train          | F: 502000 | S: 251000 | E: 502 | L: 1000 | R: 950.8897 | BS: 251000 | FPS: 110.8384 | T: 1:44:38
| train          | F: 503000 | S: 251500 | E: 503 | L: 1000 | R: 967.0953 | BS: 251500 | FPS: 104.5095 | T: 1:44:48
| train          | F: 504000 | S: 252000 | E: 504 | L: 1000 | R: 950.9958 | BS: 252000 | FPS: 104.4765 | T: 1:44:57
| train          | F: 505000 | S: 252500 | E: 505 | L: 1000 | R: 960.0323 | BS: 252500 | FPS: 103.7085 | T: 1:45:07
| train          | F: 506000 | S: 253000 | E: 506 | L: 1000 | R: 982.8259 | BS: 253000 | FPS: 104.7718 | T: 1:45:17
| train          | F: 507000 | S: 253500 | E: 507 | L: 1000 | R: 959.4425 | BS: 253500 | FPS: 109.1035 | T: 1:45:26
| train          | F: 508000 | S: 254000 | E: 508 | L: 1000 | R: 973.2777 | BS: 254000 | FPS: 107.9558 | T: 1:45:35
| train          | F: 509000 | S: 254500 | E: 509 | L: 1000 | R: 945.1898 | BS: 254500 | FPS: 98.3061 | T: 1:45:45
