/workspace/learn-si2e/SI2E/SI2E_DrQv2/train.py:210: UserWarning: 
The version_base parameter is not specified.
Please specify a compatability version level, or None.
Will assume defaults for version 1.1
  @hydra.main(config_path='cfgs', config_name='config')
/usr/local/lib/python3.10/dist-packages/hydra/_internal/hydra.py:119: UserWarning: Future Hydra versions will no longer change working directory at job runtime by default.
See https://hydra.cc/docs/1.2/upgrades/1.1_to_1.2/changes_to_job_working_dir/ for more information.
  ret = run_job(
/workspace/learn-si2e/SI2E/SI2E_DrQv2/train.py:210: UserWarning: 
The version_base parameter is not specified.
Please specify a compatability version level, or None.
Will assume defaults for version 1.1
  @hydra.main(config_path='cfgs', config_name='config')
workspace: /workspace/learn-si2e/results/drqv2-official/pendulum_swingup_se_seed1
| eval           | F: 0 | S: 0 | E: 0 | L: 1000 | R: 0.0000 | T: 0:00:00
| train          | F: 5000 | S: 2500 | E: 5 | L: 1000 | R: 0.0000 | BS: 2500 | FPS: 24.1711 | T: 0:00:41
| train          | F: 6000 | S: 3000 | E: 6 | L: 1000 | R: 0.0000 | BS: 3000 | FPS: 89.6838 | T: 0:00:52
| train          | F: 7000 | S: 3500 | E: 7 | L: 1000 | R: 0.0000 | BS: 3500 | FPS: 87.4906 | T: 0:01:03
| train          | F: 8000 | S: 4000 | E: 8 | L: 1000 | R: 0.0000 | BS: 4000 | FPS: 90.1039 | T: 0:01:15
| train          | F: 9000 | S: 4500 | E: 9 | L: 1000 | R: 59.0000 | BS: 4500 | FPS: 85.5077 | T: 0:01:26
| train          | F: 10000 | S: 5000 | E: 10 | L: 1000 | R: 0.0000 | BS: 5000 | FPS: 73.9952 | T: 0:01:40
| eval           | F: 10000 | S: 5000 | E: 10 | L: 1000 | R: 11.6000 | T: 0:01:40
| train          | F: 11000 | S: 5500 | E: 11 | L: 1000 | R: 59.0000 | BS: 5500 | FPS: 28.4484 | T: 0:02:15
| train          | F: 12000 | S: 6000 | E: 12 | L: 1000 | R: 0.0000 | BS: 6000 | FPS: 90.8220 | T: 0:02:26
| train          | F: 13000 | S: 6500 | E: 13 | L: 1000 | R: 0.0000 | BS: 6500 | FPS: 87.4139 | T: 0:02:37
| train          | F: 14000 | S: 7000 | E: 14 | L: 1000 | R: 0.0000 | BS: 7000 | FPS: 84.9534 | T: 0:02:49
| train          | F: 15000 | S: 7500 | E: 15 | L: 1000 | R: 0.0000 | BS: 7500 | FPS: 67.9087 | T: 0:03:04
| train          | F: 16000 | S: 8000 | E: 16 | L: 1000 | R: 0.0000 | BS: 8000 | FPS: 77.5157 | T: 0:03:17
| train          | F: 17000 | S: 8500 | E: 17 | L: 1000 | R: 58.0000 | BS: 8500 | FPS: 83.8204 | T: 0:03:29
| train          | F: 18000 | S: 9000 | E: 18 | L: 1000 | R: 0.0000 | BS: 9000 | FPS: 80.4151 | T: 0:03:41
| train          | F: 19000 | S: 9500 | E: 19 | L: 1000 | R: 0.0000 | BS: 9500 | FPS: 80.8724 | T: 0:03:53
| train          | F: 20000 | S: 10000 | E: 20 | L: 1000 | R: 0.0000 | BS: 10000 | FPS: 81.1293 | T: 0:04:06
| eval           | F: 20000 | S: 10000 | E: 20 | L: 1000 | R: 0.0000 | T: 0:04:06
| train          | F: 21000 | S: 10500 | E: 21 | L: 1000 | R: 0.0000 | BS: 10500 | FPS: 28.5746 | T: 0:04:41
| train          | F: 22000 | S: 11000 | E: 22 | L: 1000 | R: 0.0000 | BS: 11000 | FPS: 86.8510 | T: 0:04:52
| train          | F: 23000 | S: 11500 | E: 23 | L: 1000 | R: 0.0000 | BS: 11500 | FPS: 86.8449 | T: 0:05:04
| train          | F: 24000 | S: 12000 | E: 24 | L: 1000 | R: 0.0000 | BS: 12000 | FPS: 70.4493 | T: 0:05:18
| train          | F: 25000 | S: 12500 | E: 25 | L: 1000 | R: 0.0000 | BS: 12500 | FPS: 81.5509 | T: 0:05:30
| train          | F: 26000 | S: 13000 | E: 26 | L: 1000 | R: 0.0000 | BS: 13000 | FPS: 83.3684 | T: 0:05:42
| train          | F: 27000 | S: 13500 | E: 27 | L: 1000 | R: 0.0000 | BS: 13500 | FPS: 88.1350 | T: 0:05:54
| train          | F: 28000 | S: 14000 | E: 28 | L: 1000 | R: 0.0000 | BS: 14000 | FPS: 65.4784 | T: 0:06:09
| train          | F: 29000 | S: 14500 | E: 29 | L: 1000 | R: 0.0000 | BS: 14500 | FPS: 65.9100 | T: 0:06:24
| train          | F: 30000 | S: 15000 | E: 30 | L: 1000 | R: 0.0000 | BS: 15000 | FPS: 66.0491 | T: 0:06:39
| eval           | F: 30000 | S: 15000 | E: 30 | L: 1000 | R: 5.6000 | T: 0:06:39
| train          | F: 31000 | S: 15500 | E: 31 | L: 1000 | R: 0.0000 | BS: 15500 | FPS: 28.7258 | T: 0:07:14
| train          | F: 32000 | S: 16000 | E: 32 | L: 1000 | R: 61.0000 | BS: 16000 | FPS: 83.0351 | T: 0:07:26
| train          | F: 33000 | S: 16500 | E: 33 | L: 1000 | R: 0.0000 | BS: 16500 | FPS: 87.2666 | T: 0:07:38
| train          | F: 34000 | S: 17000 | E: 34 | L: 1000 | R: 0.0000 | BS: 17000 | FPS: 86.7432 | T: 0:07:49
| train          | F: 35000 | S: 17500 | E: 35 | L: 1000 | R: 0.0000 | BS: 17500 | FPS: 79.6317 | T: 0:08:02
| train          | F: 36000 | S: 18000 | E: 36 | L: 1000 | R: 0.0000 | BS: 18000 | FPS: 85.2580 | T: 0:08:13
| train          | F: 37000 | S: 18500 | E: 37 | L: 1000 | R: 0.0000 | BS: 18500 | FPS: 85.0616 | T: 0:08:25
| train          | F: 38000 | S: 19000 | E: 38 | L: 1000 | R: 0.0000 | BS: 19000 | FPS: 80.2454 | T: 0:08:38
| train          | F: 39000 | S: 19500 | E: 39 | L: 1000 | R: 0.0000 | BS: 19500 | FPS: 85.4175 | T: 0:08:49
| train          | F: 40000 | S: 20000 | E: 40 | L: 1000 | R: 0.0000 | BS: 20000 | FPS: 74.7938 | T: 0:09:03
| eval           | F: 40000 | S: 20000 | E: 40 | L: 1000 | R: 5.6000 | T: 0:09:03
| train          | F: 41000 | S: 20500 | E: 41 | L: 1000 | R: 0.0000 | BS: 20500 | FPS: 28.5801 | T: 0:09:38
| train          | F: 42000 | S: 21000 | E: 42 | L: 1000 | R: 0.0000 | BS: 21000 | FPS: 83.8810 | T: 0:09:50
| train          | F: 43000 | S: 21500 | E: 43 | L: 1000 | R: 0.0000 | BS: 21500 | FPS: 86.2013 | T: 0:10:01
| train          | F: 44000 | S: 22000 | E: 44 | L: 1000 | R: 0.0000 | BS: 22000 | FPS: 84.4494 | T: 0:10:13
| train          | F: 45000 | S: 22500 | E: 45 | L: 1000 | R: 0.0000 | BS: 22500 | FPS: 83.4873 | T: 0:10:25
| train          | F: 46000 | S: 23000 | E: 46 | L: 1000 | R: 58.0000 | BS: 23000 | FPS: 82.2669 | T: 0:10:37
| train          | F: 47000 | S: 23500 | E: 47 | L: 1000 | R: 0.0000 | BS: 23500 | FPS: 85.8740 | T: 0:10:49
| train          | F: 48000 | S: 24000 | E: 48 | L: 1000 | R: 0.0000 | BS: 24000 | FPS: 84.5981 | T: 0:11:01
| train          | F: 49000 | S: 24500 | E: 49 | L: 1000 | R: 0.0000 | BS: 24500 | FPS: 72.6897 | T: 0:11:14
| train          | F: 50000 | S: 25000 | E: 50 | L: 1000 | R: 0.0000 | BS: 25000 | FPS: 64.6450 | T: 0:11:30
| eval           | F: 50000 | S: 25000 | E: 50 | L: 1000 | R: 6.0000 | T: 0:11:30
| train          | F: 51000 | S: 25500 | E: 51 | L: 1000 | R: 0.0000 | BS: 25500 | FPS: 26.2835 | T: 0:12:08
| train          | F: 52000 | S: 26000 | E: 52 | L: 1000 | R: 0.0000 | BS: 26000 | FPS: 84.7412 | T: 0:12:20
| train          | F: 53000 | S: 26500 | E: 53 | L: 1000 | R: 0.0000 | BS: 26500 | FPS: 75.5140 | T: 0:12:33
| train          | F: 54000 | S: 27000 | E: 54 | L: 1000 | R: 0.0000 | BS: 27000 | FPS: 72.4931 | T: 0:12:47
| train          | F: 55000 | S: 27500 | E: 55 | L: 1000 | R: 66.0000 | BS: 27500 | FPS: 81.3398 | T: 0:12:59
| train          | F: 56000 | S: 28000 | E: 56 | L: 1000 | R: 0.0000 | BS: 28000 | FPS: 82.7467 | T: 0:13:11
| train          | F: 57000 | S: 28500 | E: 57 | L: 1000 | R: 0.0000 | BS: 28500 | FPS: 65.1108 | T: 0:13:26
| train          | F: 58000 | S: 29000 | E: 58 | L: 1000 | R: 0.0000 | BS: 29000 | FPS: 65.5458 | T: 0:13:42
| train          | F: 59000 | S: 29500 | E: 59 | L: 1000 | R: 0.0000 | BS: 29500 | FPS: 65.0639 | T: 0:13:57
| train          | F: 60000 | S: 30000 | E: 60 | L: 1000 | R: 0.0000 | BS: 30000 | FPS: 64.5474 | T: 0:14:13
| eval           | F: 60000 | S: 30000 | E: 60 | L: 1000 | R: 18.2000 | T: 0:14:13
| train          | F: 61000 | S: 30500 | E: 61 | L: 1000 | R: 0.0000 | BS: 30500 | FPS: 26.7442 | T: 0:14:50
| train          | F: 62000 | S: 31000 | E: 62 | L: 1000 | R: 59.0000 | BS: 31000 | FPS: 83.9343 | T: 0:15:02
| train          | F: 63000 | S: 31500 | E: 63 | L: 1000 | R: 0.0000 | BS: 31500 | FPS: 78.9016 | T: 0:15:15
| train          | F: 64000 | S: 32000 | E: 64 | L: 1000 | R: 60.0000 | BS: 32000 | FPS: 67.1312 | T: 0:15:29
| train          | F: 65000 | S: 32500 | E: 65 | L: 1000 | R: 0.0000 | BS: 32500 | FPS: 81.3105 | T: 0:15:42
| train          | F: 66000 | S: 33000 | E: 66 | L: 1000 | R: 0.0000 | BS: 33000 | FPS: 84.6096 | T: 0:15:54
| train          | F: 67000 | S: 33500 | E: 67 | L: 1000 | R: 0.0000 | BS: 33500 | FPS: 82.2659 | T: 0:16:06
| train          | F: 68000 | S: 34000 | E: 68 | L: 1000 | R: 79.0000 | BS: 34000 | FPS: 82.6842 | T: 0:16:18
| train          | F: 69000 | S: 34500 | E: 69 | L: 1000 | R: 0.0000 | BS: 34500 | FPS: 83.5816 | T: 0:16:30
| train          | F: 70000 | S: 35000 | E: 70 | L: 1000 | R: 0.0000 | BS: 35000 | FPS: 81.8694 | T: 0:16:42
| eval           | F: 70000 | S: 35000 | E: 70 | L: 1000 | R: 5.5000 | T: 0:16:42
| train          | F: 71000 | S: 35500 | E: 71 | L: 1000 | R: 0.0000 | BS: 35500 | FPS: 28.0571 | T: 0:17:18
| train          | F: 72000 | S: 36000 | E: 72 | L: 1000 | R: 0.0000 | BS: 36000 | FPS: 83.8424 | T: 0:17:30
| train          | F: 73000 | S: 36500 | E: 73 | L: 1000 | R: 0.0000 | BS: 36500 | FPS: 82.1969 | T: 0:17:42
| train          | F: 74000 | S: 37000 | E: 74 | L: 1000 | R: 0.0000 | BS: 37000 | FPS: 83.0873 | T: 0:17:54
| train          | F: 75000 | S: 37500 | E: 75 | L: 1000 | R: 59.0000 | BS: 37500 | FPS: 79.5802 | T: 0:18:06
| train          | F: 76000 | S: 38000 | E: 76 | L: 1000 | R: 0.0000 | BS: 38000 | FPS: 82.8657 | T: 0:18:18
| train          | F: 77000 | S: 38500 | E: 77 | L: 1000 | R: 0.0000 | BS: 38500 | FPS: 81.6897 | T: 0:18:31
| train          | F: 78000 | S: 39000 | E: 78 | L: 1000 | R: 0.0000 | BS: 39000 | FPS: 69.4884 | T: 0:18:45
| train          | F: 79000 | S: 39500 | E: 79 | L: 1000 | R: 0.0000 | BS: 39500 | FPS: 64.5911 | T: 0:19:01
| train          | F: 80000 | S: 40000 | E: 80 | L: 1000 | R: 0.0000 | BS: 40000 | FPS: 64.1432 | T: 0:19:16
| eval           | F: 80000 | S: 40000 | E: 80 | L: 1000 | R: 15.4000 | T: 0:19:16
| train          | F: 81000 | S: 40500 | E: 81 | L: 1000 | R: 0.0000 | BS: 40500 | FPS: 27.5267 | T: 0:19:52
| train          | F: 82000 | S: 41000 | E: 82 | L: 1000 | R: 0.0000 | BS: 41000 | FPS: 83.9557 | T: 0:20:04
| train          | F: 83000 | S: 41500 | E: 83 | L: 1000 | R: 0.0000 | BS: 41500 | FPS: 82.0981 | T: 0:20:17
| train          | F: 84000 | S: 42000 | E: 84 | L: 1000 | R: 0.0000 | BS: 42000 | FPS: 82.3107 | T: 0:20:29
| train          | F: 85000 | S: 42500 | E: 85 | L: 1000 | R: 0.0000 | BS: 42500 | FPS: 77.3248 | T: 0:20:42
| train          | F: 86000 | S: 43000 | E: 86 | L: 1000 | R: 0.0000 | BS: 43000 | FPS: 79.2800 | T: 0:20:54
| train          | F: 87000 | S: 43500 | E: 87 | L: 1000 | R: 57.0000 | BS: 43500 | FPS: 81.2878 | T: 0:21:07
| train          | F: 88000 | S: 44000 | E: 88 | L: 1000 | R: 0.0000 | BS: 44000 | FPS: 81.2398 | T: 0:21:19
| train          | F: 89000 | S: 44500 | E: 89 | L: 1000 | R: 0.0000 | BS: 44500 | FPS: 71.8520 | T: 0:21:33
| train          | F: 90000 | S: 45000 | E: 90 | L: 1000 | R: 0.0000 | BS: 45000 | FPS: 66.3655 | T: 0:21:48
| eval           | F: 90000 | S: 45000 | E: 90 | L: 1000 | R: 16.4000 | T: 0:21:48
| train          | F: 91000 | S: 45500 | E: 91 | L: 1000 | R: 0.0000 | BS: 45500 | FPS: 25.3459 | T: 0:22:27
| train          | F: 92000 | S: 46000 | E: 92 | L: 1000 | R: 0.0000 | BS: 46000 | FPS: 70.3965 | T: 0:22:41
| train          | F: 93000 | S: 46500 | E: 93 | L: 1000 | R: 60.0000 | BS: 46500 | FPS: 63.7083 | T: 0:22:57
| train          | F: 94000 | S: 47000 | E: 94 | L: 1000 | R: 0.0000 | BS: 47000 | FPS: 65.0628 | T: 0:23:13
| train          | F: 95000 | S: 47500 | E: 95 | L: 1000 | R: 60.0000 | BS: 47500 | FPS: 65.2033 | T: 0:23:28
| train          | F: 96000 | S: 48000 | E: 96 | L: 1000 | R: 0.0000 | BS: 48000 | FPS: 78.4590 | T: 0:23:41
| train          | F: 97000 | S: 48500 | E: 97 | L: 1000 | R: 0.0000 | BS: 48500 | FPS: 85.7892 | T: 0:23:52
| train          | F: 98000 | S: 49000 | E: 98 | L: 1000 | R: 0.0000 | BS: 49000 | FPS: 81.2690 | T: 0:24:05
| train          | F: 99000 | S: 49500 | E: 99 | L: 1000 | R: 0.0000 | BS: 49500 | FPS: 80.0562 | T: 0:24:17
| train          | F: 100000 | S: 50000 | E: 100 | L: 1000 | R: 0.0000 | BS: 50000 | FPS: 76.9530 | T: 0:24:30
| eval           | F: 100000 | S: 50000 | E: 100 | L: 1000 | R: 0.0000 | T: 0:24:30
| train          | F: 101000 | S: 50500 | E: 101 | L: 1000 | R: 0.0000 | BS: 50500 | FPS: 28.4809 | T: 0:25:05
| train          | F: 102000 | S: 51000 | E: 102 | L: 1000 | R: 55.0000 | BS: 51000 | FPS: 81.7886 | T: 0:25:17
| train          | F: 103000 | S: 51500 | E: 103 | L: 1000 | R: 0.0000 | BS: 51500 | FPS: 81.9929 | T: 0:25:30
| train          | F: 104000 | S: 52000 | E: 104 | L: 1000 | R: 0.0000 | BS: 52000 | FPS: 81.5931 | T: 0:25:42
| train          | F: 105000 | S: 52500 | E: 105 | L: 1000 | R: 0.0000 | BS: 52500 | FPS: 80.7760 | T: 0:25:54
| train          | F: 106000 | S: 53000 | E: 106 | L: 1000 | R: 0.0000 | BS: 53000 | FPS: 64.3620 | T: 0:26:10
| train          | F: 107000 | S: 53500 | E: 107 | L: 1000 | R: 0.0000 | BS: 53500 | FPS: 66.1720 | T: 0:26:25
| train          | F: 108000 | S: 54000 | E: 108 | L: 1000 | R: 0.0000 | BS: 54000 | FPS: 65.0394 | T: 0:26:40
| train          | F: 109000 | S: 54500 | E: 109 | L: 1000 | R: 0.0000 | BS: 54500 | FPS: 65.0366 | T: 0:26:56
| train          | F: 110000 | S: 55000 | E: 110 | L: 1000 | R: 0.0000 | BS: 55000 | FPS: 72.4726 | T: 0:27:09
| eval           | F: 110000 | S: 55000 | E: 110 | L: 1000 | R: 0.0000 | T: 0:27:09
| train          | F: 111000 | S: 55500 | E: 111 | L: 1000 | R: 0.0000 | BS: 55500 | FPS: 29.4771 | T: 0:27:43
| train          | F: 112000 | S: 56000 | E: 112 | L: 1000 | R: 0.0000 | BS: 56000 | FPS: 81.1217 | T: 0:27:56
| train          | F: 113000 | S: 56500 | E: 113 | L: 1000 | R: 0.0000 | BS: 56500 | FPS: 78.9815 | T: 0:28:08
| train          | F: 114000 | S: 57000 | E: 114 | L: 1000 | R: 0.0000 | BS: 57000 | FPS: 78.2814 | T: 0:28:21
| train          | F: 115000 | S: 57500 | E: 115 | L: 1000 | R: 0.0000 | BS: 57500 | FPS: 80.3358 | T: 0:28:34
| train          | F: 116000 | S: 58000 | E: 116 | L: 1000 | R: 0.0000 | BS: 58000 | FPS: 75.7373 | T: 0:28:47
| train          | F: 117000 | S: 58500 | E: 117 | L: 1000 | R: 0.0000 | BS: 58500 | FPS: 76.1376 | T: 0:29:00
| train          | F: 118000 | S: 59000 | E: 118 | L: 1000 | R: 0.0000 | BS: 59000 | FPS: 79.8263 | T: 0:29:12
| train          | F: 119000 | S: 59500 | E: 119 | L: 1000 | R: 0.0000 | BS: 59500 | FPS: 78.8092 | T: 0:29:25
| train          | F: 120000 | S: 60000 | E: 120 | L: 1000 | R: 0.0000 | BS: 60000 | FPS: 77.0298 | T: 0:29:38
| eval           | F: 120000 | S: 60000 | E: 120 | L: 1000 | R: 11.0000 | T: 0:29:38
| train          | F: 121000 | S: 60500 | E: 121 | L: 1000 | R: 0.0000 | BS: 60500 | FPS: 28.4233 | T: 0:30:13
| train          | F: 122000 | S: 61000 | E: 122 | L: 1000 | R: 0.0000 | BS: 61000 | FPS: 80.9227 | T: 0:30:26
| train          | F: 123000 | S: 61500 | E: 123 | L: 1000 | R: 0.0000 | BS: 61500 | FPS: 72.9825 | T: 0:30:39
| train          | F: 124000 | S: 62000 | E: 124 | L: 1000 | R: 0.0000 | BS: 62000 | FPS: 71.2970 | T: 0:30:53
| train          | F: 125000 | S: 62500 | E: 125 | L: 1000 | R: 0.0000 | BS: 62500 | FPS: 80.3245 | T: 0:31:06
| train          | F: 126000 | S: 63000 | E: 126 | L: 1000 | R: 44.0000 | BS: 63000 | FPS: 80.7630 | T: 0:31:18
| train          | F: 127000 | S: 63500 | E: 127 | L: 1000 | R: 59.0000 | BS: 63500 | FPS: 80.5744 | T: 0:31:31
| train          | F: 128000 | S: 64000 | E: 128 | L: 1000 | R: 0.0000 | BS: 64000 | FPS: 78.0446 | T: 0:31:43
| train          | F: 129000 | S: 64500 | E: 129 | L: 1000 | R: 0.0000 | BS: 64500 | FPS: 79.7201 | T: 0:31:56
| train          | F: 130000 | S: 65000 | E: 130 | L: 1000 | R: 39.0000 | BS: 65000 | FPS: 81.4530 | T: 0:32:08
| eval           | F: 130000 | S: 65000 | E: 130 | L: 1000 | R: 36.7000 | T: 0:32:08
| train          | F: 131000 | S: 65500 | E: 131 | L: 1000 | R: 56.0000 | BS: 65500 | FPS: 27.7283 | T: 0:32:44
| train          | F: 132000 | S: 66000 | E: 132 | L: 1000 | R: 0.0000 | BS: 66000 | FPS: 80.2004 | T: 0:32:57
| train          | F: 133000 | S: 66500 | E: 133 | L: 1000 | R: 56.0000 | BS: 66500 | FPS: 77.0195 | T: 0:33:10
| train          | F: 134000 | S: 67000 | E: 134 | L: 1000 | R: 0.0000 | BS: 67000 | FPS: 82.2384 | T: 0:33:22
| train          | F: 135000 | S: 67500 | E: 135 | L: 1000 | R: 0.0000 | BS: 67500 | FPS: 68.2252 | T: 0:33:37
| train          | F: 136000 | S: 68000 | E: 136 | L: 1000 | R: 0.0000 | BS: 68000 | FPS: 80.6264 | T: 0:33:49
| train          | F: 137000 | S: 68500 | E: 137 | L: 1000 | R: 0.0000 | BS: 68500 | FPS: 80.5555 | T: 0:34:01
| train          | F: 138000 | S: 69000 | E: 138 | L: 1000 | R: 60.0000 | BS: 69000 | FPS: 78.3117 | T: 0:34:14
| train          | F: 139000 | S: 69500 | E: 139 | L: 1000 | R: 0.0000 | BS: 69500 | FPS: 78.9701 | T: 0:34:27
| train          | F: 140000 | S: 70000 | E: 140 | L: 1000 | R: 0.0000 | BS: 70000 | FPS: 78.7701 | T: 0:34:40
| eval           | F: 140000 | S: 70000 | E: 140 | L: 1000 | R: 13.3000 | T: 0:34:40
| train          | F: 141000 | S: 70500 | E: 141 | L: 1000 | R: 53.0000 | BS: 70500 | FPS: 26.5117 | T: 0:35:17
| train          | F: 142000 | S: 71000 | E: 142 | L: 1000 | R: 0.0000 | BS: 71000 | FPS: 63.6102 | T: 0:35:33
| train          | F: 143000 | S: 71500 | E: 143 | L: 1000 | R: 0.0000 | BS: 71500 | FPS: 64.1934 | T: 0:35:49
| train          | F: 144000 | S: 72000 | E: 144 | L: 1000 | R: 14.0000 | BS: 72000 | FPS: 80.7886 | T: 0:36:01
| train          | F: 145000 | S: 72500 | E: 145 | L: 1000 | R: 25.0000 | BS: 72500 | FPS: 83.9425 | T: 0:36:13
| train          | F: 146000 | S: 73000 | E: 146 | L: 1000 | R: 23.0000 | BS: 73000 | FPS: 78.5707 | T: 0:36:26
| train          | F: 147000 | S: 73500 | E: 147 | L: 1000 | R: 16.0000 | BS: 73500 | FPS: 79.4101 | T: 0:36:38
| train          | F: 148000 | S: 74000 | E: 148 | L: 1000 | R: 44.0000 | BS: 74000 | FPS: 78.6999 | T: 0:36:51
| train          | F: 149000 | S: 74500 | E: 149 | L: 1000 | R: 0.0000 | BS: 74500 | FPS: 80.2603 | T: 0:37:03
| train          | F: 150000 | S: 75000 | E: 150 | L: 1000 | R: 0.0000 | BS: 75000 | FPS: 82.1810 | T: 0:37:15
| eval           | F: 150000 | S: 75000 | E: 150 | L: 1000 | R: 39.2000 | T: 0:37:15
| train          | F: 151000 | S: 75500 | E: 151 | L: 1000 | R: 0.0000 | BS: 75500 | FPS: 28.0505 | T: 0:37:51
| train          | F: 152000 | S: 76000 | E: 152 | L: 1000 | R: 0.0000 | BS: 76000 | FPS: 82.2546 | T: 0:38:03
| train          | F: 153000 | S: 76500 | E: 153 | L: 1000 | R: 56.0000 | BS: 76500 | FPS: 81.9119 | T: 0:38:16
| train          | F: 154000 | S: 77000 | E: 154 | L: 1000 | R: 0.0000 | BS: 77000 | FPS: 80.1735 | T: 0:38:28
| train          | F: 155000 | S: 77500 | E: 155 | L: 1000 | R: 28.0000 | BS: 77500 | FPS: 77.2481 | T: 0:38:41
| train          | F: 156000 | S: 78000 | E: 156 | L: 1000 | R: 31.0000 | BS: 78000 | FPS: 81.0806 | T: 0:38:53
| train          | F: 157000 | S: 78500 | E: 157 | L: 1000 | R: 35.0000 | BS: 78500 | FPS: 77.9216 | T: 0:39:06
| train          | F: 158000 | S: 79000 | E: 158 | L: 1000 | R: 58.0000 | BS: 79000 | FPS: 82.4442 | T: 0:39:18
| train          | F: 159000 | S: 79500 | E: 159 | L: 1000 | R: 30.0000 | BS: 79500 | FPS: 67.4738 | T: 0:39:33
| train          | F: 160000 | S: 80000 | E: 160 | L: 1000 | R: 37.0000 | BS: 80000 | FPS: 63.5386 | T: 0:39:49
| eval           | F: 160000 | S: 80000 | E: 160 | L: 1000 | R: 50.9000 | T: 0:39:49
| train          | F: 161000 | S: 80500 | E: 161 | L: 1000 | R: 48.0000 | BS: 80500 | FPS: 27.9547 | T: 0:40:25
| train          | F: 162000 | S: 81000 | E: 162 | L: 1000 | R: 65.0000 | BS: 81000 | FPS: 81.8152 | T: 0:40:37
| train          | F: 163000 | S: 81500 | E: 163 | L: 1000 | R: 61.0000 | BS: 81500 | FPS: 81.1170 | T: 0:40:49
| train          | F: 164000 | S: 82000 | E: 164 | L: 1000 | R: 29.0000 | BS: 82000 | FPS: 80.9543 | T: 0:41:01
