Gym has been unmaintained since 2022 and does not support NumPy 2.0 amongst other critical functionality.
Please upgrade to Gymnasium, the maintained drop-in replacement of Gym, or contact the authors of your software and request that they upgrade.
Users of this version of Gym should be able to simply replace 'import gym' with 'import gymnasium as gym' in the vast majority of cases.
See the migration guide at https://gymnasium.farama.org/introduction/migration_guide/ for additional information.
/workspace/learn-si2e/SI2E/SI2E_A2C/rl-starter-files/rl-starter-files/scripts/train.py --algo a2c --env MiniGrid-DoorKey-16x16-v0 --model dk16-baseline-s1 --frames 3000000 --use_batch --save-interval 100 --log-interval 500 --seed 1

Namespace(algo='a2c', env='MiniGrid-DoorKey-16x16-v0', model='dk16-baseline-s1', seed=1, log_interval=500, save_interval=100, procs=16, frames=3000000, epochs=4, batch_size=256, frames_per_proc=None, discount=0.99, lr=0.001, gae_lambda=0.95, entropy_coef=0.01, value_loss_coef=0.5, max_grad_norm=0.5, optim_eps=1e-08, optim_alpha=0.99, clip_eps=0.2, recurrence=1, text=False, use_entropy_reward=False, use_value_condition=False, beta=1e-05, use_batch=True, mem=False)

Device: cuda:0

Environments loaded

Training status loaded

Observations preprocessor loaded
Model loaded

ACModel(
  (image_conv): Sequential(
    (0): Conv2d(3, 16, kernel_size=(2, 2), stride=(1, 1))
    (1): ReLU()
    (2): MaxPool2d(kernel_size=(2, 2), stride=(2, 2), padding=0, dilation=1, ceil_mode=False)
    (3): Conv2d(16, 32, kernel_size=(2, 2), stride=(1, 1))
    (4): ReLU()
    (5): Conv2d(32, 64, kernel_size=(2, 2), stride=(1, 1))
    (6): ReLU()
  )
  (actor): Sequential(
    (0): Linear(in_features=64, out_features=64, bias=True)
    (1): Tanh()
    (2): Linear(in_features=64, out_features=7, bias=True)
  )
  (critic): Sequential(
    (0): Linear(in_features=64, out_features=64, bias=True)
    (1): Tanh()
    (2): Linear(in_features=64, out_features=1, bias=True)
  )
  (extr_critic): Sequential(
    (0): Linear(in_features=64, out_features=64, bias=True)
    (1): Tanh()
    (2): Linear(in_features=64, out_features=1, bias=True)
  )
)

Optimizer loaded

Status saved
Status saved
Status saved
Status saved
U 500 | F 064000 | FPS 1868 | D 37 | rR:μσmM 0.03 0.11 0.00 0.43 | F:μσmM 2500.6 230.2 1609.0 2560.0 | H 1.946 | V -0.004 | pL -0.000 | vL 0.000 | ∇ 0.001
Status saved
Status saved
Status saved
Status saved
Status saved
U 1000 | F 128000 | FPS 1778 | D 73 | rR:μσmM 0.00 0.00 0.00 0.00 | F:μσmM 2560.0 0.0 2560.0 2560.0 | H 1.946 | V 0.002 | pL -0.000 | vL 0.000 | ∇ 0.000
Status saved
Status saved
Status saved
Status saved
Status saved
U 1500 | F 192000 | FPS 1816 | D 109 | rR:μσmM 0.00 0.00 0.00 0.00 | F:μσmM 2560.0 0.0 2560.0 2560.0 | H 1.946 | V -0.001 | pL 0.000 | vL 0.000 | ∇ 0.000
Status saved
Status saved
Status saved
Status saved
Status saved
U 2000 | F 256000 | FPS 1929 | D 145 | rR:μσmM 0.00 0.00 0.00 0.00 | F:μσmM 2560.0 0.0 2560.0 2560.0 | H 1.946 | V 0.000 | pL -0.000 | vL 0.000 | ∇ 0.000
Status saved
Status saved
Status saved
Status saved
Status saved
U 2500 | F 320000 | FPS 2204 | D 181 | rR:μσmM 0.06 0.17 0.00 0.64 | F:μσmM 2419.6 398.9 1026.0 2560.0 | H 1.946 | V 0.000 | pL -0.000 | vL 0.000 | ∇ 0.000
Status saved
Status saved
Status saved
Status saved
Status saved
U 3000 | F 384000 | FPS 1788 | D 217 | rR:μσmM 0.00 0.00 0.00 0.00 | F:μσmM 2560.0 0.0 2560.0 2560.0 | H 1.946 | V 0.001 | pL -0.000 | vL 0.000 | ∇ 0.000
Status saved
Status saved
Status saved
Status saved
Status saved
U 3500 | F 448000 | FPS 1872 | D 253 | rR:μσmM 0.00 0.00 0.00 0.00 | F:μσmM 2560.0 0.0 2560.0 2560.0 | H 1.946 | V 0.001 | pL -0.000 | vL 0.000 | ∇ 0.000
Status saved
Status saved
Status saved
Status saved
Status saved
U 4000 | F 512000 | FPS 1787 | D 289 | rR:μσmM 0.00 0.00 0.00 0.00 | F:μσmM 2560.0 0.0 2560.0 2560.0 | H 1.946 | V -0.000 | pL 0.000 | vL 0.000 | ∇ 0.000
Status saved
Status saved
Status saved
Status saved
Status saved
U 4500 | F 576000 | FPS 1531 | D 325 | rR:μσmM 0.00 0.00 0.00 0.00 | F:μσmM 2560.0 0.0 2560.0 2560.0 | H 1.946 | V -0.000 | pL 0.000 | vL 0.000 | ∇ 0.000
Status saved
Status saved
Status saved
Status saved
Status saved
U 5000 | F 640000 | FPS 1731 | D 361 | rR:μσmM 0.00 0.00 0.00 0.00 | F:μσmM 2560.0 0.0 2560.0 2560.0 | H 1.946 | V -0.000 | pL 0.000 | vL 0.000 | ∇ 0.000
Status saved
Status saved
Status saved
Status saved
Status saved
U 5500 | F 704000 | FPS 1545 | D 397 | rR:μσmM 0.00 0.00 0.00 0.00 | F:μσmM 2560.0 0.0 2560.0 2560.0 | H 1.946 | V 0.000 | pL 0.000 | vL 0.000 | ∇ 0.000
Status saved
Status saved
Status saved
Status saved
Status saved
U 6000 | F 768000 | FPS 2201 | D 433 | rR:μσmM 0.00 0.00 0.00 0.00 | F:μσmM 2560.0 0.0 2560.0 2560.0 | H 1.946 | V 0.000 | pL 0.000 | vL 0.000 | ∇ 0.000
Status saved
Status saved
Status saved
Status saved
Status saved
U 6500 | F 832000 | FPS 1775 | D 470 | rR:μσmM 0.00 0.00 0.00 0.00 | F:μσmM 2560.0 0.0 2560.0 2560.0 | H 1.946 | V 0.000 | pL 0.000 | vL 0.000 | ∇ 0.000
Status saved
Status saved
Status saved
Status saved
Status saved
U 7000 | F 896000 | FPS 1806 | D 507 | rR:μσmM 0.00 0.00 0.00 0.00 | F:μσmM 2560.0 0.0 2560.0 2560.0 | H 1.946 | V 0.000 | pL 0.000 | vL 0.000 | ∇ 0.000
Status saved
Status saved
Status saved
Status saved
Status saved
U 7500 | F 960000 | FPS 1730 | D 543 | rR:μσmM 0.00 0.00 0.00 0.00 | F:μσmM 2560.0 0.0 2560.0 2560.0 | H 1.946 | V 0.000 | pL 0.000 | vL 0.000 | ∇ 0.000
Status saved
Status saved
Status saved
Status saved
Status saved
U 8000 | F 1024000 | FPS 1673 | D 579 | rR:μσmM 0.00 0.00 0.00 0.00 | F:μσmM 2560.0 0.0 2560.0 2560.0 | H 1.946 | V 0.000 | pL 0.000 | vL 0.000 | ∇ 0.000
Status saved
Status saved
Status saved
Status saved
Status saved
U 8500 | F 1088000 | FPS 1786 | D 615 | rR:μσmM 0.00 0.00 0.00 0.00 | F:μσmM 2560.0 0.0 2560.0 2560.0 | H 1.946 | V 0.000 | pL 0.000 | vL 0.000 | ∇ 0.000
Status saved
Status saved
Status saved
Status saved
Status saved
U 9000 | F 1152000 | FPS 1829 | D 653 | rR:μσmM 0.00 0.00 0.00 0.00 | F:μσmM 2560.0 0.0 2560.0 2560.0 | H 1.946 | V 0.000 | pL 0.000 | vL 0.000 | ∇ 0.000
Status saved
Status saved
Status saved
Status saved
Status saved
U 9500 | F 1216000 | FPS 1877 | D 690 | rR:μσmM 0.00 0.00 0.00 0.00 | F:μσmM 2560.0 0.0 2560.0 2560.0 | H 1.946 | V 0.000 | pL 0.000 | vL 0.000 | ∇ 0.000
Status saved
Status saved
Status saved
Status saved
Status saved
U 10000 | F 1280000 | FPS 1780 | D 726 | rR:μσmM 0.00 0.00 0.00 0.00 | F:μσmM 2560.0 0.0 2560.0 2560.0 | H 1.946 | V 0.000 | pL 0.000 | vL 0.000 | ∇ 0.000
Status saved
Status saved
Status saved
Status saved
Status saved
U 10500 | F 1344000 | FPS 1321 | D 763 | rR:μσmM 0.00 0.00 0.00 0.00 | F:μσmM 2560.0 0.0 2560.0 2560.0 | H 1.946 | V 0.000 | pL 0.000 | vL 0.000 | ∇ 0.000
Status saved
Status saved
Status saved
Status saved
Status saved
U 11000 | F 1408000 | FPS 1934 | D 799 | rR:μσmM 0.00 0.00 0.00 0.00 | F:μσmM 2560.0 0.0 2560.0 2560.0 | H 1.946 | V 0.000 | pL 0.000 | vL 0.000 | ∇ 0.000
Status saved
Status saved
Status saved
Status saved
Status saved
U 11500 | F 1472000 | FPS 1509 | D 836 | rR:μσmM 0.00 0.00 0.00 0.00 | F:μσmM 2560.0 0.0 2560.0 2560.0 | H 1.946 | V 0.000 | pL 0.000 | vL 0.000 | ∇ 0.000
Status saved
Status saved
Status saved
Status saved
Status saved
U 12000 | F 1536000 | FPS 1653 | D 872 | rR:μσmM 0.05 0.19 0.00 0.78 | F:μσmM 2439.4 466.9 631.0 2560.0 | H 1.946 | V 0.000 | pL 0.000 | vL 0.000 | ∇ 0.000
Status saved
Status saved
Status saved
Status saved
Status saved
U 12500 | F 1600000 | FPS 1964 | D 909 | rR:μσmM 0.00 0.00 0.00 0.00 | F:μσmM 2560.0 0.0 2560.0 2560.0 | H 1.946 | V 0.000 | pL 0.000 | vL 0.000 | ∇ 0.000
Status saved
Status saved
Status saved
Status saved
Status saved
U 13000 | F 1664000 | FPS 1831 | D 945 | rR:μσmM 0.00 0.00 0.00 0.00 | F:μσmM 2560.0 0.0 2560.0 2560.0 | H 1.946 | V 0.000 | pL 0.000 | vL 0.000 | ∇ 0.000
Status saved
Status saved
Status saved
Status saved
Status saved
U 13500 | F 1728000 | FPS 1931 | D 981 | rR:μσmM 0.00 0.00 0.00 0.00 | F:μσmM 2560.0 0.0 2560.0 2560.0 | H 1.946 | V 0.000 | pL 0.000 | vL 0.000 | ∇ 0.000
Status saved
Status saved
Status saved
Status saved
Status saved
U 14000 | F 1792000 | FPS 1459 | D 1018 | rR:μσmM 0.00 0.00 0.00 0.00 | F:μσmM 2560.0 0.0 2560.0 2560.0 | H 1.946 | V 0.000 | pL 0.000 | vL 0.000 | ∇ 0.000
Status saved
Status saved
Status saved
Status saved
Status saved
U 14500 | F 1856000 | FPS 1748 | D 1054 | rR:μσmM 0.00 0.00 0.00 0.00 | F:μσmM 2560.0 0.0 2560.0 2560.0 | H 1.946 | V 0.000 | pL 0.000 | vL 0.000 | ∇ 0.000
Status saved
Status saved
Status saved
Status saved
Status saved
U 15000 | F 1920000 | FPS 2081 | D 1091 | rR:μσmM 0.00 0.00 0.00 0.00 | F:μσmM 2560.0 0.0 2560.0 2560.0 | H 1.946 | V 0.000 | pL 0.000 | vL 0.000 | ∇ 0.000
Status saved
Status saved
Status saved
Status saved
Status saved
U 15500 | F 1984000 | FPS 1679 | D 1126 | rR:μσmM 0.00 0.00 0.00 0.00 | F:μσmM 2560.0 0.0 2560.0 2560.0 | H 1.946 | V 0.000 | pL 0.000 | vL 0.000 | ∇ 0.000
Status saved
Status saved
Status saved
Status saved
Status saved
U 16000 | F 2048000 | FPS 1739 | D 1162 | rR:μσmM 0.00 0.00 0.00 0.00 | F:μσmM 2560.0 0.0 2560.0 2560.0 | H 1.946 | V 0.000 | pL 0.000 | vL 0.000 | ∇ 0.000
Status saved
Status saved
Status saved
Status saved
Status saved
U 16500 | F 2112000 | FPS 1615 | D 1199 | rR:μσmM 0.00 0.00 0.00 0.00 | F:μσmM 2560.0 0.0 2560.0 2560.0 | H 1.946 | V 0.000 | pL 0.000 | vL 0.000 | ∇ 0.000
Status saved
Status saved
Status saved
Status saved
Status saved
U 17000 | F 2176000 | FPS 1817 | D 1236 | rR:μσmM 0.00 0.00 0.00 0.00 | F:μσmM 2560.0 0.0 2560.0 2560.0 | H 1.946 | V 0.000 | pL 0.000 | vL 0.000 | ∇ 0.000
Status saved
Status saved
Status saved
Status saved
Status saved
U 17500 | F 2240000 | FPS 1472 | D 1272 | rR:μσmM 0.00 0.00 0.00 0.00 | F:μσmM 2560.0 0.0 2560.0 2560.0 | H 1.946 | V 0.000 | pL 0.000 | vL 0.000 | ∇ 0.000
Status saved
Status saved
Status saved
Status saved
Status saved
U 18000 | F 2304000 | FPS 1871 | D 1309 | rR:μσmM 0.03 0.13 0.00 0.53 | F:μσmM 2484.3 293.1 1349.0 2560.0 | H 1.946 | V 0.000 | pL -0.000 | vL 0.000 | ∇ 0.000
Status saved
Status saved
Status saved
Status saved
Status saved
U 18500 | F 2368000 | FPS 1723 | D 1345 | rR:μσmM 0.02 0.08 0.00 0.34 | F:μσmM 2517.7 163.9 1883.0 2560.0 | H 1.946 | V 0.000 | pL 0.000 | vL 0.000 | ∇ 0.000
Status saved
Status saved
Status saved
Status saved
Status saved
U 19000 | F 2432000 | FPS 2327 | D 1381 | rR:μσmM 0.00 0.00 0.00 0.00 | F:μσmM 2560.0 0.0 2560.0 2560.0 | H 1.946 | V 0.000 | pL 0.000 | vL 0.000 | ∇ 0.000
Status saved
Status saved
Status saved
Status saved
Status saved
U 19500 | F 2496000 | FPS 1600 | D 1417 | rR:μσmM 0.01 0.05 0.00 0.20 | F:μσmM 2541.9 70.0 2271.0 2560.0 | H 1.946 | V 0.000 | pL 0.000 | vL 0.000 | ∇ 0.000
Status saved
Status saved
Status saved
Status saved
Status saved
U 20000 | F 2560000 | FPS 1830 | D 1454 | rR:μσmM 0.01 0.04 0.00 0.18 | F:μσmM 2546.2 53.3 2340.0 2560.0 | H 1.946 | V 0.000 | pL 0.000 | vL 0.000 | ∇ 0.000
Status saved
Status saved
Status saved
Status saved
Status saved
U 20500 | F 2624000 | FPS 1593 | D 1491 | rR:μσmM 0.01 0.04 0.00 0.15 | F:μσmM 2550.6 36.3 2410.0 2560.0 | H 1.946 | V 0.000 | pL 0.000 | vL 0.000 | ∇ 0.000
Status saved
Status saved
Status saved
Status saved
Status saved
U 21000 | F 2688000 | FPS 1787 | D 1528 | rR:μσmM 0.00 0.00 0.00 0.00 | F:μσmM 2560.0 0.0 2560.0 2560.0 | H 1.946 | V 0.000 | pL 0.000 | vL 0.000 | ∇ 0.000
Status saved
Status saved
Status saved
Status saved
Status saved
U 21500 | F 2752000 | FPS 1575 | D 1565 | rR:μσmM 0.00 0.00 0.00 0.00 | F:μσmM 2560.0 0.0 2560.0 2560.0 | H 1.946 | V 0.000 | pL 0.000 | vL 0.000 | ∇ 0.000
Status saved
Status saved
Status saved
Status saved
Status saved
U 22000 | F 2816000 | FPS 1624 | D 1601 | rR:μσmM 0.00 0.00 0.00 0.00 | F:μσmM 2560.0 0.0 2560.0 2560.0 | H 1.946 | V 0.000 | pL 0.000 | vL 0.000 | ∇ 0.000
Status saved
Status saved
Status saved
Status saved
Status saved
U 22500 | F 2880000 | FPS 1618 | D 1637 | rR:μσmM 0.01 0.05 0.00 0.19 | F:μσmM 2544.1 61.7 2305.0 2560.0 | H 1.946 | V 0.000 | pL 0.000 | vL 0.000 | ∇ 0.000
Status saved
Status saved
Status saved
Status saved
Status saved
U 23000 | F 2944000 | FPS 1592 | D 1673 | rR:μσmM 0.00 0.00 0.00 0.00 | F:μσmM 2560.0 0.0 2560.0 2560.0 | H 1.946 | V 0.000 | pL 0.000 | vL 0.000 | ∇ 0.000
Status saved
Status saved
Status saved
Status saved
Status saved
