/workspace/learn-si2e/SI2E/SI2E_DrQv2/train.py:210: UserWarning: 
The version_base parameter is not specified.
Please specify a compatability version level, or None.
Will assume defaults for version 1.1
  @hydra.main(config_path='cfgs', config_name='config')
/usr/local/lib/python3.10/dist-packages/hydra/_internal/hydra.py:119: UserWarning: Future Hydra versions will no longer change working directory at job runtime by default.
See https://hydra.cc/docs/1.2/upgrades/1.1_to_1.2/changes_to_job_working_dir/ for more information.
  ret = run_job(
/workspace/learn-si2e/SI2E/SI2E_DrQv2/train.py:210: UserWarning: 
The version_base parameter is not specified.
Please specify a compatability version level, or None.
Will assume defaults for version 1.1
  @hydra.main(config_path='cfgs', config_name='config')
workspace: /workspace/learn-si2e/results/drqv2-official/cheetah_run_baseline_seed1
| eval           | F: 0 | S: 0 | E: 0 | L: 1000 | R: 0.2346 | T: 0:00:00
| train          | F: 5000 | S: 2500 | E: 5 | L: 1000 | R: 5.1782 | BS: 2500 | FPS: 30.0833 | T: 0:00:33
| train          | F: 6000 | S: 3000 | E: 6 | L: 1000 | R: 6.4819 | BS: 3000 | FPS: 131.4797 | T: 0:00:40
| train          | F: 7000 | S: 3500 | E: 7 | L: 1000 | R: 5.0835 | BS: 3500 | FPS: 132.6321 | T: 0:00:48
| train          | F: 8000 | S: 4000 | E: 8 | L: 1000 | R: 9.5644 | BS: 4000 | FPS: 134.2020 | T: 0:00:55
| train          | F: 9000 | S: 4500 | E: 9 | L: 1000 | R: 15.7966 | BS: 4500 | FPS: 131.9218 | T: 0:01:03
| train          | F: 10000 | S: 5000 | E: 10 | L: 1000 | R: 6.5380 | BS: 5000 | FPS: 134.1740 | T: 0:01:10
| eval           | F: 10000 | S: 5000 | E: 10 | L: 1000 | R: 2.0856 | T: 0:01:10
| train          | F: 11000 | S: 5500 | E: 11 | L: 1000 | R: 19.3615 | BS: 5500 | FPS: 38.2070 | T: 0:01:37
| train          | F: 12000 | S: 6000 | E: 12 | L: 1000 | R: 10.8431 | BS: 6000 | FPS: 128.4036 | T: 0:01:44
| train          | F: 13000 | S: 6500 | E: 13 | L: 1000 | R: 47.6086 | BS: 6500 | FPS: 127.5921 | T: 0:01:52
| train          | F: 14000 | S: 7000 | E: 14 | L: 1000 | R: 25.8827 | BS: 7000 | FPS: 132.4558 | T: 0:02:00
| train          | F: 15000 | S: 7500 | E: 15 | L: 1000 | R: 30.7236 | BS: 7500 | FPS: 130.6340 | T: 0:02:07
| train          | F: 16000 | S: 8000 | E: 16 | L: 1000 | R: 49.3273 | BS: 8000 | FPS: 135.8594 | T: 0:02:15
| train          | F: 17000 | S: 8500 | E: 17 | L: 1000 | R: 31.1095 | BS: 8500 | FPS: 125.8150 | T: 0:02:23
| train          | F: 18000 | S: 9000 | E: 18 | L: 1000 | R: 41.4567 | BS: 9000 | FPS: 134.7728 | T: 0:02:30
| train          | F: 19000 | S: 9500 | E: 19 | L: 1000 | R: 26.6644 | BS: 9500 | FPS: 131.2531 | T: 0:02:38
| train          | F: 20000 | S: 10000 | E: 20 | L: 1000 | R: 31.1074 | BS: 10000 | FPS: 124.3558 | T: 0:02:46
| eval           | F: 20000 | S: 10000 | E: 20 | L: 1000 | R: 33.4565 | T: 0:02:46
| train          | F: 21000 | S: 10500 | E: 21 | L: 1000 | R: 40.4379 | BS: 10500 | FPS: 37.2467 | T: 0:03:13
| train          | F: 22000 | S: 11000 | E: 22 | L: 1000 | R: 43.4721 | BS: 11000 | FPS: 127.3963 | T: 0:03:20
| train          | F: 23000 | S: 11500 | E: 23 | L: 1000 | R: 22.1002 | BS: 11500 | FPS: 137.3060 | T: 0:03:28
| train          | F: 24000 | S: 12000 | E: 24 | L: 1000 | R: 45.1263 | BS: 12000 | FPS: 126.5208 | T: 0:03:36
| train          | F: 25000 | S: 12500 | E: 25 | L: 1000 | R: 42.3058 | BS: 12500 | FPS: 131.8455 | T: 0:03:43
| train          | F: 26000 | S: 13000 | E: 26 | L: 1000 | R: 50.6017 | BS: 13000 | FPS: 133.9237 | T: 0:03:51
| train          | F: 27000 | S: 13500 | E: 27 | L: 1000 | R: 35.3299 | BS: 13500 | FPS: 131.4438 | T: 0:03:58
| train          | F: 28000 | S: 14000 | E: 28 | L: 1000 | R: 87.6564 | BS: 14000 | FPS: 135.2259 | T: 0:04:06
| train          | F: 29000 | S: 14500 | E: 29 | L: 1000 | R: 48.7720 | BS: 14500 | FPS: 134.9370 | T: 0:04:13
| train          | F: 30000 | S: 15000 | E: 30 | L: 1000 | R: 89.5630 | BS: 15000 | FPS: 130.3711 | T: 0:04:21
| eval           | F: 30000 | S: 15000 | E: 30 | L: 1000 | R: 85.3240 | T: 0:04:21
| train          | F: 31000 | S: 15500 | E: 31 | L: 1000 | R: 31.3681 | BS: 15500 | FPS: 41.6625 | T: 0:04:45
| train          | F: 32000 | S: 16000 | E: 32 | L: 1000 | R: 47.5350 | BS: 16000 | FPS: 133.2786 | T: 0:04:52
| train          | F: 33000 | S: 16500 | E: 33 | L: 1000 | R: 49.8341 | BS: 16500 | FPS: 129.4343 | T: 0:05:00
| train          | F: 34000 | S: 17000 | E: 34 | L: 1000 | R: 54.3670 | BS: 17000 | FPS: 133.6793 | T: 0:05:07
| train          | F: 35000 | S: 17500 | E: 35 | L: 1000 | R: 197.4568 | BS: 17500 | FPS: 133.1972 | T: 0:05:15
| train          | F: 36000 | S: 18000 | E: 36 | L: 1000 | R: 117.4840 | BS: 18000 | FPS: 126.9246 | T: 0:05:23
| train          | F: 37000 | S: 18500 | E: 37 | L: 1000 | R: 184.0449 | BS: 18500 | FPS: 131.3859 | T: 0:05:30
| train          | F: 38000 | S: 19000 | E: 38 | L: 1000 | R: 172.2101 | BS: 19000 | FPS: 132.9107 | T: 0:05:38
| train          | F: 39000 | S: 19500 | E: 39 | L: 1000 | R: 165.9007 | BS: 19500 | FPS: 130.7700 | T: 0:05:46
| train          | F: 40000 | S: 20000 | E: 40 | L: 1000 | R: 38.4011 | BS: 20000 | FPS: 133.3771 | T: 0:05:53
| eval           | F: 40000 | S: 20000 | E: 40 | L: 1000 | R: 94.0551 | T: 0:05:53
| train          | F: 41000 | S: 20500 | E: 41 | L: 1000 | R: 140.9422 | BS: 20500 | FPS: 38.1024 | T: 0:06:19
| train          | F: 42000 | S: 21000 | E: 42 | L: 1000 | R: 173.2447 | BS: 21000 | FPS: 137.3389 | T: 0:06:27
| train          | F: 43000 | S: 21500 | E: 43 | L: 1000 | R: 107.5109 | BS: 21500 | FPS: 133.4375 | T: 0:06:34
| train          | F: 44000 | S: 22000 | E: 44 | L: 1000 | R: 145.7617 | BS: 22000 | FPS: 129.2194 | T: 0:06:42
| train          | F: 45000 | S: 22500 | E: 45 | L: 1000 | R: 140.8165 | BS: 22500 | FPS: 134.0827 | T: 0:06:49
| train          | F: 46000 | S: 23000 | E: 46 | L: 1000 | R: 136.6331 | BS: 23000 | FPS: 125.7067 | T: 0:06:57
| train          | F: 47000 | S: 23500 | E: 47 | L: 1000 | R: 135.7340 | BS: 23500 | FPS: 131.8084 | T: 0:07:05
| train          | F: 48000 | S: 24000 | E: 48 | L: 1000 | R: 184.4680 | BS: 24000 | FPS: 133.0714 | T: 0:07:12
| train          | F: 49000 | S: 24500 | E: 49 | L: 1000 | R: 148.2694 | BS: 24500 | FPS: 133.4494 | T: 0:07:20
| train          | F: 50000 | S: 25000 | E: 50 | L: 1000 | R: 120.0472 | BS: 25000 | FPS: 126.0768 | T: 0:07:28
| eval           | F: 50000 | S: 25000 | E: 50 | L: 1000 | R: 146.1180 | T: 0:07:28
| train          | F: 51000 | S: 25500 | E: 51 | L: 1000 | R: 202.8313 | BS: 25500 | FPS: 36.7305 | T: 0:07:55
| train          | F: 52000 | S: 26000 | E: 52 | L: 1000 | R: 164.9006 | BS: 26000 | FPS: 126.9136 | T: 0:08:03
| train          | F: 53000 | S: 26500 | E: 53 | L: 1000 | R: 187.6390 | BS: 26500 | FPS: 130.6929 | T: 0:08:11
| train          | F: 54000 | S: 27000 | E: 54 | L: 1000 | R: 169.8105 | BS: 27000 | FPS: 135.3164 | T: 0:08:18
| train          | F: 55000 | S: 27500 | E: 55 | L: 1000 | R: 160.8556 | BS: 27500 | FPS: 133.0127 | T: 0:08:26
| train          | F: 56000 | S: 28000 | E: 56 | L: 1000 | R: 125.8853 | BS: 28000 | FPS: 128.1033 | T: 0:08:33
| train          | F: 57000 | S: 28500 | E: 57 | L: 1000 | R: 216.9800 | BS: 28500 | FPS: 122.3159 | T: 0:08:42
| train          | F: 58000 | S: 29000 | E: 58 | L: 1000 | R: 177.2388 | BS: 29000 | FPS: 121.6686 | T: 0:08:50
| train          | F: 59000 | S: 29500 | E: 59 | L: 1000 | R: 176.1322 | BS: 29500 | FPS: 121.5325 | T: 0:08:58
| train          | F: 60000 | S: 30000 | E: 60 | L: 1000 | R: 160.8022 | BS: 30000 | FPS: 121.5024 | T: 0:09:06
| eval           | F: 60000 | S: 30000 | E: 60 | L: 1000 | R: 148.9449 | T: 0:09:06
| train          | F: 61000 | S: 30500 | E: 61 | L: 1000 | R: 171.2750 | BS: 30500 | FPS: 40.5852 | T: 0:09:31
| train          | F: 62000 | S: 31000 | E: 62 | L: 1000 | R: 233.2667 | BS: 31000 | FPS: 132.1196 | T: 0:09:38
| train          | F: 63000 | S: 31500 | E: 63 | L: 1000 | R: 209.8392 | BS: 31500 | FPS: 136.1048 | T: 0:09:46
| train          | F: 64000 | S: 32000 | E: 64 | L: 1000 | R: 169.3652 | BS: 32000 | FPS: 130.8583 | T: 0:09:53
| train          | F: 65000 | S: 32500 | E: 65 | L: 1000 | R: 164.8973 | BS: 32500 | FPS: 129.8458 | T: 0:10:01
| train          | F: 66000 | S: 33000 | E: 66 | L: 1000 | R: 246.3451 | BS: 33000 | FPS: 123.1307 | T: 0:10:09
| train          | F: 67000 | S: 33500 | E: 67 | L: 1000 | R: 237.4104 | BS: 33500 | FPS: 128.1526 | T: 0:10:17
| train          | F: 68000 | S: 34000 | E: 68 | L: 1000 | R: 120.9458 | BS: 34000 | FPS: 127.0522 | T: 0:10:25
| train          | F: 69000 | S: 34500 | E: 69 | L: 1000 | R: 106.3620 | BS: 34500 | FPS: 124.3112 | T: 0:10:33
| train          | F: 70000 | S: 35000 | E: 70 | L: 1000 | R: 58.6130 | BS: 35000 | FPS: 125.9701 | T: 0:10:41
| eval           | F: 70000 | S: 35000 | E: 70 | L: 1000 | R: 112.9975 | T: 0:10:41
| train          | F: 71000 | S: 35500 | E: 71 | L: 1000 | R: 88.7864 | BS: 35500 | FPS: 37.1901 | T: 0:11:08
| train          | F: 72000 | S: 36000 | E: 72 | L: 1000 | R: 65.6767 | BS: 36000 | FPS: 135.8757 | T: 0:11:15
| train          | F: 73000 | S: 36500 | E: 73 | L: 1000 | R: 186.0011 | BS: 36500 | FPS: 129.2820 | T: 0:11:23
| train          | F: 74000 | S: 37000 | E: 74 | L: 1000 | R: 78.5518 | BS: 37000 | FPS: 135.4370 | T: 0:11:30
| train          | F: 75000 | S: 37500 | E: 75 | L: 1000 | R: 198.9515 | BS: 37500 | FPS: 130.2123 | T: 0:11:38
| train          | F: 76000 | S: 38000 | E: 76 | L: 1000 | R: 190.6158 | BS: 38000 | FPS: 130.9992 | T: 0:11:46
| train          | F: 77000 | S: 38500 | E: 77 | L: 1000 | R: 149.7769 | BS: 38500 | FPS: 127.0466 | T: 0:11:53
| train          | F: 78000 | S: 39000 | E: 78 | L: 1000 | R: 160.1472 | BS: 39000 | FPS: 133.3664 | T: 0:12:01
| train          | F: 79000 | S: 39500 | E: 79 | L: 1000 | R: 84.2433 | BS: 39500 | FPS: 131.3212 | T: 0:12:09
| train          | F: 80000 | S: 40000 | E: 80 | L: 1000 | R: 84.2846 | BS: 40000 | FPS: 129.9536 | T: 0:12:16
| eval           | F: 80000 | S: 40000 | E: 80 | L: 1000 | R: 125.4014 | T: 0:12:16
| train          | F: 81000 | S: 40500 | E: 81 | L: 1000 | R: 38.9872 | BS: 40500 | FPS: 41.4947 | T: 0:12:40
| train          | F: 82000 | S: 41000 | E: 82 | L: 1000 | R: 215.3696 | BS: 41000 | FPS: 136.6412 | T: 0:12:48
| train          | F: 83000 | S: 41500 | E: 83 | L: 1000 | R: 58.3998 | BS: 41500 | FPS: 137.5247 | T: 0:12:55
| train          | F: 84000 | S: 42000 | E: 84 | L: 1000 | R: 46.8241 | BS: 42000 | FPS: 137.0055 | T: 0:13:02
| train          | F: 85000 | S: 42500 | E: 85 | L: 1000 | R: 172.6633 | BS: 42500 | FPS: 128.1762 | T: 0:13:10
| train          | F: 86000 | S: 43000 | E: 86 | L: 1000 | R: 179.1380 | BS: 43000 | FPS: 132.7110 | T: 0:13:18
| train          | F: 87000 | S: 43500 | E: 87 | L: 1000 | R: 174.3877 | BS: 43500 | FPS: 132.5301 | T: 0:13:25
| train          | F: 88000 | S: 44000 | E: 88 | L: 1000 | R: 221.4053 | BS: 44000 | FPS: 130.0300 | T: 0:13:33
| train          | F: 89000 | S: 44500 | E: 89 | L: 1000 | R: 233.9696 | BS: 44500 | FPS: 128.3789 | T: 0:13:41
| train          | F: 90000 | S: 45000 | E: 90 | L: 1000 | R: 205.8844 | BS: 45000 | FPS: 123.3954 | T: 0:13:49
| eval           | F: 90000 | S: 45000 | E: 90 | L: 1000 | R: 139.0361 | T: 0:13:49
| train          | F: 91000 | S: 45500 | E: 91 | L: 1000 | R: 179.5493 | BS: 45500 | FPS: 40.5952 | T: 0:14:13
| train          | F: 92000 | S: 46000 | E: 92 | L: 1000 | R: 179.1689 | BS: 46000 | FPS: 135.2479 | T: 0:14:21
| train          | F: 93000 | S: 46500 | E: 93 | L: 1000 | R: 135.1109 | BS: 46500 | FPS: 135.4633 | T: 0:14:28
| train          | F: 94000 | S: 47000 | E: 94 | L: 1000 | R: 100.9043 | BS: 47000 | FPS: 135.9244 | T: 0:14:35
| train          | F: 95000 | S: 47500 | E: 95 | L: 1000 | R: 129.4627 | BS: 47500 | FPS: 133.3106 | T: 0:14:43
| train          | F: 96000 | S: 48000 | E: 96 | L: 1000 | R: 176.9730 | BS: 48000 | FPS: 128.2033 | T: 0:14:51
| train          | F: 97000 | S: 48500 | E: 97 | L: 1000 | R: 98.9094 | BS: 48500 | FPS: 122.0924 | T: 0:14:59
| train          | F: 98000 | S: 49000 | E: 98 | L: 1000 | R: 207.1575 | BS: 49000 | FPS: 123.3998 | T: 0:15:07
| train          | F: 99000 | S: 49500 | E: 99 | L: 1000 | R: 116.7932 | BS: 49500 | FPS: 126.0534 | T: 0:15:15
| train          | F: 100000 | S: 50000 | E: 100 | L: 1000 | R: 120.1963 | BS: 50000 | FPS: 124.6123 | T: 0:15:23
| eval           | F: 100000 | S: 50000 | E: 100 | L: 1000 | R: 116.6748 | T: 0:15:23
| train          | F: 101000 | S: 50500 | E: 101 | L: 1000 | R: 145.2418 | BS: 50500 | FPS: 37.3971 | T: 0:15:50
| train          | F: 102000 | S: 51000 | E: 102 | L: 1000 | R: 154.8680 | BS: 51000 | FPS: 131.6498 | T: 0:15:57
| train          | F: 103000 | S: 51500 | E: 103 | L: 1000 | R: 250.2075 | BS: 51500 | FPS: 136.5902 | T: 0:16:05
| train          | F: 104000 | S: 52000 | E: 104 | L: 1000 | R: 132.8091 | BS: 52000 | FPS: 132.5513 | T: 0:16:12
| train          | F: 105000 | S: 52500 | E: 105 | L: 1000 | R: 87.7255 | BS: 52500 | FPS: 127.2235 | T: 0:16:20
| train          | F: 106000 | S: 53000 | E: 106 | L: 1000 | R: 157.3564 | BS: 53000 | FPS: 126.7550 | T: 0:16:28
| train          | F: 107000 | S: 53500 | E: 107 | L: 1000 | R: 180.8313 | BS: 53500 | FPS: 135.2256 | T: 0:16:35
| train          | F: 108000 | S: 54000 | E: 108 | L: 1000 | R: 199.9548 | BS: 54000 | FPS: 134.0044 | T: 0:16:43
| train          | F: 109000 | S: 54500 | E: 109 | L: 1000 | R: 106.0928 | BS: 54500 | FPS: 134.2680 | T: 0:16:50
| train          | F: 110000 | S: 55000 | E: 110 | L: 1000 | R: 260.2954 | BS: 55000 | FPS: 134.8783 | T: 0:16:58
| eval           | F: 110000 | S: 55000 | E: 110 | L: 1000 | R: 82.2448 | T: 0:16:58
| train          | F: 111000 | S: 55500 | E: 111 | L: 1000 | R: 107.4070 | BS: 55500 | FPS: 40.7375 | T: 0:17:22
| train          | F: 112000 | S: 56000 | E: 112 | L: 1000 | R: 118.1258 | BS: 56000 | FPS: 123.5213 | T: 0:17:30
| train          | F: 113000 | S: 56500 | E: 113 | L: 1000 | R: 163.0511 | BS: 56500 | FPS: 128.3824 | T: 0:17:38
| train          | F: 114000 | S: 57000 | E: 114 | L: 1000 | R: 139.2006 | BS: 57000 | FPS: 129.1996 | T: 0:17:46
| train          | F: 115000 | S: 57500 | E: 115 | L: 1000 | R: 241.2488 | BS: 57500 | FPS: 133.8621 | T: 0:17:53
| train          | F: 116000 | S: 58000 | E: 116 | L: 1000 | R: 199.6574 | BS: 58000 | FPS: 125.4291 | T: 0:18:01
| train          | F: 117000 | S: 58500 | E: 117 | L: 1000 | R: 100.9490 | BS: 58500 | FPS: 131.6843 | T: 0:18:09
| train          | F: 118000 | S: 59000 | E: 118 | L: 1000 | R: 51.9564 | BS: 59000 | FPS: 126.2060 | T: 0:18:17
| train          | F: 119000 | S: 59500 | E: 119 | L: 1000 | R: 245.1850 | BS: 59500 | FPS: 131.0653 | T: 0:18:24
| train          | F: 120000 | S: 60000 | E: 120 | L: 1000 | R: 260.9970 | BS: 60000 | FPS: 126.3997 | T: 0:18:32
| eval           | F: 120000 | S: 60000 | E: 120 | L: 1000 | R: 149.0395 | T: 0:18:32
| train          | F: 121000 | S: 60500 | E: 121 | L: 1000 | R: 135.3115 | BS: 60500 | FPS: 37.1191 | T: 0:18:59
| train          | F: 122000 | S: 61000 | E: 122 | L: 1000 | R: 59.5905 | BS: 61000 | FPS: 134.0381 | T: 0:19:07
| train          | F: 123000 | S: 61500 | E: 123 | L: 1000 | R: 123.2014 | BS: 61500 | FPS: 133.4251 | T: 0:19:14
| train          | F: 124000 | S: 62000 | E: 124 | L: 1000 | R: 239.7869 | BS: 62000 | FPS: 134.4281 | T: 0:19:22
| train          | F: 125000 | S: 62500 | E: 125 | L: 1000 | R: 136.6760 | BS: 62500 | FPS: 124.3537 | T: 0:19:30
| train          | F: 126000 | S: 63000 | E: 126 | L: 1000 | R: 96.7876 | BS: 63000 | FPS: 124.5705 | T: 0:19:38
| train          | F: 127000 | S: 63500 | E: 127 | L: 1000 | R: 256.5802 | BS: 63500 | FPS: 125.3899 | T: 0:19:46
| train          | F: 128000 | S: 64000 | E: 128 | L: 1000 | R: 188.7661 | BS: 64000 | FPS: 124.3924 | T: 0:19:54
| train          | F: 129000 | S: 64500 | E: 129 | L: 1000 | R: 246.0291 | BS: 64500 | FPS: 123.5801 | T: 0:20:02
| train          | F: 130000 | S: 65000 | E: 130 | L: 1000 | R: 150.3200 | BS: 65000 | FPS: 125.0736 | T: 0:20:10
| eval           | F: 130000 | S: 65000 | E: 130 | L: 1000 | R: 206.1227 | T: 0:20:10
| train          | F: 131000 | S: 65500 | E: 131 | L: 1000 | R: 295.0716 | BS: 65500 | FPS: 40.5389 | T: 0:20:35
| train          | F: 132000 | S: 66000 | E: 132 | L: 1000 | R: 59.2132 | BS: 66000 | FPS: 126.8591 | T: 0:20:42
| train          | F: 133000 | S: 66500 | E: 133 | L: 1000 | R: 275.3575 | BS: 66500 | FPS: 129.2829 | T: 0:20:50
| train          | F: 134000 | S: 67000 | E: 134 | L: 1000 | R: 187.9199 | BS: 67000 | FPS: 129.1630 | T: 0:20:58
| train          | F: 135000 | S: 67500 | E: 135 | L: 1000 | R: 132.4106 | BS: 67500 | FPS: 127.2500 | T: 0:21:06
| train          | F: 136000 | S: 68000 | E: 136 | L: 1000 | R: 255.5444 | BS: 68000 | FPS: 122.7076 | T: 0:21:14
| train          | F: 137000 | S: 68500 | E: 137 | L: 1000 | R: 225.6994 | BS: 68500 | FPS: 126.4097 | T: 0:21:22
| train          | F: 138000 | S: 69000 | E: 138 | L: 1000 | R: 85.1545 | BS: 69000 | FPS: 130.5990 | T: 0:21:29
| train          | F: 139000 | S: 69500 | E: 139 | L: 1000 | R: 86.3036 | BS: 69500 | FPS: 131.5002 | T: 0:21:37
| train          | F: 140000 | S: 70000 | E: 140 | L: 1000 | R: 62.7930 | BS: 70000 | FPS: 133.6777 | T: 0:21:45
| eval           | F: 140000 | S: 70000 | E: 140 | L: 1000 | R: 80.8135 | T: 0:21:45
| train          | F: 141000 | S: 70500 | E: 141 | L: 1000 | R: 155.2736 | BS: 70500 | FPS: 41.0847 | T: 0:22:09
| train          | F: 142000 | S: 71000 | E: 142 | L: 1000 | R: 120.2347 | BS: 71000 | FPS: 127.5013 | T: 0:22:17
| train          | F: 143000 | S: 71500 | E: 143 | L: 1000 | R: 153.2536 | BS: 71500 | FPS: 126.8581 | T: 0:22:25
| train          | F: 144000 | S: 72000 | E: 144 | L: 1000 | R: 116.5415 | BS: 72000 | FPS: 125.8527 | T: 0:22:33
| train          | F: 145000 | S: 72500 | E: 145 | L: 1000 | R: 109.1567 | BS: 72500 | FPS: 125.1723 | T: 0:22:41
| train          | F: 146000 | S: 73000 | E: 146 | L: 1000 | R: 187.2262 | BS: 73000 | FPS: 125.1907 | T: 0:22:49
| train          | F: 147000 | S: 73500 | E: 147 | L: 1000 | R: 250.0902 | BS: 73500 | FPS: 124.5593 | T: 0:22:57
| train          | F: 148000 | S: 74000 | E: 148 | L: 1000 | R: 271.2022 | BS: 74000 | FPS: 128.9109 | T: 0:23:04
| train          | F: 149000 | S: 74500 | E: 149 | L: 1000 | R: 98.1156 | BS: 74500 | FPS: 132.7037 | T: 0:23:12
| train          | F: 150000 | S: 75000 | E: 150 | L: 1000 | R: 264.6146 | BS: 75000 | FPS: 135.7754 | T: 0:23:19
| eval           | F: 150000 | S: 75000 | E: 150 | L: 1000 | R: 245.0620 | T: 0:23:19
| train          | F: 151000 | S: 75500 | E: 151 | L: 1000 | R: 129.9218 | BS: 75500 | FPS: 41.7642 | T: 0:23:43
| train          | F: 152000 | S: 76000 | E: 152 | L: 1000 | R: 197.2772 | BS: 76000 | FPS: 138.8551 | T: 0:23:50
| train          | F: 153000 | S: 76500 | E: 153 | L: 1000 | R: 160.5958 | BS: 76500 | FPS: 131.7271 | T: 0:23:58
| train          | F: 154000 | S: 77000 | E: 154 | L: 1000 | R: 265.8386 | BS: 77000 | FPS: 132.4588 | T: 0:24:05
| train          | F: 155000 | S: 77500 | E: 155 | L: 1000 | R: 302.4221 | BS: 77500 | FPS: 127.6131 | T: 0:24:13
| train          | F: 156000 | S: 78000 | E: 156 | L: 1000 | R: 293.1605 | BS: 78000 | FPS: 131.4515 | T: 0:24:21
| train          | F: 157000 | S: 78500 | E: 157 | L: 1000 | R: 290.6334 | BS: 78500 | FPS: 125.6062 | T: 0:24:29
| train          | F: 158000 | S: 79000 | E: 158 | L: 1000 | R: 243.0134 | BS: 79000 | FPS: 125.7759 | T: 0:24:37
| train          | F: 159000 | S: 79500 | E: 159 | L: 1000 | R: 278.3976 | BS: 79500 | FPS: 125.9275 | T: 0:24:45
| train          | F: 160000 | S: 80000 | E: 160 | L: 1000 | R: 254.4809 | BS: 80000 | FPS: 131.9106 | T: 0:24:52
| eval           | F: 160000 | S: 80000 | E: 160 | L: 1000 | R: 240.7428 | T: 0:24:52
| train          | F: 161000 | S: 80500 | E: 161 | L: 1000 | R: 298.9736 | BS: 80500 | FPS: 38.2969 | T: 0:25:18
| train          | F: 162000 | S: 81000 | E: 162 | L: 1000 | R: 326.5872 | BS: 81000 | FPS: 136.0624 | T: 0:25:26
| train          | F: 163000 | S: 81500 | E: 163 | L: 1000 | R: 286.1543 | BS: 81500 | FPS: 137.7142 | T: 0:25:33
| train          | F: 164000 | S: 82000 | E: 164 | L: 1000 | R: 289.2345 | BS: 82000 | FPS: 127.8663 | T: 0:25:41
| train          | F: 165000 | S: 82500 | E: 165 | L: 1000 | R: 120.2251 | BS: 82500 | FPS: 124.7387 | T: 0:25:49
| train          | F: 166000 | S: 83000 | E: 166 | L: 1000 | R: 324.4045 | BS: 83000 | FPS: 128.9454 | T: 0:25:57
| train          | F: 167000 | S: 83500 | E: 167 | L: 1000 | R: 101.5597 | BS: 83500 | FPS: 129.3866 | T: 0:26:04
| train          | F: 168000 | S: 84000 | E: 168 | L: 1000 | R: 317.7552 | BS: 84000 | FPS: 134.3758 | T: 0:26:12
| train          | F: 169000 | S: 84500 | E: 169 | L: 1000 | R: 337.1502 | BS: 84500 | FPS: 121.9262 | T: 0:26:20
| train          | F: 170000 | S: 85000 | E: 170 | L: 1000 | R: 239.9307 | BS: 85000 | FPS: 131.1120 | T: 0:26:28
| eval           | F: 170000 | S: 85000 | E: 170 | L: 1000 | R: 247.9413 | T: 0:26:28
| train          | F: 171000 | S: 85500 | E: 171 | L: 1000 | R: 169.4832 | BS: 85500 | FPS: 37.5065 | T: 0:26:54
| train          | F: 172000 | S: 86000 | E: 172 | L: 1000 | R: 317.1405 | BS: 86000 | FPS: 136.3678 | T: 0:27:02
| train          | F: 173000 | S: 86500 | E: 173 | L: 1000 | R: 300.4300 | BS: 86500 | FPS: 135.4536 | T: 0:27:09
| train          | F: 174000 | S: 87000 | E: 174 | L: 1000 | R: 278.7056 | BS: 87000 | FPS: 134.8839 | T: 0:27:16
| train          | F: 175000 | S: 87500 | E: 175 | L: 1000 | R: 322.0669 | BS: 87500 | FPS: 134.7780 | T: 0:27:24
| train          | F: 176000 | S: 88000 | E: 176 | L: 1000 | R: 223.6099 | BS: 88000 | FPS: 131.4349 | T: 0:27:32
| train          | F: 177000 | S: 88500 | E: 177 | L: 1000 | R: 324.0854 | BS: 88500 | FPS: 136.3680 | T: 0:27:39
| train          | F: 178000 | S: 89000 | E: 178 | L: 1000 | R: 236.5936 | BS: 89000 | FPS: 134.4094 | T: 0:27:46
| train          | F: 179000 | S: 89500 | E: 179 | L: 1000 | R: 91.9010 | BS: 89500 | FPS: 135.8346 | T: 0:27:54
| train          | F: 180000 | S: 90000 | E: 180 | L: 1000 | R: 153.7507 | BS: 90000 | FPS: 134.1788 | T: 0:28:01
| eval           | F: 180000 | S: 90000 | E: 180 | L: 1000 | R: 197.5689 | T: 0:28:01
| train          | F: 181000 | S: 90500 | E: 181 | L: 1000 | R: 255.6380 | BS: 90500 | FPS: 40.8473 | T: 0:28:26
| train          | F: 182000 | S: 91000 | E: 182 | L: 1000 | R: 267.6585 | BS: 91000 | FPS: 130.8331 | T: 0:28:33
| train          | F: 183000 | S: 91500 | E: 183 | L: 1000 | R: 90.4255 | BS: 91500 | FPS: 131.0152 | T: 0:28:41
| train          | F: 184000 | S: 92000 | E: 184 | L: 1000 | R: 191.9457 | BS: 92000 | FPS: 130.2473 | T: 0:28:49
| train          | F: 185000 | S: 92500 | E: 185 | L: 1000 | R: 187.1137 | BS: 92500 | FPS: 125.8850 | T: 0:28:56
| train          | F: 186000 | S: 93000 | E: 186 | L: 1000 | R: 249.7651 | BS: 93000 | FPS: 134.0071 | T: 0:29:04
| train          | F: 187000 | S: 93500 | E: 187 | L: 1000 | R: 248.8235 | BS: 93500 | FPS: 130.9163 | T: 0:29:12
| train          | F: 188000 | S: 94000 | E: 188 | L: 1000 | R: 300.9990 | BS: 94000 | FPS: 126.5175 | T: 0:29:19
| train          | F: 189000 | S: 94500 | E: 189 | L: 1000 | R: 132.0162 | BS: 94500 | FPS: 128.6269 | T: 0:29:27
| train          | F: 190000 | S: 95000 | E: 190 | L: 1000 | R: 177.1368 | BS: 95000 | FPS: 122.9949 | T: 0:29:35
| eval           | F: 190000 | S: 95000 | E: 190 | L: 1000 | R: 228.1063 | T: 0:29:35
| train          | F: 191000 | S: 95500 | E: 191 | L: 1000 | R: 269.6842 | BS: 95500 | FPS: 37.0378 | T: 0:30:02
| train          | F: 192000 | S: 96000 | E: 192 | L: 1000 | R: 235.5359 | BS: 96000 | FPS: 131.3072 | T: 0:30:10
| train          | F: 193000 | S: 96500 | E: 193 | L: 1000 | R: 292.9327 | BS: 96500 | FPS: 131.4487 | T: 0:30:18
| train          | F: 194000 | S: 97000 | E: 194 | L: 1000 | R: 276.7668 | BS: 97000 | FPS: 134.7169 | T: 0:30:25
| train          | F: 195000 | S: 97500 | E: 195 | L: 1000 | R: 284.1996 | BS: 97500 | FPS: 134.8733 | T: 0:30:32
| train          | F: 196000 | S: 98000 | E: 196 | L: 1000 | R: 264.4871 | BS: 98000 | FPS: 130.8145 | T: 0:30:40
| train          | F: 197000 | S: 98500 | E: 197 | L: 1000 | R: 309.9590 | BS: 98500 | FPS: 129.4043 | T: 0:30:48
| train          | F: 198000 | S: 99000 | E: 198 | L: 1000 | R: 278.8152 | BS: 99000 | FPS: 127.7070 | T: 0:30:56
| train          | F: 199000 | S: 99500 | E: 199 | L: 1000 | R: 287.2516 | BS: 99500 | FPS: 125.1008 | T: 0:31:04
| train          | F: 200000 | S: 100000 | E: 200 | L: 1000 | R: 295.1939 | BS: 100000 | FPS: 122.0119 | T: 0:31:12
| eval           | F: 200000 | S: 100000 | E: 200 | L: 1000 | R: 303.8536 | T: 0:31:12
| train          | F: 201000 | S: 100500 | E: 201 | L: 1000 | R: 314.3832 | BS: 100500 | FPS: 40.3986 | T: 0:31:37
| train          | F: 202000 | S: 101000 | E: 202 | L: 1000 | R: 299.5640 | BS: 101000 | FPS: 125.7363 | T: 0:31:45
| train          | F: 203000 | S: 101500 | E: 203 | L: 1000 | R: 231.8173 | BS: 101500 | FPS: 127.8989 | T: 0:31:52
| train          | F: 204000 | S: 102000 | E: 204 | L: 1000 | R: 235.3435 | BS: 102000 | FPS: 134.1491 | T: 0:32:00
| train          | F: 205000 | S: 102500 | E: 205 | L: 1000 | R: 285.8691 | BS: 102500 | FPS: 132.4046 | T: 0:32:07
| train          | F: 206000 | S: 103000 | E: 206 | L: 1000 | R: 296.9798 | BS: 103000 | FPS: 133.2200 | T: 0:32:15
| train          | F: 207000 | S: 103500 | E: 207 | L: 1000 | R: 316.2066 | BS: 103500 | FPS: 133.5775 | T: 0:32:22
| train          | F: 208000 | S: 104000 | E: 208 | L: 1000 | R: 317.6305 | BS: 104000 | FPS: 133.6903 | T: 0:32:30
| train          | F: 209000 | S: 104500 | E: 209 | L: 1000 | R: 281.9016 | BS: 104500 | FPS: 132.6621 | T: 0:32:37
| train          | F: 210000 | S: 105000 | E: 210 | L: 1000 | R: 285.2691 | BS: 105000 | FPS: 132.2190 | T: 0:32:45
| eval           | F: 210000 | S: 105000 | E: 210 | L: 1000 | R: 273.9233 | T: 0:32:45
| train          | F: 211000 | S: 105500 | E: 211 | L: 1000 | R: 280.9290 | BS: 105500 | FPS: 40.8248 | T: 0:33:09
| train          | F: 212000 | S: 106000 | E: 212 | L: 1000 | R: 286.4221 | BS: 106000 | FPS: 134.6974 | T: 0:33:17
| train          | F: 213000 | S: 106500 | E: 213 | L: 1000 | R: 294.7179 | BS: 106500 | FPS: 130.2227 | T: 0:33:25
| train          | F: 214000 | S: 107000 | E: 214 | L: 1000 | R: 288.7128 | BS: 107000 | FPS: 132.9927 | T: 0:33:32
| train          | F: 215000 | S: 107500 | E: 215 | L: 1000 | R: 303.4121 | BS: 107500 | FPS: 132.9771 | T: 0:33:40
| train          | F: 216000 | S: 108000 | E: 216 | L: 1000 | R: 254.3578 | BS: 108000 | FPS: 133.6582 | T: 0:33:47
| train          | F: 217000 | S: 108500 | E: 217 | L: 1000 | R: 287.9742 | BS: 108500 | FPS: 130.8994 | T: 0:33:55
| train          | F: 218000 | S: 109000 | E: 218 | L: 1000 | R: 258.5399 | BS: 109000 | FPS: 130.5098 | T: 0:34:02
| train          | F: 219000 | S: 109500 | E: 219 | L: 1000 | R: 276.0156 | BS: 109500 | FPS: 130.5637 | T: 0:34:10
| train          | F: 220000 | S: 110000 | E: 220 | L: 1000 | R: 290.3723 | BS: 110000 | FPS: 123.2995 | T: 0:34:18
| eval           | F: 220000 | S: 110000 | E: 220 | L: 1000 | R: 297.7156 | T: 0:34:18
| train          | F: 221000 | S: 110500 | E: 221 | L: 1000 | R: 257.0057 | BS: 110500 | FPS: 37.9942 | T: 0:34:44
| train          | F: 222000 | S: 111000 | E: 222 | L: 1000 | R: 316.2780 | BS: 111000 | FPS: 130.6964 | T: 0:34:52
| train          | F: 223000 | S: 111500 | E: 223 | L: 1000 | R: 326.4614 | BS: 111500 | FPS: 134.9635 | T: 0:35:00
| train          | F: 224000 | S: 112000 | E: 224 | L: 1000 | R: 261.5949 | BS: 112000 | FPS: 132.3478 | T: 0:35:07
| train          | F: 225000 | S: 112500 | E: 225 | L: 1000 | R: 298.0754 | BS: 112500 | FPS: 135.4187 | T: 0:35:14
| train          | F: 226000 | S: 113000 | E: 226 | L: 1000 | R: 247.6335 | BS: 113000 | FPS: 134.5038 | T: 0:35:22
| train          | F: 227000 | S: 113500 | E: 227 | L: 1000 | R: 279.3234 | BS: 113500 | FPS: 133.8504 | T: 0:35:29
| train          | F: 228000 | S: 114000 | E: 228 | L: 1000 | R: 324.3667 | BS: 114000 | FPS: 124.5727 | T: 0:35:37
| train          | F: 229000 | S: 114500 | E: 229 | L: 1000 | R: 278.8206 | BS: 114500 | FPS: 124.8969 | T: 0:35:45
| train          | F: 230000 | S: 115000 | E: 230 | L: 1000 | R: 315.8302 | BS: 115000 | FPS: 122.1321 | T: 0:35:54
| eval           | F: 230000 | S: 115000 | E: 230 | L: 1000 | R: 332.3503 | T: 0:35:54
| train          | F: 231000 | S: 115500 | E: 231 | L: 1000 | R: 281.6178 | BS: 115500 | FPS: 40.4345 | T: 0:36:18
| train          | F: 232000 | S: 116000 | E: 232 | L: 1000 | R: 324.3816 | BS: 116000 | FPS: 136.8160 | T: 0:36:26
| train          | F: 233000 | S: 116500 | E: 233 | L: 1000 | R: 295.3373 | BS: 116500 | FPS: 134.6984 | T: 0:36:33
| train          | F: 234000 | S: 117000 | E: 234 | L: 1000 | R: 304.6547 | BS: 117000 | FPS: 133.0060 | T: 0:36:41
| train          | F: 235000 | S: 117500 | E: 235 | L: 1000 | R: 310.3879 | BS: 117500 | FPS: 133.9763 | T: 0:36:48
| train          | F: 236000 | S: 118000 | E: 236 | L: 1000 | R: 275.6208 | BS: 118000 | FPS: 133.5457 | T: 0:36:56
| train          | F: 237000 | S: 118500 | E: 237 | L: 1000 | R: 289.9731 | BS: 118500 | FPS: 121.7642 | T: 0:37:04
| train          | F: 238000 | S: 119000 | E: 238 | L: 1000 | R: 290.5635 | BS: 119000 | FPS: 127.6630 | T: 0:37:12
| train          | F: 239000 | S: 119500 | E: 239 | L: 1000 | R: 302.0137 | BS: 119500 | FPS: 123.5523 | T: 0:37:20
| train          | F: 240000 | S: 120000 | E: 240 | L: 1000 | R: 304.3315 | BS: 120000 | FPS: 132.9512 | T: 0:37:27
| eval           | F: 240000 | S: 120000 | E: 240 | L: 1000 | R: 281.7014 | T: 0:37:27
| train          | F: 241000 | S: 120500 | E: 241 | L: 1000 | R: 294.5292 | BS: 120500 | FPS: 40.8269 | T: 0:37:52
| train          | F: 242000 | S: 121000 | E: 242 | L: 1000 | R: 303.0743 | BS: 121000 | FPS: 127.4196 | T: 0:38:00
| train          | F: 243000 | S: 121500 | E: 243 | L: 1000 | R: 305.1548 | BS: 121500 | FPS: 132.6590 | T: 0:38:07
| train          | F: 244000 | S: 122000 | E: 244 | L: 1000 | R: 288.0755 | BS: 122000 | FPS: 126.4663 | T: 0:38:15
| train          | F: 245000 | S: 122500 | E: 245 | L: 1000 | R: 316.5927 | BS: 122500 | FPS: 133.9308 | T: 0:38:22
| train          | F: 246000 | S: 123000 | E: 246 | L: 1000 | R: 299.2290 | BS: 123000 | FPS: 134.2421 | T: 0:38:30
| train          | F: 247000 | S: 123500 | E: 247 | L: 1000 | R: 330.7859 | BS: 123500 | FPS: 132.3456 | T: 0:38:37
| train          | F: 248000 | S: 124000 | E: 248 | L: 1000 | R: 317.6345 | BS: 124000 | FPS: 129.5280 | T: 0:38:45
| train          | F: 249000 | S: 124500 | E: 249 | L: 1000 | R: 301.2209 | BS: 124500 | FPS: 129.7751 | T: 0:38:53
| train          | F: 250000 | S: 125000 | E: 250 | L: 1000 | R: 295.9808 | BS: 125000 | FPS: 127.5964 | T: 0:39:01
| eval           | F: 250000 | S: 125000 | E: 250 | L: 1000 | R: 272.8509 | T: 0:39:01
| train          | F: 251000 | S: 125500 | E: 251 | L: 1000 | R: 272.9390 | BS: 125500 | FPS: 41.0393 | T: 0:39:25
| train          | F: 252000 | S: 126000 | E: 252 | L: 1000 | R: 289.7756 | BS: 126000 | FPS: 127.4090 | T: 0:39:33
| train          | F: 253000 | S: 126500 | E: 253 | L: 1000 | R: 310.2345 | BS: 126500 | FPS: 128.0964 | T: 0:39:41
| train          | F: 254000 | S: 127000 | E: 254 | L: 1000 | R: 305.4873 | BS: 127000 | FPS: 126.5350 | T: 0:39:49
| train          | F: 255000 | S: 127500 | E: 255 | L: 1000 | R: 291.5417 | BS: 127500 | FPS: 123.9808 | T: 0:39:57
| train          | F: 256000 | S: 128000 | E: 256 | L: 1000 | R: 313.5869 | BS: 128000 | FPS: 124.9585 | T: 0:40:05
| train          | F: 257000 | S: 128500 | E: 257 | L: 1000 | R: 312.3837 | BS: 128500 | FPS: 125.6054 | T: 0:40:13
| train          | F: 258000 | S: 129000 | E: 258 | L: 1000 | R: 307.6806 | BS: 129000 | FPS: 125.8942 | T: 0:40:21
| train          | F: 259000 | S: 129500 | E: 259 | L: 1000 | R: 322.8294 | BS: 129500 | FPS: 131.0302 | T: 0:40:28
| train          | F: 260000 | S: 130000 | E: 260 | L: 1000 | R: 331.4719 | BS: 130000 | FPS: 127.9413 | T: 0:40:36
| eval           | F: 260000 | S: 130000 | E: 260 | L: 1000 | R: 336.3914 | T: 0:40:36
| train          | F: 261000 | S: 130500 | E: 261 | L: 1000 | R: 300.8803 | BS: 130500 | FPS: 37.4207 | T: 0:41:03
| train          | F: 262000 | S: 131000 | E: 262 | L: 1000 | R: 310.9535 | BS: 131000 | FPS: 131.9996 | T: 0:41:10
| train          | F: 263000 | S: 131500 | E: 263 | L: 1000 | R: 315.0438 | BS: 131500 | FPS: 135.0736 | T: 0:41:18
| train          | F: 264000 | S: 132000 | E: 264 | L: 1000 | R: 306.9356 | BS: 132000 | FPS: 135.1069 | T: 0:41:25
| train          | F: 265000 | S: 132500 | E: 265 | L: 1000 | R: 327.1644 | BS: 132500 | FPS: 127.0441 | T: 0:41:33
| train          | F: 266000 | S: 133000 | E: 266 | L: 1000 | R: 308.5008 | BS: 133000 | FPS: 123.6610 | T: 0:41:41
| train          | F: 267000 | S: 133500 | E: 267 | L: 1000 | R: 291.1187 | BS: 133500 | FPS: 125.2567 | T: 0:41:49
| train          | F: 268000 | S: 134000 | E: 268 | L: 1000 | R: 299.6514 | BS: 134000 | FPS: 131.3982 | T: 0:41:57
| train          | F: 269000 | S: 134500 | E: 269 | L: 1000 | R: 312.7972 | BS: 134500 | FPS: 128.2542 | T: 0:42:04
| train          | F: 270000 | S: 135000 | E: 270 | L: 1000 | R: 337.3775 | BS: 135000 | FPS: 130.5975 | T: 0:42:12
| eval           | F: 270000 | S: 135000 | E: 270 | L: 1000 | R: 331.1808 | T: 0:42:12
| train          | F: 271000 | S: 135500 | E: 271 | L: 1000 | R: 317.7754 | BS: 135500 | FPS: 38.6676 | T: 0:42:38
| train          | F: 272000 | S: 136000 | E: 272 | L: 1000 | R: 313.2511 | BS: 136000 | FPS: 137.0402 | T: 0:42:45
| train          | F: 273000 | S: 136500 | E: 273 | L: 1000 | R: 300.3524 | BS: 136500 | FPS: 132.6248 | T: 0:42:53
| train          | F: 274000 | S: 137000 | E: 274 | L: 1000 | R: 261.0332 | BS: 137000 | FPS: 135.2878 | T: 0:43:00
| train          | F: 275000 | S: 137500 | E: 275 | L: 1000 | R: 291.6914 | BS: 137500 | FPS: 133.9717 | T: 0:43:08
| train          | F: 276000 | S: 138000 | E: 276 | L: 1000 | R: 287.2115 | BS: 138000 | FPS: 135.6152 | T: 0:43:15
| train          | F: 277000 | S: 138500 | E: 277 | L: 1000 | R: 318.1205 | BS: 138500 | FPS: 134.4468 | T: 0:43:23
| train          | F: 278000 | S: 139000 | E: 278 | L: 1000 | R: 187.8852 | BS: 139000 | FPS: 133.7364 | T: 0:43:30
| train          | F: 279000 | S: 139500 | E: 279 | L: 1000 | R: 331.1578 | BS: 139500 | FPS: 130.6178 | T: 0:43:38
| train          | F: 280000 | S: 140000 | E: 280 | L: 1000 | R: 286.7404 | BS: 140000 | FPS: 124.0742 | T: 0:43:46
| eval           | F: 280000 | S: 140000 | E: 280 | L: 1000 | R: 346.6844 | T: 0:43:46
| train          | F: 281000 | S: 140500 | E: 281 | L: 1000 | R: 324.0452 | BS: 140500 | FPS: 37.8056 | T: 0:44:12
| train          | F: 282000 | S: 141000 | E: 282 | L: 1000 | R: 313.7831 | BS: 141000 | FPS: 130.6564 | T: 0:44:20
| train          | F: 283000 | S: 141500 | E: 283 | L: 1000 | R: 320.3881 | BS: 141500 | FPS: 127.9669 | T: 0:44:28
| train          | F: 284000 | S: 142000 | E: 284 | L: 1000 | R: 310.9612 | BS: 142000 | FPS: 126.0612 | T: 0:44:36
| train          | F: 285000 | S: 142500 | E: 285 | L: 1000 | R: 303.5999 | BS: 142500 | FPS: 124.3351 | T: 0:44:44
| train          | F: 286000 | S: 143000 | E: 286 | L: 1000 | R: 330.7916 | BS: 143000 | FPS: 126.8950 | T: 0:44:51
| train          | F: 287000 | S: 143500 | E: 287 | L: 1000 | R: 340.9567 | BS: 143500 | FPS: 133.6711 | T: 0:44:59
| train          | F: 288000 | S: 144000 | E: 288 | L: 1000 | R: 302.0096 | BS: 144000 | FPS: 131.3556 | T: 0:45:07
| train          | F: 289000 | S: 144500 | E: 289 | L: 1000 | R: 338.1043 | BS: 144500 | FPS: 126.2470 | T: 0:45:15
| train          | F: 290000 | S: 145000 | E: 290 | L: 1000 | R: 338.0427 | BS: 145000 | FPS: 133.9718 | T: 0:45:22
| eval           | F: 290000 | S: 145000 | E: 290 | L: 1000 | R: 322.3405 | T: 0:45:22
| train          | F: 291000 | S: 145500 | E: 291 | L: 1000 | R: 335.1145 | BS: 145500 | FPS: 41.4856 | T: 0:45:46
| train          | F: 292000 | S: 146000 | E: 292 | L: 1000 | R: 332.1866 | BS: 146000 | FPS: 136.4090 | T: 0:45:53
| train          | F: 293000 | S: 146500 | E: 293 | L: 1000 | R: 301.7549 | BS: 146500 | FPS: 131.3458 | T: 0:46:01
| train          | F: 294000 | S: 147000 | E: 294 | L: 1000 | R: 354.0730 | BS: 147000 | FPS: 129.1595 | T: 0:46:09
| train          | F: 295000 | S: 147500 | E: 295 | L: 1000 | R: 323.8958 | BS: 147500 | FPS: 128.5122 | T: 0:46:17
| train          | F: 296000 | S: 148000 | E: 296 | L: 1000 | R: 323.8177 | BS: 148000 | FPS: 134.0432 | T: 0:46:24
| train          | F: 297000 | S: 148500 | E: 297 | L: 1000 | R: 308.2431 | BS: 148500 | FPS: 134.8951 | T: 0:46:31
| train          | F: 298000 | S: 149000 | E: 298 | L: 1000 | R: 310.3988 | BS: 149000 | FPS: 134.4967 | T: 0:46:39
| train          | F: 299000 | S: 149500 | E: 299 | L: 1000 | R: 307.2441 | BS: 149500 | FPS: 128.6762 | T: 0:46:47
| train          | F: 300000 | S: 150000 | E: 300 | L: 1000 | R: 139.7545 | BS: 150000 | FPS: 131.0228 | T: 0:46:54
| eval           | F: 300000 | S: 150000 | E: 300 | L: 1000 | R: 346.5988 | T: 0:46:54
| train          | F: 301000 | S: 150500 | E: 301 | L: 1000 | R: 325.9427 | BS: 150500 | FPS: 36.9864 | T: 0:47:21
| train          | F: 302000 | S: 151000 | E: 302 | L: 1000 | R: 324.2693 | BS: 151000 | FPS: 126.5816 | T: 0:47:29
| train          | F: 303000 | S: 151500 | E: 303 | L: 1000 | R: 315.5779 | BS: 151500 | FPS: 133.8367 | T: 0:47:37
| train          | F: 304000 | S: 152000 | E: 304 | L: 1000 | R: 305.2243 | BS: 152000 | FPS: 133.3048 | T: 0:47:44
| train          | F: 305000 | S: 152500 | E: 305 | L: 1000 | R: 321.0004 | BS: 152500 | FPS: 129.7942 | T: 0:47:52
| train          | F: 306000 | S: 153000 | E: 306 | L: 1000 | R: 337.3481 | BS: 153000 | FPS: 134.7010 | T: 0:47:59
| train          | F: 307000 | S: 153500 | E: 307 | L: 1000 | R: 326.5673 | BS: 153500 | FPS: 133.9367 | T: 0:48:07
| train          | F: 308000 | S: 154000 | E: 308 | L: 1000 | R: 331.7850 | BS: 154000 | FPS: 131.0884 | T: 0:48:14
| train          | F: 309000 | S: 154500 | E: 309 | L: 1000 | R: 329.1240 | BS: 154500 | FPS: 124.0109 | T: 0:48:22
| train          | F: 310000 | S: 155000 | E: 310 | L: 1000 | R: 320.7440 | BS: 155000 | FPS: 131.6910 | T: 0:48:30
| eval           | F: 310000 | S: 155000 | E: 310 | L: 1000 | R: 359.0097 | T: 0:48:30
| train          | F: 311000 | S: 155500 | E: 311 | L: 1000 | R: 349.5451 | BS: 155500 | FPS: 41.3197 | T: 0:48:54
| train          | F: 312000 | S: 156000 | E: 312 | L: 1000 | R: 329.0762 | BS: 156000 | FPS: 129.9218 | T: 0:49:02
| train          | F: 313000 | S: 156500 | E: 313 | L: 1000 | R: 358.0790 | BS: 156500 | FPS: 131.8789 | T: 0:49:10
| train          | F: 314000 | S: 157000 | E: 314 | L: 1000 | R: 334.3736 | BS: 157000 | FPS: 130.5408 | T: 0:49:17
| train          | F: 315000 | S: 157500 | E: 315 | L: 1000 | R: 334.4336 | BS: 157500 | FPS: 130.0275 | T: 0:49:25
| train          | F: 316000 | S: 158000 | E: 316 | L: 1000 | R: 187.1929 | BS: 158000 | FPS: 127.4345 | T: 0:49:33
| train          | F: 317000 | S: 158500 | E: 317 | L: 1000 | R: 339.4455 | BS: 158500 | FPS: 120.8737 | T: 0:49:41
| train          | F: 318000 | S: 159000 | E: 318 | L: 1000 | R: 341.4917 | BS: 159000 | FPS: 131.1715 | T: 0:49:49
| train          | F: 319000 | S: 159500 | E: 319 | L: 1000 | R: 342.4058 | BS: 159500 | FPS: 129.8744 | T: 0:49:56
| train          | F: 320000 | S: 160000 | E: 320 | L: 1000 | R: 336.0459 | BS: 160000 | FPS: 127.9827 | T: 0:50:04
| eval           | F: 320000 | S: 160000 | E: 320 | L: 1000 | R: 361.7459 | T: 0:50:04
| train          | F: 321000 | S: 160500 | E: 321 | L: 1000 | R: 348.5527 | BS: 160500 | FPS: 40.8744 | T: 0:50:29
| train          | F: 322000 | S: 161000 | E: 322 | L: 1000 | R: 382.2843 | BS: 161000 | FPS: 133.4908 | T: 0:50:36
| train          | F: 323000 | S: 161500 | E: 323 | L: 1000 | R: 119.5994 | BS: 161500 | FPS: 128.7737 | T: 0:50:44
| train          | F: 324000 | S: 162000 | E: 324 | L: 1000 | R: 368.0300 | BS: 162000 | FPS: 127.5821 | T: 0:50:52
| train          | F: 325000 | S: 162500 | E: 325 | L: 1000 | R: 184.1034 | BS: 162500 | FPS: 130.3869 | T: 0:50:59
| train          | F: 326000 | S: 163000 | E: 326 | L: 1000 | R: 342.4917 | BS: 163000 | FPS: 121.8739 | T: 0:51:08
| train          | F: 327000 | S: 163500 | E: 327 | L: 1000 | R: 345.4877 | BS: 163500 | FPS: 131.7856 | T: 0:51:15
| train          | F: 328000 | S: 164000 | E: 328 | L: 1000 | R: 355.2766 | BS: 164000 | FPS: 126.2506 | T: 0:51:23
| train          | F: 329000 | S: 164500 | E: 329 | L: 1000 | R: 348.2178 | BS: 164500 | FPS: 124.7413 | T: 0:51:31
| train          | F: 330000 | S: 165000 | E: 330 | L: 1000 | R: 377.3444 | BS: 165000 | FPS: 132.7795 | T: 0:51:39
| eval           | F: 330000 | S: 165000 | E: 330 | L: 1000 | R: 361.7380 | T: 0:51:39
| train          | F: 331000 | S: 165500 | E: 331 | L: 1000 | R: 129.3315 | BS: 165500 | FPS: 37.2603 | T: 0:52:05
| train          | F: 332000 | S: 166000 | E: 332 | L: 1000 | R: 312.2222 | BS: 166000 | FPS: 130.3030 | T: 0:52:13
| train          | F: 333000 | S: 166500 | E: 333 | L: 1000 | R: 322.2420 | BS: 166500 | FPS: 122.4095 | T: 0:52:21
| train          | F: 334000 | S: 167000 | E: 334 | L: 1000 | R: 298.8465 | BS: 167000 | FPS: 135.8281 | T: 0:52:29
| train          | F: 335000 | S: 167500 | E: 335 | L: 1000 | R: 267.4851 | BS: 167500 | FPS: 130.2276 | T: 0:52:36
| train          | F: 336000 | S: 168000 | E: 336 | L: 1000 | R: 172.5915 | BS: 168000 | FPS: 131.2346 | T: 0:52:44
| train          | F: 337000 | S: 168500 | E: 337 | L: 1000 | R: 241.4075 | BS: 168500 | FPS: 133.4326 | T: 0:52:51
| train          | F: 338000 | S: 169000 | E: 338 | L: 1000 | R: 254.4903 | BS: 169000 | FPS: 123.6876 | T: 0:53:00
| train          | F: 339000 | S: 169500 | E: 339 | L: 1000 | R: 374.4046 | BS: 169500 | FPS: 123.3557 | T: 0:53:08
| train          | F: 340000 | S: 170000 | E: 340 | L: 1000 | R: 272.9356 | BS: 170000 | FPS: 123.9001 | T: 0:53:16
| eval           | F: 340000 | S: 170000 | E: 340 | L: 1000 | R: 354.4772 | T: 0:53:16
| train          | F: 341000 | S: 170500 | E: 341 | L: 1000 | R: 389.8647 | BS: 170500 | FPS: 37.6948 | T: 0:53:42
| train          | F: 342000 | S: 171000 | E: 342 | L: 1000 | R: 385.9170 | BS: 171000 | FPS: 130.2183 | T: 0:53:50
| train          | F: 343000 | S: 171500 | E: 343 | L: 1000 | R: 371.1430 | BS: 171500 | FPS: 132.4571 | T: 0:53:57
| train          | F: 344000 | S: 172000 | E: 344 | L: 1000 | R: 277.6460 | BS: 172000 | FPS: 129.4947 | T: 0:54:05
| train          | F: 345000 | S: 172500 | E: 345 | L: 1000 | R: 357.8025 | BS: 172500 | FPS: 131.2041 | T: 0:54:13
| train          | F: 346000 | S: 173000 | E: 346 | L: 1000 | R: 364.4314 | BS: 173000 | FPS: 124.7970 | T: 0:54:21
| train          | F: 347000 | S: 173500 | E: 347 | L: 1000 | R: 336.9599 | BS: 173500 | FPS: 122.5546 | T: 0:54:29
| train          | F: 348000 | S: 174000 | E: 348 | L: 1000 | R: 372.9163 | BS: 174000 | FPS: 128.5494 | T: 0:54:37
| train          | F: 349000 | S: 174500 | E: 349 | L: 1000 | R: 336.0593 | BS: 174500 | FPS: 129.9013 | T: 0:54:44
| train          | F: 350000 | S: 175000 | E: 350 | L: 1000 | R: 371.2260 | BS: 175000 | FPS: 124.9347 | T: 0:54:52
| eval           | F: 350000 | S: 175000 | E: 350 | L: 1000 | R: 361.6764 | T: 0:54:52
| train          | F: 351000 | S: 175500 | E: 351 | L: 1000 | R: 352.9633 | BS: 175500 | FPS: 40.4651 | T: 0:55:17
| train          | F: 352000 | S: 176000 | E: 352 | L: 1000 | R: 353.3706 | BS: 176000 | FPS: 128.0954 | T: 0:55:25
| train          | F: 353000 | S: 176500 | E: 353 | L: 1000 | R: 393.2794 | BS: 176500 | FPS: 133.5775 | T: 0:55:32
| train          | F: 354000 | S: 177000 | E: 354 | L: 1000 | R: 357.8575 | BS: 177000 | FPS: 129.5957 | T: 0:55:40
| train          | F: 355000 | S: 177500 | E: 355 | L: 1000 | R: 344.9297 | BS: 177500 | FPS: 134.1789 | T: 0:55:48
| train          | F: 356000 | S: 178000 | E: 356 | L: 1000 | R: 350.7920 | BS: 178000 | FPS: 133.8075 | T: 0:55:55
| train          | F: 357000 | S: 178500 | E: 357 | L: 1000 | R: 338.1923 | BS: 178500 | FPS: 133.0228 | T: 0:56:03
| train          | F: 358000 | S: 179000 | E: 358 | L: 1000 | R: 208.3447 | BS: 179000 | FPS: 129.5984 | T: 0:56:10
| train          | F: 359000 | S: 179500 | E: 359 | L: 1000 | R: 341.4106 | BS: 179500 | FPS: 127.3577 | T: 0:56:18
| train          | F: 360000 | S: 180000 | E: 360 | L: 1000 | R: 344.1888 | BS: 180000 | FPS: 131.8138 | T: 0:56:26
| eval           | F: 360000 | S: 180000 | E: 360 | L: 1000 | R: 383.6955 | T: 0:56:26
| train          | F: 361000 | S: 180500 | E: 361 | L: 1000 | R: 307.6168 | BS: 180500 | FPS: 37.2231 | T: 0:56:53
| train          | F: 362000 | S: 181000 | E: 362 | L: 1000 | R: 360.5700 | BS: 181000 | FPS: 136.4573 | T: 0:57:00
| train          | F: 363000 | S: 181500 | E: 363 | L: 1000 | R: 431.8291 | BS: 181500 | FPS: 131.5150 | T: 0:57:08
| train          | F: 364000 | S: 182000 | E: 364 | L: 1000 | R: 389.3064 | BS: 182000 | FPS: 135.3143 | T: 0:57:15
| train          | F: 365000 | S: 182500 | E: 365 | L: 1000 | R: 396.2799 | BS: 182500 | FPS: 132.8760 | T: 0:57:23
| train          | F: 366000 | S: 183000 | E: 366 | L: 1000 | R: 373.3087 | BS: 183000 | FPS: 135.1784 | T: 0:57:30
| train          | F: 367000 | S: 183500 | E: 367 | L: 1000 | R: 369.5080 | BS: 183500 | FPS: 134.3127 | T: 0:57:37
| train          | F: 368000 | S: 184000 | E: 368 | L: 1000 | R: 338.9007 | BS: 184000 | FPS: 134.8787 | T: 0:57:45
| train          | F: 369000 | S: 184500 | E: 369 | L: 1000 | R: 326.5253 | BS: 184500 | FPS: 133.3324 | T: 0:57:52
| train          | F: 370000 | S: 185000 | E: 370 | L: 1000 | R: 353.5438 | BS: 185000 | FPS: 131.0124 | T: 0:58:00
| eval           | F: 370000 | S: 185000 | E: 370 | L: 1000 | R: 382.9699 | T: 0:58:00
| train          | F: 371000 | S: 185500 | E: 371 | L: 1000 | R: 377.8562 | BS: 185500 | FPS: 36.5510 | T: 0:58:27
| train          | F: 372000 | S: 186000 | E: 372 | L: 1000 | R: 383.1459 | BS: 186000 | FPS: 127.8223 | T: 0:58:35
| train          | F: 373000 | S: 186500 | E: 373 | L: 1000 | R: 403.7581 | BS: 186500 | FPS: 125.2135 | T: 0:58:43
| train          | F: 374000 | S: 187000 | E: 374 | L: 1000 | R: 386.1877 | BS: 187000 | FPS: 128.9128 | T: 0:58:51
| train          | F: 375000 | S: 187500 | E: 375 | L: 1000 | R: 415.5465 | BS: 187500 | FPS: 125.5313 | T: 0:58:59
| train          | F: 376000 | S: 188000 | E: 376 | L: 1000 | R: 357.0858 | BS: 188000 | FPS: 125.9376 | T: 0:59:07
| train          | F: 377000 | S: 188500 | E: 377 | L: 1000 | R: 389.4243 | BS: 188500 | FPS: 126.6489 | T: 0:59:15
| train          | F: 378000 | S: 189000 | E: 378 | L: 1000 | R: 404.6784 | BS: 189000 | FPS: 126.4698 | T: 0:59:23
| train          | F: 379000 | S: 189500 | E: 379 | L: 1000 | R: 446.8077 | BS: 189500 | FPS: 122.6669 | T: 0:59:31
| train          | F: 380000 | S: 190000 | E: 380 | L: 1000 | R: 327.4654 | BS: 190000 | FPS: 128.8550 | T: 0:59:38
| eval           | F: 380000 | S: 190000 | E: 380 | L: 1000 | R: 347.6147 | T: 0:59:38
| train          | F: 381000 | S: 190500 | E: 381 | L: 1000 | R: 363.9657 | BS: 190500 | FPS: 36.6963 | T: 1:00:06
| train          | F: 382000 | S: 191000 | E: 382 | L: 1000 | R: 360.2029 | BS: 191000 | FPS: 134.7060 | T: 1:00:13
| train          | F: 383000 | S: 191500 | E: 383 | L: 1000 | R: 387.4907 | BS: 191500 | FPS: 130.8146 | T: 1:00:21
| train          | F: 384000 | S: 192000 | E: 384 | L: 1000 | R: 327.6935 | BS: 192000 | FPS: 125.8246 | T: 1:00:29
| train          | F: 385000 | S: 192500 | E: 385 | L: 1000 | R: 371.6460 | BS: 192500 | FPS: 131.2809 | T: 1:00:36
| train          | F: 386000 | S: 193000 | E: 386 | L: 1000 | R: 358.5902 | BS: 193000 | FPS: 132.9824 | T: 1:00:44
| train          | F: 387000 | S: 193500 | E: 387 | L: 1000 | R: 401.7134 | BS: 193500 | FPS: 124.1298 | T: 1:00:52
| train          | F: 388000 | S: 194000 | E: 388 | L: 1000 | R: 347.0632 | BS: 194000 | FPS: 121.4444 | T: 1:01:00
| train          | F: 389000 | S: 194500 | E: 389 | L: 1000 | R: 396.3484 | BS: 194500 | FPS: 123.1922 | T: 1:01:08
| train          | F: 390000 | S: 195000 | E: 390 | L: 1000 | R: 299.9958 | BS: 195000 | FPS: 122.7807 | T: 1:01:16
| eval           | F: 390000 | S: 195000 | E: 390 | L: 1000 | R: 332.6562 | T: 1:01:16
| train          | F: 391000 | S: 195500 | E: 391 | L: 1000 | R: 170.5016 | BS: 195500 | FPS: 36.9756 | T: 1:01:43
| train          | F: 392000 | S: 196000 | E: 392 | L: 1000 | R: 393.5370 | BS: 196000 | FPS: 128.9509 | T: 1:01:51
| train          | F: 393000 | S: 196500 | E: 393 | L: 1000 | R: 431.8552 | BS: 196500 | FPS: 126.8908 | T: 1:01:59
| train          | F: 394000 | S: 197000 | E: 394 | L: 1000 | R: 277.9391 | BS: 197000 | FPS: 129.0173 | T: 1:02:07
| train          | F: 395000 | S: 197500 | E: 395 | L: 1000 | R: 319.2753 | BS: 197500 | FPS: 131.4754 | T: 1:02:14
| train          | F: 396000 | S: 198000 | E: 396 | L: 1000 | R: 374.8773 | BS: 198000 | FPS: 128.9528 | T: 1:02:22
| train          | F: 397000 | S: 198500 | E: 397 | L: 1000 | R: 50.6037 | BS: 198500 | FPS: 129.0246 | T: 1:02:30
| train          | F: 398000 | S: 199000 | E: 398 | L: 1000 | R: 358.2475 | BS: 199000 | FPS: 126.8644 | T: 1:02:38
| train          | F: 399000 | S: 199500 | E: 399 | L: 1000 | R: 46.2783 | BS: 199500 | FPS: 124.5855 | T: 1:02:46
| train          | F: 400000 | S: 200000 | E: 400 | L: 1000 | R: 260.3227 | BS: 200000 | FPS: 132.1750 | T: 1:02:53
| eval           | F: 400000 | S: 200000 | E: 400 | L: 1000 | R: 342.6889 | T: 1:02:53
| train          | F: 401000 | S: 200500 | E: 401 | L: 1000 | R: 259.8167 | BS: 200500 | FPS: 41.7168 | T: 1:03:17
| train          | F: 402000 | S: 201000 | E: 402 | L: 1000 | R: 413.7668 | BS: 201000 | FPS: 131.6105 | T: 1:03:25
| train          | F: 403000 | S: 201500 | E: 403 | L: 1000 | R: 370.2386 | BS: 201500 | FPS: 124.5244 | T: 1:03:33
| train          | F: 404000 | S: 202000 | E: 404 | L: 1000 | R: 293.6400 | BS: 202000 | FPS: 128.4469 | T: 1:03:41
| train          | F: 405000 | S: 202500 | E: 405 | L: 1000 | R: 381.2927 | BS: 202500 | FPS: 129.6643 | T: 1:03:49
| train          | F: 406000 | S: 203000 | E: 406 | L: 1000 | R: 326.0904 | BS: 203000 | FPS: 134.3993 | T: 1:03:56
| train          | F: 407000 | S: 203500 | E: 407 | L: 1000 | R: 350.1782 | BS: 203500 | FPS: 133.4734 | T: 1:04:03
| train          | F: 408000 | S: 204000 | E: 408 | L: 1000 | R: 344.9911 | BS: 204000 | FPS: 128.0555 | T: 1:04:11
| train          | F: 409000 | S: 204500 | E: 409 | L: 1000 | R: 345.7732 | BS: 204500 | FPS: 123.0287 | T: 1:04:19
| train          | F: 410000 | S: 205000 | E: 410 | L: 1000 | R: 257.4796 | BS: 205000 | FPS: 121.8447 | T: 1:04:28
| eval           | F: 410000 | S: 205000 | E: 410 | L: 1000 | R: 382.0807 | T: 1:04:28
| train          | F: 411000 | S: 205500 | E: 411 | L: 1000 | R: 416.8831 | BS: 205500 | FPS: 41.0105 | T: 1:04:52
| train          | F: 412000 | S: 206000 | E: 412 | L: 1000 | R: 219.7009 | BS: 206000 | FPS: 136.5788 | T: 1:04:59
| train          | F: 413000 | S: 206500 | E: 413 | L: 1000 | R: 401.1205 | BS: 206500 | FPS: 136.0947 | T: 1:05:07
| train          | F: 414000 | S: 207000 | E: 414 | L: 1000 | R: 437.6500 | BS: 207000 | FPS: 134.3467 | T: 1:05:14
| train          | F: 415000 | S: 207500 | E: 415 | L: 1000 | R: 338.1738 | BS: 207500 | FPS: 132.7062 | T: 1:05:22
| train          | F: 416000 | S: 208000 | E: 416 | L: 1000 | R: 339.8092 | BS: 208000 | FPS: 134.7013 | T: 1:05:29
| train          | F: 417000 | S: 208500 | E: 417 | L: 1000 | R: 431.1602 | BS: 208500 | FPS: 131.0952 | T: 1:05:37
| train          | F: 418000 | S: 209000 | E: 418 | L: 1000 | R: 414.9180 | BS: 209000 | FPS: 133.7779 | T: 1:05:44
| train          | F: 419000 | S: 209500 | E: 419 | L: 1000 | R: 407.4177 | BS: 209500 | FPS: 132.8152 | T: 1:05:52
| train          | F: 420000 | S: 210000 | E: 420 | L: 1000 | R: 419.7521 | BS: 210000 | FPS: 127.7961 | T: 1:06:00
| eval           | F: 420000 | S: 210000 | E: 420 | L: 1000 | R: 439.1556 | T: 1:06:00
| train          | F: 421000 | S: 210500 | E: 421 | L: 1000 | R: 365.6435 | BS: 210500 | FPS: 41.1758 | T: 1:06:24
| train          | F: 422000 | S: 211000 | E: 422 | L: 1000 | R: 331.8515 | BS: 211000 | FPS: 137.5280 | T: 1:06:31
| train          | F: 423000 | S: 211500 | E: 423 | L: 1000 | R: 434.2048 | BS: 211500 | FPS: 135.4746 | T: 1:06:38
| train          | F: 424000 | S: 212000 | E: 424 | L: 1000 | R: 414.6191 | BS: 212000 | FPS: 133.7581 | T: 1:06:46
| train          | F: 425000 | S: 212500 | E: 425 | L: 1000 | R: 366.5660 | BS: 212500 | FPS: 133.2815 | T: 1:06:53
| train          | F: 426000 | S: 213000 | E: 426 | L: 1000 | R: 437.3947 | BS: 213000 | FPS: 133.8266 | T: 1:07:01
| train          | F: 427000 | S: 213500 | E: 427 | L: 1000 | R: 383.1540 | BS: 213500 | FPS: 130.0446 | T: 1:07:09
| train          | F: 428000 | S: 214000 | E: 428 | L: 1000 | R: 262.1945 | BS: 214000 | FPS: 126.8359 | T: 1:07:16
| train          | F: 429000 | S: 214500 | E: 429 | L: 1000 | R: 415.3767 | BS: 214500 | FPS: 120.6914 | T: 1:07:25
| train          | F: 430000 | S: 215000 | E: 430 | L: 1000 | R: 428.9461 | BS: 215000 | FPS: 122.2180 | T: 1:07:33
| eval           | F: 430000 | S: 215000 | E: 430 | L: 1000 | R: 417.8694 | T: 1:07:33
| train          | F: 431000 | S: 215500 | E: 431 | L: 1000 | R: 402.5728 | BS: 215500 | FPS: 40.7345 | T: 1:07:57
| train          | F: 432000 | S: 216000 | E: 432 | L: 1000 | R: 360.5708 | BS: 216000 | FPS: 136.0340 | T: 1:08:05
| train          | F: 433000 | S: 216500 | E: 433 | L: 1000 | R: 429.7863 | BS: 216500 | FPS: 134.1885 | T: 1:08:12
| train          | F: 434000 | S: 217000 | E: 434 | L: 1000 | R: 451.1482 | BS: 217000 | FPS: 135.5956 | T: 1:08:20
| train          | F: 435000 | S: 217500 | E: 435 | L: 1000 | R: 408.3030 | BS: 217500 | FPS: 134.9011 | T: 1:08:27
| train          | F: 436000 | S: 218000 | E: 436 | L: 1000 | R: 309.0258 | BS: 218000 | FPS: 131.9464 | T: 1:08:35
| train          | F: 437000 | S: 218500 | E: 437 | L: 1000 | R: 406.9070 | BS: 218500 | FPS: 128.0942 | T: 1:08:42
| train          | F: 438000 | S: 219000 | E: 438 | L: 1000 | R: 440.2986 | BS: 219000 | FPS: 131.3514 | T: 1:08:50
| train          | F: 439000 | S: 219500 | E: 439 | L: 1000 | R: 417.1882 | BS: 219500 | FPS: 129.4448 | T: 1:08:58
| train          | F: 440000 | S: 220000 | E: 440 | L: 1000 | R: 383.6221 | BS: 220000 | FPS: 129.1996 | T: 1:09:06
| eval           | F: 440000 | S: 220000 | E: 440 | L: 1000 | R: 469.2355 | T: 1:09:06
| train          | F: 441000 | S: 220500 | E: 441 | L: 1000 | R: 407.0613 | BS: 220500 | FPS: 37.5163 | T: 1:09:32
| train          | F: 442000 | S: 221000 | E: 442 | L: 1000 | R: 484.3054 | BS: 221000 | FPS: 126.9159 | T: 1:09:40
| train          | F: 443000 | S: 221500 | E: 443 | L: 1000 | R: 430.5118 | BS: 221500 | FPS: 130.3574 | T: 1:09:48
| train          | F: 444000 | S: 222000 | E: 444 | L: 1000 | R: 385.1877 | BS: 222000 | FPS: 129.1035 | T: 1:09:56
| train          | F: 445000 | S: 222500 | E: 445 | L: 1000 | R: 279.0058 | BS: 222500 | FPS: 134.6107 | T: 1:10:03
| train          | F: 446000 | S: 223000 | E: 446 | L: 1000 | R: 424.3394 | BS: 223000 | FPS: 125.9890 | T: 1:10:11
| train          | F: 447000 | S: 223500 | E: 447 | L: 1000 | R: 387.7712 | BS: 223500 | FPS: 131.6368 | T: 1:10:18
| train          | F: 448000 | S: 224000 | E: 448 | L: 1000 | R: 443.6510 | BS: 224000 | FPS: 132.6697 | T: 1:10:26
| train          | F: 449000 | S: 224500 | E: 449 | L: 1000 | R: 488.0109 | BS: 224500 | FPS: 126.2111 | T: 1:10:34
| train          | F: 450000 | S: 225000 | E: 450 | L: 1000 | R: 418.1754 | BS: 225000 | FPS: 123.9076 | T: 1:10:42
| eval           | F: 450000 | S: 225000 | E: 450 | L: 1000 | R: 410.4963 | T: 1:10:42
| train          | F: 451000 | S: 225500 | E: 451 | L: 1000 | R: 476.0098 | BS: 225500 | FPS: 41.5096 | T: 1:11:06
| train          | F: 452000 | S: 226000 | E: 452 | L: 1000 | R: 321.3196 | BS: 226000 | FPS: 134.1677 | T: 1:11:14
| train          | F: 453000 | S: 226500 | E: 453 | L: 1000 | R: 416.6602 | BS: 226500 | FPS: 129.7474 | T: 1:11:21
| train          | F: 454000 | S: 227000 | E: 454 | L: 1000 | R: 410.1146 | BS: 227000 | FPS: 126.4018 | T: 1:11:29
| train          | F: 455000 | S: 227500 | E: 455 | L: 1000 | R: 474.7266 | BS: 227500 | FPS: 123.2410 | T: 1:11:37
| train          | F: 456000 | S: 228000 | E: 456 | L: 1000 | R: 367.7050 | BS: 228000 | FPS: 123.3691 | T: 1:11:45
| train          | F: 457000 | S: 228500 | E: 457 | L: 1000 | R: 418.5954 | BS: 228500 | FPS: 121.6583 | T: 1:11:54
| train          | F: 458000 | S: 229000 | E: 458 | L: 1000 | R: 393.1455 | BS: 229000 | FPS: 122.3331 | T: 1:12:02
| train          | F: 459000 | S: 229500 | E: 459 | L: 1000 | R: 419.9073 | BS: 229500 | FPS: 125.6971 | T: 1:12:10
| train          | F: 460000 | S: 230000 | E: 460 | L: 1000 | R: 440.7887 | BS: 230000 | FPS: 124.2826 | T: 1:12:18
| eval           | F: 460000 | S: 230000 | E: 460 | L: 1000 | R: 480.5733 | T: 1:12:18
| train          | F: 461000 | S: 230500 | E: 461 | L: 1000 | R: 338.2234 | BS: 230500 | FPS: 40.8761 | T: 1:12:42
| train          | F: 462000 | S: 231000 | E: 462 | L: 1000 | R: 499.3175 | BS: 231000 | FPS: 136.2156 | T: 1:12:50
| train          | F: 463000 | S: 231500 | E: 463 | L: 1000 | R: 441.5904 | BS: 231500 | FPS: 135.5903 | T: 1:12:57
| train          | F: 464000 | S: 232000 | E: 464 | L: 1000 | R: 471.6903 | BS: 232000 | FPS: 134.9677 | T: 1:13:04
| train          | F: 465000 | S: 232500 | E: 465 | L: 1000 | R: 406.4582 | BS: 232500 | FPS: 134.5712 | T: 1:13:12
| train          | F: 466000 | S: 233000 | E: 466 | L: 1000 | R: 488.3310 | BS: 233000 | FPS: 127.2589 | T: 1:13:20
| train          | F: 467000 | S: 233500 | E: 467 | L: 1000 | R: 410.7460 | BS: 233500 | FPS: 129.9098 | T: 1:13:27
| train          | F: 468000 | S: 234000 | E: 468 | L: 1000 | R: 557.2354 | BS: 234000 | FPS: 123.7355 | T: 1:13:35
| train          | F: 469000 | S: 234500 | E: 469 | L: 1000 | R: 491.9046 | BS: 234500 | FPS: 120.4189 | T: 1:13:44
| train          | F: 470000 | S: 235000 | E: 470 | L: 1000 | R: 447.1081 | BS: 235000 | FPS: 122.4856 | T: 1:13:52
| eval           | F: 470000 | S: 235000 | E: 470 | L: 1000 | R: 462.8335 | T: 1:13:52
| train          | F: 471000 | S: 235500 | E: 471 | L: 1000 | R: 505.3948 | BS: 235500 | FPS: 36.8702 | T: 1:14:19
| train          | F: 472000 | S: 236000 | E: 472 | L: 1000 | R: 423.7874 | BS: 236000 | FPS: 128.3780 | T: 1:14:27
| train          | F: 473000 | S: 236500 | E: 473 | L: 1000 | R: 488.9361 | BS: 236500 | FPS: 128.2204 | T: 1:14:35
| train          | F: 474000 | S: 237000 | E: 474 | L: 1000 | R: 406.5526 | BS: 237000 | FPS: 125.4910 | T: 1:14:43
| train          | F: 475000 | S: 237500 | E: 475 | L: 1000 | R: 484.9511 | BS: 237500 | FPS: 125.7132 | T: 1:14:51
| train          | F: 476000 | S: 238000 | E: 476 | L: 1000 | R: 449.1387 | BS: 238000 | FPS: 129.3659 | T: 1:14:58
| train          | F: 477000 | S: 238500 | E: 477 | L: 1000 | R: 441.0386 | BS: 238500 | FPS: 134.3435 | T: 1:15:06
| train          | F: 478000 | S: 239000 | E: 478 | L: 1000 | R: 334.3238 | BS: 239000 | FPS: 133.3275 | T: 1:15:13
| train          | F: 479000 | S: 239500 | E: 479 | L: 1000 | R: 499.4172 | BS: 239500 | FPS: 133.6169 | T: 1:15:21
| train          | F: 480000 | S: 240000 | E: 480 | L: 1000 | R: 509.7925 | BS: 240000 | FPS: 128.3273 | T: 1:15:28
| eval           | F: 480000 | S: 240000 | E: 480 | L: 1000 | R: 414.4773 | T: 1:15:28
| train          | F: 481000 | S: 240500 | E: 481 | L: 1000 | R: 466.4725 | BS: 240500 | FPS: 36.4054 | T: 1:15:56
| train          | F: 482000 | S: 241000 | E: 482 | L: 1000 | R: 504.9302 | BS: 241000 | FPS: 124.1201 | T: 1:16:04
| train          | F: 483000 | S: 241500 | E: 483 | L: 1000 | R: 487.3789 | BS: 241500 | FPS: 124.2950 | T: 1:16:12
| train          | F: 484000 | S: 242000 | E: 484 | L: 1000 | R: 375.5907 | BS: 242000 | FPS: 129.8292 | T: 1:16:20
| train          | F: 485000 | S: 242500 | E: 485 | L: 1000 | R: 538.3332 | BS: 242500 | FPS: 132.9465 | T: 1:16:27
| train          | F: 486000 | S: 243000 | E: 486 | L: 1000 | R: 511.3531 | BS: 243000 | FPS: 129.3324 | T: 1:16:35
| train          | F: 487000 | S: 243500 | E: 487 | L: 1000 | R: 471.5546 | BS: 243500 | FPS: 122.4539 | T: 1:16:43
| train          | F: 488000 | S: 244000 | E: 488 | L: 1000 | R: 513.6614 | BS: 244000 | FPS: 126.6342 | T: 1:16:51
| train          | F: 489000 | S: 244500 | E: 489 | L: 1000 | R: 470.4946 | BS: 244500 | FPS: 127.6345 | T: 1:16:59
| train          | F: 490000 | S: 245000 | E: 490 | L: 1000 | R: 486.3796 | BS: 245000 | FPS: 132.3015 | T: 1:17:06
| eval           | F: 490000 | S: 245000 | E: 490 | L: 1000 | R: 471.8005 | T: 1:17:06
| train          | F: 491000 | S: 245500 | E: 491 | L: 1000 | R: 470.5068 | BS: 245500 | FPS: 41.3572 | T: 1:17:31
| train          | F: 492000 | S: 246000 | E: 492 | L: 1000 | R: 405.9041 | BS: 246000 | FPS: 136.3689 | T: 1:17:38
| train          | F: 493000 | S: 246500 | E: 493 | L: 1000 | R: 400.6186 | BS: 246500 | FPS: 129.7950 | T: 1:17:46
| train          | F: 494000 | S: 247000 | E: 494 | L: 1000 | R: 489.6133 | BS: 247000 | FPS: 126.8656 | T: 1:17:54
| train          | F: 495000 | S: 247500 | E: 495 | L: 1000 | R: 501.5589 | BS: 247500 | FPS: 135.4918 | T: 1:18:01
| train          | F: 496000 | S: 248000 | E: 496 | L: 1000 | R: 434.6840 | BS: 248000 | FPS: 130.3392 | T: 1:18:09
| train          | F: 497000 | S: 248500 | E: 497 | L: 1000 | R: 476.6692 | BS: 248500 | FPS: 125.0291 | T: 1:18:17
| train          | F: 498000 | S: 249000 | E: 498 | L: 1000 | R: 493.9199 | BS: 249000 | FPS: 134.0677 | T: 1:18:24
| train          | F: 499000 | S: 249500 | E: 499 | L: 1000 | R: 517.5330 | BS: 249500 | FPS: 132.5970 | T: 1:18:32
| train          | F: 500000 | S: 250000 | E: 500 | L: 1000 | R: 572.1687 | BS: 250000 | FPS: 127.8553 | T: 1:18:39
| eval           | F: 500000 | S: 250000 | E: 500 | L: 1000 | R: 456.6305 | T: 1:18:39
| train          | F: 501000 | S: 250500 | E: 501 | L: 1000 | R: 432.3652 | BS: 250500 | FPS: 40.7183 | T: 1:19:04
| train          | F: 502000 | S: 251000 | E: 502 | L: 1000 | R: 476.5010 | BS: 251000 | FPS: 136.1320 | T: 1:19:11
| train          | F: 503000 | S: 251500 | E: 503 | L: 1000 | R: 485.7691 | BS: 251500 | FPS: 136.1721 | T: 1:19:19
| train          | F: 504000 | S: 252000 | E: 504 | L: 1000 | R: 479.9734 | BS: 252000 | FPS: 124.3264 | T: 1:19:27
| train          | F: 505000 | S: 252500 | E: 505 | L: 1000 | R: 409.7649 | BS: 252500 | FPS: 123.4883 | T: 1:19:35
| train          | F: 506000 | S: 253000 | E: 506 | L: 1000 | R: 518.8896 | BS: 253000 | FPS: 121.1911 | T: 1:19:43
| train          | F: 507000 | S: 253500 | E: 507 | L: 1000 | R: 470.7826 | BS: 253500 | FPS: 121.8905 | T: 1:19:51
| train          | F: 508000 | S: 254000 | E: 508 | L: 1000 | R: 552.9176 | BS: 254000 | FPS: 122.9819 | T: 1:19:59
| train          | F: 509000 | S: 254500 | E: 509 | L: 1000 | R: 427.0888 | BS: 254500 | FPS: 129.5019 | T: 1:20:07
