Gym has been unmaintained since 2022 and does not support NumPy 2.0 amongst other critical functionality.
Please upgrade to Gymnasium, the maintained drop-in replacement of Gym, or contact the authors of your software and request that they upgrade.
Users of this version of Gym should be able to simply replace 'import gym' with 'import gymnasium as gym' in the vast majority of cases.
See the migration guide at https://gymnasium.farama.org/introduction/migration_guide/ for additional information.
/workspace/learn-si2e/SI2E/SI2E_A2C/rl-starter-files/rl-starter-files/scripts/train.py --algo a2c --env MiniGrid-DoorKey-8x8-v0 --model reproduce-se --frames 500000 --use_entropy_reward --use_batch --save-interval 10 --log-interval 100

Namespace(algo='a2c', env='MiniGrid-DoorKey-8x8-v0', model='reproduce-se', seed=1, log_interval=100, save_interval=10, procs=16, frames=500000, epochs=4, batch_size=256, frames_per_proc=None, discount=0.99, lr=0.001, gae_lambda=0.95, entropy_coef=0.01, value_loss_coef=0.5, max_grad_norm=0.5, optim_eps=1e-08, optim_alpha=0.99, clip_eps=0.2, recurrence=1, text=False, use_entropy_reward=True, use_value_condition=False, beta=1e-05, use_batch=True, mem=False)

Device: cuda:0

Environments loaded

Training status loaded

Observations preprocessor loaded
Model loaded

ACModel(
  (image_conv): Sequential(
    (0): Conv2d(3, 16, kernel_size=(2, 2), stride=(1, 1))
    (1): ReLU()
    (2): MaxPool2d(kernel_size=(2, 2), stride=(2, 2), padding=0, dilation=1, ceil_mode=False)
    (3): Conv2d(16, 32, kernel_size=(2, 2), stride=(1, 1))
    (4): ReLU()
    (5): Conv2d(32, 64, kernel_size=(2, 2), stride=(1, 1))
    (6): ReLU()
  )
  (actor): Sequential(
    (0): Linear(in_features=64, out_features=64, bias=True)
    (1): Tanh()
    (2): Linear(in_features=64, out_features=7, bias=True)
  )
  (critic): Sequential(
    (0): Linear(in_features=64, out_features=64, bias=True)
    (1): Tanh()
    (2): Linear(in_features=64, out_features=1, bias=True)
  )
  (extr_critic): Sequential(
    (0): Linear(in_features=64, out_features=64, bias=True)
    (1): Tanh()
    (2): Linear(in_features=64, out_features=1, bias=True)
  )
)

Optimizer loaded

Status saved
Status saved
Status saved
Status saved
Status saved
Status saved
Status saved
Status saved
Status saved
U 100 | F 012800 | FPS 2298 | D 5 | rR:μσmM 0.00 0.00 0.00 0.00 | F:μσmM 640.0 0.0 640.0 640.0 | H 1.944 | V -0.003 | pL 0.001 | vL 0.000 | ∇ 0.002
Status saved
Status saved
Status saved
Status saved
Status saved
Status saved
Status saved
Status saved
Status saved
Status saved
U 200 | F 025600 | FPS 2350 | D 11 | rR:μσmM 0.01 0.05 0.00 0.22 | F:μσmM 634.8 20.1 557.0 640.0 | H 1.945 | V 0.006 | pL -0.000 | vL 0.000 | ∇ 0.002
Status saved
Status saved
Status saved
Status saved
Status saved
Status saved
Status saved
Status saved
Status saved
Status saved
U 300 | F 038400 | FPS 2226 | D 16 | rR:μσmM 0.00 0.00 0.00 0.00 | F:μσmM 640.0 0.0 640.0 640.0 | H 1.946 | V 0.001 | pL -0.000 | vL 0.000 | ∇ 0.001
Status saved
Status saved
Status saved
Status saved
Status saved
Status saved
Status saved
Status saved
Status saved
Status saved
U 400 | F 051200 | FPS 2427 | D 22 | rR:μσmM 0.00 0.00 0.00 0.00 | F:μσmM 640.0 0.0 640.0 640.0 | H 1.946 | V -0.014 | pL 0.021 | vL 0.000 | ∇ 0.031
Status saved
Status saved
Status saved
Status saved
Status saved
Status saved
Status saved
Status saved
Status saved
Status saved
U 500 | F 064000 | FPS 2226 | D 27 | rR:μσmM 0.00 0.00 0.00 0.00 | F:μσmM 640.0 0.0 640.0 640.0 | H 1.946 | V 0.001 | pL 0.000 | vL 0.000 | ∇ 0.001
Status saved
Status saved
Status saved
Status saved
Status saved
Status saved
Status saved
Status saved
Status saved
Status saved
U 600 | F 076800 | FPS 2516 | D 32 | rR:μσmM 0.00 0.00 0.00 0.00 | F:μσmM 640.0 0.0 640.0 640.0 | H 1.946 | V -0.004 | pL 0.000 | vL 0.000 | ∇ 0.000
Status saved
Status saved
Status saved
Status saved
Status saved
Status saved
Status saved
Status saved
Status saved
Status saved
U 700 | F 089600 | FPS 2149 | D 38 | rR:μσmM 0.00 0.00 0.00 0.00 | F:μσmM 640.0 0.0 640.0 640.0 | H 1.946 | V 0.001 | pL 0.000 | vL 0.000 | ∇ 0.000
Status saved
Status saved
Status saved
Status saved
Status saved
Status saved
Status saved
Status saved
Status saved
Status saved
U 800 | F 102400 | FPS 2074 | D 43 | rR:μσmM 0.00 0.00 0.00 0.00 | F:μσmM 640.0 0.0 640.0 640.0 | H 1.946 | V -0.009 | pL 0.014 | vL 0.000 | ∇ 0.012
Status saved
Status saved
Status saved
Status saved
Status saved
Status saved
Status saved
Status saved
Status saved
Status saved
U 900 | F 115200 | FPS 2149 | D 49 | rR:μσmM 0.00 0.00 0.00 0.00 | F:μσmM 640.0 0.0 640.0 640.0 | H 1.946 | V -0.001 | pL 0.000 | vL 0.000 | ∇ 0.001
Status saved
Status saved
Status saved
Status saved
Status saved
Status saved
Status saved
Status saved
Status saved
Status saved
U 1000 | F 128000 | FPS 2191 | D 55 | rR:μσmM 0.04 0.15 0.00 0.63 | F:μσmM 616.6 90.8 265.0 640.0 | H 1.945 | V 0.005 | pL -0.001 | vL 0.000 | ∇ 0.001
Status saved
Status saved
Status saved
Status saved
Status saved
Status saved
Status saved
Status saved
Status saved
Status saved
U 1100 | F 140800 | FPS 2463 | D 60 | rR:μσmM 0.01 0.04 0.00 0.18 | F:μσmM 636.2 14.5 580.0 640.0 | H 1.946 | V 0.002 | pL -0.000 | vL 0.000 | ∇ 0.000
Status saved
Status saved
Status saved
Status saved
Status saved
Status saved
Status saved
Status saved
Status saved
Status saved
U 1200 | F 153600 | FPS 2483 | D 66 | rR:μσmM 0.00 0.00 0.00 0.00 | F:μσmM 640.0 0.0 640.0 640.0 | H 1.946 | V 0.001 | pL -0.001 | vL 0.000 | ∇ 0.001
Status saved
Status saved
Status saved
Status saved
Status saved
Status saved
Status saved
Status saved
Status saved
Status saved
U 1300 | F 166400 | FPS 2498 | D 71 | rR:μσmM 0.03 0.09 0.00 0.30 | F:μσmM 626.4 37.6 501.0 640.0 | H 1.946 | V 0.002 | pL 0.000 | vL 0.000 | ∇ 0.000
Status saved
Status saved
Status saved
Status saved
Status saved
Status saved
Status saved
Status saved
Status saved
Status saved
U 1400 | F 179200 | FPS 2144 | D 77 | rR:μσmM 0.00 0.00 0.00 0.00 | F:μσmM 640.0 0.0 640.0 640.0 | H 1.946 | V -0.001 | pL 0.000 | vL 0.000 | ∇ 0.000
Status saved
Status saved
Status saved
Status saved
Status saved
Status saved
Status saved
Status saved
Status saved
Status saved
U 1500 | F 192000 | FPS 2502 | D 82 | rR:μσmM 0.01 0.05 0.00 0.22 | F:μσmM 634.7 20.6 555.0 640.0 | H 1.946 | V 0.000 | pL -0.000 | vL 0.000 | ∇ 0.000
Status saved
Status saved
Status saved
Status saved
Status saved
Status saved
Status saved
Status saved
Status saved
Status saved
U 1600 | F 204800 | FPS 2425 | D 88 | rR:μσmM 0.00 0.00 0.00 0.00 | F:μσmM 640.0 0.0 640.0 640.0 | H 1.946 | V -0.000 | pL 0.000 | vL 0.000 | ∇ 0.001
Status saved
Status saved
Status saved
Status saved
Status saved
Status saved
Status saved
Status saved
Status saved
Status saved
U 1700 | F 217600 | FPS 2209 | D 93 | rR:μσmM 0.00 0.00 0.00 0.00 | F:μσmM 640.0 0.0 640.0 640.0 | H 1.946 | V 0.000 | pL 0.000 | vL 0.000 | ∇ 0.000
Status saved
Status saved
Status saved
Status saved
Status saved
Status saved
Status saved
Status saved
Status saved
Status saved
U 1800 | F 230400 | FPS 2150 | D 99 | rR:μσmM 0.00 0.00 0.00 0.00 | F:μσmM 640.0 0.0 640.0 640.0 | H 1.946 | V 0.000 | pL 0.000 | vL 0.000 | ∇ 0.000
Status saved
Status saved
Status saved
Status saved
Status saved
Status saved
Status saved
Status saved
Status saved
Status saved
U 1900 | F 243200 | FPS 2284 | D 104 | rR:μσmM 0.00 0.00 0.00 0.00 | F:μσmM 640.0 0.0 640.0 640.0 | H 1.946 | V 0.000 | pL -0.000 | vL 0.000 | ∇ 0.000
Status saved
Status saved
Status saved
Status saved
Status saved
Status saved
Status saved
Status saved
Status saved
Status saved
U 2000 | F 256000 | FPS 2142 | D 110 | rR:μσmM 0.00 0.00 0.00 0.00 | F:μσmM 640.0 0.0 640.0 640.0 | H 1.946 | V -0.001 | pL 0.001 | vL 0.000 | ∇ 0.003
Status saved
Status saved
Status saved
Status saved
Status saved
Status saved
Status saved
Status saved
Status saved
Status saved
U 2100 | F 268800 | FPS 2528 | D 116 | rR:μσmM 0.00 0.00 0.00 0.00 | F:μσmM 640.0 0.0 640.0 640.0 | H 1.946 | V -0.000 | pL 0.000 | vL 0.000 | ∇ 0.000
Status saved
Status saved
Status saved
Status saved
Status saved
Status saved
Status saved
Status saved
Status saved
Status saved
U 2200 | F 281600 | FPS 2120 | D 122 | rR:μσmM 0.00 0.00 0.00 0.00 | F:μσmM 640.0 0.0 640.0 640.0 | H 1.946 | V 0.000 | pL 0.000 | vL 0.000 | ∇ 0.000
Status saved
Status saved
Status saved
Status saved
Status saved
Status saved
Status saved
Status saved
Status saved
Status saved
U 2300 | F 294400 | FPS 2115 | D 127 | rR:μσmM 0.00 0.00 0.00 0.00 | F:μσmM 640.0 0.0 640.0 640.0 | H 1.946 | V 0.001 | pL 0.000 | vL 0.000 | ∇ 0.000
Status saved
Status saved
Status saved
Status saved
Status saved
Status saved
Status saved
Status saved
Status saved
Status saved
U 2400 | F 307200 | FPS 2483 | D 133 | rR:μσmM 0.00 0.00 0.00 0.00 | F:μσmM 640.0 0.0 640.0 640.0 | H 1.946 | V 0.000 | pL -0.000 | vL 0.000 | ∇ 0.000
Status saved
Status saved
Status saved
Status saved
Status saved
Status saved
Status saved
Status saved
Status saved
Status saved
U 2500 | F 320000 | FPS 2488 | D 138 | rR:μσmM 0.00 0.00 0.00 0.00 | F:μσmM 640.0 0.0 640.0 640.0 | H 1.946 | V -0.001 | pL 0.000 | vL 0.000 | ∇ 0.000
Status saved
Status saved
Status saved
Status saved
Status saved
Status saved
Status saved
Status saved
Status saved
Status saved
U 2600 | F 332800 | FPS 2530 | D 144 | rR:μσmM 0.00 0.00 0.00 0.00 | F:μσmM 640.0 0.0 640.0 640.0 | H 1.946 | V 0.000 | pL -0.000 | vL 0.000 | ∇ 0.000
Status saved
Status saved
Status saved
Status saved
Status saved
Status saved
Status saved
Status saved
Status saved
Status saved
U 2700 | F 345600 | FPS 2460 | D 149 | rR:μσmM 0.00 0.00 0.00 0.00 | F:μσmM 640.0 0.0 640.0 640.0 | H 1.946 | V 0.000 | pL -0.000 | vL 0.000 | ∇ 0.000
Status saved
Status saved
Status saved
Status saved
Status saved
Status saved
Status saved
Status saved
Status saved
Status saved
U 2800 | F 358400 | FPS 2308 | D 155 | rR:μσmM 0.04 0.14 0.00 0.56 | F:μσmM 619.4 79.9 310.0 640.0 | H 1.946 | V 0.001 | pL -0.001 | vL 0.000 | ∇ 0.001
Status saved
Status saved
Status saved
Status saved
Status saved
Status saved
Status saved
Status saved
Status saved
Status saved
U 2900 | F 371200 | FPS 2536 | D 160 | rR:μσmM 0.00 0.00 0.00 0.00 | F:μσmM 640.0 0.0 640.0 640.0 | H 1.946 | V -0.000 | pL -0.000 | vL 0.000 | ∇ 0.000
Status saved
Status saved
Status saved
Status saved
Status saved
Status saved
Status saved
Status saved
Status saved
Status saved
U 3000 | F 384000 | FPS 2458 | D 166 | rR:μσmM 0.00 0.00 0.00 0.00 | F:μσmM 640.0 0.0 640.0 640.0 | H 1.946 | V 0.001 | pL -0.000 | vL 0.000 | ∇ 0.000
Status saved
Status saved
Status saved
Status saved
Status saved
Status saved
Status saved
Status saved
Status saved
Status saved
U 3100 | F 396800 | FPS 2269 | D 171 | rR:μσmM 0.01 0.04 0.00 0.18 | F:μσmM 636.5 13.6 584.0 640.0 | H 1.946 | V 0.001 | pL 0.000 | vL 0.000 | ∇ 0.000
Status saved
Status saved
Status saved
Status saved
Status saved
Status saved
Status saved
Status saved
Status saved
Status saved
U 3200 | F 409600 | FPS 2418 | D 177 | rR:μσmM 0.00 0.00 0.00 0.00 | F:μσmM 640.0 0.0 640.0 640.0 | H 1.946 | V 0.001 | pL -0.001 | vL 0.000 | ∇ 0.001
Status saved
Status saved
Status saved
Status saved
Status saved
Status saved
Status saved
Status saved
Status saved
Status saved
U 3300 | F 422400 | FPS 2528 | D 182 | rR:μσmM 0.00 0.00 0.00 0.00 | F:μσmM 640.0 0.0 640.0 640.0 | H 1.946 | V -0.001 | pL 0.000 | vL 0.000 | ∇ 0.000
Status saved
Status saved
Status saved
Status saved
Status saved
Status saved
Status saved
Status saved
Status saved
Status saved
U 3400 | F 435200 | FPS 2111 | D 188 | rR:μσmM 0.00 0.00 0.00 0.00 | F:μσmM 640.0 0.0 640.0 640.0 | H 1.946 | V 0.001 | pL -0.000 | vL 0.000 | ∇ 0.000
Status saved
Status saved
Status saved
Status saved
Status saved
Status saved
Status saved
Status saved
Status saved
Status saved
U 3500 | F 448000 | FPS 2308 | D 194 | rR:μσmM 0.00 0.00 0.00 0.00 | F:μσmM 640.0 0.0 640.0 640.0 | H 1.946 | V 0.000 | pL -0.000 | vL 0.000 | ∇ 0.000
Status saved
Status saved
Status saved
Status saved
Status saved
Status saved
Status saved
Status saved
Status saved
Status saved
U 3600 | F 460800 | FPS 2449 | D 200 | rR:μσmM 0.00 0.00 0.00 0.00 | F:μσmM 640.0 0.0 640.0 640.0 | H 1.946 | V 0.000 | pL -0.000 | vL 0.000 | ∇ 0.000
Status saved
Status saved
Status saved
Status saved
Status saved
Status saved
Status saved
Status saved
Status saved
Status saved
U 3700 | F 473600 | FPS 2466 | D 205 | rR:μσmM 0.00 0.00 0.00 0.00 | F:μσmM 640.0 0.0 640.0 640.0 | H 1.946 | V 0.000 | pL -0.000 | vL 0.000 | ∇ 0.000
Status saved
Status saved
Status saved
Status saved
Status saved
Status saved
Status saved
Status saved
Status saved
Status saved
U 3800 | F 486400 | FPS 2498 | D 211 | rR:μσmM 0.00 0.00 0.00 0.00 | F:μσmM 640.0 0.0 640.0 640.0 | H 1.946 | V 0.004 | pL -0.000 | vL 0.000 | ∇ 0.000
Status saved
Status saved
Status saved
Status saved
Status saved
Status saved
Status saved
Status saved
Status saved
Status saved
U 3900 | F 499200 | FPS 2145 | D 216 | rR:μσmM 0.04 0.14 0.00 0.58 | F:μσmM 618.7 82.5 299.0 640.0 | H 1.946 | V 0.002 | pL 0.000 | vL 0.000 | ∇ 0.000
Status saved
