Gym has been unmaintained since 2022 and does not support NumPy 2.0 amongst other critical functionality.
Please upgrade to Gymnasium, the maintained drop-in replacement of Gym, or contact the authors of your software and request that they upgrade.
Users of this version of Gym should be able to simply replace 'import gym' with 'import gymnasium as gym' in the vast majority of cases.
See the migration guide at https://gymnasium.farama.org/introduction/migration_guide/ for additional information.
/workspace/learn-si2e/base-vcse/VCSE_A2C/rl-starter-files/rl-starter-files/scripts/train.py --algo a2c --env MiniGrid-DoorKey-16x16-v0 --model dk16-vcse-s2 --frames 3000000 --use_batch --save-interval 100 --log-interval 500 --seed 2 --use_entropy_reward --use_value_condition --beta 0.005

Namespace(algo='a2c', env='MiniGrid-DoorKey-16x16-v0', model='dk16-vcse-s2', seed=2, log_interval=500, save_interval=100, procs=16, frames=3000000, epochs=4, batch_size=256, frames_per_proc=None, discount=0.99, lr=0.001, gae_lambda=0.95, entropy_coef=0.01, value_loss_coef=0.5, max_grad_norm=0.5, optim_eps=1e-08, optim_alpha=0.99, clip_eps=0.2, recurrence=1, text=False, use_entropy_reward=True, use_value_condition=True, beta=0.005, use_batch=True, mem=False)

Device: cuda

Environments loaded

Training status loaded

Observations preprocessor loaded
Model loaded

ACModel(
  (image_conv): Sequential(
    (0): Conv2d(3, 16, kernel_size=(2, 2), stride=(1, 1))
    (1): ReLU()
    (2): MaxPool2d(kernel_size=(2, 2), stride=(2, 2), padding=0, dilation=1, ceil_mode=False)
    (3): Conv2d(16, 32, kernel_size=(2, 2), stride=(1, 1))
    (4): ReLU()
    (5): Conv2d(32, 64, kernel_size=(2, 2), stride=(1, 1))
    (6): ReLU()
  )
  (actor): Sequential(
    (0): Linear(in_features=64, out_features=64, bias=True)
    (1): Tanh()
    (2): Linear(in_features=64, out_features=7, bias=True)
  )
  (critic): Sequential(
    (0): Linear(in_features=64, out_features=64, bias=True)
    (1): Tanh()
    (2): Linear(in_features=64, out_features=1, bias=True)
  )
  (extr_critic): Sequential(
    (0): Linear(in_features=64, out_features=64, bias=True)
    (1): Tanh()
    (2): Linear(in_features=64, out_features=1, bias=True)
  )
)

Optimizer loaded

Status saved
Status saved
Status saved
Status saved
U 500 | F 064000 | FPS 1362 | D 47 | rR:μσmM 0.00 0.00 0.00 0.00 | F:μσmM 2560.0 0.0 2560.0 2560.0 | H 1.776 | V -0.532 | pL 0.002 | vL 0.001 | ∇ 0.012
Status saved
Status saved
Status saved
Status saved
Status saved
U 1000 | F 128000 | FPS 1396 | D 93 | rR:μσmM 0.00 0.00 0.00 0.00 | F:μσmM 2560.0 0.0 2560.0 2560.0 | H 1.806 | V -0.509 | pL -0.018 | vL 0.001 | ∇ 0.017
Status saved
Status saved
Status saved
Status saved
Status saved
U 1500 | F 192000 | FPS 1479 | D 140 | rR:μσmM 0.00 0.00 0.00 0.00 | F:μσmM 2560.0 0.0 2560.0 2560.0 | H 1.798 | V -0.421 | pL 0.015 | vL 0.000 | ∇ 0.016
Status saved
Status saved
Status saved
Status saved
Status saved
U 2000 | F 256000 | FPS 1389 | D 186 | rR:μσmM 0.00 0.00 0.00 0.00 | F:μσmM 2560.0 0.0 2560.0 2560.0 | H 1.773 | V -0.431 | pL -0.019 | vL 0.001 | ∇ 0.019
Status saved
Status saved
Status saved
Status saved
Status saved
U 2500 | F 320000 | FPS 1320 | D 233 | rR:μσmM 0.01 0.04 0.00 0.18 | F:μσmM 2545.5 56.2 2328.0 2560.0 | H 1.759 | V -0.453 | pL 0.005 | vL 0.001 | ∇ 0.011
Status saved
Status saved
Status saved
Status saved
Status saved
U 3000 | F 384000 | FPS 1046 | D 280 | rR:μσmM 0.09 0.25 0.00 0.76 | F:μσmM 2328.2 613.4 677.0 2560.0 | H 1.833 | V -0.399 | pL -0.005 | vL 0.001 | ∇ 0.011
Status saved
Status saved
Status saved
Status saved
Status saved
U 3500 | F 448000 | FPS 1425 | D 327 | rR:μσmM 0.00 0.00 0.00 0.00 | F:μσmM 2560.0 0.0 2560.0 2560.0 | H 1.745 | V -0.452 | pL -0.009 | vL 0.001 | ∇ 0.011
Status saved
Status saved
Status saved
Status saved
Status saved
U 4000 | F 512000 | FPS 1313 | D 375 | rR:μσmM 0.03 0.12 0.00 0.48 | F:μσmM 2491.6 265.1 1465.0 2560.0 | H 1.746 | V -0.464 | pL -0.007 | vL 0.001 | ∇ 0.010
Status saved
Status saved
Status saved
Status saved
Status saved
U 4500 | F 576000 | FPS 1475 | D 423 | rR:μσmM 0.00 0.00 0.00 0.00 | F:μσmM 2560.0 0.0 2560.0 2560.0 | H 1.790 | V -0.379 | pL -0.016 | vL 0.001 | ∇ 0.014
Status saved
Status saved
Status saved
Status saved
Status saved
U 5000 | F 640000 | FPS 1419 | D 470 | rR:μσmM 0.00 0.00 0.00 0.00 | F:μσmM 2560.0 0.0 2560.0 2560.0 | H 1.760 | V -0.423 | pL 0.002 | vL 0.001 | ∇ 0.014
Status saved
Status saved
Status saved
Status saved
Status saved
U 5500 | F 704000 | FPS 1506 | D 516 | rR:μσmM 0.04 0.17 0.00 0.70 | F:μσmM 2453.2 413.4 852.0 2560.0 | H 1.756 | V -0.442 | pL 0.001 | vL 0.001 | ∇ 0.012
Status saved
Status saved
Status saved
Status saved
Status saved
U 6000 | F 768000 | FPS 1366 | D 563 | rR:μσmM 0.04 0.17 0.00 0.70 | F:μσmM 2452.8 415.1 845.0 2560.0 | H 1.774 | V -0.426 | pL 0.010 | vL 0.001 | ∇ 0.014
Status saved
Status saved
Status saved
Status saved
Status saved
U 6500 | F 832000 | FPS 1382 | D 610 | rR:μσmM 0.00 0.00 0.00 0.00 | F:μσmM 2560.0 0.0 2560.0 2560.0 | H 1.737 | V -0.406 | pL -0.010 | vL 0.001 | ∇ 0.011
Status saved
Status saved
Status saved
Status saved
Status saved
U 7000 | F 896000 | FPS 1474 | D 657 | rR:μσmM 0.00 0.00 0.00 0.00 | F:μσmM 2560.0 0.0 2560.0 2560.0 | H 1.792 | V -0.520 | pL -0.002 | vL 0.001 | ∇ 0.016
Status saved
Status saved
Status saved
Status saved
Status saved
U 7500 | F 960000 | FPS 1363 | D 704 | rR:μσmM 0.04 0.14 0.00 0.56 | F:μσmM 2478.0 317.6 1248.0 2560.0 | H 1.787 | V -0.525 | pL -0.001 | vL 0.001 | ∇ 0.012
Status saved
Status saved
Status saved
Status saved
Status saved
U 8000 | F 1024000 | FPS 1386 | D 751 | rR:μσmM 0.14 0.26 0.00 0.74 | F:μσmM 2225.1 635.1 747.0 2560.0 | H 1.792 | V -0.462 | pL 0.202 | vL 0.048 | ∇ 0.195
Status saved
Status saved
Status saved
Status saved
Status saved
U 8500 | F 1088000 | FPS 1399 | D 798 | rR:μσmM 0.03 0.12 0.00 0.48 | F:μσmM 2492.2 262.6 1475.0 2560.0 | H 1.773 | V -0.387 | pL -0.010 | vL 0.001 | ∇ 0.013
Status saved
Status saved
Status saved
Status saved
Status saved
U 9000 | F 1152000 | FPS 1240 | D 844 | rR:μσmM 0.00 0.00 0.00 0.00 | F:μσmM 2560.0 0.0 2560.0 2560.0 | H 1.769 | V -0.651 | pL -0.030 | vL 0.003 | ∇ 0.033
Status saved
Status saved
Status saved
Status saved
Status saved
U 9500 | F 1216000 | FPS 1297 | D 891 | rR:μσmM 0.11 0.26 0.00 0.89 | F:μσmM 2296.7 635.9 317.0 2560.0 | H 1.783 | V -0.502 | pL 0.013 | vL 0.001 | ∇ 0.017
Status saved
Status saved
Status saved
Status saved
Status saved
U 10000 | F 1280000 | FPS 1295 | D 938 | rR:μσmM 0.00 0.00 0.00 0.00 | F:μσmM 2560.0 0.0 2560.0 2560.0 | H 1.762 | V -0.468 | pL -0.011 | vL 0.001 | ∇ 0.020
Status saved
Status saved
Status saved
Status saved
Status saved
U 10500 | F 1344000 | FPS 1421 | D 986 | rR:μσmM 0.00 0.00 0.00 0.00 | F:μσmM 2560.0 0.0 2560.0 2560.0 | H 1.759 | V -0.377 | pL -0.008 | vL 0.001 | ∇ 0.018
Status saved
Status saved
Status saved
Status saved
Status saved
U 11000 | F 1408000 | FPS 1380 | D 1033 | rR:μσmM 0.06 0.16 0.00 0.49 | F:μσmM 2425.9 355.0 1446.0 2560.0 | H 1.779 | V -0.438 | pL 0.002 | vL 0.001 | ∇ 0.018
Status saved
Status saved
Status saved
Status saved
Status saved
U 11500 | F 1472000 | FPS 1441 | D 1079 | rR:μσmM 0.00 0.00 0.00 0.00 | F:μσmM 2560.0 0.0 2560.0 2560.0 | H 1.764 | V -0.396 | pL -0.003 | vL 0.001 | ∇ 0.010
Status saved
Status saved
Status saved
Status saved
Status saved
U 12000 | F 1536000 | FPS 1495 | D 1126 | rR:μσmM 0.00 0.00 0.00 0.00 | F:μσmM 2560.0 0.0 2560.0 2560.0 | H 1.748 | V -0.400 | pL 0.007 | vL 0.001 | ∇ 0.015
Status saved
Status saved
Status saved
Status saved
Status saved
U 12500 | F 1600000 | FPS 1358 | D 1173 | rR:μσmM 0.00 0.00 0.00 0.00 | F:μσmM 2560.0 0.0 2560.0 2560.0 | H 1.733 | V -0.392 | pL -0.019 | vL 0.001 | ∇ 0.015
Status saved
Status saved
Status saved
Status saved
Status saved
U 13000 | F 1664000 | FPS 0998 | D 1220 | rR:μσmM 0.00 0.00 0.00 0.00 | F:μσmM 2560.0 0.0 2560.0 2560.0 | H 1.769 | V -0.453 | pL 0.012 | vL 0.001 | ∇ 0.017
Status saved
Status saved
Status saved
Status saved
Status saved
U 13500 | F 1728000 | FPS 1474 | D 1267 | rR:μσmM 0.00 0.00 0.00 0.00 | F:μσmM 2560.0 0.0 2560.0 2560.0 | H 1.777 | V -0.508 | pL -0.010 | vL 0.001 | ∇ 0.016
Status saved
Status saved
Status saved
Status saved
Status saved
U 14000 | F 1792000 | FPS 1366 | D 1313 | rR:μσmM 0.00 0.00 0.00 0.00 | F:μσmM 2560.0 0.0 2560.0 2560.0 | H 1.766 | V -0.439 | pL 0.002 | vL 0.001 | ∇ 0.013
Status saved
Status saved
Status saved
Status saved
Status saved
U 14500 | F 1856000 | FPS 1349 | D 1360 | rR:μσmM 0.00 0.00 0.00 0.00 | F:μσmM 2560.0 0.0 2560.0 2560.0 | H 1.757 | V -0.454 | pL -0.007 | vL 0.001 | ∇ 0.014
Status saved
Status saved
Status saved
Status saved
Status saved
U 15000 | F 1920000 | FPS 1393 | D 1406 | rR:μσmM 0.00 0.00 0.00 0.00 | F:μσmM 2560.0 0.0 2560.0 2560.0 | H 1.755 | V -0.450 | pL -0.021 | vL 0.001 | ∇ 0.016
Status saved
Status saved
Status saved
Status saved
Status saved
U 15500 | F 1984000 | FPS 1457 | D 1453 | rR:μσmM 0.00 0.00 0.00 0.00 | F:μσmM 2560.0 0.0 2560.0 2560.0 | H 1.769 | V -0.514 | pL -0.003 | vL 0.001 | ∇ 0.011
Status saved
Status saved
Status saved
Status saved
Status saved
U 16000 | F 2048000 | FPS 1329 | D 1500 | rR:μσmM 0.03 0.11 0.00 0.47 | F:μσmM 2494.0 255.6 1504.0 2560.0 | H 1.737 | V -0.425 | pL 0.131 | vL 0.020 | ∇ 0.125
Status saved
Status saved
Status saved
Status saved
Status saved
U 16500 | F 2112000 | FPS 1331 | D 1547 | rR:μσmM 0.00 0.00 0.00 0.00 | F:μσmM 2560.0 0.0 2560.0 2560.0 | H 1.767 | V -0.450 | pL -0.012 | vL 0.001 | ∇ 0.012
Status saved
Status saved
Status saved
Status saved
Status saved
U 17000 | F 2176000 | FPS 1432 | D 1594 | rR:μσmM 0.00 0.00 0.00 0.00 | F:μσmM 2560.0 0.0 2560.0 2560.0 | H 1.790 | V -0.427 | pL 0.002 | vL 0.001 | ∇ 0.009
Status saved
Status saved
Status saved
Status saved
Status saved
U 17500 | F 2240000 | FPS 1377 | D 1641 | rR:μσmM 0.00 0.00 0.00 0.00 | F:μσmM 2560.0 0.0 2560.0 2560.0 | H 1.771 | V -0.427 | pL -0.005 | vL 0.001 | ∇ 0.017
Status saved
Status saved
Status saved
Status saved
Status saved
U 18000 | F 2304000 | FPS 1361 | D 1687 | rR:μσmM 0.00 0.00 0.00 0.00 | F:μσmM 2560.0 0.0 2560.0 2560.0 | H 1.800 | V -0.418 | pL -0.009 | vL 0.001 | ∇ 0.012
Status saved
Status saved
Status saved
Status saved
Status saved
U 18500 | F 2368000 | FPS 1469 | D 1734 | rR:μσmM 0.06 0.22 0.00 0.90 | F:μσmM 2418.3 548.8 293.0 2560.0 | H 1.785 | V -0.517 | pL -0.005 | vL 0.001 | ∇ 0.016
Status saved
Status saved
Status saved
Status saved
Status saved
U 19000 | F 2432000 | FPS 1414 | D 1780 | rR:μσmM 0.07 0.21 0.00 0.80 | F:μσmM 2389.2 501.2 580.0 2560.0 | H 1.770 | V -0.435 | pL -0.012 | vL 0.001 | ∇ 0.012
Status saved
Status saved
Status saved
Status saved
Status saved
U 19500 | F 2496000 | FPS 1400 | D 1828 | rR:μσmM 0.05 0.19 0.00 0.80 | F:μσmM 2435.6 481.9 569.0 2560.0 | H 1.772 | V -0.471 | pL -0.017 | vL 0.001 | ∇ 0.016
Status saved
Status saved
Status saved
Status saved
Status saved
U 20000 | F 2560000 | FPS 1485 | D 1875 | rR:μσmM 0.00 0.00 0.00 0.00 | F:μσmM 2560.0 0.0 2560.0 2560.0 | H 1.794 | V -0.449 | pL -0.009 | vL 0.001 | ∇ 0.011
Status saved
Status saved
Status saved
Status saved
Status saved
U 20500 | F 2624000 | FPS 1373 | D 1921 | rR:μσmM 0.00 0.00 0.00 0.00 | F:μσmM 2560.0 0.0 2560.0 2560.0 | H 1.762 | V -0.417 | pL -0.014 | vL 0.001 | ∇ 0.010
Status saved
Status saved
Status saved
Status saved
Status saved
U 21000 | F 2688000 | FPS 1444 | D 1968 | rR:μσmM 0.07 0.17 0.00 0.59 | F:μσmM 2409.8 403.3 1163.0 2560.0 | H 1.783 | V -0.388 | pL -0.008 | vL 0.001 | ∇ 0.012
Status saved
Status saved
Status saved
Status saved
Status saved
U 21500 | F 2752000 | FPS 1334 | D 2015 | rR:μσmM 0.02 0.07 0.00 0.28 | F:μσmM 2527.9 124.2 2047.0 2560.0 | H 1.776 | V -0.392 | pL -0.018 | vL 0.001 | ∇ 0.016
Status saved
Status saved
Status saved
Status saved
Status saved
U 22000 | F 2816000 | FPS 1465 | D 2062 | rR:μσmM 0.04 0.12 0.00 0.51 | F:μσmM 2483.9 281.7 1394.0 2560.0 | H 1.776 | V -0.368 | pL -0.023 | vL 0.001 | ∇ 0.017
Status saved
Status saved
Status saved
Status saved
Status saved
U 22500 | F 2880000 | FPS 1481 | D 2109 | rR:μσmM 0.01 0.03 0.00 0.11 | F:μσmM 2558.9 4.1 2543.0 2560.0 | H 1.772 | V -0.419 | pL 0.008 | vL 0.001 | ∇ 0.012
Status saved
Status saved
Status saved
Status saved
Status saved
U 23000 | F 2944000 | FPS 1293 | D 2156 | rR:μσmM 0.04 0.14 0.00 0.59 | F:μσmM 2468.8 337.2 1164.0 2560.0 | H 1.767 | V -0.514 | pL -0.006 | vL 0.001 | ∇ 0.014
Status saved
Status saved
Status saved
Status saved
Status saved
