Gym has been unmaintained since 2022 and does not support NumPy 2.0 amongst other critical functionality.
Please upgrade to Gymnasium, the maintained drop-in replacement of Gym, or contact the authors of your software and request that they upgrade.
Users of this version of Gym should be able to simply replace 'import gym' with 'import gymnasium as gym' in the vast majority of cases.
See the migration guide at https://gymnasium.farama.org/introduction/migration_guide/ for additional information.
/workspace/learn-si2e/SI2E/SI2E_A2C/rl-starter-files/rl-starter-files/scripts/train.py --algo a2c --env MiniGrid-DoorKey-16x16-v0 --model dk16-se-s2 --frames 3000000 --use_batch --save-interval 100 --log-interval 500 --seed 2 --use_entropy_reward --beta 0.005

Namespace(algo='a2c', env='MiniGrid-DoorKey-16x16-v0', model='dk16-se-s2', seed=2, log_interval=500, save_interval=100, procs=16, frames=3000000, epochs=4, batch_size=256, frames_per_proc=None, discount=0.99, lr=0.001, gae_lambda=0.95, entropy_coef=0.01, value_loss_coef=0.5, max_grad_norm=0.5, optim_eps=1e-08, optim_alpha=0.99, clip_eps=0.2, recurrence=1, text=False, use_entropy_reward=True, use_value_condition=False, beta=0.005, use_batch=True, mem=False)

Device: cuda:0

Environments loaded

Training status loaded

Observations preprocessor loaded
Model loaded

ACModel(
  (image_conv): Sequential(
    (0): Conv2d(3, 16, kernel_size=(2, 2), stride=(1, 1))
    (1): ReLU()
    (2): MaxPool2d(kernel_size=(2, 2), stride=(2, 2), padding=0, dilation=1, ceil_mode=False)
    (3): Conv2d(16, 32, kernel_size=(2, 2), stride=(1, 1))
    (4): ReLU()
    (5): Conv2d(32, 64, kernel_size=(2, 2), stride=(1, 1))
    (6): ReLU()
  )
  (actor): Sequential(
    (0): Linear(in_features=64, out_features=64, bias=True)
    (1): Tanh()
    (2): Linear(in_features=64, out_features=7, bias=True)
  )
  (critic): Sequential(
    (0): Linear(in_features=64, out_features=64, bias=True)
    (1): Tanh()
    (2): Linear(in_features=64, out_features=1, bias=True)
  )
  (extr_critic): Sequential(
    (0): Linear(in_features=64, out_features=64, bias=True)
    (1): Tanh()
    (2): Linear(in_features=64, out_features=1, bias=True)
  )
)

Optimizer loaded

Status saved
Status saved
Status saved
Status saved
U 500 | F 064000 | FPS 1044 | D 65 | rR:μσmM 0.00 0.00 0.00 0.00 | F:μσmM 2560.0 0.0 2560.0 2560.0 | H 1.938 | V 0.098 | pL -0.001 | vL 0.000 | ∇ 0.001
Status saved
Status saved
Status saved
Status saved
Status saved
U 1000 | F 128000 | FPS 0766 | D 131 | rR:μσmM 0.01 0.03 0.00 0.12 | F:μσmM 2557.1 11.4 2513.0 2560.0 | H 1.939 | V 0.085 | pL 0.003 | vL 0.000 | ∇ 0.002
Status saved
Status saved
Status saved
Status saved
Status saved
U 1500 | F 192000 | FPS 1013 | D 196 | rR:μσmM 0.00 0.00 0.00 0.00 | F:μσmM 2560.0 0.0 2560.0 2560.0 | H 1.938 | V 0.098 | pL 0.001 | vL 0.000 | ∇ 0.001
Status saved
Status saved
Status saved
Status saved
Status saved
U 2000 | F 256000 | FPS 0957 | D 261 | rR:μσmM 0.00 0.00 0.00 0.00 | F:μσmM 2560.0 0.0 2560.0 2560.0 | H 1.936 | V 0.104 | pL 0.000 | vL 0.000 | ∇ 0.001
Status saved
Status saved
Status saved
Status saved
Status saved
U 2500 | F 320000 | FPS 0963 | D 327 | rR:μσmM 0.00 0.00 0.00 0.00 | F:μσmM 2560.0 0.0 2560.0 2560.0 | H 1.932 | V 0.121 | pL -0.002 | vL 0.000 | ∇ 0.001
Status saved
Status saved
Status saved
Status saved
Status saved
U 3000 | F 384000 | FPS 0983 | D 391 | rR:μσmM 0.00 0.00 0.00 0.00 | F:μσmM 2560.0 0.0 2560.0 2560.0 | H 1.933 | V 0.109 | pL -0.001 | vL 0.000 | ∇ 0.001
Status saved
Status saved
Status saved
Status saved
Status saved
U 3500 | F 448000 | FPS 1121 | D 457 | rR:μσmM 0.00 0.00 0.00 0.00 | F:μσmM 2560.0 0.0 2560.0 2560.0 | H 1.937 | V 0.108 | pL 0.001 | vL 0.000 | ∇ 0.002
Status saved
Status saved
Status saved
Status saved
Status saved
U 4000 | F 512000 | FPS 0944 | D 522 | rR:μσmM 0.00 0.00 0.00 0.00 | F:μσmM 2560.0 0.0 2560.0 2560.0 | H 1.937 | V 0.092 | pL -0.000 | vL 0.000 | ∇ 0.001
Status saved
Status saved
Status saved
Status saved
Status saved
U 4500 | F 576000 | FPS 0817 | D 588 | rR:μσmM 0.00 0.00 0.00 0.00 | F:μσmM 2560.0 0.0 2560.0 2560.0 | H 1.938 | V 0.074 | pL 0.001 | vL 0.000 | ∇ 0.001
Status saved
Status saved
Status saved
Status saved
Status saved
U 5000 | F 640000 | FPS 0931 | D 654 | rR:μσmM 0.00 0.00 0.00 0.00 | F:μσmM 2560.0 0.0 2560.0 2560.0 | H 1.936 | V 0.108 | pL -0.000 | vL 0.000 | ∇ 0.001
Status saved
Status saved
Status saved
Status saved
Status saved
U 5500 | F 704000 | FPS 1035 | D 720 | rR:μσmM 0.03 0.12 0.00 0.50 | F:μσmM 2488.4 277.2 1415.0 2560.0 | H 1.937 | V 0.098 | pL -0.002 | vL 0.000 | ∇ 0.001
Status saved
Status saved
Status saved
Status saved
Status saved
U 6000 | F 768000 | FPS 1007 | D 785 | rR:μσmM 0.00 0.00 0.00 0.00 | F:μσmM 2560.0 0.0 2560.0 2560.0 | H 1.937 | V 0.102 | pL 0.003 | vL 0.000 | ∇ 0.002
Status saved
Status saved
Status saved
Status saved
Status saved
U 6500 | F 832000 | FPS 0935 | D 850 | rR:μσmM 0.00 0.00 0.00 0.00 | F:μσmM 2560.0 0.0 2560.0 2560.0 | H 1.935 | V 0.117 | pL 0.002 | vL 0.000 | ∇ 0.001
Status saved
Status saved
Status saved
Status saved
Status saved
U 7000 | F 896000 | FPS 1046 | D 917 | rR:μσmM 0.00 0.00 0.00 0.00 | F:μσmM 2560.0 0.0 2560.0 2560.0 | H 1.937 | V 0.095 | pL 0.003 | vL 0.000 | ∇ 0.002
Status saved
Status saved
Status saved
Status saved
Status saved
U 7500 | F 960000 | FPS 1044 | D 983 | rR:μσmM 0.00 0.00 0.00 0.00 | F:μσmM 2560.0 0.0 2560.0 2560.0 | H 1.936 | V 0.109 | pL -0.001 | vL 0.000 | ∇ 0.001
Status saved
Status saved
Status saved
Status saved
Status saved
U 8000 | F 1024000 | FPS 0989 | D 1050 | rR:μσmM 0.00 0.00 0.00 0.00 | F:μσmM 2560.0 0.0 2560.0 2560.0 | H 1.936 | V 0.117 | pL -0.134 | vL 0.007 | ∇ 0.080
Status saved
Status saved
Status saved
Status saved
Status saved
U 8500 | F 1088000 | FPS 1030 | D 1116 | rR:μσmM 0.00 0.00 0.00 0.00 | F:μσmM 2560.0 0.0 2560.0 2560.0 | H 1.934 | V 0.103 | pL 0.000 | vL 0.000 | ∇ 0.001
Status saved
Status saved
Status saved
Status saved
Status saved
U 9000 | F 1152000 | FPS 0895 | D 1181 | rR:μσmM 0.06 0.18 0.00 0.69 | F:μσmM 2423.3 417.2 878.0 2560.0 | H 1.934 | V 0.101 | pL 0.001 | vL 0.000 | ∇ 0.001
Status saved
Status saved
Status saved
Status saved
Status saved
U 9500 | F 1216000 | FPS 1034 | D 1247 | rR:μσmM 0.00 0.00 0.00 0.00 | F:μσmM 2560.0 0.0 2560.0 2560.0 | H 1.933 | V 0.119 | pL -0.001 | vL 0.000 | ∇ 0.001
Status saved
Status saved
Status saved
Status saved
Status saved
U 10000 | F 1280000 | FPS 1033 | D 1314 | rR:μσmM 0.00 0.00 0.00 0.00 | F:μσmM 2560.0 0.0 2560.0 2560.0 | H 1.937 | V 0.107 | pL -0.001 | vL 0.000 | ∇ 0.001
Status saved
Status saved
Status saved
Status saved
Status saved
U 10500 | F 1344000 | FPS 1004 | D 1380 | rR:μσmM 0.00 0.00 0.00 0.00 | F:μσmM 2560.0 0.0 2560.0 2560.0 | H 1.934 | V 0.119 | pL 0.000 | vL 0.000 | ∇ 0.001
Status saved
Status saved
Status saved
Status saved
Status saved
U 11000 | F 1408000 | FPS 1016 | D 1446 | rR:μσmM 0.02 0.09 0.00 0.36 | F:μσmM 2513.6 179.9 1817.0 2560.0 | H 1.936 | V 0.116 | pL -0.002 | vL 0.000 | ∇ 0.001
Status saved
Status saved
Status saved
Status saved
Status saved
U 11500 | F 1472000 | FPS 1048 | D 1513 | rR:μσmM 0.00 0.00 0.00 0.00 | F:μσmM 2560.0 0.0 2560.0 2560.0 | H 1.938 | V 0.108 | pL -0.002 | vL 0.000 | ∇ 0.001
Status saved
Status saved
Status saved
Status saved
Status saved
U 12000 | F 1536000 | FPS 1113 | D 1578 | rR:μσmM 0.00 0.00 0.00 0.00 | F:μσmM 2560.0 0.0 2560.0 2560.0 | H 1.933 | V 0.125 | pL 0.002 | vL 0.000 | ∇ 0.001
Status saved
Status saved
Status saved
Status saved
Status saved
U 12500 | F 1600000 | FPS 1000 | D 1643 | rR:μσmM 0.00 0.00 0.00 0.00 | F:μσmM 2560.0 0.0 2560.0 2560.0 | H 1.935 | V 0.079 | pL 0.003 | vL 0.000 | ∇ 0.002
Status saved
Status saved
Status saved
Status saved
Status saved
U 13000 | F 1664000 | FPS 1180 | D 1708 | rR:μσmM 0.00 0.00 0.00 0.00 | F:μσmM 2560.0 0.0 2560.0 2560.0 | H 1.933 | V 0.122 | pL -0.003 | vL 0.000 | ∇ 0.002
Status saved
Status saved
Status saved
Status saved
Status saved
U 13500 | F 1728000 | FPS 0967 | D 1773 | rR:μσmM 0.00 0.00 0.00 0.00 | F:μσmM 2560.0 0.0 2560.0 2560.0 | H 1.936 | V 0.111 | pL 0.001 | vL 0.000 | ∇ 0.001
Status saved
Status saved
Status saved
Status saved
Status saved
U 14000 | F 1792000 | FPS 1024 | D 1838 | rR:μσmM 0.03 0.10 0.00 0.43 | F:μσmM 2501.8 225.4 1629.0 2560.0 | H 1.934 | V 0.117 | pL 0.001 | vL 0.000 | ∇ 0.001
Status saved
Status saved
Status saved
Status saved
Status saved
U 14500 | F 1856000 | FPS 0964 | D 1903 | rR:μσmM 0.00 0.00 0.00 0.00 | F:μσmM 2560.0 0.0 2560.0 2560.0 | H 1.934 | V 0.121 | pL -0.000 | vL 0.000 | ∇ 0.001
Status saved
Status saved
Status saved
Status saved
Status saved
U 15000 | F 1920000 | FPS 1129 | D 1969 | rR:μσmM 0.00 0.00 0.00 0.00 | F:μσmM 2560.0 0.0 2560.0 2560.0 | H 1.937 | V 0.086 | pL 0.005 | vL 0.000 | ∇ 0.003
Status saved
Status saved
Status saved
Status saved
Status saved
U 15500 | F 1984000 | FPS 1101 | D 2034 | rR:μσmM 0.00 0.00 0.00 0.00 | F:μσmM 2560.0 0.0 2560.0 2560.0 | H 1.935 | V 0.113 | pL 0.001 | vL 0.000 | ∇ 0.001
Status saved
Status saved
Status saved
Status saved
Status saved
U 16000 | F 2048000 | FPS 1009 | D 2099 | rR:μσmM 0.01 0.03 0.00 0.14 | F:μσmM 2552.5 29.0 2440.0 2560.0 | H 1.935 | V 0.120 | pL -0.104 | vL 0.005 | ∇ 0.061
Status saved
Status saved
Status saved
Status saved
Status saved
U 16500 | F 2112000 | FPS 1054 | D 2164 | rR:μσmM 0.00 0.00 0.00 0.00 | F:μσmM 2560.0 0.0 2560.0 2560.0 | H 1.935 | V 0.117 | pL -0.002 | vL 0.000 | ∇ 0.001
Status saved
Status saved
Status saved
Status saved
Status saved
U 17000 | F 2176000 | FPS 1073 | D 2230 | rR:μσmM 0.00 0.00 0.00 0.00 | F:μσmM 2560.0 0.0 2560.0 2560.0 | H 1.936 | V 0.101 | pL -0.001 | vL 0.000 | ∇ 0.001
Status saved
Status saved
Status saved
Status saved
Status saved
U 17500 | F 2240000 | FPS 0975 | D 2297 | rR:μσmM 0.00 0.00 0.00 0.00 | F:μσmM 2560.0 0.0 2560.0 2560.0 | H 1.936 | V 0.111 | pL 0.000 | vL 0.000 | ∇ 0.001
Status saved
Status saved
Status saved
Status saved
Status saved
U 18000 | F 2304000 | FPS 1065 | D 2362 | rR:μσmM 0.00 0.00 0.00 0.00 | F:μσmM 2560.0 0.0 2560.0 2560.0 | H 1.936 | V 0.107 | pL 0.001 | vL 0.000 | ∇ 0.001
Status saved
Status saved
Status saved
Status saved
Status saved
U 18500 | F 2368000 | FPS 0775 | D 2429 | rR:μσmM 0.00 0.00 0.00 0.00 | F:μσmM 2560.0 0.0 2560.0 2560.0 | H 1.936 | V 0.113 | pL 0.001 | vL 0.000 | ∇ 0.001
Status saved
Status saved
Status saved
Status saved
Status saved
U 19000 | F 2432000 | FPS 1106 | D 2494 | rR:μσmM 0.00 0.00 0.00 0.00 | F:μσmM 2560.0 0.0 2560.0 2560.0 | H 1.930 | V 0.120 | pL -0.001 | vL 0.000 | ∇ 0.001
Status saved
Status saved
Status saved
Status saved
Status saved
U 19500 | F 2496000 | FPS 0967 | D 2560 | rR:μσmM 0.00 0.00 0.00 0.00 | F:μσmM 2560.0 0.0 2560.0 2560.0 | H 1.934 | V 0.111 | pL -0.001 | vL 0.000 | ∇ 0.001
Status saved
Status saved
Status saved
Status saved
Status saved
U 20000 | F 2560000 | FPS 1055 | D 2624 | rR:μσmM 0.00 0.00 0.00 0.00 | F:μσmM 2560.0 0.0 2560.0 2560.0 | H 1.936 | V 0.114 | pL 0.002 | vL 0.000 | ∇ 0.001
Status saved
Status saved
Status saved
Status saved
Status saved
U 20500 | F 2624000 | FPS 1085 | D 2690 | rR:μσmM 0.00 0.00 0.00 0.00 | F:μσmM 2560.0 0.0 2560.0 2560.0 | H 1.935 | V 0.099 | pL 0.002 | vL 0.000 | ∇ 0.001
Status saved
Status saved
Status saved
Status saved
Status saved
U 21000 | F 2688000 | FPS 0904 | D 2756 | rR:μσmM 0.00 0.00 0.00 0.00 | F:μσmM 2560.0 0.0 2560.0 2560.0 | H 1.934 | V 0.116 | pL -0.001 | vL 0.000 | ∇ 0.001
Status saved
Status saved
Status saved
Status saved
Status saved
U 21500 | F 2752000 | FPS 1004 | D 2822 | rR:μσmM 0.03 0.12 0.00 0.48 | F:μσmM 2491.6 265.1 1465.0 2560.0 | H 1.937 | V 0.100 | pL 0.002 | vL 0.000 | ∇ 0.001
Status saved
Status saved
Status saved
Status saved
Status saved
U 22000 | F 2816000 | FPS 0970 | D 2888 | rR:μσmM 0.00 0.00 0.00 0.00 | F:μσmM 2560.0 0.0 2560.0 2560.0 | H 1.935 | V 0.112 | pL -0.001 | vL 0.000 | ∇ 0.001
Status saved
Status saved
Status saved
Status saved
Status saved
U 22500 | F 2880000 | FPS 0817 | D 2953 | rR:μσmM 0.00 0.00 0.00 0.00 | F:μσmM 2560.0 0.0 2560.0 2560.0 | H 1.936 | V 0.111 | pL -0.000 | vL 0.000 | ∇ 0.001
Status saved
Status saved
Status saved
Status saved
Status saved
U 23000 | F 2944000 | FPS 0961 | D 3019 | rR:μσmM 0.04 0.15 0.00 0.63 | F:μσmM 2465.2 367.0 1044.0 2560.0 | H 1.934 | V 0.102 | pL 0.003 | vL 0.000 | ∇ 0.002
Status saved
Status saved
Status saved
Status saved
Status saved
