Gym has been unmaintained since 2022 and does not support NumPy 2.0 amongst other critical functionality.
Please upgrade to Gymnasium, the maintained drop-in replacement of Gym, or contact the authors of your software and request that they upgrade.
Users of this version of Gym should be able to simply replace 'import gym' with 'import gymnasium as gym' in the vast majority of cases.
See the migration guide at https://gymnasium.farama.org/introduction/migration_guide/ for additional information.
/workspace/learn-si2e/base-vcse/VCSE_A2C/rl-starter-files/rl-starter-files/scripts/train.py --algo a2c --env MiniGrid-RedBlueDoors-6x6-v0 --model rb6-vcse-s1 --frames 3000000 --use_batch --save-interval 100 --log-interval 500 --seed 1 --use_entropy_reward --use_value_condition --beta 0.005

Namespace(algo='a2c', env='MiniGrid-RedBlueDoors-6x6-v0', model='rb6-vcse-s1', seed=1, log_interval=500, save_interval=100, procs=16, frames=3000000, epochs=4, batch_size=256, frames_per_proc=None, discount=0.99, lr=0.001, gae_lambda=0.95, entropy_coef=0.01, value_loss_coef=0.5, max_grad_norm=0.5, optim_eps=1e-08, optim_alpha=0.99, clip_eps=0.2, recurrence=1, text=False, use_entropy_reward=True, use_value_condition=True, beta=0.005, use_batch=True, mem=False)

Device: cuda

Environments loaded

Training status loaded

Observations preprocessor loaded
Model loaded

ACModel(
  (image_conv): Sequential(
    (0): Conv2d(3, 16, kernel_size=(2, 2), stride=(1, 1))
    (1): ReLU()
    (2): MaxPool2d(kernel_size=(2, 2), stride=(2, 2), padding=0, dilation=1, ceil_mode=False)
    (3): Conv2d(16, 32, kernel_size=(2, 2), stride=(1, 1))
    (4): ReLU()
    (5): Conv2d(32, 64, kernel_size=(2, 2), stride=(1, 1))
    (6): ReLU()
  )
  (actor): Sequential(
    (0): Linear(in_features=64, out_features=64, bias=True)
    (1): Tanh()
    (2): Linear(in_features=64, out_features=7, bias=True)
  )
  (critic): Sequential(
    (0): Linear(in_features=64, out_features=64, bias=True)
    (1): Tanh()
    (2): Linear(in_features=64, out_features=1, bias=True)
  )
  (extr_critic): Sequential(
    (0): Linear(in_features=64, out_features=64, bias=True)
    (1): Tanh()
    (2): Linear(in_features=64, out_features=1, bias=True)
  )
)

Optimizer loaded

Status saved
Status saved
Status saved
Status saved
U 500 | F 064000 | FPS 1483 | D 47 | rR:μσmM 0.57 0.40 0.00 0.95 | F:μσmM 94.4 84.2 1.0 299.0 | H 1.353 | V 0.019 | pL -0.017 | vL 0.027 | ∇ 0.090
Status saved
Status saved
Status saved
Status saved
Status saved
U 1000 | F 128000 | FPS 1389 | D 95 | rR:μσmM 0.63 0.38 0.00 0.99 | F:μσmM 96.8 85.9 5.0 323.0 | H 1.450 | V 0.185 | pL 0.080 | vL 0.042 | ∇ 0.233
Status saved
Status saved
Status saved
Status saved
Status saved
U 1500 | F 192000 | FPS 1410 | D 141 | rR:μσmM 0.53 0.47 0.00 0.98 | F:μσmM 31.7 25.0 5.0 98.0 | H 1.679 | V 0.158 | pL -0.026 | vL 0.002 | ∇ 0.043
Status saved
Status saved
Status saved
Status saved
Status saved
U 2000 | F 256000 | FPS 1413 | D 186 | rR:μσmM 0.16 0.34 0.00 0.90 | F:μσmM 43.2 33.8 1.0 131.0 | H 1.560 | V 0.093 | pL 0.012 | vL 0.032 | ∇ 0.091
Status saved
Status saved
Status saved
Status saved
Status saved
U 2500 | F 320000 | FPS 1517 | D 232 | rR:μσmM 0.27 0.41 0.00 0.98 | F:μσmM 46.2 92.9 1.0 396.0 | H 1.607 | V 0.165 | pL -0.004 | vL 0.019 | ∇ 0.077
Status saved
Status saved
Status saved
Status saved
Status saved
U 3000 | F 384000 | FPS 1390 | D 277 | rR:μσmM 0.41 0.47 0.00 0.98 | F:μσmM 22.9 25.1 2.0 79.0 | H 1.168 | V 0.278 | pL 0.021 | vL 0.062 | ∇ 0.221
Status saved
Status saved
Status saved
Status saved
Status saved
U 3500 | F 448000 | FPS 1475 | D 322 | rR:μσmM 0.24 0.42 0.00 0.97 | F:μσmM 24.7 14.6 1.0 56.0 | H 1.448 | V 0.048 | pL 0.083 | vL 0.051 | ∇ 0.210
Status saved
Status saved
Status saved
Status saved
Status saved
U 4000 | F 512000 | FPS 1466 | D 367 | rR:μσmM 0.30 0.45 0.00 0.99 | F:μσmM 16.4 10.6 4.0 39.0 | H 0.833 | V 0.414 | pL -0.052 | vL 0.061 | ∇ 0.198
Status saved
Status saved
Status saved
Status saved
Status saved
U 4500 | F 576000 | FPS 1445 | D 411 | rR:μσmM 0.30 0.45 0.00 0.98 | F:μσmM 14.1 9.4 1.0 29.0 | H 1.107 | V 0.343 | pL -0.029 | vL 0.048 | ∇ 0.189
Status saved
Status saved
Status saved
Status saved
Status saved
U 5000 | F 640000 | FPS 1508 | D 456 | rR:μσmM 0.42 0.48 0.00 0.98 | F:μσmM 18.4 9.7 4.0 39.0 | H 1.201 | V 0.353 | pL -0.013 | vL 0.048 | ∇ 0.176
Status saved
Status saved
Status saved
Status saved
Status saved
U 5500 | F 704000 | FPS 1490 | D 501 | rR:μσmM 0.49 0.49 0.00 0.98 | F:μσmM 18.3 7.2 2.0 27.0 | H 1.042 | V 0.352 | pL -0.051 | vL 0.058 | ∇ 0.111
Status saved
Status saved
Status saved
Status saved
Status saved
U 6000 | F 768000 | FPS 1522 | D 546 | rR:μσmM 0.30 0.45 0.00 0.98 | F:μσmM 18.2 10.9 3.0 48.0 | H 1.008 | V 0.329 | pL -0.019 | vL 0.065 | ∇ 0.124
Status saved
Status saved
Status saved
Status saved
Status saved
U 6500 | F 832000 | FPS 1369 | D 592 | rR:μσmM 0.79 0.38 0.00 0.99 | F:μσmM 18.6 6.9 4.0 27.0 | H 0.800 | V 0.544 | pL -0.006 | vL 0.037 | ∇ 0.130
Status saved
Status saved
Status saved
Status saved
Status saved
U 7000 | F 896000 | FPS 1442 | D 637 | rR:μσmM 0.61 0.47 0.00 0.99 | F:μσmM 17.3 11.9 1.0 45.0 | H 1.015 | V 0.511 | pL 0.019 | vL 0.013 | ∇ 0.073
Status saved
Status saved
Status saved
Status saved
Status saved
U 7500 | F 960000 | FPS 1428 | D 682 | rR:μσmM 0.92 0.24 0.00 0.99 | F:μσmM 15.9 4.7 4.0 23.0 | H 0.637 | V 0.709 | pL 0.018 | vL 0.010 | ∇ 0.153
Status saved
Status saved
Status saved
Status saved
Status saved
U 8000 | F 1024000 | FPS 1344 | D 727 | rR:μσmM 0.73 0.42 0.00 0.98 | F:μσmM 17.8 7.1 4.0 32.0 | H 0.948 | V 0.659 | pL 0.022 | vL 0.009 | ∇ 0.118
Status saved
Status saved
Status saved
Status saved
Status saved
U 8500 | F 1088000 | FPS 1504 | D 772 | rR:μσmM 0.79 0.38 0.00 0.99 | F:μσmM 16.9 6.4 7.0 28.0 | H 0.851 | V 0.683 | pL -0.059 | vL 0.042 | ∇ 0.446
Status saved
Status saved
Status saved
Status saved
Status saved
U 9000 | F 1152000 | FPS 1097 | D 817 | rR:μσmM 0.61 0.47 0.00 0.99 | F:μσmM 13.8 8.3 2.0 28.0 | H 0.819 | V 0.659 | pL -0.004 | vL 0.044 | ∇ 0.104
Status saved
Status saved
Status saved
Status saved
Status saved
U 9500 | F 1216000 | FPS 1376 | D 863 | rR:μσmM 0.79 0.38 0.00 0.99 | F:μσmM 18.6 8.3 2.0 34.0 | H 0.880 | V 0.660 | pL 0.023 | vL 0.010 | ∇ 0.119
Status saved
Status saved
Status saved
Status saved
Status saved
U 10000 | F 1280000 | FPS 1418 | D 908 | rR:μσmM 0.79 0.38 0.00 0.98 | F:μσmM 18.3 7.9 1.0 40.0 | H 0.772 | V 0.725 | pL -0.003 | vL 0.036 | ∇ 0.119
Status saved
Status saved
Status saved
Status saved
Status saved
U 10500 | F 1344000 | FPS 1506 | D 954 | rR:μσmM 0.61 0.47 0.00 0.99 | F:μσmM 13.4 6.9 3.0 24.0 | H 1.018 | V 0.680 | pL -0.057 | vL 0.058 | ∇ 0.180
Status saved
Status saved
Status saved
Status saved
Status saved
U 11000 | F 1408000 | FPS 1558 | D 998 | rR:μσmM 0.85 0.32 0.00 0.98 | F:μσmM 21.1 6.4 12.0 32.0 | H 1.076 | V 0.608 | pL 0.014 | vL 0.008 | ∇ 0.071
Status saved
Status saved
Status saved
Status saved
Status saved
U 11500 | F 1472000 | FPS 1390 | D 1044 | rR:μσmM 0.79 0.38 0.00 0.99 | F:μσmM 16.9 6.8 2.0 27.0 | H 0.724 | V 0.743 | pL -0.008 | vL 0.016 | ∇ 0.033
Status saved
Status saved
Status saved
Status saved
Status saved
U 12000 | F 1536000 | FPS 1473 | D 1089 | rR:μσmM 0.85 0.32 0.00 0.98 | F:μσmM 19.8 7.2 7.0 43.0 | H 0.904 | V 0.722 | pL -0.038 | vL 0.028 | ∇ 0.095
Status saved
Status saved
Status saved
Status saved
Status saved
U 12500 | F 1600000 | FPS 1462 | D 1134 | rR:μσmM 0.85 0.32 0.00 0.99 | F:μσmM 17.9 6.2 4.0 26.0 | H 0.842 | V 0.705 | pL 0.006 | vL 0.005 | ∇ 0.071
Status saved
Status saved
Status saved
Status saved
Status saved
U 13000 | F 1664000 | FPS 1447 | D 1179 | rR:μσmM 0.98 0.01 0.97 0.98 | F:μσmM 19.6 4.6 13.0 27.0 | H 0.849 | V 0.780 | pL 0.003 | vL 0.004 | ∇ 0.059
Status saved
Status saved
Status saved
Status saved
Status saved
U 13500 | F 1728000 | FPS 1443 | D 1225 | rR:μσmM 0.86 0.32 0.00 0.98 | F:μσmM 17.0 4.6 8.0 27.0 | H 0.830 | V 0.777 | pL -0.033 | vL 0.020 | ∇ 0.070
Status saved
Status saved
Status saved
Status saved
Status saved
U 14000 | F 1792000 | FPS 1419 | D 1270 | rR:μσmM 0.79 0.38 0.00 0.99 | F:μσmM 18.1 6.5 2.0 30.0 | H 0.960 | V 0.699 | pL -0.014 | vL 0.008 | ∇ 0.098
Status saved
Status saved
Status saved
Status saved
Status saved
U 14500 | F 1856000 | FPS 1373 | D 1315 | rR:μσmM 0.92 0.24 0.00 0.99 | F:μσmM 18.5 5.4 8.0 30.0 | H 1.005 | V 0.708 | pL -0.016 | vL 0.009 | ∇ 0.095
Status saved
Status saved
Status saved
Status saved
Status saved
U 15000 | F 1920000 | FPS 1476 | D 1361 | rR:μσmM 0.91 0.24 0.00 0.99 | F:μσmM 21.6 9.9 7.0 48.0 | H 0.952 | V 0.684 | pL 0.009 | vL 0.021 | ∇ 0.057
Status saved
Status saved
Status saved
Status saved
Status saved
U 15500 | F 1984000 | FPS 1494 | D 1407 | rR:μσmM 0.79 0.38 0.00 0.98 | F:μσmM 18.6 9.4 4.0 47.0 | H 0.849 | V 0.755 | pL -0.017 | vL 0.025 | ∇ 0.058
Status saved
Status saved
Status saved
Status saved
Status saved
U 16000 | F 2048000 | FPS 1474 | D 1452 | rR:μσmM 0.91 0.24 0.00 0.99 | F:μσmM 19.1 5.3 9.0 28.0 | H 0.910 | V 0.715 | pL 0.010 | vL 0.019 | ∇ 0.094
Status saved
Status saved
Status saved
Status saved
Status saved
U 16500 | F 2112000 | FPS 1343 | D 1498 | rR:μσmM 0.91 0.23 0.00 0.98 | F:μσmM 22.8 8.3 4.0 40.0 | H 1.102 | V 0.684 | pL -0.043 | vL 0.009 | ∇ 0.121
Status saved
Status saved
Status saved
Status saved
Status saved
U 17000 | F 2176000 | FPS 1379 | D 1543 | rR:μσmM 0.67 0.45 0.00 0.99 | F:μσmM 15.8 7.2 1.0 32.0 | H 0.906 | V 0.699 | pL -0.031 | vL 0.056 | ∇ 0.140
Status saved
Status saved
Status saved
Status saved
Status saved
U 17500 | F 2240000 | FPS 1329 | D 1589 | rR:μσmM 0.73 0.42 0.00 0.99 | F:μσmM 15.9 7.7 1.0 30.0 | H 0.822 | V 0.746 | pL -0.064 | vL 0.067 | ∇ 0.181
Status saved
Status saved
Status saved
Status saved
Status saved
U 18000 | F 2304000 | FPS 1479 | D 1634 | rR:μσmM 0.85 0.32 0.00 0.98 | F:μσmM 17.6 5.5 4.0 27.0 | H 0.896 | V 0.729 | pL -0.031 | vL 0.013 | ∇ 0.070
Status saved
Status saved
Status saved
Status saved
Status saved
U 18500 | F 2368000 | FPS 1444 | D 1680 | rR:μσmM 0.92 0.24 0.00 0.99 | F:μσmM 17.7 4.1 8.0 24.0 | H 0.977 | V 0.728 | pL -0.004 | vL 0.006 | ∇ 0.062
Status saved
Status saved
Status saved
Status saved
Status saved
U 19000 | F 2432000 | FPS 1433 | D 1726 | rR:μσmM 0.85 0.32 0.00 0.98 | F:μσmM 18.3 6.2 6.0 33.0 | H 0.987 | V 0.731 | pL -0.016 | vL 0.004 | ∇ 0.040
Status saved
Status saved
Status saved
Status saved
Status saved
U 19500 | F 2496000 | FPS 1449 | D 1772 | rR:μσmM 0.80 0.38 0.00 0.99 | F:μσmM 15.8 5.7 2.0 28.0 | H 0.741 | V 0.734 | pL -0.010 | vL 0.018 | ∇ 0.065
Status saved
Status saved
Status saved
Status saved
Status saved
U 20000 | F 2560000 | FPS 1352 | D 1817 | rR:μσmM 0.85 0.32 0.00 0.98 | F:μσmM 18.4 4.0 10.0 25.0 | H 0.986 | V 0.697 | pL 0.002 | vL 0.028 | ∇ 0.055
Status saved
Status saved
Status saved
Status saved
Status saved
U 20500 | F 2624000 | FPS 1408 | D 1863 | rR:μσmM 0.73 0.42 0.00 0.98 | F:μσmM 15.8 6.3 1.0 24.0 | H 0.769 | V 0.758 | pL -0.006 | vL 0.028 | ∇ 0.058
Status saved
Status saved
Status saved
Status saved
Status saved
U 21000 | F 2688000 | FPS 1563 | D 1909 | rR:μσmM 0.79 0.38 0.00 0.99 | F:μσmM 16.5 6.6 4.0 28.0 | H 0.901 | V 0.744 | pL 0.001 | vL 0.015 | ∇ 0.050
Status saved
Status saved
Status saved
Status saved
Status saved
U 21500 | F 2752000 | FPS 1344 | D 1954 | rR:μσmM 0.73 0.42 0.00 0.99 | F:μσmM 16.1 7.4 2.0 27.0 | H 0.846 | V 0.731 | pL -0.015 | vL 0.055 | ∇ 0.146
Status saved
Status saved
Status saved
Status saved
Status saved
U 22000 | F 2816000 | FPS 1428 | D 2000 | rR:μσmM 0.85 0.32 0.00 0.98 | F:μσmM 18.9 6.6 4.0 33.0 | H 0.826 | V 0.736 | pL 0.021 | vL 0.006 | ∇ 0.104
Status saved
Status saved
Status saved
Status saved
Status saved
U 22500 | F 2880000 | FPS 1425 | D 2046 | rR:μσmM 0.73 0.42 0.00 0.99 | F:μσmM 15.8 6.6 5.0 26.0 | H 0.831 | V 0.722 | pL 0.004 | vL 0.010 | ∇ 0.073
Status saved
Status saved
Status saved
Status saved
Status saved
U 23000 | F 2944000 | FPS 1420 | D 2091 | rR:μσmM 0.92 0.24 0.00 0.99 | F:μσmM 17.2 4.8 5.0 27.0 | H 0.738 | V 0.760 | pL -0.014 | vL 0.024 | ∇ 0.074
Status saved
Status saved
Status saved
Status saved
Status saved
