Gym has been unmaintained since 2022 and does not support NumPy 2.0 amongst other critical functionality.
Please upgrade to Gymnasium, the maintained drop-in replacement of Gym, or contact the authors of your software and request that they upgrade.
Users of this version of Gym should be able to simply replace 'import gym' with 'import gymnasium as gym' in the vast majority of cases.
See the migration guide at https://gymnasium.farama.org/introduction/migration_guide/ for additional information.
/workspace/learn-si2e/SI2E/SI2E_A2C/rl-starter-files/rl-starter-files/scripts/train.py --algo a2c --env MiniGrid-RedBlueDoors-6x6-v0 --model rb6-se-s2 --frames 3000000 --use_batch --save-interval 100 --log-interval 500 --seed 2 --use_entropy_reward --beta 0.005

Namespace(algo='a2c', env='MiniGrid-RedBlueDoors-6x6-v0', model='rb6-se-s2', seed=2, log_interval=500, save_interval=100, procs=16, frames=3000000, epochs=4, batch_size=256, frames_per_proc=None, discount=0.99, lr=0.001, gae_lambda=0.95, entropy_coef=0.01, value_loss_coef=0.5, max_grad_norm=0.5, optim_eps=1e-08, optim_alpha=0.99, clip_eps=0.2, recurrence=1, text=False, use_entropy_reward=True, use_value_condition=False, beta=0.005, use_batch=True, mem=False)

Device: cuda:0

Environments loaded

Training status loaded

Observations preprocessor loaded
Model loaded

ACModel(
  (image_conv): Sequential(
    (0): Conv2d(3, 16, kernel_size=(2, 2), stride=(1, 1))
    (1): ReLU()
    (2): MaxPool2d(kernel_size=(2, 2), stride=(2, 2), padding=0, dilation=1, ceil_mode=False)
    (3): Conv2d(16, 32, kernel_size=(2, 2), stride=(1, 1))
    (4): ReLU()
    (5): Conv2d(32, 64, kernel_size=(2, 2), stride=(1, 1))
    (6): ReLU()
  )
  (actor): Sequential(
    (0): Linear(in_features=64, out_features=64, bias=True)
    (1): Tanh()
    (2): Linear(in_features=64, out_features=7, bias=True)
  )
  (critic): Sequential(
    (0): Linear(in_features=64, out_features=64, bias=True)
    (1): Tanh()
    (2): Linear(in_features=64, out_features=1, bias=True)
  )
  (extr_critic): Sequential(
    (0): Linear(in_features=64, out_features=64, bias=True)
    (1): Tanh()
    (2): Linear(in_features=64, out_features=1, bias=True)
  )
)

Optimizer loaded

Status saved
Status saved
Status saved
Status saved
U 500 | F 064000 | FPS 1099 | D 59 | rR:μσmM 0.03 0.12 0.00 0.49 | F:μσmM 457.2 240.3 58.0 720.0 | H 1.934 | V 0.066 | pL 0.001 | vL 0.000 | ∇ 0.001
Status saved
Status saved
Status saved
Status saved
Status saved
U 1000 | F 128000 | FPS 0910 | D 119 | rR:μσmM 0.21 0.32 0.00 0.96 | F:μσmM 312.2 229.2 11.0 720.0 | H 1.932 | V 0.106 | pL 0.041 | vL 0.009 | ∇ 0.053
Status saved
Status saved
Status saved
Status saved
Status saved
U 1500 | F 192000 | FPS 1207 | D 180 | rR:μσmM 0.05 0.14 0.00 0.53 | F:μσmM 565.6 213.7 99.0 720.0 | H 1.938 | V 0.093 | pL 0.004 | vL 0.000 | ∇ 0.003
Status saved
Status saved
Status saved
Status saved
Status saved
U 2000 | F 256000 | FPS 0866 | D 242 | rR:μσmM 0.11 0.28 0.00 0.87 | F:μσmM 360.8 265.5 76.0 720.0 | H 1.937 | V 0.105 | pL 0.001 | vL 0.000 | ∇ 0.001
Status saved
Status saved
Status saved
Status saved
Status saved
U 2500 | F 320000 | FPS 1173 | D 303 | rR:μσmM 0.03 0.10 0.00 0.43 | F:μσmM 487.5 229.2 38.0 720.0 | H 1.929 | V 0.095 | pL 0.006 | vL 0.001 | ∇ 0.007
Status saved
Status saved
Status saved
Status saved
Status saved
U 3000 | F 384000 | FPS 1229 | D 364 | rR:μσmM 0.05 0.16 0.00 0.63 | F:μσmM 405.2 280.1 8.0 720.0 | H 1.928 | V 0.088 | pL 0.003 | vL 0.000 | ∇ 0.003
Status saved
Status saved
Status saved
Status saved
Status saved
U 3500 | F 448000 | FPS 1013 | D 425 | rR:μσmM 0.09 0.20 0.00 0.69 | F:μσmM 304.7 240.8 14.0 720.0 | H 1.938 | V 0.114 | pL -0.002 | vL 0.000 | ∇ 0.003
Status saved
Status saved
Status saved
Status saved
Status saved
U 4000 | F 512000 | FPS 1198 | D 485 | rR:μσmM 0.13 0.25 0.00 0.88 | F:μσmM 538.2 223.5 66.0 720.0 | H 1.937 | V 0.107 | pL -0.001 | vL 0.000 | ∇ 0.001
Status saved
Status saved
Status saved
Status saved
Status saved
U 4500 | F 576000 | FPS 1131 | D 546 | rR:μσmM 0.04 0.11 0.00 0.43 | F:μσmM 414.9 263.0 45.0 720.0 | H 1.934 | V 0.093 | pL 0.003 | vL 0.000 | ∇ 0.004
Status saved
Status saved
Status saved
Status saved
Status saved
U 5000 | F 640000 | FPS 1022 | D 606 | rR:μσmM 0.09 0.20 0.00 0.69 | F:μσmM 491.2 252.4 104.0 720.0 | H 1.935 | V 0.123 | pL 0.011 | vL 0.004 | ∇ 0.016
Status saved
Status saved
Status saved
Status saved
Status saved
U 5500 | F 704000 | FPS 0920 | D 667 | rR:μσmM 0.08 0.18 0.00 0.56 | F:μσmM 459.3 249.4 31.0 720.0 | H 1.934 | V 0.097 | pL 0.000 | vL 0.000 | ∇ 0.001
Status saved
Status saved
Status saved
Status saved
Status saved
U 6000 | F 768000 | FPS 1100 | D 727 | rR:μσmM 0.00 0.00 0.00 0.00 | F:μσmM 440.8 270.6 4.0 720.0 | H 1.936 | V 0.090 | pL -0.004 | vL 0.000 | ∇ 0.003
Status saved
Status saved
Status saved
Status saved
Status saved
U 6500 | F 832000 | FPS 1167 | D 787 | rR:μσmM 0.07 0.18 0.00 0.68 | F:μσmM 393.1 278.1 20.0 720.0 | H 1.934 | V 0.102 | pL 0.000 | vL 0.000 | ∇ 0.001
Status saved
Status saved
Status saved
Status saved
Status saved
U 7000 | F 896000 | FPS 1057 | D 848 | rR:μσmM 0.11 0.26 0.00 0.91 | F:μσmM 416.8 300.1 9.0 720.0 | H 1.936 | V 0.109 | pL -0.001 | vL 0.000 | ∇ 0.001
Status saved
Status saved
Status saved
Status saved
Status saved
U 7500 | F 960000 | FPS 1062 | D 908 | rR:μσmM 0.08 0.17 0.00 0.46 | F:μσmM 376.1 264.7 24.0 720.0 | H 1.932 | V 0.124 | pL 0.002 | vL 0.000 | ∇ 0.002
Status saved
Status saved
Status saved
Status saved
Status saved
U 8000 | F 1024000 | FPS 1171 | D 968 | rR:μσmM 0.00 0.00 0.00 0.00 | F:μσmM 496.1 225.8 101.0 720.0 | H 1.933 | V 0.093 | pL -0.008 | vL 0.000 | ∇ 0.005
Status saved
Status saved
Status saved
Status saved
Status saved
U 8500 | F 1088000 | FPS 1122 | D 1028 | rR:μσmM 0.01 0.04 0.00 0.15 | F:μσmM 444.1 310.0 19.0 720.0 | H 1.930 | V 0.099 | pL 0.003 | vL 0.000 | ∇ 0.002
Status saved
Status saved
Status saved
Status saved
Status saved
U 9000 | F 1152000 | FPS 1225 | D 1089 | rR:μσmM 0.06 0.17 0.00 0.68 | F:μσmM 491.4 256.4 87.0 720.0 | H 1.932 | V 0.110 | pL -0.000 | vL 0.000 | ∇ 0.001
Status saved
Status saved
Status saved
Status saved
Status saved
U 9500 | F 1216000 | FPS 1167 | D 1148 | rR:μσmM 0.05 0.14 0.00 0.53 | F:μσmM 527.8 247.8 43.0 720.0 | H 1.929 | V 0.118 | pL -0.010 | vL 0.001 | ∇ 0.007
Status saved
Status saved
Status saved
Status saved
Status saved
U 10000 | F 1280000 | FPS 1137 | D 1208 | rR:μσmM 0.00 0.00 0.00 0.00 | F:μσmM 437.3 296.4 1.0 720.0 | H 1.932 | V 0.106 | pL -0.001 | vL 0.000 | ∇ 0.001
Status saved
Status saved
Status saved
Status saved
Status saved
U 10500 | F 1344000 | FPS 0970 | D 1269 | rR:μσmM 0.02 0.08 0.00 0.31 | F:μσmM 524.4 272.0 46.0 720.0 | H 1.933 | V 0.108 | pL -0.001 | vL 0.000 | ∇ 0.001
Status saved
Status saved
Status saved
Status saved
Status saved
U 11000 | F 1408000 | FPS 1088 | D 1328 | rR:μσmM 0.03 0.10 0.00 0.43 | F:μσmM 423.2 321.5 1.0 720.0 | H 1.933 | V 0.111 | pL 0.000 | vL 0.000 | ∇ 0.001
Status saved
Status saved
Status saved
Status saved
Status saved
U 11500 | F 1472000 | FPS 1167 | D 1388 | rR:μσmM 0.04 0.15 0.00 0.62 | F:μσmM 487.1 280.4 7.0 720.0 | H 1.932 | V 0.115 | pL 0.001 | vL 0.000 | ∇ 0.001
Status saved
Status saved
Status saved
Status saved
Status saved
U 12000 | F 1536000 | FPS 0773 | D 1447 | rR:μσmM 0.07 0.19 0.00 0.68 | F:μσmM 636.5 169.6 191.0 720.0 | H 1.931 | V 0.107 | pL -0.005 | vL 0.000 | ∇ 0.005
Status saved
Status saved
Status saved
Status saved
Status saved
U 12500 | F 1600000 | FPS 0995 | D 1507 | rR:μσmM 0.00 0.00 0.00 0.00 | F:μσmM 437.1 297.2 17.0 720.0 | H 1.932 | V 0.103 | pL 0.004 | vL 0.000 | ∇ 0.002
Status saved
Status saved
Status saved
Status saved
Status saved
U 13000 | F 1664000 | FPS 1056 | D 1567 | rR:μσmM 0.10 0.25 0.00 0.96 | F:μσmM 430.4 262.0 32.0 720.0 | H 1.935 | V 0.117 | pL -0.009 | vL 0.000 | ∇ 0.005
Status saved
Status saved
Status saved
Status saved
Status saved
U 13500 | F 1728000 | FPS 1155 | D 1627 | rR:μσmM 0.11 0.24 0.00 0.82 | F:μσmM 500.1 244.2 114.0 720.0 | H 1.937 | V 0.115 | pL 0.002 | vL 0.000 | ∇ 0.002
Status saved
Status saved
Status saved
Status saved
Status saved
U 14000 | F 1792000 | FPS 0980 | D 1686 | rR:μσmM 0.06 0.18 0.00 0.68 | F:μσmM 438.8 252.1 50.0 720.0 | H 1.931 | V 0.108 | pL -0.001 | vL 0.000 | ∇ 0.001
Status saved
Status saved
Status saved
Status saved
Status saved
U 14500 | F 1856000 | FPS 1038 | D 1745 | rR:μσmM 0.03 0.10 0.00 0.42 | F:μσmM 543.4 247.3 50.0 720.0 | H 1.934 | V 0.107 | pL 0.001 | vL 0.000 | ∇ 0.001
Status saved
Status saved
Status saved
Status saved
Status saved
U 15000 | F 1920000 | FPS 1260 | D 1805 | rR:μσmM 0.04 0.08 0.00 0.24 | F:μσmM 533.8 217.2 109.0 720.0 | H 1.935 | V 0.113 | pL 0.001 | vL 0.000 | ∇ 0.002
Status saved
Status saved
Status saved
Status saved
Status saved
U 15500 | F 1984000 | FPS 1167 | D 1865 | rR:μσmM 0.15 0.23 0.00 0.66 | F:μσmM 540.4 218.3 15.0 720.0 | H 1.933 | V 0.125 | pL -0.002 | vL 0.000 | ∇ 0.001
Status saved
Status saved
Status saved
Status saved
Status saved
U 16000 | F 2048000 | FPS 1053 | D 1925 | rR:μσmM 0.04 0.15 0.00 0.61 | F:μσmM 415.9 240.4 55.0 720.0 | H 1.934 | V 0.109 | pL 0.002 | vL 0.000 | ∇ 0.002
Status saved
Status saved
Status saved
Status saved
Status saved
U 16500 | F 2112000 | FPS 1083 | D 1984 | rR:μσmM 0.12 0.25 0.00 0.70 | F:μσmM 220.2 200.3 6.0 720.0 | H 1.932 | V 0.111 | pL 0.001 | vL 0.000 | ∇ 0.001
Status saved
Status saved
Status saved
Status saved
Status saved
U 17000 | F 2176000 | FPS 1143 | D 2044 | rR:μσmM 0.10 0.24 0.00 0.83 | F:μσmM 333.1 286.4 12.0 720.0 | H 1.934 | V 0.113 | pL -0.002 | vL 0.000 | ∇ 0.001
Status saved
Status saved
Status saved
Status saved
Status saved
U 17500 | F 2240000 | FPS 1283 | D 2104 | rR:μσmM 0.14 0.25 0.00 0.75 | F:μσmM 498.2 225.5 57.0 720.0 | H 1.934 | V 0.122 | pL 0.001 | vL 0.000 | ∇ 0.001
Status saved
Status saved
Status saved
Status saved
Status saved
U 18000 | F 2304000 | FPS 0998 | D 2164 | rR:μσmM 0.16 0.29 0.00 0.75 | F:μσmM 355.3 245.8 5.0 720.0 | H 1.928 | V 0.125 | pL -0.001 | vL 0.000 | ∇ 0.002
Status saved
Status saved
Status saved
Status saved
Status saved
U 18500 | F 2368000 | FPS 1106 | D 2223 | rR:μσmM 0.04 0.15 0.00 0.60 | F:μσmM 536.8 254.5 36.0 720.0 | H 1.934 | V 0.105 | pL -0.009 | vL 0.001 | ∇ 0.007
Status saved
Status saved
Status saved
Status saved
Status saved
U 19000 | F 2432000 | FPS 1138 | D 2283 | rR:μσmM 0.07 0.12 0.00 0.34 | F:μσmM 481.4 247.7 41.0 720.0 | H 1.933 | V 0.111 | pL -0.002 | vL 0.000 | ∇ 0.001
Status saved
Status saved
Status saved
Status saved
Status saved
U 19500 | F 2496000 | FPS 1085 | D 2343 | rR:μσmM 0.09 0.19 0.00 0.63 | F:μσmM 425.9 271.7 11.0 720.0 | H 1.932 | V 0.119 | pL -0.000 | vL 0.000 | ∇ 0.002
Status saved
Status saved
Status saved
Status saved
Status saved
U 20000 | F 2560000 | FPS 1074 | D 2403 | rR:μσmM 0.07 0.18 0.00 0.65 | F:μσmM 560.4 244.0 9.0 720.0 | H 1.934 | V 0.119 | pL -0.013 | vL 0.001 | ∇ 0.008
Status saved
Status saved
Status saved
Status saved
Status saved
U 20500 | F 2624000 | FPS 1170 | D 2463 | rR:μσmM 0.05 0.12 0.00 0.46 | F:μσmM 321.6 282.6 11.0 720.0 | H 1.931 | V 0.127 | pL -0.003 | vL 0.000 | ∇ 0.002
Status saved
Status saved
Status saved
Status saved
Status saved
U 21000 | F 2688000 | FPS 1111 | D 2523 | rR:μσmM 0.06 0.16 0.00 0.58 | F:μσmM 442.6 235.6 71.0 720.0 | H 1.932 | V 0.118 | pL -0.002 | vL 0.000 | ∇ 0.001
Status saved
Status saved
Status saved
Status saved
Status saved
U 21500 | F 2752000 | FPS 1062 | D 2583 | rR:μσmM 0.21 0.37 0.00 0.95 | F:μσmM 131.3 178.2 4.0 720.0 | H 1.921 | V 0.152 | pL -0.004 | vL 0.000 | ∇ 0.004
Status saved
Status saved
Status saved
Status saved
Status saved
U 22000 | F 2816000 | FPS 0870 | D 2643 | rR:μσmM 0.08 0.19 0.00 0.70 | F:μσmM 224.4 236.8 2.0 720.0 | H 1.924 | V 0.137 | pL 0.009 | vL 0.001 | ∇ 0.017
Status saved
Status saved
Status saved
Status saved
Status saved
U 22500 | F 2880000 | FPS 1020 | D 2703 | rR:μσmM 0.09 0.24 0.00 0.74 | F:μσmM 489.1 269.8 54.0 720.0 | H 1.936 | V 0.113 | pL 0.001 | vL 0.000 | ∇ 0.001
Status saved
Status saved
Status saved
Status saved
Status saved
U 23000 | F 2944000 | FPS 1110 | D 2763 | rR:μσmM 0.06 0.19 0.00 0.77 | F:μσmM 501.9 229.8 71.0 720.0 | H 1.936 | V 0.105 | pL 0.000 | vL 0.000 | ∇ 0.002
Status saved
Status saved
Status saved
Status saved
Status saved
