Gym has been unmaintained since 2022 and does not support NumPy 2.0 amongst other critical functionality.
Please upgrade to Gymnasium, the maintained drop-in replacement of Gym, or contact the authors of your software and request that they upgrade.
Users of this version of Gym should be able to simply replace 'import gym' with 'import gymnasium as gym' in the vast majority of cases.
See the migration guide at https://gymnasium.farama.org/introduction/migration_guide/ for additional information.
/workspace/learn-si2e/SI2E/SI2E_A2C/rl-starter-files/rl-starter-files/scripts/train.py --env MiniGrid-KeyCorridorS3R2-v0 --model ppo-exp-a2c-si2e-KeyCorridorS3R2-s2 --frames 3000000 --use_batch --save-interval 100 --log-interval 500 --seed 2 --algo a2c --use_entropy_reward --use_value_condition --beta 0.005

Namespace(algo='a2c', env='MiniGrid-KeyCorridorS3R2-v0', model='ppo-exp-a2c-si2e-KeyCorridorS3R2-s2', seed=2, log_interval=500, save_interval=100, procs=16, frames=3000000, epochs=4, batch_size=256, frames_per_proc=None, discount=0.99, lr=0.001, gae_lambda=0.95, entropy_coef=0.01, value_loss_coef=0.5, max_grad_norm=0.5, optim_eps=1e-08, optim_alpha=0.99, clip_eps=0.2, recurrence=1, text=False, use_entropy_reward=True, use_value_condition=True, beta=0.005, beta_adaptive=False, fast_se=False, use_batch=True, ablation=None, mem=False)

Device: cuda:0

Environments loaded

Training status loaded

Observations preprocessor loaded
Model loaded

ACModel(
  (image_conv): Sequential(
    (0): Conv2d(3, 16, kernel_size=(2, 2), stride=(1, 1))
    (1): ReLU()
    (2): MaxPool2d(kernel_size=(2, 2), stride=(2, 2), padding=0, dilation=1, ceil_mode=False)
    (3): Conv2d(16, 32, kernel_size=(2, 2), stride=(1, 1))
    (4): ReLU()
    (5): Conv2d(32, 64, kernel_size=(2, 2), stride=(1, 1))
    (6): ReLU()
  )
  (actor): Sequential(
    (0): Linear(in_features=64, out_features=64, bias=True)
    (1): Tanh()
    (2): Linear(in_features=64, out_features=7, bias=True)
  )
  (critic): Sequential(
    (0): Linear(in_features=64, out_features=64, bias=True)
    (1): Tanh()
    (2): Linear(in_features=64, out_features=1, bias=True)
  )
  (extr_critic): Sequential(
    (0): Linear(in_features=64, out_features=64, bias=True)
    (1): Tanh()
    (2): Linear(in_features=64, out_features=1, bias=True)
  )
)

Optimizer loaded

Status saved
Status saved
Status saved
Status saved
U 500 | F 064000 | FPS 0422 | D 162 | rR:μσmM 0.00 0.00 0.00 0.00 | F:μσmM 270.0 0.0 270.0 270.0 | H 1.751 | V -0.378 | pL -0.018 | vL 0.001 | ∇ 0.015
Status saved
Status saved
Status saved
Status saved
Status saved
U 1000 | F 128000 | FPS 0346 | D 334 | rR:μσmM 0.00 0.00 0.00 0.00 | F:μσmM 270.0 0.0 270.0 270.0 | H 1.823 | V -0.384 | pL -0.009 | vL 0.001 | ∇ 0.009
Status saved
Status saved
Status saved
Status saved
Status saved
U 1500 | F 192000 | FPS 0267 | D 561 | rR:μσmM 0.00 0.00 0.00 0.00 | F:μσmM 270.0 0.0 270.0 270.0 | H 1.775 | V -0.344 | pL -0.012 | vL 0.001 | ∇ 0.012
Status saved
Status saved
Status saved
Status saved
Status saved
U 2000 | F 256000 | FPS 0296 | D 791 | rR:μσmM 0.04 0.16 0.00 0.68 | F:μσmM 259.2 41.9 97.0 270.0 | H 1.787 | V -0.328 | pL -0.019 | vL 0.001 | ∇ 0.015
Status saved
Status saved
Status saved
Status saved
Status saved
U 2500 | F 320000 | FPS 0256 | D 1024 | rR:μσmM 0.00 0.00 0.00 0.00 | F:μσmM 270.0 0.0 270.0 270.0 | H 1.769 | V -0.266 | pL -0.008 | vL 0.000 | ∇ 0.009
Status saved
Status saved
Status saved
Status saved
Status saved
U 3000 | F 384000 | FPS 0283 | D 1262 | rR:μσmM 0.00 0.00 0.00 0.00 | F:μσmM 270.0 0.0 270.0 270.0 | H 1.764 | V -0.298 | pL -0.009 | vL 0.002 | ∇ 0.018
Status saved
Status saved
Status saved
Status saved
Status saved
U 3500 | F 448000 | FPS 0306 | D 1504 | rR:μσmM 0.00 0.00 0.00 0.00 | F:μσmM 270.0 0.0 270.0 270.0 | H 1.695 | V -0.343 | pL -0.010 | vL 0.001 | ∇ 0.011
Status saved
Status saved
Status saved
Status saved
Status saved
U 4000 | F 512000 | FPS 0288 | D 1739 | rR:μσmM 0.00 0.00 0.00 0.00 | F:μσmM 270.0 0.0 270.0 270.0 | H 1.802 | V -0.351 | pL -0.017 | vL 0.001 | ∇ 0.018
Status saved
Status saved
Status saved
Status saved
Status saved
U 4500 | F 576000 | FPS 0280 | D 1975 | rR:μσmM 0.05 0.14 0.00 0.50 | F:μσmM 258.0 33.0 149.0 270.0 | H 1.772 | V -0.299 | pL -0.003 | vL 0.001 | ∇ 0.034
Status saved
Status saved
Status saved
Status saved
Status saved
U 5000 | F 640000 | FPS 0295 | D 2211 | rR:μσmM 0.04 0.15 0.00 0.60 | F:μσmM 260.6 36.3 120.0 270.0 | H 1.783 | V -0.299 | pL -0.025 | vL 0.001 | ∇ 0.025
Status saved
Status saved
Status saved
Status saved
Status saved
U 5500 | F 704000 | FPS 0438 | D 2447 | rR:μσmM 0.00 0.00 0.00 0.00 | F:μσmM 270.0 0.0 270.0 270.0 | H 1.755 | V -0.303 | pL -0.013 | vL 0.001 | ∇ 0.019
Status saved
Status saved
Status saved
Status saved
Status saved
U 6000 | F 768000 | FPS 0267 | D 2679 | rR:μσmM 0.00 0.00 0.00 0.00 | F:μσmM 270.0 0.0 270.0 270.0 | H 1.718 | V -0.342 | pL 0.023 | vL 0.004 | ∇ 0.026
Status saved
Status saved
Status saved
Status saved
Status saved
U 6500 | F 832000 | FPS 0283 | D 2917 | rR:μσmM 0.01 0.03 0.00 0.12 | F:μσmM 269.6 1.5 264.0 270.0 | H 1.713 | V -0.289 | pL 0.015 | vL 0.004 | ∇ 0.046
Status saved
Status saved
Status saved
Status saved
Status saved
U 7000 | F 896000 | FPS 0267 | D 3152 | rR:μσmM 0.04 0.15 0.00 0.62 | F:μσmM 260.2 37.8 114.0 270.0 | H 1.746 | V -0.305 | pL -0.012 | vL 0.001 | ∇ 0.015
Status saved
Status saved
Status saved
Status saved
Status saved
U 7500 | F 960000 | FPS 0291 | D 3386 | rR:μσmM 0.00 0.00 0.00 0.00 | F:μσmM 270.0 0.0 270.0 270.0 | H 1.767 | V -0.297 | pL -0.017 | vL 0.001 | ∇ 0.016
Status saved
Status saved
Status saved
Status saved
Status saved
U 8000 | F 1024000 | FPS 0208 | D 3621 | rR:μσmM 0.00 0.00 0.00 0.00 | F:μσmM 270.0 0.0 270.0 270.0 | H 1.728 | V -0.252 | pL -0.011 | vL 0.001 | ∇ 0.018
Status saved
Status saved
Status saved
Status saved
Status saved
U 8500 | F 1088000 | FPS 0287 | D 3855 | rR:μσmM 0.00 0.00 0.00 0.00 | F:μσmM 270.0 0.0 270.0 270.0 | H 1.794 | V -0.323 | pL 0.038 | vL 0.005 | ∇ 0.067
Status saved
Status saved
Status saved
Status saved
Status saved
U 9000 | F 1152000 | FPS 0280 | D 4087 | rR:μσmM 0.02 0.09 0.00 0.38 | F:μσmM 264.8 20.1 187.0 270.0 | H 1.784 | V -0.265 | pL -0.018 | vL 0.001 | ∇ 0.020
Status saved
Status saved
Status saved
Status saved
Status saved
U 9500 | F 1216000 | FPS 0287 | D 4314 | rR:μσmM 0.01 0.06 0.00 0.23 | F:μσmM 267.6 9.4 231.0 270.0 | H 1.774 | V -0.254 | pL -0.007 | vL 0.001 | ∇ 0.017
Status saved
Status saved
Status saved
Status saved
Status saved
U 10000 | F 1280000 | FPS 0292 | D 4547 | rR:μσmM 0.08 0.15 0.00 0.43 | F:μσmM 252.9 33.5 171.0 270.0 | H 1.713 | V -0.237 | pL -0.007 | vL 0.001 | ∇ 0.017
Status saved
Status saved
Status saved
Status saved
Status saved
U 10500 | F 1344000 | FPS 0413 | D 4741 | rR:μσmM 0.09 0.19 0.00 0.65 | F:μσmM 249.9 45.8 105.0 270.0 | H 1.748 | V -0.223 | pL 0.003 | vL 0.000 | ∇ 0.010
Status saved
Status saved
Status saved
Status saved
Status saved
U 11000 | F 1408000 | FPS 0370 | D 4909 | rR:μσmM 0.15 0.21 0.00 0.63 | F:μσmM 237.6 49.7 111.0 270.0 | H 1.730 | V -0.220 | pL -0.007 | vL 0.005 | ∇ 0.039
Status saved
Status saved
Status saved
Status saved
Status saved
U 11500 | F 1472000 | FPS 0416 | D 5077 | rR:μσmM 0.01 0.03 0.00 0.13 | F:μσmM 269.5 1.9 262.0 270.0 | H 1.762 | V -0.273 | pL -0.003 | vL 0.001 | ∇ 0.014
Status saved
Status saved
Status saved
Status saved
Status saved
U 12000 | F 1536000 | FPS 0392 | D 5241 | rR:μσmM 0.13 0.21 0.00 0.57 | F:μσmM 239.5 51.2 128.0 270.0 | H 1.744 | V -0.235 | pL -0.007 | vL 0.000 | ∇ 0.010
Status saved
Status saved
Status saved
Status saved
Status saved
U 12500 | F 1600000 | FPS 0440 | D 5404 | rR:μσmM 0.00 0.00 0.00 0.00 | F:μσmM 270.0 0.0 270.0 270.0 | H 1.757 | V -0.253 | pL -0.013 | vL 0.002 | ∇ 0.027
Status saved
Status saved
Status saved
Status saved
Status saved
U 13000 | F 1664000 | FPS 0446 | D 5567 | rR:μσmM 0.07 0.18 0.00 0.60 | F:μσmM 253.5 44.1 120.0 270.0 | H 1.745 | V -0.260 | pL -0.008 | vL 0.001 | ∇ 0.014
Status saved
Status saved
Status saved
Status saved
Status saved
U 13500 | F 1728000 | FPS 0415 | D 5732 | rR:μσmM 0.12 0.26 0.00 0.85 | F:μσmM 240.4 66.0 46.0 270.0 | H 1.706 | V -0.258 | pL -0.019 | vL 0.001 | ∇ 0.024
Status saved
Status saved
Status saved
Status saved
Status saved
U 14000 | F 1792000 | FPS 0416 | D 5894 | rR:μσmM 0.16 0.25 0.00 0.68 | F:μσmM 230.7 60.9 95.0 270.0 | H 1.667 | V -0.180 | pL 0.017 | vL 0.004 | ∇ 0.069
Status saved
Status saved
Status saved
Status saved
Status saved
U 14500 | F 1856000 | FPS 0519 | D 6057 | rR:μσmM 0.10 0.22 0.00 0.89 | F:μσmM 248.4 58.0 32.0 270.0 | H 1.652 | V -0.213 | pL -0.012 | vL 0.001 | ∇ 0.027
Status saved
Status saved
Status saved
Status saved
Status saved
U 15000 | F 1920000 | FPS 0285 | D 6272 | rR:μσmM 0.33 0.36 0.00 0.88 | F:μσmM 187.1 92.9 36.0 270.0 | H 1.602 | V -0.168 | pL -0.005 | vL 0.002 | ∇ 0.060
Status saved
Status saved
Status saved
Status saved
Status saved
U 15500 | F 1984000 | FPS 0302 | D 6500 | rR:μσmM 0.41 0.37 0.00 0.88 | F:μσmM 165.1 97.5 37.0 270.0 | H 1.602 | V -0.080 | pL -0.001 | vL 0.003 | ∇ 0.066
Status saved
Status saved
Status saved
Status saved
Status saved
U 16000 | F 2048000 | FPS 0278 | D 6729 | rR:μσmM 0.26 0.32 0.00 0.80 | F:μσmM 205.8 82.2 59.0 270.0 | H 1.499 | V -0.101 | pL 0.035 | vL 0.013 | ∇ 0.141
Status saved
Status saved
Status saved
Status saved
Status saved
U 16500 | F 2112000 | FPS 0275 | D 6959 | rR:μσmM 0.28 0.31 0.00 0.78 | F:μσmM 201.3 80.8 67.0 270.0 | H 1.577 | V -0.170 | pL 0.025 | vL 0.013 | ∇ 0.124
Status saved
Status saved
Status saved
Status saved
Status saved
U 17000 | F 2176000 | FPS 0182 | D 7188 | rR:μσmM 0.41 0.39 0.00 0.93 | F:μσmM 162.7 104.8 21.0 270.0 | H 1.639 | V -0.121 | pL 0.001 | vL 0.002 | ∇ 0.045
Status saved
Status saved
Status saved
Status saved
Status saved
U 17500 | F 2240000 | FPS 0237 | D 7418 | rR:μσmM 0.32 0.39 0.00 0.91 | F:μσmM 187.4 103.1 26.0 270.0 | H 1.574 | V -0.121 | pL -0.022 | vL 0.003 | ∇ 0.043
Status saved
Status saved
Status saved
Status saved
Status saved
U 18000 | F 2304000 | FPS 0208 | D 7650 | rR:μσmM 0.52 0.36 0.00 0.94 | F:μσmM 137.3 97.5 19.0 270.0 | H 1.459 | V -0.025 | pL 0.007 | vL 0.015 | ∇ 0.135
Status saved
Status saved
Status saved
Status saved
Status saved
U 18500 | F 2368000 | FPS 0256 | D 7883 | rR:μσmM 0.50 0.33 0.00 0.93 | F:μσmM 143.8 92.2 20.0 270.0 | H 1.579 | V -0.037 | pL -0.015 | vL 0.002 | ∇ 0.032
Status saved
Status saved
Status saved
Status saved
Status saved
U 19000 | F 2432000 | FPS 0300 | D 8114 | rR:μσmM 0.61 0.36 0.00 0.92 | F:μσmM 109.4 95.6 24.0 270.0 | H 1.311 | V 0.190 | pL -0.024 | vL 0.019 | ∇ 0.170
Status saved
Status saved
Status saved
Status saved
Status saved
U 19500 | F 2496000 | FPS 0202 | D 8349 | rR:μσmM 0.73 0.30 0.00 0.93 | F:μσmM 78.6 86.1 22.0 270.0 | H 1.412 | V 0.317 | pL -0.056 | vL 0.007 | ∇ 0.104
Status saved
Status saved
Status saved
Status saved
Status saved
U 20000 | F 2560000 | FPS 0221 | D 8583 | rR:μσmM 0.82 0.13 0.47 0.91 | F:μσmM 54.3 39.6 26.0 159.0 | H 1.324 | V 0.464 | pL 0.004 | vL 0.004 | ∇ 0.073
Status saved
Status saved
Status saved
Status saved
Status saved
U 20500 | F 2624000 | FPS 0272 | D 8817 | rR:μσmM 0.87 0.04 0.79 0.92 | F:μσmM 38.7 12.5 23.0 63.0 | H 1.250 | V 0.556 | pL -0.002 | vL 0.006 | ∇ 0.143
Status saved
Status saved
Status saved
Status saved
Status saved
U 21000 | F 2688000 | FPS 0299 | D 9048 | rR:μσmM 0.85 0.04 0.73 0.90 | F:μσmM 45.1 12.3 31.0 80.0 | H 1.184 | V 0.567 | pL 0.004 | vL 0.004 | ∇ 0.111
Status saved
Status saved
Status saved
Status saved
Status saved
U 21500 | F 2752000 | FPS 0308 | D 9279 | rR:μσmM 0.85 0.07 0.71 0.93 | F:μσmM 45.0 20.6 22.0 87.0 | H 1.227 | V 0.584 | pL -0.005 | vL 0.004 | ∇ 0.067
Status saved
Status saved
Status saved
Status saved
Status saved
U 22000 | F 2816000 | FPS 0266 | D 9513 | rR:μσmM 0.87 0.04 0.80 0.93 | F:μσmM 39.2 11.6 21.0 61.0 | H 1.151 | V 0.612 | pL -0.001 | vL 0.004 | ∇ 0.084
Status saved
Status saved
Status saved
Status saved
Status saved
U 22500 | F 2880000 | FPS 0282 | D 9745 | rR:μσmM 0.88 0.03 0.80 0.93 | F:μσmM 37.4 9.7 21.0 60.0 | H 1.148 | V 0.660 | pL -0.013 | vL 0.003 | ∇ 0.072
Status saved
Status saved
Status saved
Status saved
Status saved
U 23000 | F 2944000 | FPS 0292 | D 9978 | rR:μσmM 0.87 0.05 0.70 0.91 | F:μσmM 40.4 15.5 27.0 89.0 | H 1.186 | V 0.636 | pL -0.013 | vL 0.002 | ∇ 0.057
Status saved
Status saved
Status saved
Status saved
Status saved
Final model saved
