Gym has been unmaintained since 2022 and does not support NumPy 2.0 amongst other critical functionality.
Please upgrade to Gymnasium, the maintained drop-in replacement of Gym, or contact the authors of your software and request that they upgrade.
Users of this version of Gym should be able to simply replace 'import gym' with 'import gymnasium as gym' in the vast majority of cases.
See the migration guide at https://gymnasium.farama.org/introduction/migration_guide/ for additional information.
/workspace/learn-si2e/SI2E/SI2E_A2C/rl-starter-files/rl-starter-files/scripts/train.py --algo a2c --env MiniGrid-DoorKey-8x8-v0 --model multiseed-se-s3 --frames 3000000 --use_batch --save-interval 100 --log-interval 500 --seed 3 --use_entropy_reward --beta 0.005

Namespace(algo='a2c', env='MiniGrid-DoorKey-8x8-v0', model='multiseed-se-s3', seed=3, log_interval=500, save_interval=100, procs=16, frames=3000000, epochs=4, batch_size=256, frames_per_proc=None, discount=0.99, lr=0.001, gae_lambda=0.95, entropy_coef=0.01, value_loss_coef=0.5, max_grad_norm=0.5, optim_eps=1e-08, optim_alpha=0.99, clip_eps=0.2, recurrence=1, text=False, use_entropy_reward=True, use_value_condition=False, beta=0.005, use_batch=True, mem=False)

Device: cuda:0

Environments loaded

Training status loaded

Observations preprocessor loaded
Model loaded

ACModel(
  (image_conv): Sequential(
    (0): Conv2d(3, 16, kernel_size=(2, 2), stride=(1, 1))
    (1): ReLU()
    (2): MaxPool2d(kernel_size=(2, 2), stride=(2, 2), padding=0, dilation=1, ceil_mode=False)
    (3): Conv2d(16, 32, kernel_size=(2, 2), stride=(1, 1))
    (4): ReLU()
    (5): Conv2d(32, 64, kernel_size=(2, 2), stride=(1, 1))
    (6): ReLU()
  )
  (actor): Sequential(
    (0): Linear(in_features=64, out_features=64, bias=True)
    (1): Tanh()
    (2): Linear(in_features=64, out_features=7, bias=True)
  )
  (critic): Sequential(
    (0): Linear(in_features=64, out_features=64, bias=True)
    (1): Tanh()
    (2): Linear(in_features=64, out_features=1, bias=True)
  )
  (extr_critic): Sequential(
    (0): Linear(in_features=64, out_features=64, bias=True)
    (1): Tanh()
    (2): Linear(in_features=64, out_features=1, bias=True)
  )
)

Optimizer loaded

Status saved
Status saved
Status saved
Status saved
U 500 | F 064000 | FPS 1425 | D 44 | rR:μσmM 0.02 0.08 0.00 0.34 | F:μσmM 629.4 40.9 471.0 640.0 | H 1.937 | V 0.065 | pL 0.000 | vL 0.000 | ∇ 0.001
Status saved
Status saved
Status saved
Status saved
Status saved
U 1000 | F 128000 | FPS 1508 | D 88 | rR:μσmM 0.00 0.00 0.00 0.00 | F:μσmM 640.0 0.0 640.0 640.0 | H 1.936 | V 0.093 | pL 0.001 | vL 0.000 | ∇ 0.002
Status saved
Status saved
Status saved
Status saved
Status saved
U 1500 | F 192000 | FPS 1547 | D 133 | rR:μσmM 0.00 0.00 0.00 0.00 | F:μσmM 640.0 0.0 640.0 640.0 | H 1.937 | V 0.101 | pL 0.003 | vL 0.000 | ∇ 0.002
Status saved
Status saved
Status saved
Status saved
Status saved
U 2000 | F 256000 | FPS 1477 | D 177 | rR:μσmM 0.00 0.00 0.00 0.00 | F:μσmM 640.0 0.0 640.0 640.0 | H 1.936 | V 0.097 | pL -0.082 | vL 0.003 | ∇ 0.057
Status saved
Status saved
Status saved
Status saved
Status saved
U 2500 | F 320000 | FPS 1333 | D 222 | rR:μσmM 0.02 0.08 0.00 0.33 | F:μσmM 629.6 40.4 473.0 640.0 | H 1.935 | V 0.093 | pL 0.002 | vL 0.000 | ∇ 0.002
Status saved
Status saved
Status saved
Status saved
Status saved
U 3000 | F 384000 | FPS 1559 | D 268 | rR:μσmM 0.00 0.00 0.00 0.00 | F:μσmM 640.0 0.0 640.0 640.0 | H 1.939 | V 0.096 | pL 0.003 | vL 0.000 | ∇ 0.002
Status saved
Status saved
Status saved
Status saved
Status saved
U 3500 | F 448000 | FPS 1462 | D 312 | rR:μσmM 0.06 0.14 0.00 0.52 | F:μσmM 612.6 74.2 339.0 640.0 | H 1.938 | V 0.099 | pL -0.001 | vL 0.000 | ∇ 0.001
Status saved
Status saved
Status saved
Status saved
Status saved
U 4000 | F 512000 | FPS 1399 | D 357 | rR:μσmM 0.00 0.00 0.00 0.00 | F:μσmM 640.0 0.0 640.0 640.0 | H 1.932 | V 0.088 | pL -0.034 | vL 0.001 | ∇ 0.021
Status saved
Status saved
Status saved
Status saved
Status saved
U 4500 | F 576000 | FPS 1551 | D 401 | rR:μσmM 0.04 0.11 0.00 0.43 | F:μσmM 622.2 56.8 408.0 640.0 | H 1.928 | V 0.115 | pL 0.004 | vL 0.000 | ∇ 0.003
Status saved
Status saved
Status saved
Status saved
Status saved
U 5000 | F 640000 | FPS 1431 | D 446 | rR:μσmM 0.02 0.08 0.00 0.32 | F:μσmM 630.2 38.0 483.0 640.0 | H 1.935 | V 0.095 | pL 0.001 | vL 0.000 | ∇ 0.001
Status saved
Status saved
Status saved
Status saved
Status saved
U 5500 | F 704000 | FPS 1269 | D 490 | rR:μσmM 0.01 0.03 0.00 0.14 | F:μσmM 638.4 6.3 614.0 640.0 | H 1.932 | V 0.123 | pL 0.002 | vL 0.000 | ∇ 0.002
Status saved
Status saved
Status saved
Status saved
Status saved
U 6000 | F 768000 | FPS 1051 | D 534 | rR:μσmM 0.05 0.14 0.00 0.57 | F:μσmM 614.9 81.2 307.0 640.0 | H 1.933 | V 0.106 | pL -0.000 | vL 0.000 | ∇ 0.001
Status saved
Status saved
Status saved
Status saved
Status saved
U 6500 | F 832000 | FPS 1327 | D 579 | rR:μσmM 0.03 0.10 0.00 0.43 | F:μσmM 625.2 57.1 404.0 640.0 | H 1.932 | V 0.112 | pL 0.003 | vL 0.000 | ∇ 0.002
Status saved
Status saved
Status saved
Status saved
Status saved
U 7000 | F 896000 | FPS 1005 | D 623 | rR:μσmM 0.05 0.18 0.00 0.75 | F:μσmM 611.1 112.1 177.0 640.0 | H 1.933 | V 0.102 | pL 0.004 | vL 0.000 | ∇ 0.003
Status saved
Status saved
Status saved
Status saved
Status saved
U 7500 | F 960000 | FPS 1412 | D 668 | rR:μσmM 0.03 0.12 0.00 0.48 | F:μσmM 623.1 65.4 370.0 640.0 | H 1.930 | V 0.097 | pL -0.001 | vL 0.000 | ∇ 0.002
Status saved
Status saved
Status saved
Status saved
Status saved
U 8000 | F 1024000 | FPS 1554 | D 713 | rR:μσmM 0.02 0.07 0.00 0.31 | F:μσmM 630.7 36.1 491.0 640.0 | H 1.934 | V 0.098 | pL 0.002 | vL 0.000 | ∇ 0.002
Status saved
Status saved
Status saved
Status saved
Status saved
U 8500 | F 1088000 | FPS 1509 | D 757 | rR:μσmM 0.14 0.26 0.00 0.74 | F:μσmM 557.2 156.0 183.0 640.0 | H 1.927 | V 0.124 | pL -0.000 | vL 0.000 | ∇ 0.001
Status saved
Status saved
Status saved
Status saved
Status saved
U 9000 | F 1152000 | FPS 1260 | D 807 | rR:μσmM 0.03 0.07 0.00 0.23 | F:μσmM 629.4 28.3 546.0 640.0 | H 1.932 | V 0.106 | pL -0.000 | vL 0.000 | ∇ 0.001
Status saved
Status saved
Status saved
Status saved
Status saved
U 9500 | F 1216000 | FPS 1507 | D 852 | rR:μσmM 0.00 0.00 0.00 0.00 | F:μσmM 640.0 0.0 640.0 640.0 | H 1.891 | V 0.105 | pL 0.003 | vL 0.001 | ∇ 0.012
Status saved
Status saved
Status saved
Status saved
Status saved
U 10000 | F 1280000 | FPS 1415 | D 897 | rR:μσmM 0.13 0.26 0.00 0.70 | F:μσmM 563.1 160.4 210.0 640.0 | H 1.926 | V 0.120 | pL 0.000 | vL 0.000 | ∇ 0.002
Status saved
Status saved
Status saved
Status saved
Status saved
U 10500 | F 1344000 | FPS 1419 | D 941 | rR:μσmM 0.06 0.17 0.00 0.57 | F:μσmM 603.4 98.0 303.0 640.0 | H 1.930 | V 0.116 | pL -0.007 | vL 0.000 | ∇ 0.006
Status saved
Status saved
Status saved
Status saved
Status saved
U 11000 | F 1408000 | FPS 1460 | D 985 | rR:μσmM 0.04 0.17 0.00 0.70 | F:μσmM 613.4 103.1 214.0 640.0 | H 1.932 | V 0.100 | pL 0.004 | vL 0.000 | ∇ 0.003
Status saved
Status saved
Status saved
Status saved
Status saved
U 11500 | F 1472000 | FPS 1504 | D 1030 | rR:μσmM 0.00 0.00 0.00 0.00 | F:μσmM 640.0 0.0 640.0 640.0 | H 1.934 | V 0.093 | pL 0.004 | vL 0.000 | ∇ 0.003
Status saved
Status saved
Status saved
Status saved
Status saved
U 12000 | F 1536000 | FPS 1538 | D 1077 | rR:μσmM 0.12 0.23 0.00 0.83 | F:μσmM 576.0 138.4 122.0 640.0 | H 1.933 | V 0.123 | pL 0.002 | vL 0.000 | ∇ 0.002
Status saved
Status saved
Status saved
Status saved
Status saved
U 12500 | F 1600000 | FPS 1563 | D 1121 | rR:μσmM 0.04 0.14 0.00 0.58 | F:μσmM 618.8 82.3 300.0 640.0 | H 1.932 | V 0.105 | pL -0.002 | vL 0.000 | ∇ 0.003
Status saved
Status saved
Status saved
Status saved
Status saved
U 13000 | F 1664000 | FPS 1255 | D 1166 | rR:μσmM 0.03 0.13 0.00 0.54 | F:μσmM 620.4 75.8 327.0 640.0 | H 1.934 | V 0.110 | pL 0.002 | vL 0.000 | ∇ 0.002
Status saved
Status saved
Status saved
Status saved
Status saved
U 13500 | F 1728000 | FPS 1513 | D 1210 | rR:μσmM 0.01 0.04 0.00 0.15 | F:μσmM 637.8 8.7 604.0 640.0 | H 1.932 | V 0.095 | pL 0.005 | vL 0.000 | ∇ 0.003
Status saved
Status saved
Status saved
Status saved
Status saved
U 14000 | F 1792000 | FPS 1048 | D 1255 | rR:μσmM 0.00 0.00 0.00 0.00 | F:μσmM 640.0 0.0 640.0 640.0 | H 1.936 | V 0.100 | pL -0.001 | vL 0.000 | ∇ 0.001
Status saved
Status saved
Status saved
Status saved
Status saved
U 14500 | F 1856000 | FPS 1547 | D 1300 | rR:μσmM 0.03 0.11 0.00 0.45 | F:μσmM 624.4 60.5 390.0 640.0 | H 1.935 | V 0.101 | pL 0.002 | vL 0.000 | ∇ 0.002
Status saved
Status saved
Status saved
Status saved
Status saved
U 15000 | F 1920000 | FPS 1396 | D 1344 | rR:μσmM 0.01 0.05 0.00 0.20 | F:μσmM 635.6 17.2 569.0 640.0 | H 1.935 | V 0.098 | pL 0.002 | vL 0.000 | ∇ 0.001
Status saved
Status saved
Status saved
Status saved
Status saved
U 15500 | F 1984000 | FPS 1519 | D 1388 | rR:μσmM 0.05 0.18 0.00 0.74 | F:μσmM 611.7 109.7 187.0 640.0 | H 1.926 | V 0.106 | pL 0.005 | vL 0.000 | ∇ 0.003
Status saved
Status saved
Status saved
Status saved
Status saved
U 16000 | F 2048000 | FPS 1461 | D 1433 | rR:μσmM 0.02 0.07 0.00 0.30 | F:μσmM 631.3 33.6 501.0 640.0 | H 1.934 | V 0.094 | pL 0.005 | vL 0.000 | ∇ 0.003
Status saved
Status saved
Status saved
Status saved
Status saved
U 16500 | F 2112000 | FPS 1578 | D 1478 | rR:μσmM 0.00 0.00 0.00 0.00 | F:μσmM 640.0 0.0 640.0 640.0 | H 1.934 | V 0.106 | pL -0.001 | vL 0.000 | ∇ 0.001
Status saved
Status saved
Status saved
Status saved
Status saved
U 17000 | F 2176000 | FPS 1468 | D 1522 | rR:μσmM 0.00 0.00 0.00 0.00 | F:μσmM 640.0 0.0 640.0 640.0 | H 1.935 | V 0.093 | pL 0.003 | vL 0.000 | ∇ 0.002
Status saved
Status saved
Status saved
Status saved
Status saved
U 17500 | F 2240000 | FPS 1423 | D 1567 | rR:μσmM 0.00 0.00 0.00 0.00 | F:μσmM 640.0 0.0 640.0 640.0 | H 1.935 | V 0.110 | pL 0.001 | vL 0.000 | ∇ 0.001
Status saved
Status saved
Status saved
Status saved
Status saved
U 18000 | F 2304000 | FPS 1542 | D 1611 | rR:μσmM 0.08 0.23 0.00 0.88 | F:μσmM 590.9 142.0 85.0 640.0 | H 1.930 | V 0.113 | pL 0.002 | vL 0.000 | ∇ 0.002
Status saved
Status saved
Status saved
Status saved
Status saved
U 18500 | F 2368000 | FPS 1060 | D 1655 | rR:μσmM 0.03 0.12 0.00 0.50 | F:μσmM 622.4 68.0 359.0 640.0 | H 1.934 | V 0.095 | pL -0.010 | vL 0.000 | ∇ 0.006
Status saved
Status saved
Status saved
Status saved
Status saved
U 19000 | F 2432000 | FPS 1534 | D 1700 | rR:μσmM 0.02 0.06 0.00 0.27 | F:μσmM 632.6 28.8 521.0 640.0 | H 1.935 | V 0.101 | pL -0.001 | vL 0.000 | ∇ 0.001
Status saved
Status saved
Status saved
Status saved
Status saved
U 19500 | F 2496000 | FPS 1440 | D 1744 | rR:μσmM 0.05 0.12 0.00 0.42 | F:μσmM 614.9 60.4 414.0 640.0 | H 1.934 | V 0.101 | pL -0.001 | vL 0.000 | ∇ 0.001
Status saved
Status saved
Status saved
Status saved
Status saved
U 20000 | F 2560000 | FPS 1388 | D 1789 | rR:μσmM 0.01 0.05 0.00 0.21 | F:μσmM 635.2 18.6 563.0 640.0 | H 1.933 | V 0.101 | pL 0.002 | vL 0.000 | ∇ 0.001
Status saved
Status saved
Status saved
Status saved
Status saved
U 20500 | F 2624000 | FPS 1414 | D 1834 | rR:μσmM 0.03 0.11 0.00 0.47 | F:μσmM 623.5 63.9 376.0 640.0 | H 1.933 | V 0.109 | pL -0.005 | vL 0.000 | ∇ 0.004
Status saved
Status saved
Status saved
Status saved
Status saved
U 21000 | F 2688000 | FPS 1441 | D 1879 | rR:μσmM 0.03 0.13 0.00 0.55 | F:μσmM 619.9 77.9 318.0 640.0 | H 1.930 | V 0.106 | pL -0.000 | vL 0.000 | ∇ 0.001
Status saved
Status saved
Status saved
Status saved
Status saved
U 21500 | F 2752000 | FPS 1458 | D 1923 | rR:μσmM 0.00 0.00 0.00 0.00 | F:μσmM 640.0 0.0 640.0 640.0 | H 1.932 | V 0.104 | pL 0.000 | vL 0.000 | ∇ 0.001
Status saved
Status saved
Status saved
Status saved
Status saved
U 22000 | F 2816000 | FPS 1408 | D 1969 | rR:μσmM 0.05 0.13 0.00 0.47 | F:μσmM 615.4 69.6 374.0 640.0 | H 1.930 | V 0.111 | pL -0.001 | vL 0.000 | ∇ 0.002
Status saved
Status saved
Status saved
Status saved
Status saved
U 22500 | F 2880000 | FPS 1542 | D 2014 | rR:μσmM 0.08 0.21 0.00 0.74 | F:μσmM 594.1 123.4 188.0 640.0 | H 1.933 | V 0.110 | pL -0.003 | vL 0.000 | ∇ 0.002
Status saved
Status saved
Status saved
Status saved
Status saved
U 23000 | F 2944000 | FPS 1448 | D 2058 | rR:μσmM 0.04 0.16 0.00 0.68 | F:μσmM 614.2 99.7 228.0 640.0 | H 1.927 | V 0.097 | pL 0.002 | vL 0.000 | ∇ 0.002
Status saved
Status saved
Status saved
Status saved
Status saved
