/workspace/learn-si2e/base-vcse/VCSE_DrQv2/train.py:207: UserWarning: 
The version_base parameter is not specified.
Please specify a compatability version level, or None.
Will assume defaults for version 1.1
  @hydra.main(config_path='cfgs', config_name='config')
/usr/local/lib/python3.10/dist-packages/hydra/_internal/hydra.py:119: UserWarning: Future Hydra versions will no longer change working directory at job runtime by default.
See https://hydra.cc/docs/1.2/upgrades/1.1_to_1.2/changes_to_job_working_dir/ for more information.
  ret = run_job(
/workspace/learn-si2e/base-vcse/VCSE_DrQv2/train.py:207: UserWarning: 
The version_base parameter is not specified.
Please specify a compatability version level, or None.
Will assume defaults for version 1.1
  @hydra.main(config_path='cfgs', config_name='config')
workspace: /workspace/learn-si2e/results/drqv2-official/cartpole_balance_vcse_seed1
| eval           | F: 0 | S: 0 | E: 0 | L: 1000 | R: 390.1241 | T: 0:00:00
| train          | F: 5000 | S: 2500 | E: 5 | L: 1000 | R: 163.1459 | BS: 2500 | FPS: 17.0965 | T: 0:00:58
| train          | F: 6000 | S: 3000 | E: 6 | L: 1000 | R: 147.2765 | BS: 3000 | FPS: 47.6407 | T: 0:01:19
| train          | F: 7000 | S: 3500 | E: 7 | L: 1000 | R: 140.2756 | BS: 3500 | FPS: 47.3331 | T: 0:01:40
| train          | F: 8000 | S: 4000 | E: 8 | L: 1000 | R: 142.5714 | BS: 4000 | FPS: 46.5817 | T: 0:02:02
| train          | F: 9000 | S: 4500 | E: 9 | L: 1000 | R: 141.4124 | BS: 4500 | FPS: 46.0489 | T: 0:02:23
| train          | F: 10000 | S: 5000 | E: 10 | L: 1000 | R: 143.3130 | BS: 5000 | FPS: 43.7635 | T: 0:02:46
| eval           | F: 10000 | S: 5000 | E: 10 | L: 1000 | R: 135.7017 | T: 0:02:46
| train          | F: 11000 | S: 5500 | E: 11 | L: 1000 | R: 229.2213 | BS: 5500 | FPS: 20.4595 | T: 0:03:35
| train          | F: 12000 | S: 6000 | E: 12 | L: 1000 | R: 371.4980 | BS: 6000 | FPS: 44.6751 | T: 0:03:57
| train          | F: 13000 | S: 6500 | E: 13 | L: 1000 | R: 308.3888 | BS: 6500 | FPS: 44.9004 | T: 0:04:20
| train          | F: 14000 | S: 7000 | E: 14 | L: 1000 | R: 338.2033 | BS: 7000 | FPS: 42.1405 | T: 0:04:43
| train          | F: 15000 | S: 7500 | E: 15 | L: 1000 | R: 350.0917 | BS: 7500 | FPS: 38.6737 | T: 0:05:09
| train          | F: 16000 | S: 8000 | E: 16 | L: 1000 | R: 571.6757 | BS: 8000 | FPS: 41.4162 | T: 0:05:33
| train          | F: 17000 | S: 8500 | E: 17 | L: 1000 | R: 611.2932 | BS: 8500 | FPS: 46.0778 | T: 0:05:55
| train          | F: 18000 | S: 9000 | E: 18 | L: 1000 | R: 547.4032 | BS: 9000 | FPS: 44.6783 | T: 0:06:17
| train          | F: 19000 | S: 9500 | E: 19 | L: 1000 | R: 485.5048 | BS: 9500 | FPS: 45.3899 | T: 0:06:40
| train          | F: 20000 | S: 10000 | E: 20 | L: 1000 | R: 432.9479 | BS: 10000 | FPS: 43.2878 | T: 0:07:03
| eval           | F: 20000 | S: 10000 | E: 20 | L: 1000 | R: 573.6861 | T: 0:07:03
| train          | F: 21000 | S: 10500 | E: 21 | L: 1000 | R: 728.5901 | BS: 10500 | FPS: 21.7465 | T: 0:07:49
| train          | F: 22000 | S: 11000 | E: 22 | L: 1000 | R: 555.0171 | BS: 11000 | FPS: 46.8714 | T: 0:08:10
| train          | F: 23000 | S: 11500 | E: 23 | L: 1000 | R: 964.0931 | BS: 11500 | FPS: 45.0480 | T: 0:08:32
| train          | F: 24000 | S: 12000 | E: 24 | L: 1000 | R: 531.6174 | BS: 12000 | FPS: 44.6925 | T: 0:08:55
| train          | F: 25000 | S: 12500 | E: 25 | L: 1000 | R: 957.1487 | BS: 12500 | FPS: 44.1120 | T: 0:09:17
| train          | F: 26000 | S: 13000 | E: 26 | L: 1000 | R: 951.0862 | BS: 13000 | FPS: 42.1687 | T: 0:09:41
| train          | F: 27000 | S: 13500 | E: 27 | L: 1000 | R: 950.6096 | BS: 13500 | FPS: 43.4174 | T: 0:10:04
| train          | F: 28000 | S: 14000 | E: 28 | L: 1000 | R: 953.0425 | BS: 14000 | FPS: 42.6697 | T: 0:10:27
| train          | F: 29000 | S: 14500 | E: 29 | L: 1000 | R: 940.7080 | BS: 14500 | FPS: 42.5746 | T: 0:10:51
| train          | F: 30000 | S: 15000 | E: 30 | L: 1000 | R: 953.1190 | BS: 15000 | FPS: 44.5796 | T: 0:11:13
| eval           | F: 30000 | S: 15000 | E: 30 | L: 1000 | R: 969.2946 | T: 0:11:13
| train          | F: 31000 | S: 15500 | E: 31 | L: 1000 | R: 945.4339 | BS: 15500 | FPS: 21.0231 | T: 0:12:01
| train          | F: 32000 | S: 16000 | E: 32 | L: 1000 | R: 941.2550 | BS: 16000 | FPS: 45.1331 | T: 0:12:23
| train          | F: 33000 | S: 16500 | E: 33 | L: 1000 | R: 950.8054 | BS: 16500 | FPS: 43.0905 | T: 0:12:46
| train          | F: 34000 | S: 17000 | E: 34 | L: 1000 | R: 947.7936 | BS: 17000 | FPS: 44.4252 | T: 0:13:09
| train          | F: 35000 | S: 17500 | E: 35 | L: 1000 | R: 954.1114 | BS: 17500 | FPS: 43.4321 | T: 0:13:32
| train          | F: 36000 | S: 18000 | E: 36 | L: 1000 | R: 947.8383 | BS: 18000 | FPS: 41.9473 | T: 0:13:56
| train          | F: 37000 | S: 18500 | E: 37 | L: 1000 | R: 955.6789 | BS: 18500 | FPS: 45.4844 | T: 0:14:18
| train          | F: 38000 | S: 19000 | E: 38 | L: 1000 | R: 955.9099 | BS: 19000 | FPS: 43.9189 | T: 0:14:40
| train          | F: 39000 | S: 19500 | E: 39 | L: 1000 | R: 955.8648 | BS: 19500 | FPS: 43.7331 | T: 0:15:03
| train          | F: 40000 | S: 20000 | E: 40 | L: 1000 | R: 956.6666 | BS: 20000 | FPS: 42.6054 | T: 0:15:27
| eval           | F: 40000 | S: 20000 | E: 40 | L: 1000 | R: 972.9898 | T: 0:15:27
| train          | F: 41000 | S: 20500 | E: 41 | L: 1000 | R: 957.4735 | BS: 20500 | FPS: 20.5848 | T: 0:16:15
| train          | F: 42000 | S: 21000 | E: 42 | L: 1000 | R: 966.6841 | BS: 21000 | FPS: 46.3045 | T: 0:16:37
| train          | F: 43000 | S: 21500 | E: 43 | L: 1000 | R: 955.3729 | BS: 21500 | FPS: 41.2553 | T: 0:17:01
| train          | F: 44000 | S: 22000 | E: 44 | L: 1000 | R: 967.3015 | BS: 22000 | FPS: 38.7438 | T: 0:17:27
| train          | F: 45000 | S: 22500 | E: 45 | L: 1000 | R: 959.4818 | BS: 22500 | FPS: 42.9865 | T: 0:17:50
| train          | F: 46000 | S: 23000 | E: 46 | L: 1000 | R: 969.5573 | BS: 23000 | FPS: 44.7380 | T: 0:18:13
| train          | F: 47000 | S: 23500 | E: 47 | L: 1000 | R: 971.5156 | BS: 23500 | FPS: 40.2734 | T: 0:18:37
| train          | F: 48000 | S: 24000 | E: 48 | L: 1000 | R: 972.9280 | BS: 24000 | FPS: 38.8086 | T: 0:19:03
| train          | F: 49000 | S: 24500 | E: 49 | L: 1000 | R: 969.4373 | BS: 24500 | FPS: 38.5189 | T: 0:19:29
| train          | F: 50000 | S: 25000 | E: 50 | L: 1000 | R: 970.7748 | BS: 25000 | FPS: 43.8875 | T: 0:19:52
| eval           | F: 50000 | S: 25000 | E: 50 | L: 1000 | R: 989.1391 | T: 0:19:52
| train          | F: 51000 | S: 25500 | E: 51 | L: 1000 | R: 976.4982 | BS: 25500 | FPS: 20.9832 | T: 0:20:40
| train          | F: 52000 | S: 26000 | E: 52 | L: 1000 | R: 970.8330 | BS: 26000 | FPS: 46.6863 | T: 0:21:01
| train          | F: 53000 | S: 26500 | E: 53 | L: 1000 | R: 973.1380 | BS: 26500 | FPS: 46.5887 | T: 0:21:22
| train          | F: 54000 | S: 27000 | E: 54 | L: 1000 | R: 978.4402 | BS: 27000 | FPS: 44.8960 | T: 0:21:45
| train          | F: 55000 | S: 27500 | E: 55 | L: 1000 | R: 969.7576 | BS: 27500 | FPS: 44.1984 | T: 0:22:07
| train          | F: 56000 | S: 28000 | E: 56 | L: 1000 | R: 978.2379 | BS: 28000 | FPS: 43.6170 | T: 0:22:30
| train          | F: 57000 | S: 28500 | E: 57 | L: 1000 | R: 977.7068 | BS: 28500 | FPS: 43.7416 | T: 0:22:53
| train          | F: 58000 | S: 29000 | E: 58 | L: 1000 | R: 982.5679 | BS: 29000 | FPS: 44.0485 | T: 0:23:16
| train          | F: 59000 | S: 29500 | E: 59 | L: 1000 | R: 976.0307 | BS: 29500 | FPS: 43.4868 | T: 0:23:39
| train          | F: 60000 | S: 30000 | E: 60 | L: 1000 | R: 973.0250 | BS: 30000 | FPS: 43.1420 | T: 0:24:02
| eval           | F: 60000 | S: 30000 | E: 60 | L: 1000 | R: 992.4671 | T: 0:24:02
| train          | F: 61000 | S: 30500 | E: 61 | L: 1000 | R: 974.7351 | BS: 30500 | FPS: 20.4438 | T: 0:24:51
| train          | F: 62000 | S: 31000 | E: 62 | L: 1000 | R: 976.2625 | BS: 31000 | FPS: 45.5618 | T: 0:25:13
| train          | F: 63000 | S: 31500 | E: 63 | L: 1000 | R: 977.1286 | BS: 31500 | FPS: 42.6129 | T: 0:25:36
| train          | F: 64000 | S: 32000 | E: 64 | L: 1000 | R: 975.9828 | BS: 32000 | FPS: 42.4796 | T: 0:26:00
| train          | F: 65000 | S: 32500 | E: 65 | L: 1000 | R: 977.9443 | BS: 32500 | FPS: 44.0208 | T: 0:26:23
| train          | F: 66000 | S: 33000 | E: 66 | L: 1000 | R: 975.2927 | BS: 33000 | FPS: 44.0504 | T: 0:26:45
| train          | F: 67000 | S: 33500 | E: 67 | L: 1000 | R: 973.8024 | BS: 33500 | FPS: 43.1577 | T: 0:27:08
| train          | F: 68000 | S: 34000 | E: 68 | L: 1000 | R: 980.3980 | BS: 34000 | FPS: 45.0963 | T: 0:27:31
| train          | F: 69000 | S: 34500 | E: 69 | L: 1000 | R: 978.2835 | BS: 34500 | FPS: 39.1273 | T: 0:27:56
| train          | F: 70000 | S: 35000 | E: 70 | L: 1000 | R: 976.4936 | BS: 35000 | FPS: 42.1432 | T: 0:28:20
| eval           | F: 70000 | S: 35000 | E: 70 | L: 1000 | R: 983.3918 | T: 0:28:20
| train          | F: 71000 | S: 35500 | E: 71 | L: 1000 | R: 979.4364 | BS: 35500 | FPS: 20.1428 | T: 0:29:10
| train          | F: 72000 | S: 36000 | E: 72 | L: 1000 | R: 980.9726 | BS: 36000 | FPS: 46.3404 | T: 0:29:31
| train          | F: 73000 | S: 36500 | E: 73 | L: 1000 | R: 980.0772 | BS: 36500 | FPS: 45.0075 | T: 0:29:53
| train          | F: 74000 | S: 37000 | E: 74 | L: 1000 | R: 978.4810 | BS: 37000 | FPS: 44.6413 | T: 0:30:16
| train          | F: 75000 | S: 37500 | E: 75 | L: 1000 | R: 980.5492 | BS: 37500 | FPS: 45.8244 | T: 0:30:38
| train          | F: 76000 | S: 38000 | E: 76 | L: 1000 | R: 975.1472 | BS: 38000 | FPS: 43.6077 | T: 0:31:00
| train          | F: 77000 | S: 38500 | E: 77 | L: 1000 | R: 977.0243 | BS: 38500 | FPS: 43.7382 | T: 0:31:23
| train          | F: 78000 | S: 39000 | E: 78 | L: 1000 | R: 977.0112 | BS: 39000 | FPS: 41.4893 | T: 0:31:47
| train          | F: 79000 | S: 39500 | E: 79 | L: 1000 | R: 983.7343 | BS: 39500 | FPS: 43.9147 | T: 0:32:10
| train          | F: 80000 | S: 40000 | E: 80 | L: 1000 | R: 972.1599 | BS: 40000 | FPS: 41.1721 | T: 0:32:35
| eval           | F: 80000 | S: 40000 | E: 80 | L: 1000 | R: 987.7544 | T: 0:32:35
| train          | F: 81000 | S: 40500 | E: 81 | L: 1000 | R: 975.7064 | BS: 40500 | FPS: 20.9233 | T: 0:33:22
| train          | F: 82000 | S: 41000 | E: 82 | L: 1000 | R: 966.4430 | BS: 41000 | FPS: 45.4904 | T: 0:33:44
| train          | F: 83000 | S: 41500 | E: 83 | L: 1000 | R: 972.1612 | BS: 41500 | FPS: 44.6137 | T: 0:34:07
| train          | F: 84000 | S: 42000 | E: 84 | L: 1000 | R: 980.7082 | BS: 42000 | FPS: 45.1645 | T: 0:34:29
| train          | F: 85000 | S: 42500 | E: 85 | L: 1000 | R: 657.9700 | BS: 42500 | FPS: 40.2262 | T: 0:34:54
| train          | F: 86000 | S: 43000 | E: 86 | L: 1000 | R: 976.3177 | BS: 43000 | FPS: 37.7248 | T: 0:35:20
| train          | F: 87000 | S: 43500 | E: 87 | L: 1000 | R: 979.3037 | BS: 43500 | FPS: 41.9592 | T: 0:35:44
| train          | F: 88000 | S: 44000 | E: 88 | L: 1000 | R: 975.4987 | BS: 44000 | FPS: 45.6889 | T: 0:36:06
| train          | F: 89000 | S: 44500 | E: 89 | L: 1000 | R: 972.2923 | BS: 44500 | FPS: 41.8694 | T: 0:36:30
| train          | F: 90000 | S: 45000 | E: 90 | L: 1000 | R: 969.3986 | BS: 45000 | FPS: 43.5858 | T: 0:36:53
| eval           | F: 90000 | S: 45000 | E: 90 | L: 1000 | R: 991.6185 | T: 0:36:53
| train          | F: 91000 | S: 45500 | E: 91 | L: 1000 | R: 971.4737 | BS: 45500 | FPS: 20.3892 | T: 0:37:42
| train          | F: 92000 | S: 46000 | E: 92 | L: 1000 | R: 974.4783 | BS: 46000 | FPS: 45.9848 | T: 0:38:04
| train          | F: 93000 | S: 46500 | E: 93 | L: 1000 | R: 970.6064 | BS: 46500 | FPS: 43.3332 | T: 0:38:27
| train          | F: 94000 | S: 47000 | E: 94 | L: 1000 | R: 628.4409 | BS: 47000 | FPS: 42.9515 | T: 0:38:50
| train          | F: 95000 | S: 47500 | E: 95 | L: 1000 | R: 973.7536 | BS: 47500 | FPS: 42.9403 | T: 0:39:13
| train          | F: 96000 | S: 48000 | E: 96 | L: 1000 | R: 971.3750 | BS: 48000 | FPS: 44.4764 | T: 0:39:36
| train          | F: 97000 | S: 48500 | E: 97 | L: 1000 | R: 979.2939 | BS: 48500 | FPS: 45.3799 | T: 0:39:58
| train          | F: 98000 | S: 49000 | E: 98 | L: 1000 | R: 965.2736 | BS: 49000 | FPS: 44.6241 | T: 0:40:20
| train          | F: 99000 | S: 49500 | E: 99 | L: 1000 | R: 971.2138 | BS: 49500 | FPS: 40.1588 | T: 0:40:45
| train          | F: 100000 | S: 50000 | E: 100 | L: 1000 | R: 974.5926 | BS: 50000 | FPS: 37.5012 | T: 0:41:12
| eval           | F: 100000 | S: 50000 | E: 100 | L: 1000 | R: 990.9779 | T: 0:41:12
| train          | F: 101000 | S: 50500 | E: 101 | L: 1000 | R: 974.5379 | BS: 50500 | FPS: 19.1766 | T: 0:42:04
| train          | F: 102000 | S: 51000 | E: 102 | L: 1000 | R: 976.0492 | BS: 51000 | FPS: 44.7566 | T: 0:42:26
| train          | F: 103000 | S: 51500 | E: 103 | L: 1000 | R: 975.0244 | BS: 51500 | FPS: 46.6580 | T: 0:42:48
| train          | F: 104000 | S: 52000 | E: 104 | L: 1000 | R: 972.2889 | BS: 52000 | FPS: 44.7126 | T: 0:43:10
| train          | F: 105000 | S: 52500 | E: 105 | L: 1000 | R: 977.0314 | BS: 52500 | FPS: 41.8047 | T: 0:43:34
| train          | F: 106000 | S: 53000 | E: 106 | L: 1000 | R: 973.6582 | BS: 53000 | FPS: 42.1483 | T: 0:43:58
| train          | F: 107000 | S: 53500 | E: 107 | L: 1000 | R: 967.0952 | BS: 53500 | FPS: 39.4932 | T: 0:44:23
| train          | F: 108000 | S: 54000 | E: 108 | L: 1000 | R: 971.4024 | BS: 54000 | FPS: 46.4491 | T: 0:44:44
| train          | F: 109000 | S: 54500 | E: 109 | L: 1000 | R: 958.8266 | BS: 54500 | FPS: 42.8753 | T: 0:45:08
| train          | F: 110000 | S: 55000 | E: 110 | L: 1000 | R: 967.8703 | BS: 55000 | FPS: 43.6490 | T: 0:45:31
| eval           | F: 110000 | S: 55000 | E: 110 | L: 1000 | R: 981.2785 | T: 0:45:31
| train          | F: 111000 | S: 55500 | E: 111 | L: 1000 | R: 965.8858 | BS: 55500 | FPS: 20.2860 | T: 0:46:20
| train          | F: 112000 | S: 56000 | E: 112 | L: 1000 | R: 966.5336 | BS: 56000 | FPS: 40.5008 | T: 0:46:45
| train          | F: 113000 | S: 56500 | E: 113 | L: 1000 | R: 964.5389 | BS: 56500 | FPS: 38.8805 | T: 0:47:10
| train          | F: 114000 | S: 57000 | E: 114 | L: 1000 | R: 966.2840 | BS: 57000 | FPS: 41.0706 | T: 0:47:35
| train          | F: 115000 | S: 57500 | E: 115 | L: 1000 | R: 959.5631 | BS: 57500 | FPS: 44.5923 | T: 0:47:57
| train          | F: 116000 | S: 58000 | E: 116 | L: 1000 | R: 966.7820 | BS: 58000 | FPS: 43.4996 | T: 0:48:20
| train          | F: 117000 | S: 58500 | E: 117 | L: 1000 | R: 973.2331 | BS: 58500 | FPS: 42.7966 | T: 0:48:44
| train          | F: 118000 | S: 59000 | E: 118 | L: 1000 | R: 973.4580 | BS: 59000 | FPS: 46.2579 | T: 0:49:05
| train          | F: 119000 | S: 59500 | E: 119 | L: 1000 | R: 969.6808 | BS: 59500 | FPS: 42.2606 | T: 0:49:29
| train          | F: 120000 | S: 60000 | E: 120 | L: 1000 | R: 973.7605 | BS: 60000 | FPS: 43.2413 | T: 0:49:52
| eval           | F: 120000 | S: 60000 | E: 120 | L: 1000 | R: 980.0652 | T: 0:49:52
| train          | F: 121000 | S: 60500 | E: 121 | L: 1000 | R: 967.9222 | BS: 60500 | FPS: 20.6254 | T: 0:50:40
| train          | F: 122000 | S: 61000 | E: 122 | L: 1000 | R: 975.5771 | BS: 61000 | FPS: 46.4593 | T: 0:51:02
| train          | F: 123000 | S: 61500 | E: 123 | L: 1000 | R: 880.8497 | BS: 61500 | FPS: 45.3473 | T: 0:51:24
| train          | F: 124000 | S: 62000 | E: 124 | L: 1000 | R: 969.7352 | BS: 62000 | FPS: 44.3179 | T: 0:51:47
| train          | F: 125000 | S: 62500 | E: 125 | L: 1000 | R: 969.0581 | BS: 62500 | FPS: 40.7178 | T: 0:52:11
| train          | F: 126000 | S: 63000 | E: 126 | L: 1000 | R: 972.0079 | BS: 63000 | FPS: 42.0691 | T: 0:52:35
| train          | F: 127000 | S: 63500 | E: 127 | L: 1000 | R: 961.5738 | BS: 63500 | FPS: 41.8675 | T: 0:52:59
| train          | F: 128000 | S: 64000 | E: 128 | L: 1000 | R: 966.7391 | BS: 64000 | FPS: 43.2199 | T: 0:53:22
| train          | F: 129000 | S: 64500 | E: 129 | L: 1000 | R: 969.8323 | BS: 64500 | FPS: 45.0768 | T: 0:53:44
| train          | F: 130000 | S: 65000 | E: 130 | L: 1000 | R: 968.6947 | BS: 65000 | FPS: 44.4425 | T: 0:54:07
| eval           | F: 130000 | S: 65000 | E: 130 | L: 1000 | R: 981.5286 | T: 0:54:07
| train          | F: 131000 | S: 65500 | E: 131 | L: 1000 | R: 972.2826 | BS: 65500 | FPS: 19.8853 | T: 0:54:57
| train          | F: 132000 | S: 66000 | E: 132 | L: 1000 | R: 977.8692 | BS: 66000 | FPS: 45.9890 | T: 0:55:19
| train          | F: 133000 | S: 66500 | E: 133 | L: 1000 | R: 978.6535 | BS: 66500 | FPS: 45.6304 | T: 0:55:41
| train          | F: 134000 | S: 67000 | E: 134 | L: 1000 | R: 968.0752 | BS: 67000 | FPS: 44.7866 | T: 0:56:03
| train          | F: 135000 | S: 67500 | E: 135 | L: 1000 | R: 970.2776 | BS: 67500 | FPS: 41.0539 | T: 0:56:27
| train          | F: 136000 | S: 68000 | E: 136 | L: 1000 | R: 963.6745 | BS: 68000 | FPS: 43.3616 | T: 0:56:50
| train          | F: 137000 | S: 68500 | E: 137 | L: 1000 | R: 977.1224 | BS: 68500 | FPS: 42.9009 | T: 0:57:14
| train          | F: 138000 | S: 69000 | E: 138 | L: 1000 | R: 978.6821 | BS: 69000 | FPS: 43.8550 | T: 0:57:36
| train          | F: 139000 | S: 69500 | E: 139 | L: 1000 | R: 967.4478 | BS: 69500 | FPS: 43.0413 | T: 0:58:00
| train          | F: 140000 | S: 70000 | E: 140 | L: 1000 | R: 964.0806 | BS: 70000 | FPS: 42.7504 | T: 0:58:23
| eval           | F: 140000 | S: 70000 | E: 140 | L: 1000 | R: 978.6628 | T: 0:58:23
| train          | F: 141000 | S: 70500 | E: 141 | L: 1000 | R: 972.0722 | BS: 70500 | FPS: 19.8904 | T: 0:59:13
| train          | F: 142000 | S: 71000 | E: 142 | L: 1000 | R: 962.5107 | BS: 71000 | FPS: 45.5096 | T: 0:59:35
| train          | F: 143000 | S: 71500 | E: 143 | L: 1000 | R: 972.2144 | BS: 71500 | FPS: 45.3959 | T: 0:59:57
| train          | F: 144000 | S: 72000 | E: 144 | L: 1000 | R: 974.6437 | BS: 72000 | FPS: 43.3779 | T: 1:00:20
| train          | F: 145000 | S: 72500 | E: 145 | L: 1000 | R: 982.7217 | BS: 72500 | FPS: 45.7466 | T: 1:00:42
| train          | F: 146000 | S: 73000 | E: 146 | L: 1000 | R: 980.1857 | BS: 73000 | FPS: 41.8488 | T: 1:01:06
| train          | F: 147000 | S: 73500 | E: 147 | L: 1000 | R: 970.0189 | BS: 73500 | FPS: 42.1677 | T: 1:01:30
| train          | F: 148000 | S: 74000 | E: 148 | L: 1000 | R: 973.1867 | BS: 74000 | FPS: 42.2699 | T: 1:01:54
| train          | F: 149000 | S: 74500 | E: 149 | L: 1000 | R: 974.9295 | BS: 74500 | FPS: 41.1504 | T: 1:02:18
| train          | F: 150000 | S: 75000 | E: 150 | L: 1000 | R: 969.3414 | BS: 75000 | FPS: 42.7970 | T: 1:02:41
| eval           | F: 150000 | S: 75000 | E: 150 | L: 1000 | R: 990.1813 | T: 1:02:41
| train          | F: 151000 | S: 75500 | E: 151 | L: 1000 | R: 976.7400 | BS: 75500 | FPS: 21.1136 | T: 1:03:29
| train          | F: 152000 | S: 76000 | E: 152 | L: 1000 | R: 971.1307 | BS: 76000 | FPS: 45.6834 | T: 1:03:50
| train          | F: 153000 | S: 76500 | E: 153 | L: 1000 | R: 972.9456 | BS: 76500 | FPS: 45.2337 | T: 1:04:13
| train          | F: 154000 | S: 77000 | E: 154 | L: 1000 | R: 977.2477 | BS: 77000 | FPS: 41.9937 | T: 1:04:36
| train          | F: 155000 | S: 77500 | E: 155 | L: 1000 | R: 976.1855 | BS: 77500 | FPS: 43.3950 | T: 1:04:59
| train          | F: 156000 | S: 78000 | E: 156 | L: 1000 | R: 978.0206 | BS: 78000 | FPS: 43.2903 | T: 1:05:22
| train          | F: 157000 | S: 78500 | E: 157 | L: 1000 | R: 967.7388 | BS: 78500 | FPS: 42.8205 | T: 1:05:46
| train          | F: 158000 | S: 79000 | E: 158 | L: 1000 | R: 972.4665 | BS: 79000 | FPS: 43.7817 | T: 1:06:09
| train          | F: 159000 | S: 79500 | E: 159 | L: 1000 | R: 978.6931 | BS: 79500 | FPS: 43.6885 | T: 1:06:32
| train          | F: 160000 | S: 80000 | E: 160 | L: 1000 | R: 979.4601 | BS: 80000 | FPS: 41.8320 | T: 1:06:55
| eval           | F: 160000 | S: 80000 | E: 160 | L: 1000 | R: 982.9248 | T: 1:06:55
| train          | F: 161000 | S: 80500 | E: 161 | L: 1000 | R: 968.9723 | BS: 80500 | FPS: 19.9066 | T: 1:07:46
| train          | F: 162000 | S: 81000 | E: 162 | L: 1000 | R: 974.6805 | BS: 81000 | FPS: 45.5405 | T: 1:08:08
| train          | F: 163000 | S: 81500 | E: 163 | L: 1000 | R: 974.1684 | BS: 81500 | FPS: 45.7293 | T: 1:08:30
| train          | F: 164000 | S: 82000 | E: 164 | L: 1000 | R: 972.1810 | BS: 82000 | FPS: 44.3175 | T: 1:08:52
| train          | F: 165000 | S: 82500 | E: 165 | L: 1000 | R: 973.0471 | BS: 82500 | FPS: 42.8146 | T: 1:09:15
| train          | F: 166000 | S: 83000 | E: 166 | L: 1000 | R: 968.1542 | BS: 83000 | FPS: 42.1524 | T: 1:09:39
| train          | F: 167000 | S: 83500 | E: 167 | L: 1000 | R: 977.1829 | BS: 83500 | FPS: 44.8511 | T: 1:10:01
| train          | F: 168000 | S: 84000 | E: 168 | L: 1000 | R: 965.3246 | BS: 84000 | FPS: 42.2925 | T: 1:10:25
| train          | F: 169000 | S: 84500 | E: 169 | L: 1000 | R: 974.4542 | BS: 84500 | FPS: 41.6159 | T: 1:10:49
| train          | F: 170000 | S: 85000 | E: 170 | L: 1000 | R: 966.9999 | BS: 85000 | FPS: 41.8653 | T: 1:11:13
| eval           | F: 170000 | S: 85000 | E: 170 | L: 1000 | R: 995.5964 | T: 1:11:13
| train          | F: 171000 | S: 85500 | E: 171 | L: 1000 | R: 974.9118 | BS: 85500 | FPS: 20.2512 | T: 1:12:02
| train          | F: 172000 | S: 86000 | E: 172 | L: 1000 | R: 981.7113 | BS: 86000 | FPS: 43.8917 | T: 1:12:25
| train          | F: 173000 | S: 86500 | E: 173 | L: 1000 | R: 972.2237 | BS: 86500 | FPS: 42.8227 | T: 1:12:49
| train          | F: 174000 | S: 87000 | E: 174 | L: 1000 | R: 975.2625 | BS: 87000 | FPS: 43.5026 | T: 1:13:12
| train          | F: 175000 | S: 87500 | E: 175 | L: 1000 | R: 975.0017 | BS: 87500 | FPS: 43.4039 | T: 1:13:35
| train          | F: 176000 | S: 88000 | E: 176 | L: 1000 | R: 971.4795 | BS: 88000 | FPS: 43.2575 | T: 1:13:58
| train          | F: 177000 | S: 88500 | E: 177 | L: 1000 | R: 978.0681 | BS: 88500 | FPS: 41.9318 | T: 1:14:22
| train          | F: 178000 | S: 89000 | E: 178 | L: 1000 | R: 970.1641 | BS: 89000 | FPS: 42.4277 | T: 1:14:45
| train          | F: 179000 | S: 89500 | E: 179 | L: 1000 | R: 968.4705 | BS: 89500 | FPS: 42.6050 | T: 1:15:09
| train          | F: 180000 | S: 90000 | E: 180 | L: 1000 | R: 970.6832 | BS: 90000 | FPS: 45.1110 | T: 1:15:31
| eval           | F: 180000 | S: 90000 | E: 180 | L: 1000 | R: 984.5253 | T: 1:15:31
| train          | F: 181000 | S: 90500 | E: 181 | L: 1000 | R: 972.8976 | BS: 90500 | FPS: 21.2704 | T: 1:16:18
| train          | F: 182000 | S: 91000 | E: 182 | L: 1000 | R: 972.8302 | BS: 91000 | FPS: 42.7690 | T: 1:16:41
| train          | F: 183000 | S: 91500 | E: 183 | L: 1000 | R: 973.2719 | BS: 91500 | FPS: 44.8346 | T: 1:17:03
| train          | F: 184000 | S: 92000 | E: 184 | L: 1000 | R: 972.8671 | BS: 92000 | FPS: 43.1921 | T: 1:17:27
| train          | F: 185000 | S: 92500 | E: 185 | L: 1000 | R: 976.5131 | BS: 92500 | FPS: 41.3487 | T: 1:17:51
| train          | F: 186000 | S: 93000 | E: 186 | L: 1000 | R: 974.9525 | BS: 93000 | FPS: 42.8454 | T: 1:18:14
| train          | F: 187000 | S: 93500 | E: 187 | L: 1000 | R: 972.0724 | BS: 93500 | FPS: 42.4842 | T: 1:18:38
| train          | F: 188000 | S: 94000 | E: 188 | L: 1000 | R: 974.7351 | BS: 94000 | FPS: 40.9787 | T: 1:19:02
| train          | F: 189000 | S: 94500 | E: 189 | L: 1000 | R: 980.6006 | BS: 94500 | FPS: 43.4240 | T: 1:19:25
| train          | F: 190000 | S: 95000 | E: 190 | L: 1000 | R: 974.9847 | BS: 95000 | FPS: 41.9071 | T: 1:19:49
| eval           | F: 190000 | S: 95000 | E: 190 | L: 1000 | R: 916.9617 | T: 1:19:49
| train          | F: 191000 | S: 95500 | E: 191 | L: 1000 | R: 978.7298 | BS: 95500 | FPS: 20.3103 | T: 1:20:38
| train          | F: 192000 | S: 96000 | E: 192 | L: 1000 | R: 974.1980 | BS: 96000 | FPS: 45.7465 | T: 1:21:00
| train          | F: 193000 | S: 96500 | E: 193 | L: 1000 | R: 974.9416 | BS: 96500 | FPS: 44.7142 | T: 1:21:22
| train          | F: 194000 | S: 97000 | E: 194 | L: 1000 | R: 972.3191 | BS: 97000 | FPS: 41.6191 | T: 1:21:46
| train          | F: 195000 | S: 97500 | E: 195 | L: 1000 | R: 975.0148 | BS: 97500 | FPS: 42.9182 | T: 1:22:10
| train          | F: 196000 | S: 98000 | E: 196 | L: 1000 | R: 971.9022 | BS: 98000 | FPS: 42.6697 | T: 1:22:33
| train          | F: 197000 | S: 98500 | E: 197 | L: 1000 | R: 979.9596 | BS: 98500 | FPS: 44.6558 | T: 1:22:56
| train          | F: 198000 | S: 99000 | E: 198 | L: 1000 | R: 971.8849 | BS: 99000 | FPS: 41.5458 | T: 1:23:20
| train          | F: 199000 | S: 99500 | E: 199 | L: 1000 | R: 970.9255 | BS: 99500 | FPS: 43.2514 | T: 1:23:43
| train          | F: 200000 | S: 100000 | E: 200 | L: 1000 | R: 979.5656 | BS: 100000 | FPS: 44.8412 | T: 1:24:05
| eval           | F: 200000 | S: 100000 | E: 200 | L: 1000 | R: 993.7270 | T: 1:24:05
| train          | F: 201000 | S: 100500 | E: 201 | L: 1000 | R: 979.2226 | BS: 100500 | FPS: 19.8614 | T: 1:24:55
| train          | F: 202000 | S: 101000 | E: 202 | L: 1000 | R: 974.7556 | BS: 101000 | FPS: 45.9434 | T: 1:25:17
| train          | F: 203000 | S: 101500 | E: 203 | L: 1000 | R: 969.2599 | BS: 101500 | FPS: 46.0560 | T: 1:25:39
| train          | F: 204000 | S: 102000 | E: 204 | L: 1000 | R: 979.7521 | BS: 102000 | FPS: 43.6680 | T: 1:26:02
| train          | F: 205000 | S: 102500 | E: 205 | L: 1000 | R: 983.3158 | BS: 102500 | FPS: 40.5029 | T: 1:26:26
| train          | F: 206000 | S: 103000 | E: 206 | L: 1000 | R: 975.5656 | BS: 103000 | FPS: 42.6018 | T: 1:26:50
| train          | F: 207000 | S: 103500 | E: 207 | L: 1000 | R: 965.7600 | BS: 103500 | FPS: 43.3418 | T: 1:27:13
| train          | F: 208000 | S: 104000 | E: 208 | L: 1000 | R: 969.5604 | BS: 104000 | FPS: 43.7343 | T: 1:27:36
| train          | F: 209000 | S: 104500 | E: 209 | L: 1000 | R: 973.1043 | BS: 104500 | FPS: 42.7786 | T: 1:27:59
| train          | F: 210000 | S: 105000 | E: 210 | L: 1000 | R: 975.7880 | BS: 105000 | FPS: 44.1491 | T: 1:28:22
| eval           | F: 210000 | S: 105000 | E: 210 | L: 1000 | R: 986.7591 | T: 1:28:22
| train          | F: 211000 | S: 105500 | E: 211 | L: 1000 | R: 975.1584 | BS: 105500 | FPS: 21.0892 | T: 1:29:09
| train          | F: 212000 | S: 106000 | E: 212 | L: 1000 | R: 975.4889 | BS: 106000 | FPS: 44.4557 | T: 1:29:32
| train          | F: 213000 | S: 106500 | E: 213 | L: 1000 | R: 983.0751 | BS: 106500 | FPS: 43.4481 | T: 1:29:55
| train          | F: 214000 | S: 107000 | E: 214 | L: 1000 | R: 979.9014 | BS: 107000 | FPS: 44.9608 | T: 1:30:17
| train          | F: 215000 | S: 107500 | E: 215 | L: 1000 | R: 960.8005 | BS: 107500 | FPS: 43.2440 | T: 1:30:40
| train          | F: 216000 | S: 108000 | E: 216 | L: 1000 | R: 976.7375 | BS: 108000 | FPS: 37.4764 | T: 1:31:07
| train          | F: 217000 | S: 108500 | E: 217 | L: 1000 | R: 981.0463 | BS: 108500 | FPS: 37.7180 | T: 1:31:33
| train          | F: 218000 | S: 109000 | E: 218 | L: 1000 | R: 983.7037 | BS: 109000 | FPS: 38.5875 | T: 1:31:59
| train          | F: 219000 | S: 109500 | E: 219 | L: 1000 | R: 970.4243 | BS: 109500 | FPS: 44.7472 | T: 1:32:22
| train          | F: 220000 | S: 110000 | E: 220 | L: 1000 | R: 971.9805 | BS: 110000 | FPS: 43.5028 | T: 1:32:45
| eval           | F: 220000 | S: 110000 | E: 220 | L: 1000 | R: 990.5181 | T: 1:32:45
