Gym has been unmaintained since 2022 and does not support NumPy 2.0 amongst other critical functionality.
Please upgrade to Gymnasium, the maintained drop-in replacement of Gym, or contact the authors of your software and request that they upgrade.
Users of this version of Gym should be able to simply replace 'import gym' with 'import gymnasium as gym' in the vast majority of cases.
See the migration guide at https://gymnasium.farama.org/introduction/migration_guide/ for additional information.
/workspace/learn-si2e/SI2E/SI2E_A2C/rl-starter-files/rl-starter-files/scripts/train.py --algo a2c --env MiniGrid-UnlockPickup-v0 --model up-baseline-s1 --frames 3000000 --use_batch --save-interval 100 --log-interval 500 --seed 1

Namespace(algo='a2c', env='MiniGrid-UnlockPickup-v0', model='up-baseline-s1', seed=1, log_interval=500, save_interval=100, procs=16, frames=3000000, epochs=4, batch_size=256, frames_per_proc=None, discount=0.99, lr=0.001, gae_lambda=0.95, entropy_coef=0.01, value_loss_coef=0.5, max_grad_norm=0.5, optim_eps=1e-08, optim_alpha=0.99, clip_eps=0.2, recurrence=1, text=False, use_entropy_reward=False, use_value_condition=False, beta=1e-05, use_batch=True, ablation=None, mem=False)

Device: cuda:0

Environments loaded

Training status loaded

Observations preprocessor loaded
Model loaded

ACModel(
  (image_conv): Sequential(
    (0): Conv2d(3, 16, kernel_size=(2, 2), stride=(1, 1))
    (1): ReLU()
    (2): MaxPool2d(kernel_size=(2, 2), stride=(2, 2), padding=0, dilation=1, ceil_mode=False)
    (3): Conv2d(16, 32, kernel_size=(2, 2), stride=(1, 1))
    (4): ReLU()
    (5): Conv2d(32, 64, kernel_size=(2, 2), stride=(1, 1))
    (6): ReLU()
  )
  (actor): Sequential(
    (0): Linear(in_features=64, out_features=64, bias=True)
    (1): Tanh()
    (2): Linear(in_features=64, out_features=7, bias=True)
  )
  (critic): Sequential(
    (0): Linear(in_features=64, out_features=64, bias=True)
    (1): Tanh()
    (2): Linear(in_features=64, out_features=1, bias=True)
  )
  (extr_critic): Sequential(
    (0): Linear(in_features=64, out_features=64, bias=True)
    (1): Tanh()
    (2): Linear(in_features=64, out_features=1, bias=True)
  )
)

Optimizer loaded

Status saved
Status saved
Status saved
Status saved
U 500 | F 064000 | FPS 2208 | D 27 | rR:μσmM 0.00 0.00 0.00 0.00 | F:μσmM 288.0 0.0 288.0 288.0 | H 1.946 | V -0.002 | pL -0.000 | vL 0.000 | ∇ 0.000
Status saved
Status saved
Status saved
Status saved
Status saved
U 1000 | F 128000 | FPS 1992 | D 54 | rR:μσmM 0.00 0.00 0.00 0.00 | F:μσmM 288.0 0.0 288.0 288.0 | H 1.946 | V 0.001 | pL -0.000 | vL 0.000 | ∇ 0.000
Status saved
Status saved
Status saved
Status saved
Status saved
U 1500 | F 192000 | FPS 2415 | D 82 | rR:μσmM 0.00 0.00 0.00 0.00 | F:μσmM 288.0 0.0 288.0 288.0 | H 1.946 | V -0.000 | pL 0.000 | vL 0.000 | ∇ 0.000
Status saved
Status saved
Status saved
Status saved
Status saved
U 2000 | F 256000 | FPS 2915 | D 110 | rR:μσmM 0.00 0.00 0.00 0.00 | F:μσmM 288.0 0.0 288.0 288.0 | H 1.946 | V 0.000 | pL -0.000 | vL 0.000 | ∇ 0.000
Status saved
Status saved
Status saved
Status saved
Status saved
U 2500 | F 320000 | FPS 2214 | D 138 | rR:μσmM 0.00 0.00 0.00 0.00 | F:μσmM 288.0 0.0 288.0 288.0 | H 1.946 | V 0.000 | pL 0.000 | vL 0.000 | ∇ 0.000
Status saved
Status saved
Status saved
Status saved
Status saved
U 3000 | F 384000 | FPS 2218 | D 167 | rR:μσmM 0.00 0.00 0.00 0.00 | F:μσmM 288.0 0.0 288.0 288.0 | H 1.946 | V 0.000 | pL 0.000 | vL 0.000 | ∇ 0.000
Status saved
Status saved
Status saved
Status saved
Status saved
U 3500 | F 448000 | FPS 2453 | D 195 | rR:μσmM 0.00 0.00 0.00 0.00 | F:μσmM 288.0 0.0 288.0 288.0 | H 1.946 | V 0.000 | pL 0.000 | vL 0.000 | ∇ 0.000
Status saved
Status saved
Status saved
Status saved
Status saved
U 4000 | F 512000 | FPS 2758 | D 223 | rR:μσmM 0.00 0.00 0.00 0.00 | F:μσmM 288.0 0.0 288.0 288.0 | H 1.946 | V 0.000 | pL 0.000 | vL 0.000 | ∇ 0.000
Status saved
Status saved
Status saved
Status saved
Status saved
U 4500 | F 576000 | FPS 2602 | D 251 | rR:μσmM 0.00 0.00 0.00 0.00 | F:μσmM 288.0 0.0 288.0 288.0 | H 1.946 | V 0.000 | pL 0.000 | vL 0.000 | ∇ 0.000
Status saved
Status saved
Status saved
Status saved
Status saved
U 5000 | F 640000 | FPS 1932 | D 279 | rR:μσmM 0.00 0.00 0.00 0.00 | F:μσmM 288.0 0.0 288.0 288.0 | H 1.946 | V 0.000 | pL 0.000 | vL 0.000 | ∇ 0.000
Status saved
Status saved
Status saved
Status saved
Status saved
U 5500 | F 704000 | FPS 2124 | D 307 | rR:μσmM 0.00 0.00 0.00 0.00 | F:μσmM 288.0 0.0 288.0 288.0 | H 1.946 | V 0.000 | pL 0.000 | vL 0.000 | ∇ 0.000
Status saved
Status saved
Status saved
Status saved
Status saved
U 6000 | F 768000 | FPS 2304 | D 335 | rR:μσmM 0.00 0.00 0.00 0.00 | F:μσmM 288.0 0.0 288.0 288.0 | H 1.946 | V 0.000 | pL 0.000 | vL 0.000 | ∇ 0.000
Status saved
Status saved
Status saved
Status saved
Status saved
U 6500 | F 832000 | FPS 2200 | D 363 | rR:μσmM 0.00 0.00 0.00 0.00 | F:μσmM 288.0 0.0 288.0 288.0 | H 1.946 | V 0.000 | pL 0.000 | vL 0.000 | ∇ 0.000
Status saved
Status saved
Status saved
Status saved
Status saved
U 7000 | F 896000 | FPS 2023 | D 391 | rR:μσmM 0.00 0.00 0.00 0.00 | F:μσmM 288.0 0.0 288.0 288.0 | H 1.946 | V 0.000 | pL 0.000 | vL 0.000 | ∇ 0.000
Status saved
Status saved
Status saved
Status saved
Status saved
U 7500 | F 960000 | FPS 2307 | D 419 | rR:μσmM 0.00 0.00 0.00 0.00 | F:μσmM 288.0 0.0 288.0 288.0 | H 1.946 | V 0.000 | pL 0.000 | vL 0.000 | ∇ 0.000
Status saved
Status saved
Status saved
Status saved
Status saved
U 8000 | F 1024000 | FPS 2199 | D 447 | rR:μσmM 0.00 0.00 0.00 0.00 | F:μσmM 288.0 0.0 288.0 288.0 | H 1.946 | V 0.000 | pL 0.000 | vL 0.000 | ∇ 0.000
Status saved
Status saved
Status saved
Status saved
Status saved
U 8500 | F 1088000 | FPS 2432 | D 476 | rR:μσmM 0.00 0.00 0.00 0.00 | F:μσmM 288.0 0.0 288.0 288.0 | H 1.946 | V 0.000 | pL 0.000 | vL 0.000 | ∇ 0.000
Status saved
Status saved
Status saved
Status saved
Status saved
U 9000 | F 1152000 | FPS 2015 | D 505 | rR:μσmM 0.00 0.00 0.00 0.00 | F:μσmM 288.0 0.0 288.0 288.0 | H 1.946 | V 0.000 | pL 0.000 | vL 0.000 | ∇ 0.000
Status saved
Status saved
Status saved
Status saved
Status saved
U 9500 | F 1216000 | FPS 1875 | D 533 | rR:μσmM 0.00 0.00 0.00 0.00 | F:μσmM 288.0 0.0 288.0 288.0 | H 1.946 | V 0.000 | pL 0.000 | vL 0.000 | ∇ 0.000
Status saved
Status saved
Status saved
Status saved
Status saved
U 10000 | F 1280000 | FPS 2429 | D 561 | rR:μσmM 0.00 0.00 0.00 0.00 | F:μσmM 288.0 0.0 288.0 288.0 | H 1.946 | V 0.000 | pL 0.000 | vL 0.000 | ∇ 0.000
Status saved
Status saved
Status saved
Status saved
Status saved
U 10500 | F 1344000 | FPS 2698 | D 590 | rR:μσmM 0.00 0.00 0.00 0.00 | F:μσmM 288.0 0.0 288.0 288.0 | H 1.946 | V 0.000 | pL -0.000 | vL 0.000 | ∇ 0.000
Status saved
Status saved
Status saved
Status saved
Status saved
U 11000 | F 1408000 | FPS 2483 | D 617 | rR:μσmM 0.00 0.00 0.00 0.00 | F:μσmM 288.0 0.0 288.0 288.0 | H 1.946 | V 0.000 | pL 0.000 | vL 0.000 | ∇ 0.000
Status saved
Status saved
Status saved
Status saved
Status saved
U 11500 | F 1472000 | FPS 2080 | D 647 | rR:μσmM 0.00 0.00 0.00 0.00 | F:μσmM 288.0 0.0 288.0 288.0 | H 1.946 | V 0.000 | pL 0.000 | vL 0.000 | ∇ 0.000
Status saved
Status saved
Status saved
Status saved
Status saved
U 12000 | F 1536000 | FPS 2062 | D 675 | rR:μσmM 0.00 0.00 0.00 0.00 | F:μσmM 288.0 0.0 288.0 288.0 | H 1.946 | V 0.008 | pL -0.001 | vL 0.000 | ∇ 0.000
Status saved
Status saved
Status saved
Status saved
Status saved
U 12500 | F 1600000 | FPS 2049 | D 703 | rR:μσmM 0.00 0.00 0.00 0.00 | F:μσmM 288.0 0.0 288.0 288.0 | H 1.946 | V 0.000 | pL 0.000 | vL 0.000 | ∇ 0.000
Status saved
Status saved
Status saved
Status saved
Status saved
U 13000 | F 1664000 | FPS 2134 | D 732 | rR:μσmM 0.00 0.00 0.00 0.00 | F:μσmM 288.0 0.0 288.0 288.0 | H 1.946 | V 0.000 | pL 0.000 | vL 0.000 | ∇ 0.000
Status saved
Status saved
Status saved
Status saved
Status saved
U 13500 | F 1728000 | FPS 2454 | D 760 | rR:μσmM 0.00 0.00 0.00 0.00 | F:μσmM 288.0 0.0 288.0 288.0 | H 1.946 | V 0.000 | pL 0.000 | vL 0.000 | ∇ 0.000
Status saved
Status saved
Status saved
Status saved
Status saved
U 14000 | F 1792000 | FPS 2029 | D 789 | rR:μσmM 0.00 0.00 0.00 0.00 | F:μσmM 288.0 0.0 288.0 288.0 | H 1.946 | V 0.000 | pL 0.000 | vL 0.000 | ∇ 0.000
Status saved
Status saved
Status saved
Status saved
Status saved
U 14500 | F 1856000 | FPS 2153 | D 817 | rR:μσmM 0.00 0.00 0.00 0.00 | F:μσmM 288.0 0.0 288.0 288.0 | H 1.946 | V 0.000 | pL 0.000 | vL 0.000 | ∇ 0.000
Status saved
Status saved
Status saved
Status saved
Status saved
U 15000 | F 1920000 | FPS 2579 | D 845 | rR:μσmM 0.00 0.00 0.00 0.00 | F:μσmM 288.0 0.0 288.0 288.0 | H 1.946 | V 0.000 | pL 0.000 | vL 0.000 | ∇ 0.000
Status saved
Status saved
Status saved
Status saved
Status saved
U 15500 | F 1984000 | FPS 2309 | D 873 | rR:μσmM 0.00 0.00 0.00 0.00 | F:μσmM 288.0 0.0 288.0 288.0 | H 1.946 | V 0.000 | pL 0.000 | vL 0.000 | ∇ 0.000
Status saved
Status saved
Status saved
Status saved
Status saved
U 16000 | F 2048000 | FPS 2042 | D 901 | rR:μσmM 0.00 0.00 0.00 0.00 | F:μσmM 288.0 0.0 288.0 288.0 | H 1.946 | V 0.000 | pL 0.000 | vL 0.000 | ∇ 0.000
Status saved
Status saved
Status saved
Status saved
Status saved
U 16500 | F 2112000 | FPS 2187 | D 929 | rR:μσmM 0.00 0.00 0.00 0.00 | F:μσmM 288.0 0.0 288.0 288.0 | H 1.946 | V 0.000 | pL 0.000 | vL 0.000 | ∇ 0.000
Status saved
Status saved
Status saved
Status saved
Status saved
U 17000 | F 2176000 | FPS 2077 | D 958 | rR:μσmM 0.00 0.00 0.00 0.00 | F:μσmM 288.0 0.0 288.0 288.0 | H 1.946 | V 0.000 | pL 0.000 | vL 0.000 | ∇ 0.000
Status saved
Status saved
Status saved
Status saved
Status saved
U 17500 | F 2240000 | FPS 1661 | D 986 | rR:μσmM 0.00 0.00 0.00 0.00 | F:μσmM 288.0 0.0 288.0 288.0 | H 1.946 | V 0.000 | pL 0.000 | vL 0.000 | ∇ 0.000
Status saved
Status saved
Status saved
Status saved
Status saved
U 18000 | F 2304000 | FPS 2105 | D 1014 | rR:μσmM 0.00 0.00 0.00 0.00 | F:μσmM 288.0 0.0 288.0 288.0 | H 1.946 | V 0.000 | pL 0.000 | vL 0.000 | ∇ 0.000
Status saved
Status saved
Status saved
Status saved
Status saved
U 18500 | F 2368000 | FPS 2531 | D 1043 | rR:μσmM 0.00 0.00 0.00 0.00 | F:μσmM 288.0 0.0 288.0 288.0 | H 1.946 | V 0.000 | pL 0.000 | vL 0.000 | ∇ 0.000
Status saved
Status saved
Status saved
Status saved
Status saved
U 19000 | F 2432000 | FPS 1759 | D 1071 | rR:μσmM 0.00 0.00 0.00 0.00 | F:μσmM 288.0 0.0 288.0 288.0 | H 1.946 | V 0.000 | pL 0.000 | vL 0.000 | ∇ 0.000
Status saved
Status saved
Status saved
Status saved
Status saved
U 19500 | F 2496000 | FPS 2194 | D 1099 | rR:μσmM 0.00 0.00 0.00 0.00 | F:μσmM 288.0 0.0 288.0 288.0 | H 1.946 | V 0.000 | pL 0.000 | vL 0.000 | ∇ 0.000
Status saved
Status saved
Status saved
Status saved
Status saved
U 20000 | F 2560000 | FPS 2096 | D 1128 | rR:μσmM 0.00 0.00 0.00 0.00 | F:μσmM 288.0 0.0 288.0 288.0 | H 1.946 | V 0.000 | pL 0.000 | vL 0.000 | ∇ 0.000
Status saved
Status saved
Status saved
Status saved
Status saved
U 20500 | F 2624000 | FPS 2305 | D 1156 | rR:μσmM 0.00 0.00 0.00 0.00 | F:μσmM 288.0 0.0 288.0 288.0 | H 1.946 | V 0.000 | pL 0.000 | vL 0.000 | ∇ 0.000
Status saved
Status saved
Status saved
Status saved
Status saved
U 21000 | F 2688000 | FPS 2739 | D 1184 | rR:μσmM 0.00 0.00 0.00 0.00 | F:μσmM 288.0 0.0 288.0 288.0 | H 1.946 | V 0.000 | pL 0.000 | vL 0.000 | ∇ 0.000
Status saved
Status saved
Status saved
Status saved
Status saved
U 21500 | F 2752000 | FPS 2224 | D 1212 | rR:μσmM 0.00 0.00 0.00 0.00 | F:μσmM 288.0 0.0 288.0 288.0 | H 1.946 | V 0.000 | pL -0.000 | vL 0.000 | ∇ 0.000
Status saved
Status saved
Status saved
Status saved
Status saved
U 22000 | F 2816000 | FPS 2478 | D 1241 | rR:μσmM 0.00 0.00 0.00 0.00 | F:μσmM 288.0 0.0 288.0 288.0 | H 1.946 | V 0.000 | pL 0.000 | vL 0.000 | ∇ 0.000
Status saved
Status saved
Status saved
Status saved
Status saved
U 22500 | F 2880000 | FPS 2097 | D 1269 | rR:μσmM 0.00 0.00 0.00 0.00 | F:μσmM 288.0 0.0 288.0 288.0 | H 1.946 | V 0.000 | pL 0.000 | vL 0.000 | ∇ 0.000
Status saved
Status saved
Status saved
Status saved
Status saved
U 23000 | F 2944000 | FPS 2297 | D 1297 | rR:μσmM 0.00 0.00 0.00 0.00 | F:μσmM 288.0 0.0 288.0 288.0 | H 1.946 | V 0.000 | pL 0.000 | vL 0.000 | ∇ 0.000
Status saved
Status saved
Status saved
Status saved
Status saved
