/workspace/learn-si2e/SI2E/SI2E_DrQv2/train.py:210: UserWarning: 
The version_base parameter is not specified.
Please specify a compatability version level, or None.
Will assume defaults for version 1.1
  @hydra.main(config_path='cfgs', config_name='config')
/usr/local/lib/python3.10/dist-packages/hydra/_internal/hydra.py:119: UserWarning: Future Hydra versions will no longer change working directory at job runtime by default.
See https://hydra.cc/docs/1.2/upgrades/1.1_to_1.2/changes_to_job_working_dir/ for more information.
  ret = run_job(
/workspace/learn-si2e/SI2E/SI2E_DrQv2/train.py:210: UserWarning: 
The version_base parameter is not specified.
Please specify a compatability version level, or None.
Will assume defaults for version 1.1
  @hydra.main(config_path='cfgs', config_name='config')
workspace: /workspace/learn-si2e/results/drqv2-full/cheetah_run_baseline_seed1
| eval           | F: 0 | S: 0 | E: 0 | L: 1000 | R: 0.2346 | T: 0:00:00
| train          | F: 5000 | S: 2500 | E: 5 | L: 1000 | R: 3.7248 | BS: 2500 | FPS: 31.6360 | T: 0:00:31
| train          | F: 6000 | S: 3000 | E: 6 | L: 1000 | R: 5.7711 | BS: 3000 | FPS: 138.8959 | T: 0:00:38
| train          | F: 7000 | S: 3500 | E: 7 | L: 1000 | R: 5.9500 | BS: 3500 | FPS: 139.7548 | T: 0:00:45
| train          | F: 8000 | S: 4000 | E: 8 | L: 1000 | R: 6.1731 | BS: 4000 | FPS: 145.1053 | T: 0:00:52
| train          | F: 9000 | S: 4500 | E: 9 | L: 1000 | R: 3.1605 | BS: 4500 | FPS: 139.2760 | T: 0:01:00
| train          | F: 10000 | S: 5000 | E: 10 | L: 1000 | R: 5.8740 | BS: 5000 | FPS: 130.6434 | T: 0:01:07
| eval           | F: 10000 | S: 5000 | E: 10 | L: 1000 | R: 0.2947 | T: 0:01:07
| train          | F: 11000 | S: 5500 | E: 11 | L: 1000 | R: 6.1464 | BS: 5500 | FPS: 42.4813 | T: 0:01:31
| train          | F: 12000 | S: 6000 | E: 12 | L: 1000 | R: 8.5577 | BS: 6000 | FPS: 133.3636 | T: 0:01:38
| train          | F: 13000 | S: 6500 | E: 13 | L: 1000 | R: 10.9213 | BS: 6500 | FPS: 143.1999 | T: 0:01:45
| train          | F: 14000 | S: 7000 | E: 14 | L: 1000 | R: 4.0976 | BS: 7000 | FPS: 138.9693 | T: 0:01:52
| train          | F: 15000 | S: 7500 | E: 15 | L: 1000 | R: 5.0840 | BS: 7500 | FPS: 132.3827 | T: 0:02:00
| train          | F: 16000 | S: 8000 | E: 16 | L: 1000 | R: 25.5867 | BS: 8000 | FPS: 134.8111 | T: 0:02:07
| train          | F: 17000 | S: 8500 | E: 17 | L: 1000 | R: 15.3789 | BS: 8500 | FPS: 137.0051 | T: 0:02:15
| train          | F: 18000 | S: 9000 | E: 18 | L: 1000 | R: 18.6290 | BS: 9000 | FPS: 137.7056 | T: 0:02:22
| train          | F: 19000 | S: 9500 | E: 19 | L: 1000 | R: 15.7870 | BS: 9500 | FPS: 134.6442 | T: 0:02:29
| train          | F: 20000 | S: 10000 | E: 20 | L: 1000 | R: 23.7665 | BS: 10000 | FPS: 141.3490 | T: 0:02:36
| eval           | F: 20000 | S: 10000 | E: 20 | L: 1000 | R: 29.4000 | T: 0:02:36
| train          | F: 21000 | S: 10500 | E: 21 | L: 1000 | R: 27.0639 | BS: 10500 | FPS: 38.1907 | T: 0:03:03
| train          | F: 22000 | S: 11000 | E: 22 | L: 1000 | R: 32.7175 | BS: 11000 | FPS: 141.1465 | T: 0:03:10
| train          | F: 23000 | S: 11500 | E: 23 | L: 1000 | R: 36.3187 | BS: 11500 | FPS: 135.9255 | T: 0:03:17
| train          | F: 24000 | S: 12000 | E: 24 | L: 1000 | R: 38.6487 | BS: 12000 | FPS: 139.6674 | T: 0:03:24
| train          | F: 25000 | S: 12500 | E: 25 | L: 1000 | R: 36.4095 | BS: 12500 | FPS: 126.3317 | T: 0:03:32
| train          | F: 26000 | S: 13000 | E: 26 | L: 1000 | R: 38.5134 | BS: 13000 | FPS: 127.3090 | T: 0:03:40
| train          | F: 27000 | S: 13500 | E: 27 | L: 1000 | R: 39.1652 | BS: 13500 | FPS: 129.6126 | T: 0:03:48
| train          | F: 28000 | S: 14000 | E: 28 | L: 1000 | R: 38.7134 | BS: 14000 | FPS: 140.6511 | T: 0:03:55
| train          | F: 29000 | S: 14500 | E: 29 | L: 1000 | R: 37.9211 | BS: 14500 | FPS: 140.3341 | T: 0:04:02
| train          | F: 30000 | S: 15000 | E: 30 | L: 1000 | R: 38.4132 | BS: 15000 | FPS: 138.1667 | T: 0:04:09
| eval           | F: 30000 | S: 15000 | E: 30 | L: 1000 | R: 38.1106 | T: 0:04:09
| train          | F: 31000 | S: 15500 | E: 31 | L: 1000 | R: 39.2560 | BS: 15500 | FPS: 37.1365 | T: 0:04:36
| train          | F: 32000 | S: 16000 | E: 32 | L: 1000 | R: 37.5151 | BS: 16000 | FPS: 129.4786 | T: 0:04:44
| train          | F: 33000 | S: 16500 | E: 33 | L: 1000 | R: 40.5974 | BS: 16500 | FPS: 130.3266 | T: 0:04:52
| train          | F: 34000 | S: 17000 | E: 34 | L: 1000 | R: 37.8940 | BS: 17000 | FPS: 127.6148 | T: 0:04:59
| train          | F: 35000 | S: 17500 | E: 35 | L: 1000 | R: 39.5253 | BS: 17500 | FPS: 128.3312 | T: 0:05:07
| train          | F: 36000 | S: 18000 | E: 36 | L: 1000 | R: 39.7721 | BS: 18000 | FPS: 127.0091 | T: 0:05:15
| train          | F: 37000 | S: 18500 | E: 37 | L: 1000 | R: 37.6918 | BS: 18500 | FPS: 133.7706 | T: 0:05:22
| train          | F: 38000 | S: 19000 | E: 38 | L: 1000 | R: 40.6164 | BS: 19000 | FPS: 133.4909 | T: 0:05:30
| train          | F: 39000 | S: 19500 | E: 39 | L: 1000 | R: 39.8914 | BS: 19500 | FPS: 136.6133 | T: 0:05:37
| train          | F: 40000 | S: 20000 | E: 40 | L: 1000 | R: 40.3651 | BS: 20000 | FPS: 129.9844 | T: 0:05:45
| eval           | F: 40000 | S: 20000 | E: 40 | L: 1000 | R: 38.5565 | T: 0:05:45
| train          | F: 41000 | S: 20500 | E: 41 | L: 1000 | R: 38.0119 | BS: 20500 | FPS: 37.1437 | T: 0:06:12
| train          | F: 42000 | S: 21000 | E: 42 | L: 1000 | R: 38.3559 | BS: 21000 | FPS: 143.0567 | T: 0:06:19
| train          | F: 43000 | S: 21500 | E: 43 | L: 1000 | R: 38.8225 | BS: 21500 | FPS: 142.8504 | T: 0:06:26
| train          | F: 44000 | S: 22000 | E: 44 | L: 1000 | R: 40.2741 | BS: 22000 | FPS: 131.0751 | T: 0:06:34
| train          | F: 45000 | S: 22500 | E: 45 | L: 1000 | R: 37.9791 | BS: 22500 | FPS: 129.5226 | T: 0:06:41
| train          | F: 46000 | S: 23000 | E: 46 | L: 1000 | R: 40.6027 | BS: 23000 | FPS: 130.3264 | T: 0:06:49
| train          | F: 47000 | S: 23500 | E: 47 | L: 1000 | R: 39.9180 | BS: 23500 | FPS: 128.2711 | T: 0:06:57
| train          | F: 48000 | S: 24000 | E: 48 | L: 1000 | R: 39.8211 | BS: 24000 | FPS: 128.8168 | T: 0:07:04
| train          | F: 49000 | S: 24500 | E: 49 | L: 1000 | R: 38.7648 | BS: 24500 | FPS: 130.0513 | T: 0:07:12
| train          | F: 50000 | S: 25000 | E: 50 | L: 1000 | R: 39.6403 | BS: 25000 | FPS: 128.1750 | T: 0:07:20
| eval           | F: 50000 | S: 25000 | E: 50 | L: 1000 | R: 38.8491 | T: 0:07:20
| train          | F: 51000 | S: 25500 | E: 51 | L: 1000 | R: 37.2291 | BS: 25500 | FPS: 42.2083 | T: 0:07:44
| train          | F: 52000 | S: 26000 | E: 52 | L: 1000 | R: 38.2588 | BS: 26000 | FPS: 136.2530 | T: 0:07:51
| train          | F: 53000 | S: 26500 | E: 53 | L: 1000 | R: 38.9155 | BS: 26500 | FPS: 133.4735 | T: 0:07:59
| train          | F: 54000 | S: 27000 | E: 54 | L: 1000 | R: 38.7005 | BS: 27000 | FPS: 136.8913 | T: 0:08:06
| train          | F: 55000 | S: 27500 | E: 55 | L: 1000 | R: 38.5862 | BS: 27500 | FPS: 140.4477 | T: 0:08:13
| train          | F: 56000 | S: 28000 | E: 56 | L: 1000 | R: 39.3377 | BS: 28000 | FPS: 132.4702 | T: 0:08:20
| train          | F: 57000 | S: 28500 | E: 57 | L: 1000 | R: 38.0566 | BS: 28500 | FPS: 133.5325 | T: 0:08:28
| train          | F: 58000 | S: 29000 | E: 58 | L: 1000 | R: 39.7134 | BS: 29000 | FPS: 128.9014 | T: 0:08:36
| train          | F: 59000 | S: 29500 | E: 59 | L: 1000 | R: 38.5557 | BS: 29500 | FPS: 129.6262 | T: 0:08:43
| train          | F: 60000 | S: 30000 | E: 60 | L: 1000 | R: 37.4224 | BS: 30000 | FPS: 129.3120 | T: 0:08:51
| eval           | F: 60000 | S: 30000 | E: 60 | L: 1000 | R: 39.3232 | T: 0:08:51
| train          | F: 61000 | S: 30500 | E: 61 | L: 1000 | R: 38.2334 | BS: 30500 | FPS: 41.9989 | T: 0:09:15
| train          | F: 62000 | S: 31000 | E: 62 | L: 1000 | R: 38.8241 | BS: 31000 | FPS: 130.7911 | T: 0:09:23
| train          | F: 63000 | S: 31500 | E: 63 | L: 1000 | R: 39.1113 | BS: 31500 | FPS: 132.9130 | T: 0:09:30
| train          | F: 64000 | S: 32000 | E: 64 | L: 1000 | R: 42.0093 | BS: 32000 | FPS: 130.6770 | T: 0:09:38
| train          | F: 65000 | S: 32500 | E: 65 | L: 1000 | R: 51.1665 | BS: 32500 | FPS: 130.5577 | T: 0:09:45
| train          | F: 66000 | S: 33000 | E: 66 | L: 1000 | R: 60.1407 | BS: 33000 | FPS: 129.5484 | T: 0:09:53
| train          | F: 67000 | S: 33500 | E: 67 | L: 1000 | R: 77.8092 | BS: 33500 | FPS: 135.0727 | T: 0:10:01
| train          | F: 68000 | S: 34000 | E: 68 | L: 1000 | R: 62.4044 | BS: 34000 | FPS: 141.7733 | T: 0:10:08
| train          | F: 69000 | S: 34500 | E: 69 | L: 1000 | R: 64.6216 | BS: 34500 | FPS: 141.3376 | T: 0:10:15
| train          | F: 70000 | S: 35000 | E: 70 | L: 1000 | R: 22.2034 | BS: 35000 | FPS: 140.8719 | T: 0:10:22
| eval           | F: 70000 | S: 35000 | E: 70 | L: 1000 | R: 27.0210 | T: 0:10:22
| train          | F: 71000 | S: 35500 | E: 71 | L: 1000 | R: 46.2295 | BS: 35500 | FPS: 42.6500 | T: 0:10:45
| train          | F: 72000 | S: 36000 | E: 72 | L: 1000 | R: 29.7592 | BS: 36000 | FPS: 144.5081 | T: 0:10:52
| train          | F: 73000 | S: 36500 | E: 73 | L: 1000 | R: 25.5813 | BS: 36500 | FPS: 143.1675 | T: 0:10:59
| train          | F: 74000 | S: 37000 | E: 74 | L: 1000 | R: 56.5718 | BS: 37000 | FPS: 133.5972 | T: 0:11:07
| train          | F: 75000 | S: 37500 | E: 75 | L: 1000 | R: 22.5908 | BS: 37500 | FPS: 131.6939 | T: 0:11:14
| train          | F: 76000 | S: 38000 | E: 76 | L: 1000 | R: 25.1493 | BS: 38000 | FPS: 133.6965 | T: 0:11:22
| train          | F: 77000 | S: 38500 | E: 77 | L: 1000 | R: 48.7118 | BS: 38500 | FPS: 137.9100 | T: 0:11:29
| train          | F: 78000 | S: 39000 | E: 78 | L: 1000 | R: 17.4740 | BS: 39000 | FPS: 141.4191 | T: 0:11:36
| train          | F: 79000 | S: 39500 | E: 79 | L: 1000 | R: 39.8424 | BS: 39500 | FPS: 139.3518 | T: 0:11:43
| train          | F: 80000 | S: 40000 | E: 80 | L: 1000 | R: 22.3874 | BS: 40000 | FPS: 138.2184 | T: 0:11:50
| eval           | F: 80000 | S: 40000 | E: 80 | L: 1000 | R: 52.5101 | T: 0:11:50
| train          | F: 81000 | S: 40500 | E: 81 | L: 1000 | R: 50.2743 | BS: 40500 | FPS: 41.3278 | T: 0:12:15
| train          | F: 82000 | S: 41000 | E: 82 | L: 1000 | R: 62.3837 | BS: 41000 | FPS: 142.0160 | T: 0:12:22
| train          | F: 83000 | S: 41500 | E: 83 | L: 1000 | R: 13.9273 | BS: 41500 | FPS: 132.4813 | T: 0:12:29
| train          | F: 84000 | S: 42000 | E: 84 | L: 1000 | R: 45.1673 | BS: 42000 | FPS: 139.0428 | T: 0:12:36
| train          | F: 85000 | S: 42500 | E: 85 | L: 1000 | R: 108.2889 | BS: 42500 | FPS: 134.2290 | T: 0:12:44
| train          | F: 86000 | S: 43000 | E: 86 | L: 1000 | R: 104.5408 | BS: 43000 | FPS: 125.9025 | T: 0:12:52
| train          | F: 87000 | S: 43500 | E: 87 | L: 1000 | R: 72.4708 | BS: 43500 | FPS: 125.5811 | T: 0:13:00
| train          | F: 88000 | S: 44000 | E: 88 | L: 1000 | R: 99.4256 | BS: 44000 | FPS: 136.2662 | T: 0:13:07
| train          | F: 89000 | S: 44500 | E: 89 | L: 1000 | R: 103.3023 | BS: 44500 | FPS: 138.9116 | T: 0:13:14
| train          | F: 90000 | S: 45000 | E: 90 | L: 1000 | R: 79.6898 | BS: 45000 | FPS: 135.6089 | T: 0:13:22
| eval           | F: 90000 | S: 45000 | E: 90 | L: 1000 | R: 93.3133 | T: 0:13:22
| train          | F: 91000 | S: 45500 | E: 91 | L: 1000 | R: 82.3773 | BS: 45500 | FPS: 42.2961 | T: 0:13:45
| train          | F: 92000 | S: 46000 | E: 92 | L: 1000 | R: 171.9886 | BS: 46000 | FPS: 138.6298 | T: 0:13:53
| train          | F: 93000 | S: 46500 | E: 93 | L: 1000 | R: 115.9077 | BS: 46500 | FPS: 136.7950 | T: 0:14:00
| train          | F: 94000 | S: 47000 | E: 94 | L: 1000 | R: 155.5454 | BS: 47000 | FPS: 130.4402 | T: 0:14:08
| train          | F: 95000 | S: 47500 | E: 95 | L: 1000 | R: 145.8566 | BS: 47500 | FPS: 137.1551 | T: 0:14:15
| train          | F: 96000 | S: 48000 | E: 96 | L: 1000 | R: 164.8209 | BS: 48000 | FPS: 133.8528 | T: 0:14:22
| train          | F: 97000 | S: 48500 | E: 97 | L: 1000 | R: 152.2705 | BS: 48500 | FPS: 135.8120 | T: 0:14:30
| train          | F: 98000 | S: 49000 | E: 98 | L: 1000 | R: 92.6217 | BS: 49000 | FPS: 131.5250 | T: 0:14:37
| train          | F: 99000 | S: 49500 | E: 99 | L: 1000 | R: 189.1843 | BS: 49500 | FPS: 136.7949 | T: 0:14:45
| train          | F: 100000 | S: 50000 | E: 100 | L: 1000 | R: 130.9226 | BS: 50000 | FPS: 139.4158 | T: 0:14:52
| eval           | F: 100000 | S: 50000 | E: 100 | L: 1000 | R: 125.8076 | T: 0:14:52
| train          | F: 101000 | S: 50500 | E: 101 | L: 1000 | R: 148.9834 | BS: 50500 | FPS: 38.0030 | T: 0:15:18
| train          | F: 102000 | S: 51000 | E: 102 | L: 1000 | R: 140.8788 | BS: 51000 | FPS: 127.9618 | T: 0:15:26
| train          | F: 103000 | S: 51500 | E: 103 | L: 1000 | R: 169.7223 | BS: 51500 | FPS: 130.5561 | T: 0:15:34
| train          | F: 104000 | S: 52000 | E: 104 | L: 1000 | R: 162.3633 | BS: 52000 | FPS: 130.2350 | T: 0:15:41
| train          | F: 105000 | S: 52500 | E: 105 | L: 1000 | R: 183.7511 | BS: 52500 | FPS: 129.3736 | T: 0:15:49
| train          | F: 106000 | S: 53000 | E: 106 | L: 1000 | R: 102.1721 | BS: 53000 | FPS: 132.6856 | T: 0:15:56
| train          | F: 107000 | S: 53500 | E: 107 | L: 1000 | R: 189.0571 | BS: 53500 | FPS: 130.6487 | T: 0:16:04
| train          | F: 108000 | S: 54000 | E: 108 | L: 1000 | R: 155.3356 | BS: 54000 | FPS: 138.6717 | T: 0:16:11
| train          | F: 109000 | S: 54500 | E: 109 | L: 1000 | R: 172.4247 | BS: 54500 | FPS: 138.5337 | T: 0:16:19
| train          | F: 110000 | S: 55000 | E: 110 | L: 1000 | R: 184.9159 | BS: 55000 | FPS: 139.0551 | T: 0:16:26
| eval           | F: 110000 | S: 55000 | E: 110 | L: 1000 | R: 153.2262 | T: 0:16:26
| train          | F: 111000 | S: 55500 | E: 111 | L: 1000 | R: 181.3804 | BS: 55500 | FPS: 42.6375 | T: 0:16:49
| train          | F: 112000 | S: 56000 | E: 112 | L: 1000 | R: 156.1927 | BS: 56000 | FPS: 141.5164 | T: 0:16:56
| train          | F: 113000 | S: 56500 | E: 113 | L: 1000 | R: 199.4121 | BS: 56500 | FPS: 138.8836 | T: 0:17:03
| train          | F: 114000 | S: 57000 | E: 114 | L: 1000 | R: 188.7673 | BS: 57000 | FPS: 139.9151 | T: 0:17:11
| train          | F: 115000 | S: 57500 | E: 115 | L: 1000 | R: 50.7677 | BS: 57500 | FPS: 139.2384 | T: 0:17:18
| train          | F: 116000 | S: 58000 | E: 116 | L: 1000 | R: 167.5572 | BS: 58000 | FPS: 137.8363 | T: 0:17:25
| train          | F: 117000 | S: 58500 | E: 117 | L: 1000 | R: 167.1815 | BS: 58500 | FPS: 138.0546 | T: 0:17:32
| train          | F: 118000 | S: 59000 | E: 118 | L: 1000 | R: 153.3124 | BS: 59000 | FPS: 136.8459 | T: 0:17:40
| train          | F: 119000 | S: 59500 | E: 119 | L: 1000 | R: 193.1964 | BS: 59500 | FPS: 131.6511 | T: 0:17:47
| train          | F: 120000 | S: 60000 | E: 120 | L: 1000 | R: 181.1680 | BS: 60000 | FPS: 125.4072 | T: 0:17:55
| eval           | F: 120000 | S: 60000 | E: 120 | L: 1000 | R: 191.9316 | T: 0:17:55
| train          | F: 121000 | S: 60500 | E: 121 | L: 1000 | R: 170.0730 | BS: 60500 | FPS: 41.4123 | T: 0:18:19
| train          | F: 122000 | S: 61000 | E: 122 | L: 1000 | R: 183.0730 | BS: 61000 | FPS: 138.6722 | T: 0:18:27
| train          | F: 123000 | S: 61500 | E: 123 | L: 1000 | R: 175.8876 | BS: 61500 | FPS: 138.9249 | T: 0:18:34
| train          | F: 124000 | S: 62000 | E: 124 | L: 1000 | R: 178.0872 | BS: 62000 | FPS: 136.0674 | T: 0:18:41
| train          | F: 125000 | S: 62500 | E: 125 | L: 1000 | R: 182.4502 | BS: 62500 | FPS: 137.3431 | T: 0:18:48
| train          | F: 126000 | S: 63000 | E: 126 | L: 1000 | R: 180.5923 | BS: 63000 | FPS: 139.8863 | T: 0:18:56
| train          | F: 127000 | S: 63500 | E: 127 | L: 1000 | R: 192.7572 | BS: 63500 | FPS: 138.7223 | T: 0:19:03
| train          | F: 128000 | S: 64000 | E: 128 | L: 1000 | R: 183.0647 | BS: 64000 | FPS: 138.1384 | T: 0:19:10
| train          | F: 129000 | S: 64500 | E: 129 | L: 1000 | R: 200.3000 | BS: 64500 | FPS: 139.1143 | T: 0:19:17
| train          | F: 130000 | S: 65000 | E: 130 | L: 1000 | R: 158.1403 | BS: 65000 | FPS: 138.1028 | T: 0:19:24
| eval           | F: 130000 | S: 65000 | E: 130 | L: 1000 | R: 172.3133 | T: 0:19:24
| train          | F: 131000 | S: 65500 | E: 131 | L: 1000 | R: 164.5500 | BS: 65500 | FPS: 42.4260 | T: 0:19:48
| train          | F: 132000 | S: 66000 | E: 132 | L: 1000 | R: 189.6523 | BS: 66000 | FPS: 140.6958 | T: 0:19:55
| train          | F: 133000 | S: 66500 | E: 133 | L: 1000 | R: 179.1035 | BS: 66500 | FPS: 130.7434 | T: 0:20:03
| train          | F: 134000 | S: 67000 | E: 134 | L: 1000 | R: 177.7241 | BS: 67000 | FPS: 126.2019 | T: 0:20:11
| train          | F: 135000 | S: 67500 | E: 135 | L: 1000 | R: 189.8998 | BS: 67500 | FPS: 134.6744 | T: 0:20:18
| train          | F: 136000 | S: 68000 | E: 136 | L: 1000 | R: 182.1345 | BS: 68000 | FPS: 137.4040 | T: 0:20:25
| train          | F: 137000 | S: 68500 | E: 137 | L: 1000 | R: 186.0088 | BS: 68500 | FPS: 130.8906 | T: 0:20:33
| train          | F: 138000 | S: 69000 | E: 138 | L: 1000 | R: 186.8425 | BS: 69000 | FPS: 135.6986 | T: 0:20:40
| train          | F: 139000 | S: 69500 | E: 139 | L: 1000 | R: 102.9538 | BS: 69500 | FPS: 137.5803 | T: 0:20:48
| train          | F: 140000 | S: 70000 | E: 140 | L: 1000 | R: 168.9655 | BS: 70000 | FPS: 129.9003 | T: 0:20:55
| eval           | F: 140000 | S: 70000 | E: 140 | L: 1000 | R: 190.2320 | T: 0:20:55
| train          | F: 141000 | S: 70500 | E: 141 | L: 1000 | R: 185.2204 | BS: 70500 | FPS: 40.6631 | T: 0:21:20
| train          | F: 142000 | S: 71000 | E: 142 | L: 1000 | R: 191.5273 | BS: 71000 | FPS: 132.7200 | T: 0:21:27
| train          | F: 143000 | S: 71500 | E: 143 | L: 1000 | R: 171.8408 | BS: 71500 | FPS: 133.4450 | T: 0:21:35
| train          | F: 144000 | S: 72000 | E: 144 | L: 1000 | R: 181.1730 | BS: 72000 | FPS: 136.0407 | T: 0:21:42
| train          | F: 145000 | S: 72500 | E: 145 | L: 1000 | R: 81.7570 | BS: 72500 | FPS: 138.1444 | T: 0:21:50
| train          | F: 146000 | S: 73000 | E: 146 | L: 1000 | R: 181.0088 | BS: 73000 | FPS: 139.0544 | T: 0:21:57
| train          | F: 147000 | S: 73500 | E: 147 | L: 1000 | R: 174.5359 | BS: 73500 | FPS: 138.7554 | T: 0:22:04
| train          | F: 148000 | S: 74000 | E: 148 | L: 1000 | R: 82.2233 | BS: 74000 | FPS: 129.1337 | T: 0:22:12
| train          | F: 149000 | S: 74500 | E: 149 | L: 1000 | R: 179.4403 | BS: 74500 | FPS: 131.7423 | T: 0:22:19
| train          | F: 150000 | S: 75000 | E: 150 | L: 1000 | R: 193.8446 | BS: 75000 | FPS: 132.8567 | T: 0:22:27
| eval           | F: 150000 | S: 75000 | E: 150 | L: 1000 | R: 146.0162 | T: 0:22:27
| train          | F: 151000 | S: 75500 | E: 151 | L: 1000 | R: 176.4473 | BS: 75500 | FPS: 38.0621 | T: 0:22:53
| train          | F: 152000 | S: 76000 | E: 152 | L: 1000 | R: 192.2073 | BS: 76000 | FPS: 135.7266 | T: 0:23:00
| train          | F: 153000 | S: 76500 | E: 153 | L: 1000 | R: 101.2374 | BS: 76500 | FPS: 128.1838 | T: 0:23:08
| train          | F: 154000 | S: 77000 | E: 154 | L: 1000 | R: 160.4319 | BS: 77000 | FPS: 129.0271 | T: 0:23:16
| train          | F: 155000 | S: 77500 | E: 155 | L: 1000 | R: 186.5332 | BS: 77500 | FPS: 132.4521 | T: 0:23:24
| train          | F: 156000 | S: 78000 | E: 156 | L: 1000 | R: 155.0022 | BS: 78000 | FPS: 126.2600 | T: 0:23:31
| train          | F: 157000 | S: 78500 | E: 157 | L: 1000 | R: 181.4197 | BS: 78500 | FPS: 125.9886 | T: 0:23:39
| train          | F: 158000 | S: 79000 | E: 158 | L: 1000 | R: 183.0690 | BS: 79000 | FPS: 126.9603 | T: 0:23:47
| train          | F: 159000 | S: 79500 | E: 159 | L: 1000 | R: 74.3750 | BS: 79500 | FPS: 138.0356 | T: 0:23:55
| train          | F: 160000 | S: 80000 | E: 160 | L: 1000 | R: 62.9659 | BS: 80000 | FPS: 137.9740 | T: 0:24:02
| eval           | F: 160000 | S: 80000 | E: 160 | L: 1000 | R: 157.6047 | T: 0:24:02
| train          | F: 161000 | S: 80500 | E: 161 | L: 1000 | R: 143.2210 | BS: 80500 | FPS: 37.2590 | T: 0:24:29
| train          | F: 162000 | S: 81000 | E: 162 | L: 1000 | R: 64.7927 | BS: 81000 | FPS: 135.0131 | T: 0:24:36
| train          | F: 163000 | S: 81500 | E: 163 | L: 1000 | R: 125.6087 | BS: 81500 | FPS: 140.1057 | T: 0:24:43
| train          | F: 164000 | S: 82000 | E: 164 | L: 1000 | R: 181.7650 | BS: 82000 | FPS: 141.0423 | T: 0:24:50
| train          | F: 165000 | S: 82500 | E: 165 | L: 1000 | R: 56.9371 | BS: 82500 | FPS: 137.5165 | T: 0:24:58
| train          | F: 166000 | S: 83000 | E: 166 | L: 1000 | R: 143.6452 | BS: 83000 | FPS: 133.6501 | T: 0:25:05
| train          | F: 167000 | S: 83500 | E: 167 | L: 1000 | R: 161.5318 | BS: 83500 | FPS: 136.8933 | T: 0:25:12
| train          | F: 168000 | S: 84000 | E: 168 | L: 1000 | R: 198.7952 | BS: 84000 | FPS: 122.9492 | T: 0:25:20
| train          | F: 169000 | S: 84500 | E: 169 | L: 1000 | R: 156.6279 | BS: 84500 | FPS: 137.3557 | T: 0:25:28
| train          | F: 170000 | S: 85000 | E: 170 | L: 1000 | R: 211.5010 | BS: 85000 | FPS: 136.9130 | T: 0:25:35
| eval           | F: 170000 | S: 85000 | E: 170 | L: 1000 | R: 181.7899 | T: 0:25:35
| train          | F: 171000 | S: 85500 | E: 171 | L: 1000 | R: 196.1776 | BS: 85500 | FPS: 37.7161 | T: 0:26:02
| train          | F: 172000 | S: 86000 | E: 172 | L: 1000 | R: 208.5060 | BS: 86000 | FPS: 131.9967 | T: 0:26:09
| train          | F: 173000 | S: 86500 | E: 173 | L: 1000 | R: 191.0034 | BS: 86500 | FPS: 137.4921 | T: 0:26:16
| train          | F: 174000 | S: 87000 | E: 174 | L: 1000 | R: 217.9509 | BS: 87000 | FPS: 132.8766 | T: 0:26:24
| train          | F: 175000 | S: 87500 | E: 175 | L: 1000 | R: 220.5248 | BS: 87500 | FPS: 128.8272 | T: 0:26:32
| train          | F: 176000 | S: 88000 | E: 176 | L: 1000 | R: 189.2361 | BS: 88000 | FPS: 134.0886 | T: 0:26:39
| train          | F: 177000 | S: 88500 | E: 177 | L: 1000 | R: 206.6992 | BS: 88500 | FPS: 130.1960 | T: 0:26:47
| train          | F: 178000 | S: 89000 | E: 178 | L: 1000 | R: 213.6613 | BS: 89000 | FPS: 130.1329 | T: 0:26:54
| train          | F: 179000 | S: 89500 | E: 179 | L: 1000 | R: 217.7398 | BS: 89500 | FPS: 135.3571 | T: 0:27:02
| train          | F: 180000 | S: 90000 | E: 180 | L: 1000 | R: 224.1619 | BS: 90000 | FPS: 135.2047 | T: 0:27:09
| eval           | F: 180000 | S: 90000 | E: 180 | L: 1000 | R: 237.2715 | T: 0:27:09
| train          | F: 181000 | S: 90500 | E: 181 | L: 1000 | R: 230.3748 | BS: 90500 | FPS: 42.9064 | T: 0:27:33
| train          | F: 182000 | S: 91000 | E: 182 | L: 1000 | R: 219.1748 | BS: 91000 | FPS: 136.7667 | T: 0:27:40
| train          | F: 183000 | S: 91500 | E: 183 | L: 1000 | R: 220.3664 | BS: 91500 | FPS: 137.0623 | T: 0:27:47
| train          | F: 184000 | S: 92000 | E: 184 | L: 1000 | R: 206.4166 | BS: 92000 | FPS: 127.1844 | T: 0:27:55
| train          | F: 185000 | S: 92500 | E: 185 | L: 1000 | R: 224.0469 | BS: 92500 | FPS: 124.4182 | T: 0:28:03
| train          | F: 186000 | S: 93000 | E: 186 | L: 1000 | R: 205.4535 | BS: 93000 | FPS: 125.9532 | T: 0:28:11
| train          | F: 187000 | S: 93500 | E: 187 | L: 1000 | R: 208.8474 | BS: 93500 | FPS: 133.6794 | T: 0:28:19
| train          | F: 188000 | S: 94000 | E: 188 | L: 1000 | R: 212.6491 | BS: 94000 | FPS: 129.5994 | T: 0:28:26
| train          | F: 189000 | S: 94500 | E: 189 | L: 1000 | R: 219.0526 | BS: 94500 | FPS: 129.8088 | T: 0:28:34
| train          | F: 190000 | S: 95000 | E: 190 | L: 1000 | R: 204.9998 | BS: 95000 | FPS: 129.9837 | T: 0:28:42
| eval           | F: 190000 | S: 95000 | E: 190 | L: 1000 | R: 224.9556 | T: 0:28:42
| train          | F: 191000 | S: 95500 | E: 191 | L: 1000 | R: 213.2688 | BS: 95500 | FPS: 37.7155 | T: 0:29:08
| train          | F: 192000 | S: 96000 | E: 192 | L: 1000 | R: 228.3895 | BS: 96000 | FPS: 137.9075 | T: 0:29:15
| train          | F: 193000 | S: 96500 | E: 193 | L: 1000 | R: 214.1679 | BS: 96500 | FPS: 136.0008 | T: 0:29:23
| train          | F: 194000 | S: 97000 | E: 194 | L: 1000 | R: 226.0489 | BS: 97000 | FPS: 135.9545 | T: 0:29:30
| train          | F: 195000 | S: 97500 | E: 195 | L: 1000 | R: 231.9559 | BS: 97500 | FPS: 135.8962 | T: 0:29:37
| train          | F: 196000 | S: 98000 | E: 196 | L: 1000 | R: 211.6930 | BS: 98000 | FPS: 130.1050 | T: 0:29:45
| train          | F: 197000 | S: 98500 | E: 197 | L: 1000 | R: 79.7231 | BS: 98500 | FPS: 139.9594 | T: 0:29:52
| train          | F: 198000 | S: 99000 | E: 198 | L: 1000 | R: 220.8760 | BS: 99000 | FPS: 133.4424 | T: 0:30:00
| train          | F: 199000 | S: 99500 | E: 199 | L: 1000 | R: 219.2988 | BS: 99500 | FPS: 133.5578 | T: 0:30:07
| train          | F: 200000 | S: 100000 | E: 200 | L: 1000 | R: 216.4075 | BS: 100000 | FPS: 131.6597 | T: 0:30:15
| eval           | F: 200000 | S: 100000 | E: 200 | L: 1000 | R: 225.0871 | T: 0:30:15
| train          | F: 201000 | S: 100500 | E: 201 | L: 1000 | R: 218.9097 | BS: 100500 | FPS: 37.0747 | T: 0:30:42
| train          | F: 202000 | S: 101000 | E: 202 | L: 1000 | R: 213.9510 | BS: 101000 | FPS: 135.1003 | T: 0:30:49
| train          | F: 203000 | S: 101500 | E: 203 | L: 1000 | R: 213.6697 | BS: 101500 | FPS: 125.4493 | T: 0:30:57
| train          | F: 204000 | S: 102000 | E: 204 | L: 1000 | R: 217.5743 | BS: 102000 | FPS: 125.2817 | T: 0:31:05
| train          | F: 205000 | S: 102500 | E: 205 | L: 1000 | R: 228.3171 | BS: 102500 | FPS: 132.4345 | T: 0:31:13
| train          | F: 206000 | S: 103000 | E: 206 | L: 1000 | R: 223.4113 | BS: 103000 | FPS: 131.2138 | T: 0:31:20
| train          | F: 207000 | S: 103500 | E: 207 | L: 1000 | R: 223.8786 | BS: 103500 | FPS: 130.2556 | T: 0:31:28
| train          | F: 208000 | S: 104000 | E: 208 | L: 1000 | R: 230.3487 | BS: 104000 | FPS: 128.7344 | T: 0:31:36
| train          | F: 209000 | S: 104500 | E: 209 | L: 1000 | R: 213.6757 | BS: 104500 | FPS: 128.0362 | T: 0:31:44
| train          | F: 210000 | S: 105000 | E: 210 | L: 1000 | R: 211.5260 | BS: 105000 | FPS: 126.8086 | T: 0:31:51
| eval           | F: 210000 | S: 105000 | E: 210 | L: 1000 | R: 231.6116 | T: 0:31:52
| train          | F: 211000 | S: 105500 | E: 211 | L: 1000 | R: 230.2911 | BS: 105500 | FPS: 41.5416 | T: 0:32:16
| train          | F: 212000 | S: 106000 | E: 212 | L: 1000 | R: 216.9951 | BS: 106000 | FPS: 135.5266 | T: 0:32:23
| train          | F: 213000 | S: 106500 | E: 213 | L: 1000 | R: 229.9315 | BS: 106500 | FPS: 136.9200 | T: 0:32:30
| train          | F: 214000 | S: 107000 | E: 214 | L: 1000 | R: 214.1351 | BS: 107000 | FPS: 138.6597 | T: 0:32:37
| train          | F: 215000 | S: 107500 | E: 215 | L: 1000 | R: 219.5830 | BS: 107500 | FPS: 137.5251 | T: 0:32:45
| train          | F: 216000 | S: 108000 | E: 216 | L: 1000 | R: 219.6618 | BS: 108000 | FPS: 137.6652 | T: 0:32:52
| train          | F: 217000 | S: 108500 | E: 217 | L: 1000 | R: 218.6769 | BS: 108500 | FPS: 136.9390 | T: 0:32:59
| train          | F: 218000 | S: 109000 | E: 218 | L: 1000 | R: 218.6114 | BS: 109000 | FPS: 135.7346 | T: 0:33:07
| train          | F: 219000 | S: 109500 | E: 219 | L: 1000 | R: 215.3157 | BS: 109500 | FPS: 134.2446 | T: 0:33:14
| train          | F: 220000 | S: 110000 | E: 220 | L: 1000 | R: 219.6945 | BS: 110000 | FPS: 125.9908 | T: 0:33:22
| eval           | F: 220000 | S: 110000 | E: 220 | L: 1000 | R: 174.8422 | T: 0:33:22
| train          | F: 221000 | S: 110500 | E: 221 | L: 1000 | R: 221.6706 | BS: 110500 | FPS: 36.5580 | T: 0:33:49
| train          | F: 222000 | S: 111000 | E: 222 | L: 1000 | R: 225.2061 | BS: 111000 | FPS: 140.2326 | T: 0:33:57
| train          | F: 223000 | S: 111500 | E: 223 | L: 1000 | R: 224.4648 | BS: 111500 | FPS: 137.5628 | T: 0:34:04
| train          | F: 224000 | S: 112000 | E: 224 | L: 1000 | R: 226.5178 | BS: 112000 | FPS: 129.3277 | T: 0:34:12
| train          | F: 225000 | S: 112500 | E: 225 | L: 1000 | R: 223.8866 | BS: 112500 | FPS: 132.5661 | T: 0:34:19
| train          | F: 226000 | S: 113000 | E: 226 | L: 1000 | R: 231.5999 | BS: 113000 | FPS: 137.9657 | T: 0:34:26
| train          | F: 227000 | S: 113500 | E: 227 | L: 1000 | R: 236.1035 | BS: 113500 | FPS: 135.2753 | T: 0:34:34
| train          | F: 228000 | S: 114000 | E: 228 | L: 1000 | R: 233.9218 | BS: 114000 | FPS: 131.4788 | T: 0:34:41
| train          | F: 229000 | S: 114500 | E: 229 | L: 1000 | R: 229.5316 | BS: 114500 | FPS: 132.7088 | T: 0:34:49
| train          | F: 230000 | S: 115000 | E: 230 | L: 1000 | R: 226.2335 | BS: 115000 | FPS: 123.7691 | T: 0:34:57
| eval           | F: 230000 | S: 115000 | E: 230 | L: 1000 | R: 231.5459 | T: 0:34:57
| train          | F: 231000 | S: 115500 | E: 231 | L: 1000 | R: 240.5551 | BS: 115500 | FPS: 37.9552 | T: 0:35:23
| train          | F: 232000 | S: 116000 | E: 232 | L: 1000 | R: 242.8900 | BS: 116000 | FPS: 139.5627 | T: 0:35:30
| train          | F: 233000 | S: 116500 | E: 233 | L: 1000 | R: 244.5939 | BS: 116500 | FPS: 133.4340 | T: 0:35:38
| train          | F: 234000 | S: 117000 | E: 234 | L: 1000 | R: 231.4697 | BS: 117000 | FPS: 128.3750 | T: 0:35:46
| train          | F: 235000 | S: 117500 | E: 235 | L: 1000 | R: 227.0413 | BS: 117500 | FPS: 134.4837 | T: 0:35:53
| train          | F: 236000 | S: 118000 | E: 236 | L: 1000 | R: 232.6524 | BS: 118000 | FPS: 136.9904 | T: 0:36:00
| train          | F: 237000 | S: 118500 | E: 237 | L: 1000 | R: 219.3454 | BS: 118500 | FPS: 138.2686 | T: 0:36:08
| train          | F: 238000 | S: 119000 | E: 238 | L: 1000 | R: 215.8085 | BS: 119000 | FPS: 133.3494 | T: 0:36:15
| train          | F: 239000 | S: 119500 | E: 239 | L: 1000 | R: 241.4205 | BS: 119500 | FPS: 137.6654 | T: 0:36:22
| train          | F: 240000 | S: 120000 | E: 240 | L: 1000 | R: 248.8120 | BS: 120000 | FPS: 137.1780 | T: 0:36:30
| eval           | F: 240000 | S: 120000 | E: 240 | L: 1000 | R: 246.1566 | T: 0:36:30
| train          | F: 241000 | S: 120500 | E: 241 | L: 1000 | R: 243.3554 | BS: 120500 | FPS: 41.4782 | T: 0:36:54
| train          | F: 242000 | S: 121000 | E: 242 | L: 1000 | R: 257.9553 | BS: 121000 | FPS: 126.7000 | T: 0:37:02
| train          | F: 243000 | S: 121500 | E: 243 | L: 1000 | R: 259.3699 | BS: 121500 | FPS: 137.5260 | T: 0:37:09
| train          | F: 244000 | S: 122000 | E: 244 | L: 1000 | R: 255.1108 | BS: 122000 | FPS: 130.1801 | T: 0:37:17
| train          | F: 245000 | S: 122500 | E: 245 | L: 1000 | R: 252.9950 | BS: 122500 | FPS: 130.3009 | T: 0:37:24
| train          | F: 246000 | S: 123000 | E: 246 | L: 1000 | R: 244.8917 | BS: 123000 | FPS: 124.6954 | T: 0:37:32
| train          | F: 247000 | S: 123500 | E: 247 | L: 1000 | R: 249.1519 | BS: 123500 | FPS: 129.1188 | T: 0:37:40
| train          | F: 248000 | S: 124000 | E: 248 | L: 1000 | R: 192.6106 | BS: 124000 | FPS: 130.4957 | T: 0:37:48
| train          | F: 249000 | S: 124500 | E: 249 | L: 1000 | R: 202.2687 | BS: 124500 | FPS: 137.9974 | T: 0:37:55
