Gym has been unmaintained since 2022 and does not support NumPy 2.0 amongst other critical functionality.
Please upgrade to Gymnasium, the maintained drop-in replacement of Gym, or contact the authors of your software and request that they upgrade.
Users of this version of Gym should be able to simply replace 'import gym' with 'import gymnasium as gym' in the vast majority of cases.
See the migration guide at https://gymnasium.farama.org/introduction/migration_guide/ for additional information.
/workspace/learn-si2e/SI2E/SI2E_A2C/rl-starter-files/rl-starter-files/scripts/train.py --env MiniGrid-DoorKey-8x8-v0 --model fastse-fast-si2e-DoorKey-8x8-s3 --frames 1000000 --use_batch --save-interval 0 --log-interval 500 --seed 3 --algo a2c --use_entropy_reward --use_value_condition --beta 0.005 --fast_se

Namespace(algo='a2c', env='MiniGrid-DoorKey-8x8-v0', model='fastse-fast-si2e-DoorKey-8x8-s3', seed=3, log_interval=500, save_interval=0, procs=16, frames=1000000, epochs=4, batch_size=256, frames_per_proc=None, discount=0.99, lr=0.001, gae_lambda=0.95, entropy_coef=0.01, value_loss_coef=0.5, max_grad_norm=0.5, optim_eps=1e-08, optim_alpha=0.99, clip_eps=0.2, recurrence=1, text=False, use_entropy_reward=True, use_value_condition=True, beta=0.005, beta_adaptive=False, fast_se=True, use_batch=True, ablation=None, mem=False)

Device: cuda:0

Environments loaded

Training status loaded

Observations preprocessor loaded
Model loaded

ACModel(
  (image_conv): Sequential(
    (0): Conv2d(3, 16, kernel_size=(2, 2), stride=(1, 1))
    (1): ReLU()
    (2): MaxPool2d(kernel_size=(2, 2), stride=(2, 2), padding=0, dilation=1, ceil_mode=False)
    (3): Conv2d(16, 32, kernel_size=(2, 2), stride=(1, 1))
    (4): ReLU()
    (5): Conv2d(32, 64, kernel_size=(2, 2), stride=(1, 1))
    (6): ReLU()
  )
  (actor): Sequential(
    (0): Linear(in_features=64, out_features=64, bias=True)
    (1): Tanh()
    (2): Linear(in_features=64, out_features=7, bias=True)
  )
  (critic): Sequential(
    (0): Linear(in_features=64, out_features=64, bias=True)
    (1): Tanh()
    (2): Linear(in_features=64, out_features=1, bias=True)
  )
  (extr_critic): Sequential(
    (0): Linear(in_features=64, out_features=64, bias=True)
    (1): Tanh()
    (2): Linear(in_features=64, out_features=1, bias=True)
  )
)

Optimizer loaded

U 500 | F 064000 | FPS 1722 | D 31 | rR:μσmM 0.01 0.05 0.00 0.21 | F:μσmM 635.2 18.4 564.0 640.0 | H 1.810 | V -0.320 | pL -0.013 | vL 0.001 | ∇ 0.017
U 1000 | F 128000 | FPS 2385 | D 61 | rR:μσmM 0.00 0.00 0.00 0.00 | F:μσmM 640.0 0.0 640.0 640.0 | H 1.813 | V -0.364 | pL -0.032 | vL 0.001 | ∇ 0.027
U 1500 | F 192000 | FPS 2314 | D 91 | rR:μσmM 0.04 0.14 0.00 0.59 | F:μσmM 618.4 83.5 295.0 640.0 | H 1.761 | V -0.363 | pL -0.003 | vL 0.001 | ∇ 0.016
U 2000 | F 256000 | FPS 2331 | D 121 | rR:μσmM 0.03 0.13 0.00 0.52 | F:μσmM 621.2 72.6 340.0 640.0 | H 1.761 | V -0.354 | pL 0.201 | vL 0.037 | ∇ 0.189
U 2500 | F 320000 | FPS 2007 | D 150 | rR:μσmM 0.00 0.00 0.00 0.00 | F:μσmM 640.0 0.0 640.0 640.0 | H 1.811 | V -0.351 | pL -0.010 | vL 0.001 | ∇ 0.009
U 3000 | F 384000 | FPS 2149 | D 180 | rR:μσmM 0.03 0.11 0.00 0.47 | F:μσmM 623.4 64.1 375.0 640.0 | H 1.747 | V -0.339 | pL -0.020 | vL 0.001 | ∇ 0.016
U 3500 | F 448000 | FPS 2059 | D 209 | rR:μσmM 0.04 0.12 0.00 0.47 | F:μσmM 619.6 64.9 375.0 640.0 | H 1.761 | V -0.307 | pL -0.016 | vL 0.001 | ∇ 0.013
U 4000 | F 512000 | FPS 2130 | D 238 | rR:μσmM 0.04 0.17 0.00 0.71 | F:μσmM 612.9 104.8 207.0 640.0 | H 1.796 | V -0.323 | pL 0.010 | vL 0.006 | ∇ 0.033
U 4500 | F 576000 | FPS 2285 | D 267 | rR:μσmM 0.04 0.16 0.00 0.65 | F:μσmM 615.6 94.4 250.0 640.0 | H 1.754 | V -0.309 | pL -0.016 | vL 0.001 | ∇ 0.012
U 5000 | F 640000 | FPS 2083 | D 296 | rR:μσmM 0.00 0.00 0.00 0.00 | F:μσmM 640.0 0.0 640.0 640.0 | H 1.763 | V -0.368 | pL -0.008 | vL 0.001 | ∇ 0.018
U 5500 | F 704000 | FPS 2446 | D 325 | rR:μσmM 0.00 0.00 0.00 0.00 | F:μσmM 640.0 0.0 640.0 640.0 | H 1.781 | V -0.317 | pL -0.006 | vL 0.001 | ∇ 0.015
U 6000 | F 768000 | FPS 2010 | D 354 | rR:μσmM 0.02 0.06 0.00 0.25 | F:μσmM 633.4 25.4 535.0 640.0 | H 1.750 | V -0.312 | pL -0.010 | vL 0.001 | ∇ 0.018
U 6500 | F 832000 | FPS 2291 | D 383 | rR:μσmM 0.00 0.00 0.00 0.00 | F:μσmM 640.0 0.0 640.0 640.0 | H 1.742 | V -0.324 | pL -0.008 | vL 0.001 | ∇ 0.009
U 7000 | F 896000 | FPS 1654 | D 411 | rR:μσmM 0.02 0.09 0.00 0.39 | F:μσmM 627.1 49.9 434.0 640.0 | H 1.755 | V -0.269 | pL -0.002 | vL 0.000 | ∇ 0.007
U 7500 | F 960000 | FPS 2650 | D 440 | rR:μσmM 0.08 0.23 0.00 0.88 | F:μσmM 590.4 142.7 84.0 640.0 | H 1.791 | V -0.280 | pL 0.024 | vL 0.010 | ∇ 0.037
Final model saved
