Gym has been unmaintained since 2022 and does not support NumPy 2.0 amongst other critical functionality.
Please upgrade to Gymnasium, the maintained drop-in replacement of Gym, or contact the authors of your software and request that they upgrade.
Users of this version of Gym should be able to simply replace 'import gym' with 'import gymnasium as gym' in the vast majority of cases.
See the migration guide at https://gymnasium.farama.org/introduction/migration_guide/ for additional information.
/workspace/learn-si2e/SI2E/SI2E_A2C/rl-starter-files/rl-starter-files/scripts/train.py --algo a2c --env MiniGrid-DoorKey-8x8-v0 --model abl-no_cluster-s2 --frames 1000000 --use_batch --save-interval 100 --log-interval 500 --seed 2 --use_entropy_reward --use_value_condition --beta 0.005 --ablation no_cluster

Namespace(algo='a2c', env='MiniGrid-DoorKey-8x8-v0', model='abl-no_cluster-s2', seed=2, log_interval=500, save_interval=100, procs=16, frames=1000000, epochs=4, batch_size=256, frames_per_proc=None, discount=0.99, lr=0.001, gae_lambda=0.95, entropy_coef=0.01, value_loss_coef=0.5, max_grad_norm=0.5, optim_eps=1e-08, optim_alpha=0.99, clip_eps=0.2, recurrence=1, text=False, use_entropy_reward=True, use_value_condition=True, beta=0.005, use_batch=True, ablation='no_cluster', mem=False)

Device: cuda:0

Environments loaded

Training status loaded

Observations preprocessor loaded
Model loaded

ACModel(
  (image_conv): Sequential(
    (0): Conv2d(3, 16, kernel_size=(2, 2), stride=(1, 1))
    (1): ReLU()
    (2): MaxPool2d(kernel_size=(2, 2), stride=(2, 2), padding=0, dilation=1, ceil_mode=False)
    (3): Conv2d(16, 32, kernel_size=(2, 2), stride=(1, 1))
    (4): ReLU()
    (5): Conv2d(32, 64, kernel_size=(2, 2), stride=(1, 1))
    (6): ReLU()
  )
  (actor): Sequential(
    (0): Linear(in_features=64, out_features=64, bias=True)
    (1): Tanh()
    (2): Linear(in_features=64, out_features=7, bias=True)
  )
  (critic): Sequential(
    (0): Linear(in_features=64, out_features=64, bias=True)
    (1): Tanh()
    (2): Linear(in_features=64, out_features=1, bias=True)
  )
  (extr_critic): Sequential(
    (0): Linear(in_features=64, out_features=64, bias=True)
    (1): Tanh()
    (2): Linear(in_features=64, out_features=1, bias=True)
  )
)

Optimizer loaded

Status saved
Status saved
Status saved
Status saved
U 500 | F 064000 | FPS 0439 | D 151 | rR:μσmM 0.00 0.00 0.00 0.00 | F:μσmM 640.0 0.0 640.0 640.0 | H 1.751 | V -0.274 | pL -0.008 | vL 0.001 | ∇ 0.012
Status saved
Status saved
Status saved
Status saved
Status saved
U 1000 | F 128000 | FPS 0437 | D 297 | rR:μσmM 0.00 0.00 0.00 0.00 | F:μσmM 640.0 0.0 640.0 640.0 | H 1.787 | V -0.352 | pL 0.014 | vL 0.003 | ∇ 0.032
Status saved
Status saved
Status saved
Status saved
Status saved
U 1500 | F 192000 | FPS 0436 | D 446 | rR:μσmM 0.01 0.05 0.00 0.22 | F:μσmM 634.6 20.8 554.0 640.0 | H 1.749 | V -0.350 | pL 0.015 | vL 0.004 | ∇ 0.027
Status saved
Status saved
Status saved
Status saved
Status saved
U 2000 | F 256000 | FPS 0458 | D 592 | rR:μσmM 0.00 0.00 0.00 0.00 | F:μσmM 640.0 0.0 640.0 640.0 | H 1.752 | V -0.317 | pL 0.244 | vL 0.036 | ∇ 0.213
Status saved
Status saved
Status saved
Status saved
Status saved
U 2500 | F 320000 | FPS 0403 | D 739 | rR:μσmM 0.00 0.00 0.00 0.00 | F:μσmM 640.0 0.0 640.0 640.0 | H 1.767 | V -0.324 | pL 0.000 | vL 0.001 | ∇ 0.013
Status saved
Status saved
Status saved
Status saved
Status saved
U 3000 | F 384000 | FPS 0392 | D 890 | rR:μσmM 0.06 0.19 0.00 0.78 | F:μσmM 607.1 117.2 155.0 640.0 | H 1.795 | V -0.291 | pL -0.008 | vL 0.002 | ∇ 0.027
Status saved
Status saved
Status saved
Status saved
Status saved
U 3500 | F 448000 | FPS 0433 | D 1041 | rR:μσmM 0.00 0.00 0.00 0.00 | F:μσmM 640.0 0.0 640.0 640.0 | H 1.731 | V -0.362 | pL 0.002 | vL 0.004 | ∇ 0.024
Status saved
Status saved
Status saved
Status saved
Status saved
U 4000 | F 512000 | FPS 0386 | D 1194 | rR:μσmM 0.03 0.11 0.00 0.47 | F:μσmM 623.6 63.4 378.0 640.0 | H 1.786 | V -0.297 | pL 0.083 | vL 0.014 | ∇ 0.066
Status saved
Status saved
Status saved
Status saved
Status saved
U 4500 | F 576000 | FPS 0419 | D 1345 | rR:μσmM 0.06 0.14 0.00 0.51 | F:μσmM 610.4 77.8 347.0 640.0 | H 1.749 | V -0.308 | pL -0.005 | vL 0.001 | ∇ 0.012
Status saved
Status saved
Status saved
Status saved
Status saved
U 5000 | F 640000 | FPS 0420 | D 1497 | rR:μσmM 0.01 0.06 0.00 0.24 | F:μσmM 633.9 23.7 542.0 640.0 | H 1.760 | V -0.313 | pL 0.002 | vL 0.000 | ∇ 0.008
Status saved
Status saved
Status saved
Status saved
Status saved
U 5500 | F 704000 | FPS 0417 | D 1648 | rR:μσmM 0.03 0.11 0.00 0.46 | F:μσmM 624.1 61.7 385.0 640.0 | H 1.739 | V -0.242 | pL -0.010 | vL 0.001 | ∇ 0.012
Status saved
Status saved
Status saved
Status saved
Status saved
U 6000 | F 768000 | FPS 0374 | D 1800 | rR:μσmM 0.00 0.00 0.00 0.00 | F:μσmM 640.0 0.0 640.0 640.0 | H 1.771 | V -0.363 | pL -0.006 | vL 0.001 | ∇ 0.014
Status saved
Status saved
Status saved
Status saved
Status saved
U 6500 | F 832000 | FPS 0432 | D 1952 | rR:μσmM 0.16 0.30 0.00 0.85 | F:μσmM 541.0 185.5 109.0 640.0 | H 1.769 | V -0.252 | pL -0.007 | vL 0.000 | ∇ 0.008
Status saved
Status saved
Status saved
Status saved
Status saved
U 7000 | F 896000 | FPS 0427 | D 2104 | rR:μσmM 0.02 0.05 0.00 0.20 | F:μσmM 634.5 17.0 571.0 640.0 | H 1.776 | V -0.315 | pL -0.009 | vL 0.001 | ∇ 0.014
Status saved
Status saved
Status saved
Status saved
Status saved
U 7500 | F 960000 | FPS 0379 | D 2258 | rR:μσmM 0.00 0.00 0.00 0.00 | F:μσmM 640.0 0.0 640.0 640.0 | H 1.713 | V -0.313 | pL -0.030 | vL 0.001 | ∇ 0.020
Status saved
Status saved
Status saved
Status saved
