Gym has been unmaintained since 2022 and does not support NumPy 2.0 amongst other critical functionality.
Please upgrade to Gymnasium, the maintained drop-in replacement of Gym, or contact the authors of your software and request that they upgrade.
Users of this version of Gym should be able to simply replace 'import gym' with 'import gymnasium as gym' in the vast majority of cases.
See the migration guide at https://gymnasium.farama.org/introduction/migration_guide/ for additional information.
/workspace/learn-si2e/SI2E/SI2E_A2C/rl-starter-files/rl-starter-files/scripts/train.py --env MiniGrid-KeyCorridorS3R2-v0 --model ppo-exp-a2c-si2e-KeyCorridorS3R2-s4 --frames 3000000 --use_batch --save-interval 100 --log-interval 500 --seed 4 --algo a2c --use_entropy_reward --use_value_condition --beta 0.005

Namespace(algo='a2c', env='MiniGrid-KeyCorridorS3R2-v0', model='ppo-exp-a2c-si2e-KeyCorridorS3R2-s4', seed=4, log_interval=500, save_interval=100, procs=16, frames=3000000, epochs=4, batch_size=256, frames_per_proc=None, discount=0.99, lr=0.001, gae_lambda=0.95, entropy_coef=0.01, value_loss_coef=0.5, max_grad_norm=0.5, optim_eps=1e-08, optim_alpha=0.99, clip_eps=0.2, recurrence=1, text=False, use_entropy_reward=True, use_value_condition=True, beta=0.005, beta_adaptive=False, fast_se=False, use_batch=True, ablation=None, mem=False)

Device: cuda:0

Environments loaded

Training status loaded

Observations preprocessor loaded
Model loaded

ACModel(
  (image_conv): Sequential(
    (0): Conv2d(3, 16, kernel_size=(2, 2), stride=(1, 1))
    (1): ReLU()
    (2): MaxPool2d(kernel_size=(2, 2), stride=(2, 2), padding=0, dilation=1, ceil_mode=False)
    (3): Conv2d(16, 32, kernel_size=(2, 2), stride=(1, 1))
    (4): ReLU()
    (5): Conv2d(32, 64, kernel_size=(2, 2), stride=(1, 1))
    (6): ReLU()
  )
  (actor): Sequential(
    (0): Linear(in_features=64, out_features=64, bias=True)
    (1): Tanh()
    (2): Linear(in_features=64, out_features=7, bias=True)
  )
  (critic): Sequential(
    (0): Linear(in_features=64, out_features=64, bias=True)
    (1): Tanh()
    (2): Linear(in_features=64, out_features=1, bias=True)
  )
  (extr_critic): Sequential(
    (0): Linear(in_features=64, out_features=64, bias=True)
    (1): Tanh()
    (2): Linear(in_features=64, out_features=1, bias=True)
  )
)

Optimizer loaded

Status saved
Status saved
Status saved
Status saved
U 500 | F 064000 | FPS 0436 | D 161 | rR:μσmM 0.00 0.00 0.00 0.00 | F:μσmM 270.0 0.0 270.0 270.0 | H 1.808 | V -0.376 | pL -0.015 | vL 0.001 | ∇ 0.015
Status saved
Status saved
Status saved
Status saved
Status saved
U 1000 | F 128000 | FPS 0371 | D 320 | rR:μσmM 0.00 0.00 0.00 0.00 | F:μσmM 270.0 0.0 270.0 270.0 | H 1.743 | V -0.337 | pL -0.023 | vL 0.001 | ∇ 0.019
Status saved
Status saved
Status saved
Status saved
Status saved
U 1500 | F 192000 | FPS 0313 | D 481 | rR:μσmM 0.05 0.15 0.00 0.58 | F:μσmM 258.5 35.7 125.0 270.0 | H 1.743 | V -0.291 | pL -0.013 | vL 0.001 | ∇ 0.012
Status saved
Status saved
Status saved
Status saved
Status saved
U 2000 | F 256000 | FPS 0243 | D 704 | rR:μσmM 0.00 0.00 0.00 0.00 | F:μσmM 270.0 0.0 270.0 270.0 | H 1.737 | V -0.330 | pL -0.018 | vL 0.001 | ∇ 0.013
Status saved
Status saved
Status saved
Status saved
Status saved
U 2500 | F 320000 | FPS 0215 | D 935 | rR:μσmM 0.01 0.03 0.00 0.12 | F:μσmM 269.6 1.7 263.0 270.0 | H 1.756 | V -0.271 | pL -0.007 | vL 0.001 | ∇ 0.009
Status saved
Status saved
Status saved
Status saved
Status saved
U 3000 | F 384000 | FPS 0269 | D 1168 | rR:μσmM 0.00 0.00 0.00 0.00 | F:μσmM 270.0 0.0 270.0 270.0 | H 1.777 | V -0.347 | pL -0.011 | vL 0.001 | ∇ 0.013
Status saved
Status saved
Status saved
Status saved
Status saved
U 3500 | F 448000 | FPS 0306 | D 1400 | rR:μσmM 0.00 0.00 0.00 0.00 | F:μσmM 270.0 0.0 270.0 270.0 | H 1.777 | V -0.324 | pL 0.017 | vL 0.004 | ∇ 0.022
Status saved
Status saved
Status saved
Status saved
Status saved
U 4000 | F 512000 | FPS 0283 | D 1635 | rR:μσmM 0.00 0.00 0.00 0.00 | F:μσmM 270.0 0.0 270.0 270.0 | H 1.764 | V -0.337 | pL 0.001 | vL 0.002 | ∇ 0.020
Status saved
Status saved
Status saved
Status saved
Status saved
U 4500 | F 576000 | FPS 0306 | D 1870 | rR:μσmM 0.04 0.17 0.00 0.70 | F:μσmM 258.8 43.6 90.0 270.0 | H 1.729 | V -0.349 | pL -0.006 | vL 0.001 | ∇ 0.008
Status saved
Status saved
Status saved
Status saved
Status saved
U 5000 | F 640000 | FPS 0311 | D 2102 | rR:μσmM 0.00 0.00 0.00 0.00 | F:μσmM 270.0 0.0 270.0 270.0 | H 1.767 | V -0.303 | pL -0.015 | vL 0.001 | ∇ 0.013
Status saved
Status saved
Status saved
Status saved
Status saved
U 5500 | F 704000 | FPS 0285 | D 2335 | rR:μσmM 0.00 0.00 0.00 0.00 | F:μσmM 270.0 0.0 270.0 270.0 | H 1.774 | V -0.302 | pL 0.030 | vL 0.004 | ∇ 0.030
Status saved
Status saved
Status saved
Status saved
Status saved
U 6000 | F 768000 | FPS 0286 | D 2574 | rR:μσmM 0.02 0.07 0.00 0.29 | F:μσmM 266.4 13.8 213.0 270.0 | H 1.753 | V -0.281 | pL -0.011 | vL 0.001 | ∇ 0.011
Status saved
Status saved
Status saved
Status saved
Status saved
U 6500 | F 832000 | FPS 0298 | D 2813 | rR:μσmM 0.00 0.00 0.00 0.00 | F:μσmM 270.0 0.0 270.0 270.0 | H 1.707 | V -0.269 | pL -0.017 | vL 0.001 | ∇ 0.019
Status saved
Status saved
Status saved
Status saved
Status saved
U 7000 | F 896000 | FPS 0292 | D 3047 | rR:μσmM 0.04 0.14 0.00 0.60 | F:μσmM 260.7 36.1 121.0 270.0 | H 1.736 | V -0.293 | pL 0.009 | vL 0.004 | ∇ 0.035
Status saved
Status saved
Status saved
Status saved
Status saved
U 7500 | F 960000 | FPS 0270 | D 3282 | rR:μσmM 0.00 0.00 0.00 0.00 | F:μσmM 270.0 0.0 270.0 270.0 | H 1.756 | V -0.300 | pL -0.012 | vL 0.001 | ∇ 0.014
Status saved
Status saved
Status saved
Status saved
Status saved
U 8000 | F 1024000 | FPS 0276 | D 3518 | rR:μσmM 0.06 0.18 0.00 0.74 | F:μσmM 256.0 46.4 79.0 270.0 | H 1.749 | V -0.253 | pL -0.024 | vL 0.001 | ∇ 0.016
Status saved
Status saved
Status saved
Status saved
Status saved
U 8500 | F 1088000 | FPS 0201 | D 3756 | rR:μσmM 0.00 0.00 0.00 0.00 | F:μσmM 270.0 0.0 270.0 270.0 | H 1.729 | V -0.312 | pL 0.052 | vL 0.007 | ∇ 0.047
Status saved
Status saved
Status saved
Status saved
Status saved
U 9000 | F 1152000 | FPS 0271 | D 3999 | rR:μσmM 0.00 0.00 0.00 0.00 | F:μσmM 270.0 0.0 270.0 270.0 | H 1.793 | V -0.315 | pL -0.008 | vL 0.001 | ∇ 0.008
Status saved
Status saved
Status saved
Status saved
Status saved
U 9500 | F 1216000 | FPS 0286 | D 4243 | rR:μσmM 0.01 0.03 0.00 0.12 | F:μσmM 269.6 1.5 264.0 270.0 | H 1.754 | V -0.245 | pL 0.005 | vL 0.000 | ∇ 0.012
Status saved
Status saved
Status saved
Status saved
Status saved
U 10000 | F 1280000 | FPS 0217 | D 4488 | rR:μσmM 0.06 0.14 0.00 0.56 | F:μσmM 258.2 33.7 132.0 270.0 | H 1.688 | V -0.229 | pL -0.016 | vL 0.001 | ∇ 0.014
Status saved
Status saved
Status saved
Status saved
Status saved
U 10500 | F 1344000 | FPS 0267 | D 4730 | rR:μσmM 0.08 0.17 0.00 0.56 | F:μσmM 252.6 39.7 132.0 270.0 | H 1.726 | V -0.240 | pL -0.001 | vL 0.002 | ∇ 0.018
Status saved
Status saved
Status saved
Status saved
Status saved
U 11000 | F 1408000 | FPS 0381 | D 4931 | rR:μσmM 0.04 0.14 0.00 0.59 | F:μσmM 260.8 35.8 122.0 270.0 | H 1.755 | V -0.241 | pL 0.007 | vL 0.003 | ∇ 0.021
Status saved
Status saved
Status saved
Status saved
Status saved
U 11500 | F 1472000 | FPS 0364 | D 5111 | rR:μσmM 0.23 0.27 0.00 0.69 | F:μσmM 214.8 66.9 92.0 270.0 | H 1.769 | V -0.216 | pL -0.018 | vL 0.001 | ∇ 0.026
Status saved
Status saved
Status saved
Status saved
Status saved
U 12000 | F 1536000 | FPS 0348 | D 5288 | rR:μσmM 0.07 0.15 0.00 0.46 | F:μσmM 254.2 34.4 163.0 270.0 | H 1.718 | V -0.262 | pL 0.020 | vL 0.003 | ∇ 0.035
Status saved
Status saved
Status saved
Status saved
Status saved
U 12500 | F 1600000 | FPS 0379 | D 5464 | rR:μσmM 0.06 0.16 0.00 0.59 | F:μσmM 255.9 39.2 124.0 270.0 | H 1.715 | V -0.223 | pL -0.030 | vL 0.001 | ∇ 0.026
Status saved
Status saved
Status saved
Status saved
Status saved
U 13000 | F 1664000 | FPS 0411 | D 5635 | rR:μσmM 0.01 0.05 0.00 0.21 | F:μσmM 267.9 8.2 236.0 270.0 | H 1.771 | V -0.270 | pL -0.006 | vL 0.001 | ∇ 0.009
Status saved
Status saved
Status saved
Status saved
Status saved
U 13500 | F 1728000 | FPS 0358 | D 5809 | rR:μσmM 0.03 0.13 0.00 0.52 | F:μσmM 262.1 30.5 144.0 270.0 | H 1.765 | V -0.285 | pL -0.032 | vL 0.001 | ∇ 0.021
Status saved
Status saved
Status saved
Status saved
Status saved
U 14000 | F 1792000 | FPS 0417 | D 5981 | rR:μσmM 0.06 0.15 0.00 0.56 | F:μσmM 256.4 35.0 132.0 270.0 | H 1.755 | V -0.243 | pL 0.020 | vL 0.008 | ∇ 0.046
Status saved
Status saved
Status saved
Status saved
Status saved
U 14500 | F 1856000 | FPS 0398 | D 6154 | rR:μσmM 0.16 0.22 0.00 0.63 | F:μσmM 232.4 52.3 111.0 270.0 | H 1.744 | V -0.197 | pL -0.007 | vL 0.002 | ∇ 0.083
Status saved
Status saved
Status saved
Status saved
Status saved
U 15000 | F 1920000 | FPS 0533 | D 6317 | rR:μσmM 0.06 0.16 0.00 0.61 | F:μσmM 256.7 38.9 117.0 270.0 | H 1.729 | V -0.262 | pL -0.003 | vL 0.001 | ∇ 0.014
Status saved
Status saved
Status saved
Status saved
Status saved
U 15500 | F 1984000 | FPS 0297 | D 6545 | rR:μσmM 0.23 0.29 0.00 0.77 | F:μσmM 213.3 73.5 68.0 270.0 | H 1.685 | V -0.190 | pL -0.027 | vL 0.003 | ∇ 0.180
Status saved
Status saved
Status saved
Status saved
Status saved
U 16000 | F 2048000 | FPS 0292 | D 6783 | rR:μσmM 0.15 0.29 0.00 0.86 | F:μσmM 233.6 74.5 43.0 270.0 | H 1.712 | V -0.230 | pL 0.018 | vL 0.013 | ∇ 0.065
Status saved
Status saved
Status saved
Status saved
Status saved
U 16500 | F 2112000 | FPS 0250 | D 7029 | rR:μσmM 0.11 0.23 0.00 0.84 | F:μσmM 243.9 58.4 47.0 270.0 | H 1.687 | V -0.190 | pL 0.001 | vL 0.002 | ∇ 0.038
Status saved
Status saved
Status saved
Status saved
Status saved
U 17000 | F 2176000 | FPS 0282 | D 7273 | rR:μσmM 0.06 0.19 0.00 0.76 | F:μσmM 255.2 48.0 73.0 270.0 | H 1.689 | V -0.232 | pL 0.008 | vL 0.003 | ∇ 0.032
Status saved
Status saved
Status saved
Status saved
Status saved
U 17500 | F 2240000 | FPS 0304 | D 7517 | rR:μσmM 0.20 0.29 0.00 0.77 | F:μσmM 220.3 75.3 69.0 270.0 | H 1.667 | V -0.127 | pL -0.026 | vL 0.004 | ∇ 0.090
Status saved
Status saved
Status saved
Status saved
Status saved
U 18000 | F 2304000 | FPS 0302 | D 7758 | rR:μσmM 0.26 0.31 0.00 0.92 | F:μσmM 206.4 78.4 24.0 270.0 | H 1.534 | V -0.129 | pL -0.005 | vL 0.001 | ∇ 0.031
Status saved
Status saved
Status saved
Status saved
Status saved
U 18500 | F 2368000 | FPS 0357 | D 7957 | rR:μσmM 0.19 0.32 0.00 0.89 | F:μσmM 222.1 82.8 33.0 270.0 | H 1.573 | V -0.154 | pL 0.008 | vL 0.002 | ∇ 0.050
Status saved
Status saved
Status saved
Status saved
Status saved
U 19000 | F 2432000 | FPS 0338 | D 8137 | rR:μσmM 0.41 0.39 0.00 0.93 | F:μσmM 164.5 104.4 22.0 270.0 | H 1.621 | V -0.156 | pL -0.012 | vL 0.002 | ∇ 0.034
Status saved
Status saved
Status saved
Status saved
Status saved
U 19500 | F 2496000 | FPS 0238 | D 8315 | rR:μσmM 0.53 0.37 0.00 0.92 | F:μσmM 132.9 96.1 23.0 270.0 | H 1.509 | V -0.014 | pL -0.012 | vL 0.006 | ∇ 0.101
Status saved
Status saved
Status saved
Status saved
Status saved
U 20000 | F 2560000 | FPS 0387 | D 8494 | rR:μσmM 0.44 0.38 0.00 0.93 | F:μσmM 158.2 99.7 21.0 270.0 | H 1.460 | V -0.075 | pL 0.038 | vL 0.035 | ∇ 0.129
Status saved
Status saved
Status saved
Status saved
Status saved
U 20500 | F 2624000 | FPS 0394 | D 8666 | rR:μσmM 0.46 0.36 0.00 0.88 | F:μσmM 153.4 95.6 37.0 270.0 | H 1.520 | V -0.012 | pL -0.029 | vL 0.003 | ∇ 0.056
Status saved
Status saved
Status saved
Status saved
Status saved
U 21000 | F 2688000 | FPS 0386 | D 8844 | rR:μσmM 0.38 0.36 0.00 0.93 | F:μσmM 172.8 95.2 22.0 270.0 | H 1.543 | V -0.005 | pL -0.031 | vL 0.005 | ∇ 0.073
Status saved
Status saved
Status saved
Status saved
Status saved
U 21500 | F 2752000 | FPS 0511 | D 8991 | rR:μσmM 0.67 0.29 0.00 0.95 | F:μσmM 95.6 79.9 15.0 270.0 | H 1.413 | V 0.174 | pL 0.021 | vL 0.012 | ∇ 0.105
Status saved
Status saved
Status saved
Status saved
Status saved
U 22000 | F 2816000 | FPS 0424 | D 9130 | rR:μσmM 0.66 0.24 0.00 0.92 | F:μσmM 98.7 66.2 23.0 270.0 | H 1.310 | V 0.229 | pL 0.027 | vL 0.021 | ∇ 0.183
Status saved
Status saved
Status saved
Status saved
Status saved
U 22500 | F 2880000 | FPS 0512 | D 9265 | rR:μσmM 0.80 0.07 0.67 0.92 | F:μσmM 60.3 20.5 23.0 100.0 | H 1.192 | V 0.478 | pL 0.000 | vL 0.007 | ∇ 0.103
Status saved
Status saved
Status saved
Status saved
Status saved
U 23000 | F 2944000 | FPS 0356 | D 9432 | rR:μσmM 0.83 0.08 0.66 0.92 | F:μσmM 51.2 23.2 25.0 102.0 | H 1.126 | V 0.505 | pL -0.024 | vL 0.006 | ∇ 0.077
Status saved
Status saved
Status saved
Status saved
Status saved
Final model saved
