Gym has been unmaintained since 2022 and does not support NumPy 2.0 amongst other critical functionality.
Please upgrade to Gymnasium, the maintained drop-in replacement of Gym, or contact the authors of your software and request that they upgrade.
Users of this version of Gym should be able to simply replace 'import gym' with 'import gymnasium as gym' in the vast majority of cases.
See the migration guide at https://gymnasium.farama.org/introduction/migration_guide/ for additional information.
/workspace/learn-si2e/SI2E/SI2E_A2C/rl-starter-files/rl-starter-files/scripts/train.py --env MiniGrid-DoorKey-8x8-v0 --model ppo-exp-ppo-si2e-DoorKey-8x8-s4 --frames 3000000 --use_batch --save-interval 100 --log-interval 500 --seed 4 --algo ppo --use_entropy_reward --use_value_condition --beta 0.005

Namespace(algo='ppo', env='MiniGrid-DoorKey-8x8-v0', model='ppo-exp-ppo-si2e-DoorKey-8x8-s4', seed=4, log_interval=500, save_interval=100, procs=16, frames=3000000, epochs=4, batch_size=256, frames_per_proc=None, discount=0.99, lr=0.001, gae_lambda=0.95, entropy_coef=0.01, value_loss_coef=0.5, max_grad_norm=0.5, optim_eps=1e-08, optim_alpha=0.99, clip_eps=0.2, recurrence=1, text=False, use_entropy_reward=True, use_value_condition=True, beta=0.005, beta_adaptive=False, fast_se=False, use_batch=True, ablation=None, mem=False)

Device: cuda:0

Environments loaded

Training status loaded

Observations preprocessor loaded
Model loaded

ACModel(
  (image_conv): Sequential(
    (0): Conv2d(3, 16, kernel_size=(2, 2), stride=(1, 1))
    (1): ReLU()
    (2): MaxPool2d(kernel_size=(2, 2), stride=(2, 2), padding=0, dilation=1, ceil_mode=False)
    (3): Conv2d(16, 32, kernel_size=(2, 2), stride=(1, 1))
    (4): ReLU()
    (5): Conv2d(32, 64, kernel_size=(2, 2), stride=(1, 1))
    (6): ReLU()
  )
  (actor): Sequential(
    (0): Linear(in_features=64, out_features=64, bias=True)
    (1): Tanh()
    (2): Linear(in_features=64, out_features=7, bias=True)
  )
  (critic): Sequential(
    (0): Linear(in_features=64, out_features=64, bias=True)
    (1): Tanh()
    (2): Linear(in_features=64, out_features=1, bias=True)
  )
  (extr_critic): Sequential(
    (0): Linear(in_features=64, out_features=64, bias=True)
    (1): Tanh()
    (2): Linear(in_features=64, out_features=1, bias=True)
  )
)

Optimizer loaded

Status saved
Status saved
Status saved
Status saved
U 500 | F 064000 | FPS 0576 | D 125 | rR:μσmM 0.00 0.00 0.00 0.00 | F:μσmM 640.0 0.0 640.0 640.0 | H 1.764 | V -0.348 | pL 0.003 | vL 0.001 | ∇ 0.016
Status saved
Status saved
Status saved
Status saved
Status saved
U 1000 | F 128000 | FPS 0552 | D 246 | rR:μσmM 0.02 0.07 0.00 0.31 | F:μσmM 630.8 35.8 492.0 640.0 | H 1.782 | V -0.443 | pL -0.005 | vL 0.001 | ∇ 0.012
Status saved
Status saved
Status saved
Status saved
Status saved
U 1500 | F 192000 | FPS 0581 | D 367 | rR:μσmM 0.00 0.00 0.00 0.00 | F:μσmM 640.0 0.0 640.0 640.0 | H 1.752 | V -0.386 | pL -0.000 | vL 0.001 | ∇ 0.014
Status saved
Status saved
Status saved
Status saved
Status saved
U 2000 | F 256000 | FPS 0489 | D 489 | rR:μσmM 0.00 0.00 0.00 0.00 | F:μσmM 640.0 0.0 640.0 640.0 | H 1.727 | V -0.344 | pL -0.222 | vL 0.050 | ∇ 0.220
Status saved
Status saved
Status saved
Status saved
Status saved
U 2500 | F 320000 | FPS 0574 | D 610 | rR:μσmM 0.00 0.00 0.00 0.00 | F:μσmM 640.0 0.0 640.0 640.0 | H 1.720 | V -0.296 | pL 0.005 | vL 0.001 | ∇ 0.006
Status saved
Status saved
Status saved
Status saved
Status saved
U 3000 | F 384000 | FPS 0576 | D 734 | rR:μσmM 0.00 0.00 0.00 0.00 | F:μσmM 640.0 0.0 640.0 640.0 | H 1.770 | V -0.309 | pL -0.014 | vL 0.003 | ∇ 0.024
Status saved
Status saved
Status saved
Status saved
Status saved
U 3500 | F 448000 | FPS 0580 | D 859 | rR:μσmM 0.09 0.20 0.00 0.63 | F:μσmM 588.4 113.7 262.0 640.0 | H 1.727 | V -0.328 | pL 0.004 | vL 0.001 | ∇ 0.007
Status saved
Status saved
Status saved
Status saved
Status saved
U 4000 | F 512000 | FPS 0495 | D 981 | rR:μσmM 0.00 0.00 0.00 0.00 | F:μσmM 640.0 0.0 640.0 640.0 | H 1.732 | V -0.313 | pL -0.106 | vL 0.026 | ∇ 0.110
Status saved
Status saved
Status saved
Status saved
Status saved
U 4500 | F 576000 | FPS 0270 | D 1104 | rR:μσmM 0.05 0.17 0.00 0.72 | F:μσmM 612.4 106.7 199.0 640.0 | H 1.732 | V -0.343 | pL 0.002 | vL 0.001 | ∇ 0.010
Status saved
Status saved
Status saved
Status saved
Status saved
U 5000 | F 640000 | FPS 0528 | D 1225 | rR:μσmM 0.02 0.09 0.00 0.36 | F:μσmM 628.2 45.5 452.0 640.0 | H 1.753 | V -0.357 | pL -0.007 | vL 0.004 | ∇ 0.023
Status saved
Status saved
Status saved
Status saved
Status saved
U 5500 | F 704000 | FPS 0569 | D 1346 | rR:μσmM 0.00 0.00 0.00 0.00 | F:μσmM 640.0 0.0 640.0 640.0 | H 1.794 | V -0.355 | pL 0.004 | vL 0.001 | ∇ 0.010
Status saved
Status saved
Status saved
Status saved
Status saved
U 6000 | F 768000 | FPS 0514 | D 1471 | rR:μσmM 0.00 0.00 0.00 0.00 | F:μσmM 640.0 0.0 640.0 640.0 | H 1.775 | V -0.329 | pL -0.057 | vL 0.013 | ∇ 0.061
Status saved
Status saved
Status saved
Status saved
Status saved
U 6500 | F 832000 | FPS 0499 | D 1596 | rR:μσmM 0.04 0.15 0.00 0.63 | F:μσmM 616.4 91.3 263.0 640.0 | H 1.762 | V -0.311 | pL 0.003 | vL 0.001 | ∇ 0.005
Status saved
Status saved
Status saved
Status saved
Status saved
U 7000 | F 896000 | FPS 0544 | D 1720 | rR:μσmM 0.03 0.10 0.00 0.37 | F:μσmM 624.1 48.2 446.0 640.0 | H 1.763 | V -0.292 | pL 0.003 | vL 0.001 | ∇ 0.013
Status saved
Status saved
Status saved
Status saved
Status saved
U 7500 | F 960000 | FPS 0555 | D 1842 | rR:μσmM 0.03 0.11 0.00 0.47 | F:μσmM 623.6 63.7 377.0 640.0 | H 1.656 | V -0.257 | pL 0.007 | vL 0.001 | ∇ 0.019
Status saved
Status saved
Status saved
Status saved
Status saved
U 8000 | F 1024000 | FPS 0571 | D 1963 | rR:μσmM 0.04 0.17 0.00 0.69 | F:μσmM 613.6 102.4 217.0 640.0 | H 1.798 | V -0.361 | pL -0.018 | vL 0.006 | ∇ 0.023
Status saved
Status saved
Status saved
Status saved
Status saved
U 8500 | F 1088000 | FPS 0560 | D 2087 | rR:μσmM 0.01 0.04 0.00 0.16 | F:μσmM 637.5 9.7 600.0 640.0 | H 1.798 | V -0.317 | pL -0.006 | vL 0.003 | ∇ 0.015
Status saved
Status saved
Status saved
Status saved
Status saved
U 9000 | F 1152000 | FPS 0520 | D 2209 | rR:μσmM 0.00 0.00 0.00 0.00 | F:μσmM 640.0 0.0 640.0 640.0 | H 1.738 | V -0.334 | pL 0.003 | vL 0.001 | ∇ 0.007
Status saved
Status saved
Status saved
Status saved
Status saved
U 9500 | F 1216000 | FPS 0488 | D 2336 | rR:μσmM 0.00 0.00 0.00 0.00 | F:μσmM 640.0 0.0 640.0 640.0 | H 1.754 | V -0.313 | pL -0.004 | vL 0.000 | ∇ 0.010
Status saved
Status saved
Status saved
Status saved
Status saved
U 10000 | F 1280000 | FPS 0514 | D 2457 | rR:μσmM 0.01 0.04 0.00 0.12 | F:μσmM 638.8 4.1 623.0 640.0 | H 1.722 | V -0.297 | pL -0.034 | vL 0.011 | ∇ 0.057
Status saved
Status saved
Status saved
Status saved
Status saved
U 10500 | F 1344000 | FPS 0500 | D 2581 | rR:μσmM 0.08 0.22 0.00 0.83 | F:μσmM 593.6 133.5 121.0 640.0 | H 1.747 | V -0.319 | pL 0.007 | vL 0.001 | ∇ 0.016
Status saved
Status saved
Status saved
Status saved
Status saved
U 11000 | F 1408000 | FPS 0475 | D 2708 | rR:μσmM 0.05 0.15 0.00 0.60 | F:μσmM 616.5 86.7 281.0 640.0 | H 1.664 | V -0.284 | pL 0.014 | vL 0.001 | ∇ 0.019
Status saved
Status saved
Status saved
Status saved
Status saved
U 11500 | F 1472000 | FPS 0504 | D 2845 | rR:μσmM 0.04 0.14 0.00 0.59 | F:μσmM 618.1 85.0 289.0 640.0 | H 1.753 | V -0.330 | pL -0.002 | vL 0.002 | ∇ 0.016
Status saved
Status saved
Status saved
Status saved
Status saved
U 12000 | F 1536000 | FPS 0402 | D 3006 | rR:μσmM 0.00 0.00 0.00 0.00 | F:μσmM 640.0 0.0 640.0 640.0 | H 1.769 | V -0.357 | pL -0.017 | vL 0.006 | ∇ 0.023
Status saved
Status saved
Status saved
Status saved
Status saved
U 12500 | F 1600000 | FPS 0255 | D 3198 | rR:μσmM 0.03 0.11 0.00 0.44 | F:μσmM 624.7 58.5 398.0 640.0 | H 1.767 | V -0.315 | pL -0.000 | vL 0.001 | ∇ 0.008
Status saved
Status saved
Status saved
Status saved
Status saved
U 13000 | F 1664000 | FPS 0428 | D 3406 | rR:μσmM 0.00 0.00 0.00 0.00 | F:μσmM 640.0 0.0 640.0 640.0 | H 1.770 | V -0.253 | pL -0.005 | vL 0.003 | ∇ 0.008
Status saved
Status saved
Status saved
Status saved
Status saved
U 13500 | F 1728000 | FPS 0229 | D 3628 | rR:μσmM 0.01 0.03 0.00 0.12 | F:μσmM 639.1 3.6 625.0 640.0 | H 1.770 | V -0.362 | pL 0.005 | vL 0.001 | ∇ 0.009
Status saved
Status saved
Status saved
Status saved
Status saved
U 14000 | F 1792000 | FPS 0219 | D 3848 | rR:μσmM 0.10 0.24 0.00 0.91 | F:μσmM 583.8 151.8 63.0 640.0 | H 1.765 | V -0.278 | pL -0.004 | vL 0.000 | ∇ 0.007
Status saved
Status saved
Status saved
Status saved
Status saved
U 14500 | F 1856000 | FPS 0481 | D 4010 | rR:μσmM 0.08 0.17 0.00 0.48 | F:μσmM 596.8 90.6 372.0 640.0 | H 1.772 | V -0.285 | pL 0.007 | vL 0.001 | ∇ 0.016
Status saved
Status saved
Status saved
Status saved
Status saved
U 15000 | F 1920000 | FPS 0487 | D 4154 | rR:μσmM 0.00 0.00 0.00 0.00 | F:μσmM 640.0 0.0 640.0 640.0 | H 1.728 | V -0.313 | pL -0.006 | vL 0.000 | ∇ 0.009
Status saved
Status saved
Status saved
Status saved
Status saved
U 15500 | F 1984000 | FPS 0448 | D 4319 | rR:μσmM 0.00 0.00 0.00 0.00 | F:μσmM 640.0 0.0 640.0 640.0 | H 1.714 | V -0.336 | pL 0.001 | vL 0.001 | ∇ 0.010
Status saved
Status saved
Status saved
Status saved
Status saved
U 16000 | F 2048000 | FPS 0547 | D 4453 | rR:μσmM 0.00 0.00 0.00 0.00 | F:μσmM 640.0 0.0 640.0 640.0 | H 1.776 | V -0.328 | pL 0.003 | vL 0.001 | ∇ 0.005
Status saved
Status saved
Status saved
Status saved
Status saved
U 16500 | F 2112000 | FPS 0497 | D 4586 | rR:μσmM 0.02 0.08 0.00 0.31 | F:μσmM 630.5 36.8 488.0 640.0 | H 1.708 | V -0.267 | pL 0.002 | vL 0.001 | ∇ 0.010
Status saved
Status saved
Status saved
Status saved
Status saved
U 17000 | F 2176000 | FPS 0590 | D 4720 | rR:μσmM 0.07 0.20 0.00 0.74 | F:μσmM 595.6 122.4 187.0 640.0 | H 1.718 | V -0.309 | pL -0.000 | vL 0.001 | ∇ 0.009
Status saved
Status saved
Status saved
Status saved
Status saved
U 17500 | F 2240000 | FPS 0579 | D 4840 | rR:μσmM 0.00 0.00 0.00 0.00 | F:μσmM 640.0 0.0 640.0 640.0 | H 1.758 | V -0.313 | pL 0.005 | vL 0.001 | ∇ 0.019
Status saved
Status saved
Status saved
Status saved
Status saved
U 18000 | F 2304000 | FPS 0501 | D 4962 | rR:μσmM 0.15 0.32 0.00 0.92 | F:μσmM 545.4 199.7 59.0 640.0 | H 1.696 | V -0.227 | pL 0.004 | vL 0.001 | ∇ 0.008
Status saved
Status saved
Status saved
Status saved
Status saved
U 18500 | F 2368000 | FPS 0515 | D 5084 | rR:μσmM 0.00 0.00 0.00 0.00 | F:μσmM 640.0 0.0 640.0 640.0 | H 1.768 | V -0.336 | pL -0.002 | vL 0.001 | ∇ 0.004
Status saved
Status saved
Status saved
Status saved
Status saved
U 19000 | F 2432000 | FPS 0512 | D 5206 | rR:μσmM 0.01 0.04 0.00 0.15 | F:μσmM 637.9 8.2 606.0 640.0 | H 1.734 | V -0.324 | pL -0.010 | vL 0.004 | ∇ 0.020
Status saved
Status saved
Status saved
Status saved
Status saved
U 19500 | F 2496000 | FPS 0586 | D 5328 | rR:μσmM 0.12 0.23 0.00 0.77 | F:μσmM 574.8 141.2 167.0 640.0 | H 1.748 | V -0.308 | pL -0.023 | vL 0.008 | ∇ 0.026
Status saved
Status saved
Status saved
Status saved
Status saved
U 20000 | F 2560000 | FPS 0576 | D 5450 | rR:μσmM 0.14 0.29 0.00 0.78 | F:μσmM 556.1 175.7 154.0 640.0 | H 1.731 | V -0.253 | pL 0.006 | vL 0.001 | ∇ 0.012
Status saved
Status saved
Status saved
Status saved
Status saved
U 20500 | F 2624000 | FPS 0318 | D 5572 | rR:μσmM 0.00 0.00 0.00 0.00 | F:μσmM 640.0 0.0 640.0 640.0 | H 1.764 | V -0.310 | pL 0.003 | vL 0.001 | ∇ 0.008
Status saved
Status saved
Status saved
Status saved
Status saved
U 21000 | F 2688000 | FPS 0592 | D 5692 | rR:μσmM 0.21 0.28 0.00 0.85 | F:μσmM 526.8 177.2 107.0 640.0 | H 1.716 | V -0.305 | pL 0.009 | vL 0.001 | ∇ 0.009
Status saved
Status saved
Status saved
Status saved
Status saved
U 21500 | F 2752000 | FPS 0591 | D 5814 | rR:μσmM 0.11 0.20 0.00 0.60 | F:μσmM 582.0 112.4 283.0 640.0 | H 1.776 | V -0.239 | pL 0.004 | vL 0.001 | ∇ 0.009
Status saved
Status saved
Status saved
Status saved
Status saved
U 22000 | F 2816000 | FPS 0483 | D 5935 | rR:μσmM 0.02 0.06 0.00 0.26 | F:μσmM 633.0 27.1 528.0 640.0 | H 1.777 | V -0.328 | pL -0.025 | vL 0.007 | ∇ 0.042
Status saved
Status saved
Status saved
Status saved
Status saved
U 22500 | F 2880000 | FPS 0478 | D 6057 | rR:μσmM 0.11 0.26 0.00 0.91 | F:μσmM 573.7 161.5 64.0 640.0 | H 1.661 | V -0.239 | pL -0.005 | vL 0.001 | ∇ 0.013
Status saved
Status saved
Status saved
Status saved
Status saved
U 23000 | F 2944000 | FPS 0311 | D 6177 | rR:μσmM 0.03 0.11 0.00 0.45 | F:μσmM 624.4 60.3 391.0 640.0 | H 1.789 | V -0.357 | pL -0.007 | vL 0.000 | ∇ 0.010
Status saved
Status saved
Status saved
Status saved
Status saved
