Gym has been unmaintained since 2022 and does not support NumPy 2.0 amongst other critical functionality.
Please upgrade to Gymnasium, the maintained drop-in replacement of Gym, or contact the authors of your software and request that they upgrade.
Users of this version of Gym should be able to simply replace 'import gym' with 'import gymnasium as gym' in the vast majority of cases.
See the migration guide at https://gymnasium.farama.org/introduction/migration_guide/ for additional information.
/workspace/learn-si2e/SI2E/SI2E_A2C/rl-starter-files/rl-starter-files/scripts/train.py --algo a2c --env MiniGrid-UnlockPickup-v0 --model up-si2e-s3 --frames 3000000 --use_batch --save-interval 100 --log-interval 500 --seed 3 --use_entropy_reward --use_value_condition --beta 0.005

Namespace(algo='a2c', env='MiniGrid-UnlockPickup-v0', model='up-si2e-s3', seed=3, log_interval=500, save_interval=100, procs=16, frames=3000000, epochs=4, batch_size=256, frames_per_proc=None, discount=0.99, lr=0.001, gae_lambda=0.95, entropy_coef=0.01, value_loss_coef=0.5, max_grad_norm=0.5, optim_eps=1e-08, optim_alpha=0.99, clip_eps=0.2, recurrence=1, text=False, use_entropy_reward=True, use_value_condition=True, beta=0.005, use_batch=True, ablation=None, mem=False)

Device: cuda:0

Environments loaded

Training status loaded

Observations preprocessor loaded
Model loaded

ACModel(
  (image_conv): Sequential(
    (0): Conv2d(3, 16, kernel_size=(2, 2), stride=(1, 1))
    (1): ReLU()
    (2): MaxPool2d(kernel_size=(2, 2), stride=(2, 2), padding=0, dilation=1, ceil_mode=False)
    (3): Conv2d(16, 32, kernel_size=(2, 2), stride=(1, 1))
    (4): ReLU()
    (5): Conv2d(32, 64, kernel_size=(2, 2), stride=(1, 1))
    (6): ReLU()
  )
  (actor): Sequential(
    (0): Linear(in_features=64, out_features=64, bias=True)
    (1): Tanh()
    (2): Linear(in_features=64, out_features=7, bias=True)
  )
  (critic): Sequential(
    (0): Linear(in_features=64, out_features=64, bias=True)
    (1): Tanh()
    (2): Linear(in_features=64, out_features=1, bias=True)
  )
  (extr_critic): Sequential(
    (0): Linear(in_features=64, out_features=64, bias=True)
    (1): Tanh()
    (2): Linear(in_features=64, out_features=1, bias=True)
  )
)

Optimizer loaded

Status saved
Status saved
Status saved
Status saved
U 500 | F 064000 | FPS 0362 | D 167 | rR:μσmM 0.00 0.00 0.00 0.00 | F:μσmM 288.0 0.0 288.0 288.0 | H 1.808 | V -0.370 | pL -0.021 | vL 0.001 | ∇ 0.019
Status saved
Status saved
Status saved
Status saved
Status saved
U 1000 | F 128000 | FPS 0357 | D 332 | rR:μσmM 0.01 0.04 0.00 0.18 | F:μσmM 286.4 6.3 262.0 288.0 | H 1.814 | V -0.311 | pL -0.014 | vL 0.001 | ∇ 0.011
Status saved
Status saved
Status saved
Status saved
Status saved
U 1500 | F 192000 | FPS 0359 | D 497 | rR:μσmM 0.00 0.00 0.00 0.00 | F:μσmM 288.0 0.0 288.0 288.0 | H 1.747 | V -0.391 | pL -0.015 | vL 0.001 | ∇ 0.016
Status saved
Status saved
Status saved
Status saved
Status saved
U 2000 | F 256000 | FPS 0439 | D 662 | rR:μσmM 0.00 0.00 0.00 0.00 | F:μσmM 288.0 0.0 288.0 288.0 | H 1.771 | V -0.317 | pL -0.015 | vL 0.001 | ∇ 0.012
Status saved
Status saved
Status saved
Status saved
Status saved
U 2500 | F 320000 | FPS 0409 | D 829 | rR:μσmM 0.00 0.00 0.00 0.00 | F:μσmM 288.0 0.0 288.0 288.0 | H 1.789 | V -0.287 | pL -0.015 | vL 0.001 | ∇ 0.011
Status saved
Status saved
Status saved
Status saved
Status saved
U 3000 | F 384000 | FPS 0363 | D 996 | rR:μσmM 0.00 0.00 0.00 0.00 | F:μσmM 288.0 0.0 288.0 288.0 | H 1.810 | V -0.309 | pL -0.022 | vL 0.001 | ∇ 0.016
Status saved
Status saved
Status saved
Status saved
Status saved
U 3500 | F 448000 | FPS 0425 | D 1163 | rR:μσmM 0.00 0.00 0.00 0.00 | F:μσmM 288.0 0.0 288.0 288.0 | H 1.814 | V -0.271 | pL -0.033 | vL 0.001 | ∇ 0.023
Status saved
Status saved
Status saved
Status saved
Status saved
U 4000 | F 512000 | FPS 0398 | D 1331 | rR:μσmM 0.00 0.00 0.00 0.00 | F:μσmM 288.0 0.0 288.0 288.0 | H 1.828 | V -0.268 | pL -0.038 | vL 0.001 | ∇ 0.026
Status saved
Status saved
Status saved
Status saved
Status saved
U 4500 | F 576000 | FPS 0431 | D 1496 | rR:μσmM 0.00 0.00 0.00 0.00 | F:μσmM 288.0 0.0 288.0 288.0 | H 1.790 | V -0.298 | pL 0.360 | vL 0.045 | ∇ 0.272
Status saved
Status saved
Status saved
Status saved
Status saved
U 5000 | F 640000 | FPS 0378 | D 1663 | rR:μσmM 0.00 0.00 0.00 0.00 | F:μσmM 288.0 0.0 288.0 288.0 | H 1.757 | V -0.295 | pL -0.013 | vL 0.001 | ∇ 0.011
Status saved
Status saved
Status saved
Status saved
Status saved
U 5500 | F 704000 | FPS 0425 | D 1830 | rR:μσmM 0.00 0.00 0.00 0.00 | F:μσmM 288.0 0.0 288.0 288.0 | H 1.804 | V -0.301 | pL -0.003 | vL 0.000 | ∇ 0.008
Status saved
Status saved
Status saved
Status saved
Status saved
U 6000 | F 768000 | FPS 0412 | D 1995 | rR:μσmM 0.00 0.00 0.00 0.00 | F:μσmM 288.0 0.0 288.0 288.0 | H 1.792 | V -0.257 | pL -0.016 | vL 0.001 | ∇ 0.012
Status saved
Status saved
Status saved
Status saved
Status saved
U 6500 | F 832000 | FPS 0361 | D 2159 | rR:μσmM 0.00 0.00 0.00 0.00 | F:μσmM 288.0 0.0 288.0 288.0 | H 1.764 | V -0.284 | pL -0.011 | vL 0.001 | ∇ 0.010
Status saved
Status saved
Status saved
Status saved
Status saved
U 7000 | F 896000 | FPS 0425 | D 2325 | rR:μσmM 0.00 0.00 0.00 0.00 | F:μσmM 288.0 0.0 288.0 288.0 | H 1.779 | V -0.285 | pL -0.020 | vL 0.001 | ∇ 0.015
Status saved
Status saved
Status saved
Status saved
Status saved
U 7500 | F 960000 | FPS 0425 | D 2492 | rR:μσmM 0.00 0.00 0.00 0.00 | F:μσmM 288.0 0.0 288.0 288.0 | H 1.779 | V -0.267 | pL -0.016 | vL 0.001 | ∇ 0.012
Status saved
Status saved
Status saved
Status saved
Status saved
U 8000 | F 1024000 | FPS 0373 | D 2658 | rR:μσmM 0.00 0.00 0.00 0.00 | F:μσmM 288.0 0.0 288.0 288.0 | H 1.719 | V -0.276 | pL -0.001 | vL 0.000 | ∇ 0.008
Status saved
Status saved
Status saved
Status saved
Status saved
U 8500 | F 1088000 | FPS 0371 | D 2822 | rR:μσmM 0.00 0.00 0.00 0.00 | F:μσmM 288.0 0.0 288.0 288.0 | H 1.778 | V -0.280 | pL -0.010 | vL 0.001 | ∇ 0.011
Status saved
Status saved
Status saved
Status saved
Status saved
U 9000 | F 1152000 | FPS 0424 | D 2988 | rR:μσmM 0.05 0.18 0.00 0.76 | F:μσmM 274.8 51.3 76.0 288.0 | H 1.786 | V -0.296 | pL 0.068 | vL 0.012 | ∇ 0.089
Status saved
Status saved
Status saved
Status saved
Status saved
U 9500 | F 1216000 | FPS 0429 | D 3154 | rR:μσmM 0.02 0.07 0.00 0.28 | F:μσmM 284.4 14.0 230.0 288.0 | H 1.806 | V -0.295 | pL -0.014 | vL 0.001 | ∇ 0.009
Status saved
Status saved
Status saved
Status saved
Status saved
U 10000 | F 1280000 | FPS 0355 | D 3321 | rR:μσmM 0.01 0.03 0.00 0.12 | F:μσmM 287.6 1.5 282.0 288.0 | H 1.757 | V -0.227 | pL -0.010 | vL 0.001 | ∇ 0.012
Status saved
Status saved
Status saved
Status saved
Status saved
U 10500 | F 1344000 | FPS 0414 | D 3490 | rR:μσmM 0.01 0.05 0.00 0.20 | F:μσmM 285.9 8.0 255.0 288.0 | H 1.793 | V -0.297 | pL -0.013 | vL 0.001 | ∇ 0.011
Status saved
Status saved
Status saved
Status saved
Status saved
U 11000 | F 1408000 | FPS 0339 | D 3656 | rR:μσmM 0.04 0.14 0.00 0.58 | F:μσmM 278.4 37.3 134.0 288.0 | H 1.764 | V -0.270 | pL -0.006 | vL 0.000 | ∇ 0.009
Status saved
Status saved
Status saved
Status saved
Status saved
U 11500 | F 1472000 | FPS 0409 | D 3820 | rR:μσmM 0.06 0.16 0.00 0.52 | F:μσmM 272.4 41.5 154.0 288.0 | H 1.763 | V -0.272 | pL 0.016 | vL 0.003 | ∇ 0.028
Status saved
Status saved
Status saved
Status saved
Status saved
U 12000 | F 1536000 | FPS 0388 | D 3986 | rR:μσmM 0.00 0.00 0.00 0.00 | F:μσmM 288.0 0.0 288.0 288.0 | H 1.773 | V -0.303 | pL -0.008 | vL 0.001 | ∇ 0.011
Status saved
Status saved
Status saved
Status saved
Status saved
U 12500 | F 1600000 | FPS 0435 | D 4153 | rR:μσmM 0.00 0.00 0.00 0.00 | F:μσmM 288.0 0.0 288.0 288.0 | H 1.783 | V -0.292 | pL 0.001 | vL 0.000 | ∇ 0.009
Status saved
Status saved
Status saved
Status saved
Status saved
U 13000 | F 1664000 | FPS 0404 | D 4318 | rR:μσmM 0.00 0.00 0.00 0.00 | F:μσmM 288.0 0.0 288.0 288.0 | H 1.762 | V -0.299 | pL -0.023 | vL 0.001 | ∇ 0.016
Status saved
Status saved
Status saved
Status saved
Status saved
U 13500 | F 1728000 | FPS 0375 | D 4488 | rR:μσmM 0.00 0.00 0.00 0.00 | F:μσmM 288.0 0.0 288.0 288.0 | H 1.771 | V -0.266 | pL -0.002 | vL 0.000 | ∇ 0.007
Status saved
Status saved
Status saved
Status saved
Status saved
U 14000 | F 1792000 | FPS 0425 | D 4654 | rR:μσmM 0.00 0.00 0.00 0.00 | F:μσmM 288.0 0.0 288.0 288.0 | H 1.794 | V -0.255 | pL -0.029 | vL 0.001 | ∇ 0.019
Status saved
Status saved
Status saved
Status saved
Status saved
U 14500 | F 1856000 | FPS 0355 | D 4820 | rR:μσmM 0.00 0.00 0.00 0.00 | F:μσmM 288.0 0.0 288.0 288.0 | H 1.753 | V -0.280 | pL -0.002 | vL 0.002 | ∇ 0.019
Status saved
Status saved
Status saved
Status saved
Status saved
U 15000 | F 1920000 | FPS 0396 | D 4989 | rR:μσmM 0.00 0.00 0.00 0.00 | F:μσmM 288.0 0.0 288.0 288.0 | H 1.756 | V -0.295 | pL 0.002 | vL 0.000 | ∇ 0.011
Status saved
Status saved
Status saved
Status saved
Status saved
U 15500 | F 1984000 | FPS 0383 | D 5157 | rR:μσmM 0.00 0.00 0.00 0.00 | F:μσmM 288.0 0.0 288.0 288.0 | H 1.784 | V -0.297 | pL -0.002 | vL 0.000 | ∇ 0.009
Status saved
Status saved
Status saved
Status saved
Status saved
U 16000 | F 2048000 | FPS 0403 | D 5324 | rR:μσmM 0.00 0.00 0.00 0.00 | F:μσmM 288.0 0.0 288.0 288.0 | H 1.752 | V -0.299 | pL 0.001 | vL 0.001 | ∇ 0.019
Status saved
Status saved
Status saved
Status saved
Status saved
U 16500 | F 2112000 | FPS 0425 | D 5492 | rR:μσmM 0.00 0.00 0.00 0.00 | F:μσmM 288.0 0.0 288.0 288.0 | H 1.792 | V -0.314 | pL -0.013 | vL 0.001 | ∇ 0.016
Status saved
Status saved
Status saved
Status saved
Status saved
U 17000 | F 2176000 | FPS 0366 | D 5659 | rR:μσmM 0.00 0.00 0.00 0.00 | F:μσmM 288.0 0.0 288.0 288.0 | H 1.797 | V -0.285 | pL -0.021 | vL 0.001 | ∇ 0.013
Status saved
Status saved
Status saved
Status saved
Status saved
U 17500 | F 2240000 | FPS 0417 | D 5828 | rR:μσmM 0.00 0.00 0.00 0.00 | F:μσmM 288.0 0.0 288.0 288.0 | H 1.762 | V -0.280 | pL 0.015 | vL 0.004 | ∇ 0.026
Status saved
Status saved
Status saved
Status saved
Status saved
U 18000 | F 2304000 | FPS 0368 | D 5996 | rR:μσmM 0.00 0.00 0.00 0.00 | F:μσmM 288.0 0.0 288.0 288.0 | H 1.792 | V -0.272 | pL -0.002 | vL 0.000 | ∇ 0.007
Status saved
Status saved
Status saved
Status saved
Status saved
U 18500 | F 2368000 | FPS 0236 | D 6164 | rR:μσmM 0.00 0.00 0.00 0.00 | F:μσmM 288.0 0.0 288.0 288.0 | H 1.792 | V -0.263 | pL -0.010 | vL 0.001 | ∇ 0.008
Status saved
Status saved
Status saved
Status saved
Status saved
U 19000 | F 2432000 | FPS 0432 | D 6333 | rR:μσmM 0.03 0.08 0.00 0.26 | F:μσmM 282.2 15.4 236.0 288.0 | H 1.772 | V -0.265 | pL 0.009 | vL 0.002 | ∇ 0.017
Status saved
Status saved
Status saved
Status saved
Status saved
U 19500 | F 2496000 | FPS 0424 | D 6499 | rR:μσmM 0.00 0.00 0.00 0.00 | F:μσmM 288.0 0.0 288.0 288.0 | H 1.755 | V -0.280 | pL -0.026 | vL 0.001 | ∇ 0.016
Status saved
Status saved
Status saved
Status saved
Status saved
U 20000 | F 2560000 | FPS 0360 | D 6665 | rR:μσmM 0.00 0.00 0.00 0.00 | F:μσmM 288.0 0.0 288.0 288.0 | H 1.796 | V -0.287 | pL -0.014 | vL 0.001 | ∇ 0.009
Status saved
Status saved
Status saved
Status saved
Status saved
U 20500 | F 2624000 | FPS 0411 | D 6832 | rR:μσmM 0.01 0.05 0.00 0.22 | F:μσmM 285.5 9.7 248.0 288.0 | H 1.745 | V -0.279 | pL 0.011 | vL 0.003 | ∇ 0.020
Status saved
Status saved
Status saved
Status saved
Status saved
U 21000 | F 2688000 | FPS 0402 | D 7003 | rR:μσmM 0.02 0.09 0.00 0.38 | F:μσmM 282.4 21.5 199.0 288.0 | H 1.772 | V -0.303 | pL 0.014 | vL 0.004 | ∇ 0.028
Status saved
Status saved
Status saved
Status saved
Status saved
U 21500 | F 2752000 | FPS 0381 | D 7169 | rR:μσmM 0.00 0.00 0.00 0.00 | F:μσmM 288.0 0.0 288.0 288.0 | H 1.777 | V -0.301 | pL -0.002 | vL 0.003 | ∇ 0.016
Status saved
Status saved
Status saved
Status saved
Status saved
U 22000 | F 2816000 | FPS 0240 | D 7338 | rR:μσmM 0.00 0.00 0.00 0.00 | F:μσmM 288.0 0.0 288.0 288.0 | H 1.760 | V -0.292 | pL -0.013 | vL 0.001 | ∇ 0.012
Status saved
Status saved
Status saved
Status saved
Status saved
U 22500 | F 2880000 | FPS 0399 | D 7503 | rR:μσmM 0.02 0.06 0.00 0.25 | F:μσmM 284.9 11.9 239.0 288.0 | H 1.794 | V -0.291 | pL -0.013 | vL 0.001 | ∇ 0.014
Status saved
Status saved
Status saved
Status saved
Status saved
U 23000 | F 2944000 | FPS 0367 | D 7672 | rR:μσmM 0.00 0.00 0.00 0.00 | F:μσmM 288.0 0.0 288.0 288.0 | H 1.765 | V -0.308 | pL -0.003 | vL 0.002 | ∇ 0.011
Status saved
Status saved
Status saved
Status saved
Status saved
