Gym has been unmaintained since 2022 and does not support NumPy 2.0 amongst other critical functionality.
Please upgrade to Gymnasium, the maintained drop-in replacement of Gym, or contact the authors of your software and request that they upgrade.
Users of this version of Gym should be able to simply replace 'import gym' with 'import gymnasium as gym' in the vast majority of cases.
See the migration guide at https://gymnasium.farama.org/introduction/migration_guide/ for additional information.
/workspace/learn-si2e/SI2E/SI2E_A2C/rl-starter-files/rl-starter-files/scripts/train.py --env MiniGrid-KeyCorridorS3R2-v0 --model ppo-exp-ppo-si2e-KeyCorridorS3R2-s4 --frames 3000000 --use_batch --save-interval 100 --log-interval 500 --seed 4 --algo ppo --use_entropy_reward --use_value_condition --beta 0.005

Namespace(algo='ppo', env='MiniGrid-KeyCorridorS3R2-v0', model='ppo-exp-ppo-si2e-KeyCorridorS3R2-s4', seed=4, log_interval=500, save_interval=100, procs=16, frames=3000000, epochs=4, batch_size=256, frames_per_proc=None, discount=0.99, lr=0.001, gae_lambda=0.95, entropy_coef=0.01, value_loss_coef=0.5, max_grad_norm=0.5, optim_eps=1e-08, optim_alpha=0.99, clip_eps=0.2, recurrence=1, text=False, use_entropy_reward=True, use_value_condition=True, beta=0.005, beta_adaptive=False, fast_se=False, use_batch=True, ablation=None, mem=False)

Device: cuda:0

Environments loaded

Training status loaded

Observations preprocessor loaded
Model loaded

ACModel(
  (image_conv): Sequential(
    (0): Conv2d(3, 16, kernel_size=(2, 2), stride=(1, 1))
    (1): ReLU()
    (2): MaxPool2d(kernel_size=(2, 2), stride=(2, 2), padding=0, dilation=1, ceil_mode=False)
    (3): Conv2d(16, 32, kernel_size=(2, 2), stride=(1, 1))
    (4): ReLU()
    (5): Conv2d(32, 64, kernel_size=(2, 2), stride=(1, 1))
    (6): ReLU()
  )
  (actor): Sequential(
    (0): Linear(in_features=64, out_features=64, bias=True)
    (1): Tanh()
    (2): Linear(in_features=64, out_features=7, bias=True)
  )
  (critic): Sequential(
    (0): Linear(in_features=64, out_features=64, bias=True)
    (1): Tanh()
    (2): Linear(in_features=64, out_features=1, bias=True)
  )
  (extr_critic): Sequential(
    (0): Linear(in_features=64, out_features=64, bias=True)
    (1): Tanh()
    (2): Linear(in_features=64, out_features=1, bias=True)
  )
)

Optimizer loaded

Status saved
Status saved
Status saved
Status saved
U 500 | F 064000 | FPS 0338 | D 117 | rR:μσmM 0.00 0.00 0.00 0.00 | F:μσmM 270.0 0.0 270.0 270.0 | H 1.760 | V -0.412 | pL -0.000 | vL 0.001 | ∇ 0.011
Status saved
Status saved
Status saved
Status saved
Status saved
U 1000 | F 128000 | FPS 0529 | D 233 | rR:μσmM 0.00 0.00 0.00 0.00 | F:μσmM 270.0 0.0 270.0 270.0 | H 1.756 | V -0.295 | pL 0.004 | vL 0.001 | ∇ 0.008
Status saved
Status saved
Status saved
Status saved
Status saved
U 1500 | F 192000 | FPS 0614 | D 347 | rR:μσmM 0.00 0.00 0.00 0.00 | F:μσmM 270.0 0.0 270.0 270.0 | H 1.740 | V -0.271 | pL 0.004 | vL 0.001 | ∇ 0.014
Status saved
Status saved
Status saved
Status saved
Status saved
U 2000 | F 256000 | FPS 0523 | D 463 | rR:μσmM 0.00 0.00 0.00 0.00 | F:μσmM 270.0 0.0 270.0 270.0 | H 1.651 | V -0.326 | pL 0.009 | vL 0.001 | ∇ 0.010
Status saved
Status saved
Status saved
Status saved
Status saved
U 2500 | F 320000 | FPS 0622 | D 578 | rR:μσmM 0.00 0.00 0.00 0.00 | F:μσmM 270.0 0.0 270.0 270.0 | H 1.730 | V -0.304 | pL 0.015 | vL 0.001 | ∇ 0.027
Status saved
Status saved
Status saved
Status saved
Status saved
U 3000 | F 384000 | FPS 0570 | D 694 | rR:μσmM 0.00 0.00 0.00 0.00 | F:μσmM 270.0 0.0 270.0 270.0 | H 1.768 | V -0.368 | pL -0.001 | vL 0.001 | ∇ 0.008
Status saved
Status saved
Status saved
Status saved
Status saved
U 3500 | F 448000 | FPS 0579 | D 811 | rR:μσmM 0.00 0.00 0.00 0.00 | F:μσmM 270.0 0.0 270.0 270.0 | H 1.758 | V -0.372 | pL -0.014 | vL 0.006 | ∇ 0.023
Status saved
Status saved
Status saved
Status saved
Status saved
U 4000 | F 512000 | FPS 0569 | D 924 | rR:μσmM 0.00 0.00 0.00 0.00 | F:μσmM 270.0 0.0 270.0 270.0 | H 1.795 | V -0.316 | pL -0.003 | vL 0.000 | ∇ 0.005
Status saved
Status saved
Status saved
Status saved
Status saved
U 4500 | F 576000 | FPS 0568 | D 1038 | rR:μσmM 0.00 0.00 0.00 0.00 | F:μσmM 270.0 0.0 270.0 270.0 | H 1.776 | V -0.348 | pL 0.011 | vL 0.001 | ∇ 0.011
Status saved
Status saved
Status saved
Status saved
Status saved
U 5000 | F 640000 | FPS 0640 | D 1152 | rR:μσmM 0.03 0.11 0.00 0.45 | F:μσmM 263.5 25.2 166.0 270.0 | H 1.728 | V -0.317 | pL 0.005 | vL 0.001 | ∇ 0.009
Status saved
Status saved
Status saved
Status saved
Status saved
U 5500 | F 704000 | FPS 0586 | D 1267 | rR:μσmM 0.00 0.00 0.00 0.00 | F:μσmM 270.0 0.0 270.0 270.0 | H 1.782 | V -0.314 | pL 0.002 | vL 0.001 | ∇ 0.007
Status saved
Status saved
Status saved
Status saved
Status saved
U 6000 | F 768000 | FPS 0548 | D 1387 | rR:μσmM 0.00 0.00 0.00 0.00 | F:μσmM 270.0 0.0 270.0 270.0 | H 1.762 | V -0.342 | pL -0.001 | vL 0.000 | ∇ 0.003
Status saved
Status saved
Status saved
Status saved
Status saved
U 6500 | F 832000 | FPS 0529 | D 1504 | rR:μσmM 0.00 0.00 0.00 0.00 | F:μσmM 270.0 0.0 270.0 270.0 | H 1.743 | V -0.361 | pL 0.006 | vL 0.003 | ∇ 0.010
Status saved
Status saved
Status saved
Status saved
Status saved
U 7000 | F 896000 | FPS 0536 | D 1620 | rR:μσmM 0.00 0.00 0.00 0.00 | F:μσmM 270.0 0.0 270.0 270.0 | H 1.740 | V -0.329 | pL -0.001 | vL 0.000 | ∇ 0.003
Status saved
Status saved
Status saved
Status saved
Status saved
U 7500 | F 960000 | FPS 0541 | D 1732 | rR:μσmM 0.00 0.00 0.00 0.00 | F:μσmM 270.0 0.0 270.0 270.0 | H 1.735 | V -0.322 | pL 0.013 | vL 0.001 | ∇ 0.016
Status saved
Status saved
Status saved
Status saved
Status saved
U 8000 | F 1024000 | FPS 0601 | D 1848 | rR:μσmM 0.00 0.00 0.00 0.00 | F:μσmM 270.0 0.0 270.0 270.0 | H 1.768 | V -0.322 | pL 0.008 | vL 0.001 | ∇ 0.017
Status saved
Status saved
Status saved
Status saved
Status saved
U 8500 | F 1088000 | FPS 0572 | D 1963 | rR:μσmM 0.00 0.00 0.00 0.00 | F:μσmM 270.0 0.0 270.0 270.0 | H 1.755 | V -0.350 | pL 0.011 | vL 0.001 | ∇ 0.014
Status saved
Status saved
Status saved
Status saved
Status saved
U 9000 | F 1152000 | FPS 0537 | D 2078 | rR:μσmM 0.00 0.00 0.00 0.00 | F:μσmM 270.0 0.0 270.0 270.0 | H 1.766 | V -0.354 | pL -0.015 | vL 0.008 | ∇ 0.018
Status saved
Status saved
Status saved
Status saved
Status saved
U 9500 | F 1216000 | FPS 0544 | D 2193 | rR:μσmM 0.00 0.00 0.00 0.00 | F:μσmM 270.0 0.0 270.0 270.0 | H 1.745 | V -0.372 | pL -0.002 | vL 0.000 | ∇ 0.004
Status saved
Status saved
Status saved
Status saved
Status saved
U 10000 | F 1280000 | FPS 0625 | D 2307 | rR:μσmM 0.01 0.05 0.00 0.22 | F:μσmM 267.8 8.5 235.0 270.0 | H 1.708 | V -0.318 | pL 0.010 | vL 0.001 | ∇ 0.010
Status saved
Status saved
Status saved
Status saved
Status saved
U 10500 | F 1344000 | FPS 0604 | D 2422 | rR:μσmM 0.02 0.08 0.00 0.33 | F:μσmM 265.6 16.9 200.0 270.0 | H 1.756 | V -0.330 | pL -0.028 | vL 0.020 | ∇ 0.037
Status saved
Status saved
Status saved
Status saved
Status saved
U 11000 | F 1408000 | FPS 0539 | D 2535 | rR:μσmM 0.00 0.00 0.00 0.00 | F:μσmM 270.0 0.0 270.0 270.0 | H 1.742 | V -0.369 | pL 0.007 | vL 0.001 | ∇ 0.009
Status saved
Status saved
Status saved
Status saved
Status saved
U 11500 | F 1472000 | FPS 0620 | D 2650 | rR:μσmM 0.00 0.00 0.00 0.00 | F:μσmM 270.0 0.0 270.0 270.0 | H 1.770 | V -0.343 | pL 0.008 | vL 0.001 | ∇ 0.008
Status saved
Status saved
Status saved
Status saved
Status saved
U 12000 | F 1536000 | FPS 0547 | D 2765 | rR:μσmM 0.05 0.20 0.00 0.82 | F:μσmM 256.5 52.3 54.0 270.0 | H 1.738 | V -0.315 | pL 0.005 | vL 0.001 | ∇ 0.010
Status saved
Status saved
Status saved
Status saved
Status saved
U 12500 | F 1600000 | FPS 0618 | D 2880 | rR:μσmM 0.00 0.00 0.00 0.00 | F:μσmM 270.0 0.0 270.0 270.0 | H 1.772 | V -0.355 | pL -0.006 | vL 0.006 | ∇ 0.019
Status saved
Status saved
Status saved
Status saved
Status saved
U 13000 | F 1664000 | FPS 0623 | D 2995 | rR:μσmM 0.00 0.00 0.00 0.00 | F:μσmM 270.0 0.0 270.0 270.0 | H 1.764 | V -0.324 | pL 0.001 | vL 0.000 | ∇ 0.005
Status saved
Status saved
Status saved
Status saved
Status saved
U 13500 | F 1728000 | FPS 0538 | D 3110 | rR:μσmM 0.00 0.00 0.00 0.00 | F:μσmM 270.0 0.0 270.0 270.0 | H 1.750 | V -0.312 | pL -0.012 | vL 0.005 | ∇ 0.016
Status saved
Status saved
Status saved
Status saved
Status saved
U 14000 | F 1792000 | FPS 0625 | D 3224 | rR:μσmM 0.00 0.00 0.00 0.00 | F:μσmM 270.0 0.0 270.0 270.0 | H 1.742 | V -0.326 | pL -0.005 | vL 0.000 | ∇ 0.006
Status saved
Status saved
Status saved
Status saved
Status saved
U 14500 | F 1856000 | FPS 0616 | D 3339 | rR:μσmM 0.00 0.00 0.00 0.00 | F:μσmM 270.0 0.0 270.0 270.0 | H 1.762 | V -0.317 | pL 0.003 | vL 0.001 | ∇ 0.003
Status saved
Status saved
Status saved
Status saved
Status saved
U 15000 | F 1920000 | FPS 0344 | D 3455 | rR:μσmM 0.00 0.00 0.00 0.00 | F:μσmM 270.0 0.0 270.0 270.0 | H 1.728 | V -0.327 | pL -0.012 | vL 0.008 | ∇ 0.024
Status saved
Status saved
Status saved
Status saved
Status saved
U 15500 | F 1984000 | FPS 0611 | D 3571 | rR:μσmM 0.00 0.00 0.00 0.00 | F:μσmM 270.0 0.0 270.0 270.0 | H 1.753 | V -0.343 | pL 0.006 | vL 0.001 | ∇ 0.006
Status saved
Status saved
Status saved
Status saved
Status saved
U 16000 | F 2048000 | FPS 0592 | D 3686 | rR:μσmM 0.00 0.00 0.00 0.00 | F:μσmM 270.0 0.0 270.0 270.0 | H 1.800 | V -0.362 | pL -0.003 | vL 0.003 | ∇ 0.009
Status saved
Status saved
Status saved
Status saved
Status saved
U 16500 | F 2112000 | FPS 0340 | D 3801 | rR:μσmM 0.00 0.00 0.00 0.00 | F:μσmM 270.0 0.0 270.0 270.0 | H 1.740 | V -0.349 | pL 0.000 | vL 0.001 | ∇ 0.006
Status saved
Status saved
Status saved
Status saved
Status saved
U 17000 | F 2176000 | FPS 0586 | D 3916 | rR:μσmM 0.00 0.00 0.00 0.00 | F:μσmM 270.0 0.0 270.0 270.0 | H 1.717 | V -0.356 | pL -0.007 | vL 0.004 | ∇ 0.010
Status saved
Status saved
Status saved
Status saved
Status saved
U 17500 | F 2240000 | FPS 0689 | D 4032 | rR:μσmM 0.00 0.00 0.00 0.00 | F:μσmM 270.0 0.0 270.0 270.0 | H 1.742 | V -0.328 | pL 0.009 | vL 0.001 | ∇ 0.006
Status saved
Status saved
Status saved
Status saved
Status saved
U 18000 | F 2304000 | FPS 0583 | D 4147 | rR:μσmM 0.00 0.00 0.00 0.00 | F:μσmM 270.0 0.0 270.0 270.0 | H 1.759 | V -0.354 | pL -0.015 | vL 0.007 | ∇ 0.023
Status saved
Status saved
Status saved
Status saved
Status saved
U 18500 | F 2368000 | FPS 0620 | D 4260 | rR:μσmM 0.00 0.00 0.00 0.00 | F:μσmM 270.0 0.0 270.0 270.0 | H 1.740 | V -0.353 | pL 0.011 | vL 0.001 | ∇ 0.015
Status saved
Status saved
Status saved
Status saved
Status saved
U 19000 | F 2432000 | FPS 0621 | D 4375 | rR:μσmM 0.00 0.00 0.00 0.00 | F:μσmM 270.0 0.0 270.0 270.0 | H 1.755 | V -0.342 | pL 0.003 | vL 0.001 | ∇ 0.005
Status saved
Status saved
Status saved
Status saved
Status saved
U 19500 | F 2496000 | FPS 0515 | D 4486 | rR:μσmM 0.00 0.00 0.00 0.00 | F:μσmM 270.0 0.0 270.0 270.0 | H 1.758 | V -0.335 | pL 0.005 | vL 0.001 | ∇ 0.006
Status saved
Status saved
Status saved
Status saved
Status saved
U 20000 | F 2560000 | FPS 0616 | D 4599 | rR:μσmM 0.00 0.00 0.00 0.00 | F:μσmM 270.0 0.0 270.0 270.0 | H 1.752 | V -0.334 | pL 0.004 | vL 0.001 | ∇ 0.005
Status saved
Status saved
Status saved
Status saved
Status saved
U 20500 | F 2624000 | FPS 0572 | D 4716 | rR:μσmM 0.00 0.00 0.00 0.00 | F:μσmM 270.0 0.0 270.0 270.0 | H 1.754 | V -0.343 | pL 0.003 | vL 0.001 | ∇ 0.005
Status saved
Status saved
Status saved
Status saved
Status saved
U 21000 | F 2688000 | FPS 0544 | D 4841 | rR:μσmM 0.00 0.00 0.00 0.00 | F:μσmM 270.0 0.0 270.0 270.0 | H 1.775 | V -0.401 | pL -0.037 | vL 0.014 | ∇ 0.038
Status saved
Status saved
Status saved
Status saved
Status saved
U 21500 | F 2752000 | FPS 0525 | D 4964 | rR:μσmM 0.00 0.00 0.00 0.00 | F:μσmM 270.0 0.0 270.0 270.0 | H 1.741 | V -0.338 | pL 0.010 | vL 0.001 | ∇ 0.010
Status saved
Status saved
Status saved
Status saved
Status saved
U 22000 | F 2816000 | FPS 0565 | D 5090 | rR:μσmM 0.00 0.00 0.00 0.00 | F:μσmM 270.0 0.0 270.0 270.0 | H 1.688 | V -0.349 | pL -0.016 | vL 0.005 | ∇ 0.021
Status saved
Status saved
Status saved
Status saved
Status saved
U 22500 | F 2880000 | FPS 0330 | D 5211 | rR:μσmM 0.00 0.00 0.00 0.00 | F:μσmM 270.0 0.0 270.0 270.0 | H 1.737 | V -0.372 | pL -0.024 | vL 0.008 | ∇ 0.089
Status saved
Status saved
Status saved
Status saved
Status saved
U 23000 | F 2944000 | FPS 0713 | D 5334 | rR:μσmM 0.00 0.00 0.00 0.00 | F:μσmM 270.0 0.0 270.0 270.0 | H 1.757 | V -0.338 | pL -0.004 | vL 0.000 | ∇ 0.005
Status saved
Status saved
Status saved
Status saved
Status saved
