/workspace/learn-si2e/SI2E/SI2E_DrQv2/train.py:210: UserWarning: 
The version_base parameter is not specified.
Please specify a compatability version level, or None.
Will assume defaults for version 1.1
  @hydra.main(config_path='cfgs', config_name='config')
/usr/local/lib/python3.10/dist-packages/hydra/_internal/hydra.py:119: UserWarning: Future Hydra versions will no longer change working directory at job runtime by default.
See https://hydra.cc/docs/1.2/upgrades/1.1_to_1.2/changes_to_job_working_dir/ for more information.
  ret = run_job(
/workspace/learn-si2e/SI2E/SI2E_DrQv2/train.py:210: UserWarning: 
The version_base parameter is not specified.
Please specify a compatability version level, or None.
Will assume defaults for version 1.1
  @hydra.main(config_path='cfgs', config_name='config')
workspace: /workspace/learn-si2e/results/drqv2-se-rerun/cheetah_run_se_seed1
| eval           | F: 0 | S: 0 | E: 0 | L: 1000 | R: 0.2346 | T: 0:00:00
| train          | F: 5000 | S: 2500 | E: 5 | L: 1000 | R: 3.1563 | BS: 2500 | FPS: 19.6357 | T: 0:00:50
| train          | F: 6000 | S: 3000 | E: 6 | L: 1000 | R: 5.0076 | BS: 3000 | FPS: 75.6673 | T: 0:01:04
| train          | F: 7000 | S: 3500 | E: 7 | L: 1000 | R: 3.9325 | BS: 3500 | FPS: 73.4306 | T: 0:01:17
| train          | F: 8000 | S: 4000 | E: 8 | L: 1000 | R: 5.0295 | BS: 4000 | FPS: 73.4593 | T: 0:01:31
| train          | F: 9000 | S: 4500 | E: 9 | L: 1000 | R: 4.5780 | BS: 4500 | FPS: 71.4331 | T: 0:01:45
| train          | F: 10000 | S: 5000 | E: 10 | L: 1000 | R: 4.7663 | BS: 5000 | FPS: 69.2941 | T: 0:01:59
| eval           | F: 10000 | S: 5000 | E: 10 | L: 1000 | R: 1.2193 | T: 0:01:59
| train          | F: 11000 | S: 5500 | E: 11 | L: 1000 | R: 5.3493 | BS: 5500 | FPS: 26.8718 | T: 0:02:37
| train          | F: 12000 | S: 6000 | E: 12 | L: 1000 | R: 4.6082 | BS: 6000 | FPS: 73.5693 | T: 0:02:50
| train          | F: 13000 | S: 6500 | E: 13 | L: 1000 | R: 5.4244 | BS: 6500 | FPS: 71.0750 | T: 0:03:04
| train          | F: 14000 | S: 7000 | E: 14 | L: 1000 | R: 4.3051 | BS: 7000 | FPS: 68.5006 | T: 0:03:19
| train          | F: 15000 | S: 7500 | E: 15 | L: 1000 | R: 2.9689 | BS: 7500 | FPS: 72.2989 | T: 0:03:33
| train          | F: 16000 | S: 8000 | E: 16 | L: 1000 | R: 2.9739 | BS: 8000 | FPS: 70.5019 | T: 0:03:47
| train          | F: 17000 | S: 8500 | E: 17 | L: 1000 | R: 3.1171 | BS: 8500 | FPS: 68.6936 | T: 0:04:01
| train          | F: 18000 | S: 9000 | E: 18 | L: 1000 | R: 3.3052 | BS: 9000 | FPS: 71.0149 | T: 0:04:15
| train          | F: 19000 | S: 9500 | E: 19 | L: 1000 | R: 5.0016 | BS: 9500 | FPS: 71.8983 | T: 0:04:29
| train          | F: 20000 | S: 10000 | E: 20 | L: 1000 | R: 6.4086 | BS: 10000 | FPS: 71.0842 | T: 0:04:43
| eval           | F: 20000 | S: 10000 | E: 20 | L: 1000 | R: 4.2055 | T: 0:04:43
| train          | F: 21000 | S: 10500 | E: 21 | L: 1000 | R: 7.1443 | BS: 10500 | FPS: 25.7821 | T: 0:05:22
| train          | F: 22000 | S: 11000 | E: 22 | L: 1000 | R: 6.5482 | BS: 11000 | FPS: 71.1460 | T: 0:05:36
| train          | F: 23000 | S: 11500 | E: 23 | L: 1000 | R: 6.1069 | BS: 11500 | FPS: 71.3700 | T: 0:05:50
| train          | F: 24000 | S: 12000 | E: 24 | L: 1000 | R: 6.9439 | BS: 12000 | FPS: 71.0966 | T: 0:06:04
| train          | F: 25000 | S: 12500 | E: 25 | L: 1000 | R: 6.6883 | BS: 12500 | FPS: 71.2429 | T: 0:06:18
| train          | F: 26000 | S: 13000 | E: 26 | L: 1000 | R: 6.3194 | BS: 13000 | FPS: 68.5557 | T: 0:06:33
| train          | F: 27000 | S: 13500 | E: 27 | L: 1000 | R: 6.8546 | BS: 13500 | FPS: 66.4082 | T: 0:06:48
| train          | F: 28000 | S: 14000 | E: 28 | L: 1000 | R: 5.9807 | BS: 14000 | FPS: 68.6005 | T: 0:07:03
| train          | F: 29000 | S: 14500 | E: 29 | L: 1000 | R: 6.4069 | BS: 14500 | FPS: 56.9638 | T: 0:07:20
| train          | F: 30000 | S: 15000 | E: 30 | L: 1000 | R: 6.3015 | BS: 15000 | FPS: 67.5927 | T: 0:07:35
| eval           | F: 30000 | S: 15000 | E: 30 | L: 1000 | R: 4.1569 | T: 0:07:35
| train          | F: 31000 | S: 15500 | E: 31 | L: 1000 | R: 7.4568 | BS: 15500 | FPS: 25.8878 | T: 0:08:14
| train          | F: 32000 | S: 16000 | E: 32 | L: 1000 | R: 3.0943 | BS: 16000 | FPS: 70.7929 | T: 0:08:28
| train          | F: 33000 | S: 16500 | E: 33 | L: 1000 | R: 3.2909 | BS: 16500 | FPS: 71.9804 | T: 0:08:42
| train          | F: 34000 | S: 17000 | E: 34 | L: 1000 | R: 3.3816 | BS: 17000 | FPS: 72.6110 | T: 0:08:55
| train          | F: 35000 | S: 17500 | E: 35 | L: 1000 | R: 3.4740 | BS: 17500 | FPS: 69.6453 | T: 0:09:10
| train          | F: 36000 | S: 18000 | E: 36 | L: 1000 | R: 3.4493 | BS: 18000 | FPS: 69.6626 | T: 0:09:24
| train          | F: 37000 | S: 18500 | E: 37 | L: 1000 | R: 3.8205 | BS: 18500 | FPS: 73.0294 | T: 0:09:38
| train          | F: 38000 | S: 19000 | E: 38 | L: 1000 | R: 3.6713 | BS: 19000 | FPS: 70.6980 | T: 0:09:52
| train          | F: 39000 | S: 19500 | E: 39 | L: 1000 | R: 3.4865 | BS: 19500 | FPS: 66.9771 | T: 0:10:07
| train          | F: 40000 | S: 20000 | E: 40 | L: 1000 | R: 3.7743 | BS: 20000 | FPS: 69.1474 | T: 0:10:21
| eval           | F: 40000 | S: 20000 | E: 40 | L: 1000 | R: 0.3568 | T: 0:10:21
| train          | F: 41000 | S: 20500 | E: 41 | L: 1000 | R: 3.5918 | BS: 20500 | FPS: 25.3323 | T: 0:11:01
| train          | F: 42000 | S: 21000 | E: 42 | L: 1000 | R: 3.0803 | BS: 21000 | FPS: 56.2007 | T: 0:11:19
| train          | F: 43000 | S: 21500 | E: 43 | L: 1000 | R: 3.2992 | BS: 21500 | FPS: 62.0175 | T: 0:11:35
| train          | F: 44000 | S: 22000 | E: 44 | L: 1000 | R: 3.9639 | BS: 22000 | FPS: 70.8388 | T: 0:11:49
| train          | F: 45000 | S: 22500 | E: 45 | L: 1000 | R: 3.9491 | BS: 22500 | FPS: 68.2869 | T: 0:12:03
| train          | F: 46000 | S: 23000 | E: 46 | L: 1000 | R: 4.0495 | BS: 23000 | FPS: 69.5281 | T: 0:12:18
| train          | F: 47000 | S: 23500 | E: 47 | L: 1000 | R: 3.8067 | BS: 23500 | FPS: 70.3201 | T: 0:12:32
| train          | F: 48000 | S: 24000 | E: 48 | L: 1000 | R: 3.8027 | BS: 24000 | FPS: 69.8278 | T: 0:12:46
| train          | F: 49000 | S: 24500 | E: 49 | L: 1000 | R: 3.0815 | BS: 24500 | FPS: 69.6078 | T: 0:13:01
| train          | F: 50000 | S: 25000 | E: 50 | L: 1000 | R: 2.8609 | BS: 25000 | FPS: 67.8371 | T: 0:13:15
| eval           | F: 50000 | S: 25000 | E: 50 | L: 1000 | R: 0.3983 | T: 0:13:15
| train          | F: 51000 | S: 25500 | E: 51 | L: 1000 | R: 3.2938 | BS: 25500 | FPS: 25.6574 | T: 0:13:54
| train          | F: 52000 | S: 26000 | E: 52 | L: 1000 | R: 2.6181 | BS: 26000 | FPS: 59.0661 | T: 0:14:11
| train          | F: 53000 | S: 26500 | E: 53 | L: 1000 | R: 3.1261 | BS: 26500 | FPS: 65.3719 | T: 0:14:27
| train          | F: 54000 | S: 27000 | E: 54 | L: 1000 | R: 3.2348 | BS: 27000 | FPS: 69.8842 | T: 0:14:41
| train          | F: 55000 | S: 27500 | E: 55 | L: 1000 | R: 3.1452 | BS: 27500 | FPS: 67.9080 | T: 0:14:56
| train          | F: 56000 | S: 28000 | E: 56 | L: 1000 | R: 2.6304 | BS: 28000 | FPS: 71.1181 | T: 0:15:10
| train          | F: 57000 | S: 28500 | E: 57 | L: 1000 | R: 3.4243 | BS: 28500 | FPS: 70.4294 | T: 0:15:24
| train          | F: 58000 | S: 29000 | E: 58 | L: 1000 | R: 3.6996 | BS: 29000 | FPS: 69.5041 | T: 0:15:38
| train          | F: 59000 | S: 29500 | E: 59 | L: 1000 | R: 8.3489 | BS: 29500 | FPS: 69.1369 | T: 0:15:53
| train          | F: 60000 | S: 30000 | E: 60 | L: 1000 | R: 16.0286 | BS: 30000 | FPS: 68.2316 | T: 0:16:07
| eval           | F: 60000 | S: 30000 | E: 60 | L: 1000 | R: 11.7493 | T: 0:16:07
| train          | F: 61000 | S: 30500 | E: 61 | L: 1000 | R: 17.5824 | BS: 30500 | FPS: 27.3524 | T: 0:16:44
| train          | F: 62000 | S: 31000 | E: 62 | L: 1000 | R: 6.9479 | BS: 31000 | FPS: 68.2806 | T: 0:16:59
| train          | F: 63000 | S: 31500 | E: 63 | L: 1000 | R: 12.0545 | BS: 31500 | FPS: 68.4069 | T: 0:17:13
| train          | F: 64000 | S: 32000 | E: 64 | L: 1000 | R: 10.9744 | BS: 32000 | FPS: 71.5701 | T: 0:17:27
| train          | F: 65000 | S: 32500 | E: 65 | L: 1000 | R: 19.3364 | BS: 32500 | FPS: 67.6855 | T: 0:17:42
| train          | F: 66000 | S: 33000 | E: 66 | L: 1000 | R: 31.4729 | BS: 33000 | FPS: 67.1823 | T: 0:17:57
| train          | F: 67000 | S: 33500 | E: 67 | L: 1000 | R: 28.1891 | BS: 33500 | FPS: 71.8069 | T: 0:18:11
| train          | F: 68000 | S: 34000 | E: 68 | L: 1000 | R: 19.3933 | BS: 34000 | FPS: 70.5563 | T: 0:18:25
| train          | F: 69000 | S: 34500 | E: 69 | L: 1000 | R: 34.5885 | BS: 34500 | FPS: 69.1776 | T: 0:18:40
| train          | F: 70000 | S: 35000 | E: 70 | L: 1000 | R: 6.2858 | BS: 35000 | FPS: 69.8206 | T: 0:18:54
| eval           | F: 70000 | S: 35000 | E: 70 | L: 1000 | R: 38.6546 | T: 0:18:54
| train          | F: 71000 | S: 35500 | E: 71 | L: 1000 | R: 43.4015 | BS: 35500 | FPS: 26.3809 | T: 0:19:32
| train          | F: 72000 | S: 36000 | E: 72 | L: 1000 | R: 23.7422 | BS: 36000 | FPS: 71.0167 | T: 0:19:46
| train          | F: 73000 | S: 36500 | E: 73 | L: 1000 | R: 27.8418 | BS: 36500 | FPS: 67.6308 | T: 0:20:01
| train          | F: 74000 | S: 37000 | E: 74 | L: 1000 | R: 62.3638 | BS: 37000 | FPS: 68.5945 | T: 0:20:15
| train          | F: 75000 | S: 37500 | E: 75 | L: 1000 | R: 43.5583 | BS: 37500 | FPS: 69.7553 | T: 0:20:30
| train          | F: 76000 | S: 38000 | E: 76 | L: 1000 | R: 52.8725 | BS: 38000 | FPS: 70.3205 | T: 0:20:44
| train          | F: 77000 | S: 38500 | E: 77 | L: 1000 | R: 73.0886 | BS: 38500 | FPS: 68.7771 | T: 0:20:58
| train          | F: 78000 | S: 39000 | E: 78 | L: 1000 | R: 86.7419 | BS: 39000 | FPS: 67.4748 | T: 0:21:13
| train          | F: 79000 | S: 39500 | E: 79 | L: 1000 | R: 94.3055 | BS: 39500 | FPS: 63.9863 | T: 0:21:29
| train          | F: 80000 | S: 40000 | E: 80 | L: 1000 | R: 107.9403 | BS: 40000 | FPS: 69.3875 | T: 0:21:43
| eval           | F: 80000 | S: 40000 | E: 80 | L: 1000 | R: 71.2253 | T: 0:21:43
| train          | F: 81000 | S: 40500 | E: 81 | L: 1000 | R: 65.7519 | BS: 40500 | FPS: 25.2836 | T: 0:22:23
| train          | F: 82000 | S: 41000 | E: 82 | L: 1000 | R: 88.7643 | BS: 41000 | FPS: 69.6601 | T: 0:22:37
| train          | F: 83000 | S: 41500 | E: 83 | L: 1000 | R: 60.1221 | BS: 41500 | FPS: 67.1025 | T: 0:22:52
| train          | F: 84000 | S: 42000 | E: 84 | L: 1000 | R: 76.8522 | BS: 42000 | FPS: 67.7469 | T: 0:23:07
| train          | F: 85000 | S: 42500 | E: 85 | L: 1000 | R: 83.4626 | BS: 42500 | FPS: 65.5597 | T: 0:23:22
| train          | F: 86000 | S: 43000 | E: 86 | L: 1000 | R: 81.8334 | BS: 43000 | FPS: 70.0812 | T: 0:23:36
| train          | F: 87000 | S: 43500 | E: 87 | L: 1000 | R: 68.2289 | BS: 43500 | FPS: 68.0917 | T: 0:23:51
| train          | F: 88000 | S: 44000 | E: 88 | L: 1000 | R: 76.8907 | BS: 44000 | FPS: 65.0609 | T: 0:24:06
| train          | F: 89000 | S: 44500 | E: 89 | L: 1000 | R: 56.2562 | BS: 44500 | FPS: 66.0564 | T: 0:24:21
| train          | F: 90000 | S: 45000 | E: 90 | L: 1000 | R: 103.7997 | BS: 45000 | FPS: 67.5461 | T: 0:24:36
| eval           | F: 90000 | S: 45000 | E: 90 | L: 1000 | R: 46.1373 | T: 0:24:36
| train          | F: 91000 | S: 45500 | E: 91 | L: 1000 | R: 76.0021 | BS: 45500 | FPS: 25.0471 | T: 0:25:16
| train          | F: 92000 | S: 46000 | E: 92 | L: 1000 | R: 97.4880 | BS: 46000 | FPS: 68.2354 | T: 0:25:31
| train          | F: 93000 | S: 46500 | E: 93 | L: 1000 | R: 22.5756 | BS: 46500 | FPS: 67.8154 | T: 0:25:46
| train          | F: 94000 | S: 47000 | E: 94 | L: 1000 | R: 81.4159 | BS: 47000 | FPS: 64.8464 | T: 0:26:01
| train          | F: 95000 | S: 47500 | E: 95 | L: 1000 | R: 72.9398 | BS: 47500 | FPS: 66.1220 | T: 0:26:16
| train          | F: 96000 | S: 48000 | E: 96 | L: 1000 | R: 53.4602 | BS: 48000 | FPS: 65.7144 | T: 0:26:31
| train          | F: 97000 | S: 48500 | E: 97 | L: 1000 | R: 20.0443 | BS: 48500 | FPS: 70.2249 | T: 0:26:46
| train          | F: 98000 | S: 49000 | E: 98 | L: 1000 | R: 111.8664 | BS: 49000 | FPS: 67.6960 | T: 0:27:00
| train          | F: 99000 | S: 49500 | E: 99 | L: 1000 | R: 106.8184 | BS: 49500 | FPS: 65.1729 | T: 0:27:16
| train          | F: 100000 | S: 50000 | E: 100 | L: 1000 | R: 95.8880 | BS: 50000 | FPS: 69.2963 | T: 0:27:30
| eval           | F: 100000 | S: 50000 | E: 100 | L: 1000 | R: 107.0563 | T: 0:27:30
| train          | F: 101000 | S: 50500 | E: 101 | L: 1000 | R: 68.3550 | BS: 50500 | FPS: 24.4720 | T: 0:28:11
| train          | F: 102000 | S: 51000 | E: 102 | L: 1000 | R: 88.3263 | BS: 51000 | FPS: 67.7620 | T: 0:28:26
| train          | F: 103000 | S: 51500 | E: 103 | L: 1000 | R: 95.5440 | BS: 51500 | FPS: 69.2988 | T: 0:28:40
| train          | F: 104000 | S: 52000 | E: 104 | L: 1000 | R: 105.9520 | BS: 52000 | FPS: 69.4319 | T: 0:28:55
| train          | F: 105000 | S: 52500 | E: 105 | L: 1000 | R: 103.8637 | BS: 52500 | FPS: 66.1348 | T: 0:29:10
| train          | F: 106000 | S: 53000 | E: 106 | L: 1000 | R: 77.8235 | BS: 53000 | FPS: 66.9714 | T: 0:29:25
| train          | F: 107000 | S: 53500 | E: 107 | L: 1000 | R: 122.6996 | BS: 53500 | FPS: 67.4501 | T: 0:29:39
| train          | F: 108000 | S: 54000 | E: 108 | L: 1000 | R: 105.8928 | BS: 54000 | FPS: 64.4338 | T: 0:29:55
| train          | F: 109000 | S: 54500 | E: 109 | L: 1000 | R: 47.9703 | BS: 54500 | FPS: 67.8633 | T: 0:30:10
| train          | F: 110000 | S: 55000 | E: 110 | L: 1000 | R: 128.2530 | BS: 55000 | FPS: 66.1702 | T: 0:30:25
| eval           | F: 110000 | S: 55000 | E: 110 | L: 1000 | R: 117.4212 | T: 0:30:25
| train          | F: 111000 | S: 55500 | E: 111 | L: 1000 | R: 120.2142 | BS: 55500 | FPS: 26.8238 | T: 0:31:02
| train          | F: 112000 | S: 56000 | E: 112 | L: 1000 | R: 112.4269 | BS: 56000 | FPS: 70.8149 | T: 0:31:16
| train          | F: 113000 | S: 56500 | E: 113 | L: 1000 | R: 112.4509 | BS: 56500 | FPS: 68.1441 | T: 0:31:31
| train          | F: 114000 | S: 57000 | E: 114 | L: 1000 | R: 123.4441 | BS: 57000 | FPS: 65.6202 | T: 0:31:46
| train          | F: 115000 | S: 57500 | E: 115 | L: 1000 | R: 123.3896 | BS: 57500 | FPS: 66.4248 | T: 0:32:01
| train          | F: 116000 | S: 58000 | E: 116 | L: 1000 | R: 118.5375 | BS: 58000 | FPS: 67.7250 | T: 0:32:16
| train          | F: 117000 | S: 58500 | E: 117 | L: 1000 | R: 120.8474 | BS: 58500 | FPS: 70.0472 | T: 0:32:30
| train          | F: 118000 | S: 59000 | E: 118 | L: 1000 | R: 111.6939 | BS: 59000 | FPS: 67.4191 | T: 0:32:45
| train          | F: 119000 | S: 59500 | E: 119 | L: 1000 | R: 127.1341 | BS: 59500 | FPS: 66.1769 | T: 0:33:00
| train          | F: 120000 | S: 60000 | E: 120 | L: 1000 | R: 125.3778 | BS: 60000 | FPS: 67.0561 | T: 0:33:15
| eval           | F: 120000 | S: 60000 | E: 120 | L: 1000 | R: 138.4261 | T: 0:33:15
| train          | F: 121000 | S: 60500 | E: 121 | L: 1000 | R: 136.9775 | BS: 60500 | FPS: 25.9569 | T: 0:33:54
| train          | F: 122000 | S: 61000 | E: 122 | L: 1000 | R: 142.7753 | BS: 61000 | FPS: 66.8338 | T: 0:34:09
| train          | F: 123000 | S: 61500 | E: 123 | L: 1000 | R: 158.0712 | BS: 61500 | FPS: 65.2617 | T: 0:34:24
| train          | F: 124000 | S: 62000 | E: 124 | L: 1000 | R: 136.3477 | BS: 62000 | FPS: 65.1802 | T: 0:34:39
| train          | F: 125000 | S: 62500 | E: 125 | L: 1000 | R: 149.9536 | BS: 62500 | FPS: 57.5847 | T: 0:34:57
| train          | F: 126000 | S: 63000 | E: 126 | L: 1000 | R: 145.3659 | BS: 63000 | FPS: 54.9238 | T: 0:35:15
| train          | F: 127000 | S: 63500 | E: 127 | L: 1000 | R: 140.1746 | BS: 63500 | FPS: 67.6158 | T: 0:35:30
| train          | F: 128000 | S: 64000 | E: 128 | L: 1000 | R: 162.5879 | BS: 64000 | FPS: 68.4355 | T: 0:35:44
| train          | F: 129000 | S: 64500 | E: 129 | L: 1000 | R: 145.1090 | BS: 64500 | FPS: 65.9368 | T: 0:35:59
| train          | F: 130000 | S: 65000 | E: 130 | L: 1000 | R: 159.8220 | BS: 65000 | FPS: 67.2646 | T: 0:36:14
| eval           | F: 130000 | S: 65000 | E: 130 | L: 1000 | R: 196.6939 | T: 0:36:14
| train          | F: 131000 | S: 65500 | E: 131 | L: 1000 | R: 154.3065 | BS: 65500 | FPS: 24.8568 | T: 0:36:54
| train          | F: 132000 | S: 66000 | E: 132 | L: 1000 | R: 163.5414 | BS: 66000 | FPS: 66.0767 | T: 0:37:10
| train          | F: 133000 | S: 66500 | E: 133 | L: 1000 | R: 188.0177 | BS: 66500 | FPS: 67.1881 | T: 0:37:24
| train          | F: 134000 | S: 67000 | E: 134 | L: 1000 | R: 162.0106 | BS: 67000 | FPS: 69.3179 | T: 0:37:39
| train          | F: 135000 | S: 67500 | E: 135 | L: 1000 | R: 186.5170 | BS: 67500 | FPS: 65.4465 | T: 0:37:54
| train          | F: 136000 | S: 68000 | E: 136 | L: 1000 | R: 162.7950 | BS: 68000 | FPS: 66.0557 | T: 0:38:09
| train          | F: 137000 | S: 68500 | E: 137 | L: 1000 | R: 228.1042 | BS: 68500 | FPS: 66.6659 | T: 0:38:24
| train          | F: 138000 | S: 69000 | E: 138 | L: 1000 | R: 200.7136 | BS: 69000 | FPS: 65.3638 | T: 0:38:40
| train          | F: 139000 | S: 69500 | E: 139 | L: 1000 | R: 206.3796 | BS: 69500 | FPS: 66.1531 | T: 0:38:55
| train          | F: 140000 | S: 70000 | E: 140 | L: 1000 | R: 188.3426 | BS: 70000 | FPS: 68.9821 | T: 0:39:09
| eval           | F: 140000 | S: 70000 | E: 140 | L: 1000 | R: 204.0224 | T: 0:39:09
| train          | F: 141000 | S: 70500 | E: 141 | L: 1000 | R: 195.6210 | BS: 70500 | FPS: 24.9511 | T: 0:39:49
| train          | F: 142000 | S: 71000 | E: 142 | L: 1000 | R: 208.6074 | BS: 71000 | FPS: 67.0728 | T: 0:40:04
| train          | F: 143000 | S: 71500 | E: 143 | L: 1000 | R: 162.8213 | BS: 71500 | FPS: 69.8254 | T: 0:40:19
| train          | F: 144000 | S: 72000 | E: 144 | L: 1000 | R: 192.3103 | BS: 72000 | FPS: 67.8503 | T: 0:40:33
| train          | F: 145000 | S: 72500 | E: 145 | L: 1000 | R: 178.6068 | BS: 72500 | FPS: 68.4360 | T: 0:40:48
| train          | F: 146000 | S: 73000 | E: 146 | L: 1000 | R: 173.6559 | BS: 73000 | FPS: 68.9694 | T: 0:41:02
| train          | F: 147000 | S: 73500 | E: 147 | L: 1000 | R: 197.3414 | BS: 73500 | FPS: 69.2525 | T: 0:41:17
| train          | F: 148000 | S: 74000 | E: 148 | L: 1000 | R: 204.5415 | BS: 74000 | FPS: 68.1343 | T: 0:41:32
| train          | F: 149000 | S: 74500 | E: 149 | L: 1000 | R: 180.3941 | BS: 74500 | FPS: 68.7004 | T: 0:41:46
| train          | F: 150000 | S: 75000 | E: 150 | L: 1000 | R: 205.9470 | BS: 75000 | FPS: 64.6533 | T: 0:42:02
| eval           | F: 150000 | S: 75000 | E: 150 | L: 1000 | R: 159.0183 | T: 0:42:02
| train          | F: 151000 | S: 75500 | E: 151 | L: 1000 | R: 113.1338 | BS: 75500 | FPS: 26.9344 | T: 0:42:39
| train          | F: 152000 | S: 76000 | E: 152 | L: 1000 | R: 149.9503 | BS: 76000 | FPS: 70.1307 | T: 0:42:53
| train          | F: 153000 | S: 76500 | E: 153 | L: 1000 | R: 209.0366 | BS: 76500 | FPS: 68.5387 | T: 0:43:08
| train          | F: 154000 | S: 77000 | E: 154 | L: 1000 | R: 227.2173 | BS: 77000 | FPS: 68.8181 | T: 0:43:22
| train          | F: 155000 | S: 77500 | E: 155 | L: 1000 | R: 92.4539 | BS: 77500 | FPS: 68.8211 | T: 0:43:37
| train          | F: 156000 | S: 78000 | E: 156 | L: 1000 | R: 117.7410 | BS: 78000 | FPS: 68.5640 | T: 0:43:51
| train          | F: 157000 | S: 78500 | E: 157 | L: 1000 | R: 180.6181 | BS: 78500 | FPS: 66.1258 | T: 0:44:06
| train          | F: 158000 | S: 79000 | E: 158 | L: 1000 | R: 133.9769 | BS: 79000 | FPS: 59.8155 | T: 0:44:23
| train          | F: 159000 | S: 79500 | E: 159 | L: 1000 | R: 235.3982 | BS: 79500 | FPS: 66.8238 | T: 0:44:38
| train          | F: 160000 | S: 80000 | E: 160 | L: 1000 | R: 149.4981 | BS: 80000 | FPS: 64.3309 | T: 0:44:54
| eval           | F: 160000 | S: 80000 | E: 160 | L: 1000 | R: 151.7014 | T: 0:44:54
| train          | F: 161000 | S: 80500 | E: 161 | L: 1000 | R: 209.9141 | BS: 80500 | FPS: 25.3650 | T: 0:45:33
| train          | F: 162000 | S: 81000 | E: 162 | L: 1000 | R: 195.3787 | BS: 81000 | FPS: 69.1370 | T: 0:45:47
| train          | F: 163000 | S: 81500 | E: 163 | L: 1000 | R: 228.1078 | BS: 81500 | FPS: 68.7713 | T: 0:46:02
| train          | F: 164000 | S: 82000 | E: 164 | L: 1000 | R: 73.6542 | BS: 82000 | FPS: 67.8003 | T: 0:46:17
| train          | F: 165000 | S: 82500 | E: 165 | L: 1000 | R: 217.2282 | BS: 82500 | FPS: 69.9319 | T: 0:46:31
| train          | F: 166000 | S: 83000 | E: 166 | L: 1000 | R: 162.3504 | BS: 83000 | FPS: 65.2650 | T: 0:46:46
| train          | F: 167000 | S: 83500 | E: 167 | L: 1000 | R: 222.1200 | BS: 83500 | FPS: 66.0310 | T: 0:47:01
| train          | F: 168000 | S: 84000 | E: 168 | L: 1000 | R: 70.0582 | BS: 84000 | FPS: 67.5366 | T: 0:47:16
| train          | F: 169000 | S: 84500 | E: 169 | L: 1000 | R: 91.4064 | BS: 84500 | FPS: 66.9305 | T: 0:47:31
| train          | F: 170000 | S: 85000 | E: 170 | L: 1000 | R: 247.0050 | BS: 85000 | FPS: 69.2995 | T: 0:47:46
| eval           | F: 170000 | S: 85000 | E: 170 | L: 1000 | R: 198.4636 | T: 0:47:46
| train          | F: 171000 | S: 85500 | E: 171 | L: 1000 | R: 212.1240 | BS: 85500 | FPS: 25.8136 | T: 0:48:24
| train          | F: 172000 | S: 86000 | E: 172 | L: 1000 | R: 139.3889 | BS: 86000 | FPS: 69.0072 | T: 0:48:39
| train          | F: 173000 | S: 86500 | E: 173 | L: 1000 | R: 206.9508 | BS: 86500 | FPS: 68.5230 | T: 0:48:53
| train          | F: 174000 | S: 87000 | E: 174 | L: 1000 | R: 137.3333 | BS: 87000 | FPS: 64.3254 | T: 0:49:09
| train          | F: 175000 | S: 87500 | E: 175 | L: 1000 | R: 229.9987 | BS: 87500 | FPS: 69.6686 | T: 0:49:23
| train          | F: 176000 | S: 88000 | E: 176 | L: 1000 | R: 228.6390 | BS: 88000 | FPS: 65.9997 | T: 0:49:39
| train          | F: 177000 | S: 88500 | E: 177 | L: 1000 | R: 194.1982 | BS: 88500 | FPS: 67.4724 | T: 0:49:53
| train          | F: 178000 | S: 89000 | E: 178 | L: 1000 | R: 191.4310 | BS: 89000 | FPS: 68.7861 | T: 0:50:08
| train          | F: 179000 | S: 89500 | E: 179 | L: 1000 | R: 191.5642 | BS: 89500 | FPS: 55.3919 | T: 0:50:26
| train          | F: 180000 | S: 90000 | E: 180 | L: 1000 | R: 200.6322 | BS: 90000 | FPS: 64.4288 | T: 0:50:41
| eval           | F: 180000 | S: 90000 | E: 180 | L: 1000 | R: 174.2130 | T: 0:50:41
| train          | F: 181000 | S: 90500 | E: 181 | L: 1000 | R: 66.9620 | BS: 90500 | FPS: 24.8726 | T: 0:51:22
| train          | F: 182000 | S: 91000 | E: 182 | L: 1000 | R: 160.9290 | BS: 91000 | FPS: 67.4680 | T: 0:51:36
| train          | F: 183000 | S: 91500 | E: 183 | L: 1000 | R: 238.0277 | BS: 91500 | FPS: 66.3447 | T: 0:51:52
| train          | F: 184000 | S: 92000 | E: 184 | L: 1000 | R: 235.4912 | BS: 92000 | FPS: 66.1040 | T: 0:52:07
| train          | F: 185000 | S: 92500 | E: 185 | L: 1000 | R: 214.3720 | BS: 92500 | FPS: 65.9210 | T: 0:52:22
| train          | F: 186000 | S: 93000 | E: 186 | L: 1000 | R: 190.0166 | BS: 93000 | FPS: 68.8689 | T: 0:52:36
| train          | F: 187000 | S: 93500 | E: 187 | L: 1000 | R: 228.9585 | BS: 93500 | FPS: 68.3229 | T: 0:52:51
| train          | F: 188000 | S: 94000 | E: 188 | L: 1000 | R: 237.1741 | BS: 94000 | FPS: 66.7618 | T: 0:53:06
| train          | F: 189000 | S: 94500 | E: 189 | L: 1000 | R: 201.1843 | BS: 94500 | FPS: 68.9858 | T: 0:53:20
| train          | F: 190000 | S: 95000 | E: 190 | L: 1000 | R: 216.6509 | BS: 95000 | FPS: 65.7200 | T: 0:53:36
| eval           | F: 190000 | S: 95000 | E: 190 | L: 1000 | R: 212.2147 | T: 0:53:36
| train          | F: 191000 | S: 95500 | E: 191 | L: 1000 | R: 222.1665 | BS: 95500 | FPS: 24.7981 | T: 0:54:16
| train          | F: 192000 | S: 96000 | E: 192 | L: 1000 | R: 212.9866 | BS: 96000 | FPS: 56.0862 | T: 0:54:34
| train          | F: 193000 | S: 96500 | E: 193 | L: 1000 | R: 227.3264 | BS: 96500 | FPS: 56.7542 | T: 0:54:51
| train          | F: 194000 | S: 97000 | E: 194 | L: 1000 | R: 239.1929 | BS: 97000 | FPS: 69.6663 | T: 0:55:06
| train          | F: 195000 | S: 97500 | E: 195 | L: 1000 | R: 223.0814 | BS: 97500 | FPS: 65.5345 | T: 0:55:21
| train          | F: 196000 | S: 98000 | E: 196 | L: 1000 | R: 231.5178 | BS: 98000 | FPS: 66.6719 | T: 0:55:36
| train          | F: 197000 | S: 98500 | E: 197 | L: 1000 | R: 243.5625 | BS: 98500 | FPS: 67.9345 | T: 0:55:51
| train          | F: 198000 | S: 99000 | E: 198 | L: 1000 | R: 239.6333 | BS: 99000 | FPS: 69.3735 | T: 0:56:05
| train          | F: 199000 | S: 99500 | E: 199 | L: 1000 | R: 233.6040 | BS: 99500 | FPS: 65.5787 | T: 0:56:20
| train          | F: 200000 | S: 100000 | E: 200 | L: 1000 | R: 179.5811 | BS: 100000 | FPS: 66.2484 | T: 0:56:36
| eval           | F: 200000 | S: 100000 | E: 200 | L: 1000 | R: 223.6552 | T: 0:56:36
| train          | F: 201000 | S: 100500 | E: 201 | L: 1000 | R: 220.9639 | BS: 100500 | FPS: 25.0796 | T: 0:57:15
| train          | F: 202000 | S: 101000 | E: 202 | L: 1000 | R: 254.6282 | BS: 101000 | FPS: 63.7381 | T: 0:57:31
| train          | F: 203000 | S: 101500 | E: 203 | L: 1000 | R: 222.1401 | BS: 101500 | FPS: 68.1978 | T: 0:57:46
| train          | F: 204000 | S: 102000 | E: 204 | L: 1000 | R: 226.1911 | BS: 102000 | FPS: 65.5616 | T: 0:58:01
| train          | F: 205000 | S: 102500 | E: 205 | L: 1000 | R: 267.9473 | BS: 102500 | FPS: 64.4558 | T: 0:58:17
| train          | F: 206000 | S: 103000 | E: 206 | L: 1000 | R: 241.3511 | BS: 103000 | FPS: 63.5860 | T: 0:58:32
| train          | F: 207000 | S: 103500 | E: 207 | L: 1000 | R: 259.6762 | BS: 103500 | FPS: 63.7681 | T: 0:58:48
| train          | F: 208000 | S: 104000 | E: 208 | L: 1000 | R: 170.5221 | BS: 104000 | FPS: 65.9548 | T: 0:59:03
| train          | F: 209000 | S: 104500 | E: 209 | L: 1000 | R: 195.1637 | BS: 104500 | FPS: 68.0716 | T: 0:59:18
| train          | F: 210000 | S: 105000 | E: 210 | L: 1000 | R: 234.3966 | BS: 105000 | FPS: 69.5891 | T: 0:59:32
| eval           | F: 210000 | S: 105000 | E: 210 | L: 1000 | R: 240.3912 | T: 0:59:32
| train          | F: 211000 | S: 105500 | E: 211 | L: 1000 | R: 161.0841 | BS: 105500 | FPS: 25.0011 | T: 1:00:12
| train          | F: 212000 | S: 106000 | E: 212 | L: 1000 | R: 244.6934 | BS: 106000 | FPS: 62.4454 | T: 1:00:28
| train          | F: 213000 | S: 106500 | E: 213 | L: 1000 | R: 247.4962 | BS: 106500 | FPS: 66.9222 | T: 1:00:43
| train          | F: 214000 | S: 107000 | E: 214 | L: 1000 | R: 258.4884 | BS: 107000 | FPS: 67.6680 | T: 1:00:58
| train          | F: 215000 | S: 107500 | E: 215 | L: 1000 | R: 257.5109 | BS: 107500 | FPS: 67.2206 | T: 1:01:13
| train          | F: 216000 | S: 108000 | E: 216 | L: 1000 | R: 233.4797 | BS: 108000 | FPS: 67.7707 | T: 1:01:28
| train          | F: 217000 | S: 108500 | E: 217 | L: 1000 | R: 252.1940 | BS: 108500 | FPS: 67.7644 | T: 1:01:42
| train          | F: 218000 | S: 109000 | E: 218 | L: 1000 | R: 254.4097 | BS: 109000 | FPS: 65.6484 | T: 1:01:58
| train          | F: 219000 | S: 109500 | E: 219 | L: 1000 | R: 192.3909 | BS: 109500 | FPS: 65.4419 | T: 1:02:13
| train          | F: 220000 | S: 110000 | E: 220 | L: 1000 | R: 270.3893 | BS: 110000 | FPS: 65.7202 | T: 1:02:28
| eval           | F: 220000 | S: 110000 | E: 220 | L: 1000 | R: 211.6675 | T: 1:02:28
| train          | F: 221000 | S: 110500 | E: 221 | L: 1000 | R: 227.0469 | BS: 110500 | FPS: 26.0100 | T: 1:03:06
| train          | F: 222000 | S: 111000 | E: 222 | L: 1000 | R: 239.6378 | BS: 111000 | FPS: 65.2783 | T: 1:03:22
| train          | F: 223000 | S: 111500 | E: 223 | L: 1000 | R: 228.9435 | BS: 111500 | FPS: 67.9986 | T: 1:03:36
| train          | F: 224000 | S: 112000 | E: 224 | L: 1000 | R: 241.9050 | BS: 112000 | FPS: 65.5506 | T: 1:03:52
| train          | F: 225000 | S: 112500 | E: 225 | L: 1000 | R: 232.5111 | BS: 112500 | FPS: 56.7125 | T: 1:04:09
| train          | F: 226000 | S: 113000 | E: 226 | L: 1000 | R: 255.8860 | BS: 113000 | FPS: 66.3073 | T: 1:04:24
| train          | F: 227000 | S: 113500 | E: 227 | L: 1000 | R: 256.4174 | BS: 113500 | FPS: 66.0435 | T: 1:04:40
| train          | F: 228000 | S: 114000 | E: 228 | L: 1000 | R: 254.3933 | BS: 114000 | FPS: 67.1113 | T: 1:04:55
| train          | F: 229000 | S: 114500 | E: 229 | L: 1000 | R: 241.5964 | BS: 114500 | FPS: 67.1005 | T: 1:05:09
| train          | F: 230000 | S: 115000 | E: 230 | L: 1000 | R: 259.0335 | BS: 115000 | FPS: 68.0673 | T: 1:05:24
| eval           | F: 230000 | S: 115000 | E: 230 | L: 1000 | R: 252.9405 | T: 1:05:24
| train          | F: 231000 | S: 115500 | E: 231 | L: 1000 | R: 249.2719 | BS: 115500 | FPS: 26.4605 | T: 1:06:02
| train          | F: 232000 | S: 116000 | E: 232 | L: 1000 | R: 169.4754 | BS: 116000 | FPS: 64.8466 | T: 1:06:17
| train          | F: 233000 | S: 116500 | E: 233 | L: 1000 | R: 264.9276 | BS: 116500 | FPS: 66.9936 | T: 1:06:32
| train          | F: 234000 | S: 117000 | E: 234 | L: 1000 | R: 239.9329 | BS: 117000 | FPS: 68.1496 | T: 1:06:47
| train          | F: 235000 | S: 117500 | E: 235 | L: 1000 | R: 230.5578 | BS: 117500 | FPS: 64.8831 | T: 1:07:02
| train          | F: 236000 | S: 118000 | E: 236 | L: 1000 | R: 259.4396 | BS: 118000 | FPS: 68.9993 | T: 1:07:17
| train          | F: 237000 | S: 118500 | E: 237 | L: 1000 | R: 250.6957 | BS: 118500 | FPS: 68.2680 | T: 1:07:31
| train          | F: 238000 | S: 119000 | E: 238 | L: 1000 | R: 258.2099 | BS: 119000 | FPS: 65.8771 | T: 1:07:47
| train          | F: 239000 | S: 119500 | E: 239 | L: 1000 | R: 257.7370 | BS: 119500 | FPS: 66.6943 | T: 1:08:02
| train          | F: 240000 | S: 120000 | E: 240 | L: 1000 | R: 141.2248 | BS: 120000 | FPS: 63.7154 | T: 1:08:17
| eval           | F: 240000 | S: 120000 | E: 240 | L: 1000 | R: 270.0105 | T: 1:08:17
| train          | F: 241000 | S: 120500 | E: 241 | L: 1000 | R: 240.5356 | BS: 120500 | FPS: 24.3916 | T: 1:08:58
| train          | F: 242000 | S: 121000 | E: 242 | L: 1000 | R: 255.0858 | BS: 121000 | FPS: 67.0537 | T: 1:09:13
| train          | F: 243000 | S: 121500 | E: 243 | L: 1000 | R: 254.2273 | BS: 121500 | FPS: 63.4322 | T: 1:09:29
| train          | F: 244000 | S: 122000 | E: 244 | L: 1000 | R: 286.2874 | BS: 122000 | FPS: 64.1746 | T: 1:09:45
| train          | F: 245000 | S: 122500 | E: 245 | L: 1000 | R: 259.9853 | BS: 122500 | FPS: 63.0650 | T: 1:10:00
| train          | F: 246000 | S: 123000 | E: 246 | L: 1000 | R: 252.5407 | BS: 123000 | FPS: 66.4203 | T: 1:10:16
| train          | F: 247000 | S: 123500 | E: 247 | L: 1000 | R: 233.5603 | BS: 123500 | FPS: 68.1812 | T: 1:10:30
| train          | F: 248000 | S: 124000 | E: 248 | L: 1000 | R: 249.7765 | BS: 124000 | FPS: 67.8088 | T: 1:10:45
| train          | F: 249000 | S: 124500 | E: 249 | L: 1000 | R: 254.6474 | BS: 124500 | FPS: 65.8067 | T: 1:11:00
| train          | F: 250000 | S: 125000 | E: 250 | L: 1000 | R: 243.9833 | BS: 125000 | FPS: 66.1986 | T: 1:11:15
| eval           | F: 250000 | S: 125000 | E: 250 | L: 1000 | R: 278.8653 | T: 1:11:15
| train          | F: 251000 | S: 125500 | E: 251 | L: 1000 | R: 224.6688 | BS: 125500 | FPS: 26.2907 | T: 1:11:53
| train          | F: 252000 | S: 126000 | E: 252 | L: 1000 | R: 271.8288 | BS: 126000 | FPS: 69.6098 | T: 1:12:08
| train          | F: 253000 | S: 126500 | E: 253 | L: 1000 | R: 273.9042 | BS: 126500 | FPS: 67.0914 | T: 1:12:23
| train          | F: 254000 | S: 127000 | E: 254 | L: 1000 | R: 237.4422 | BS: 127000 | FPS: 66.6152 | T: 1:12:38
| train          | F: 255000 | S: 127500 | E: 255 | L: 1000 | R: 261.7651 | BS: 127500 | FPS: 63.8160 | T: 1:12:53
| train          | F: 256000 | S: 128000 | E: 256 | L: 1000 | R: 259.6750 | BS: 128000 | FPS: 65.6100 | T: 1:13:08
| train          | F: 257000 | S: 128500 | E: 257 | L: 1000 | R: 111.9750 | BS: 128500 | FPS: 63.6504 | T: 1:13:24
| train          | F: 258000 | S: 129000 | E: 258 | L: 1000 | R: 268.6707 | BS: 129000 | FPS: 68.1557 | T: 1:13:39
| train          | F: 259000 | S: 129500 | E: 259 | L: 1000 | R: 294.6612 | BS: 129500 | FPS: 68.0321 | T: 1:13:54
| train          | F: 260000 | S: 130000 | E: 260 | L: 1000 | R: 270.3710 | BS: 130000 | FPS: 63.7448 | T: 1:14:09
| eval           | F: 260000 | S: 130000 | E: 260 | L: 1000 | R: 272.2779 | T: 1:14:09
| train          | F: 261000 | S: 130500 | E: 261 | L: 1000 | R: 287.6884 | BS: 130500 | FPS: 25.6106 | T: 1:14:48
| train          | F: 262000 | S: 131000 | E: 262 | L: 1000 | R: 142.7636 | BS: 131000 | FPS: 66.5511 | T: 1:15:03
| train          | F: 263000 | S: 131500 | E: 263 | L: 1000 | R: 243.6869 | BS: 131500 | FPS: 63.9091 | T: 1:15:19
| train          | F: 264000 | S: 132000 | E: 264 | L: 1000 | R: 252.5706 | BS: 132000 | FPS: 66.1473 | T: 1:15:34
| train          | F: 265000 | S: 132500 | E: 265 | L: 1000 | R: 224.7810 | BS: 132500 | FPS: 63.5866 | T: 1:15:50
| train          | F: 266000 | S: 133000 | E: 266 | L: 1000 | R: 261.5526 | BS: 133000 | FPS: 66.5468 | T: 1:16:05
| train          | F: 267000 | S: 133500 | E: 267 | L: 1000 | R: 273.2539 | BS: 133500 | FPS: 68.1460 | T: 1:16:19
| train          | F: 268000 | S: 134000 | E: 268 | L: 1000 | R: 266.7657 | BS: 134000 | FPS: 68.7378 | T: 1:16:34
| train          | F: 269000 | S: 134500 | E: 269 | L: 1000 | R: 277.5667 | BS: 134500 | FPS: 67.6573 | T: 1:16:49
| train          | F: 270000 | S: 135000 | E: 270 | L: 1000 | R: 254.1902 | BS: 135000 | FPS: 63.9534 | T: 1:17:04
| eval           | F: 270000 | S: 135000 | E: 270 | L: 1000 | R: 236.9934 | T: 1:17:04
| train          | F: 271000 | S: 135500 | E: 271 | L: 1000 | R: 226.9827 | BS: 135500 | FPS: 25.4278 | T: 1:17:44
| train          | F: 272000 | S: 136000 | E: 272 | L: 1000 | R: 267.9926 | BS: 136000 | FPS: 66.6646 | T: 1:17:59
| train          | F: 273000 | S: 136500 | E: 273 | L: 1000 | R: 266.9784 | BS: 136500 | FPS: 64.6993 | T: 1:18:14
| train          | F: 274000 | S: 137000 | E: 274 | L: 1000 | R: 262.3914 | BS: 137000 | FPS: 66.9766 | T: 1:18:29
| train          | F: 275000 | S: 137500 | E: 275 | L: 1000 | R: 275.1024 | BS: 137500 | FPS: 66.0004 | T: 1:18:44
| train          | F: 276000 | S: 138000 | E: 276 | L: 1000 | R: 211.1279 | BS: 138000 | FPS: 64.0830 | T: 1:19:00
| train          | F: 277000 | S: 138500 | E: 277 | L: 1000 | R: 254.4101 | BS: 138500 | FPS: 67.8388 | T: 1:19:15
| train          | F: 278000 | S: 139000 | E: 278 | L: 1000 | R: 281.6219 | BS: 139000 | FPS: 67.8273 | T: 1:19:29
| train          | F: 279000 | S: 139500 | E: 279 | L: 1000 | R: 272.2510 | BS: 139500 | FPS: 63.9525 | T: 1:19:45
| train          | F: 280000 | S: 140000 | E: 280 | L: 1000 | R: 211.0460 | BS: 140000 | FPS: 64.3691 | T: 1:20:01
| eval           | F: 280000 | S: 140000 | E: 280 | L: 1000 | R: 277.9256 | T: 1:20:01
| train          | F: 281000 | S: 140500 | E: 281 | L: 1000 | R: 262.0322 | BS: 140500 | FPS: 24.1916 | T: 1:20:42
| train          | F: 282000 | S: 141000 | E: 282 | L: 1000 | R: 258.1010 | BS: 141000 | FPS: 70.3603 | T: 1:20:56
| train          | F: 283000 | S: 141500 | E: 283 | L: 1000 | R: 256.2069 | BS: 141500 | FPS: 66.9954 | T: 1:21:11
| train          | F: 284000 | S: 142000 | E: 284 | L: 1000 | R: 262.9670 | BS: 142000 | FPS: 66.5138 | T: 1:21:26
| train          | F: 285000 | S: 142500 | E: 285 | L: 1000 | R: 291.3365 | BS: 142500 | FPS: 64.5834 | T: 1:21:42
| train          | F: 286000 | S: 143000 | E: 286 | L: 1000 | R: 277.4470 | BS: 143000 | FPS: 67.9813 | T: 1:21:56
| train          | F: 287000 | S: 143500 | E: 287 | L: 1000 | R: 251.7386 | BS: 143500 | FPS: 64.6635 | T: 1:22:12
| train          | F: 288000 | S: 144000 | E: 288 | L: 1000 | R: 282.4995 | BS: 144000 | FPS: 64.4381 | T: 1:22:27
| train          | F: 289000 | S: 144500 | E: 289 | L: 1000 | R: 262.8940 | BS: 144500 | FPS: 67.8108 | T: 1:22:42
| train          | F: 290000 | S: 145000 | E: 290 | L: 1000 | R: 287.6844 | BS: 145000 | FPS: 63.2265 | T: 1:22:58
| eval           | F: 290000 | S: 145000 | E: 290 | L: 1000 | R: 305.5536 | T: 1:22:58
| train          | F: 291000 | S: 145500 | E: 291 | L: 1000 | R: 254.0709 | BS: 145500 | FPS: 25.0085 | T: 1:23:38
| train          | F: 292000 | S: 146000 | E: 292 | L: 1000 | R: 266.6594 | BS: 146000 | FPS: 63.1594 | T: 1:23:54
| train          | F: 293000 | S: 146500 | E: 293 | L: 1000 | R: 262.2303 | BS: 146500 | FPS: 66.6841 | T: 1:24:09
| train          | F: 294000 | S: 147000 | E: 294 | L: 1000 | R: 313.5841 | BS: 147000 | FPS: 65.9892 | T: 1:24:24
| train          | F: 295000 | S: 147500 | E: 295 | L: 1000 | R: 295.4598 | BS: 147500 | FPS: 67.5995 | T: 1:24:39
| train          | F: 296000 | S: 148000 | E: 296 | L: 1000 | R: 291.4877 | BS: 148000 | FPS: 66.4319 | T: 1:24:54
| train          | F: 297000 | S: 148500 | E: 297 | L: 1000 | R: 279.9467 | BS: 148500 | FPS: 62.9228 | T: 1:25:10
| train          | F: 298000 | S: 149000 | E: 298 | L: 1000 | R: 292.8639 | BS: 149000 | FPS: 66.5639 | T: 1:25:25
| train          | F: 299000 | S: 149500 | E: 299 | L: 1000 | R: 288.8263 | BS: 149500 | FPS: 66.7607 | T: 1:25:40
| train          | F: 300000 | S: 150000 | E: 300 | L: 1000 | R: 292.8876 | BS: 150000 | FPS: 66.4625 | T: 1:25:55
| eval           | F: 300000 | S: 150000 | E: 300 | L: 1000 | R: 296.9632 | T: 1:25:55
| train          | F: 301000 | S: 150500 | E: 301 | L: 1000 | R: 287.1868 | BS: 150500 | FPS: 24.6332 | T: 1:26:35
| train          | F: 302000 | S: 151000 | E: 302 | L: 1000 | R: 260.5004 | BS: 151000 | FPS: 66.1134 | T: 1:26:50
| train          | F: 303000 | S: 151500 | E: 303 | L: 1000 | R: 273.1845 | BS: 151500 | FPS: 67.8046 | T: 1:27:05
| train          | F: 304000 | S: 152000 | E: 304 | L: 1000 | R: 302.5392 | BS: 152000 | FPS: 69.9263 | T: 1:27:19
| train          | F: 305000 | S: 152500 | E: 305 | L: 1000 | R: 285.5000 | BS: 152500 | FPS: 68.0212 | T: 1:27:34
| train          | F: 306000 | S: 153000 | E: 306 | L: 1000 | R: 284.5505 | BS: 153000 | FPS: 64.8190 | T: 1:27:49
| train          | F: 307000 | S: 153500 | E: 307 | L: 1000 | R: 306.9114 | BS: 153500 | FPS: 67.2267 | T: 1:28:04
| train          | F: 308000 | S: 154000 | E: 308 | L: 1000 | R: 267.8810 | BS: 154000 | FPS: 64.1018 | T: 1:28:20
| train          | F: 309000 | S: 154500 | E: 309 | L: 1000 | R: 276.9482 | BS: 154500 | FPS: 64.4440 | T: 1:28:35
| train          | F: 310000 | S: 155000 | E: 310 | L: 1000 | R: 276.7344 | BS: 155000 | FPS: 63.2124 | T: 1:28:51
| eval           | F: 310000 | S: 155000 | E: 310 | L: 1000 | R: 285.7495 | T: 1:28:51
| train          | F: 311000 | S: 155500 | E: 311 | L: 1000 | R: 317.3953 | BS: 155500 | FPS: 24.5534 | T: 1:29:32
| train          | F: 312000 | S: 156000 | E: 312 | L: 1000 | R: 257.0453 | BS: 156000 | FPS: 68.5489 | T: 1:29:47
| train          | F: 313000 | S: 156500 | E: 313 | L: 1000 | R: 253.3237 | BS: 156500 | FPS: 66.9509 | T: 1:30:02
| train          | F: 314000 | S: 157000 | E: 314 | L: 1000 | R: 205.5518 | BS: 157000 | FPS: 65.2327 | T: 1:30:17
| train          | F: 315000 | S: 157500 | E: 315 | L: 1000 | R: 267.9712 | BS: 157500 | FPS: 69.2190 | T: 1:30:31
| train          | F: 316000 | S: 158000 | E: 316 | L: 1000 | R: 285.8729 | BS: 158000 | FPS: 66.9957 | T: 1:30:46
| train          | F: 317000 | S: 158500 | E: 317 | L: 1000 | R: 294.8764 | BS: 158500 | FPS: 66.3393 | T: 1:31:01
| train          | F: 318000 | S: 159000 | E: 318 | L: 1000 | R: 293.8379 | BS: 159000 | FPS: 65.6146 | T: 1:31:17
| train          | F: 319000 | S: 159500 | E: 319 | L: 1000 | R: 273.1793 | BS: 159500 | FPS: 66.6548 | T: 1:31:32
| train          | F: 320000 | S: 160000 | E: 320 | L: 1000 | R: 263.8172 | BS: 160000 | FPS: 64.4410 | T: 1:31:47
| eval           | F: 320000 | S: 160000 | E: 320 | L: 1000 | R: 245.7280 | T: 1:31:47
| train          | F: 321000 | S: 160500 | E: 321 | L: 1000 | R: 265.8803 | BS: 160500 | FPS: 25.2401 | T: 1:32:27
| train          | F: 322000 | S: 161000 | E: 322 | L: 1000 | R: 262.8515 | BS: 161000 | FPS: 68.9355 | T: 1:32:41
| train          | F: 323000 | S: 161500 | E: 323 | L: 1000 | R: 276.0511 | BS: 161500 | FPS: 67.9602 | T: 1:32:56
| train          | F: 324000 | S: 162000 | E: 324 | L: 1000 | R: 282.4193 | BS: 162000 | FPS: 67.2083 | T: 1:33:11
| train          | F: 325000 | S: 162500 | E: 325 | L: 1000 | R: 296.9954 | BS: 162500 | FPS: 66.2202 | T: 1:33:26
| train          | F: 326000 | S: 163000 | E: 326 | L: 1000 | R: 303.6920 | BS: 163000 | FPS: 68.3071 | T: 1:33:41
| train          | F: 327000 | S: 163500 | E: 327 | L: 1000 | R: 295.4179 | BS: 163500 | FPS: 65.6069 | T: 1:33:56
| train          | F: 328000 | S: 164000 | E: 328 | L: 1000 | R: 218.6000 | BS: 164000 | FPS: 66.2979 | T: 1:34:11
| train          | F: 329000 | S: 164500 | E: 329 | L: 1000 | R: 270.7768 | BS: 164500 | FPS: 65.4233 | T: 1:34:26
| train          | F: 330000 | S: 165000 | E: 330 | L: 1000 | R: 303.7400 | BS: 165000 | FPS: 65.2049 | T: 1:34:41
| eval           | F: 330000 | S: 165000 | E: 330 | L: 1000 | R: 316.8335 | T: 1:34:41
| train          | F: 331000 | S: 165500 | E: 331 | L: 1000 | R: 284.5905 | BS: 165500 | FPS: 24.5164 | T: 1:35:22
| train          | F: 332000 | S: 166000 | E: 332 | L: 1000 | R: 258.9014 | BS: 166000 | FPS: 66.5250 | T: 1:35:37
| train          | F: 333000 | S: 166500 | E: 333 | L: 1000 | R: 209.9848 | BS: 166500 | FPS: 68.1265 | T: 1:35:52
| train          | F: 334000 | S: 167000 | E: 334 | L: 1000 | R: 246.3865 | BS: 167000 | FPS: 64.7134 | T: 1:36:07
| train          | F: 335000 | S: 167500 | E: 335 | L: 1000 | R: 262.1475 | BS: 167500 | FPS: 68.3568 | T: 1:36:22
| train          | F: 336000 | S: 168000 | E: 336 | L: 1000 | R: 279.4316 | BS: 168000 | FPS: 66.5944 | T: 1:36:37
| train          | F: 337000 | S: 168500 | E: 337 | L: 1000 | R: 292.6384 | BS: 168500 | FPS: 66.9415 | T: 1:36:52
| train          | F: 338000 | S: 169000 | E: 338 | L: 1000 | R: 300.4425 | BS: 169000 | FPS: 68.5952 | T: 1:37:07
| train          | F: 339000 | S: 169500 | E: 339 | L: 1000 | R: 303.6668 | BS: 169500 | FPS: 66.3776 | T: 1:37:22
| train          | F: 340000 | S: 170000 | E: 340 | L: 1000 | R: 300.8294 | BS: 170000 | FPS: 67.5330 | T: 1:37:36
| eval           | F: 340000 | S: 170000 | E: 340 | L: 1000 | R: 317.5069 | T: 1:37:36
| train          | F: 341000 | S: 170500 | E: 341 | L: 1000 | R: 236.1807 | BS: 170500 | FPS: 24.3938 | T: 1:38:17
| train          | F: 342000 | S: 171000 | E: 342 | L: 1000 | R: 304.1375 | BS: 171000 | FPS: 66.8996 | T: 1:38:32
| train          | F: 343000 | S: 171500 | E: 343 | L: 1000 | R: 231.3472 | BS: 171500 | FPS: 61.1209 | T: 1:38:49
| train          | F: 344000 | S: 172000 | E: 344 | L: 1000 | R: 342.8048 | BS: 172000 | FPS: 60.5960 | T: 1:39:05
| train          | F: 345000 | S: 172500 | E: 345 | L: 1000 | R: 261.4249 | BS: 172500 | FPS: 67.1464 | T: 1:39:20
| train          | F: 346000 | S: 173000 | E: 346 | L: 1000 | R: 285.9393 | BS: 173000 | FPS: 67.3292 | T: 1:39:35
| train          | F: 347000 | S: 173500 | E: 347 | L: 1000 | R: 279.2718 | BS: 173500 | FPS: 66.5418 | T: 1:39:50
| train          | F: 348000 | S: 174000 | E: 348 | L: 1000 | R: 292.7626 | BS: 174000 | FPS: 55.6745 | T: 1:40:08
| train          | F: 349000 | S: 174500 | E: 349 | L: 1000 | R: 293.6789 | BS: 174500 | FPS: 68.7697 | T: 1:40:23
| train          | F: 350000 | S: 175000 | E: 350 | L: 1000 | R: 285.3462 | BS: 175000 | FPS: 66.0090 | T: 1:40:38
| eval           | F: 350000 | S: 175000 | E: 350 | L: 1000 | R: 301.3132 | T: 1:40:38
| train          | F: 351000 | S: 175500 | E: 351 | L: 1000 | R: 296.8602 | BS: 175500 | FPS: 25.2266 | T: 1:41:17
| train          | F: 352000 | S: 176000 | E: 352 | L: 1000 | R: 275.8724 | BS: 176000 | FPS: 65.3480 | T: 1:41:33
| train          | F: 353000 | S: 176500 | E: 353 | L: 1000 | R: 294.7981 | BS: 176500 | FPS: 66.4689 | T: 1:41:48
| train          | F: 354000 | S: 177000 | E: 354 | L: 1000 | R: 252.1541 | BS: 177000 | FPS: 66.8029 | T: 1:42:03
| train          | F: 355000 | S: 177500 | E: 355 | L: 1000 | R: 271.4547 | BS: 177500 | FPS: 67.9318 | T: 1:42:17
| train          | F: 356000 | S: 178000 | E: 356 | L: 1000 | R: 300.7073 | BS: 178000 | FPS: 68.5372 | T: 1:42:32
| train          | F: 357000 | S: 178500 | E: 357 | L: 1000 | R: 301.8824 | BS: 178500 | FPS: 62.7921 | T: 1:42:48
| train          | F: 358000 | S: 179000 | E: 358 | L: 1000 | R: 269.4598 | BS: 179000 | FPS: 66.0186 | T: 1:43:03
| train          | F: 359000 | S: 179500 | E: 359 | L: 1000 | R: 285.8426 | BS: 179500 | FPS: 65.0767 | T: 1:43:18
| train          | F: 360000 | S: 180000 | E: 360 | L: 1000 | R: 277.1527 | BS: 180000 | FPS: 66.8267 | T: 1:43:33
| eval           | F: 360000 | S: 180000 | E: 360 | L: 1000 | R: 319.1511 | T: 1:43:33
| train          | F: 361000 | S: 180500 | E: 361 | L: 1000 | R: 303.5657 | BS: 180500 | FPS: 23.7875 | T: 1:44:15
| train          | F: 362000 | S: 181000 | E: 362 | L: 1000 | R: 290.0375 | BS: 181000 | FPS: 67.2404 | T: 1:44:30
| train          | F: 363000 | S: 181500 | E: 363 | L: 1000 | R: 300.8358 | BS: 181500 | FPS: 68.8416 | T: 1:44:45
| train          | F: 364000 | S: 182000 | E: 364 | L: 1000 | R: 295.6622 | BS: 182000 | FPS: 66.4740 | T: 1:45:00
| train          | F: 365000 | S: 182500 | E: 365 | L: 1000 | R: 316.5468 | BS: 182500 | FPS: 61.1558 | T: 1:45:16
| train          | F: 366000 | S: 183000 | E: 366 | L: 1000 | R: 301.0635 | BS: 183000 | FPS: 52.3118 | T: 1:45:35
| train          | F: 367000 | S: 183500 | E: 367 | L: 1000 | R: 281.5347 | BS: 183500 | FPS: 66.0061 | T: 1:45:50
| train          | F: 368000 | S: 184000 | E: 368 | L: 1000 | R: 257.0930 | BS: 184000 | FPS: 68.6754 | T: 1:46:05
| train          | F: 369000 | S: 184500 | E: 369 | L: 1000 | R: 297.8605 | BS: 184500 | FPS: 65.9881 | T: 1:46:20
| train          | F: 370000 | S: 185000 | E: 370 | L: 1000 | R: 324.8352 | BS: 185000 | FPS: 64.9758 | T: 1:46:36
| eval           | F: 370000 | S: 185000 | E: 370 | L: 1000 | R: 345.2466 | T: 1:46:36
| train          | F: 371000 | S: 185500 | E: 371 | L: 1000 | R: 331.4673 | BS: 185500 | FPS: 25.1437 | T: 1:47:15
| train          | F: 372000 | S: 186000 | E: 372 | L: 1000 | R: 186.0924 | BS: 186000 | FPS: 69.7549 | T: 1:47:30
| train          | F: 373000 | S: 186500 | E: 373 | L: 1000 | R: 277.9927 | BS: 186500 | FPS: 64.5359 | T: 1:47:45
| train          | F: 374000 | S: 187000 | E: 374 | L: 1000 | R: 292.2505 | BS: 187000 | FPS: 68.0276 | T: 1:48:00
| train          | F: 375000 | S: 187500 | E: 375 | L: 1000 | R: 266.0351 | BS: 187500 | FPS: 69.5472 | T: 1:48:14
| train          | F: 376000 | S: 188000 | E: 376 | L: 1000 | R: 293.5733 | BS: 188000 | FPS: 64.0575 | T: 1:48:30
| train          | F: 377000 | S: 188500 | E: 377 | L: 1000 | R: 309.5920 | BS: 188500 | FPS: 63.9984 | T: 1:48:46
| train          | F: 378000 | S: 189000 | E: 378 | L: 1000 | R: 280.7088 | BS: 189000 | FPS: 67.5478 | T: 1:49:00
| train          | F: 379000 | S: 189500 | E: 379 | L: 1000 | R: 278.0037 | BS: 189500 | FPS: 66.9891 | T: 1:49:15
| train          | F: 380000 | S: 190000 | E: 380 | L: 1000 | R: 302.5171 | BS: 190000 | FPS: 62.9860 | T: 1:49:31
| eval           | F: 380000 | S: 190000 | E: 380 | L: 1000 | R: 313.0581 | T: 1:49:31
| train          | F: 381000 | S: 190500 | E: 381 | L: 1000 | R: 312.0963 | BS: 190500 | FPS: 23.6319 | T: 1:50:13
| train          | F: 382000 | S: 191000 | E: 382 | L: 1000 | R: 288.0317 | BS: 191000 | FPS: 68.6332 | T: 1:50:28
| train          | F: 383000 | S: 191500 | E: 383 | L: 1000 | R: 310.4324 | BS: 191500 | FPS: 67.2380 | T: 1:50:43
| train          | F: 384000 | S: 192000 | E: 384 | L: 1000 | R: 301.4968 | BS: 192000 | FPS: 66.3696 | T: 1:50:58
| train          | F: 385000 | S: 192500 | E: 385 | L: 1000 | R: 252.0268 | BS: 192500 | FPS: 66.4024 | T: 1:51:13
| train          | F: 386000 | S: 193000 | E: 386 | L: 1000 | R: 315.0219 | BS: 193000 | FPS: 65.7456 | T: 1:51:28
| train          | F: 387000 | S: 193500 | E: 387 | L: 1000 | R: 295.8694 | BS: 193500 | FPS: 68.1088 | T: 1:51:43
| train          | F: 388000 | S: 194000 | E: 388 | L: 1000 | R: 268.9479 | BS: 194000 | FPS: 65.5683 | T: 1:51:58
| train          | F: 389000 | S: 194500 | E: 389 | L: 1000 | R: 296.7105 | BS: 194500 | FPS: 68.3740 | T: 1:52:13
| train          | F: 390000 | S: 195000 | E: 390 | L: 1000 | R: 261.3235 | BS: 195000 | FPS: 64.3586 | T: 1:52:28
| eval           | F: 390000 | S: 195000 | E: 390 | L: 1000 | R: 315.9733 | T: 1:52:28
| train          | F: 391000 | S: 195500 | E: 391 | L: 1000 | R: 279.0649 | BS: 195500 | FPS: 26.2470 | T: 1:53:06
| train          | F: 392000 | S: 196000 | E: 392 | L: 1000 | R: 305.5766 | BS: 196000 | FPS: 65.4033 | T: 1:53:22
| train          | F: 393000 | S: 196500 | E: 393 | L: 1000 | R: 254.0905 | BS: 196500 | FPS: 65.2854 | T: 1:53:37
| train          | F: 394000 | S: 197000 | E: 394 | L: 1000 | R: 296.4740 | BS: 197000 | FPS: 52.9308 | T: 1:53:56
| train          | F: 395000 | S: 197500 | E: 395 | L: 1000 | R: 310.4265 | BS: 197500 | FPS: 66.7319 | T: 1:54:11
| train          | F: 396000 | S: 198000 | E: 396 | L: 1000 | R: 322.0327 | BS: 198000 | FPS: 64.5575 | T: 1:54:26
| train          | F: 397000 | S: 198500 | E: 397 | L: 1000 | R: 268.4230 | BS: 198500 | FPS: 65.4446 | T: 1:54:42
| train          | F: 398000 | S: 199000 | E: 398 | L: 1000 | R: 306.2322 | BS: 199000 | FPS: 66.9424 | T: 1:54:57
| train          | F: 399000 | S: 199500 | E: 399 | L: 1000 | R: 329.6849 | BS: 199500 | FPS: 65.8151 | T: 1:55:12
| train          | F: 400000 | S: 200000 | E: 400 | L: 1000 | R: 352.1381 | BS: 200000 | FPS: 65.3948 | T: 1:55:27
| eval           | F: 400000 | S: 200000 | E: 400 | L: 1000 | R: 357.7763 | T: 1:55:27
| train          | F: 401000 | S: 200500 | E: 401 | L: 1000 | R: 331.1552 | BS: 200500 | FPS: 24.1724 | T: 1:56:08
| train          | F: 402000 | S: 201000 | E: 402 | L: 1000 | R: 306.7943 | BS: 201000 | FPS: 68.4222 | T: 1:56:23
| train          | F: 403000 | S: 201500 | E: 403 | L: 1000 | R: 344.3868 | BS: 201500 | FPS: 69.4409 | T: 1:56:37
| train          | F: 404000 | S: 202000 | E: 404 | L: 1000 | R: 339.8467 | BS: 202000 | FPS: 64.4804 | T: 1:56:53
| train          | F: 405000 | S: 202500 | E: 405 | L: 1000 | R: 311.2408 | BS: 202500 | FPS: 57.3665 | T: 1:57:10
| train          | F: 406000 | S: 203000 | E: 406 | L: 1000 | R: 318.0056 | BS: 203000 | FPS: 67.3873 | T: 1:57:25
| train          | F: 407000 | S: 203500 | E: 407 | L: 1000 | R: 334.8914 | BS: 203500 | FPS: 65.2960 | T: 1:57:41
| train          | F: 408000 | S: 204000 | E: 408 | L: 1000 | R: 320.3036 | BS: 204000 | FPS: 65.3871 | T: 1:57:56
| train          | F: 409000 | S: 204500 | E: 409 | L: 1000 | R: 293.5734 | BS: 204500 | FPS: 65.9797 | T: 1:58:11
| train          | F: 410000 | S: 205000 | E: 410 | L: 1000 | R: 320.7004 | BS: 205000 | FPS: 68.0236 | T: 1:58:26
| eval           | F: 410000 | S: 205000 | E: 410 | L: 1000 | R: 339.4046 | T: 1:58:26
| train          | F: 411000 | S: 205500 | E: 411 | L: 1000 | R: 347.7719 | BS: 205500 | FPS: 24.3304 | T: 1:59:07
| train          | F: 412000 | S: 206000 | E: 412 | L: 1000 | R: 312.2444 | BS: 206000 | FPS: 68.0022 | T: 1:59:22
| train          | F: 413000 | S: 206500 | E: 413 | L: 1000 | R: 332.6925 | BS: 206500 | FPS: 66.7382 | T: 1:59:37
| train          | F: 414000 | S: 207000 | E: 414 | L: 1000 | R: 323.3109 | BS: 207000 | FPS: 67.3801 | T: 1:59:51
| train          | F: 415000 | S: 207500 | E: 415 | L: 1000 | R: 308.3873 | BS: 207500 | FPS: 66.4225 | T: 2:00:06
| train          | F: 416000 | S: 208000 | E: 416 | L: 1000 | R: 308.7162 | BS: 208000 | FPS: 68.8274 | T: 2:00:21
| train          | F: 417000 | S: 208500 | E: 417 | L: 1000 | R: 340.6795 | BS: 208500 | FPS: 65.6284 | T: 2:00:36
| train          | F: 418000 | S: 209000 | E: 418 | L: 1000 | R: 325.4036 | BS: 209000 | FPS: 66.1882 | T: 2:00:51
| train          | F: 419000 | S: 209500 | E: 419 | L: 1000 | R: 338.3131 | BS: 209500 | FPS: 65.6503 | T: 2:01:07
| train          | F: 420000 | S: 210000 | E: 420 | L: 1000 | R: 314.2727 | BS: 210000 | FPS: 69.0403 | T: 2:01:21
| eval           | F: 420000 | S: 210000 | E: 420 | L: 1000 | R: 346.4814 | T: 2:01:21
| train          | F: 421000 | S: 210500 | E: 421 | L: 1000 | R: 318.1617 | BS: 210500 | FPS: 26.0093 | T: 2:01:59
| train          | F: 422000 | S: 211000 | E: 422 | L: 1000 | R: 329.6832 | BS: 211000 | FPS: 69.3623 | T: 2:02:14
| train          | F: 423000 | S: 211500 | E: 423 | L: 1000 | R: 347.9662 | BS: 211500 | FPS: 67.8429 | T: 2:02:29
| train          | F: 424000 | S: 212000 | E: 424 | L: 1000 | R: 324.8031 | BS: 212000 | FPS: 68.1199 | T: 2:02:43
| train          | F: 425000 | S: 212500 | E: 425 | L: 1000 | R: 333.6120 | BS: 212500 | FPS: 68.0281 | T: 2:02:58
| train          | F: 426000 | S: 213000 | E: 426 | L: 1000 | R: 344.7304 | BS: 213000 | FPS: 68.1352 | T: 2:03:13
| train          | F: 427000 | S: 213500 | E: 427 | L: 1000 | R: 329.2679 | BS: 213500 | FPS: 63.7359 | T: 2:03:28
| train          | F: 428000 | S: 214000 | E: 428 | L: 1000 | R: 323.3788 | BS: 214000 | FPS: 64.9661 | T: 2:03:44
| train          | F: 429000 | S: 214500 | E: 429 | L: 1000 | R: 346.2646 | BS: 214500 | FPS: 62.8856 | T: 2:04:00
| train          | F: 430000 | S: 215000 | E: 430 | L: 1000 | R: 327.8332 | BS: 215000 | FPS: 65.9074 | T: 2:04:15
| eval           | F: 430000 | S: 215000 | E: 430 | L: 1000 | R: 297.5160 | T: 2:04:15
| train          | F: 431000 | S: 215500 | E: 431 | L: 1000 | R: 348.8412 | BS: 215500 | FPS: 24.4350 | T: 2:04:56
| train          | F: 432000 | S: 216000 | E: 432 | L: 1000 | R: 324.5652 | BS: 216000 | FPS: 67.6085 | T: 2:05:11
| train          | F: 433000 | S: 216500 | E: 433 | L: 1000 | R: 340.2588 | BS: 216500 | FPS: 69.4958 | T: 2:05:25
| train          | F: 434000 | S: 217000 | E: 434 | L: 1000 | R: 340.8003 | BS: 217000 | FPS: 66.0501 | T: 2:05:40
| train          | F: 435000 | S: 217500 | E: 435 | L: 1000 | R: 323.0696 | BS: 217500 | FPS: 60.1201 | T: 2:05:57
| train          | F: 436000 | S: 218000 | E: 436 | L: 1000 | R: 330.1908 | BS: 218000 | FPS: 54.6301 | T: 2:06:15
| train          | F: 437000 | S: 218500 | E: 437 | L: 1000 | R: 309.4816 | BS: 218500 | FPS: 66.1547 | T: 2:06:30
| train          | F: 438000 | S: 219000 | E: 438 | L: 1000 | R: 324.8008 | BS: 219000 | FPS: 67.6075 | T: 2:06:45
| train          | F: 439000 | S: 219500 | E: 439 | L: 1000 | R: 353.2207 | BS: 219500 | FPS: 66.4567 | T: 2:07:00
| train          | F: 440000 | S: 220000 | E: 440 | L: 1000 | R: 212.5237 | BS: 220000 | FPS: 61.9295 | T: 2:07:16
| eval           | F: 440000 | S: 220000 | E: 440 | L: 1000 | R: 376.9000 | T: 2:07:16
| train          | F: 441000 | S: 220500 | E: 441 | L: 1000 | R: 371.0956 | BS: 220500 | FPS: 24.7372 | T: 2:07:57
| train          | F: 442000 | S: 221000 | E: 442 | L: 1000 | R: 354.0622 | BS: 221000 | FPS: 56.3376 | T: 2:08:14
| train          | F: 443000 | S: 221500 | E: 443 | L: 1000 | R: 371.1296 | BS: 221500 | FPS: 57.2760 | T: 2:08:32
| train          | F: 444000 | S: 222000 | E: 444 | L: 1000 | R: 237.5436 | BS: 222000 | FPS: 67.8386 | T: 2:08:46
| train          | F: 445000 | S: 222500 | E: 445 | L: 1000 | R: 373.2422 | BS: 222500 | FPS: 66.1859 | T: 2:09:02
| train          | F: 446000 | S: 223000 | E: 446 | L: 1000 | R: 349.2342 | BS: 223000 | FPS: 67.9434 | T: 2:09:16
| train          | F: 447000 | S: 223500 | E: 447 | L: 1000 | R: 362.1575 | BS: 223500 | FPS: 66.8809 | T: 2:09:31
| train          | F: 448000 | S: 224000 | E: 448 | L: 1000 | R: 361.3905 | BS: 224000 | FPS: 66.4846 | T: 2:09:46
| train          | F: 449000 | S: 224500 | E: 449 | L: 1000 | R: 378.7940 | BS: 224500 | FPS: 67.6300 | T: 2:10:01
| train          | F: 450000 | S: 225000 | E: 450 | L: 1000 | R: 336.8972 | BS: 225000 | FPS: 66.5346 | T: 2:10:16
| eval           | F: 450000 | S: 225000 | E: 450 | L: 1000 | R: 375.1919 | T: 2:10:16
| train          | F: 451000 | S: 225500 | E: 451 | L: 1000 | R: 386.5024 | BS: 225500 | FPS: 26.3421 | T: 2:10:54
| train          | F: 452000 | S: 226000 | E: 452 | L: 1000 | R: 385.7841 | BS: 226000 | FPS: 65.7516 | T: 2:11:09
| train          | F: 453000 | S: 226500 | E: 453 | L: 1000 | R: 256.6217 | BS: 226500 | FPS: 64.5766 | T: 2:11:25
| train          | F: 454000 | S: 227000 | E: 454 | L: 1000 | R: 392.9555 | BS: 227000 | FPS: 62.8446 | T: 2:11:41
| train          | F: 455000 | S: 227500 | E: 455 | L: 1000 | R: 375.9857 | BS: 227500 | FPS: 66.9633 | T: 2:11:56
| train          | F: 456000 | S: 228000 | E: 456 | L: 1000 | R: 262.6942 | BS: 228000 | FPS: 66.6167 | T: 2:12:11
| train          | F: 457000 | S: 228500 | E: 457 | L: 1000 | R: 404.6830 | BS: 228500 | FPS: 58.8569 | T: 2:12:28
| train          | F: 458000 | S: 229000 | E: 458 | L: 1000 | R: 364.5055 | BS: 229000 | FPS: 54.9667 | T: 2:12:46
| train          | F: 459000 | S: 229500 | E: 459 | L: 1000 | R: 406.0333 | BS: 229500 | FPS: 58.1893 | T: 2:13:03
| train          | F: 460000 | S: 230000 | E: 460 | L: 1000 | R: 404.2134 | BS: 230000 | FPS: 56.2714 | T: 2:13:21
| eval           | F: 460000 | S: 230000 | E: 460 | L: 1000 | R: 410.1731 | T: 2:13:21
| train          | F: 461000 | S: 230500 | E: 461 | L: 1000 | R: 391.7075 | BS: 230500 | FPS: 23.2421 | T: 2:14:04
| train          | F: 462000 | S: 231000 | E: 462 | L: 1000 | R: 370.5202 | BS: 231000 | FPS: 66.8530 | T: 2:14:19
| train          | F: 463000 | S: 231500 | E: 463 | L: 1000 | R: 441.1409 | BS: 231500 | FPS: 65.6166 | T: 2:14:34
| train          | F: 464000 | S: 232000 | E: 464 | L: 1000 | R: 387.3659 | BS: 232000 | FPS: 65.3888 | T: 2:14:49
| train          | F: 465000 | S: 232500 | E: 465 | L: 1000 | R: 431.8786 | BS: 232500 | FPS: 64.3652 | T: 2:15:05
| train          | F: 466000 | S: 233000 | E: 466 | L: 1000 | R: 413.9154 | BS: 233000 | FPS: 67.5013 | T: 2:15:20
| train          | F: 467000 | S: 233500 | E: 467 | L: 1000 | R: 376.1769 | BS: 233500 | FPS: 67.0243 | T: 2:15:35
| train          | F: 468000 | S: 234000 | E: 468 | L: 1000 | R: 256.5408 | BS: 234000 | FPS: 64.7912 | T: 2:15:50
| train          | F: 469000 | S: 234500 | E: 469 | L: 1000 | R: 211.6863 | BS: 234500 | FPS: 65.8551 | T: 2:16:05
| train          | F: 470000 | S: 235000 | E: 470 | L: 1000 | R: 133.3365 | BS: 235000 | FPS: 64.9930 | T: 2:16:21
| eval           | F: 470000 | S: 235000 | E: 470 | L: 1000 | R: 286.0442 | T: 2:16:21
| train          | F: 471000 | S: 235500 | E: 471 | L: 1000 | R: 381.1897 | BS: 235500 | FPS: 25.9657 | T: 2:16:59
| train          | F: 472000 | S: 236000 | E: 472 | L: 1000 | R: 87.4741 | BS: 236000 | FPS: 55.0223 | T: 2:17:17
| train          | F: 473000 | S: 236500 | E: 473 | L: 1000 | R: 396.3915 | BS: 236500 | FPS: 67.8139 | T: 2:17:32
| train          | F: 474000 | S: 237000 | E: 474 | L: 1000 | R: 407.4843 | BS: 237000 | FPS: 70.3229 | T: 2:17:46
| train          | F: 475000 | S: 237500 | E: 475 | L: 1000 | R: 239.0160 | BS: 237500 | FPS: 67.2522 | T: 2:18:01
| train          | F: 476000 | S: 238000 | E: 476 | L: 1000 | R: 400.7347 | BS: 238000 | FPS: 67.2521 | T: 2:18:16
| train          | F: 477000 | S: 238500 | E: 477 | L: 1000 | R: 389.8691 | BS: 238500 | FPS: 64.5877 | T: 2:18:31
| train          | F: 478000 | S: 239000 | E: 478 | L: 1000 | R: 415.1222 | BS: 239000 | FPS: 64.1996 | T: 2:18:47
| train          | F: 479000 | S: 239500 | E: 479 | L: 1000 | R: 467.1417 | BS: 239500 | FPS: 66.4363 | T: 2:19:02
| train          | F: 480000 | S: 240000 | E: 480 | L: 1000 | R: 417.4104 | BS: 240000 | FPS: 67.8897 | T: 2:19:17
| eval           | F: 480000 | S: 240000 | E: 480 | L: 1000 | R: 415.9668 | T: 2:19:17
| train          | F: 481000 | S: 240500 | E: 481 | L: 1000 | R: 408.0960 | BS: 240500 | FPS: 24.0616 | T: 2:19:58
| train          | F: 482000 | S: 241000 | E: 482 | L: 1000 | R: 269.0293 | BS: 241000 | FPS: 69.3686 | T: 2:20:13
| train          | F: 483000 | S: 241500 | E: 483 | L: 1000 | R: 390.9374 | BS: 241500 | FPS: 67.7815 | T: 2:20:28
| train          | F: 484000 | S: 242000 | E: 484 | L: 1000 | R: 300.4954 | BS: 242000 | FPS: 62.4650 | T: 2:20:44
| train          | F: 485000 | S: 242500 | E: 485 | L: 1000 | R: 403.1719 | BS: 242500 | FPS: 64.9346 | T: 2:20:59
| train          | F: 486000 | S: 243000 | E: 486 | L: 1000 | R: 365.5095 | BS: 243000 | FPS: 64.1250 | T: 2:21:15
| train          | F: 487000 | S: 243500 | E: 487 | L: 1000 | R: 303.9592 | BS: 243500 | FPS: 62.6846 | T: 2:21:30
| train          | F: 488000 | S: 244000 | E: 488 | L: 1000 | R: 425.2034 | BS: 244000 | FPS: 67.0679 | T: 2:21:45
| train          | F: 489000 | S: 244500 | E: 489 | L: 1000 | R: 424.9232 | BS: 244500 | FPS: 64.4098 | T: 2:22:01
| train          | F: 490000 | S: 245000 | E: 490 | L: 1000 | R: 422.0184 | BS: 245000 | FPS: 64.4340 | T: 2:22:16
| eval           | F: 490000 | S: 245000 | E: 490 | L: 1000 | R: 416.2056 | T: 2:22:16
| train          | F: 491000 | S: 245500 | E: 491 | L: 1000 | R: 337.6363 | BS: 245500 | FPS: 24.5890 | T: 2:22:57
| train          | F: 492000 | S: 246000 | E: 492 | L: 1000 | R: 327.0499 | BS: 246000 | FPS: 65.9602 | T: 2:23:12
| train          | F: 493000 | S: 246500 | E: 493 | L: 1000 | R: 414.7678 | BS: 246500 | FPS: 66.1854 | T: 2:23:27
| train          | F: 494000 | S: 247000 | E: 494 | L: 1000 | R: 432.9463 | BS: 247000 | FPS: 67.7163 | T: 2:23:42
| train          | F: 495000 | S: 247500 | E: 495 | L: 1000 | R: 431.4706 | BS: 247500 | FPS: 64.5245 | T: 2:23:58
| train          | F: 496000 | S: 248000 | E: 496 | L: 1000 | R: 428.9178 | BS: 248000 | FPS: 65.9216 | T: 2:24:13
| train          | F: 497000 | S: 248500 | E: 497 | L: 1000 | R: 399.2891 | BS: 248500 | FPS: 63.9871 | T: 2:24:28
| train          | F: 498000 | S: 249000 | E: 498 | L: 1000 | R: 460.4654 | BS: 249000 | FPS: 64.8577 | T: 2:24:44
| train          | F: 499000 | S: 249500 | E: 499 | L: 1000 | R: 458.5489 | BS: 249500 | FPS: 64.1220 | T: 2:24:59
| train          | F: 500000 | S: 250000 | E: 500 | L: 1000 | R: 424.8216 | BS: 250000 | FPS: 65.4942 | T: 2:25:15
| eval           | F: 500000 | S: 250000 | E: 500 | L: 1000 | R: 396.3799 | T: 2:25:15
| train          | F: 501000 | S: 250500 | E: 501 | L: 1000 | R: 440.2701 | BS: 250500 | FPS: 24.3043 | T: 2:25:56
| train          | F: 502000 | S: 251000 | E: 502 | L: 1000 | R: 429.7556 | BS: 251000 | FPS: 67.7310 | T: 2:26:11
| train          | F: 503000 | S: 251500 | E: 503 | L: 1000 | R: 433.7819 | BS: 251500 | FPS: 61.4988 | T: 2:26:27
| train          | F: 504000 | S: 252000 | E: 504 | L: 1000 | R: 386.9165 | BS: 252000 | FPS: 54.7334 | T: 2:26:45
| train          | F: 505000 | S: 252500 | E: 505 | L: 1000 | R: 397.2782 | BS: 252500 | FPS: 65.4956 | T: 2:27:00
| train          | F: 506000 | S: 253000 | E: 506 | L: 1000 | R: 421.7391 | BS: 253000 | FPS: 66.9393 | T: 2:27:15
| train          | F: 507000 | S: 253500 | E: 507 | L: 1000 | R: 424.8982 | BS: 253500 | FPS: 66.8479 | T: 2:27:30
| train          | F: 508000 | S: 254000 | E: 508 | L: 1000 | R: 429.7770 | BS: 254000 | FPS: 66.2224 | T: 2:27:45
| train          | F: 509000 | S: 254500 | E: 509 | L: 1000 | R: 419.3287 | BS: 254500 | FPS: 67.3923 | T: 2:28:00
