Gym has been unmaintained since 2022 and does not support NumPy 2.0 amongst other critical functionality.
Please upgrade to Gymnasium, the maintained drop-in replacement of Gym, or contact the authors of your software and request that they upgrade.
Users of this version of Gym should be able to simply replace 'import gym' with 'import gymnasium as gym' in the vast majority of cases.
See the migration guide at https://gymnasium.farama.org/introduction/migration_guide/ for additional information.
/workspace/learn-si2e/SI2E/SI2E_A2C/rl-starter-files/rl-starter-files/scripts/train.py --env MiniGrid-DoorKey-8x8-v0 --model fastse-si2e-DoorKey-8x8-s3 --frames 1000000 --use_batch --save-interval 0 --log-interval 500 --seed 3 --algo a2c --use_entropy_reward --use_value_condition --beta 0.005

Namespace(algo='a2c', env='MiniGrid-DoorKey-8x8-v0', model='fastse-si2e-DoorKey-8x8-s3', seed=3, log_interval=500, save_interval=0, procs=16, frames=1000000, epochs=4, batch_size=256, frames_per_proc=None, discount=0.99, lr=0.001, gae_lambda=0.95, entropy_coef=0.01, value_loss_coef=0.5, max_grad_norm=0.5, optim_eps=1e-08, optim_alpha=0.99, clip_eps=0.2, recurrence=1, text=False, use_entropy_reward=True, use_value_condition=True, beta=0.005, beta_adaptive=False, fast_se=False, use_batch=True, ablation=None, mem=False)

Device: cuda:0

Environments loaded

Training status loaded

Observations preprocessor loaded
Model loaded

ACModel(
  (image_conv): Sequential(
    (0): Conv2d(3, 16, kernel_size=(2, 2), stride=(1, 1))
    (1): ReLU()
    (2): MaxPool2d(kernel_size=(2, 2), stride=(2, 2), padding=0, dilation=1, ceil_mode=False)
    (3): Conv2d(16, 32, kernel_size=(2, 2), stride=(1, 1))
    (4): ReLU()
    (5): Conv2d(32, 64, kernel_size=(2, 2), stride=(1, 1))
    (6): ReLU()
  )
  (actor): Sequential(
    (0): Linear(in_features=64, out_features=64, bias=True)
    (1): Tanh()
    (2): Linear(in_features=64, out_features=7, bias=True)
  )
  (critic): Sequential(
    (0): Linear(in_features=64, out_features=64, bias=True)
    (1): Tanh()
    (2): Linear(in_features=64, out_features=1, bias=True)
  )
  (extr_critic): Sequential(
    (0): Linear(in_features=64, out_features=64, bias=True)
    (1): Tanh()
    (2): Linear(in_features=64, out_features=1, bias=True)
  )
)

Optimizer loaded

U 500 | F 064000 | FPS 0493 | D 141 | rR:μσmM 0.00 0.00 0.00 0.00 | F:μσmM 640.0 0.0 640.0 640.0 | H 1.770 | V -0.316 | pL -0.023 | vL 0.001 | ∇ 0.027
U 1000 | F 128000 | FPS 0504 | D 276 | rR:μσmM 0.00 0.00 0.00 0.00 | F:μσmM 640.0 0.0 640.0 640.0 | H 1.823 | V -0.367 | pL -0.005 | vL 0.001 | ∇ 0.011
U 1500 | F 192000 | FPS 0500 | D 411 | rR:μσmM 0.02 0.08 0.00 0.32 | F:μσmM 630.2 37.8 484.0 640.0 | H 1.757 | V -0.336 | pL -0.001 | vL 0.000 | ∇ 0.008
U 2000 | F 256000 | FPS 0469 | D 547 | rR:μσmM 0.05 0.18 0.00 0.73 | F:μσmM 612.2 107.7 195.0 640.0 | H 1.741 | V -0.358 | pL 0.258 | vL 0.044 | ∇ 0.228
U 2500 | F 320000 | FPS 0442 | D 685 | rR:μσmM 0.00 0.00 0.00 0.00 | F:μσmM 640.0 0.0 640.0 640.0 | H 1.795 | V -0.336 | pL -0.021 | vL 0.001 | ∇ 0.017
U 3000 | F 384000 | FPS 0493 | D 821 | rR:μσmM 0.00 0.00 0.00 0.00 | F:μσmM 640.0 0.0 640.0 640.0 | H 1.777 | V -0.363 | pL -0.011 | vL 0.001 | ∇ 0.011
U 3500 | F 448000 | FPS 0492 | D 957 | rR:μσmM 0.00 0.00 0.00 0.00 | F:μσmM 640.0 0.0 640.0 640.0 | H 1.795 | V -0.306 | pL -0.016 | vL 0.001 | ∇ 0.017
U 4000 | F 512000 | FPS 0419 | D 1093 | rR:μσmM 0.03 0.12 0.00 0.51 | F:μσmM 621.6 71.2 346.0 640.0 | H 1.781 | V -0.290 | pL 0.009 | vL 0.004 | ∇ 0.045
U 4500 | F 576000 | FPS 0470 | D 1229 | rR:μσmM 0.09 0.21 0.00 0.77 | F:μσmM 585.9 127.4 166.0 640.0 | H 1.787 | V -0.256 | pL -0.014 | vL 0.001 | ∇ 0.013
U 5000 | F 640000 | FPS 0545 | D 1366 | rR:μσmM 0.06 0.14 0.00 0.57 | F:μσmM 614.2 80.4 309.0 640.0 | H 1.781 | V -0.279 | pL -0.004 | vL 0.000 | ∇ 0.007
U 5500 | F 704000 | FPS 0504 | D 1502 | rR:μσmM 0.04 0.12 0.00 0.36 | F:μσmM 616.9 61.0 455.0 640.0 | H 1.770 | V -0.342 | pL -0.001 | vL 0.001 | ∇ 0.011
U 6000 | F 768000 | FPS 0518 | D 1640 | rR:μσmM 0.04 0.14 0.00 0.59 | F:μσmM 618.3 84.0 293.0 640.0 | H 1.769 | V -0.296 | pL 0.005 | vL 0.005 | ∇ 0.030
U 6500 | F 832000 | FPS 0502 | D 1776 | rR:μσmM 0.00 0.00 0.00 0.00 | F:μσmM 640.0 0.0 640.0 640.0 | H 1.768 | V -0.347 | pL -0.008 | vL 0.001 | ∇ 0.010
U 7000 | F 896000 | FPS 0518 | D 1912 | rR:μσmM 0.05 0.14 0.00 0.50 | F:μσmM 614.0 73.7 357.0 640.0 | H 1.763 | V -0.326 | pL -0.006 | vL 0.001 | ∇ 0.008
U 7500 | F 960000 | FPS 0485 | D 2046 | rR:μσmM 0.02 0.07 0.00 0.30 | F:μσmM 630.9 35.1 495.0 640.0 | H 1.768 | V -0.296 | pL -0.015 | vL 0.001 | ∇ 0.011
Final model saved
