Gym has been unmaintained since 2022 and does not support NumPy 2.0 amongst other critical functionality.
Please upgrade to Gymnasium, the maintained drop-in replacement of Gym, or contact the authors of your software and request that they upgrade.
Users of this version of Gym should be able to simply replace 'import gym' with 'import gymnasium as gym' in the vast majority of cases.
See the migration guide at https://gymnasium.farama.org/introduction/migration_guide/ for additional information.
/workspace/learn-si2e/SI2E/SI2E_A2C/rl-starter-files/rl-starter-files/scripts/train.py --algo a2c --env MiniGrid-UnlockPickup-v0 --model up-si2e-s2 --frames 3000000 --use_batch --save-interval 100 --log-interval 500 --seed 2 --use_entropy_reward --use_value_condition --beta 0.005

Namespace(algo='a2c', env='MiniGrid-UnlockPickup-v0', model='up-si2e-s2', seed=2, log_interval=500, save_interval=100, procs=16, frames=3000000, epochs=4, batch_size=256, frames_per_proc=None, discount=0.99, lr=0.001, gae_lambda=0.95, entropy_coef=0.01, value_loss_coef=0.5, max_grad_norm=0.5, optim_eps=1e-08, optim_alpha=0.99, clip_eps=0.2, recurrence=1, text=False, use_entropy_reward=True, use_value_condition=True, beta=0.005, use_batch=True, ablation=None, mem=False)

Device: cuda:0

Environments loaded

Training status loaded

Observations preprocessor loaded
Model loaded

ACModel(
  (image_conv): Sequential(
    (0): Conv2d(3, 16, kernel_size=(2, 2), stride=(1, 1))
    (1): ReLU()
    (2): MaxPool2d(kernel_size=(2, 2), stride=(2, 2), padding=0, dilation=1, ceil_mode=False)
    (3): Conv2d(16, 32, kernel_size=(2, 2), stride=(1, 1))
    (4): ReLU()
    (5): Conv2d(32, 64, kernel_size=(2, 2), stride=(1, 1))
    (6): ReLU()
  )
  (actor): Sequential(
    (0): Linear(in_features=64, out_features=64, bias=True)
    (1): Tanh()
    (2): Linear(in_features=64, out_features=7, bias=True)
  )
  (critic): Sequential(
    (0): Linear(in_features=64, out_features=64, bias=True)
    (1): Tanh()
    (2): Linear(in_features=64, out_features=1, bias=True)
  )
  (extr_critic): Sequential(
    (0): Linear(in_features=64, out_features=64, bias=True)
    (1): Tanh()
    (2): Linear(in_features=64, out_features=1, bias=True)
  )
)

Optimizer loaded

Status saved
Status saved
Status saved
Status saved
U 500 | F 064000 | FPS 0399 | D 154 | rR:μσmM 0.00 0.00 0.00 0.00 | F:μσmM 288.0 0.0 288.0 288.0 | H 1.763 | V -0.290 | pL -0.012 | vL 0.001 | ∇ 0.013
Status saved
Status saved
Status saved
Status saved
Status saved
U 1000 | F 128000 | FPS 0411 | D 310 | rR:μσmM 0.00 0.00 0.00 0.00 | F:μσmM 288.0 0.0 288.0 288.0 | H 1.820 | V -0.359 | pL -0.018 | vL 0.001 | ∇ 0.015
Status saved
Status saved
Status saved
Status saved
Status saved
U 1500 | F 192000 | FPS 0421 | D 469 | rR:μσmM 0.00 0.00 0.00 0.00 | F:μσmM 288.0 0.0 288.0 288.0 | H 1.793 | V -0.291 | pL 0.006 | vL 0.000 | ∇ 0.010
Status saved
Status saved
Status saved
Status saved
Status saved
U 2000 | F 256000 | FPS 0423 | D 628 | rR:μσmM 0.00 0.00 0.00 0.00 | F:μσmM 288.0 0.0 288.0 288.0 | H 1.814 | V -0.274 | pL -0.026 | vL 0.001 | ∇ 0.019
Status saved
Status saved
Status saved
Status saved
Status saved
U 2500 | F 320000 | FPS 0421 | D 788 | rR:μσmM 0.00 0.00 0.00 0.00 | F:μσmM 288.0 0.0 288.0 288.0 | H 1.785 | V -0.275 | pL -0.015 | vL 0.001 | ∇ 0.012
Status saved
Status saved
Status saved
Status saved
Status saved
U 3000 | F 384000 | FPS 0345 | D 950 | rR:μσmM 0.00 0.00 0.00 0.00 | F:μσmM 288.0 0.0 288.0 288.0 | H 1.782 | V -0.276 | pL -0.013 | vL 0.001 | ∇ 0.011
Status saved
Status saved
Status saved
Status saved
Status saved
U 3500 | F 448000 | FPS 0378 | D 1111 | rR:μσmM 0.00 0.00 0.00 0.00 | F:μσmM 288.0 0.0 288.0 288.0 | H 1.769 | V -0.234 | pL -0.006 | vL 0.001 | ∇ 0.015
Status saved
Status saved
Status saved
Status saved
Status saved
U 4000 | F 512000 | FPS 0410 | D 1272 | rR:μσmM 0.00 0.00 0.00 0.00 | F:μσmM 288.0 0.0 288.0 288.0 | H 1.808 | V -0.226 | pL -0.026 | vL 0.001 | ∇ 0.018
Status saved
Status saved
Status saved
Status saved
Status saved
U 4500 | F 576000 | FPS 0415 | D 1436 | rR:μσmM 0.00 0.00 0.00 0.00 | F:μσmM 288.0 0.0 288.0 288.0 | H 1.746 | V -0.271 | pL 0.246 | vL 0.030 | ∇ 0.197
Status saved
Status saved
Status saved
Status saved
Status saved
U 5000 | F 640000 | FPS 0236 | D 1601 | rR:μσmM 0.00 0.00 0.00 0.00 | F:μσmM 288.0 0.0 288.0 288.0 | H 1.772 | V -0.266 | pL 0.001 | vL 0.000 | ∇ 0.011
Status saved
Status saved
Status saved
Status saved
Status saved
U 5500 | F 704000 | FPS 0393 | D 1763 | rR:μσmM 0.03 0.13 0.00 0.53 | F:μσmM 279.4 33.4 150.0 288.0 | H 1.782 | V -0.254 | pL -0.014 | vL 0.001 | ∇ 0.012
Status saved
Status saved
Status saved
Status saved
Status saved
U 6000 | F 768000 | FPS 0373 | D 1925 | rR:μσmM 0.00 0.00 0.00 0.00 | F:μσmM 288.0 0.0 288.0 288.0 | H 1.750 | V -0.296 | pL 0.006 | vL 0.000 | ∇ 0.012
Status saved
Status saved
Status saved
Status saved
Status saved
U 6500 | F 832000 | FPS 0429 | D 2087 | rR:μσmM 0.03 0.11 0.00 0.45 | F:μσmM 281.0 27.1 176.0 288.0 | H 1.790 | V -0.239 | pL -0.009 | vL 0.001 | ∇ 0.008
Status saved
Status saved
Status saved
Status saved
Status saved
U 7000 | F 896000 | FPS 0360 | D 2250 | rR:μσmM 0.00 0.00 0.00 0.00 | F:μσmM 288.0 0.0 288.0 288.0 | H 1.776 | V -0.278 | pL -0.000 | vL 0.004 | ∇ 0.044
Status saved
Status saved
Status saved
Status saved
Status saved
U 7500 | F 960000 | FPS 0440 | D 2413 | rR:μσmM 0.00 0.00 0.00 0.00 | F:μσmM 288.0 0.0 288.0 288.0 | H 1.796 | V -0.250 | pL -0.010 | vL 0.000 | ∇ 0.009
Status saved
Status saved
Status saved
Status saved
Status saved
U 8000 | F 1024000 | FPS 0383 | D 2577 | rR:μσmM 0.00 0.00 0.00 0.00 | F:μσmM 288.0 0.0 288.0 288.0 | H 1.801 | V -0.276 | pL -0.004 | vL 0.001 | ∇ 0.008
Status saved
Status saved
Status saved
Status saved
Status saved
U 8500 | F 1088000 | FPS 0431 | D 2739 | rR:μσmM 0.00 0.00 0.00 0.00 | F:μσmM 288.0 0.0 288.0 288.0 | H 1.798 | V -0.238 | pL -0.009 | vL 0.001 | ∇ 0.010
Status saved
Status saved
Status saved
Status saved
Status saved
U 9000 | F 1152000 | FPS 0396 | D 2901 | rR:μσmM 0.05 0.20 0.00 0.81 | F:μσmM 273.8 55.2 60.0 288.0 | H 1.807 | V -0.275 | pL -0.008 | vL 0.004 | ∇ 0.028
Status saved
Status saved
Status saved
Status saved
Status saved
U 9500 | F 1216000 | FPS 0410 | D 3065 | rR:μσmM 0.00 0.00 0.00 0.00 | F:μσmM 288.0 0.0 288.0 288.0 | H 1.763 | V -0.256 | pL -0.010 | vL 0.001 | ∇ 0.016
Status saved
Status saved
Status saved
Status saved
Status saved
U 10000 | F 1280000 | FPS 0432 | D 3226 | rR:μσmM 0.00 0.00 0.00 0.00 | F:μσmM 288.0 0.0 288.0 288.0 | H 1.758 | V -0.242 | pL -0.009 | vL 0.000 | ∇ 0.012
Status saved
Status saved
Status saved
Status saved
Status saved
U 10500 | F 1344000 | FPS 0396 | D 3389 | rR:μσmM 0.00 0.00 0.00 0.00 | F:μσmM 288.0 0.0 288.0 288.0 | H 1.772 | V -0.274 | pL -0.006 | vL 0.000 | ∇ 0.015
Status saved
Status saved
Status saved
Status saved
Status saved
U 11000 | F 1408000 | FPS 0408 | D 3553 | rR:μσmM 0.00 0.00 0.00 0.00 | F:μσmM 288.0 0.0 288.0 288.0 | H 1.768 | V -0.251 | pL -0.003 | vL 0.002 | ∇ 0.024
Status saved
Status saved
Status saved
Status saved
Status saved
U 11500 | F 1472000 | FPS 0432 | D 3715 | rR:μσmM 0.00 0.00 0.00 0.00 | F:μσmM 288.0 0.0 288.0 288.0 | H 1.797 | V -0.251 | pL 0.013 | vL 0.003 | ∇ 0.021
Status saved
Status saved
Status saved
Status saved
Status saved
U 12000 | F 1536000 | FPS 0405 | D 3879 | rR:μσmM 0.00 0.00 0.00 0.00 | F:μσmM 288.0 0.0 288.0 288.0 | H 1.766 | V -0.261 | pL 0.013 | vL 0.002 | ∇ 0.017
Status saved
Status saved
Status saved
Status saved
Status saved
U 12500 | F 1600000 | FPS 0436 | D 4044 | rR:μσmM 0.00 0.00 0.00 0.00 | F:μσmM 288.0 0.0 288.0 288.0 | H 1.757 | V -0.264 | pL -0.021 | vL 0.001 | ∇ 0.014
Status saved
Status saved
Status saved
Status saved
Status saved
U 13000 | F 1664000 | FPS 0430 | D 4210 | rR:μσmM 0.00 0.00 0.00 0.00 | F:μσmM 288.0 0.0 288.0 288.0 | H 1.783 | V -0.269 | pL -0.000 | vL 0.002 | ∇ 0.018
Status saved
Status saved
Status saved
Status saved
Status saved
U 13500 | F 1728000 | FPS 0415 | D 4374 | rR:μσmM 0.00 0.00 0.00 0.00 | F:μσmM 288.0 0.0 288.0 288.0 | H 1.763 | V -0.246 | pL -0.011 | vL 0.000 | ∇ 0.011
Status saved
Status saved
Status saved
Status saved
Status saved
U 14000 | F 1792000 | FPS 0433 | D 4537 | rR:μσmM 0.00 0.00 0.00 0.00 | F:μσmM 288.0 0.0 288.0 288.0 | H 1.783 | V -0.275 | pL -0.010 | vL 0.001 | ∇ 0.015
Status saved
Status saved
Status saved
Status saved
Status saved
U 14500 | F 1856000 | FPS 0416 | D 4703 | rR:μσmM 0.00 0.00 0.00 0.00 | F:μσmM 288.0 0.0 288.0 288.0 | H 1.771 | V -0.283 | pL 0.009 | vL 0.003 | ∇ 0.017
Status saved
Status saved
Status saved
Status saved
Status saved
U 15000 | F 1920000 | FPS 0425 | D 4866 | rR:μσmM 0.07 0.18 0.00 0.59 | F:μσmM 270.6 46.6 130.0 288.0 | H 1.739 | V -0.251 | pL 0.009 | vL 0.005 | ∇ 0.028
Status saved
Status saved
Status saved
Status saved
Status saved
U 15500 | F 1984000 | FPS 0430 | D 5031 | rR:μσmM 0.02 0.08 0.00 0.32 | F:μσmM 283.5 17.4 216.0 288.0 | H 1.802 | V -0.254 | pL -0.014 | vL 0.001 | ∇ 0.011
Status saved
Status saved
Status saved
Status saved
Status saved
U 16000 | F 2048000 | FPS 0370 | D 5197 | rR:μσmM 0.00 0.00 0.00 0.00 | F:μσmM 288.0 0.0 288.0 288.0 | H 1.758 | V -0.254 | pL 0.019 | vL 0.002 | ∇ 0.028
Status saved
Status saved
Status saved
Status saved
Status saved
U 16500 | F 2112000 | FPS 0428 | D 5360 | rR:μσmM 0.00 0.00 0.00 0.00 | F:μσmM 288.0 0.0 288.0 288.0 | H 1.793 | V -0.304 | pL -0.017 | vL 0.001 | ∇ 0.011
Status saved
Status saved
Status saved
Status saved
Status saved
U 17000 | F 2176000 | FPS 0406 | D 5525 | rR:μσmM 0.00 0.00 0.00 0.00 | F:μσmM 288.0 0.0 288.0 288.0 | H 1.749 | V -0.289 | pL -0.012 | vL 0.000 | ∇ 0.009
Status saved
Status saved
Status saved
Status saved
Status saved
U 17500 | F 2240000 | FPS 0428 | D 5692 | rR:μσmM 0.00 0.00 0.00 0.00 | F:μσmM 288.0 0.0 288.0 288.0 | H 1.785 | V -0.289 | pL 0.020 | vL 0.004 | ∇ 0.026
Status saved
Status saved
Status saved
Status saved
Status saved
U 18000 | F 2304000 | FPS 0432 | D 5856 | rR:μσmM 0.00 0.00 0.00 0.00 | F:μσmM 288.0 0.0 288.0 288.0 | H 1.769 | V -0.278 | pL 0.014 | vL 0.004 | ∇ 0.024
Status saved
Status saved
Status saved
Status saved
Status saved
U 18500 | F 2368000 | FPS 0389 | D 6022 | rR:μσmM 0.00 0.00 0.00 0.00 | F:μσmM 288.0 0.0 288.0 288.0 | H 1.759 | V -0.258 | pL -0.018 | vL 0.001 | ∇ 0.014
Status saved
Status saved
Status saved
Status saved
Status saved
U 19000 | F 2432000 | FPS 0233 | D 6185 | rR:μσmM 0.00 0.00 0.00 0.00 | F:μσmM 288.0 0.0 288.0 288.0 | H 1.791 | V -0.242 | pL -0.008 | vL 0.000 | ∇ 0.009
Status saved
Status saved
Status saved
Status saved
Status saved
U 19500 | F 2496000 | FPS 0426 | D 6352 | rR:μσmM 0.00 0.00 0.00 0.00 | F:μσmM 288.0 0.0 288.0 288.0 | H 1.765 | V -0.250 | pL -0.020 | vL 0.001 | ∇ 0.015
Status saved
Status saved
Status saved
Status saved
Status saved
U 20000 | F 2560000 | FPS 0429 | D 6518 | rR:μσmM 0.00 0.00 0.00 0.00 | F:μσmM 288.0 0.0 288.0 288.0 | H 1.807 | V -0.259 | pL -0.011 | vL 0.001 | ∇ 0.009
Status saved
Status saved
Status saved
Status saved
Status saved
U 20500 | F 2624000 | FPS 0410 | D 6684 | rR:μσmM 0.00 0.00 0.00 0.00 | F:μσmM 288.0 0.0 288.0 288.0 | H 1.740 | V -0.246 | pL -0.010 | vL 0.001 | ∇ 0.008
Status saved
Status saved
Status saved
Status saved
Status saved
U 21000 | F 2688000 | FPS 0375 | D 6848 | rR:μσmM 0.02 0.09 0.00 0.36 | F:μσmM 282.9 19.8 206.0 288.0 | H 1.787 | V -0.257 | pL -0.014 | vL 0.001 | ∇ 0.010
Status saved
Status saved
Status saved
Status saved
Status saved
U 21500 | F 2752000 | FPS 0368 | D 7012 | rR:μσmM 0.00 0.00 0.00 0.00 | F:μσmM 288.0 0.0 288.0 288.0 | H 1.783 | V -0.262 | pL 0.015 | vL 0.004 | ∇ 0.028
Status saved
Status saved
Status saved
Status saved
Status saved
U 22000 | F 2816000 | FPS 0375 | D 7179 | rR:μσmM 0.08 0.22 0.00 0.75 | F:μσmM 266.4 58.5 81.0 288.0 | H 1.773 | V -0.242 | pL -0.013 | vL 0.001 | ∇ 0.018
Status saved
Status saved
Status saved
Status saved
Status saved
U 22500 | F 2880000 | FPS 0435 | D 7344 | rR:μσmM 0.00 0.00 0.00 0.00 | F:μσmM 288.0 0.0 288.0 288.0 | H 1.758 | V -0.255 | pL 0.001 | vL 0.000 | ∇ 0.006
Status saved
Status saved
Status saved
Status saved
Status saved
U 23000 | F 2944000 | FPS 0401 | D 7510 | rR:μσmM 0.00 0.00 0.00 0.00 | F:μσmM 288.0 0.0 288.0 288.0 | H 1.791 | V -0.284 | pL 0.002 | vL 0.000 | ∇ 0.007
Status saved
Status saved
Status saved
Status saved
Status saved
