Gym has been unmaintained since 2022 and does not support NumPy 2.0 amongst other critical functionality.
Please upgrade to Gymnasium, the maintained drop-in replacement of Gym, or contact the authors of your software and request that they upgrade.
Users of this version of Gym should be able to simply replace 'import gym' with 'import gymnasium as gym' in the vast majority of cases.
See the migration guide at https://gymnasium.farama.org/introduction/migration_guide/ for additional information.
/workspace/learn-si2e/base-vcse/VCSE_A2C/rl-starter-files/rl-starter-files/scripts/train.py --algo a2c --env MiniGrid-KeyCorridorS6R3-v0 --model sweep-vcse-KeyCorridorS6R3-s1 --frames 1000000 --use_batch --save-interval 100 --log-interval 500 --seed 1 --use_entropy_reward --use_value_condition --beta 0.005

Namespace(algo='a2c', env='MiniGrid-KeyCorridorS6R3-v0', model='sweep-vcse-KeyCorridorS6R3-s1', seed=1, log_interval=500, save_interval=100, procs=16, frames=1000000, epochs=4, batch_size=256, frames_per_proc=None, discount=0.99, lr=0.001, gae_lambda=0.95, entropy_coef=0.01, value_loss_coef=0.5, max_grad_norm=0.5, optim_eps=1e-08, optim_alpha=0.99, clip_eps=0.2, recurrence=1, text=False, use_entropy_reward=True, use_value_condition=True, beta=0.005, use_batch=True, mem=False)

Device: cuda

Environments loaded

Training status loaded

Observations preprocessor loaded
Model loaded

ACModel(
  (image_conv): Sequential(
    (0): Conv2d(3, 16, kernel_size=(2, 2), stride=(1, 1))
    (1): ReLU()
    (2): MaxPool2d(kernel_size=(2, 2), stride=(2, 2), padding=0, dilation=1, ceil_mode=False)
    (3): Conv2d(16, 32, kernel_size=(2, 2), stride=(1, 1))
    (4): ReLU()
    (5): Conv2d(32, 64, kernel_size=(2, 2), stride=(1, 1))
    (6): ReLU()
  )
  (actor): Sequential(
    (0): Linear(in_features=64, out_features=64, bias=True)
    (1): Tanh()
    (2): Linear(in_features=64, out_features=7, bias=True)
  )
  (critic): Sequential(
    (0): Linear(in_features=64, out_features=64, bias=True)
    (1): Tanh()
    (2): Linear(in_features=64, out_features=1, bias=True)
  )
  (extr_critic): Sequential(
    (0): Linear(in_features=64, out_features=64, bias=True)
    (1): Tanh()
    (2): Linear(in_features=64, out_features=1, bias=True)
  )
)

Optimizer loaded

Status saved
Status saved
Status saved
Status saved
U 500 | F 064000 | FPS 1267 | D 59 | rR:μσmM 0.00 0.00 0.00 0.00 | F:μσmM 1080.0 0.0 1080.0 1080.0 | H 1.756 | V -0.362 | pL -0.003 | vL 0.001 | ∇ 0.011
Status saved
Status saved
Status saved
Status saved
Status saved
U 1000 | F 128000 | FPS 0949 | D 119 | rR:μσmM 0.00 0.00 0.00 0.00 | F:μσmM 1080.0 0.0 1080.0 1080.0 | H 1.802 | V -0.331 | pL -0.007 | vL 0.001 | ∇ 0.011
Status saved
Status saved
Status saved
Status saved
Status saved
U 1500 | F 192000 | FPS 1035 | D 179 | rR:μσmM 0.00 0.00 0.00 0.00 | F:μσmM 1080.0 0.0 1080.0 1080.0 | H 1.794 | V -0.257 | pL -0.019 | vL 0.001 | ∇ 0.014
Status saved
Status saved
Status saved
Status saved
Status saved
U 2000 | F 256000 | FPS 1075 | D 240 | rR:μσmM 0.00 0.00 0.00 0.00 | F:μσmM 1080.0 0.0 1080.0 1080.0 | H 1.787 | V -0.359 | pL -0.000 | vL 0.001 | ∇ 0.010
Status saved
Status saved
Status saved
Status saved
Status saved
U 2500 | F 320000 | FPS 1192 | D 300 | rR:μσmM 0.00 0.00 0.00 0.00 | F:μσmM 1080.0 0.0 1080.0 1080.0 | H 1.763 | V -0.341 | pL -0.011 | vL 0.001 | ∇ 0.010
Status saved
Status saved
Status saved
Status saved
Status saved
U 3000 | F 384000 | FPS 1152 | D 361 | rR:μσmM 0.00 0.00 0.00 0.00 | F:μσmM 1080.0 0.0 1080.0 1080.0 | H 1.818 | V -0.252 | pL -0.009 | vL 0.000 | ∇ 0.008
Status saved
Status saved
Status saved
Status saved
Status saved
U 3500 | F 448000 | FPS 0899 | D 422 | rR:μσmM 0.00 0.00 0.00 0.00 | F:μσmM 1080.0 0.0 1080.0 1080.0 | H 1.750 | V -0.331 | pL 0.002 | vL 0.001 | ∇ 0.011
Status saved
Status saved
Status saved
Status saved
Status saved
U 4000 | F 512000 | FPS 1018 | D 482 | rR:μσmM 0.00 0.00 0.00 0.00 | F:μσmM 1080.0 0.0 1080.0 1080.0 | H 1.743 | V -0.319 | pL 0.001 | vL 0.000 | ∇ 0.009
Status saved
Status saved
Status saved
Status saved
Status saved
U 4500 | F 576000 | FPS 0779 | D 542 | rR:μσmM 0.00 0.00 0.00 0.00 | F:μσmM 1080.0 0.0 1080.0 1080.0 | H 1.810 | V -0.324 | pL -0.010 | vL 0.001 | ∇ 0.007
Status saved
Status saved
Status saved
Status saved
Status saved
U 5000 | F 640000 | FPS 1217 | D 601 | rR:μσmM 0.00 0.00 0.00 0.00 | F:μσmM 1080.0 0.0 1080.0 1080.0 | H 1.781 | V -0.259 | pL -0.011 | vL 0.001 | ∇ 0.007
Status saved
Status saved
Status saved
Status saved
Status saved
U 5500 | F 704000 | FPS 1213 | D 662 | rR:μσmM 0.00 0.00 0.00 0.00 | F:μσmM 1080.0 0.0 1080.0 1080.0 | H 1.800 | V -0.352 | pL -0.014 | vL 0.001 | ∇ 0.013
Status saved
Status saved
Status saved
Status saved
Status saved
U 6000 | F 768000 | FPS 0944 | D 723 | rR:μσmM 0.00 0.00 0.00 0.00 | F:μσmM 1080.0 0.0 1080.0 1080.0 | H 1.772 | V -0.310 | pL -0.012 | vL 0.001 | ∇ 0.009
Status saved
Status saved
Status saved
Status saved
Status saved
U 6500 | F 832000 | FPS 0728 | D 783 | rR:μσmM 0.00 0.00 0.00 0.00 | F:μσmM 1080.0 0.0 1080.0 1080.0 | H 1.777 | V -0.253 | pL -0.012 | vL 0.001 | ∇ 0.008
Status saved
Status saved
Status saved
Status saved
Status saved
U 7000 | F 896000 | FPS 1058 | D 844 | rR:μσmM 0.00 0.00 0.00 0.00 | F:μσmM 1080.0 0.0 1080.0 1080.0 | H 1.783 | V -0.315 | pL -0.007 | vL 0.001 | ∇ 0.008
Status saved
Status saved
Status saved
Status saved
Status saved
U 7500 | F 960000 | FPS 1033 | D 903 | rR:μσmM 0.00 0.00 0.00 0.00 | F:μσmM 1080.0 0.0 1080.0 1080.0 | H 1.787 | V -0.308 | pL 0.012 | vL 0.000 | ∇ 0.011
Status saved
Status saved
Status saved
Status saved
