Gym has been unmaintained since 2022 and does not support NumPy 2.0 amongst other critical functionality.
Please upgrade to Gymnasium, the maintained drop-in replacement of Gym, or contact the authors of your software and request that they upgrade.
Users of this version of Gym should be able to simply replace 'import gym' with 'import gymnasium as gym' in the vast majority of cases.
See the migration guide at https://gymnasium.farama.org/introduction/migration_guide/ for additional information.
/workspace/learn-si2e/base-vcse/VCSE_A2C/rl-starter-files/rl-starter-files/scripts/train.py --algo a2c --env MiniGrid-KeyCorridorS3R2-v0 --model sweep-vcse-KeyCorridorS3R2-s1 --frames 1000000 --use_batch --save-interval 100 --log-interval 500 --seed 1 --use_entropy_reward --use_value_condition --beta 0.005

Namespace(algo='a2c', env='MiniGrid-KeyCorridorS3R2-v0', model='sweep-vcse-KeyCorridorS3R2-s1', seed=1, log_interval=500, save_interval=100, procs=16, frames=1000000, epochs=4, batch_size=256, frames_per_proc=None, discount=0.99, lr=0.001, gae_lambda=0.95, entropy_coef=0.01, value_loss_coef=0.5, max_grad_norm=0.5, optim_eps=1e-08, optim_alpha=0.99, clip_eps=0.2, recurrence=1, text=False, use_entropy_reward=True, use_value_condition=True, beta=0.005, use_batch=True, mem=False)

Device: cuda

Environments loaded

Training status loaded

Observations preprocessor loaded
Model loaded

ACModel(
  (image_conv): Sequential(
    (0): Conv2d(3, 16, kernel_size=(2, 2), stride=(1, 1))
    (1): ReLU()
    (2): MaxPool2d(kernel_size=(2, 2), stride=(2, 2), padding=0, dilation=1, ceil_mode=False)
    (3): Conv2d(16, 32, kernel_size=(2, 2), stride=(1, 1))
    (4): ReLU()
    (5): Conv2d(32, 64, kernel_size=(2, 2), stride=(1, 1))
    (6): ReLU()
  )
  (actor): Sequential(
    (0): Linear(in_features=64, out_features=64, bias=True)
    (1): Tanh()
    (2): Linear(in_features=64, out_features=7, bias=True)
  )
  (critic): Sequential(
    (0): Linear(in_features=64, out_features=64, bias=True)
    (1): Tanh()
    (2): Linear(in_features=64, out_features=1, bias=True)
  )
  (extr_critic): Sequential(
    (0): Linear(in_features=64, out_features=64, bias=True)
    (1): Tanh()
    (2): Linear(in_features=64, out_features=1, bias=True)
  )
)

Optimizer loaded

Status saved
Status saved
Status saved
Status saved
U 500 | F 064000 | FPS 0846 | D 55 | rR:μσmM 0.00 0.00 0.00 0.00 | F:μσmM 270.0 0.0 270.0 270.0 | H 1.827 | V -0.416 | pL -0.032 | vL 0.001 | ∇ 0.031
Status saved
Status saved
Status saved
Status saved
Status saved
U 1000 | F 128000 | FPS 1270 | D 113 | rR:μσmM 0.00 0.00 0.00 0.00 | F:μσmM 270.0 0.0 270.0 270.0 | H 1.790 | V -0.404 | pL -0.013 | vL 0.001 | ∇ 0.016
Status saved
Status saved
Status saved
Status saved
Status saved
U 1500 | F 192000 | FPS 1013 | D 172 | rR:μσmM 0.03 0.11 0.00 0.44 | F:μσmM 263.6 24.9 167.0 270.0 | H 1.722 | V -0.412 | pL -0.005 | vL 0.001 | ∇ 0.007
Status saved
Status saved
Status saved
Status saved
Status saved
U 2000 | F 256000 | FPS 1083 | D 231 | rR:μσmM 0.00 0.00 0.00 0.00 | F:μσmM 270.0 0.0 270.0 270.0 | H 1.784 | V -0.412 | pL -0.001 | vL 0.001 | ∇ 0.007
Status saved
Status saved
Status saved
Status saved
Status saved
U 2500 | F 320000 | FPS 0946 | D 291 | rR:μσmM 0.00 0.00 0.00 0.00 | F:μσmM 270.0 0.0 270.0 270.0 | H 1.713 | V -0.335 | pL -0.018 | vL 0.001 | ∇ 0.017
Status saved
Status saved
Status saved
Status saved
Status saved
U 3000 | F 384000 | FPS 1016 | D 353 | rR:μσmM 0.03 0.12 0.00 0.50 | F:μσmM 262.6 28.8 151.0 270.0 | H 1.809 | V -0.370 | pL -0.018 | vL 0.001 | ∇ 0.015
Status saved
Status saved
Status saved
Status saved
Status saved
U 3500 | F 448000 | FPS 1072 | D 413 | rR:μσmM 0.00 0.00 0.00 0.00 | F:μσmM 270.0 0.0 270.0 270.0 | H 1.740 | V -0.367 | pL -0.001 | vL 0.003 | ∇ 0.024
Status saved
Status saved
Status saved
Status saved
Status saved
U 4000 | F 512000 | FPS 1171 | D 476 | rR:μσmM 0.04 0.15 0.00 0.62 | F:μσmM 260.3 37.5 115.0 270.0 | H 1.775 | V -0.317 | pL -0.010 | vL 0.001 | ∇ 0.013
Status saved
Status saved
Status saved
Status saved
Status saved
U 4500 | F 576000 | FPS 1107 | D 537 | rR:μσmM 0.01 0.03 0.00 0.14 | F:μσmM 269.2 3.1 257.0 270.0 | H 1.772 | V -0.340 | pL -0.011 | vL 0.001 | ∇ 0.011
Status saved
Status saved
Status saved
Status saved
Status saved
U 5000 | F 640000 | FPS 1168 | D 598 | rR:μσmM 0.01 0.04 0.00 0.18 | F:μσmM 268.4 6.1 245.0 270.0 | H 1.768 | V -0.307 | pL -0.002 | vL 0.001 | ∇ 0.014
Status saved
Status saved
Status saved
Status saved
Status saved
U 5500 | F 704000 | FPS 1247 | D 659 | rR:μσmM 0.04 0.15 0.00 0.61 | F:μσmM 260.5 36.8 118.0 270.0 | H 1.742 | V -0.338 | pL -0.015 | vL 0.001 | ∇ 0.012
Status saved
Status saved
Status saved
Status saved
Status saved
U 6000 | F 768000 | FPS 0684 | D 727 | rR:μσmM 0.01 0.06 0.00 0.24 | F:μσmM 267.4 9.9 229.0 270.0 | H 1.746 | V -0.339 | pL -0.004 | vL 0.002 | ∇ 0.010
Status saved
Status saved
Status saved
Status saved
Status saved
U 6500 | F 832000 | FPS 0859 | D 799 | rR:μσmM 0.00 0.00 0.00 0.00 | F:μσmM 270.0 0.0 270.0 270.0 | H 1.790 | V -0.319 | pL -0.014 | vL 0.001 | ∇ 0.011
Status saved
Status saved
Status saved
Status saved
Status saved
U 7000 | F 896000 | FPS 0897 | D 873 | rR:μσmM 0.01 0.03 0.00 0.11 | F:μσmM 269.8 0.7 267.0 270.0 | H 1.795 | V -0.331 | pL -0.002 | vL 0.000 | ∇ 0.007
Status saved
Status saved
Status saved
Status saved
Status saved
U 7500 | F 960000 | FPS 0712 | D 947 | rR:μσmM 0.00 0.00 0.00 0.00 | F:μσmM 270.0 0.0 270.0 270.0 | H 1.788 | V -0.321 | pL 0.015 | vL 0.005 | ∇ 0.027
Status saved
Status saved
Status saved
Status saved
