Gym has been unmaintained since 2022 and does not support NumPy 2.0 amongst other critical functionality.
Please upgrade to Gymnasium, the maintained drop-in replacement of Gym, or contact the authors of your software and request that they upgrade.
Users of this version of Gym should be able to simply replace 'import gym' with 'import gymnasium as gym' in the vast majority of cases.
See the migration guide at https://gymnasium.farama.org/introduction/migration_guide/ for additional information.
/workspace/learn-si2e/SI2E/SI2E_A2C/rl-starter-files/rl-starter-files/scripts/train.py --algo a2c --env MiniGrid-RedBlueDoors-6x6-v0 --model rb6-se-s1 --frames 3000000 --use_batch --save-interval 100 --log-interval 500 --seed 1 --use_entropy_reward --beta 0.005

Namespace(algo='a2c', env='MiniGrid-RedBlueDoors-6x6-v0', model='rb6-se-s1', seed=1, log_interval=500, save_interval=100, procs=16, frames=3000000, epochs=4, batch_size=256, frames_per_proc=None, discount=0.99, lr=0.001, gae_lambda=0.95, entropy_coef=0.01, value_loss_coef=0.5, max_grad_norm=0.5, optim_eps=1e-08, optim_alpha=0.99, clip_eps=0.2, recurrence=1, text=False, use_entropy_reward=True, use_value_condition=False, beta=0.005, use_batch=True, mem=False)

Device: cuda:0

Environments loaded

Training status loaded

Observations preprocessor loaded
Model loaded

ACModel(
  (image_conv): Sequential(
    (0): Conv2d(3, 16, kernel_size=(2, 2), stride=(1, 1))
    (1): ReLU()
    (2): MaxPool2d(kernel_size=(2, 2), stride=(2, 2), padding=0, dilation=1, ceil_mode=False)
    (3): Conv2d(16, 32, kernel_size=(2, 2), stride=(1, 1))
    (4): ReLU()
    (5): Conv2d(32, 64, kernel_size=(2, 2), stride=(1, 1))
    (6): ReLU()
  )
  (actor): Sequential(
    (0): Linear(in_features=64, out_features=64, bias=True)
    (1): Tanh()
    (2): Linear(in_features=64, out_features=7, bias=True)
  )
  (critic): Sequential(
    (0): Linear(in_features=64, out_features=64, bias=True)
    (1): Tanh()
    (2): Linear(in_features=64, out_features=1, bias=True)
  )
  (extr_critic): Sequential(
    (0): Linear(in_features=64, out_features=64, bias=True)
    (1): Tanh()
    (2): Linear(in_features=64, out_features=1, bias=True)
  )
)

Optimizer loaded

Status saved
Status saved
Status saved
Status saved
U 500 | F 064000 | FPS 1034 | D 59 | rR:μσmM 0.00 0.00 0.00 0.00 | F:μσmM 493.6 247.7 73.0 720.0 | H 1.939 | V 0.080 | pL 0.004 | vL 0.000 | ∇ 0.003
Status saved
Status saved
Status saved
Status saved
Status saved
U 1000 | F 128000 | FPS 1044 | D 119 | rR:μσmM 0.01 0.05 0.00 0.23 | F:μσmM 406.9 282.5 7.0 720.0 | H 1.926 | V 0.103 | pL 0.001 | vL 0.000 | ∇ 0.002
Status saved
Status saved
Status saved
Status saved
Status saved
U 1500 | F 192000 | FPS 1083 | D 179 | rR:μσmM 0.05 0.18 0.00 0.74 | F:μσmM 278.2 195.1 46.0 720.0 | H 1.935 | V 0.117 | pL -0.002 | vL 0.000 | ∇ 0.002
Status saved
Status saved
Status saved
Status saved
Status saved
U 2000 | F 256000 | FPS 1196 | D 238 | rR:μσmM 0.04 0.15 0.00 0.60 | F:μσmM 378.3 247.9 22.0 720.0 | H 1.932 | V 0.123 | pL -0.003 | vL 0.000 | ∇ 0.002
Status saved
Status saved
Status saved
Status saved
Status saved
U 2500 | F 320000 | FPS 0997 | D 298 | rR:μσmM 0.03 0.10 0.00 0.40 | F:μσmM 552.1 232.8 56.0 720.0 | H 1.936 | V 0.108 | pL -0.001 | vL 0.000 | ∇ 0.001
Status saved
Status saved
Status saved
Status saved
Status saved
U 3000 | F 384000 | FPS 1140 | D 357 | rR:μσmM 0.01 0.03 0.00 0.14 | F:μσmM 531.4 234.0 78.0 720.0 | H 1.933 | V 0.091 | pL 0.003 | vL 0.000 | ∇ 0.002
Status saved
Status saved
Status saved
Status saved
Status saved
U 3500 | F 448000 | FPS 1182 | D 417 | rR:μσmM 0.04 0.12 0.00 0.39 | F:μσmM 435.7 281.9 6.0 720.0 | H 1.930 | V 0.097 | pL 0.003 | vL 0.000 | ∇ 0.002
Status saved
Status saved
Status saved
Status saved
Status saved
U 4000 | F 512000 | FPS 1070 | D 476 | rR:μσmM 0.00 0.00 0.00 0.00 | F:μσmM 464.2 270.4 6.0 720.0 | H 1.932 | V 0.076 | pL 0.001 | vL 0.000 | ∇ 0.001
Status saved
Status saved
Status saved
Status saved
Status saved
U 4500 | F 576000 | FPS 1133 | D 536 | rR:μσmM 0.00 0.00 0.00 0.00 | F:μσmM 593.4 222.7 51.0 720.0 | H 1.934 | V 0.085 | pL -0.004 | vL 0.000 | ∇ 0.006
Status saved
Status saved
Status saved
Status saved
Status saved
U 5000 | F 640000 | FPS 1186 | D 596 | rR:μσmM 0.00 0.00 0.00 0.00 | F:μσmM 649.5 178.3 62.0 720.0 | H 1.935 | V 0.101 | pL -0.008 | vL 0.000 | ∇ 0.005
Status saved
Status saved
Status saved
Status saved
Status saved
U 5500 | F 704000 | FPS 1157 | D 655 | rR:μσmM 0.03 0.08 0.00 0.26 | F:μσmM 592.7 207.5 1.0 720.0 | H 1.925 | V 0.122 | pL -0.001 | vL 0.000 | ∇ 0.001
Status saved
Status saved
Status saved
Status saved
Status saved
U 6000 | F 768000 | FPS 1173 | D 715 | rR:μσmM 0.07 0.21 0.00 0.83 | F:μσmM 580.9 225.3 107.0 720.0 | H 1.933 | V 0.102 | pL -0.003 | vL 0.000 | ∇ 0.003
Status saved
Status saved
Status saved
Status saved
Status saved
U 6500 | F 832000 | FPS 1042 | D 775 | rR:μσmM 0.00 0.00 0.00 0.00 | F:μσmM 662.4 162.4 101.0 720.0 | H 1.931 | V 0.101 | pL 0.000 | vL 0.000 | ∇ 0.001
Status saved
Status saved
Status saved
Status saved
Status saved
U 7000 | F 896000 | FPS 1247 | D 835 | rR:μσmM 0.00 0.00 0.00 0.00 | F:μσmM 653.8 152.5 156.0 720.0 | H 1.932 | V 0.094 | pL -0.002 | vL 0.000 | ∇ 0.001
Status saved
Status saved
Status saved
Status saved
Status saved
U 7500 | F 960000 | FPS 1063 | D 895 | rR:μσmM 0.06 0.16 0.00 0.66 | F:μσmM 480.2 274.8 13.0 720.0 | H 1.932 | V 0.106 | pL 0.000 | vL 0.000 | ∇ 0.001
Status saved
Status saved
Status saved
Status saved
Status saved
U 8000 | F 1024000 | FPS 1025 | D 956 | rR:μσmM 0.00 0.00 0.00 0.00 | F:μσmM 676.6 153.2 86.0 720.0 | H 1.928 | V 0.105 | pL -0.001 | vL 0.000 | ∇ 0.001
Status saved
Status saved
Status saved
Status saved
Status saved
U 8500 | F 1088000 | FPS 1030 | D 1016 | rR:μσmM 0.00 0.00 0.00 0.00 | F:μσmM 670.1 149.8 121.0 720.0 | H 1.933 | V 0.112 | pL 0.001 | vL 0.000 | ∇ 0.002
Status saved
Status saved
Status saved
Status saved
Status saved
U 9000 | F 1152000 | FPS 1136 | D 1075 | rR:μσmM 0.00 0.00 0.00 0.00 | F:μσmM 720.0 0.0 720.0 720.0 | H 1.928 | V 0.107 | pL 0.005 | vL 0.000 | ∇ 0.003
Status saved
Status saved
Status saved
Status saved
Status saved
U 9500 | F 1216000 | FPS 1035 | D 1135 | rR:μσmM 0.00 0.00 0.00 0.00 | F:μσmM 510.4 283.8 24.0 720.0 | H 1.933 | V 0.101 | pL 0.001 | vL 0.000 | ∇ 0.001
Status saved
Status saved
Status saved
Status saved
Status saved
U 10000 | F 1280000 | FPS 1280 | D 1195 | rR:μσmM 0.06 0.21 0.00 0.88 | F:μσmM 564.1 212.7 93.0 720.0 | H 1.932 | V 0.110 | pL 0.000 | vL 0.000 | ∇ 0.001
Status saved
Status saved
Status saved
Status saved
Status saved
U 10500 | F 1344000 | FPS 1094 | D 1254 | rR:μσmM 0.00 0.00 0.00 0.00 | F:μσmM 692.8 105.5 284.0 720.0 | H 1.928 | V 0.110 | pL 0.001 | vL 0.000 | ∇ 0.001
Status saved
Status saved
Status saved
Status saved
Status saved
U 11000 | F 1408000 | FPS 1245 | D 1314 | rR:μσmM 0.07 0.21 0.00 0.85 | F:μσmM 502.8 276.0 1.0 720.0 | H 1.929 | V 0.115 | pL -0.001 | vL 0.000 | ∇ 0.001
Status saved
Status saved
Status saved
Status saved
Status saved
U 11500 | F 1472000 | FPS 1206 | D 1374 | rR:μσmM 0.00 0.00 0.00 0.00 | F:μσmM 720.0 0.0 720.0 720.0 | H 1.928 | V 0.098 | pL 0.001 | vL 0.000 | ∇ 0.001
Status saved
Status saved
Status saved
Status saved
Status saved
U 12000 | F 1536000 | FPS 1150 | D 1433 | rR:μσmM 0.00 0.00 0.00 0.00 | F:μσmM 720.0 0.0 720.0 720.0 | H 1.930 | V 0.119 | pL 0.002 | vL 0.000 | ∇ 0.002
Status saved
Status saved
Status saved
Status saved
Status saved
U 12500 | F 1600000 | FPS 1017 | D 1493 | rR:μσmM 0.00 0.00 0.00 0.00 | F:μσmM 720.0 0.0 720.0 720.0 | H 1.928 | V 0.105 | pL 0.003 | vL 0.000 | ∇ 0.002
Status saved
Status saved
Status saved
Status saved
Status saved
U 13000 | F 1664000 | FPS 1217 | D 1553 | rR:μσmM 0.00 0.00 0.00 0.00 | F:μσmM 720.0 0.0 720.0 720.0 | H 1.930 | V 0.092 | pL 0.003 | vL 0.000 | ∇ 0.002
Status saved
Status saved
Status saved
Status saved
Status saved
U 13500 | F 1728000 | FPS 1170 | D 1612 | rR:μσmM 0.00 0.00 0.00 0.00 | F:μσmM 720.0 0.0 720.0 720.0 | H 1.929 | V 0.114 | pL -0.000 | vL 0.000 | ∇ 0.001
Status saved
Status saved
Status saved
Status saved
Status saved
U 14000 | F 1792000 | FPS 1083 | D 1673 | rR:μσmM 0.00 0.00 0.00 0.00 | F:μσmM 720.0 0.0 720.0 720.0 | H 1.924 | V 0.100 | pL -0.001 | vL 0.000 | ∇ 0.001
Status saved
Status saved
Status saved
Status saved
Status saved
U 14500 | F 1856000 | FPS 0960 | D 1733 | rR:μσmM 0.00 0.00 0.00 0.00 | F:μσmM 676.2 169.7 19.0 720.0 | H 1.929 | V 0.111 | pL -0.002 | vL 0.000 | ∇ 0.001
Status saved
Status saved
Status saved
Status saved
Status saved
U 15000 | F 1920000 | FPS 1014 | D 1792 | rR:μσmM 0.00 0.00 0.00 0.00 | F:μσmM 720.0 0.0 720.0 720.0 | H 1.921 | V 0.105 | pL -0.001 | vL 0.000 | ∇ 0.003
Status saved
Status saved
Status saved
Status saved
Status saved
U 15500 | F 1984000 | FPS 1216 | D 1852 | rR:μσmM 0.00 0.00 0.00 0.00 | F:μσmM 676.9 166.8 31.0 720.0 | H 1.927 | V 0.109 | pL -0.001 | vL 0.000 | ∇ 0.001
Status saved
Status saved
Status saved
Status saved
Status saved
U 16000 | F 2048000 | FPS 1121 | D 1912 | rR:μσmM 0.00 0.00 0.00 0.00 | F:μσmM 720.0 0.0 720.0 720.0 | H 1.931 | V 0.101 | pL -0.000 | vL 0.000 | ∇ 0.001
Status saved
Status saved
Status saved
Status saved
Status saved
U 16500 | F 2112000 | FPS 1024 | D 1971 | rR:μσmM 0.00 0.00 0.00 0.00 | F:μσmM 720.0 0.0 720.0 720.0 | H 1.933 | V 0.117 | pL -0.000 | vL 0.000 | ∇ 0.001
Status saved
Status saved
Status saved
Status saved
Status saved
U 17000 | F 2176000 | FPS 0975 | D 2030 | rR:μσmM 0.12 0.25 0.00 0.77 | F:μσmM 385.0 279.7 4.0 720.0 | H 1.935 | V 0.110 | pL 0.000 | vL 0.000 | ∇ 0.001
Status saved
Status saved
Status saved
Status saved
Status saved
U 17500 | F 2240000 | FPS 1102 | D 2090 | rR:μσmM 0.00 0.00 0.00 0.00 | F:μσmM 475.1 297.1 5.0 720.0 | H 1.930 | V 0.103 | pL -0.009 | vL 0.000 | ∇ 0.005
Status saved
Status saved
Status saved
Status saved
Status saved
U 18000 | F 2304000 | FPS 1281 | D 2150 | rR:μσmM 0.03 0.13 0.00 0.53 | F:μσmM 560.1 216.1 22.0 720.0 | H 1.933 | V 0.107 | pL 0.001 | vL 0.000 | ∇ 0.002
Status saved
Status saved
Status saved
Status saved
Status saved
U 18500 | F 2368000 | FPS 1236 | D 2210 | rR:μσmM 0.10 0.22 0.00 0.75 | F:μσmM 414.8 195.8 118.0 720.0 | H 1.934 | V 0.118 | pL -0.000 | vL 0.000 | ∇ 0.001
Status saved
Status saved
Status saved
Status saved
Status saved
U 19000 | F 2432000 | FPS 1220 | D 2270 | rR:μσmM 0.08 0.23 0.00 0.86 | F:μσmM 350.1 253.2 4.0 720.0 | H 1.931 | V 0.108 | pL 0.003 | vL 0.000 | ∇ 0.002
Status saved
Status saved
Status saved
Status saved
Status saved
U 19500 | F 2496000 | FPS 0940 | D 2330 | rR:μσmM 0.06 0.17 0.00 0.61 | F:μσmM 474.6 243.9 51.0 720.0 | H 1.935 | V 0.112 | pL -0.001 | vL 0.000 | ∇ 0.001
Status saved
Status saved
Status saved
Status saved
Status saved
U 20000 | F 2560000 | FPS 0784 | D 2390 | rR:μσmM 0.23 0.30 0.00 0.80 | F:μσmM 311.4 235.6 54.0 720.0 | H 1.931 | V 0.130 | pL 0.001 | vL 0.000 | ∇ 0.002
Status saved
Status saved
Status saved
Status saved
Status saved
U 20500 | F 2624000 | FPS 1118 | D 2450 | rR:μσmM 0.27 0.33 0.00 0.80 | F:μσmM 267.6 234.4 11.0 720.0 | H 1.917 | V 0.157 | pL 0.003 | vL 0.005 | ∇ 0.030
Status saved
Status saved
Status saved
Status saved
Status saved
U 21000 | F 2688000 | FPS 1053 | D 2509 | rR:μσmM 0.12 0.24 0.00 0.76 | F:μσmM 239.1 249.3 6.0 720.0 | H 1.930 | V 0.129 | pL -0.002 | vL 0.000 | ∇ 0.002
Status saved
Status saved
Status saved
Status saved
Status saved
U 21500 | F 2752000 | FPS 0945 | D 2569 | rR:μσmM 0.08 0.23 0.00 0.83 | F:μσmM 363.0 292.8 11.0 720.0 | H 1.933 | V 0.111 | pL 0.001 | vL 0.000 | ∇ 0.001
Status saved
Status saved
Status saved
Status saved
Status saved
U 22000 | F 2816000 | FPS 1180 | D 2629 | rR:μσmM 0.04 0.12 0.00 0.47 | F:μσmM 351.6 260.2 10.0 720.0 | H 1.932 | V 0.112 | pL 0.001 | vL 0.000 | ∇ 0.002
Status saved
Status saved
Status saved
Status saved
Status saved
U 22500 | F 2880000 | FPS 1078 | D 2689 | rR:μσmM 0.03 0.11 0.00 0.44 | F:μσmM 262.2 213.2 6.0 720.0 | H 1.936 | V 0.104 | pL 0.000 | vL 0.000 | ∇ 0.001
Status saved
Status saved
Status saved
Status saved
Status saved
U 23000 | F 2944000 | FPS 1042 | D 2749 | rR:μσmM 0.10 0.17 0.00 0.44 | F:μσmM 351.9 205.7 86.0 720.0 | H 1.933 | V 0.116 | pL -0.018 | vL 0.001 | ∇ 0.011
Status saved
Status saved
Status saved
Status saved
Status saved
