/workspace/learn-si2e/SI2E/SI2E_DrQv2/train.py:210: UserWarning: 
The version_base parameter is not specified.
Please specify a compatability version level, or None.
Will assume defaults for version 1.1
  @hydra.main(config_path='cfgs', config_name='config')
/usr/local/lib/python3.10/dist-packages/hydra/_internal/hydra.py:119: UserWarning: Future Hydra versions will no longer change working directory at job runtime by default.
See https://hydra.cc/docs/1.2/upgrades/1.1_to_1.2/changes_to_job_working_dir/ for more information.
  ret = run_job(
/workspace/learn-si2e/SI2E/SI2E_DrQv2/train.py:210: UserWarning: 
The version_base parameter is not specified.
Please specify a compatability version level, or None.
Will assume defaults for version 1.1
  @hydra.main(config_path='cfgs', config_name='config')
workspace: /workspace/learn-si2e/results/drqv2-full/pendulum_swingup_se_seed1
| eval           | F: 0 | S: 0 | E: 0 | L: 1000 | R: 0.0000 | T: 0:00:00
| train          | F: 5000 | S: 2500 | E: 5 | L: 1000 | R: 0.0000 | BS: 2500 | FPS: 31.5064 | T: 0:00:31
| train          | F: 6000 | S: 3000 | E: 6 | L: 1000 | R: 0.0000 | BS: 3000 | FPS: 115.5962 | T: 0:00:40
| train          | F: 7000 | S: 3500 | E: 7 | L: 1000 | R: 0.0000 | BS: 3500 | FPS: 113.3431 | T: 0:00:49
| train          | F: 8000 | S: 4000 | E: 8 | L: 1000 | R: 0.0000 | BS: 4000 | FPS: 113.3084 | T: 0:00:58
| train          | F: 9000 | S: 4500 | E: 9 | L: 1000 | R: 0.0000 | BS: 4500 | FPS: 114.8742 | T: 0:01:06
| train          | F: 10000 | S: 5000 | E: 10 | L: 1000 | R: 58.0000 | BS: 5000 | FPS: 114.3714 | T: 0:01:15
| eval           | F: 10000 | S: 5000 | E: 10 | L: 1000 | R: 4.9000 | T: 0:01:15
| train          | F: 11000 | S: 5500 | E: 11 | L: 1000 | R: 0.0000 | BS: 5500 | FPS: 36.7795 | T: 0:01:42
| train          | F: 12000 | S: 6000 | E: 12 | L: 1000 | R: 0.0000 | BS: 6000 | FPS: 112.2817 | T: 0:01:51
| train          | F: 13000 | S: 6500 | E: 13 | L: 1000 | R: 0.0000 | BS: 6500 | FPS: 106.0919 | T: 0:02:01
| train          | F: 14000 | S: 7000 | E: 14 | L: 1000 | R: 0.0000 | BS: 7000 | FPS: 109.4822 | T: 0:02:10
| train          | F: 15000 | S: 7500 | E: 15 | L: 1000 | R: 0.0000 | BS: 7500 | FPS: 105.4313 | T: 0:02:19
| train          | F: 16000 | S: 8000 | E: 16 | L: 1000 | R: 0.0000 | BS: 8000 | FPS: 114.9081 | T: 0:02:28
| train          | F: 17000 | S: 8500 | E: 17 | L: 1000 | R: 0.0000 | BS: 8500 | FPS: 114.8543 | T: 0:02:37
| train          | F: 18000 | S: 9000 | E: 18 | L: 1000 | R: 58.0000 | BS: 9000 | FPS: 108.1147 | T: 0:02:46
| train          | F: 19000 | S: 9500 | E: 19 | L: 1000 | R: 0.0000 | BS: 9500 | FPS: 102.5947 | T: 0:02:56
| train          | F: 20000 | S: 10000 | E: 20 | L: 1000 | R: 0.0000 | BS: 10000 | FPS: 107.6709 | T: 0:03:05
| eval           | F: 20000 | S: 10000 | E: 20 | L: 1000 | R: 0.0000 | T: 0:03:05
| train          | F: 21000 | S: 10500 | E: 21 | L: 1000 | R: 0.0000 | BS: 10500 | FPS: 40.6829 | T: 0:03:29
| train          | F: 22000 | S: 11000 | E: 22 | L: 1000 | R: 0.0000 | BS: 11000 | FPS: 108.2862 | T: 0:03:39
| train          | F: 23000 | S: 11500 | E: 23 | L: 1000 | R: 0.0000 | BS: 11500 | FPS: 100.1574 | T: 0:03:49
| train          | F: 24000 | S: 12000 | E: 24 | L: 1000 | R: 0.0000 | BS: 12000 | FPS: 88.0475 | T: 0:04:00
| train          | F: 25000 | S: 12500 | E: 25 | L: 1000 | R: 0.0000 | BS: 12500 | FPS: 89.0387 | T: 0:04:11
| train          | F: 26000 | S: 13000 | E: 26 | L: 1000 | R: 0.0000 | BS: 13000 | FPS: 85.8106 | T: 0:04:23
| train          | F: 27000 | S: 13500 | E: 27 | L: 1000 | R: 0.0000 | BS: 13500 | FPS: 65.9680 | T: 0:04:38
| train          | F: 28000 | S: 14000 | E: 28 | L: 1000 | R: 0.0000 | BS: 14000 | FPS: 63.0476 | T: 0:04:54
| train          | F: 29000 | S: 14500 | E: 29 | L: 1000 | R: 0.0000 | BS: 14500 | FPS: 63.0115 | T: 0:05:10
| train          | F: 30000 | S: 15000 | E: 30 | L: 1000 | R: 0.0000 | BS: 15000 | FPS: 61.4218 | T: 0:05:26
| eval           | F: 30000 | S: 15000 | E: 30 | L: 1000 | R: 5.7000 | T: 0:05:26
| train          | F: 31000 | S: 15500 | E: 31 | L: 1000 | R: 0.0000 | BS: 15500 | FPS: 26.7795 | T: 0:06:03
| train          | F: 32000 | S: 16000 | E: 32 | L: 1000 | R: 0.0000 | BS: 16000 | FPS: 63.5964 | T: 0:06:19
| train          | F: 33000 | S: 16500 | E: 33 | L: 1000 | R: 0.0000 | BS: 16500 | FPS: 62.6735 | T: 0:06:35
| train          | F: 34000 | S: 17000 | E: 34 | L: 1000 | R: 57.0000 | BS: 17000 | FPS: 61.2623 | T: 0:06:51
| train          | F: 35000 | S: 17500 | E: 35 | L: 1000 | R: 0.0000 | BS: 17500 | FPS: 62.1428 | T: 0:07:07
| train          | F: 36000 | S: 18000 | E: 36 | L: 1000 | R: 0.0000 | BS: 18000 | FPS: 62.5966 | T: 0:07:23
| train          | F: 37000 | S: 18500 | E: 37 | L: 1000 | R: 0.0000 | BS: 18500 | FPS: 62.6970 | T: 0:07:39
| train          | F: 38000 | S: 19000 | E: 38 | L: 1000 | R: 0.0000 | BS: 19000 | FPS: 89.6106 | T: 0:07:51
| train          | F: 39000 | S: 19500 | E: 39 | L: 1000 | R: 0.0000 | BS: 19500 | FPS: 91.3200 | T: 0:08:02
| train          | F: 40000 | S: 20000 | E: 40 | L: 1000 | R: 0.0000 | BS: 20000 | FPS: 64.6920 | T: 0:08:17
| eval           | F: 40000 | S: 20000 | E: 40 | L: 1000 | R: 0.0000 | T: 0:08:17
| train          | F: 41000 | S: 20500 | E: 41 | L: 1000 | R: 0.0000 | BS: 20500 | FPS: 24.6919 | T: 0:08:57
| train          | F: 42000 | S: 21000 | E: 42 | L: 1000 | R: 0.0000 | BS: 21000 | FPS: 61.7429 | T: 0:09:14
| train          | F: 43000 | S: 21500 | E: 43 | L: 1000 | R: 0.0000 | BS: 21500 | FPS: 61.7072 | T: 0:09:30
| train          | F: 44000 | S: 22000 | E: 44 | L: 1000 | R: 0.0000 | BS: 22000 | FPS: 64.5898 | T: 0:09:45
| train          | F: 45000 | S: 22500 | E: 45 | L: 1000 | R: 0.0000 | BS: 22500 | FPS: 91.4431 | T: 0:09:56
| train          | F: 46000 | S: 23000 | E: 46 | L: 1000 | R: 0.0000 | BS: 23000 | FPS: 89.9270 | T: 0:10:07
| train          | F: 47000 | S: 23500 | E: 47 | L: 1000 | R: 0.0000 | BS: 23500 | FPS: 60.9699 | T: 0:10:24
| train          | F: 48000 | S: 24000 | E: 48 | L: 1000 | R: 0.0000 | BS: 24000 | FPS: 61.5233 | T: 0:10:40
| train          | F: 49000 | S: 24500 | E: 49 | L: 1000 | R: 0.0000 | BS: 24500 | FPS: 59.8167 | T: 0:10:57
| train          | F: 50000 | S: 25000 | E: 50 | L: 1000 | R: 0.0000 | BS: 25000 | FPS: 61.1219 | T: 0:11:13
| eval           | F: 50000 | S: 25000 | E: 50 | L: 1000 | R: 18.5000 | T: 0:11:13
| train          | F: 51000 | S: 25500 | E: 51 | L: 1000 | R: 0.0000 | BS: 25500 | FPS: 25.8304 | T: 0:11:52
| train          | F: 52000 | S: 26000 | E: 52 | L: 1000 | R: 0.0000 | BS: 26000 | FPS: 81.4959 | T: 0:12:04
| train          | F: 53000 | S: 26500 | E: 53 | L: 1000 | R: 0.0000 | BS: 26500 | FPS: 78.6947 | T: 0:12:17
| train          | F: 54000 | S: 27000 | E: 54 | L: 1000 | R: 0.0000 | BS: 27000 | FPS: 61.2920 | T: 0:12:33
| train          | F: 55000 | S: 27500 | E: 55 | L: 1000 | R: 71.0000 | BS: 27500 | FPS: 61.2858 | T: 0:12:49
| train          | F: 56000 | S: 28000 | E: 56 | L: 1000 | R: 0.0000 | BS: 28000 | FPS: 60.4417 | T: 0:13:06
| train          | F: 57000 | S: 28500 | E: 57 | L: 1000 | R: 57.0000 | BS: 28500 | FPS: 59.6401 | T: 0:13:23
| train          | F: 58000 | S: 29000 | E: 58 | L: 1000 | R: 0.0000 | BS: 29000 | FPS: 60.5235 | T: 0:13:39
| train          | F: 59000 | S: 29500 | E: 59 | L: 1000 | R: 55.0000 | BS: 29500 | FPS: 58.6893 | T: 0:13:56
| train          | F: 60000 | S: 30000 | E: 60 | L: 1000 | R: 0.0000 | BS: 30000 | FPS: 73.8238 | T: 0:14:10
| eval           | F: 60000 | S: 30000 | E: 60 | L: 1000 | R: 17.4000 | T: 0:14:10
| train          | F: 61000 | S: 30500 | E: 61 | L: 1000 | R: 0.0000 | BS: 30500 | FPS: 25.3976 | T: 0:14:49
| train          | F: 62000 | S: 31000 | E: 62 | L: 1000 | R: 0.0000 | BS: 31000 | FPS: 59.6654 | T: 0:15:06
| train          | F: 63000 | S: 31500 | E: 63 | L: 1000 | R: 0.0000 | BS: 31500 | FPS: 61.5380 | T: 0:15:22
| train          | F: 64000 | S: 32000 | E: 64 | L: 1000 | R: 0.0000 | BS: 32000 | FPS: 60.6056 | T: 0:15:39
| train          | F: 65000 | S: 32500 | E: 65 | L: 1000 | R: 0.0000 | BS: 32500 | FPS: 59.4822 | T: 0:15:56
| train          | F: 66000 | S: 33000 | E: 66 | L: 1000 | R: 56.0000 | BS: 33000 | FPS: 60.6056 | T: 0:16:12
| train          | F: 67000 | S: 33500 | E: 67 | L: 1000 | R: 0.0000 | BS: 33500 | FPS: 84.1117 | T: 0:16:24
| train          | F: 68000 | S: 34000 | E: 68 | L: 1000 | R: 63.0000 | BS: 34000 | FPS: 87.3351 | T: 0:16:35
| train          | F: 69000 | S: 34500 | E: 69 | L: 1000 | R: 0.0000 | BS: 34500 | FPS: 59.8645 | T: 0:16:52
| train          | F: 70000 | S: 35000 | E: 70 | L: 1000 | R: 59.0000 | BS: 35000 | FPS: 60.1420 | T: 0:17:09
| eval           | F: 70000 | S: 35000 | E: 70 | L: 1000 | R: 0.0000 | T: 0:17:09
| train          | F: 71000 | S: 35500 | E: 71 | L: 1000 | R: 0.0000 | BS: 35500 | FPS: 24.7711 | T: 0:17:49
| train          | F: 72000 | S: 36000 | E: 72 | L: 1000 | R: 0.0000 | BS: 36000 | FPS: 58.2470 | T: 0:18:06
| train          | F: 73000 | S: 36500 | E: 73 | L: 1000 | R: 0.0000 | BS: 36500 | FPS: 66.9766 | T: 0:18:21
| train          | F: 74000 | S: 37000 | E: 74 | L: 1000 | R: 0.0000 | BS: 37000 | FPS: 80.5914 | T: 0:18:34
| train          | F: 75000 | S: 37500 | E: 75 | L: 1000 | R: 0.0000 | BS: 37500 | FPS: 78.5870 | T: 0:18:46
| train          | F: 76000 | S: 38000 | E: 76 | L: 1000 | R: 0.0000 | BS: 38000 | FPS: 60.4345 | T: 0:19:03
| train          | F: 77000 | S: 38500 | E: 77 | L: 1000 | R: 0.0000 | BS: 38500 | FPS: 60.0050 | T: 0:19:20
| train          | F: 78000 | S: 39000 | E: 78 | L: 1000 | R: 0.0000 | BS: 39000 | FPS: 59.3386 | T: 0:19:36
| train          | F: 79000 | S: 39500 | E: 79 | L: 1000 | R: 0.0000 | BS: 39500 | FPS: 58.2644 | T: 0:19:54
| train          | F: 80000 | S: 40000 | E: 80 | L: 1000 | R: 0.0000 | BS: 40000 | FPS: 59.9085 | T: 0:20:10
| eval           | F: 80000 | S: 40000 | E: 80 | L: 1000 | R: 11.3000 | T: 0:20:10
| train          | F: 81000 | S: 40500 | E: 81 | L: 1000 | R: 0.0000 | BS: 40500 | FPS: 30.0580 | T: 0:20:44
| train          | F: 82000 | S: 41000 | E: 82 | L: 1000 | R: 61.0000 | BS: 41000 | FPS: 69.1646 | T: 0:20:58
| train          | F: 83000 | S: 41500 | E: 83 | L: 1000 | R: 0.0000 | BS: 41500 | FPS: 59.9803 | T: 0:21:15
| train          | F: 84000 | S: 42000 | E: 84 | L: 1000 | R: 0.0000 | BS: 42000 | FPS: 58.4398 | T: 0:21:32
| train          | F: 85000 | S: 42500 | E: 85 | L: 1000 | R: 0.0000 | BS: 42500 | FPS: 58.3249 | T: 0:21:49
| train          | F: 86000 | S: 43000 | E: 86 | L: 1000 | R: 0.0000 | BS: 43000 | FPS: 58.3077 | T: 0:22:06
| train          | F: 87000 | S: 43500 | E: 87 | L: 1000 | R: 0.0000 | BS: 43500 | FPS: 57.1879 | T: 0:22:24
| train          | F: 88000 | S: 44000 | E: 88 | L: 1000 | R: 0.0000 | BS: 44000 | FPS: 63.6739 | T: 0:22:39
| train          | F: 89000 | S: 44500 | E: 89 | L: 1000 | R: 0.0000 | BS: 44500 | FPS: 85.9872 | T: 0:22:51
| train          | F: 90000 | S: 45000 | E: 90 | L: 1000 | R: 61.0000 | BS: 45000 | FPS: 80.2596 | T: 0:23:03
| eval           | F: 90000 | S: 45000 | E: 90 | L: 1000 | R: 16.9000 | T: 0:23:03
| train          | F: 91000 | S: 45500 | E: 91 | L: 1000 | R: 0.0000 | BS: 45500 | FPS: 23.2372 | T: 0:23:46
| train          | F: 92000 | S: 46000 | E: 92 | L: 1000 | R: 0.0000 | BS: 46000 | FPS: 58.6287 | T: 0:24:03
| train          | F: 93000 | S: 46500 | E: 93 | L: 1000 | R: 0.0000 | BS: 46500 | FPS: 57.4529 | T: 0:24:21
| train          | F: 94000 | S: 47000 | E: 94 | L: 1000 | R: 58.0000 | BS: 47000 | FPS: 58.1940 | T: 0:24:38
| train          | F: 95000 | S: 47500 | E: 95 | L: 1000 | R: 0.0000 | BS: 47500 | FPS: 77.1048 | T: 0:24:51
| train          | F: 96000 | S: 48000 | E: 96 | L: 1000 | R: 0.0000 | BS: 48000 | FPS: 75.7580 | T: 0:25:04
| train          | F: 97000 | S: 48500 | E: 97 | L: 1000 | R: 0.0000 | BS: 48500 | FPS: 63.6151 | T: 0:25:20
| train          | F: 98000 | S: 49000 | E: 98 | L: 1000 | R: 57.0000 | BS: 49000 | FPS: 56.5848 | T: 0:25:38
| train          | F: 99000 | S: 49500 | E: 99 | L: 1000 | R: 0.0000 | BS: 49500 | FPS: 57.4051 | T: 0:25:55
| train          | F: 100000 | S: 50000 | E: 100 | L: 1000 | R: 60.0000 | BS: 50000 | FPS: 55.7411 | T: 0:26:13
| eval           | F: 100000 | S: 50000 | E: 100 | L: 1000 | R: 11.3000 | T: 0:26:13
| train          | F: 101000 | S: 50500 | E: 101 | L: 1000 | R: 0.0000 | BS: 50500 | FPS: 24.0056 | T: 0:26:55
| train          | F: 102000 | S: 51000 | E: 102 | L: 1000 | R: 57.0000 | BS: 51000 | FPS: 83.2056 | T: 0:27:07
| train          | F: 103000 | S: 51500 | E: 103 | L: 1000 | R: 0.0000 | BS: 51500 | FPS: 75.7516 | T: 0:27:20
| train          | F: 104000 | S: 52000 | E: 104 | L: 1000 | R: 0.0000 | BS: 52000 | FPS: 56.9739 | T: 0:27:37
| train          | F: 105000 | S: 52500 | E: 105 | L: 1000 | R: 0.0000 | BS: 52500 | FPS: 56.9175 | T: 0:27:55
| train          | F: 106000 | S: 53000 | E: 106 | L: 1000 | R: 59.0000 | BS: 53000 | FPS: 58.8706 | T: 0:28:12
| train          | F: 107000 | S: 53500 | E: 107 | L: 1000 | R: 0.0000 | BS: 53500 | FPS: 57.2043 | T: 0:28:29
| train          | F: 108000 | S: 54000 | E: 108 | L: 1000 | R: 0.0000 | BS: 54000 | FPS: 57.4948 | T: 0:28:47
| train          | F: 109000 | S: 54500 | E: 109 | L: 1000 | R: 0.0000 | BS: 54500 | FPS: 58.6627 | T: 0:29:04
| train          | F: 110000 | S: 55000 | E: 110 | L: 1000 | R: 0.0000 | BS: 55000 | FPS: 81.8224 | T: 0:29:16
| eval           | F: 110000 | S: 55000 | E: 110 | L: 1000 | R: 0.0000 | T: 0:29:16
| train          | F: 111000 | S: 55500 | E: 111 | L: 1000 | R: 0.0000 | BS: 55500 | FPS: 25.7778 | T: 0:29:55
| train          | F: 112000 | S: 56000 | E: 112 | L: 1000 | R: 0.0000 | BS: 56000 | FPS: 57.9052 | T: 0:30:12
| train          | F: 113000 | S: 56500 | E: 113 | L: 1000 | R: 0.0000 | BS: 56500 | FPS: 58.3555 | T: 0:30:29
| train          | F: 114000 | S: 57000 | E: 114 | L: 1000 | R: 0.0000 | BS: 57000 | FPS: 56.8493 | T: 0:30:47
| train          | F: 115000 | S: 57500 | E: 115 | L: 1000 | R: 0.0000 | BS: 57500 | FPS: 58.3211 | T: 0:31:04
| train          | F: 116000 | S: 58000 | E: 116 | L: 1000 | R: 0.0000 | BS: 58000 | FPS: 75.0138 | T: 0:31:17
| train          | F: 117000 | S: 58500 | E: 117 | L: 1000 | R: 0.0000 | BS: 58500 | FPS: 86.8437 | T: 0:31:29
| train          | F: 118000 | S: 59000 | E: 118 | L: 1000 | R: 0.0000 | BS: 59000 | FPS: 63.5817 | T: 0:31:45
| train          | F: 119000 | S: 59500 | E: 119 | L: 1000 | R: 0.0000 | BS: 59500 | FPS: 56.5348 | T: 0:32:02
| train          | F: 120000 | S: 60000 | E: 120 | L: 1000 | R: 0.0000 | BS: 60000 | FPS: 57.2806 | T: 0:32:20
| eval           | F: 120000 | S: 60000 | E: 120 | L: 1000 | R: 11.3000 | T: 0:32:20
| train          | F: 121000 | S: 60500 | E: 121 | L: 1000 | R: 0.0000 | BS: 60500 | FPS: 22.8724 | T: 0:33:03
| train          | F: 122000 | S: 61000 | E: 122 | L: 1000 | R: 0.0000 | BS: 61000 | FPS: 61.0441 | T: 0:33:20
| train          | F: 123000 | S: 61500 | E: 123 | L: 1000 | R: 0.0000 | BS: 61500 | FPS: 83.2102 | T: 0:33:32
| train          | F: 124000 | S: 62000 | E: 124 | L: 1000 | R: 0.0000 | BS: 62000 | FPS: 79.2979 | T: 0:33:44
| train          | F: 125000 | S: 62500 | E: 125 | L: 1000 | R: 0.0000 | BS: 62500 | FPS: 57.9294 | T: 0:34:02
| train          | F: 126000 | S: 63000 | E: 126 | L: 1000 | R: 57.0000 | BS: 63000 | FPS: 58.2392 | T: 0:34:19
| train          | F: 127000 | S: 63500 | E: 127 | L: 1000 | R: 58.0000 | BS: 63500 | FPS: 57.2565 | T: 0:34:36
| train          | F: 128000 | S: 64000 | E: 128 | L: 1000 | R: 0.0000 | BS: 64000 | FPS: 56.5956 | T: 0:34:54
| train          | F: 129000 | S: 64500 | E: 129 | L: 1000 | R: 0.0000 | BS: 64500 | FPS: 57.2697 | T: 0:35:11
| train          | F: 130000 | S: 65000 | E: 130 | L: 1000 | R: 0.0000 | BS: 65000 | FPS: 58.8140 | T: 0:35:29
| eval           | F: 130000 | S: 65000 | E: 130 | L: 1000 | R: 10.8000 | T: 0:35:29
| train          | F: 131000 | S: 65500 | E: 131 | L: 1000 | R: 60.0000 | BS: 65500 | FPS: 26.2007 | T: 0:36:07
| train          | F: 132000 | S: 66000 | E: 132 | L: 1000 | R: 0.0000 | BS: 66000 | FPS: 60.0695 | T: 0:36:23
| train          | F: 133000 | S: 66500 | E: 133 | L: 1000 | R: 60.0000 | BS: 66500 | FPS: 57.7441 | T: 0:36:41
| train          | F: 134000 | S: 67000 | E: 134 | L: 1000 | R: 0.0000 | BS: 67000 | FPS: 58.2041 | T: 0:36:58
| train          | F: 135000 | S: 67500 | E: 135 | L: 1000 | R: 0.0000 | BS: 67500 | FPS: 57.6334 | T: 0:37:15
| train          | F: 136000 | S: 68000 | E: 136 | L: 1000 | R: 0.0000 | BS: 68000 | FPS: 57.4938 | T: 0:37:33
| train          | F: 137000 | S: 68500 | E: 137 | L: 1000 | R: 0.0000 | BS: 68500 | FPS: 80.3612 | T: 0:37:45
| train          | F: 138000 | S: 69000 | E: 138 | L: 1000 | R: 0.0000 | BS: 69000 | FPS: 85.0399 | T: 0:37:57
| train          | F: 139000 | S: 69500 | E: 139 | L: 1000 | R: 0.0000 | BS: 69500 | FPS: 63.5618 | T: 0:38:12
| train          | F: 140000 | S: 70000 | E: 140 | L: 1000 | R: 0.0000 | BS: 70000 | FPS: 55.6573 | T: 0:38:30
| eval           | F: 140000 | S: 70000 | E: 140 | L: 1000 | R: 10.3000 | T: 0:38:30
| train          | F: 141000 | S: 70500 | E: 141 | L: 1000 | R: 57.0000 | BS: 70500 | FPS: 22.9280 | T: 0:39:14
| train          | F: 142000 | S: 71000 | E: 142 | L: 1000 | R: 0.0000 | BS: 71000 | FPS: 57.2824 | T: 0:39:32
| train          | F: 143000 | S: 71500 | E: 143 | L: 1000 | R: 0.0000 | BS: 71500 | FPS: 66.7804 | T: 0:39:47
| train          | F: 144000 | S: 72000 | E: 144 | L: 1000 | R: 0.0000 | BS: 72000 | FPS: 82.8129 | T: 0:39:59
| train          | F: 145000 | S: 72500 | E: 145 | L: 1000 | R: 0.0000 | BS: 72500 | FPS: 73.3339 | T: 0:40:12
| train          | F: 146000 | S: 73000 | E: 146 | L: 1000 | R: 0.0000 | BS: 73000 | FPS: 58.6428 | T: 0:40:29
| train          | F: 147000 | S: 73500 | E: 147 | L: 1000 | R: 0.0000 | BS: 73500 | FPS: 56.6361 | T: 0:40:47
| train          | F: 148000 | S: 74000 | E: 148 | L: 1000 | R: 0.0000 | BS: 74000 | FPS: 57.2376 | T: 0:41:04
| train          | F: 149000 | S: 74500 | E: 149 | L: 1000 | R: 60.0000 | BS: 74500 | FPS: 58.2827 | T: 0:41:22
| train          | F: 150000 | S: 75000 | E: 150 | L: 1000 | R: 0.0000 | BS: 75000 | FPS: 57.3971 | T: 0:41:39
| eval           | F: 150000 | S: 75000 | E: 150 | L: 1000 | R: 11.6000 | T: 0:41:39
| train          | F: 151000 | S: 75500 | E: 151 | L: 1000 | R: 0.0000 | BS: 75500 | FPS: 29.6753 | T: 0:42:13
| train          | F: 152000 | S: 76000 | E: 152 | L: 1000 | R: 0.0000 | BS: 76000 | FPS: 60.6055 | T: 0:42:29
| train          | F: 153000 | S: 76500 | E: 153 | L: 1000 | R: 55.0000 | BS: 76500 | FPS: 5.9347 | T: 0:45:18
| train          | F: 154000 | S: 77000 | E: 154 | L: 1000 | R: 0.0000 | BS: 77000 | FPS: 1.0774 | T: 1:00:46
| train          | F: 155000 | S: 77500 | E: 155 | L: 1000 | R: 0.0000 | BS: 77500 | FPS: 64.0448 | T: 1:01:01
| train          | F: 156000 | S: 78000 | E: 156 | L: 1000 | R: 0.0000 | BS: 78000 | FPS: 64.4591 | T: 1:01:17
| train          | F: 157000 | S: 78500 | E: 157 | L: 1000 | R: 0.0000 | BS: 78500 | FPS: 62.7755 | T: 1:01:33
| train          | F: 158000 | S: 79000 | E: 158 | L: 1000 | R: 61.0000 | BS: 79000 | FPS: 69.6420 | T: 1:01:47
| train          | F: 159000 | S: 79500 | E: 159 | L: 1000 | R: 0.0000 | BS: 79500 | FPS: 85.0206 | T: 1:01:59
| train          | F: 160000 | S: 80000 | E: 160 | L: 1000 | R: 0.0000 | BS: 80000 | FPS: 75.3705 | T: 1:02:12
| eval           | F: 160000 | S: 80000 | E: 160 | L: 1000 | R: 31.4000 | T: 1:02:12
| train          | F: 161000 | S: 80500 | E: 161 | L: 1000 | R: 0.0000 | BS: 80500 | FPS: 23.8960 | T: 1:02:54
| train          | F: 162000 | S: 81000 | E: 162 | L: 1000 | R: 70.0000 | BS: 81000 | FPS: 58.7135 | T: 1:03:11
| train          | F: 163000 | S: 81500 | E: 163 | L: 1000 | R: 61.0000 | BS: 81500 | FPS: 57.7434 | T: 1:03:28
| train          | F: 164000 | S: 82000 | E: 164 | L: 1000 | R: 0.0000 | BS: 82000 | FPS: 7.0235 | T: 1:05:51
| train          | F: 165000 | S: 82500 | E: 165 | L: 1000 | R: 0.0000 | BS: 82500 | FPS: 79.6686 | T: 1:06:03
| train          | F: 166000 | S: 83000 | E: 166 | L: 1000 | R: 0.0000 | BS: 83000 | FPS: 83.5601 | T: 1:06:15
| train          | F: 167000 | S: 83500 | E: 167 | L: 1000 | R: 0.0000 | BS: 83500 | FPS: 11.3241 | T: 1:07:44
| train          | F: 168000 | S: 84000 | E: 168 | L: 1000 | R: 78.0000 | BS: 84000 | FPS: 3.3198 | T: 1:12:45
| train          | F: 169000 | S: 84500 | E: 169 | L: 1000 | R: 62.0000 | BS: 84500 | FPS: 113.7733 | T: 1:12:54
| train          | F: 170000 | S: 85000 | E: 170 | L: 1000 | R: 56.0000 | BS: 85000 | FPS: 118.0646 | T: 1:13:02
| eval           | F: 170000 | S: 85000 | E: 170 | L: 1000 | R: 11.2000 | T: 1:13:02
| train          | F: 171000 | S: 85500 | E: 171 | L: 1000 | R: 0.0000 | BS: 85500 | FPS: 40.0757 | T: 1:13:27
| train          | F: 172000 | S: 86000 | E: 172 | L: 1000 | R: 0.0000 | BS: 86000 | FPS: 106.9345 | T: 1:13:36
| train          | F: 173000 | S: 86500 | E: 173 | L: 1000 | R: 60.0000 | BS: 86500 | FPS: 109.6386 | T: 1:13:46
| train          | F: 174000 | S: 87000 | E: 174 | L: 1000 | R: 0.0000 | BS: 87000 | FPS: 109.8946 | T: 1:13:55
| train          | F: 175000 | S: 87500 | E: 175 | L: 1000 | R: 56.0000 | BS: 87500 | FPS: 113.0971 | T: 1:14:04
| train          | F: 176000 | S: 88000 | E: 176 | L: 1000 | R: 0.0000 | BS: 88000 | FPS: 112.0552 | T: 1:14:12
| train          | F: 177000 | S: 88500 | E: 177 | L: 1000 | R: 0.0000 | BS: 88500 | FPS: 107.4401 | T: 1:14:22
| train          | F: 178000 | S: 89000 | E: 178 | L: 1000 | R: 0.0000 | BS: 89000 | FPS: 102.2173 | T: 1:14:32
| train          | F: 179000 | S: 89500 | E: 179 | L: 1000 | R: 0.0000 | BS: 89500 | FPS: 111.4878 | T: 1:14:40
| train          | F: 180000 | S: 90000 | E: 180 | L: 1000 | R: 0.0000 | BS: 90000 | FPS: 104.5978 | T: 1:14:50
| eval           | F: 180000 | S: 90000 | E: 180 | L: 1000 | R: 17.0000 | T: 1:14:50
| train          | F: 181000 | S: 90500 | E: 181 | L: 1000 | R: 61.0000 | BS: 90500 | FPS: 39.3310 | T: 1:15:15
| train          | F: 182000 | S: 91000 | E: 182 | L: 1000 | R: 0.0000 | BS: 91000 | FPS: 110.0622 | T: 1:15:25
| train          | F: 183000 | S: 91500 | E: 183 | L: 1000 | R: 0.0000 | BS: 91500 | FPS: 109.2565 | T: 1:15:34
| train          | F: 184000 | S: 92000 | E: 184 | L: 1000 | R: 0.0000 | BS: 92000 | FPS: 108.5758 | T: 1:15:43
| train          | F: 185000 | S: 92500 | E: 185 | L: 1000 | R: 0.0000 | BS: 92500 | FPS: 106.0979 | T: 1:15:52
| train          | F: 186000 | S: 93000 | E: 186 | L: 1000 | R: 0.0000 | BS: 93000 | FPS: 105.9105 | T: 1:16:02
| train          | F: 187000 | S: 93500 | E: 187 | L: 1000 | R: 0.0000 | BS: 93500 | FPS: 104.6715 | T: 1:16:11
| train          | F: 188000 | S: 94000 | E: 188 | L: 1000 | R: 66.0000 | BS: 94000 | FPS: 102.8917 | T: 1:16:21
| train          | F: 189000 | S: 94500 | E: 189 | L: 1000 | R: 56.0000 | BS: 94500 | FPS: 98.7953 | T: 1:16:31
| train          | F: 190000 | S: 95000 | E: 190 | L: 1000 | R: 0.0000 | BS: 95000 | FPS: 102.5219 | T: 1:16:41
| eval           | F: 190000 | S: 95000 | E: 190 | L: 1000 | R: 5.7000 | T: 1:16:41
| train          | F: 191000 | S: 95500 | E: 191 | L: 1000 | R: 0.0000 | BS: 95500 | FPS: 36.6660 | T: 1:17:08
| train          | F: 192000 | S: 96000 | E: 192 | L: 1000 | R: 0.0000 | BS: 96000 | FPS: 105.9863 | T: 1:17:18
| train          | F: 193000 | S: 96500 | E: 193 | L: 1000 | R: 0.0000 | BS: 96500 | FPS: 100.6016 | T: 1:17:28
| train          | F: 194000 | S: 97000 | E: 194 | L: 1000 | R: 0.0000 | BS: 97000 | FPS: 100.4931 | T: 1:17:38
| train          | F: 195000 | S: 97500 | E: 195 | L: 1000 | R: 0.0000 | BS: 97500 | FPS: 103.0260 | T: 1:17:47
| train          | F: 196000 | S: 98000 | E: 196 | L: 1000 | R: 0.0000 | BS: 98000 | FPS: 109.6160 | T: 1:17:56
| train          | F: 197000 | S: 98500 | E: 197 | L: 1000 | R: 0.0000 | BS: 98500 | FPS: 101.8858 | T: 1:18:06
| train          | F: 198000 | S: 99000 | E: 198 | L: 1000 | R: 0.0000 | BS: 99000 | FPS: 105.6929 | T: 1:18:16
| train          | F: 199000 | S: 99500 | E: 199 | L: 1000 | R: 59.0000 | BS: 99500 | FPS: 104.2118 | T: 1:18:25
| train          | F: 200000 | S: 100000 | E: 200 | L: 1000 | R: 0.0000 | BS: 100000 | FPS: 102.0643 | T: 1:18:35
| eval           | F: 200000 | S: 100000 | E: 200 | L: 1000 | R: 29.2000 | T: 1:18:35
| train          | F: 201000 | S: 100500 | E: 201 | L: 1000 | R: 0.0000 | BS: 100500 | FPS: 39.0397 | T: 1:19:01
| train          | F: 202000 | S: 101000 | E: 202 | L: 1000 | R: 55.0000 | BS: 101000 | FPS: 105.8318 | T: 1:19:10
| train          | F: 203000 | S: 101500 | E: 203 | L: 1000 | R: 0.0000 | BS: 101500 | FPS: 102.5458 | T: 1:19:20
| train          | F: 204000 | S: 102000 | E: 204 | L: 1000 | R: 70.0000 | BS: 102000 | FPS: 101.4683 | T: 1:19:30
| train          | F: 205000 | S: 102500 | E: 205 | L: 1000 | R: 0.0000 | BS: 102500 | FPS: 100.7205 | T: 1:19:40
| train          | F: 206000 | S: 103000 | E: 206 | L: 1000 | R: 79.0000 | BS: 103000 | FPS: 104.9083 | T: 1:19:49
| train          | F: 207000 | S: 103500 | E: 207 | L: 1000 | R: 59.0000 | BS: 103500 | FPS: 108.3369 | T: 1:19:58
| train          | F: 208000 | S: 104000 | E: 208 | L: 1000 | R: 56.0000 | BS: 104000 | FPS: 107.5102 | T: 1:20:08
| train          | F: 209000 | S: 104500 | E: 209 | L: 1000 | R: 0.0000 | BS: 104500 | FPS: 109.5881 | T: 1:20:17
| train          | F: 210000 | S: 105000 | E: 210 | L: 1000 | R: 0.0000 | BS: 105000 | FPS: 109.7671 | T: 1:20:26
| eval           | F: 210000 | S: 105000 | E: 210 | L: 1000 | R: 6.6000 | T: 1:20:26
| train          | F: 211000 | S: 105500 | E: 211 | L: 1000 | R: 0.0000 | BS: 105500 | FPS: 36.4861 | T: 1:20:53
| train          | F: 212000 | S: 106000 | E: 212 | L: 1000 | R: 0.0000 | BS: 106000 | FPS: 108.8406 | T: 1:21:03
| train          | F: 213000 | S: 106500 | E: 213 | L: 1000 | R: 0.0000 | BS: 106500 | FPS: 107.7747 | T: 1:21:12
| train          | F: 214000 | S: 107000 | E: 214 | L: 1000 | R: 0.0000 | BS: 107000 | FPS: 107.2404 | T: 1:21:21
| train          | F: 215000 | S: 107500 | E: 215 | L: 1000 | R: 0.0000 | BS: 107500 | FPS: 108.7365 | T: 1:21:30
| train          | F: 216000 | S: 108000 | E: 216 | L: 1000 | R: 68.0000 | BS: 108000 | FPS: 107.4254 | T: 1:21:40
| train          | F: 217000 | S: 108500 | E: 217 | L: 1000 | R: 0.0000 | BS: 108500 | FPS: 107.1663 | T: 1:21:49
| train          | F: 218000 | S: 109000 | E: 218 | L: 1000 | R: 0.0000 | BS: 109000 | FPS: 107.9152 | T: 1:21:58
| train          | F: 219000 | S: 109500 | E: 219 | L: 1000 | R: 0.0000 | BS: 109500 | FPS: 107.2815 | T: 1:22:08
| train          | F: 220000 | S: 110000 | E: 220 | L: 1000 | R: 0.0000 | BS: 110000 | FPS: 103.6042 | T: 1:22:17
| eval           | F: 220000 | S: 110000 | E: 220 | L: 1000 | R: 5.8000 | T: 1:22:17
| train          | F: 221000 | S: 110500 | E: 221 | L: 1000 | R: 0.0000 | BS: 110500 | FPS: 35.2745 | T: 1:22:46
| train          | F: 222000 | S: 111000 | E: 222 | L: 1000 | R: 0.0000 | BS: 111000 | FPS: 109.7048 | T: 1:22:55
| train          | F: 223000 | S: 111500 | E: 223 | L: 1000 | R: 0.0000 | BS: 111500 | FPS: 109.0368 | T: 1:23:04
| train          | F: 224000 | S: 112000 | E: 224 | L: 1000 | R: 0.0000 | BS: 112000 | FPS: 106.9690 | T: 1:23:13
| train          | F: 225000 | S: 112500 | E: 225 | L: 1000 | R: 0.0000 | BS: 112500 | FPS: 108.5955 | T: 1:23:22
| train          | F: 226000 | S: 113000 | E: 226 | L: 1000 | R: 0.0000 | BS: 113000 | FPS: 108.5654 | T: 1:23:32
| train          | F: 227000 | S: 113500 | E: 227 | L: 1000 | R: 58.0000 | BS: 113500 | FPS: 108.0166 | T: 1:23:41
| train          | F: 228000 | S: 114000 | E: 228 | L: 1000 | R: 0.0000 | BS: 114000 | FPS: 109.2868 | T: 1:23:50
| train          | F: 229000 | S: 114500 | E: 229 | L: 1000 | R: 0.0000 | BS: 114500 | FPS: 108.8484 | T: 1:23:59
| train          | F: 230000 | S: 115000 | E: 230 | L: 1000 | R: 0.0000 | BS: 115000 | FPS: 107.8802 | T: 1:24:08
| eval           | F: 230000 | S: 115000 | E: 230 | L: 1000 | R: 23.6000 | T: 1:24:08
| train          | F: 231000 | S: 115500 | E: 231 | L: 1000 | R: 0.0000 | BS: 115500 | FPS: 39.5937 | T: 1:24:34
| train          | F: 232000 | S: 116000 | E: 232 | L: 1000 | R: 57.0000 | BS: 116000 | FPS: 108.7242 | T: 1:24:43
| train          | F: 233000 | S: 116500 | E: 233 | L: 1000 | R: 0.0000 | BS: 116500 | FPS: 109.1855 | T: 1:24:52
| train          | F: 234000 | S: 117000 | E: 234 | L: 1000 | R: 0.0000 | BS: 117000 | FPS: 104.8024 | T: 1:25:02
| train          | F: 235000 | S: 117500 | E: 235 | L: 1000 | R: 73.0000 | BS: 117500 | FPS: 105.0338 | T: 1:25:11
| train          | F: 236000 | S: 118000 | E: 236 | L: 1000 | R: 58.0000 | BS: 118000 | FPS: 106.8682 | T: 1:25:21
| train          | F: 237000 | S: 118500 | E: 237 | L: 1000 | R: 0.0000 | BS: 118500 | FPS: 103.0245 | T: 1:25:30
| train          | F: 238000 | S: 119000 | E: 238 | L: 1000 | R: 61.0000 | BS: 119000 | FPS: 107.6116 | T: 1:25:40
| train          | F: 239000 | S: 119500 | E: 239 | L: 1000 | R: 0.0000 | BS: 119500 | FPS: 103.2447 | T: 1:25:49
| train          | F: 240000 | S: 120000 | E: 240 | L: 1000 | R: 0.0000 | BS: 120000 | FPS: 97.1798 | T: 1:25:59
| eval           | F: 240000 | S: 120000 | E: 240 | L: 1000 | R: 11.3000 | T: 1:25:59
| train          | F: 241000 | S: 120500 | E: 241 | L: 1000 | R: 0.0000 | BS: 120500 | FPS: 34.4516 | T: 1:26:29
| train          | F: 242000 | S: 121000 | E: 242 | L: 1000 | R: 0.0000 | BS: 121000 | FPS: 99.5224 | T: 1:26:39
| train          | F: 243000 | S: 121500 | E: 243 | L: 1000 | R: 60.0000 | BS: 121500 | FPS: 96.7819 | T: 1:26:49
| train          | F: 244000 | S: 122000 | E: 244 | L: 1000 | R: 0.0000 | BS: 122000 | FPS: 101.1274 | T: 1:26:59
| train          | F: 245000 | S: 122500 | E: 245 | L: 1000 | R: 0.0000 | BS: 122500 | FPS: 99.5505 | T: 1:27:09
| train          | F: 246000 | S: 123000 | E: 246 | L: 1000 | R: 61.0000 | BS: 123000 | FPS: 97.4186 | T: 1:27:19
| train          | F: 247000 | S: 123500 | E: 247 | L: 1000 | R: 0.0000 | BS: 123500 | FPS: 106.8827 | T: 1:27:28
| train          | F: 248000 | S: 124000 | E: 248 | L: 1000 | R: 0.0000 | BS: 124000 | FPS: 96.2629 | T: 1:27:39
| train          | F: 249000 | S: 124500 | E: 249 | L: 1000 | R: 0.0000 | BS: 124500 | FPS: 96.6533 | T: 1:27:49
