Gym has been unmaintained since 2022 and does not support NumPy 2.0 amongst other critical functionality.
Please upgrade to Gymnasium, the maintained drop-in replacement of Gym, or contact the authors of your software and request that they upgrade.
Users of this version of Gym should be able to simply replace 'import gym' with 'import gymnasium as gym' in the vast majority of cases.
See the migration guide at https://gymnasium.farama.org/introduction/migration_guide/ for additional information.
/workspace/learn-si2e/SI2E/SI2E_A2C/rl-starter-files/rl-starter-files/scripts/train.py --env MiniGrid-KeyCorridorS3R2-v0 --model ppo-exp-a2c-si2e-KeyCorridorS3R2-s5 --frames 3000000 --use_batch --save-interval 100 --log-interval 500 --seed 5 --algo a2c --use_entropy_reward --use_value_condition --beta 0.005

Namespace(algo='a2c', env='MiniGrid-KeyCorridorS3R2-v0', model='ppo-exp-a2c-si2e-KeyCorridorS3R2-s5', seed=5, log_interval=500, save_interval=100, procs=16, frames=3000000, epochs=4, batch_size=256, frames_per_proc=None, discount=0.99, lr=0.001, gae_lambda=0.95, entropy_coef=0.01, value_loss_coef=0.5, max_grad_norm=0.5, optim_eps=1e-08, optim_alpha=0.99, clip_eps=0.2, recurrence=1, text=False, use_entropy_reward=True, use_value_condition=True, beta=0.005, beta_adaptive=False, fast_se=False, cluster_method='kmeans', use_batch=True, ablation=None, mem=False)

Device: cuda:0

Environments loaded

Training status loaded

Observations preprocessor loaded
Model loaded

ACModel(
  (image_conv): Sequential(
    (0): Conv2d(3, 16, kernel_size=(2, 2), stride=(1, 1))
    (1): ReLU()
    (2): MaxPool2d(kernel_size=(2, 2), stride=(2, 2), padding=0, dilation=1, ceil_mode=False)
    (3): Conv2d(16, 32, kernel_size=(2, 2), stride=(1, 1))
    (4): ReLU()
    (5): Conv2d(32, 64, kernel_size=(2, 2), stride=(1, 1))
    (6): ReLU()
  )
  (actor): Sequential(
    (0): Linear(in_features=64, out_features=64, bias=True)
    (1): Tanh()
    (2): Linear(in_features=64, out_features=7, bias=True)
  )
  (critic): Sequential(
    (0): Linear(in_features=64, out_features=64, bias=True)
    (1): Tanh()
    (2): Linear(in_features=64, out_features=1, bias=True)
  )
  (extr_critic): Sequential(
    (0): Linear(in_features=64, out_features=64, bias=True)
    (1): Tanh()
    (2): Linear(in_features=64, out_features=1, bias=True)
  )
)

Optimizer loaded

Status saved
Status saved
Status saved
Status saved
U 500 | F 064000 | FPS 0313 | D 218 | rR:μσmM 0.00 0.00 0.00 0.00 | F:μσmM 270.0 0.0 270.0 270.0 | H 1.789 | V -0.392 | pL -0.001 | vL 0.001 | ∇ 0.010
Status saved
Status saved
Status saved
Status saved
Status saved
U 1000 | F 128000 | FPS 0314 | D 442 | rR:μσmM 0.03 0.11 0.00 0.46 | F:μσmM 263.2 26.4 161.0 270.0 | H 1.778 | V -0.322 | pL -0.020 | vL 0.001 | ∇ 0.018
Status saved
Status saved
Status saved
Status saved
Status saved
U 1500 | F 192000 | FPS 0224 | D 667 | rR:μσmM 0.00 0.00 0.00 0.00 | F:μσmM 270.0 0.0 270.0 270.0 | H 1.777 | V -0.325 | pL -0.008 | vL 0.001 | ∇ 0.010
Status saved
Status saved
Status saved
Status saved
Status saved
U 2000 | F 256000 | FPS 0294 | D 898 | rR:μσmM 0.00 0.00 0.00 0.00 | F:μσmM 270.0 0.0 270.0 270.0 | H 1.789 | V -0.371 | pL -0.027 | vL 0.001 | ∇ 0.021
Status saved
Status saved
Status saved
Status saved
Status saved
U 2500 | F 320000 | FPS 0281 | D 1123 | rR:μσmM 0.00 0.00 0.00 0.00 | F:μσmM 270.0 0.0 270.0 270.0 | H 1.816 | V -0.303 | pL -0.021 | vL 0.001 | ∇ 0.018
Status saved
Status saved
Status saved
Status saved
Status saved
U 3000 | F 384000 | FPS 0296 | D 1344 | rR:μσmM 0.00 0.00 0.00 0.00 | F:μσmM 270.0 0.0 270.0 270.0 | H 1.719 | V -0.355 | pL 0.010 | vL 0.003 | ∇ 0.025
Status saved
Status saved
Status saved
Status saved
Status saved
U 3500 | F 448000 | FPS 0329 | D 1563 | rR:μσmM 0.00 0.00 0.00 0.00 | F:μσmM 270.0 0.0 270.0 270.0 | H 1.755 | V -0.377 | pL -0.009 | vL 0.001 | ∇ 0.013
Status saved
Status saved
Status saved
Status saved
Status saved
U 4000 | F 512000 | FPS 0313 | D 1784 | rR:μσmM 0.00 0.00 0.00 0.00 | F:μσmM 270.0 0.0 270.0 270.0 | H 1.761 | V -0.337 | pL -0.018 | vL 0.001 | ∇ 0.015
Status saved
Status saved
Status saved
Status saved
Status saved
U 4500 | F 576000 | FPS 0322 | D 2002 | rR:μσmM 0.00 0.00 0.00 0.00 | F:μσmM 270.0 0.0 270.0 270.0 | H 1.729 | V -0.295 | pL 0.010 | vL 0.004 | ∇ 0.025
Status saved
Status saved
Status saved
Status saved
Status saved
U 5000 | F 640000 | FPS 0278 | D 2232 | rR:μσmM 0.00 0.00 0.00 0.00 | F:μσmM 270.0 0.0 270.0 270.0 | H 1.780 | V -0.291 | pL -0.017 | vL 0.001 | ∇ 0.023
Status saved
Status saved
Status saved
Status saved
Status saved
U 5500 | F 704000 | FPS 0222 | D 2471 | rR:μσmM 0.00 0.00 0.00 0.00 | F:μσmM 270.0 0.0 270.0 270.0 | H 1.776 | V -0.370 | pL -0.013 | vL 0.001 | ∇ 0.013
Status saved
Status saved
Status saved
Status saved
Status saved
U 6000 | F 768000 | FPS 0284 | D 2708 | rR:μσmM 0.00 0.00 0.00 0.00 | F:μσmM 270.0 0.0 270.0 270.0 | H 1.772 | V -0.309 | pL -0.010 | vL 0.001 | ∇ 0.011
Status saved
Status saved
Status saved
Status saved
Status saved
U 6500 | F 832000 | FPS 0206 | D 2947 | rR:μσmM 0.00 0.00 0.00 0.00 | F:μσmM 270.0 0.0 270.0 270.0 | H 1.785 | V -0.300 | pL -0.004 | vL 0.001 | ∇ 0.009
Status saved
Status saved
Status saved
Status saved
Status saved
U 7000 | F 896000 | FPS 0342 | D 3159 | rR:μσmM 0.00 0.00 0.00 0.00 | F:μσmM 270.0 0.0 270.0 270.0 | H 1.730 | V -0.313 | pL -0.004 | vL 0.001 | ∇ 0.013
Status saved
Status saved
Status saved
Status saved
Status saved
U 7500 | F 960000 | FPS 0327 | D 3359 | rR:μσmM 0.00 0.00 0.00 0.00 | F:μσmM 270.0 0.0 270.0 270.0 | H 1.785 | V -0.292 | pL -0.007 | vL 0.000 | ∇ 0.011
Status saved
Status saved
Status saved
Status saved
Status saved
U 8000 | F 1024000 | FPS 0364 | D 3557 | rR:μσmM 0.00 0.00 0.00 0.00 | F:μσmM 270.0 0.0 270.0 270.0 | H 1.794 | V -0.307 | pL -0.013 | vL 0.001 | ∇ 0.012
Status saved
Status saved
Status saved
Status saved
Status saved
U 8500 | F 1088000 | FPS 0371 | D 3751 | rR:μσmM 0.00 0.00 0.00 0.00 | F:μσmM 270.0 0.0 270.0 270.0 | H 1.741 | V -0.336 | pL 0.023 | vL 0.006 | ∇ 0.053
Status saved
Status saved
Status saved
Status saved
Status saved
U 9000 | F 1152000 | FPS 0337 | D 3947 | rR:μσmM 0.04 0.17 0.00 0.70 | F:μσmM 258.8 43.3 91.0 270.0 | H 1.747 | V -0.277 | pL 0.007 | vL 0.001 | ∇ 0.011
Status saved
Status saved
Status saved
Status saved
Status saved
U 9500 | F 1216000 | FPS 0354 | D 4144 | rR:μσmM 0.04 0.13 0.00 0.52 | F:μσmM 260.9 30.3 145.0 270.0 | H 1.789 | V -0.288 | pL -0.038 | vL 0.002 | ∇ 0.027
Status saved
Status saved
Status saved
Status saved
Status saved
U 10000 | F 1280000 | FPS 0335 | D 4342 | rR:μσmM 0.11 0.21 0.00 0.64 | F:μσmM 243.0 51.3 107.0 270.0 | H 1.761 | V -0.276 | pL 0.015 | vL 0.004 | ∇ 0.030
Status saved
Status saved
Status saved
Status saved
Status saved
U 10500 | F 1344000 | FPS 0256 | D 4538 | rR:μσmM 0.03 0.13 0.00 0.55 | F:μσmM 261.6 32.7 135.0 270.0 | H 1.745 | V -0.231 | pL -0.011 | vL 0.001 | ∇ 0.015
Status saved
Status saved
Status saved
Status saved
Status saved
U 11000 | F 1408000 | FPS 0357 | D 4730 | rR:μσmM 0.05 0.13 0.00 0.50 | F:μσmM 259.9 30.1 150.0 270.0 | H 1.802 | V -0.263 | pL -0.000 | vL 0.000 | ∇ 0.010
Status saved
Status saved
Status saved
Status saved
Status saved
U 11500 | F 1472000 | FPS 0232 | D 4927 | rR:μσmM 0.10 0.22 0.00 0.63 | F:μσmM 244.5 53.6 111.0 270.0 | H 1.762 | V -0.229 | pL 0.004 | vL 0.004 | ∇ 0.033
Status saved
Status saved
Status saved
Status saved
Status saved
U 12000 | F 1536000 | FPS 0365 | D 5124 | rR:μσmM 0.10 0.20 0.00 0.76 | F:μσmM 247.9 48.7 73.0 270.0 | H 1.699 | V -0.213 | pL 0.006 | vL 0.008 | ∇ 0.067
Status saved
Status saved
Status saved
Status saved
Status saved
U 12500 | F 1600000 | FPS 0336 | D 5319 | rR:μσmM 0.08 0.21 0.00 0.70 | F:μσmM 250.1 53.2 89.0 270.0 | H 1.706 | V -0.227 | pL -0.025 | vL 0.001 | ∇ 0.019
Status saved
Status saved
Status saved
Status saved
Status saved
U 13000 | F 1664000 | FPS 0357 | D 5517 | rR:μσmM 0.15 0.21 0.00 0.78 | F:μσmM 238.2 52.5 65.0 270.0 | H 1.728 | V -0.249 | pL 0.014 | vL 0.001 | ∇ 0.021
Status saved
Status saved
Status saved
Status saved
Status saved
U 13500 | F 1728000 | FPS 0341 | D 5713 | rR:μσmM 0.02 0.09 0.00 0.39 | F:μσmM 264.6 20.8 184.0 270.0 | H 1.759 | V -0.269 | pL 0.005 | vL 0.004 | ∇ 0.035
Status saved
Status saved
Status saved
Status saved
Status saved
U 14000 | F 1792000 | FPS 0222 | D 5910 | rR:μσmM 0.12 0.21 0.00 0.67 | F:μσmM 243.6 51.4 99.0 270.0 | H 1.713 | V -0.228 | pL -0.004 | vL 0.002 | ∇ 0.031
Status saved
Status saved
Status saved
Status saved
Status saved
U 14500 | F 1856000 | FPS 0270 | D 6135 | rR:μσmM 0.00 0.00 0.00 0.00 | F:μσmM 270.0 0.0 270.0 270.0 | H 1.754 | V -0.263 | pL -0.010 | vL 0.001 | ∇ 0.011
Status saved
Status saved
Status saved
Status saved
Status saved
U 15000 | F 1920000 | FPS 0286 | D 6388 | rR:μσmM 0.06 0.17 0.00 0.61 | F:μσmM 255.8 40.2 116.0 270.0 | H 1.724 | V -0.280 | pL -0.008 | vL 0.001 | ∇ 0.017
Status saved
Status saved
Status saved
Status saved
Status saved
U 15500 | F 1984000 | FPS 0263 | D 6645 | rR:μσmM 0.01 0.02 0.00 0.10 | F:μσmM 270.0 0.0 270.0 270.0 | H 1.744 | V -0.281 | pL -0.010 | vL 0.001 | ∇ 0.017
Status saved
Status saved
Status saved
Status saved
Status saved
U 16000 | F 2048000 | FPS 0264 | D 6899 | rR:μσmM 0.06 0.14 0.00 0.54 | F:μσmM 258.9 32.1 139.0 270.0 | H 1.700 | V -0.218 | pL -0.009 | vL 0.002 | ∇ 0.025
Status saved
Status saved
Status saved
Status saved
Status saved
U 16500 | F 2112000 | FPS 0289 | D 7156 | rR:μσmM 0.12 0.21 0.00 0.60 | F:μσmM 242.3 50.5 121.0 270.0 | H 1.741 | V -0.245 | pL -0.002 | vL 0.001 | ∇ 0.018
Status saved
Status saved
Status saved
Status saved
Status saved
U 17000 | F 2176000 | FPS 0274 | D 7415 | rR:μσmM 0.02 0.06 0.00 0.20 | F:μσmM 267.6 7.6 239.0 270.0 | H 1.733 | V -0.268 | pL 0.000 | vL 0.004 | ∇ 0.049
Status saved
Status saved
Status saved
Status saved
Status saved
U 17500 | F 2240000 | FPS 0246 | D 7664 | rR:μσmM 0.19 0.31 0.00 0.83 | F:μσmM 222.4 79.0 52.0 270.0 | H 1.715 | V -0.231 | pL -0.033 | vL 0.003 | ∇ 0.064
Status saved
Status saved
Status saved
Status saved
Status saved
U 18000 | F 2304000 | FPS 0261 | D 7906 | rR:μσmM 0.21 0.29 0.00 0.78 | F:μσmM 216.9 74.8 65.0 270.0 | H 1.726 | V -0.226 | pL 0.013 | vL 0.003 | ∇ 0.026
Status saved
Status saved
Status saved
Status saved
Status saved
U 18500 | F 2368000 | FPS 0297 | D 8149 | rR:μσmM 0.33 0.32 0.00 0.83 | F:μσmM 189.2 81.6 52.0 270.0 | H 1.631 | V -0.160 | pL 0.026 | vL 0.013 | ∇ 0.080
Status saved
Status saved
Status saved
Status saved
Status saved
U 19000 | F 2432000 | FPS 0261 | D 8389 | rR:μσmM 0.33 0.33 0.00 0.92 | F:μσmM 188.6 86.6 23.0 270.0 | H 1.589 | V -0.133 | pL -0.006 | vL 0.001 | ∇ 0.051
Status saved
Status saved
Status saved
Status saved
Status saved
U 19500 | F 2496000 | FPS 0267 | D 8631 | rR:μσmM 0.53 0.33 0.00 0.90 | F:μσmM 133.0 86.4 31.0 270.0 | H 1.575 | V -0.042 | pL -0.018 | vL 0.005 | ∇ 0.078
Status saved
Status saved
Status saved
Status saved
Status saved
U 20000 | F 2560000 | FPS 0283 | D 8873 | rR:μσmM 0.43 0.33 0.00 0.86 | F:μσmM 164.3 89.3 42.0 270.0 | H 1.445 | V -0.045 | pL -0.004 | vL 0.004 | ∇ 0.108
Status saved
Status saved
Status saved
Status saved
Status saved
U 20500 | F 2624000 | FPS 0257 | D 9113 | rR:μσmM 0.60 0.33 0.00 0.93 | F:μσmM 113.1 87.4 22.0 270.0 | H 1.448 | V 0.080 | pL -0.041 | vL 0.002 | ∇ 0.074
Status saved
Status saved
Status saved
Status saved
Status saved
U 21000 | F 2688000 | FPS 0336 | D 9334 | rR:μσmM 0.65 0.29 0.00 0.90 | F:μσmM 100.9 77.1 30.0 270.0 | H 1.416 | V 0.172 | pL 0.001 | vL 0.011 | ∇ 0.127
Status saved
Status saved
Status saved
Status saved
Status saved
U 21500 | F 2752000 | FPS 0353 | D 9531 | rR:μσmM 0.86 0.06 0.71 0.94 | F:μσmM 43.1 18.0 18.0 86.0 | H 1.245 | V 0.510 | pL -0.040 | vL 0.009 | ∇ 0.135
Status saved
Status saved
Status saved
Status saved
Status saved
U 22000 | F 2816000 | FPS 0373 | D 9726 | rR:μσmM 0.81 0.09 0.60 0.92 | F:μσmM 55.9 26.5 23.0 121.0 | H 1.324 | V 0.493 | pL -0.032 | vL 0.005 | ∇ 0.066
Status saved
Status saved
Status saved
Status saved
Status saved
U 22500 | F 2880000 | FPS 0381 | D 9906 | rR:μσmM 0.85 0.06 0.71 0.92 | F:μσmM 45.2 18.9 23.0 87.0 | H 1.343 | V 0.456 | pL 0.002 | vL 0.003 | ∇ 0.121
Status saved
Status saved
Status saved
Status saved
Status saved
U 23000 | F 2944000 | FPS 0367 | D 10086 | rR:μσmM 0.84 0.05 0.72 0.90 | F:μσmM 48.6 16.1 30.0 83.0 | H 1.021 | V 0.664 | pL -0.012 | vL 0.008 | ∇ 0.127
Status saved
Status saved
Status saved
Status saved
Status saved
Final model saved
