/workspace/learn-si2e/base-vcse/VCSE_DrQv2/train.py:207: UserWarning: 
The version_base parameter is not specified.
Please specify a compatability version level, or None.
Will assume defaults for version 1.1
  @hydra.main(config_path='cfgs', config_name='config')
/usr/local/lib/python3.10/dist-packages/hydra/_internal/hydra.py:119: UserWarning: Future Hydra versions will no longer change working directory at job runtime by default.
See https://hydra.cc/docs/1.2/upgrades/1.1_to_1.2/changes_to_job_working_dir/ for more information.
  ret = run_job(
/workspace/learn-si2e/base-vcse/VCSE_DrQv2/train.py:207: UserWarning: 
The version_base parameter is not specified.
Please specify a compatability version level, or None.
Will assume defaults for version 1.1
  @hydra.main(config_path='cfgs', config_name='config')
workspace: /workspace/learn-si2e/results/drqv2-official/pendulum_swingup_vcse_seed1
| eval           | F: 0 | S: 0 | E: 0 | L: 1000 | R: 0.0000 | T: 0:00:00
| train          | F: 5000 | S: 2500 | E: 5 | L: 1000 | R: 0.0000 | BS: 2500 | FPS: 20.0383 | T: 0:00:49
| train          | F: 6000 | S: 3000 | E: 6 | L: 1000 | R: 0.0000 | BS: 3000 | FPS: 64.8889 | T: 0:01:05
| train          | F: 7000 | S: 3500 | E: 7 | L: 1000 | R: 0.0000 | BS: 3500 | FPS: 61.6351 | T: 0:01:21
| train          | F: 8000 | S: 4000 | E: 8 | L: 1000 | R: 0.0000 | BS: 4000 | FPS: 54.9965 | T: 0:01:39
| train          | F: 9000 | S: 4500 | E: 9 | L: 1000 | R: 0.0000 | BS: 4500 | FPS: 56.8014 | T: 0:01:57
| train          | F: 10000 | S: 5000 | E: 10 | L: 1000 | R: 0.0000 | BS: 5000 | FPS: 55.7794 | T: 0:02:15
| eval           | F: 10000 | S: 5000 | E: 10 | L: 1000 | R: 0.0000 | T: 0:02:15
| train          | F: 11000 | S: 5500 | E: 11 | L: 1000 | R: 0.0000 | BS: 5500 | FPS: 26.0805 | T: 0:02:53
| train          | F: 12000 | S: 6000 | E: 12 | L: 1000 | R: 0.0000 | BS: 6000 | FPS: 54.0165 | T: 0:03:12
| train          | F: 13000 | S: 6500 | E: 13 | L: 1000 | R: 0.0000 | BS: 6500 | FPS: 51.6902 | T: 0:03:31
| train          | F: 14000 | S: 7000 | E: 14 | L: 1000 | R: 0.0000 | BS: 7000 | FPS: 50.6654 | T: 0:03:51
| train          | F: 15000 | S: 7500 | E: 15 | L: 1000 | R: 0.0000 | BS: 7500 | FPS: 56.1091 | T: 0:04:09
| train          | F: 16000 | S: 8000 | E: 16 | L: 1000 | R: 0.0000 | BS: 8000 | FPS: 54.1759 | T: 0:04:27
| train          | F: 17000 | S: 8500 | E: 17 | L: 1000 | R: 0.0000 | BS: 8500 | FPS: 54.3964 | T: 0:04:45
| train          | F: 18000 | S: 9000 | E: 18 | L: 1000 | R: 0.0000 | BS: 9000 | FPS: 52.4180 | T: 0:05:04
| train          | F: 19000 | S: 9500 | E: 19 | L: 1000 | R: 0.0000 | BS: 9500 | FPS: 51.0536 | T: 0:05:24
| train          | F: 20000 | S: 10000 | E: 20 | L: 1000 | R: 40.0000 | BS: 10000 | FPS: 50.8362 | T: 0:05:44
| eval           | F: 20000 | S: 10000 | E: 20 | L: 1000 | R: 47.0000 | T: 0:05:44
| train          | F: 21000 | S: 10500 | E: 21 | L: 1000 | R: 17.0000 | BS: 10500 | FPS: 25.8800 | T: 0:06:22
| train          | F: 22000 | S: 11000 | E: 22 | L: 1000 | R: 0.0000 | BS: 11000 | FPS: 55.7175 | T: 0:06:40
| train          | F: 23000 | S: 11500 | E: 23 | L: 1000 | R: 0.0000 | BS: 11500 | FPS: 56.5774 | T: 0:06:58
| train          | F: 24000 | S: 12000 | E: 24 | L: 1000 | R: 0.0000 | BS: 12000 | FPS: 54.3323 | T: 0:07:16
| train          | F: 25000 | S: 12500 | E: 25 | L: 1000 | R: 0.0000 | BS: 12500 | FPS: 52.1749 | T: 0:07:36
| train          | F: 26000 | S: 13000 | E: 26 | L: 1000 | R: 30.0000 | BS: 13000 | FPS: 53.9472 | T: 0:07:54
| train          | F: 27000 | S: 13500 | E: 27 | L: 1000 | R: 29.0000 | BS: 13500 | FPS: 52.2178 | T: 0:08:13
| train          | F: 28000 | S: 14000 | E: 28 | L: 1000 | R: 40.0000 | BS: 14000 | FPS: 53.4857 | T: 0:08:32
| train          | F: 29000 | S: 14500 | E: 29 | L: 1000 | R: 44.0000 | BS: 14500 | FPS: 51.7508 | T: 0:08:51
| train          | F: 30000 | S: 15000 | E: 30 | L: 1000 | R: 39.0000 | BS: 15000 | FPS: 49.8897 | T: 0:09:11
| eval           | F: 30000 | S: 15000 | E: 30 | L: 1000 | R: 48.3000 | T: 0:09:11
| train          | F: 31000 | S: 15500 | E: 31 | L: 1000 | R: 37.0000 | BS: 15500 | FPS: 23.8567 | T: 0:09:53
| train          | F: 32000 | S: 16000 | E: 32 | L: 1000 | R: 57.0000 | BS: 16000 | FPS: 59.5055 | T: 0:10:10
| train          | F: 33000 | S: 16500 | E: 33 | L: 1000 | R: 46.0000 | BS: 16500 | FPS: 55.6470 | T: 0:10:28
| train          | F: 34000 | S: 17000 | E: 34 | L: 1000 | R: 59.0000 | BS: 17000 | FPS: 52.2714 | T: 0:10:47
| train          | F: 35000 | S: 17500 | E: 35 | L: 1000 | R: 62.0000 | BS: 17500 | FPS: 53.8883 | T: 0:11:06
| train          | F: 36000 | S: 18000 | E: 36 | L: 1000 | R: 64.0000 | BS: 18000 | FPS: 52.6612 | T: 0:11:25
| train          | F: 37000 | S: 18500 | E: 37 | L: 1000 | R: 79.0000 | BS: 18500 | FPS: 54.7403 | T: 0:11:43
| train          | F: 38000 | S: 19000 | E: 38 | L: 1000 | R: 60.0000 | BS: 19000 | FPS: 51.3009 | T: 0:12:02
| train          | F: 39000 | S: 19500 | E: 39 | L: 1000 | R: 57.0000 | BS: 19500 | FPS: 53.3302 | T: 0:12:21
| train          | F: 40000 | S: 20000 | E: 40 | L: 1000 | R: 72.0000 | BS: 20000 | FPS: 51.9543 | T: 0:12:40
| eval           | F: 40000 | S: 20000 | E: 40 | L: 1000 | R: 71.7000 | T: 0:12:40
| train          | F: 41000 | S: 20500 | E: 41 | L: 1000 | R: 52.0000 | BS: 20500 | FPS: 25.6310 | T: 0:13:19
| train          | F: 42000 | S: 21000 | E: 42 | L: 1000 | R: 75.0000 | BS: 21000 | FPS: 55.8685 | T: 0:13:37
| train          | F: 43000 | S: 21500 | E: 43 | L: 1000 | R: 90.0000 | BS: 21500 | FPS: 53.5653 | T: 0:13:56
| train          | F: 44000 | S: 22000 | E: 44 | L: 1000 | R: 65.0000 | BS: 22000 | FPS: 49.3444 | T: 0:14:16
| train          | F: 45000 | S: 22500 | E: 45 | L: 1000 | R: 63.0000 | BS: 22500 | FPS: 52.0125 | T: 0:14:35
| train          | F: 46000 | S: 23000 | E: 46 | L: 1000 | R: 100.0000 | BS: 23000 | FPS: 51.7044 | T: 0:14:55
| train          | F: 47000 | S: 23500 | E: 47 | L: 1000 | R: 55.0000 | BS: 23500 | FPS: 51.6959 | T: 0:15:14
| train          | F: 48000 | S: 24000 | E: 48 | L: 1000 | R: 67.0000 | BS: 24000 | FPS: 50.8595 | T: 0:15:34
| train          | F: 49000 | S: 24500 | E: 49 | L: 1000 | R: 93.0000 | BS: 24500 | FPS: 51.6180 | T: 0:15:53
| train          | F: 50000 | S: 25000 | E: 50 | L: 1000 | R: 74.0000 | BS: 25000 | FPS: 53.0866 | T: 0:16:12
| eval           | F: 50000 | S: 25000 | E: 50 | L: 1000 | R: 75.2000 | T: 0:16:12
| train          | F: 51000 | S: 25500 | E: 51 | L: 1000 | R: 84.0000 | BS: 25500 | FPS: 24.0581 | T: 0:16:54
| train          | F: 52000 | S: 26000 | E: 52 | L: 1000 | R: 79.0000 | BS: 26000 | FPS: 51.7190 | T: 0:17:13
| train          | F: 53000 | S: 26500 | E: 53 | L: 1000 | R: 91.0000 | BS: 26500 | FPS: 57.1269 | T: 0:17:30
| train          | F: 54000 | S: 27000 | E: 54 | L: 1000 | R: 94.0000 | BS: 27000 | FPS: 53.9705 | T: 0:17:49
| train          | F: 55000 | S: 27500 | E: 55 | L: 1000 | R: 146.0000 | BS: 27500 | FPS: 52.3737 | T: 0:18:08
| train          | F: 56000 | S: 28000 | E: 56 | L: 1000 | R: 92.0000 | BS: 28000 | FPS: 54.2682 | T: 0:18:26
| train          | F: 57000 | S: 28500 | E: 57 | L: 1000 | R: 73.0000 | BS: 28500 | FPS: 53.2399 | T: 0:18:45
| train          | F: 58000 | S: 29000 | E: 58 | L: 1000 | R: 71.0000 | BS: 29000 | FPS: 53.3993 | T: 0:19:04
| train          | F: 59000 | S: 29500 | E: 59 | L: 1000 | R: 76.0000 | BS: 29500 | FPS: 51.4892 | T: 0:19:23
| train          | F: 60000 | S: 30000 | E: 60 | L: 1000 | R: 114.0000 | BS: 30000 | FPS: 50.6588 | T: 0:19:43
| eval           | F: 60000 | S: 30000 | E: 60 | L: 1000 | R: 105.9000 | T: 0:19:43
| train          | F: 61000 | S: 30500 | E: 61 | L: 1000 | R: 67.0000 | BS: 30500 | FPS: 22.8383 | T: 0:20:27
| train          | F: 62000 | S: 31000 | E: 62 | L: 1000 | R: 142.0000 | BS: 31000 | FPS: 56.4342 | T: 0:20:45
| train          | F: 63000 | S: 31500 | E: 63 | L: 1000 | R: 105.0000 | BS: 31500 | FPS: 51.8398 | T: 0:21:04
| train          | F: 64000 | S: 32000 | E: 64 | L: 1000 | R: 138.0000 | BS: 32000 | FPS: 52.1426 | T: 0:21:23
| train          | F: 65000 | S: 32500 | E: 65 | L: 1000 | R: 106.0000 | BS: 32500 | FPS: 52.6293 | T: 0:21:42
| train          | F: 66000 | S: 33000 | E: 66 | L: 1000 | R: 110.0000 | BS: 33000 | FPS: 51.0826 | T: 0:22:02
| train          | F: 67000 | S: 33500 | E: 67 | L: 1000 | R: 126.0000 | BS: 33500 | FPS: 49.4423 | T: 0:22:22
| train          | F: 68000 | S: 34000 | E: 68 | L: 1000 | R: 173.0000 | BS: 34000 | FPS: 52.1670 | T: 0:22:41
| train          | F: 69000 | S: 34500 | E: 69 | L: 1000 | R: 95.0000 | BS: 34500 | FPS: 50.4708 | T: 0:23:01
| train          | F: 70000 | S: 35000 | E: 70 | L: 1000 | R: 123.0000 | BS: 35000 | FPS: 50.0433 | T: 0:23:21
| eval           | F: 70000 | S: 35000 | E: 70 | L: 1000 | R: 125.0000 | T: 0:23:21
| train          | F: 71000 | S: 35500 | E: 71 | L: 1000 | R: 94.0000 | BS: 35500 | FPS: 22.8422 | T: 0:24:05
| train          | F: 72000 | S: 36000 | E: 72 | L: 1000 | R: 110.0000 | BS: 36000 | FPS: 61.1401 | T: 0:24:21
| train          | F: 73000 | S: 36500 | E: 73 | L: 1000 | R: 113.0000 | BS: 36500 | FPS: 56.3303 | T: 0:24:39
| train          | F: 74000 | S: 37000 | E: 74 | L: 1000 | R: 119.0000 | BS: 37000 | FPS: 55.2595 | T: 0:24:57
| train          | F: 75000 | S: 37500 | E: 75 | L: 1000 | R: 175.0000 | BS: 37500 | FPS: 55.0718 | T: 0:25:15
| train          | F: 76000 | S: 38000 | E: 76 | L: 1000 | R: 114.0000 | BS: 38000 | FPS: 53.2644 | T: 0:25:34
| train          | F: 77000 | S: 38500 | E: 77 | L: 1000 | R: 120.0000 | BS: 38500 | FPS: 51.1044 | T: 0:25:53
| train          | F: 78000 | S: 39000 | E: 78 | L: 1000 | R: 189.0000 | BS: 39000 | FPS: 51.4645 | T: 0:26:13
| train          | F: 79000 | S: 39500 | E: 79 | L: 1000 | R: 176.0000 | BS: 39500 | FPS: 51.2535 | T: 0:26:32
| train          | F: 80000 | S: 40000 | E: 80 | L: 1000 | R: 186.0000 | BS: 40000 | FPS: 51.6186 | T: 0:26:52
| eval           | F: 80000 | S: 40000 | E: 80 | L: 1000 | R: 214.5000 | T: 0:26:52
| train          | F: 81000 | S: 40500 | E: 81 | L: 1000 | R: 170.0000 | BS: 40500 | FPS: 23.6953 | T: 0:27:34
| train          | F: 82000 | S: 41000 | E: 82 | L: 1000 | R: 290.0000 | BS: 41000 | FPS: 53.7382 | T: 0:27:53
| train          | F: 83000 | S: 41500 | E: 83 | L: 1000 | R: 423.0000 | BS: 41500 | FPS: 50.7142 | T: 0:28:12
| train          | F: 84000 | S: 42000 | E: 84 | L: 1000 | R: 461.0000 | BS: 42000 | FPS: 56.9134 | T: 0:28:30
| train          | F: 85000 | S: 42500 | E: 85 | L: 1000 | R: 536.0000 | BS: 42500 | FPS: 53.4855 | T: 0:28:49
| train          | F: 86000 | S: 43000 | E: 86 | L: 1000 | R: 581.0000 | BS: 43000 | FPS: 49.9901 | T: 0:29:09
| train          | F: 87000 | S: 43500 | E: 87 | L: 1000 | R: 808.0000 | BS: 43500 | FPS: 49.8769 | T: 0:29:29
| train          | F: 88000 | S: 44000 | E: 88 | L: 1000 | R: 504.0000 | BS: 44000 | FPS: 52.6256 | T: 0:29:48
| train          | F: 89000 | S: 44500 | E: 89 | L: 1000 | R: 715.0000 | BS: 44500 | FPS: 53.6610 | T: 0:30:06
| train          | F: 90000 | S: 45000 | E: 90 | L: 1000 | R: 903.0000 | BS: 45000 | FPS: 53.3898 | T: 0:30:25
| eval           | F: 90000 | S: 45000 | E: 90 | L: 1000 | R: 821.2000 | T: 0:30:25
| train          | F: 91000 | S: 45500 | E: 91 | L: 1000 | R: 605.0000 | BS: 45500 | FPS: 23.9321 | T: 0:31:07
| train          | F: 92000 | S: 46000 | E: 92 | L: 1000 | R: 580.0000 | BS: 46000 | FPS: 57.3424 | T: 0:31:24
| train          | F: 93000 | S: 46500 | E: 93 | L: 1000 | R: 857.0000 | BS: 46500 | FPS: 56.1388 | T: 0:31:42
| train          | F: 94000 | S: 47000 | E: 94 | L: 1000 | R: 911.0000 | BS: 47000 | FPS: 54.2669 | T: 0:32:00
| train          | F: 95000 | S: 47500 | E: 95 | L: 1000 | R: 908.0000 | BS: 47500 | FPS: 53.1200 | T: 0:32:19
| train          | F: 96000 | S: 48000 | E: 96 | L: 1000 | R: 805.0000 | BS: 48000 | FPS: 54.0467 | T: 0:32:38
| train          | F: 97000 | S: 48500 | E: 97 | L: 1000 | R: 676.0000 | BS: 48500 | FPS: 52.2982 | T: 0:32:57
| train          | F: 98000 | S: 49000 | E: 98 | L: 1000 | R: 939.0000 | BS: 49000 | FPS: 53.0256 | T: 0:33:16
| train          | F: 99000 | S: 49500 | E: 99 | L: 1000 | R: 588.0000 | BS: 49500 | FPS: 51.1165 | T: 0:33:35
| train          | F: 100000 | S: 50000 | E: 100 | L: 1000 | R: 941.0000 | BS: 50000 | FPS: 50.3638 | T: 0:33:55
| eval           | F: 100000 | S: 50000 | E: 100 | L: 1000 | R: 791.8000 | T: 0:33:55
| train          | F: 101000 | S: 50500 | E: 101 | L: 1000 | R: 887.0000 | BS: 50500 | FPS: 23.6418 | T: 0:34:37
| train          | F: 102000 | S: 51000 | E: 102 | L: 1000 | R: 983.0000 | BS: 51000 | FPS: 57.3126 | T: 0:34:55
| train          | F: 103000 | S: 51500 | E: 103 | L: 1000 | R: 685.0000 | BS: 51500 | FPS: 55.9657 | T: 0:35:13
| train          | F: 104000 | S: 52000 | E: 104 | L: 1000 | R: 913.0000 | BS: 52000 | FPS: 52.9004 | T: 0:35:32
| train          | F: 105000 | S: 52500 | E: 105 | L: 1000 | R: 573.0000 | BS: 52500 | FPS: 53.7830 | T: 0:35:50
| train          | F: 106000 | S: 53000 | E: 106 | L: 1000 | R: 941.0000 | BS: 53000 | FPS: 51.4526 | T: 0:36:10
| train          | F: 107000 | S: 53500 | E: 107 | L: 1000 | R: 582.0000 | BS: 53500 | FPS: 52.2688 | T: 0:36:29
| train          | F: 108000 | S: 54000 | E: 108 | L: 1000 | R: 560.0000 | BS: 54000 | FPS: 52.9291 | T: 0:36:48
| train          | F: 109000 | S: 54500 | E: 109 | L: 1000 | R: 868.0000 | BS: 54500 | FPS: 52.3636 | T: 0:37:07
| train          | F: 110000 | S: 55000 | E: 110 | L: 1000 | R: 592.0000 | BS: 55000 | FPS: 52.1640 | T: 0:37:26
| eval           | F: 110000 | S: 55000 | E: 110 | L: 1000 | R: 776.5000 | T: 0:37:26
| train          | F: 111000 | S: 55500 | E: 111 | L: 1000 | R: 740.0000 | BS: 55500 | FPS: 23.8251 | T: 0:38:08
| train          | F: 112000 | S: 56000 | E: 112 | L: 1000 | R: 723.0000 | BS: 56000 | FPS: 56.2239 | T: 0:38:26
| train          | F: 113000 | S: 56500 | E: 113 | L: 1000 | R: 615.0000 | BS: 56500 | FPS: 54.7388 | T: 0:38:44
| train          | F: 114000 | S: 57000 | E: 114 | L: 1000 | R: 864.0000 | BS: 57000 | FPS: 51.7079 | T: 0:39:03
| train          | F: 115000 | S: 57500 | E: 115 | L: 1000 | R: 630.0000 | BS: 57500 | FPS: 54.1012 | T: 0:39:22
| train          | F: 116000 | S: 58000 | E: 116 | L: 1000 | R: 771.0000 | BS: 58000 | FPS: 54.0262 | T: 0:39:40
| train          | F: 117000 | S: 58500 | E: 117 | L: 1000 | R: 752.0000 | BS: 58500 | FPS: 52.3680 | T: 0:39:59
| train          | F: 118000 | S: 59000 | E: 118 | L: 1000 | R: 689.0000 | BS: 59000 | FPS: 51.0514 | T: 0:40:19
| train          | F: 119000 | S: 59500 | E: 119 | L: 1000 | R: 835.0000 | BS: 59500 | FPS: 53.0461 | T: 0:40:38
| train          | F: 120000 | S: 60000 | E: 120 | L: 1000 | R: 727.0000 | BS: 60000 | FPS: 52.4915 | T: 0:40:57
| eval           | F: 120000 | S: 60000 | E: 120 | L: 1000 | R: 782.3000 | T: 0:40:57
| train          | F: 121000 | S: 60500 | E: 121 | L: 1000 | R: 600.0000 | BS: 60500 | FPS: 24.5914 | T: 0:41:38
| train          | F: 122000 | S: 61000 | E: 122 | L: 1000 | R: 594.0000 | BS: 61000 | FPS: 56.8286 | T: 0:41:55
| train          | F: 123000 | S: 61500 | E: 123 | L: 1000 | R: 665.0000 | BS: 61500 | FPS: 50.3225 | T: 0:42:15
| train          | F: 124000 | S: 62000 | E: 124 | L: 1000 | R: 787.0000 | BS: 62000 | FPS: 52.1556 | T: 0:42:34
| train          | F: 125000 | S: 62500 | E: 125 | L: 1000 | R: 638.0000 | BS: 62500 | FPS: 52.9439 | T: 0:42:53
| train          | F: 126000 | S: 63000 | E: 126 | L: 1000 | R: 933.0000 | BS: 63000 | FPS: 50.2366 | T: 0:43:13
| train          | F: 127000 | S: 63500 | E: 127 | L: 1000 | R: 936.0000 | BS: 63500 | FPS: 51.3644 | T: 0:43:32
| train          | F: 128000 | S: 64000 | E: 128 | L: 1000 | R: 693.0000 | BS: 64000 | FPS: 52.1762 | T: 0:43:52
| train          | F: 129000 | S: 64500 | E: 129 | L: 1000 | R: 639.0000 | BS: 64500 | FPS: 47.8775 | T: 0:44:13
| train          | F: 130000 | S: 65000 | E: 130 | L: 1000 | R: 822.0000 | BS: 65000 | FPS: 52.0478 | T: 0:44:32
| eval           | F: 130000 | S: 65000 | E: 130 | L: 1000 | R: 816.6000 | T: 0:44:32
| train          | F: 131000 | S: 65500 | E: 131 | L: 1000 | R: 940.0000 | BS: 65500 | FPS: 23.5008 | T: 0:45:14
| train          | F: 132000 | S: 66000 | E: 132 | L: 1000 | R: 638.0000 | BS: 66000 | FPS: 58.7181 | T: 0:45:31
| train          | F: 133000 | S: 66500 | E: 133 | L: 1000 | R: 936.0000 | BS: 66500 | FPS: 55.9588 | T: 0:45:49
| train          | F: 134000 | S: 67000 | E: 134 | L: 1000 | R: 602.0000 | BS: 67000 | FPS: 52.3088 | T: 0:46:08
| train          | F: 135000 | S: 67500 | E: 135 | L: 1000 | R: 755.0000 | BS: 67500 | FPS: 53.3179 | T: 0:46:27
| train          | F: 136000 | S: 68000 | E: 136 | L: 1000 | R: 800.0000 | BS: 68000 | FPS: 53.3120 | T: 0:46:46
| train          | F: 137000 | S: 68500 | E: 137 | L: 1000 | R: 761.0000 | BS: 68500 | FPS: 52.7154 | T: 0:47:05
| train          | F: 138000 | S: 69000 | E: 138 | L: 1000 | R: 915.0000 | BS: 69000 | FPS: 48.7772 | T: 0:47:25
| train          | F: 139000 | S: 69500 | E: 139 | L: 1000 | R: 698.0000 | BS: 69500 | FPS: 52.8838 | T: 0:47:44
| train          | F: 140000 | S: 70000 | E: 140 | L: 1000 | R: 770.0000 | BS: 70000 | FPS: 52.0879 | T: 0:48:03
| eval           | F: 140000 | S: 70000 | E: 140 | L: 1000 | R: 778.9000 | T: 0:48:03
| train          | F: 141000 | S: 70500 | E: 141 | L: 1000 | R: 937.0000 | BS: 70500 | FPS: 23.4296 | T: 0:48:46
| train          | F: 142000 | S: 71000 | E: 142 | L: 1000 | R: 727.0000 | BS: 71000 | FPS: 57.4482 | T: 0:49:03
| train          | F: 143000 | S: 71500 | E: 143 | L: 1000 | R: 631.0000 | BS: 71500 | FPS: 58.8429 | T: 0:49:20
| train          | F: 144000 | S: 72000 | E: 144 | L: 1000 | R: 714.0000 | BS: 72000 | FPS: 54.6270 | T: 0:49:39
| train          | F: 145000 | S: 72500 | E: 145 | L: 1000 | R: 656.0000 | BS: 72500 | FPS: 55.0730 | T: 0:49:57
| train          | F: 146000 | S: 73000 | E: 146 | L: 1000 | R: 657.0000 | BS: 73000 | FPS: 52.2323 | T: 0:50:16
| train          | F: 147000 | S: 73500 | E: 147 | L: 1000 | R: 802.0000 | BS: 73500 | FPS: 51.5465 | T: 0:50:35
| train          | F: 148000 | S: 74000 | E: 148 | L: 1000 | R: 841.0000 | BS: 74000 | FPS: 54.1022 | T: 0:50:54
| train          | F: 149000 | S: 74500 | E: 149 | L: 1000 | R: 936.0000 | BS: 74500 | FPS: 49.9565 | T: 0:51:14
| train          | F: 150000 | S: 75000 | E: 150 | L: 1000 | R: 599.0000 | BS: 75000 | FPS: 52.3438 | T: 0:51:33
| eval           | F: 150000 | S: 75000 | E: 150 | L: 1000 | R: 807.2000 | T: 0:51:33
| train          | F: 151000 | S: 75500 | E: 151 | L: 1000 | R: 631.0000 | BS: 75500 | FPS: 22.8749 | T: 0:52:17
| train          | F: 152000 | S: 76000 | E: 152 | L: 1000 | R: 607.0000 | BS: 76000 | FPS: 58.2910 | T: 0:52:34
| train          | F: 153000 | S: 76500 | E: 153 | L: 1000 | R: 938.0000 | BS: 76500 | FPS: 55.4150 | T: 0:52:52
| train          | F: 154000 | S: 77000 | E: 154 | L: 1000 | R: 802.0000 | BS: 77000 | FPS: 54.4760 | T: 0:53:10
| train          | F: 155000 | S: 77500 | E: 155 | L: 1000 | R: 787.0000 | BS: 77500 | FPS: 53.4688 | T: 0:53:29
| train          | F: 156000 | S: 78000 | E: 156 | L: 1000 | R: 766.0000 | BS: 78000 | FPS: 54.6265 | T: 0:53:47
| train          | F: 157000 | S: 78500 | E: 157 | L: 1000 | R: 741.0000 | BS: 78500 | FPS: 52.2488 | T: 0:54:07
| train          | F: 158000 | S: 79000 | E: 158 | L: 1000 | R: 938.0000 | BS: 79000 | FPS: 53.3707 | T: 0:54:25
| train          | F: 159000 | S: 79500 | E: 159 | L: 1000 | R: 608.0000 | BS: 79500 | FPS: 52.1906 | T: 0:54:44
| train          | F: 160000 | S: 80000 | E: 160 | L: 1000 | R: 696.0000 | BS: 80000 | FPS: 52.2919 | T: 0:55:04
| eval           | F: 160000 | S: 80000 | E: 160 | L: 1000 | R: 855.6000 | T: 0:55:04
| train          | F: 161000 | S: 80500 | E: 161 | L: 1000 | R: 795.0000 | BS: 80500 | FPS: 25.5518 | T: 0:55:43
| train          | F: 162000 | S: 81000 | E: 162 | L: 1000 | R: 1000.0000 | BS: 81000 | FPS: 57.9011 | T: 0:56:00
| train          | F: 163000 | S: 81500 | E: 163 | L: 1000 | R: 943.0000 | BS: 81500 | FPS: 56.4088 | T: 0:56:18
| train          | F: 164000 | S: 82000 | E: 164 | L: 1000 | R: 766.0000 | BS: 82000 | FPS: 54.0799 | T: 0:56:36
| train          | F: 165000 | S: 82500 | E: 165 | L: 1000 | R: 720.0000 | BS: 82500 | FPS: 52.1385 | T: 0:56:55
| train          | F: 166000 | S: 83000 | E: 166 | L: 1000 | R: 590.0000 | BS: 83000 | FPS: 53.1191 | T: 0:57:14
| train          | F: 167000 | S: 83500 | E: 167 | L: 1000 | R: 640.0000 | BS: 83500 | FPS: 49.7450 | T: 0:57:34
| train          | F: 168000 | S: 84000 | E: 168 | L: 1000 | R: 1000.0000 | BS: 84000 | FPS: 50.4726 | T: 0:57:54
| train          | F: 169000 | S: 84500 | E: 169 | L: 1000 | R: 941.0000 | BS: 84500 | FPS: 48.0501 | T: 0:58:15
| train          | F: 170000 | S: 85000 | E: 170 | L: 1000 | R: 937.0000 | BS: 85000 | FPS: 51.0964 | T: 0:58:34
| eval           | F: 170000 | S: 85000 | E: 170 | L: 1000 | R: 845.3000 | T: 0:58:34
| train          | F: 171000 | S: 85500 | E: 171 | L: 1000 | R: 889.0000 | BS: 85500 | FPS: 24.5578 | T: 0:59:15
| train          | F: 172000 | S: 86000 | E: 172 | L: 1000 | R: 599.0000 | BS: 86000 | FPS: 59.8155 | T: 0:59:32
| train          | F: 173000 | S: 86500 | E: 173 | L: 1000 | R: 938.0000 | BS: 86500 | FPS: 56.7062 | T: 0:59:50
| train          | F: 174000 | S: 87000 | E: 174 | L: 1000 | R: 918.0000 | BS: 87000 | FPS: 54.2515 | T: 1:00:08
| train          | F: 175000 | S: 87500 | E: 175 | L: 1000 | R: 935.0000 | BS: 87500 | FPS: 53.1861 | T: 1:00:27
| train          | F: 176000 | S: 88000 | E: 176 | L: 1000 | R: 771.0000 | BS: 88000 | FPS: 54.0316 | T: 1:00:45
| train          | F: 177000 | S: 88500 | E: 177 | L: 1000 | R: 866.0000 | BS: 88500 | FPS: 54.1794 | T: 1:01:04
| train          | F: 178000 | S: 89000 | E: 178 | L: 1000 | R: 827.0000 | BS: 89000 | FPS: 51.2270 | T: 1:01:23
| train          | F: 179000 | S: 89500 | E: 179 | L: 1000 | R: 670.0000 | BS: 89500 | FPS: 51.9619 | T: 1:01:43
| train          | F: 180000 | S: 90000 | E: 180 | L: 1000 | R: 911.0000 | BS: 90000 | FPS: 53.0891 | T: 1:02:01
| eval           | F: 180000 | S: 90000 | E: 180 | L: 1000 | R: 833.8000 | T: 1:02:01
| train          | F: 181000 | S: 90500 | E: 181 | L: 1000 | R: 941.0000 | BS: 90500 | FPS: 23.9889 | T: 1:02:43
| train          | F: 182000 | S: 91000 | E: 182 | L: 1000 | R: 732.0000 | BS: 91000 | FPS: 57.8065 | T: 1:03:00
| train          | F: 183000 | S: 91500 | E: 183 | L: 1000 | R: 770.0000 | BS: 91500 | FPS: 56.9539 | T: 1:03:18
| train          | F: 184000 | S: 92000 | E: 184 | L: 1000 | R: 641.0000 | BS: 92000 | FPS: 54.4169 | T: 1:03:36
| train          | F: 185000 | S: 92500 | E: 185 | L: 1000 | R: 827.0000 | BS: 92500 | FPS: 54.2730 | T: 1:03:55
| train          | F: 186000 | S: 93000 | E: 186 | L: 1000 | R: 757.0000 | BS: 93000 | FPS: 54.0568 | T: 1:04:13
| train          | F: 187000 | S: 93500 | E: 187 | L: 1000 | R: 738.0000 | BS: 93500 | FPS: 52.9205 | T: 1:04:32
| train          | F: 188000 | S: 94000 | E: 188 | L: 1000 | R: 933.0000 | BS: 94000 | FPS: 51.8348 | T: 1:04:51
| train          | F: 189000 | S: 94500 | E: 189 | L: 1000 | R: 991.0000 | BS: 94500 | FPS: 52.9620 | T: 1:05:10
| train          | F: 190000 | S: 95000 | E: 190 | L: 1000 | R: 683.0000 | BS: 95000 | FPS: 52.6793 | T: 1:05:29
| eval           | F: 190000 | S: 95000 | E: 190 | L: 1000 | R: 770.2000 | T: 1:05:29
| train          | F: 191000 | S: 95500 | E: 191 | L: 1000 | R: 829.0000 | BS: 95500 | FPS: 25.5209 | T: 1:06:08
| train          | F: 192000 | S: 96000 | E: 192 | L: 1000 | R: 649.0000 | BS: 96000 | FPS: 57.0716 | T: 1:06:26
| train          | F: 193000 | S: 96500 | E: 193 | L: 1000 | R: 846.0000 | BS: 96500 | FPS: 54.4248 | T: 1:06:44
| train          | F: 194000 | S: 97000 | E: 194 | L: 1000 | R: 785.0000 | BS: 97000 | FPS: 54.7014 | T: 1:07:03
| train          | F: 195000 | S: 97500 | E: 195 | L: 1000 | R: 688.0000 | BS: 97500 | FPS: 51.3123 | T: 1:07:22
| train          | F: 196000 | S: 98000 | E: 196 | L: 1000 | R: 617.0000 | BS: 98000 | FPS: 54.3984 | T: 1:07:40
| train          | F: 197000 | S: 98500 | E: 197 | L: 1000 | R: 664.0000 | BS: 98500 | FPS: 53.5428 | T: 1:07:59
| train          | F: 198000 | S: 99000 | E: 198 | L: 1000 | R: 798.0000 | BS: 99000 | FPS: 51.2410 | T: 1:08:19
| train          | F: 199000 | S: 99500 | E: 199 | L: 1000 | R: 941.0000 | BS: 99500 | FPS: 54.0054 | T: 1:08:37
| train          | F: 200000 | S: 100000 | E: 200 | L: 1000 | R: 641.0000 | BS: 100000 | FPS: 49.7556 | T: 1:08:57
| eval           | F: 200000 | S: 100000 | E: 200 | L: 1000 | R: 853.4000 | T: 1:08:57
| train          | F: 201000 | S: 100500 | E: 201 | L: 1000 | R: 634.0000 | BS: 100500 | FPS: 26.0464 | T: 1:09:36
| train          | F: 202000 | S: 101000 | E: 202 | L: 1000 | R: 936.0000 | BS: 101000 | FPS: 57.0151 | T: 1:09:53
| train          | F: 203000 | S: 101500 | E: 203 | L: 1000 | R: 685.0000 | BS: 101500 | FPS: 54.0296 | T: 1:10:12
| train          | F: 204000 | S: 102000 | E: 204 | L: 1000 | R: 847.0000 | BS: 102000 | FPS: 51.8788 | T: 1:10:31
| train          | F: 205000 | S: 102500 | E: 205 | L: 1000 | R: 919.0000 | BS: 102500 | FPS: 51.5648 | T: 1:10:50
| train          | F: 206000 | S: 103000 | E: 206 | L: 1000 | R: 1000.0000 | BS: 103000 | FPS: 51.7464 | T: 1:11:10
| train          | F: 207000 | S: 103500 | E: 207 | L: 1000 | R: 940.0000 | BS: 103500 | FPS: 52.7813 | T: 1:11:29
| train          | F: 208000 | S: 104000 | E: 208 | L: 1000 | R: 936.0000 | BS: 104000 | FPS: 52.8277 | T: 1:11:48
| train          | F: 209000 | S: 104500 | E: 209 | L: 1000 | R: 690.0000 | BS: 104500 | FPS: 52.2168 | T: 1:12:07
| train          | F: 210000 | S: 105000 | E: 210 | L: 1000 | R: 688.0000 | BS: 105000 | FPS: 52.4572 | T: 1:12:26
| eval           | F: 210000 | S: 105000 | E: 210 | L: 1000 | R: 768.1000 | T: 1:12:26
| train          | F: 211000 | S: 105500 | E: 211 | L: 1000 | R: 919.0000 | BS: 105500 | FPS: 24.6930 | T: 1:13:06
| train          | F: 212000 | S: 106000 | E: 212 | L: 1000 | R: 640.0000 | BS: 106000 | FPS: 56.2979 | T: 1:13:24
| train          | F: 213000 | S: 106500 | E: 213 | L: 1000 | R: 752.0000 | BS: 106500 | FPS: 57.3396 | T: 1:13:42
| train          | F: 214000 | S: 107000 | E: 214 | L: 1000 | R: 723.0000 | BS: 107000 | FPS: 54.9172 | T: 1:14:00
| train          | F: 215000 | S: 107500 | E: 215 | L: 1000 | R: 723.0000 | BS: 107500 | FPS: 53.3710 | T: 1:14:18
| train          | F: 216000 | S: 108000 | E: 216 | L: 1000 | R: 1000.0000 | BS: 108000 | FPS: 54.5446 | T: 1:14:37
| train          | F: 217000 | S: 108500 | E: 217 | L: 1000 | R: 658.0000 | BS: 108500 | FPS: 51.6912 | T: 1:14:56
| train          | F: 218000 | S: 109000 | E: 218 | L: 1000 | R: 631.0000 | BS: 109000 | FPS: 53.1175 | T: 1:15:15
| train          | F: 219000 | S: 109500 | E: 219 | L: 1000 | R: 765.0000 | BS: 109500 | FPS: 51.8182 | T: 1:15:34
| train          | F: 220000 | S: 110000 | E: 220 | L: 1000 | R: 624.0000 | BS: 110000 | FPS: 53.0488 | T: 1:15:53
| eval           | F: 220000 | S: 110000 | E: 220 | L: 1000 | R: 785.6000 | T: 1:15:53
| train          | F: 221000 | S: 110500 | E: 221 | L: 1000 | R: 746.0000 | BS: 110500 | FPS: 23.5909 | T: 1:16:35
| train          | F: 222000 | S: 111000 | E: 222 | L: 1000 | R: 887.0000 | BS: 111000 | FPS: 52.5379 | T: 1:16:55
| train          | F: 223000 | S: 111500 | E: 223 | L: 1000 | R: 722.0000 | BS: 111500 | FPS: 57.9408 | T: 1:17:12
| train          | F: 224000 | S: 112000 | E: 224 | L: 1000 | R: 756.0000 | BS: 112000 | FPS: 55.9775 | T: 1:17:30
| train          | F: 225000 | S: 112500 | E: 225 | L: 1000 | R: 884.0000 | BS: 112500 | FPS: 51.4091 | T: 1:17:49
| train          | F: 226000 | S: 113000 | E: 226 | L: 1000 | R: 618.0000 | BS: 113000 | FPS: 52.3145 | T: 1:18:08
| train          | F: 227000 | S: 113500 | E: 227 | L: 1000 | R: 939.0000 | BS: 113500 | FPS: 53.8850 | T: 1:18:27
| train          | F: 228000 | S: 114000 | E: 228 | L: 1000 | R: 670.0000 | BS: 114000 | FPS: 54.6116 | T: 1:18:45
| train          | F: 229000 | S: 114500 | E: 229 | L: 1000 | R: 699.0000 | BS: 114500 | FPS: 50.6809 | T: 1:19:05
| train          | F: 230000 | S: 115000 | E: 230 | L: 1000 | R: 683.0000 | BS: 115000 | FPS: 54.5453 | T: 1:19:23
| eval           | F: 230000 | S: 115000 | E: 230 | L: 1000 | R: 880.6000 | T: 1:19:23
| train          | F: 231000 | S: 115500 | E: 231 | L: 1000 | R: 910.0000 | BS: 115500 | FPS: 25.6991 | T: 1:20:02
| train          | F: 232000 | S: 116000 | E: 232 | L: 1000 | R: 934.0000 | BS: 116000 | FPS: 58.0276 | T: 1:20:19
| train          | F: 233000 | S: 116500 | E: 233 | L: 1000 | R: 751.0000 | BS: 116500 | FPS: 55.5032 | T: 1:20:37
| train          | F: 234000 | S: 117000 | E: 234 | L: 1000 | R: 820.0000 | BS: 117000 | FPS: 55.7633 | T: 1:20:55
| train          | F: 235000 | S: 117500 | E: 235 | L: 1000 | R: 1000.0000 | BS: 117500 | FPS: 52.4913 | T: 1:21:14
| train          | F: 236000 | S: 118000 | E: 236 | L: 1000 | R: 941.0000 | BS: 118000 | FPS: 50.2540 | T: 1:21:34
| train          | F: 237000 | S: 118500 | E: 237 | L: 1000 | R: 594.0000 | BS: 118500 | FPS: 53.7774 | T: 1:21:53
| train          | F: 238000 | S: 119000 | E: 238 | L: 1000 | R: 941.0000 | BS: 119000 | FPS: 51.5088 | T: 1:22:12
| train          | F: 239000 | S: 119500 | E: 239 | L: 1000 | R: 918.0000 | BS: 119500 | FPS: 52.0836 | T: 1:22:31
| train          | F: 240000 | S: 120000 | E: 240 | L: 1000 | R: 754.0000 | BS: 120000 | FPS: 54.0489 | T: 1:22:50
| eval           | F: 240000 | S: 120000 | E: 240 | L: 1000 | R: 824.1000 | T: 1:22:50
| train          | F: 241000 | S: 120500 | E: 241 | L: 1000 | R: 888.0000 | BS: 120500 | FPS: 23.9021 | T: 1:23:32
| train          | F: 242000 | S: 121000 | E: 242 | L: 1000 | R: 671.0000 | BS: 121000 | FPS: 58.9723 | T: 1:23:49
| train          | F: 243000 | S: 121500 | E: 243 | L: 1000 | R: 938.0000 | BS: 121500 | FPS: 56.4878 | T: 1:24:06
| train          | F: 244000 | S: 122000 | E: 244 | L: 1000 | R: 744.0000 | BS: 122000 | FPS: 55.2443 | T: 1:24:25
| train          | F: 245000 | S: 122500 | E: 245 | L: 1000 | R: 750.0000 | BS: 122500 | FPS: 55.0740 | T: 1:24:43
| train          | F: 246000 | S: 123000 | E: 246 | L: 1000 | R: 940.0000 | BS: 123000 | FPS: 53.9261 | T: 1:25:01
| train          | F: 247000 | S: 123500 | E: 247 | L: 1000 | R: 640.0000 | BS: 123500 | FPS: 52.6930 | T: 1:25:20
| train          | F: 248000 | S: 124000 | E: 248 | L: 1000 | R: 918.0000 | BS: 124000 | FPS: 53.5807 | T: 1:25:39
| train          | F: 249000 | S: 124500 | E: 249 | L: 1000 | R: 870.0000 | BS: 124500 | FPS: 52.2171 | T: 1:25:58
| train          | F: 250000 | S: 125000 | E: 250 | L: 1000 | R: 685.0000 | BS: 125000 | FPS: 50.5894 | T: 1:26:18
| eval           | F: 250000 | S: 125000 | E: 250 | L: 1000 | R: 841.6000 | T: 1:26:18
| train          | F: 251000 | S: 125500 | E: 251 | L: 1000 | R: 605.0000 | BS: 125500 | FPS: 24.0761 | T: 1:26:59
| train          | F: 252000 | S: 126000 | E: 252 | L: 1000 | R: 608.0000 | BS: 126000 | FPS: 58.0215 | T: 1:27:17
| train          | F: 253000 | S: 126500 | E: 253 | L: 1000 | R: 923.0000 | BS: 126500 | FPS: 56.5534 | T: 1:27:34
| train          | F: 254000 | S: 127000 | E: 254 | L: 1000 | R: 644.0000 | BS: 127000 | FPS: 55.2027 | T: 1:27:52
| train          | F: 255000 | S: 127500 | E: 255 | L: 1000 | R: 940.0000 | BS: 127500 | FPS: 53.7501 | T: 1:28:11
| train          | F: 256000 | S: 128000 | E: 256 | L: 1000 | R: 764.0000 | BS: 128000 | FPS: 49.0722 | T: 1:28:31
| train          | F: 257000 | S: 128500 | E: 257 | L: 1000 | R: 938.0000 | BS: 128500 | FPS: 51.9010 | T: 1:28:51
| train          | F: 258000 | S: 129000 | E: 258 | L: 1000 | R: 941.0000 | BS: 129000 | FPS: 53.3090 | T: 1:29:09
| train          | F: 259000 | S: 129500 | E: 259 | L: 1000 | R: 822.0000 | BS: 129500 | FPS: 53.2495 | T: 1:29:28
| train          | F: 260000 | S: 130000 | E: 260 | L: 1000 | R: 938.0000 | BS: 130000 | FPS: 52.9475 | T: 1:29:47
| eval           | F: 260000 | S: 130000 | E: 260 | L: 1000 | R: 861.7000 | T: 1:29:47
| train          | F: 261000 | S: 130500 | E: 261 | L: 1000 | R: 774.0000 | BS: 130500 | FPS: 24.5175 | T: 1:30:28
| train          | F: 262000 | S: 131000 | E: 262 | L: 1000 | R: 711.0000 | BS: 131000 | FPS: 59.3271 | T: 1:30:45
| train          | F: 263000 | S: 131500 | E: 263 | L: 1000 | R: 774.0000 | BS: 131500 | FPS: 56.8948 | T: 1:31:02
| train          | F: 264000 | S: 132000 | E: 264 | L: 1000 | R: 831.0000 | BS: 132000 | FPS: 57.3581 | T: 1:31:20
| train          | F: 265000 | S: 132500 | E: 265 | L: 1000 | R: 696.0000 | BS: 132500 | FPS: 53.0602 | T: 1:31:39
| train          | F: 266000 | S: 133000 | E: 266 | L: 1000 | R: 889.0000 | BS: 133000 | FPS: 54.0253 | T: 1:31:57
| train          | F: 267000 | S: 133500 | E: 267 | L: 1000 | R: 870.0000 | BS: 133500 | FPS: 52.5133 | T: 1:32:16
| train          | F: 268000 | S: 134000 | E: 268 | L: 1000 | R: 915.0000 | BS: 134000 | FPS: 51.2529 | T: 1:32:36
| train          | F: 269000 | S: 134500 | E: 269 | L: 1000 | R: 923.0000 | BS: 134500 | FPS: 52.8577 | T: 1:32:54
| train          | F: 270000 | S: 135000 | E: 270 | L: 1000 | R: 921.0000 | BS: 135000 | FPS: 53.0629 | T: 1:33:13
| eval           | F: 270000 | S: 135000 | E: 270 | L: 1000 | R: 868.0000 | T: 1:33:13
| train          | F: 271000 | S: 135500 | E: 271 | L: 1000 | R: 923.0000 | BS: 135500 | FPS: 24.4803 | T: 1:33:54
| train          | F: 272000 | S: 136000 | E: 272 | L: 1000 | R: 890.0000 | BS: 136000 | FPS: 53.2740 | T: 1:34:13
| train          | F: 273000 | S: 136500 | E: 273 | L: 1000 | R: 941.0000 | BS: 136500 | FPS: 51.0372 | T: 1:34:33
| train          | F: 274000 | S: 137000 | E: 274 | L: 1000 | R: 919.0000 | BS: 137000 | FPS: 50.2425 | T: 1:34:52
| train          | F: 275000 | S: 137500 | E: 275 | L: 1000 | R: 574.0000 | BS: 137500 | FPS: 52.3247 | T: 1:35:12
| train          | F: 276000 | S: 138000 | E: 276 | L: 1000 | R: 855.0000 | BS: 138000 | FPS: 55.7499 | T: 1:35:29
| train          | F: 277000 | S: 138500 | E: 277 | L: 1000 | R: 802.0000 | BS: 138500 | FPS: 54.9960 | T: 1:35:48
| train          | F: 278000 | S: 139000 | E: 278 | L: 1000 | R: 916.0000 | BS: 139000 | FPS: 53.3958 | T: 1:36:06
| train          | F: 279000 | S: 139500 | E: 279 | L: 1000 | R: 885.0000 | BS: 139500 | FPS: 53.3187 | T: 1:36:25
| train          | F: 280000 | S: 140000 | E: 280 | L: 1000 | R: 750.0000 | BS: 140000 | FPS: 51.7430 | T: 1:36:44
| eval           | F: 280000 | S: 140000 | E: 280 | L: 1000 | R: 825.2000 | T: 1:36:44
| train          | F: 281000 | S: 140500 | E: 281 | L: 1000 | R: 677.0000 | BS: 140500 | FPS: 23.3431 | T: 1:37:27
| train          | F: 282000 | S: 141000 | E: 282 | L: 1000 | R: 687.0000 | BS: 141000 | FPS: 59.0832 | T: 1:37:44
| train          | F: 283000 | S: 141500 | E: 283 | L: 1000 | R: 871.0000 | BS: 141500 | FPS: 55.7914 | T: 1:38:02
| train          | F: 284000 | S: 142000 | E: 284 | L: 1000 | R: 824.0000 | BS: 142000 | FPS: 53.3000 | T: 1:38:21
| train          | F: 285000 | S: 142500 | E: 285 | L: 1000 | R: 794.0000 | BS: 142500 | FPS: 51.6277 | T: 1:38:40
| train          | F: 286000 | S: 143000 | E: 286 | L: 1000 | R: 701.0000 | BS: 143000 | FPS: 51.1304 | T: 1:39:00
| train          | F: 287000 | S: 143500 | E: 287 | L: 1000 | R: 982.0000 | BS: 143500 | FPS: 55.6090 | T: 1:39:18
| train          | F: 288000 | S: 144000 | E: 288 | L: 1000 | R: 760.0000 | BS: 144000 | FPS: 53.6708 | T: 1:39:36
| train          | F: 289000 | S: 144500 | E: 289 | L: 1000 | R: 939.0000 | BS: 144500 | FPS: 52.6803 | T: 1:39:55
| train          | F: 290000 | S: 145000 | E: 290 | L: 1000 | R: 842.0000 | BS: 145000 | FPS: 55.5259 | T: 1:40:13
| eval           | F: 290000 | S: 145000 | E: 290 | L: 1000 | R: 853.8000 | T: 1:40:13
| train          | F: 291000 | S: 145500 | E: 291 | L: 1000 | R: 1000.0000 | BS: 145500 | FPS: 24.5098 | T: 1:40:54
| train          | F: 292000 | S: 146000 | E: 292 | L: 1000 | R: 789.0000 | BS: 146000 | FPS: 58.0510 | T: 1:41:12
| train          | F: 293000 | S: 146500 | E: 293 | L: 1000 | R: 938.0000 | BS: 146500 | FPS: 57.6637 | T: 1:41:29
| train          | F: 294000 | S: 147000 | E: 294 | L: 1000 | R: 917.0000 | BS: 147000 | FPS: 52.7882 | T: 1:41:48
| train          | F: 295000 | S: 147500 | E: 295 | L: 1000 | R: 884.0000 | BS: 147500 | FPS: 53.0101 | T: 1:42:07
| train          | F: 296000 | S: 148000 | E: 296 | L: 1000 | R: 680.0000 | BS: 148000 | FPS: 55.2601 | T: 1:42:25
| train          | F: 297000 | S: 148500 | E: 297 | L: 1000 | R: 931.0000 | BS: 148500 | FPS: 54.2460 | T: 1:42:43
| train          | F: 298000 | S: 149000 | E: 298 | L: 1000 | R: 681.0000 | BS: 149000 | FPS: 50.8388 | T: 1:43:03
| train          | F: 299000 | S: 149500 | E: 299 | L: 1000 | R: 616.0000 | BS: 149500 | FPS: 52.9582 | T: 1:43:22
| train          | F: 300000 | S: 150000 | E: 300 | L: 1000 | R: 754.0000 | BS: 150000 | FPS: 52.3978 | T: 1:43:41
| eval           | F: 300000 | S: 150000 | E: 300 | L: 1000 | R: 865.4000 | T: 1:43:41
| train          | F: 301000 | S: 150500 | E: 301 | L: 1000 | R: 759.0000 | BS: 150500 | FPS: 23.3277 | T: 1:44:24
| train          | F: 302000 | S: 151000 | E: 302 | L: 1000 | R: 674.0000 | BS: 151000 | FPS: 56.1323 | T: 1:44:42
| train          | F: 303000 | S: 151500 | E: 303 | L: 1000 | R: 879.0000 | BS: 151500 | FPS: 53.1596 | T: 1:45:00
| train          | F: 304000 | S: 152000 | E: 304 | L: 1000 | R: 938.0000 | BS: 152000 | FPS: 52.0590 | T: 1:45:20
| train          | F: 305000 | S: 152500 | E: 305 | L: 1000 | R: 756.0000 | BS: 152500 | FPS: 50.6551 | T: 1:45:39
| train          | F: 306000 | S: 153000 | E: 306 | L: 1000 | R: 921.0000 | BS: 153000 | FPS: 51.6285 | T: 1:45:59
| train          | F: 307000 | S: 153500 | E: 307 | L: 1000 | R: 884.0000 | BS: 153500 | FPS: 54.8904 | T: 1:46:17
| train          | F: 308000 | S: 154000 | E: 308 | L: 1000 | R: 801.0000 | BS: 154000 | FPS: 53.4030 | T: 1:46:36
| train          | F: 309000 | S: 154500 | E: 309 | L: 1000 | R: 939.0000 | BS: 154500 | FPS: 50.0570 | T: 1:46:56
| train          | F: 310000 | S: 155000 | E: 310 | L: 1000 | R: 888.0000 | BS: 155000 | FPS: 51.4869 | T: 1:47:15
| eval           | F: 310000 | S: 155000 | E: 310 | L: 1000 | R: 804.0000 | T: 1:47:15
| train          | F: 311000 | S: 155500 | E: 311 | L: 1000 | R: 687.0000 | BS: 155500 | FPS: 25.6315 | T: 1:47:54
| train          | F: 312000 | S: 156000 | E: 312 | L: 1000 | R: 688.0000 | BS: 156000 | FPS: 60.8136 | T: 1:48:10
| train          | F: 313000 | S: 156500 | E: 313 | L: 1000 | R: 836.0000 | BS: 156500 | FPS: 55.9468 | T: 1:48:28
| train          | F: 314000 | S: 157000 | E: 314 | L: 1000 | R: 667.0000 | BS: 157000 | FPS: 55.5560 | T: 1:48:46
| train          | F: 315000 | S: 157500 | E: 315 | L: 1000 | R: 754.0000 | BS: 157500 | FPS: 54.7055 | T: 1:49:05
| train          | F: 316000 | S: 158000 | E: 316 | L: 1000 | R: 1000.0000 | BS: 158000 | FPS: 52.0666 | T: 1:49:24
| train          | F: 317000 | S: 158500 | E: 317 | L: 1000 | R: 845.0000 | BS: 158500 | FPS: 53.6759 | T: 1:49:42
| train          | F: 318000 | S: 159000 | E: 318 | L: 1000 | R: 777.0000 | BS: 159000 | FPS: 49.5280 | T: 1:50:03
| train          | F: 319000 | S: 159500 | E: 319 | L: 1000 | R: 793.0000 | BS: 159500 | FPS: 49.5501 | T: 1:50:23
| train          | F: 320000 | S: 160000 | E: 320 | L: 1000 | R: 714.0000 | BS: 160000 | FPS: 53.8656 | T: 1:50:41
| eval           | F: 320000 | S: 160000 | E: 320 | L: 1000 | R: 902.7000 | T: 1:50:41
| train          | F: 321000 | S: 160500 | E: 321 | L: 1000 | R: 931.0000 | BS: 160500 | FPS: 26.0252 | T: 1:51:20
| train          | F: 322000 | S: 161000 | E: 322 | L: 1000 | R: 938.0000 | BS: 161000 | FPS: 58.4638 | T: 1:51:37
| train          | F: 323000 | S: 161500 | E: 323 | L: 1000 | R: 801.0000 | BS: 161500 | FPS: 57.3542 | T: 1:51:54
| train          | F: 324000 | S: 162000 | E: 324 | L: 1000 | R: 672.0000 | BS: 162000 | FPS: 52.9834 | T: 1:52:13
| train          | F: 325000 | S: 162500 | E: 325 | L: 1000 | R: 1000.0000 | BS: 162500 | FPS: 54.9980 | T: 1:52:31
| train          | F: 326000 | S: 163000 | E: 326 | L: 1000 | R: 992.0000 | BS: 163000 | FPS: 54.6018 | T: 1:52:50
| train          | F: 327000 | S: 163500 | E: 327 | L: 1000 | R: 718.0000 | BS: 163500 | FPS: 53.2748 | T: 1:53:08
| train          | F: 328000 | S: 164000 | E: 328 | L: 1000 | R: 941.0000 | BS: 164000 | FPS: 52.6509 | T: 1:53:27
| train          | F: 329000 | S: 164500 | E: 329 | L: 1000 | R: 934.0000 | BS: 164500 | FPS: 52.7428 | T: 1:53:46
| train          | F: 330000 | S: 165000 | E: 330 | L: 1000 | R: 877.0000 | BS: 165000 | FPS: 52.1188 | T: 1:54:06
| eval           | F: 330000 | S: 165000 | E: 330 | L: 1000 | R: 823.5000 | T: 1:54:06
| train          | F: 331000 | S: 165500 | E: 331 | L: 1000 | R: 722.0000 | BS: 165500 | FPS: 25.7152 | T: 1:54:44
| train          | F: 332000 | S: 166000 | E: 332 | L: 1000 | R: 785.0000 | BS: 166000 | FPS: 58.6956 | T: 1:55:02
| train          | F: 333000 | S: 166500 | E: 333 | L: 1000 | R: 801.0000 | BS: 166500 | FPS: 53.9649 | T: 1:55:20
| train          | F: 334000 | S: 167000 | E: 334 | L: 1000 | R: 1000.0000 | BS: 167000 | FPS: 52.2139 | T: 1:55:39
| train          | F: 335000 | S: 167500 | E: 335 | L: 1000 | R: 797.0000 | BS: 167500 | FPS: 49.2911 | T: 1:56:00
| train          | F: 336000 | S: 168000 | E: 336 | L: 1000 | R: 657.0000 | BS: 168000 | FPS: 52.2788 | T: 1:56:19
| train          | F: 337000 | S: 168500 | E: 337 | L: 1000 | R: 891.0000 | BS: 168500 | FPS: 56.6838 | T: 1:56:36
| train          | F: 338000 | S: 169000 | E: 338 | L: 1000 | R: 713.0000 | BS: 169000 | FPS: 55.7856 | T: 1:56:54
| train          | F: 339000 | S: 169500 | E: 339 | L: 1000 | R: 717.0000 | BS: 169500 | FPS: 53.1978 | T: 1:57:13
| train          | F: 340000 | S: 170000 | E: 340 | L: 1000 | R: 933.0000 | BS: 170000 | FPS: 54.9682 | T: 1:57:31
| eval           | F: 340000 | S: 170000 | E: 340 | L: 1000 | R: 803.5000 | T: 1:57:31
| train          | F: 341000 | S: 170500 | E: 341 | L: 1000 | R: 722.0000 | BS: 170500 | FPS: 23.0683 | T: 1:58:15
| train          | F: 342000 | S: 171000 | E: 342 | L: 1000 | R: 652.0000 | BS: 171000 | FPS: 59.1022 | T: 1:58:31
| train          | F: 343000 | S: 171500 | E: 343 | L: 1000 | R: 764.0000 | BS: 171500 | FPS: 56.4470 | T: 1:58:49
| train          | F: 344000 | S: 172000 | E: 344 | L: 1000 | R: 717.0000 | BS: 172000 | FPS: 55.8990 | T: 1:59:07
| train          | F: 345000 | S: 172500 | E: 345 | L: 1000 | R: 684.0000 | BS: 172500 | FPS: 54.9736 | T: 1:59:25
| train          | F: 346000 | S: 173000 | E: 346 | L: 1000 | R: 925.0000 | BS: 173000 | FPS: 54.1856 | T: 1:59:44
| train          | F: 347000 | S: 173500 | E: 347 | L: 1000 | R: 833.0000 | BS: 173500 | FPS: 54.3455 | T: 2:00:02
| train          | F: 348000 | S: 174000 | E: 348 | L: 1000 | R: 941.0000 | BS: 174000 | FPS: 53.7725 | T: 2:00:21
| train          | F: 349000 | S: 174500 | E: 349 | L: 1000 | R: 756.0000 | BS: 174500 | FPS: 52.4372 | T: 2:00:40
| train          | F: 350000 | S: 175000 | E: 350 | L: 1000 | R: 649.0000 | BS: 175000 | FPS: 50.3698 | T: 2:01:00
| eval           | F: 350000 | S: 175000 | E: 350 | L: 1000 | R: 846.2000 | T: 2:01:00
| train          | F: 351000 | S: 175500 | E: 351 | L: 1000 | R: 801.0000 | BS: 175500 | FPS: 23.2497 | T: 2:01:43
| train          | F: 352000 | S: 176000 | E: 352 | L: 1000 | R: 844.0000 | BS: 176000 | FPS: 51.8063 | T: 2:02:02
| train          | F: 353000 | S: 176500 | E: 353 | L: 1000 | R: 841.0000 | BS: 176500 | FPS: 50.6922 | T: 2:02:22
| train          | F: 354000 | S: 177000 | E: 354 | L: 1000 | R: 840.0000 | BS: 177000 | FPS: 51.0525 | T: 2:02:41
| train          | F: 355000 | S: 177500 | E: 355 | L: 1000 | R: 937.0000 | BS: 177500 | FPS: 54.8059 | T: 2:03:00
| train          | F: 356000 | S: 178000 | E: 356 | L: 1000 | R: 888.0000 | BS: 178000 | FPS: 57.1974 | T: 2:03:17
| train          | F: 357000 | S: 178500 | E: 357 | L: 1000 | R: 748.0000 | BS: 178500 | FPS: 53.4276 | T: 2:03:36
| train          | F: 358000 | S: 179000 | E: 358 | L: 1000 | R: 933.0000 | BS: 179000 | FPS: 54.7239 | T: 2:03:54
| train          | F: 359000 | S: 179500 | E: 359 | L: 1000 | R: 797.0000 | BS: 179500 | FPS: 50.7570 | T: 2:04:14
| train          | F: 360000 | S: 180000 | E: 360 | L: 1000 | R: 622.0000 | BS: 180000 | FPS: 51.7029 | T: 2:04:33
| eval           | F: 360000 | S: 180000 | E: 360 | L: 1000 | R: 833.4000 | T: 2:04:33
| train          | F: 361000 | S: 180500 | E: 361 | L: 1000 | R: 884.0000 | BS: 180500 | FPS: 25.8442 | T: 2:05:12
| train          | F: 362000 | S: 181000 | E: 362 | L: 1000 | R: 719.0000 | BS: 181000 | FPS: 58.9761 | T: 2:05:29
| train          | F: 363000 | S: 181500 | E: 363 | L: 1000 | R: 686.0000 | BS: 181500 | FPS: 54.4383 | T: 2:05:47
| train          | F: 364000 | S: 182000 | E: 364 | L: 1000 | R: 935.0000 | BS: 182000 | FPS: 54.4775 | T: 2:06:05
| train          | F: 365000 | S: 182500 | E: 365 | L: 1000 | R: 660.0000 | BS: 182500 | FPS: 52.5452 | T: 2:06:24
| train          | F: 366000 | S: 183000 | E: 366 | L: 1000 | R: 933.0000 | BS: 183000 | FPS: 51.9194 | T: 2:06:44
| train          | F: 367000 | S: 183500 | E: 367 | L: 1000 | R: 619.0000 | BS: 183500 | FPS: 51.8873 | T: 2:07:03
| train          | F: 368000 | S: 184000 | E: 368 | L: 1000 | R: 936.0000 | BS: 184000 | FPS: 54.1936 | T: 2:07:21
| train          | F: 369000 | S: 184500 | E: 369 | L: 1000 | R: 986.0000 | BS: 184500 | FPS: 54.9651 | T: 2:07:40
| train          | F: 370000 | S: 185000 | E: 370 | L: 1000 | R: 723.0000 | BS: 185000 | FPS: 52.0492 | T: 2:07:59
| eval           | F: 370000 | S: 185000 | E: 370 | L: 1000 | R: 826.0000 | T: 2:07:59
| train          | F: 371000 | S: 185500 | E: 371 | L: 1000 | R: 929.0000 | BS: 185500 | FPS: 25.0205 | T: 2:08:39
| train          | F: 372000 | S: 186000 | E: 372 | L: 1000 | R: 656.0000 | BS: 186000 | FPS: 59.7041 | T: 2:08:56
| train          | F: 373000 | S: 186500 | E: 373 | L: 1000 | R: 721.0000 | BS: 186500 | FPS: 55.8285 | T: 2:09:13
| train          | F: 374000 | S: 187000 | E: 374 | L: 1000 | R: 840.0000 | BS: 187000 | FPS: 55.0643 | T: 2:09:32
| train          | F: 375000 | S: 187500 | E: 375 | L: 1000 | R: 598.0000 | BS: 187500 | FPS: 53.4638 | T: 2:09:50
| train          | F: 376000 | S: 188000 | E: 376 | L: 1000 | R: 938.0000 | BS: 188000 | FPS: 55.1669 | T: 2:10:08
| train          | F: 377000 | S: 188500 | E: 377 | L: 1000 | R: 725.0000 | BS: 188500 | FPS: 52.7421 | T: 2:10:27
| train          | F: 378000 | S: 189000 | E: 378 | L: 1000 | R: 888.0000 | BS: 189000 | FPS: 52.2425 | T: 2:10:47
| train          | F: 379000 | S: 189500 | E: 379 | L: 1000 | R: 887.0000 | BS: 189500 | FPS: 50.5417 | T: 2:11:06
| train          | F: 380000 | S: 190000 | E: 380 | L: 1000 | R: 758.0000 | BS: 190000 | FPS: 52.4399 | T: 2:11:25
| eval           | F: 380000 | S: 190000 | E: 380 | L: 1000 | R: 850.1000 | T: 2:11:25
| train          | F: 381000 | S: 190500 | E: 381 | L: 1000 | R: 905.0000 | BS: 190500 | FPS: 24.7235 | T: 2:12:06
| train          | F: 382000 | S: 191000 | E: 382 | L: 1000 | R: 941.0000 | BS: 191000 | FPS: 58.2672 | T: 2:12:23
| train          | F: 383000 | S: 191500 | E: 383 | L: 1000 | R: 625.0000 | BS: 191500 | FPS: 55.8965 | T: 2:12:41
| train          | F: 384000 | S: 192000 | E: 384 | L: 1000 | R: 437.0000 | BS: 192000 | FPS: 51.3954 | T: 2:13:00
| train          | F: 385000 | S: 192500 | E: 385 | L: 1000 | R: 727.0000 | BS: 192500 | FPS: 52.5393 | T: 2:13:19
| train          | F: 386000 | S: 193000 | E: 386 | L: 1000 | R: 840.0000 | BS: 193000 | FPS: 52.1953 | T: 2:13:39
| train          | F: 387000 | S: 193500 | E: 387 | L: 1000 | R: 845.0000 | BS: 193500 | FPS: 54.3620 | T: 2:13:57
| train          | F: 388000 | S: 194000 | E: 388 | L: 1000 | R: 921.0000 | BS: 194000 | FPS: 52.1787 | T: 2:14:16
| train          | F: 389000 | S: 194500 | E: 389 | L: 1000 | R: 642.0000 | BS: 194500 | FPS: 52.7124 | T: 2:14:35
| train          | F: 390000 | S: 195000 | E: 390 | L: 1000 | R: 1000.0000 | BS: 195000 | FPS: 54.9231 | T: 2:14:53
| eval           | F: 390000 | S: 195000 | E: 390 | L: 1000 | R: 775.2000 | T: 2:14:53
| train          | F: 391000 | S: 195500 | E: 391 | L: 1000 | R: 801.0000 | BS: 195500 | FPS: 24.2920 | T: 2:15:34
| train          | F: 392000 | S: 196000 | E: 392 | L: 1000 | R: 757.0000 | BS: 196000 | FPS: 59.1439 | T: 2:15:51
| train          | F: 393000 | S: 196500 | E: 393 | L: 1000 | R: 830.0000 | BS: 196500 | FPS: 56.0124 | T: 2:16:09
| train          | F: 394000 | S: 197000 | E: 394 | L: 1000 | R: 615.0000 | BS: 197000 | FPS: 56.3471 | T: 2:16:27
| train          | F: 395000 | S: 197500 | E: 395 | L: 1000 | R: 938.0000 | BS: 197500 | FPS: 54.3610 | T: 2:16:45
| train          | F: 396000 | S: 198000 | E: 396 | L: 1000 | R: 625.0000 | BS: 198000 | FPS: 53.0784 | T: 2:17:04
| train          | F: 397000 | S: 198500 | E: 397 | L: 1000 | R: 939.0000 | BS: 198500 | FPS: 54.9488 | T: 2:17:22
| train          | F: 398000 | S: 199000 | E: 398 | L: 1000 | R: 842.0000 | BS: 199000 | FPS: 52.5462 | T: 2:17:41
| train          | F: 399000 | S: 199500 | E: 399 | L: 1000 | R: 1000.0000 | BS: 199500 | FPS: 52.8033 | T: 2:18:00
| train          | F: 400000 | S: 200000 | E: 400 | L: 1000 | R: 935.0000 | BS: 200000 | FPS: 52.9108 | T: 2:18:19
| eval           | F: 400000 | S: 200000 | E: 400 | L: 1000 | R: 798.4000 | T: 2:18:19
| train          | F: 401000 | S: 200500 | E: 401 | L: 1000 | R: 653.0000 | BS: 200500 | FPS: 25.9850 | T: 2:18:58
| train          | F: 402000 | S: 201000 | E: 402 | L: 1000 | R: 754.0000 | BS: 201000 | FPS: 56.6779 | T: 2:19:15
| train          | F: 403000 | S: 201500 | E: 403 | L: 1000 | R: 657.0000 | BS: 201500 | FPS: 53.8130 | T: 2:19:34
| train          | F: 404000 | S: 202000 | E: 404 | L: 1000 | R: 837.0000 | BS: 202000 | FPS: 55.2447 | T: 2:19:52
| train          | F: 405000 | S: 202500 | E: 405 | L: 1000 | R: 907.0000 | BS: 202500 | FPS: 54.4202 | T: 2:20:10
| train          | F: 406000 | S: 203000 | E: 406 | L: 1000 | R: 654.0000 | BS: 203000 | FPS: 54.4415 | T: 2:20:29
| train          | F: 407000 | S: 203500 | E: 407 | L: 1000 | R: 802.0000 | BS: 203500 | FPS: 52.7043 | T: 2:20:48
| train          | F: 408000 | S: 204000 | E: 408 | L: 1000 | R: 844.0000 | BS: 204000 | FPS: 53.8124 | T: 2:21:06
| train          | F: 409000 | S: 204500 | E: 409 | L: 1000 | R: 632.0000 | BS: 204500 | FPS: 50.8152 | T: 2:21:26
| train          | F: 410000 | S: 205000 | E: 410 | L: 1000 | R: 937.0000 | BS: 205000 | FPS: 51.3074 | T: 2:21:46
| eval           | F: 410000 | S: 205000 | E: 410 | L: 1000 | R: 859.8000 | T: 2:21:46
| train          | F: 411000 | S: 205500 | E: 411 | L: 1000 | R: 678.0000 | BS: 205500 | FPS: 24.2577 | T: 2:22:27
| train          | F: 412000 | S: 206000 | E: 412 | L: 1000 | R: 938.0000 | BS: 206000 | FPS: 58.9061 | T: 2:22:44
| train          | F: 413000 | S: 206500 | E: 413 | L: 1000 | R: 759.0000 | BS: 206500 | FPS: 54.3730 | T: 2:23:02
| train          | F: 414000 | S: 207000 | E: 414 | L: 1000 | R: 879.0000 | BS: 207000 | FPS: 53.0622 | T: 2:23:21
| train          | F: 415000 | S: 207500 | E: 415 | L: 1000 | R: 800.0000 | BS: 207500 | FPS: 54.1176 | T: 2:23:39
| train          | F: 416000 | S: 208000 | E: 416 | L: 1000 | R: 888.0000 | BS: 208000 | FPS: 51.7811 | T: 2:23:59
| train          | F: 417000 | S: 208500 | E: 417 | L: 1000 | R: 704.0000 | BS: 208500 | FPS: 52.7445 | T: 2:24:18
| train          | F: 418000 | S: 209000 | E: 418 | L: 1000 | R: 937.0000 | BS: 209000 | FPS: 51.6143 | T: 2:24:37
| train          | F: 419000 | S: 209500 | E: 419 | L: 1000 | R: 765.0000 | BS: 209500 | FPS: 53.6315 | T: 2:24:56
| train          | F: 420000 | S: 210000 | E: 420 | L: 1000 | R: 941.0000 | BS: 210000 | FPS: 52.1724 | T: 2:25:15
| eval           | F: 420000 | S: 210000 | E: 420 | L: 1000 | R: 781.0000 | T: 2:25:15
| train          | F: 421000 | S: 210500 | E: 421 | L: 1000 | R: 726.0000 | BS: 210500 | FPS: 24.6261 | T: 2:25:56
| train          | F: 422000 | S: 211000 | E: 422 | L: 1000 | R: 668.0000 | BS: 211000 | FPS: 58.2203 | T: 2:26:13
| train          | F: 423000 | S: 211500 | E: 423 | L: 1000 | R: 619.0000 | BS: 211500 | FPS: 55.6473 | T: 2:26:31
| train          | F: 424000 | S: 212000 | E: 424 | L: 1000 | R: 641.0000 | BS: 212000 | FPS: 52.3711 | T: 2:26:50
| train          | F: 425000 | S: 212500 | E: 425 | L: 1000 | R: 926.0000 | BS: 212500 | FPS: 53.0107 | T: 2:27:09
| train          | F: 426000 | S: 213000 | E: 426 | L: 1000 | R: 682.0000 | BS: 213000 | FPS: 50.1890 | T: 2:27:29
| train          | F: 427000 | S: 213500 | E: 427 | L: 1000 | R: 659.0000 | BS: 213500 | FPS: 55.3148 | T: 2:27:47
| train          | F: 428000 | S: 214000 | E: 428 | L: 1000 | R: 799.0000 | BS: 214000 | FPS: 53.3396 | T: 2:28:05
| train          | F: 429000 | S: 214500 | E: 429 | L: 1000 | R: 939.0000 | BS: 214500 | FPS: 53.1078 | T: 2:28:24
| train          | F: 430000 | S: 215000 | E: 430 | L: 1000 | R: 844.0000 | BS: 215000 | FPS: 52.2228 | T: 2:28:43
| eval           | F: 430000 | S: 215000 | E: 430 | L: 1000 | R: 864.1000 | T: 2:28:43
| train          | F: 431000 | S: 215500 | E: 431 | L: 1000 | R: 931.0000 | BS: 215500 | FPS: 25.9649 | T: 2:29:22
| train          | F: 432000 | S: 216000 | E: 432 | L: 1000 | R: 934.0000 | BS: 216000 | FPS: 57.1478 | T: 2:29:39
| train          | F: 433000 | S: 216500 | E: 433 | L: 1000 | R: 1000.0000 | BS: 216500 | FPS: 55.8448 | T: 2:29:57
| train          | F: 434000 | S: 217000 | E: 434 | L: 1000 | R: 987.0000 | BS: 217000 | FPS: 55.2416 | T: 2:30:15
| train          | F: 435000 | S: 217500 | E: 435 | L: 1000 | R: 754.0000 | BS: 217500 | FPS: 52.8269 | T: 2:30:34
| train          | F: 436000 | S: 218000 | E: 436 | L: 1000 | R: 940.0000 | BS: 218000 | FPS: 54.4589 | T: 2:30:53
| train          | F: 437000 | S: 218500 | E: 437 | L: 1000 | R: 687.0000 | BS: 218500 | FPS: 52.9731 | T: 2:31:12
| train          | F: 438000 | S: 219000 | E: 438 | L: 1000 | R: 654.0000 | BS: 219000 | FPS: 53.9822 | T: 2:31:30
| train          | F: 439000 | S: 219500 | E: 439 | L: 1000 | R: 801.0000 | BS: 219500 | FPS: 52.9022 | T: 2:31:49
| train          | F: 440000 | S: 220000 | E: 440 | L: 1000 | R: 718.0000 | BS: 220000 | FPS: 53.9805 | T: 2:32:08
| eval           | F: 440000 | S: 220000 | E: 440 | L: 1000 | R: 770.8000 | T: 2:32:08
| train          | F: 441000 | S: 220500 | E: 441 | L: 1000 | R: 942.0000 | BS: 220500 | FPS: 25.1393 | T: 2:32:47
| train          | F: 442000 | S: 221000 | E: 442 | L: 1000 | R: 629.0000 | BS: 221000 | FPS: 57.5362 | T: 2:33:05
| train          | F: 443000 | S: 221500 | E: 443 | L: 1000 | R: 168.0000 | BS: 221500 | FPS: 54.6724 | T: 2:33:23
| train          | F: 444000 | S: 222000 | E: 444 | L: 1000 | R: 635.0000 | BS: 222000 | FPS: 55.0202 | T: 2:33:41
| train          | F: 445000 | S: 222500 | E: 445 | L: 1000 | R: 654.0000 | BS: 222500 | FPS: 53.3216 | T: 2:34:00
| train          | F: 446000 | S: 223000 | E: 446 | L: 1000 | R: 695.0000 | BS: 223000 | FPS: 53.3664 | T: 2:34:19
| train          | F: 447000 | S: 223500 | E: 447 | L: 1000 | R: 802.0000 | BS: 223500 | FPS: 51.4197 | T: 2:34:38
| train          | F: 448000 | S: 224000 | E: 448 | L: 1000 | R: 694.0000 | BS: 224000 | FPS: 50.4028 | T: 2:34:58
| train          | F: 449000 | S: 224500 | E: 449 | L: 1000 | R: 724.0000 | BS: 224500 | FPS: 50.4200 | T: 2:35:18
| train          | F: 450000 | S: 225000 | E: 450 | L: 1000 | R: 760.0000 | BS: 225000 | FPS: 53.7603 | T: 2:35:36
| eval           | F: 450000 | S: 225000 | E: 450 | L: 1000 | R: 816.3000 | T: 2:35:36
| train          | F: 451000 | S: 225500 | E: 451 | L: 1000 | R: 761.0000 | BS: 225500 | FPS: 25.1706 | T: 2:36:16
| train          | F: 452000 | S: 226000 | E: 452 | L: 1000 | R: 932.0000 | BS: 226000 | FPS: 59.2854 | T: 2:36:33
| train          | F: 453000 | S: 226500 | E: 453 | L: 1000 | R: 692.0000 | BS: 226500 | FPS: 58.5484 | T: 2:36:50
| train          | F: 454000 | S: 227000 | E: 454 | L: 1000 | R: 572.0000 | BS: 227000 | FPS: 55.9161 | T: 2:37:08
| train          | F: 455000 | S: 227500 | E: 455 | L: 1000 | R: 838.0000 | BS: 227500 | FPS: 53.5340 | T: 2:37:27
| train          | F: 456000 | S: 228000 | E: 456 | L: 1000 | R: 843.0000 | BS: 228000 | FPS: 53.9874 | T: 2:37:45
| train          | F: 457000 | S: 228500 | E: 457 | L: 1000 | R: 687.0000 | BS: 228500 | FPS: 53.6087 | T: 2:38:04
| train          | F: 458000 | S: 229000 | E: 458 | L: 1000 | R: 937.0000 | BS: 229000 | FPS: 51.7134 | T: 2:38:23
| train          | F: 459000 | S: 229500 | E: 459 | L: 1000 | R: 792.0000 | BS: 229500 | FPS: 54.1236 | T: 2:38:42
| train          | F: 460000 | S: 230000 | E: 460 | L: 1000 | R: 762.0000 | BS: 230000 | FPS: 52.3655 | T: 2:39:01
| eval           | F: 460000 | S: 230000 | E: 460 | L: 1000 | R: 819.2000 | T: 2:39:01
| train          | F: 461000 | S: 230500 | E: 461 | L: 1000 | R: 726.0000 | BS: 230500 | FPS: 23.6613 | T: 2:39:43
| train          | F: 462000 | S: 231000 | E: 462 | L: 1000 | R: 759.0000 | BS: 231000 | FPS: 56.6951 | T: 2:40:01
| train          | F: 463000 | S: 231500 | E: 463 | L: 1000 | R: 717.0000 | BS: 231500 | FPS: 56.7854 | T: 2:40:18
| train          | F: 464000 | S: 232000 | E: 464 | L: 1000 | R: 843.0000 | BS: 232000 | FPS: 55.8835 | T: 2:40:36
| train          | F: 465000 | S: 232500 | E: 465 | L: 1000 | R: 759.0000 | BS: 232500 | FPS: 55.5951 | T: 2:40:54
| train          | F: 466000 | S: 233000 | E: 466 | L: 1000 | R: 853.0000 | BS: 233000 | FPS: 53.4888 | T: 2:41:13
| train          | F: 467000 | S: 233500 | E: 467 | L: 1000 | R: 644.0000 | BS: 233500 | FPS: 52.1924 | T: 2:41:32
| train          | F: 468000 | S: 234000 | E: 468 | L: 1000 | R: 844.0000 | BS: 234000 | FPS: 54.4295 | T: 2:41:50
| train          | F: 469000 | S: 234500 | E: 469 | L: 1000 | R: 919.0000 | BS: 234500 | FPS: 52.8092 | T: 2:42:09
| train          | F: 470000 | S: 235000 | E: 470 | L: 1000 | R: 890.0000 | BS: 235000 | FPS: 51.8756 | T: 2:42:29
| eval           | F: 470000 | S: 235000 | E: 470 | L: 1000 | R: 826.0000 | T: 2:42:29
| train          | F: 471000 | S: 235500 | E: 471 | L: 1000 | R: 687.0000 | BS: 235500 | FPS: 23.9330 | T: 2:43:10
| train          | F: 472000 | S: 236000 | E: 472 | L: 1000 | R: 928.0000 | BS: 236000 | FPS: 58.8421 | T: 2:43:27
| train          | F: 473000 | S: 236500 | E: 473 | L: 1000 | R: 926.0000 | BS: 236500 | FPS: 57.7094 | T: 2:43:45
| train          | F: 474000 | S: 237000 | E: 474 | L: 1000 | R: 1000.0000 | BS: 237000 | FPS: 52.0135 | T: 2:44:04
| train          | F: 475000 | S: 237500 | E: 475 | L: 1000 | R: 632.0000 | BS: 237500 | FPS: 51.6027 | T: 2:44:23
| train          | F: 476000 | S: 238000 | E: 476 | L: 1000 | R: 657.0000 | BS: 238000 | FPS: 55.6384 | T: 2:44:41
| train          | F: 477000 | S: 238500 | E: 477 | L: 1000 | R: 840.0000 | BS: 238500 | FPS: 53.5357 | T: 2:45:00
| train          | F: 478000 | S: 239000 | E: 478 | L: 1000 | R: 683.0000 | BS: 239000 | FPS: 54.1306 | T: 2:45:18
| train          | F: 479000 | S: 239500 | E: 479 | L: 1000 | R: 606.0000 | BS: 239500 | FPS: 54.0941 | T: 2:45:37
| train          | F: 480000 | S: 240000 | E: 480 | L: 1000 | R: 1000.0000 | BS: 240000 | FPS: 52.9473 | T: 2:45:56
| eval           | F: 480000 | S: 240000 | E: 480 | L: 1000 | R: 874.7000 | T: 2:45:56
| train          | F: 481000 | S: 240500 | E: 481 | L: 1000 | R: 887.0000 | BS: 240500 | FPS: 25.1572 | T: 2:46:35
| train          | F: 482000 | S: 241000 | E: 482 | L: 1000 | R: 723.0000 | BS: 241000 | FPS: 57.4054 | T: 2:46:53
| train          | F: 483000 | S: 241500 | E: 483 | L: 1000 | R: 937.0000 | BS: 241500 | FPS: 52.6715 | T: 2:47:12
| train          | F: 484000 | S: 242000 | E: 484 | L: 1000 | R: 887.0000 | BS: 242000 | FPS: 51.5715 | T: 2:47:31
| train          | F: 485000 | S: 242500 | E: 485 | L: 1000 | R: 931.0000 | BS: 242500 | FPS: 52.9947 | T: 2:47:50
| train          | F: 486000 | S: 243000 | E: 486 | L: 1000 | R: 940.0000 | BS: 243000 | FPS: 50.7738 | T: 2:48:10
| train          | F: 487000 | S: 243500 | E: 487 | L: 1000 | R: 831.0000 | BS: 243500 | FPS: 52.5600 | T: 2:48:29
| train          | F: 488000 | S: 244000 | E: 488 | L: 1000 | R: 607.0000 | BS: 244000 | FPS: 54.2791 | T: 2:48:47
| train          | F: 489000 | S: 244500 | E: 489 | L: 1000 | R: 938.0000 | BS: 244500 | FPS: 53.1639 | T: 2:49:06
| train          | F: 490000 | S: 245000 | E: 490 | L: 1000 | R: 887.0000 | BS: 245000 | FPS: 51.7867 | T: 2:49:25
| eval           | F: 490000 | S: 245000 | E: 490 | L: 1000 | R: 822.7000 | T: 2:49:25
| train          | F: 491000 | S: 245500 | E: 491 | L: 1000 | R: 1000.0000 | BS: 245500 | FPS: 24.6471 | T: 2:50:06
| train          | F: 492000 | S: 246000 | E: 492 | L: 1000 | R: 688.0000 | BS: 246000 | FPS: 59.4937 | T: 2:50:23
| train          | F: 493000 | S: 246500 | E: 493 | L: 1000 | R: 936.0000 | BS: 246500 | FPS: 52.7821 | T: 2:50:42
| train          | F: 494000 | S: 247000 | E: 494 | L: 1000 | R: 830.0000 | BS: 247000 | FPS: 53.0666 | T: 2:51:01
| train          | F: 495000 | S: 247500 | E: 495 | L: 1000 | R: 938.0000 | BS: 247500 | FPS: 51.9157 | T: 2:51:20
| train          | F: 496000 | S: 248000 | E: 496 | L: 1000 | R: 689.0000 | BS: 248000 | FPS: 50.7597 | T: 2:51:40
| train          | F: 497000 | S: 248500 | E: 497 | L: 1000 | R: 646.0000 | BS: 248500 | FPS: 52.3366 | T: 2:51:59
| train          | F: 498000 | S: 249000 | E: 498 | L: 1000 | R: 716.0000 | BS: 249000 | FPS: 51.7287 | T: 2:52:18
| train          | F: 499000 | S: 249500 | E: 499 | L: 1000 | R: 693.0000 | BS: 249500 | FPS: 51.5830 | T: 2:52:37
| train          | F: 500000 | S: 250000 | E: 500 | L: 1000 | R: 799.0000 | BS: 250000 | FPS: 54.0099 | T: 2:52:56
| eval           | F: 500000 | S: 250000 | E: 500 | L: 1000 | R: 851.7000 | T: 2:52:56
| train          | F: 501000 | S: 250500 | E: 501 | L: 1000 | R: 689.0000 | BS: 250500 | FPS: 23.3386 | T: 2:53:39
| train          | F: 502000 | S: 251000 | E: 502 | L: 1000 | R: 800.0000 | BS: 251000 | FPS: 61.2009 | T: 2:53:55
| train          | F: 503000 | S: 251500 | E: 503 | L: 1000 | R: 890.0000 | BS: 251500 | FPS: 57.8876 | T: 2:54:12
| train          | F: 504000 | S: 252000 | E: 504 | L: 1000 | R: 763.0000 | BS: 252000 | FPS: 55.5619 | T: 2:54:30
| train          | F: 505000 | S: 252500 | E: 505 | L: 1000 | R: 941.0000 | BS: 252500 | FPS: 52.2766 | T: 2:54:49
| train          | F: 506000 | S: 253000 | E: 506 | L: 1000 | R: 938.0000 | BS: 253000 | FPS: 49.8440 | T: 2:55:10
| train          | F: 507000 | S: 253500 | E: 507 | L: 1000 | R: 760.0000 | BS: 253500 | FPS: 51.1817 | T: 2:55:29
| train          | F: 508000 | S: 254000 | E: 508 | L: 1000 | R: 762.0000 | BS: 254000 | FPS: 54.0237 | T: 2:55:48
| train          | F: 509000 | S: 254500 | E: 509 | L: 1000 | R: 833.0000 | BS: 254500 | FPS: 50.1534 | T: 2:56:08
