Gym has been unmaintained since 2022 and does not support NumPy 2.0 amongst other critical functionality.
Please upgrade to Gymnasium, the maintained drop-in replacement of Gym, or contact the authors of your software and request that they upgrade.
Users of this version of Gym should be able to simply replace 'import gym' with 'import gymnasium as gym' in the vast majority of cases.
See the migration guide at https://gymnasium.farama.org/introduction/migration_guide/ for additional information.
/workspace/learn-si2e/SI2E/SI2E_A2C/rl-starter-files/rl-starter-files/scripts/train.py --algo a2c --env MiniGrid-KeyCorridorS3R1-v0 --model kcs1-baseline-s1 --frames 3000000 --use_batch --save-interval 100 --log-interval 500 --seed 1

Namespace(algo='a2c', env='MiniGrid-KeyCorridorS3R1-v0', model='kcs1-baseline-s1', seed=1, log_interval=500, save_interval=100, procs=16, frames=3000000, epochs=4, batch_size=256, frames_per_proc=None, discount=0.99, lr=0.001, gae_lambda=0.95, entropy_coef=0.01, value_loss_coef=0.5, max_grad_norm=0.5, optim_eps=1e-08, optim_alpha=0.99, clip_eps=0.2, recurrence=1, text=False, use_entropy_reward=False, use_value_condition=False, beta=1e-05, use_batch=True, mem=False)

Device: cuda:0

Environments loaded

Training status loaded

Observations preprocessor loaded
Model loaded

ACModel(
  (image_conv): Sequential(
    (0): Conv2d(3, 16, kernel_size=(2, 2), stride=(1, 1))
    (1): ReLU()
    (2): MaxPool2d(kernel_size=(2, 2), stride=(2, 2), padding=0, dilation=1, ceil_mode=False)
    (3): Conv2d(16, 32, kernel_size=(2, 2), stride=(1, 1))
    (4): ReLU()
    (5): Conv2d(32, 64, kernel_size=(2, 2), stride=(1, 1))
    (6): ReLU()
  )
  (actor): Sequential(
    (0): Linear(in_features=64, out_features=64, bias=True)
    (1): Tanh()
    (2): Linear(in_features=64, out_features=7, bias=True)
  )
  (critic): Sequential(
    (0): Linear(in_features=64, out_features=64, bias=True)
    (1): Tanh()
    (2): Linear(in_features=64, out_features=1, bias=True)
  )
  (extr_critic): Sequential(
    (0): Linear(in_features=64, out_features=64, bias=True)
    (1): Tanh()
    (2): Linear(in_features=64, out_features=1, bias=True)
  )
)

Optimizer loaded

Status saved
Status saved
Status saved
Status saved
U 500 | F 064000 | FPS 3605 | D 19 | rR:μσmM 0.01 0.05 0.00 0.22 | F:μσmM 267.8 8.7 234.0 270.0 | H 1.946 | V -0.002 | pL 0.000 | vL 0.000 | ∇ 0.001
Status saved
Status saved
Status saved
Status saved
Status saved
U 1000 | F 128000 | FPS 3535 | D 37 | rR:μσmM 0.02 0.07 0.00 0.24 | F:μσmM 266.4 10.5 229.0 270.0 | H 1.946 | V -0.001 | pL 0.001 | vL 0.000 | ∇ 0.001
Status saved
Status saved
Status saved
Status saved
Status saved
U 1500 | F 192000 | FPS 3479 | D 56 | rR:μσmM 0.02 0.06 0.00 0.24 | F:μσmM 267.3 10.4 227.0 270.0 | H 1.945 | V 0.002 | pL -0.000 | vL 0.000 | ∇ 0.000
Status saved
Status saved
Status saved
Status saved
Status saved
U 2000 | F 256000 | FPS 3514 | D 75 | rR:μσmM 0.00 0.00 0.00 0.00 | F:μσmM 270.0 0.0 270.0 270.0 | H 1.946 | V 0.000 | pL 0.001 | vL 0.000 | ∇ 0.000
Status saved
Status saved
Status saved
Status saved
Status saved
U 2500 | F 320000 | FPS 3789 | D 93 | rR:μσmM 0.00 0.00 0.00 0.00 | F:μσmM 270.0 0.0 270.0 270.0 | H 1.945 | V 0.002 | pL -0.001 | vL 0.000 | ∇ 0.001
Status saved
Status saved
Status saved
Status saved
Status saved
U 3000 | F 384000 | FPS 3546 | D 112 | rR:μσmM 0.02 0.08 0.00 0.34 | F:μσmM 265.5 17.4 198.0 270.0 | H 1.945 | V 0.003 | pL 0.001 | vL 0.000 | ∇ 0.001
Status saved
Status saved
Status saved
Status saved
Status saved
U 3500 | F 448000 | FPS 3536 | D 131 | rR:μσmM 0.04 0.13 0.00 0.50 | F:μσmM 260.9 29.1 151.0 270.0 | H 1.942 | V 0.007 | pL -0.002 | vL 0.000 | ∇ 0.002
Status saved
Status saved
Status saved
Status saved
Status saved
U 4000 | F 512000 | FPS 3338 | D 149 | rR:μσmM 0.00 0.00 0.00 0.00 | F:μσmM 270.0 0.0 270.0 270.0 | H 1.945 | V 0.003 | pL -0.002 | vL 0.000 | ∇ 0.001
Status saved
Status saved
Status saved
Status saved
Status saved
U 4500 | F 576000 | FPS 3086 | D 168 | rR:μσmM 0.00 0.00 0.00 0.00 | F:μσmM 270.0 0.0 270.0 270.0 | H 1.945 | V -0.002 | pL 0.000 | vL 0.000 | ∇ 0.000
Status saved
Status saved
Status saved
Status saved
Status saved
U 5000 | F 640000 | FPS 3663 | D 187 | rR:μσmM 0.04 0.08 0.00 0.24 | F:μσmM 263.8 13.4 229.0 270.0 | H 1.944 | V 0.012 | pL -0.000 | vL 0.000 | ∇ 0.000
Status saved
Status saved
Status saved
Status saved
Status saved
U 5500 | F 704000 | FPS 3580 | D 206 | rR:μσmM 0.09 0.19 0.00 0.70 | F:μσmM 250.3 47.1 89.0 270.0 | H 1.923 | V 0.058 | pL -0.014 | vL 0.001 | ∇ 0.029
Status saved
Status saved
Status saved
Status saved
Status saved
U 6000 | F 768000 | FPS 3557 | D 225 | rR:μσmM 0.10 0.17 0.00 0.51 | F:μσmM 249.4 39.5 146.0 270.0 | H 1.939 | V 0.019 | pL -0.003 | vL 0.000 | ∇ 0.005
Status saved
Status saved
Status saved
Status saved
Status saved
U 6500 | F 832000 | FPS 3241 | D 244 | rR:μσmM 0.89 0.03 0.85 0.94 | F:μσmM 32.1 8.4 17.0 46.0 | H 1.484 | V 0.714 | pL -0.027 | vL 0.001 | ∇ 0.042
Status saved
Status saved
Status saved
Status saved
Status saved
U 7000 | F 896000 | FPS 3072 | D 263 | rR:μσmM 0.90 0.02 0.87 0.94 | F:μσmM 29.6 5.9 19.0 38.0 | H 1.386 | V 0.767 | pL 0.005 | vL 0.001 | ∇ 0.031
Status saved
Status saved
Status saved
Status saved
Status saved
U 7500 | F 960000 | FPS 3081 | D 283 | rR:μσmM 0.89 0.03 0.81 0.93 | F:μσmM 31.8 8.4 21.0 56.0 | H 1.360 | V 0.758 | pL -0.004 | vL 0.000 | ∇ 0.021
Status saved
Status saved
Status saved
Status saved
Status saved
U 8000 | F 1024000 | FPS 3245 | D 304 | rR:μσmM 0.90 0.02 0.85 0.93 | F:μσmM 29.6 5.9 22.0 44.0 | H 1.423 | V 0.793 | pL 0.000 | vL 0.000 | ∇ 0.018
Status saved
Status saved
Status saved
Status saved
Status saved
U 8500 | F 1088000 | FPS 3592 | D 323 | rR:μσmM 0.90 0.03 0.78 0.93 | F:μσmM 30.8 10.0 22.0 65.0 | H 1.473 | V 0.751 | pL -0.007 | vL 0.001 | ∇ 0.013
Status saved
Status saved
Status saved
Status saved
Status saved
U 9000 | F 1152000 | FPS 2953 | D 343 | rR:μσmM 0.89 0.02 0.86 0.93 | F:μσmM 32.2 6.7 20.0 43.0 | H 1.357 | V 0.812 | pL -0.018 | vL 0.001 | ∇ 0.037
Status saved
Status saved
Status saved
Status saved
Status saved
U 9500 | F 1216000 | FPS 3381 | D 363 | rR:μσmM 0.90 0.02 0.86 0.93 | F:μσmM 28.9 4.9 21.0 43.0 | H 1.450 | V 0.766 | pL -0.013 | vL 0.001 | ∇ 0.022
Status saved
Status saved
Status saved
Status saved
Status saved
U 10000 | F 1280000 | FPS 3282 | D 382 | rR:μσmM 0.91 0.02 0.88 0.94 | F:μσmM 25.7 4.7 19.0 37.0 | H 1.454 | V 0.805 | pL -0.008 | vL 0.000 | ∇ 0.020
Status saved
Status saved
Status saved
Status saved
Status saved
U 10500 | F 1344000 | FPS 3130 | D 402 | rR:μσmM 0.92 0.02 0.88 0.95 | F:μσmM 23.5 5.0 15.0 36.0 | H 1.428 | V 0.826 | pL -0.022 | vL 0.001 | ∇ 0.050
Status saved
Status saved
Status saved
Status saved
Status saved
U 11000 | F 1408000 | FPS 3038 | D 422 | rR:μσmM 0.91 0.02 0.84 0.94 | F:μσmM 26.1 6.6 17.0 47.0 | H 1.474 | V 0.791 | pL -0.019 | vL 0.001 | ∇ 0.042
Status saved
Status saved
Status saved
Status saved
Status saved
U 11500 | F 1472000 | FPS 3491 | D 441 | rR:μσmM 0.90 0.02 0.86 0.93 | F:μσmM 28.6 5.4 20.0 43.0 | H 1.495 | V 0.768 | pL -0.013 | vL 0.000 | ∇ 0.016
Status saved
Status saved
Status saved
Status saved
Status saved
U 12000 | F 1536000 | FPS 3179 | D 461 | rR:μσmM 0.90 0.02 0.86 0.92 | F:μσmM 29.6 6.0 23.0 41.0 | H 1.404 | V 0.801 | pL -0.008 | vL 0.000 | ∇ 0.013
Status saved
Status saved
Status saved
Status saved
Status saved
U 12500 | F 1600000 | FPS 3259 | D 481 | rR:μσmM 0.91 0.02 0.87 0.93 | F:μσmM 28.1 5.6 20.0 40.0 | H 1.423 | V 0.773 | pL 0.005 | vL 0.001 | ∇ 0.032
Status saved
Status saved
Status saved
Status saved
Status saved
U 13000 | F 1664000 | FPS 3549 | D 501 | rR:μσmM 0.90 0.02 0.85 0.93 | F:μσmM 29.0 6.0 21.0 44.0 | H 1.480 | V 0.786 | pL -0.004 | vL 0.000 | ∇ 0.015
Status saved
Status saved
Status saved
Status saved
Status saved
U 13500 | F 1728000 | FPS 3380 | D 520 | rR:μσmM 0.91 0.02 0.86 0.94 | F:μσmM 28.4 6.4 17.0 43.0 | H 1.458 | V 0.775 | pL -0.015 | vL 0.000 | ∇ 0.017
Status saved
Status saved
Status saved
Status saved
Status saved
U 14000 | F 1792000 | FPS 3361 | D 540 | rR:μσmM 0.91 0.02 0.86 0.94 | F:μσmM 28.2 5.4 19.0 41.0 | H 1.437 | V 0.798 | pL -0.008 | vL 0.000 | ∇ 0.013
Status saved
Status saved
Status saved
Status saved
Status saved
U 14500 | F 1856000 | FPS 3138 | D 560 | rR:μσmM 0.91 0.02 0.87 0.94 | F:μσmM 27.6 5.6 17.0 39.0 | H 1.462 | V 0.786 | pL 0.002 | vL 0.000 | ∇ 0.021
Status saved
Status saved
Status saved
Status saved
Status saved
U 15000 | F 1920000 | FPS 3117 | D 580 | rR:μσmM 0.91 0.02 0.85 0.94 | F:μσmM 27.8 6.5 18.0 44.0 | H 1.485 | V 0.783 | pL 0.001 | vL 0.000 | ∇ 0.017
Status saved
Status saved
Status saved
Status saved
Status saved
U 15500 | F 1984000 | FPS 3136 | D 599 | rR:μσmM 0.91 0.01 0.88 0.93 | F:μσmM 27.6 4.0 22.0 37.0 | H 1.500 | V 0.780 | pL -0.007 | vL 0.000 | ∇ 0.017
Status saved
Status saved
Status saved
Status saved
Status saved
U 16000 | F 2048000 | FPS 3339 | D 619 | rR:μσmM 0.91 0.02 0.88 0.93 | F:μσmM 26.9 4.6 20.0 35.0 | H 1.466 | V 0.812 | pL -0.012 | vL 0.000 | ∇ 0.016
Status saved
Status saved
Status saved
Status saved
Status saved
U 16500 | F 2112000 | FPS 3451 | D 639 | rR:μσmM 0.91 0.01 0.89 0.93 | F:μσmM 26.1 3.9 20.0 33.0 | H 1.445 | V 0.797 | pL -0.009 | vL 0.000 | ∇ 0.013
Status saved
Status saved
Status saved
Status saved
Status saved
U 17000 | F 2176000 | FPS 3325 | D 658 | rR:μσmM 0.91 0.02 0.84 0.93 | F:μσmM 27.8 6.6 20.0 47.0 | H 1.456 | V 0.794 | pL -0.010 | vL 0.000 | ∇ 0.013
Status saved
Status saved
Status saved
Status saved
Status saved
U 17500 | F 2240000 | FPS 3407 | D 678 | rR:μσmM 0.90 0.02 0.87 0.93 | F:μσmM 30.7 6.7 21.0 40.0 | H 1.452 | V 0.768 | pL 0.002 | vL 0.000 | ∇ 0.020
Status saved
Status saved
Status saved
Status saved
Status saved
U 18000 | F 2304000 | FPS 2946 | D 698 | rR:μσmM 0.90 0.02 0.86 0.94 | F:μσmM 29.6 6.4 17.0 43.0 | H 1.443 | V 0.785 | pL -0.008 | vL 0.000 | ∇ 0.009
Status saved
Status saved
Status saved
Status saved
Status saved
U 18500 | F 2368000 | FPS 2653 | D 717 | rR:μσmM 0.91 0.02 0.87 0.93 | F:μσmM 27.2 5.7 21.0 40.0 | H 1.476 | V 0.804 | pL -0.011 | vL 0.000 | ∇ 0.014
Status saved
Status saved
Status saved
Status saved
Status saved
U 19000 | F 2432000 | FPS 3304 | D 737 | rR:μσmM 0.91 0.02 0.87 0.93 | F:μσmM 27.1 5.2 20.0 38.0 | H 1.452 | V 0.794 | pL -0.002 | vL 0.001 | ∇ 0.021
Status saved
Status saved
Status saved
Status saved
Status saved
U 19500 | F 2496000 | FPS 3517 | D 757 | rR:μσmM 0.90 0.02 0.87 0.93 | F:μσmM 29.4 4.7 21.0 39.0 | H 1.494 | V 0.786 | pL -0.013 | vL 0.000 | ∇ 0.012
Status saved
Status saved
Status saved
Status saved
Status saved
U 20000 | F 2560000 | FPS 3510 | D 776 | rR:μσmM 0.90 0.02 0.84 0.93 | F:μσmM 30.3 7.2 20.0 47.0 | H 1.511 | V 0.797 | pL -0.007 | vL 0.000 | ∇ 0.011
Status saved
Status saved
Status saved
Status saved
Status saved
U 20500 | F 2624000 | FPS 3356 | D 796 | rR:μσmM 0.90 0.03 0.84 0.93 | F:μσmM 31.3 7.9 22.0 49.0 | H 1.442 | V 0.769 | pL 0.007 | vL 0.000 | ∇ 0.029
Status saved
Status saved
Status saved
Status saved
Status saved
U 21000 | F 2688000 | FPS 3430 | D 815 | rR:μσmM 0.90 0.03 0.82 0.94 | F:μσmM 28.5 7.8 19.0 53.0 | H 1.484 | V 0.783 | pL -0.010 | vL 0.000 | ∇ 0.010
Status saved
Status saved
Status saved
Status saved
Status saved
U 21500 | F 2752000 | FPS 3455 | D 835 | rR:μσmM 0.91 0.02 0.87 0.94 | F:μσmM 26.4 5.0 17.0 38.0 | H 1.422 | V 0.789 | pL -0.006 | vL 0.000 | ∇ 0.009
Status saved
Status saved
Status saved
Status saved
Status saved
U 22000 | F 2816000 | FPS 2739 | D 855 | rR:μσmM 0.91 0.02 0.87 0.94 | F:μσmM 26.6 5.0 19.0 39.0 | H 1.469 | V 0.789 | pL -0.015 | vL 0.000 | ∇ 0.014
Status saved
Status saved
Status saved
Status saved
Status saved
U 22500 | F 2880000 | FPS 3387 | D 875 | rR:μσmM 0.91 0.02 0.87 0.94 | F:μσmM 27.0 6.1 18.0 39.0 | H 1.434 | V 0.787 | pL -0.004 | vL 0.001 | ∇ 0.017
Status saved
Status saved
Status saved
Status saved
Status saved
U 23000 | F 2944000 | FPS 3632 | D 896 | rR:μσmM 0.90 0.01 0.86 0.92 | F:μσmM 30.4 4.5 24.0 42.0 | H 1.480 | V 0.785 | pL -0.001 | vL 0.000 | ∇ 0.011
Status saved
Status saved
Status saved
Status saved
Status saved
