/workspace/learn-si2e/base-vcse/VCSE_DrQv2/train.py:207: UserWarning: 
The version_base parameter is not specified.
Please specify a compatability version level, or None.
Will assume defaults for version 1.1
  @hydra.main(config_path='cfgs', config_name='config')
/usr/local/lib/python3.10/dist-packages/hydra/_internal/hydra.py:119: UserWarning: Future Hydra versions will no longer change working directory at job runtime by default.
See https://hydra.cc/docs/1.2/upgrades/1.1_to_1.2/changes_to_job_working_dir/ for more information.
  ret = run_job(
/workspace/learn-si2e/base-vcse/VCSE_DrQv2/train.py:207: UserWarning: 
The version_base parameter is not specified.
Please specify a compatability version level, or None.
Will assume defaults for version 1.1
  @hydra.main(config_path='cfgs', config_name='config')
workspace: /workspace/learn-si2e/results/drqv2-official/cheetah_run_vcse_seed1
| eval           | F: 0 | S: 0 | E: 0 | L: 1000 | R: 0.2346 | T: 0:00:00
| train          | F: 5000 | S: 2500 | E: 5 | L: 1000 | R: 3.5328 | BS: 2500 | FPS: 23.1845 | T: 0:00:43
| train          | F: 6000 | S: 3000 | E: 6 | L: 1000 | R: 5.9753 | BS: 3000 | FPS: 70.8630 | T: 0:00:57
| train          | F: 7000 | S: 3500 | E: 7 | L: 1000 | R: 5.8932 | BS: 3500 | FPS: 67.9479 | T: 0:01:11
| train          | F: 8000 | S: 4000 | E: 8 | L: 1000 | R: 6.5553 | BS: 4000 | FPS: 66.1537 | T: 0:01:27
| train          | F: 9000 | S: 4500 | E: 9 | L: 1000 | R: 5.2696 | BS: 4500 | FPS: 63.9588 | T: 0:01:42
| train          | F: 10000 | S: 5000 | E: 10 | L: 1000 | R: 4.3414 | BS: 5000 | FPS: 62.0374 | T: 0:01:58
| eval           | F: 10000 | S: 5000 | E: 10 | L: 1000 | R: 1.9833 | T: 0:01:58
| train          | F: 11000 | S: 5500 | E: 11 | L: 1000 | R: 6.4833 | BS: 5500 | FPS: 29.3541 | T: 0:02:32
| train          | F: 12000 | S: 6000 | E: 12 | L: 1000 | R: 8.1626 | BS: 6000 | FPS: 63.4381 | T: 0:02:48
| train          | F: 13000 | S: 6500 | E: 13 | L: 1000 | R: 12.7964 | BS: 6500 | FPS: 63.2023 | T: 0:03:04
| train          | F: 14000 | S: 7000 | E: 14 | L: 1000 | R: 10.6008 | BS: 7000 | FPS: 61.9052 | T: 0:03:20
| train          | F: 15000 | S: 7500 | E: 15 | L: 1000 | R: 41.1637 | BS: 7500 | FPS: 60.2729 | T: 0:03:37
| train          | F: 16000 | S: 8000 | E: 16 | L: 1000 | R: 27.4457 | BS: 8000 | FPS: 59.2117 | T: 0:03:54
| train          | F: 17000 | S: 8500 | E: 17 | L: 1000 | R: 4.6532 | BS: 8500 | FPS: 59.3735 | T: 0:04:10
| train          | F: 18000 | S: 9000 | E: 18 | L: 1000 | R: 65.8654 | BS: 9000 | FPS: 59.9976 | T: 0:04:27
| train          | F: 19000 | S: 9500 | E: 19 | L: 1000 | R: 65.5049 | BS: 9500 | FPS: 59.7029 | T: 0:04:44
| train          | F: 20000 | S: 10000 | E: 20 | L: 1000 | R: 57.8985 | BS: 10000 | FPS: 57.3131 | T: 0:05:01
| eval           | F: 20000 | S: 10000 | E: 20 | L: 1000 | R: 68.3157 | T: 0:05:01
| train          | F: 21000 | S: 10500 | E: 21 | L: 1000 | R: 59.6728 | BS: 10500 | FPS: 29.4295 | T: 0:05:35
| train          | F: 22000 | S: 11000 | E: 22 | L: 1000 | R: 68.7701 | BS: 11000 | FPS: 63.3771 | T: 0:05:51
| train          | F: 23000 | S: 11500 | E: 23 | L: 1000 | R: 97.8740 | BS: 11500 | FPS: 59.1338 | T: 0:06:08
| train          | F: 24000 | S: 12000 | E: 24 | L: 1000 | R: 93.8681 | BS: 12000 | FPS: 62.3382 | T: 0:06:24
| train          | F: 25000 | S: 12500 | E: 25 | L: 1000 | R: 103.6711 | BS: 12500 | FPS: 58.8459 | T: 0:06:41
| train          | F: 26000 | S: 13000 | E: 26 | L: 1000 | R: 123.9445 | BS: 13000 | FPS: 60.5752 | T: 0:06:58
| train          | F: 27000 | S: 13500 | E: 27 | L: 1000 | R: 51.4754 | BS: 13500 | FPS: 59.8659 | T: 0:07:14
| train          | F: 28000 | S: 14000 | E: 28 | L: 1000 | R: 140.1886 | BS: 14000 | FPS: 57.9276 | T: 0:07:32
| train          | F: 29000 | S: 14500 | E: 29 | L: 1000 | R: 120.1830 | BS: 14500 | FPS: 61.0430 | T: 0:07:48
| train          | F: 30000 | S: 15000 | E: 30 | L: 1000 | R: 24.6865 | BS: 15000 | FPS: 60.0546 | T: 0:08:05
| eval           | F: 30000 | S: 15000 | E: 30 | L: 1000 | R: 33.2574 | T: 0:08:05
| train          | F: 31000 | S: 15500 | E: 31 | L: 1000 | R: 43.3062 | BS: 15500 | FPS: 31.5322 | T: 0:08:36
| train          | F: 32000 | S: 16000 | E: 32 | L: 1000 | R: 137.7533 | BS: 16000 | FPS: 61.2065 | T: 0:08:53
| train          | F: 33000 | S: 16500 | E: 33 | L: 1000 | R: 138.8773 | BS: 16500 | FPS: 61.3521 | T: 0:09:09
| train          | F: 34000 | S: 17000 | E: 34 | L: 1000 | R: 146.0741 | BS: 17000 | FPS: 59.8431 | T: 0:09:26
| train          | F: 35000 | S: 17500 | E: 35 | L: 1000 | R: 154.1534 | BS: 17500 | FPS: 59.4609 | T: 0:09:42
| train          | F: 36000 | S: 18000 | E: 36 | L: 1000 | R: 137.6378 | BS: 18000 | FPS: 59.1467 | T: 0:09:59
| train          | F: 37000 | S: 18500 | E: 37 | L: 1000 | R: 126.8709 | BS: 18500 | FPS: 60.5475 | T: 0:10:16
| train          | F: 38000 | S: 19000 | E: 38 | L: 1000 | R: 73.4989 | BS: 19000 | FPS: 58.0243 | T: 0:10:33
| train          | F: 39000 | S: 19500 | E: 39 | L: 1000 | R: 154.3667 | BS: 19500 | FPS: 57.1701 | T: 0:10:51
| train          | F: 40000 | S: 20000 | E: 40 | L: 1000 | R: 158.8400 | BS: 20000 | FPS: 57.5974 | T: 0:11:08
| eval           | F: 40000 | S: 20000 | E: 40 | L: 1000 | R: 79.9134 | T: 0:11:08
| train          | F: 41000 | S: 20500 | E: 41 | L: 1000 | R: 161.9739 | BS: 20500 | FPS: 28.9235 | T: 0:11:43
| train          | F: 42000 | S: 21000 | E: 42 | L: 1000 | R: 62.7685 | BS: 21000 | FPS: 64.9928 | T: 0:11:58
| train          | F: 43000 | S: 21500 | E: 43 | L: 1000 | R: 156.0873 | BS: 21500 | FPS: 62.8089 | T: 0:12:14
| train          | F: 44000 | S: 22000 | E: 44 | L: 1000 | R: 175.3643 | BS: 22000 | FPS: 59.5535 | T: 0:12:31
| train          | F: 45000 | S: 22500 | E: 45 | L: 1000 | R: 167.9678 | BS: 22500 | FPS: 58.9258 | T: 0:12:48
| train          | F: 46000 | S: 23000 | E: 46 | L: 1000 | R: 166.9869 | BS: 23000 | FPS: 60.9696 | T: 0:13:04
| train          | F: 47000 | S: 23500 | E: 47 | L: 1000 | R: 166.0209 | BS: 23500 | FPS: 61.2460 | T: 0:13:20
| train          | F: 48000 | S: 24000 | E: 48 | L: 1000 | R: 172.9683 | BS: 24000 | FPS: 57.4647 | T: 0:13:38
| train          | F: 49000 | S: 24500 | E: 49 | L: 1000 | R: 52.8179 | BS: 24500 | FPS: 59.3994 | T: 0:13:55
| train          | F: 50000 | S: 25000 | E: 50 | L: 1000 | R: 153.2815 | BS: 25000 | FPS: 57.7529 | T: 0:14:12
| eval           | F: 50000 | S: 25000 | E: 50 | L: 1000 | R: 142.6865 | T: 0:14:12
| train          | F: 51000 | S: 25500 | E: 51 | L: 1000 | R: 89.8028 | BS: 25500 | FPS: 28.5513 | T: 0:14:47
| train          | F: 52000 | S: 26000 | E: 52 | L: 1000 | R: 163.1354 | BS: 26000 | FPS: 63.1424 | T: 0:15:03
| train          | F: 53000 | S: 26500 | E: 53 | L: 1000 | R: 179.5210 | BS: 26500 | FPS: 59.9341 | T: 0:15:19
| train          | F: 54000 | S: 27000 | E: 54 | L: 1000 | R: 168.4362 | BS: 27000 | FPS: 60.1281 | T: 0:15:36
| train          | F: 55000 | S: 27500 | E: 55 | L: 1000 | R: 161.5959 | BS: 27500 | FPS: 58.7534 | T: 0:15:53
| train          | F: 56000 | S: 28000 | E: 56 | L: 1000 | R: 182.4856 | BS: 28000 | FPS: 60.7772 | T: 0:16:10
| train          | F: 57000 | S: 28500 | E: 57 | L: 1000 | R: 171.2913 | BS: 28500 | FPS: 60.4959 | T: 0:16:26
| train          | F: 58000 | S: 29000 | E: 58 | L: 1000 | R: 163.2535 | BS: 29000 | FPS: 58.8080 | T: 0:16:43
| train          | F: 59000 | S: 29500 | E: 59 | L: 1000 | R: 159.8896 | BS: 29500 | FPS: 59.0306 | T: 0:17:00
| train          | F: 60000 | S: 30000 | E: 60 | L: 1000 | R: 173.2670 | BS: 30000 | FPS: 57.7803 | T: 0:17:17
| eval           | F: 60000 | S: 30000 | E: 60 | L: 1000 | R: 158.4350 | T: 0:17:17
| train          | F: 61000 | S: 30500 | E: 61 | L: 1000 | R: 160.6390 | BS: 30500 | FPS: 30.5806 | T: 0:17:50
| train          | F: 62000 | S: 31000 | E: 62 | L: 1000 | R: 131.3479 | BS: 31000 | FPS: 63.6330 | T: 0:18:06
| train          | F: 63000 | S: 31500 | E: 63 | L: 1000 | R: 147.3416 | BS: 31500 | FPS: 62.6162 | T: 0:18:22
| train          | F: 64000 | S: 32000 | E: 64 | L: 1000 | R: 148.1133 | BS: 32000 | FPS: 59.3342 | T: 0:18:39
| train          | F: 65000 | S: 32500 | E: 65 | L: 1000 | R: 44.9252 | BS: 32500 | FPS: 59.1287 | T: 0:18:55
| train          | F: 66000 | S: 33000 | E: 66 | L: 1000 | R: 155.1190 | BS: 33000 | FPS: 60.6631 | T: 0:19:12
| train          | F: 67000 | S: 33500 | E: 67 | L: 1000 | R: 170.9777 | BS: 33500 | FPS: 58.0363 | T: 0:19:29
| train          | F: 68000 | S: 34000 | E: 68 | L: 1000 | R: 152.3034 | BS: 34000 | FPS: 59.3243 | T: 0:19:46
| train          | F: 69000 | S: 34500 | E: 69 | L: 1000 | R: 155.2779 | BS: 34500 | FPS: 60.4490 | T: 0:20:03
| train          | F: 70000 | S: 35000 | E: 70 | L: 1000 | R: 180.8862 | BS: 35000 | FPS: 59.5626 | T: 0:20:19
| eval           | F: 70000 | S: 35000 | E: 70 | L: 1000 | R: 172.4584 | T: 0:20:19
| train          | F: 71000 | S: 35500 | E: 71 | L: 1000 | R: 170.1858 | BS: 35500 | FPS: 28.6335 | T: 0:20:54
| train          | F: 72000 | S: 36000 | E: 72 | L: 1000 | R: 149.5552 | BS: 36000 | FPS: 63.9782 | T: 0:21:10
| train          | F: 73000 | S: 36500 | E: 73 | L: 1000 | R: 163.7830 | BS: 36500 | FPS: 62.2177 | T: 0:21:26
| train          | F: 74000 | S: 37000 | E: 74 | L: 1000 | R: 159.7802 | BS: 37000 | FPS: 63.1897 | T: 0:21:42
| train          | F: 75000 | S: 37500 | E: 75 | L: 1000 | R: 177.0853 | BS: 37500 | FPS: 61.4531 | T: 0:21:58
| train          | F: 76000 | S: 38000 | E: 76 | L: 1000 | R: 165.5438 | BS: 38000 | FPS: 58.9908 | T: 0:22:15
| train          | F: 77000 | S: 38500 | E: 77 | L: 1000 | R: 152.8455 | BS: 38500 | FPS: 59.0966 | T: 0:22:32
| train          | F: 78000 | S: 39000 | E: 78 | L: 1000 | R: 181.5685 | BS: 39000 | FPS: 59.2421 | T: 0:22:49
| train          | F: 79000 | S: 39500 | E: 79 | L: 1000 | R: 168.4841 | BS: 39500 | FPS: 56.3762 | T: 0:23:07
| train          | F: 80000 | S: 40000 | E: 80 | L: 1000 | R: 184.5676 | BS: 40000 | FPS: 57.0688 | T: 0:23:24
| eval           | F: 80000 | S: 40000 | E: 80 | L: 1000 | R: 174.7129 | T: 0:23:24
| train          | F: 81000 | S: 40500 | E: 81 | L: 1000 | R: 177.3077 | BS: 40500 | FPS: 28.8497 | T: 0:23:59
| train          | F: 82000 | S: 41000 | E: 82 | L: 1000 | R: 160.9276 | BS: 41000 | FPS: 66.5113 | T: 0:24:14
| train          | F: 83000 | S: 41500 | E: 83 | L: 1000 | R: 208.7374 | BS: 41500 | FPS: 59.8371 | T: 0:24:30
| train          | F: 84000 | S: 42000 | E: 84 | L: 1000 | R: 186.1382 | BS: 42000 | FPS: 61.8895 | T: 0:24:47
| train          | F: 85000 | S: 42500 | E: 85 | L: 1000 | R: 184.0132 | BS: 42500 | FPS: 60.6964 | T: 0:25:03
| train          | F: 86000 | S: 43000 | E: 86 | L: 1000 | R: 176.7454 | BS: 43000 | FPS: 58.6639 | T: 0:25:20
| train          | F: 87000 | S: 43500 | E: 87 | L: 1000 | R: 162.3535 | BS: 43500 | FPS: 60.1494 | T: 0:25:37
| train          | F: 88000 | S: 44000 | E: 88 | L: 1000 | R: 199.5201 | BS: 44000 | FPS: 56.9721 | T: 0:25:54
| train          | F: 89000 | S: 44500 | E: 89 | L: 1000 | R: 211.9260 | BS: 44500 | FPS: 58.4817 | T: 0:26:11
| train          | F: 90000 | S: 45000 | E: 90 | L: 1000 | R: 236.6330 | BS: 45000 | FPS: 59.3654 | T: 0:26:28
| eval           | F: 90000 | S: 45000 | E: 90 | L: 1000 | R: 192.2344 | T: 0:26:28
| train          | F: 91000 | S: 45500 | E: 91 | L: 1000 | R: 216.9480 | BS: 45500 | FPS: 28.7684 | T: 0:27:03
| train          | F: 92000 | S: 46000 | E: 92 | L: 1000 | R: 196.0786 | BS: 46000 | FPS: 64.5284 | T: 0:27:19
| train          | F: 93000 | S: 46500 | E: 93 | L: 1000 | R: 216.7080 | BS: 46500 | FPS: 60.2421 | T: 0:27:35
| train          | F: 94000 | S: 47000 | E: 94 | L: 1000 | R: 218.9879 | BS: 47000 | FPS: 61.1511 | T: 0:27:52
| train          | F: 95000 | S: 47500 | E: 95 | L: 1000 | R: 201.5611 | BS: 47500 | FPS: 61.5319 | T: 0:28:08
| train          | F: 96000 | S: 48000 | E: 96 | L: 1000 | R: 226.6628 | BS: 48000 | FPS: 59.5204 | T: 0:28:25
| train          | F: 97000 | S: 48500 | E: 97 | L: 1000 | R: 233.9657 | BS: 48500 | FPS: 60.4852 | T: 0:28:41
| train          | F: 98000 | S: 49000 | E: 98 | L: 1000 | R: 228.6282 | BS: 49000 | FPS: 57.9516 | T: 0:28:58
| train          | F: 99000 | S: 49500 | E: 99 | L: 1000 | R: 232.7989 | BS: 49500 | FPS: 59.7933 | T: 0:29:15
| train          | F: 100000 | S: 50000 | E: 100 | L: 1000 | R: 239.6777 | BS: 50000 | FPS: 57.8541 | T: 0:29:32
| eval           | F: 100000 | S: 50000 | E: 100 | L: 1000 | R: 241.9158 | T: 0:29:32
| train          | F: 101000 | S: 50500 | E: 101 | L: 1000 | R: 209.8173 | BS: 50500 | FPS: 29.2253 | T: 0:30:07
| train          | F: 102000 | S: 51000 | E: 102 | L: 1000 | R: 233.9504 | BS: 51000 | FPS: 62.3578 | T: 0:30:23
| train          | F: 103000 | S: 51500 | E: 103 | L: 1000 | R: 236.7613 | BS: 51500 | FPS: 64.2185 | T: 0:30:38
| train          | F: 104000 | S: 52000 | E: 104 | L: 1000 | R: 238.6581 | BS: 52000 | FPS: 62.0003 | T: 0:30:54
| train          | F: 105000 | S: 52500 | E: 105 | L: 1000 | R: 247.2625 | BS: 52500 | FPS: 61.1266 | T: 0:31:11
| train          | F: 106000 | S: 53000 | E: 106 | L: 1000 | R: 244.7770 | BS: 53000 | FPS: 60.6356 | T: 0:31:27
| train          | F: 107000 | S: 53500 | E: 107 | L: 1000 | R: 221.6172 | BS: 53500 | FPS: 58.6924 | T: 0:31:44
| train          | F: 108000 | S: 54000 | E: 108 | L: 1000 | R: 235.8078 | BS: 54000 | FPS: 58.9783 | T: 0:32:01
| train          | F: 109000 | S: 54500 | E: 109 | L: 1000 | R: 233.0662 | BS: 54500 | FPS: 55.4242 | T: 0:32:19
| train          | F: 110000 | S: 55000 | E: 110 | L: 1000 | R: 241.3842 | BS: 55000 | FPS: 59.6027 | T: 0:32:36
| eval           | F: 110000 | S: 55000 | E: 110 | L: 1000 | R: 249.6882 | T: 0:32:36
| train          | F: 111000 | S: 55500 | E: 111 | L: 1000 | R: 240.5668 | BS: 55500 | FPS: 31.1068 | T: 0:33:08
| train          | F: 112000 | S: 56000 | E: 112 | L: 1000 | R: 234.0239 | BS: 56000 | FPS: 64.5241 | T: 0:33:24
| train          | F: 113000 | S: 56500 | E: 113 | L: 1000 | R: 239.4093 | BS: 56500 | FPS: 61.2737 | T: 0:33:40
| train          | F: 114000 | S: 57000 | E: 114 | L: 1000 | R: 246.1253 | BS: 57000 | FPS: 59.4834 | T: 0:33:57
| train          | F: 115000 | S: 57500 | E: 115 | L: 1000 | R: 239.2583 | BS: 57500 | FPS: 57.6654 | T: 0:34:14
| train          | F: 116000 | S: 58000 | E: 116 | L: 1000 | R: 235.9389 | BS: 58000 | FPS: 58.1397 | T: 0:34:31
| train          | F: 117000 | S: 58500 | E: 117 | L: 1000 | R: 232.1265 | BS: 58500 | FPS: 55.4761 | T: 0:34:49
| train          | F: 118000 | S: 59000 | E: 118 | L: 1000 | R: 216.3739 | BS: 59000 | FPS: 56.4465 | T: 0:35:07
| train          | F: 119000 | S: 59500 | E: 119 | L: 1000 | R: 243.5776 | BS: 59500 | FPS: 55.9837 | T: 0:35:25
| train          | F: 120000 | S: 60000 | E: 120 | L: 1000 | R: 248.2701 | BS: 60000 | FPS: 58.2816 | T: 0:35:42
| eval           | F: 120000 | S: 60000 | E: 120 | L: 1000 | R: 263.3857 | T: 0:35:42
| train          | F: 121000 | S: 60500 | E: 121 | L: 1000 | R: 254.6605 | BS: 60500 | FPS: 31.0022 | T: 0:36:14
| train          | F: 122000 | S: 61000 | E: 122 | L: 1000 | R: 252.6434 | BS: 61000 | FPS: 63.1982 | T: 0:36:30
| train          | F: 123000 | S: 61500 | E: 123 | L: 1000 | R: 246.6106 | BS: 61500 | FPS: 59.6463 | T: 0:36:47
| train          | F: 124000 | S: 62000 | E: 124 | L: 1000 | R: 254.9816 | BS: 62000 | FPS: 60.2375 | T: 0:37:03
| train          | F: 125000 | S: 62500 | E: 125 | L: 1000 | R: 239.4542 | BS: 62500 | FPS: 60.6403 | T: 0:37:20
| train          | F: 126000 | S: 63000 | E: 126 | L: 1000 | R: 250.8441 | BS: 63000 | FPS: 56.1121 | T: 0:37:38
| train          | F: 127000 | S: 63500 | E: 127 | L: 1000 | R: 253.2314 | BS: 63500 | FPS: 58.9644 | T: 0:37:55
| train          | F: 128000 | S: 64000 | E: 128 | L: 1000 | R: 252.6470 | BS: 64000 | FPS: 57.1937 | T: 0:38:12
| train          | F: 129000 | S: 64500 | E: 129 | L: 1000 | R: 262.7400 | BS: 64500 | FPS: 56.7330 | T: 0:38:30
| train          | F: 130000 | S: 65000 | E: 130 | L: 1000 | R: 230.9344 | BS: 65000 | FPS: 56.8090 | T: 0:38:47
| eval           | F: 130000 | S: 65000 | E: 130 | L: 1000 | R: 265.8038 | T: 0:38:47
| train          | F: 131000 | S: 65500 | E: 131 | L: 1000 | R: 249.4247 | BS: 65500 | FPS: 28.5841 | T: 0:39:22
| train          | F: 132000 | S: 66000 | E: 132 | L: 1000 | R: 269.7906 | BS: 66000 | FPS: 64.5568 | T: 0:39:38
| train          | F: 133000 | S: 66500 | E: 133 | L: 1000 | R: 263.0973 | BS: 66500 | FPS: 61.9211 | T: 0:39:54
| train          | F: 134000 | S: 67000 | E: 134 | L: 1000 | R: 264.3942 | BS: 67000 | FPS: 60.2977 | T: 0:40:11
| train          | F: 135000 | S: 67500 | E: 135 | L: 1000 | R: 272.6723 | BS: 67500 | FPS: 60.8263 | T: 0:40:27
| train          | F: 136000 | S: 68000 | E: 136 | L: 1000 | R: 261.1913 | BS: 68000 | FPS: 60.2998 | T: 0:40:44
| train          | F: 137000 | S: 68500 | E: 137 | L: 1000 | R: 265.6721 | BS: 68500 | FPS: 59.5224 | T: 0:41:01
| train          | F: 138000 | S: 69000 | E: 138 | L: 1000 | R: 261.2681 | BS: 69000 | FPS: 57.4432 | T: 0:41:18
| train          | F: 139000 | S: 69500 | E: 139 | L: 1000 | R: 275.6499 | BS: 69500 | FPS: 58.2803 | T: 0:41:35
| train          | F: 140000 | S: 70000 | E: 140 | L: 1000 | R: 260.6723 | BS: 70000 | FPS: 56.9031 | T: 0:41:53
| eval           | F: 140000 | S: 70000 | E: 140 | L: 1000 | R: 305.8290 | T: 0:41:53
| train          | F: 141000 | S: 70500 | E: 141 | L: 1000 | R: 271.8973 | BS: 70500 | FPS: 30.2742 | T: 0:42:26
| train          | F: 142000 | S: 71000 | E: 142 | L: 1000 | R: 263.2422 | BS: 71000 | FPS: 63.8826 | T: 0:42:41
| train          | F: 143000 | S: 71500 | E: 143 | L: 1000 | R: 265.2159 | BS: 71500 | FPS: 61.2750 | T: 0:42:58
| train          | F: 144000 | S: 72000 | E: 144 | L: 1000 | R: 273.7188 | BS: 72000 | FPS: 59.4319 | T: 0:43:14
| train          | F: 145000 | S: 72500 | E: 145 | L: 1000 | R: 267.9035 | BS: 72500 | FPS: 60.1794 | T: 0:43:31
| train          | F: 146000 | S: 73000 | E: 146 | L: 1000 | R: 275.7944 | BS: 73000 | FPS: 58.7354 | T: 0:43:48
| train          | F: 147000 | S: 73500 | E: 147 | L: 1000 | R: 271.8405 | BS: 73500 | FPS: 58.0961 | T: 0:44:05
| train          | F: 148000 | S: 74000 | E: 148 | L: 1000 | R: 272.4329 | BS: 74000 | FPS: 56.7549 | T: 0:44:23
| train          | F: 149000 | S: 74500 | E: 149 | L: 1000 | R: 272.5247 | BS: 74500 | FPS: 58.8303 | T: 0:44:40
| train          | F: 150000 | S: 75000 | E: 150 | L: 1000 | R: 279.8010 | BS: 75000 | FPS: 56.5204 | T: 0:44:58
| eval           | F: 150000 | S: 75000 | E: 150 | L: 1000 | R: 308.5652 | T: 0:44:58
| train          | F: 151000 | S: 75500 | E: 151 | L: 1000 | R: 276.7968 | BS: 75500 | FPS: 29.3353 | T: 0:45:32
| train          | F: 152000 | S: 76000 | E: 152 | L: 1000 | R: 264.4231 | BS: 76000 | FPS: 62.4721 | T: 0:45:48
| train          | F: 153000 | S: 76500 | E: 153 | L: 1000 | R: 261.9607 | BS: 76500 | FPS: 63.0211 | T: 0:46:04
| train          | F: 154000 | S: 77000 | E: 154 | L: 1000 | R: 258.8844 | BS: 77000 | FPS: 59.6132 | T: 0:46:20
| train          | F: 155000 | S: 77500 | E: 155 | L: 1000 | R: 278.7285 | BS: 77500 | FPS: 60.1296 | T: 0:46:37
| train          | F: 156000 | S: 78000 | E: 156 | L: 1000 | R: 268.4946 | BS: 78000 | FPS: 59.6625 | T: 0:46:54
| train          | F: 157000 | S: 78500 | E: 157 | L: 1000 | R: 270.1715 | BS: 78500 | FPS: 58.0164 | T: 0:47:11
| train          | F: 158000 | S: 79000 | E: 158 | L: 1000 | R: 280.7914 | BS: 79000 | FPS: 58.7520 | T: 0:47:28
| train          | F: 159000 | S: 79500 | E: 159 | L: 1000 | R: 270.5846 | BS: 79500 | FPS: 56.4340 | T: 0:47:46
| train          | F: 160000 | S: 80000 | E: 160 | L: 1000 | R: 256.5262 | BS: 80000 | FPS: 59.4255 | T: 0:48:03
| eval           | F: 160000 | S: 80000 | E: 160 | L: 1000 | R: 300.2134 | T: 0:48:03
| train          | F: 161000 | S: 80500 | E: 161 | L: 1000 | R: 277.1272 | BS: 80500 | FPS: 28.8002 | T: 0:48:37
| train          | F: 162000 | S: 81000 | E: 162 | L: 1000 | R: 288.4473 | BS: 81000 | FPS: 63.9098 | T: 0:48:53
| train          | F: 163000 | S: 81500 | E: 163 | L: 1000 | R: 291.2441 | BS: 81500 | FPS: 62.6999 | T: 0:49:09
| train          | F: 164000 | S: 82000 | E: 164 | L: 1000 | R: 283.2581 | BS: 82000 | FPS: 58.6045 | T: 0:49:26
| train          | F: 165000 | S: 82500 | E: 165 | L: 1000 | R: 268.8699 | BS: 82500 | FPS: 60.3884 | T: 0:49:43
| train          | F: 166000 | S: 83000 | E: 166 | L: 1000 | R: 300.9813 | BS: 83000 | FPS: 58.1159 | T: 0:50:00
| train          | F: 167000 | S: 83500 | E: 167 | L: 1000 | R: 299.2930 | BS: 83500 | FPS: 58.9988 | T: 0:50:17
| train          | F: 168000 | S: 84000 | E: 168 | L: 1000 | R: 285.8577 | BS: 84000 | FPS: 59.3654 | T: 0:50:34
| train          | F: 169000 | S: 84500 | E: 169 | L: 1000 | R: 295.0668 | BS: 84500 | FPS: 57.9277 | T: 0:50:51
| train          | F: 170000 | S: 85000 | E: 170 | L: 1000 | R: 296.6711 | BS: 85000 | FPS: 60.0588 | T: 0:51:07
| eval           | F: 170000 | S: 85000 | E: 170 | L: 1000 | R: 309.7952 | T: 0:51:07
| train          | F: 171000 | S: 85500 | E: 171 | L: 1000 | R: 307.0953 | BS: 85500 | FPS: 29.6458 | T: 0:51:41
| train          | F: 172000 | S: 86000 | E: 172 | L: 1000 | R: 283.9659 | BS: 86000 | FPS: 63.8125 | T: 0:51:57
| train          | F: 173000 | S: 86500 | E: 173 | L: 1000 | R: 299.4370 | BS: 86500 | FPS: 63.3373 | T: 0:52:13
| train          | F: 174000 | S: 87000 | E: 174 | L: 1000 | R: 300.7211 | BS: 87000 | FPS: 59.7474 | T: 0:52:29
| train          | F: 175000 | S: 87500 | E: 175 | L: 1000 | R: 305.3327 | BS: 87500 | FPS: 58.8960 | T: 0:52:46
| train          | F: 176000 | S: 88000 | E: 176 | L: 1000 | R: 298.0325 | BS: 88000 | FPS: 58.8736 | T: 0:53:03
| train          | F: 177000 | S: 88500 | E: 177 | L: 1000 | R: 307.2179 | BS: 88500 | FPS: 58.4872 | T: 0:53:20
| train          | F: 178000 | S: 89000 | E: 178 | L: 1000 | R: 286.0941 | BS: 89000 | FPS: 58.1626 | T: 0:53:38
| train          | F: 179000 | S: 89500 | E: 179 | L: 1000 | R: 315.9117 | BS: 89500 | FPS: 57.9763 | T: 0:53:55
| train          | F: 180000 | S: 90000 | E: 180 | L: 1000 | R: 320.7771 | BS: 90000 | FPS: 57.7414 | T: 0:54:12
| eval           | F: 180000 | S: 90000 | E: 180 | L: 1000 | R: 328.2205 | T: 0:54:12
| train          | F: 181000 | S: 90500 | E: 181 | L: 1000 | R: 308.3115 | BS: 90500 | FPS: 29.5165 | T: 0:54:46
| train          | F: 182000 | S: 91000 | E: 182 | L: 1000 | R: 316.5958 | BS: 91000 | FPS: 64.2485 | T: 0:55:02
| train          | F: 183000 | S: 91500 | E: 183 | L: 1000 | R: 315.2619 | BS: 91500 | FPS: 61.3439 | T: 0:55:18
| train          | F: 184000 | S: 92000 | E: 184 | L: 1000 | R: 315.6316 | BS: 92000 | FPS: 58.8353 | T: 0:55:35
| train          | F: 185000 | S: 92500 | E: 185 | L: 1000 | R: 307.1855 | BS: 92500 | FPS: 60.5917 | T: 0:55:51
| train          | F: 186000 | S: 93000 | E: 186 | L: 1000 | R: 314.7566 | BS: 93000 | FPS: 60.0200 | T: 0:56:08
| train          | F: 187000 | S: 93500 | E: 187 | L: 1000 | R: 312.0155 | BS: 93500 | FPS: 57.0758 | T: 0:56:26
| train          | F: 188000 | S: 94000 | E: 188 | L: 1000 | R: 308.9316 | BS: 94000 | FPS: 60.7743 | T: 0:56:42
| train          | F: 189000 | S: 94500 | E: 189 | L: 1000 | R: 305.7261 | BS: 94500 | FPS: 59.1037 | T: 0:56:59
| train          | F: 190000 | S: 95000 | E: 190 | L: 1000 | R: 314.8942 | BS: 95000 | FPS: 58.9270 | T: 0:57:16
| eval           | F: 190000 | S: 95000 | E: 190 | L: 1000 | R: 340.7598 | T: 0:57:16
| train          | F: 191000 | S: 95500 | E: 191 | L: 1000 | R: 325.5273 | BS: 95500 | FPS: 29.3167 | T: 0:57:50
| train          | F: 192000 | S: 96000 | E: 192 | L: 1000 | R: 319.3461 | BS: 96000 | FPS: 63.5613 | T: 0:58:06
| train          | F: 193000 | S: 96500 | E: 193 | L: 1000 | R: 316.1485 | BS: 96500 | FPS: 58.5279 | T: 0:58:23
| train          | F: 194000 | S: 97000 | E: 194 | L: 1000 | R: 315.2499 | BS: 97000 | FPS: 59.9524 | T: 0:58:40
| train          | F: 195000 | S: 97500 | E: 195 | L: 1000 | R: 319.3871 | BS: 97500 | FPS: 61.9320 | T: 0:58:56
| train          | F: 196000 | S: 98000 | E: 196 | L: 1000 | R: 319.4420 | BS: 98000 | FPS: 58.7177 | T: 0:59:13
| train          | F: 197000 | S: 98500 | E: 197 | L: 1000 | R: 320.5647 | BS: 98500 | FPS: 54.9002 | T: 0:59:31
| train          | F: 198000 | S: 99000 | E: 198 | L: 1000 | R: 325.0763 | BS: 99000 | FPS: 59.8223 | T: 0:59:48
| train          | F: 199000 | S: 99500 | E: 199 | L: 1000 | R: 307.8683 | BS: 99500 | FPS: 56.9261 | T: 1:00:05
| train          | F: 200000 | S: 100000 | E: 200 | L: 1000 | R: 338.8719 | BS: 100000 | FPS: 56.5005 | T: 1:00:23
| eval           | F: 200000 | S: 100000 | E: 200 | L: 1000 | R: 365.5058 | T: 1:00:23
| train          | F: 201000 | S: 100500 | E: 201 | L: 1000 | R: 314.4105 | BS: 100500 | FPS: 29.2485 | T: 1:00:57
| train          | F: 202000 | S: 101000 | E: 202 | L: 1000 | R: 329.0896 | BS: 101000 | FPS: 63.6447 | T: 1:01:13
| train          | F: 203000 | S: 101500 | E: 203 | L: 1000 | R: 332.7295 | BS: 101500 | FPS: 61.8349 | T: 1:01:29
| train          | F: 204000 | S: 102000 | E: 204 | L: 1000 | R: 335.5184 | BS: 102000 | FPS: 60.4787 | T: 1:01:46
| train          | F: 205000 | S: 102500 | E: 205 | L: 1000 | R: 331.4947 | BS: 102500 | FPS: 60.0903 | T: 1:02:02
| train          | F: 206000 | S: 103000 | E: 206 | L: 1000 | R: 324.1676 | BS: 103000 | FPS: 57.2907 | T: 1:02:20
| train          | F: 207000 | S: 103500 | E: 207 | L: 1000 | R: 334.2356 | BS: 103500 | FPS: 58.3767 | T: 1:02:37
| train          | F: 208000 | S: 104000 | E: 208 | L: 1000 | R: 299.3119 | BS: 104000 | FPS: 56.0923 | T: 1:02:55
| train          | F: 209000 | S: 104500 | E: 209 | L: 1000 | R: 333.5415 | BS: 104500 | FPS: 56.4693 | T: 1:03:12
| train          | F: 210000 | S: 105000 | E: 210 | L: 1000 | R: 338.9391 | BS: 105000 | FPS: 57.6143 | T: 1:03:30
| eval           | F: 210000 | S: 105000 | E: 210 | L: 1000 | R: 368.7844 | T: 1:03:30
| train          | F: 211000 | S: 105500 | E: 211 | L: 1000 | R: 328.8752 | BS: 105500 | FPS: 30.8723 | T: 1:04:02
| train          | F: 212000 | S: 106000 | E: 212 | L: 1000 | R: 340.7203 | BS: 106000 | FPS: 62.1736 | T: 1:04:18
| train          | F: 213000 | S: 106500 | E: 213 | L: 1000 | R: 334.5329 | BS: 106500 | FPS: 60.3437 | T: 1:04:35
| train          | F: 214000 | S: 107000 | E: 214 | L: 1000 | R: 327.2380 | BS: 107000 | FPS: 59.2553 | T: 1:04:52
| train          | F: 215000 | S: 107500 | E: 215 | L: 1000 | R: 358.1942 | BS: 107500 | FPS: 58.3006 | T: 1:05:09
| train          | F: 216000 | S: 108000 | E: 216 | L: 1000 | R: 352.9944 | BS: 108000 | FPS: 57.3021 | T: 1:05:26
| train          | F: 217000 | S: 108500 | E: 217 | L: 1000 | R: 350.3597 | BS: 108500 | FPS: 58.1032 | T: 1:05:43
| train          | F: 218000 | S: 109000 | E: 218 | L: 1000 | R: 359.3594 | BS: 109000 | FPS: 58.9207 | T: 1:06:00
| train          | F: 219000 | S: 109500 | E: 219 | L: 1000 | R: 366.2221 | BS: 109500 | FPS: 59.2217 | T: 1:06:17
| train          | F: 220000 | S: 110000 | E: 220 | L: 1000 | R: 372.4122 | BS: 110000 | FPS: 59.0498 | T: 1:06:34
| eval           | F: 220000 | S: 110000 | E: 220 | L: 1000 | R: 415.2920 | T: 1:06:34
| train          | F: 221000 | S: 110500 | E: 221 | L: 1000 | R: 355.4214 | BS: 110500 | FPS: 31.2401 | T: 1:07:06
| train          | F: 222000 | S: 111000 | E: 222 | L: 1000 | R: 358.8763 | BS: 111000 | FPS: 62.1667 | T: 1:07:22
| train          | F: 223000 | S: 111500 | E: 223 | L: 1000 | R: 367.4819 | BS: 111500 | FPS: 60.6184 | T: 1:07:39
| train          | F: 224000 | S: 112000 | E: 224 | L: 1000 | R: 370.4150 | BS: 112000 | FPS: 59.1995 | T: 1:07:56
| train          | F: 225000 | S: 112500 | E: 225 | L: 1000 | R: 357.0152 | BS: 112500 | FPS: 58.7464 | T: 1:08:13
| train          | F: 226000 | S: 113000 | E: 226 | L: 1000 | R: 383.3762 | BS: 113000 | FPS: 56.0126 | T: 1:08:31
| train          | F: 227000 | S: 113500 | E: 227 | L: 1000 | R: 375.0818 | BS: 113500 | FPS: 58.5434 | T: 1:08:48
| train          | F: 228000 | S: 114000 | E: 228 | L: 1000 | R: 385.0081 | BS: 114000 | FPS: 58.0387 | T: 1:09:05
| train          | F: 229000 | S: 114500 | E: 229 | L: 1000 | R: 366.6452 | BS: 114500 | FPS: 56.9829 | T: 1:09:22
| train          | F: 230000 | S: 115000 | E: 230 | L: 1000 | R: 362.1752 | BS: 115000 | FPS: 56.7796 | T: 1:09:40
| eval           | F: 230000 | S: 115000 | E: 230 | L: 1000 | R: 406.6188 | T: 1:09:40
| train          | F: 231000 | S: 115500 | E: 231 | L: 1000 | R: 351.1957 | BS: 115500 | FPS: 30.3214 | T: 1:10:13
| train          | F: 232000 | S: 116000 | E: 232 | L: 1000 | R: 362.9637 | BS: 116000 | FPS: 63.8451 | T: 1:10:29
| train          | F: 233000 | S: 116500 | E: 233 | L: 1000 | R: 377.0674 | BS: 116500 | FPS: 59.2319 | T: 1:10:46
| train          | F: 234000 | S: 117000 | E: 234 | L: 1000 | R: 374.9288 | BS: 117000 | FPS: 60.7259 | T: 1:11:02
| train          | F: 235000 | S: 117500 | E: 235 | L: 1000 | R: 381.1895 | BS: 117500 | FPS: 61.8526 | T: 1:11:18
| train          | F: 236000 | S: 118000 | E: 236 | L: 1000 | R: 365.3004 | BS: 118000 | FPS: 59.7339 | T: 1:11:35
| train          | F: 237000 | S: 118500 | E: 237 | L: 1000 | R: 372.8623 | BS: 118500 | FPS: 55.9215 | T: 1:11:53
| train          | F: 238000 | S: 119000 | E: 238 | L: 1000 | R: 354.8950 | BS: 119000 | FPS: 58.2489 | T: 1:12:10
| train          | F: 239000 | S: 119500 | E: 239 | L: 1000 | R: 354.0967 | BS: 119500 | FPS: 57.4373 | T: 1:12:27
| train          | F: 240000 | S: 120000 | E: 240 | L: 1000 | R: 356.0726 | BS: 120000 | FPS: 58.2404 | T: 1:12:45
| eval           | F: 240000 | S: 120000 | E: 240 | L: 1000 | R: 378.0858 | T: 1:12:45
| train          | F: 241000 | S: 120500 | E: 241 | L: 1000 | R: 366.5428 | BS: 120500 | FPS: 31.2216 | T: 1:13:17
| train          | F: 242000 | S: 121000 | E: 242 | L: 1000 | R: 392.4232 | BS: 121000 | FPS: 62.2480 | T: 1:13:33
| train          | F: 243000 | S: 121500 | E: 243 | L: 1000 | R: 375.2912 | BS: 121500 | FPS: 60.8226 | T: 1:13:49
| train          | F: 244000 | S: 122000 | E: 244 | L: 1000 | R: 373.2451 | BS: 122000 | FPS: 58.1726 | T: 1:14:06
| train          | F: 245000 | S: 122500 | E: 245 | L: 1000 | R: 389.5121 | BS: 122500 | FPS: 57.5209 | T: 1:14:24
| train          | F: 246000 | S: 123000 | E: 246 | L: 1000 | R: 381.1873 | BS: 123000 | FPS: 59.1909 | T: 1:14:41
| train          | F: 247000 | S: 123500 | E: 247 | L: 1000 | R: 396.6614 | BS: 123500 | FPS: 60.4316 | T: 1:14:57
| train          | F: 248000 | S: 124000 | E: 248 | L: 1000 | R: 406.0490 | BS: 124000 | FPS: 57.3890 | T: 1:15:15
| train          | F: 249000 | S: 124500 | E: 249 | L: 1000 | R: 392.6637 | BS: 124500 | FPS: 58.2550 | T: 1:15:32
| train          | F: 250000 | S: 125000 | E: 250 | L: 1000 | R: 403.8075 | BS: 125000 | FPS: 58.4251 | T: 1:15:49
| eval           | F: 250000 | S: 125000 | E: 250 | L: 1000 | R: 437.6572 | T: 1:15:49
| train          | F: 251000 | S: 125500 | E: 251 | L: 1000 | R: 400.9194 | BS: 125500 | FPS: 29.5677 | T: 1:16:23
| train          | F: 252000 | S: 126000 | E: 252 | L: 1000 | R: 404.0329 | BS: 126000 | FPS: 63.4889 | T: 1:16:38
| train          | F: 253000 | S: 126500 | E: 253 | L: 1000 | R: 406.4599 | BS: 126500 | FPS: 60.7721 | T: 1:16:55
| train          | F: 254000 | S: 127000 | E: 254 | L: 1000 | R: 402.6831 | BS: 127000 | FPS: 60.2914 | T: 1:17:11
| train          | F: 255000 | S: 127500 | E: 255 | L: 1000 | R: 408.8425 | BS: 127500 | FPS: 58.2418 | T: 1:17:29
| train          | F: 256000 | S: 128000 | E: 256 | L: 1000 | R: 404.6412 | BS: 128000 | FPS: 57.9357 | T: 1:17:46
| train          | F: 257000 | S: 128500 | E: 257 | L: 1000 | R: 410.2784 | BS: 128500 | FPS: 59.1987 | T: 1:18:03
| train          | F: 258000 | S: 129000 | E: 258 | L: 1000 | R: 417.5196 | BS: 129000 | FPS: 57.7081 | T: 1:18:20
| train          | F: 259000 | S: 129500 | E: 259 | L: 1000 | R: 429.7710 | BS: 129500 | FPS: 57.0650 | T: 1:18:38
| train          | F: 260000 | S: 130000 | E: 260 | L: 1000 | R: 412.3843 | BS: 130000 | FPS: 57.6976 | T: 1:18:55
| eval           | F: 260000 | S: 130000 | E: 260 | L: 1000 | R: 368.6472 | T: 1:18:55
| train          | F: 261000 | S: 130500 | E: 261 | L: 1000 | R: 383.6387 | BS: 130500 | FPS: 29.5936 | T: 1:19:29
| train          | F: 262000 | S: 131000 | E: 262 | L: 1000 | R: 419.2346 | BS: 131000 | FPS: 60.0482 | T: 1:19:45
| train          | F: 263000 | S: 131500 | E: 263 | L: 1000 | R: 428.7159 | BS: 131500 | FPS: 60.8904 | T: 1:20:02
| train          | F: 264000 | S: 132000 | E: 264 | L: 1000 | R: 408.3043 | BS: 132000 | FPS: 56.8759 | T: 1:20:19
| train          | F: 265000 | S: 132500 | E: 265 | L: 1000 | R: 411.7266 | BS: 132500 | FPS: 58.4944 | T: 1:20:36
| train          | F: 266000 | S: 133000 | E: 266 | L: 1000 | R: 422.7271 | BS: 133000 | FPS: 55.3708 | T: 1:20:55
| train          | F: 267000 | S: 133500 | E: 267 | L: 1000 | R: 445.2063 | BS: 133500 | FPS: 49.7074 | T: 1:21:15
| train          | F: 268000 | S: 134000 | E: 268 | L: 1000 | R: 437.5832 | BS: 134000 | FPS: 52.3272 | T: 1:21:34
| train          | F: 269000 | S: 134500 | E: 269 | L: 1000 | R: 322.0861 | BS: 134500 | FPS: 52.3301 | T: 1:21:53
| train          | F: 270000 | S: 135000 | E: 270 | L: 1000 | R: 430.4614 | BS: 135000 | FPS: 50.5610 | T: 1:22:13
| eval           | F: 270000 | S: 135000 | E: 270 | L: 1000 | R: 278.8168 | T: 1:22:13
| train          | F: 271000 | S: 135500 | E: 271 | L: 1000 | R: 379.6547 | BS: 135500 | FPS: 24.1830 | T: 1:22:54
| train          | F: 272000 | S: 136000 | E: 272 | L: 1000 | R: 276.8895 | BS: 136000 | FPS: 55.0356 | T: 1:23:12
| train          | F: 273000 | S: 136500 | E: 273 | L: 1000 | R: 412.0560 | BS: 136500 | FPS: 51.2592 | T: 1:23:32
| train          | F: 274000 | S: 137000 | E: 274 | L: 1000 | R: 417.8509 | BS: 137000 | FPS: 53.1450 | T: 1:23:51
| train          | F: 275000 | S: 137500 | E: 275 | L: 1000 | R: 442.5176 | BS: 137500 | FPS: 50.9824 | T: 1:24:10
| train          | F: 276000 | S: 138000 | E: 276 | L: 1000 | R: 429.0840 | BS: 138000 | FPS: 52.7236 | T: 1:24:29
| train          | F: 277000 | S: 138500 | E: 277 | L: 1000 | R: 326.3254 | BS: 138500 | FPS: 50.6193 | T: 1:24:49
| train          | F: 278000 | S: 139000 | E: 278 | L: 1000 | R: 397.4527 | BS: 139000 | FPS: 50.8126 | T: 1:25:09
| train          | F: 279000 | S: 139500 | E: 279 | L: 1000 | R: 454.2365 | BS: 139500 | FPS: 50.2568 | T: 1:25:28
| train          | F: 280000 | S: 140000 | E: 280 | L: 1000 | R: 192.2482 | BS: 140000 | FPS: 49.8265 | T: 1:25:49
| eval           | F: 280000 | S: 140000 | E: 280 | L: 1000 | R: 273.6146 | T: 1:25:49
| train          | F: 281000 | S: 140500 | E: 281 | L: 1000 | R: 422.7245 | BS: 140500 | FPS: 22.4638 | T: 1:26:33
| train          | F: 282000 | S: 141000 | E: 282 | L: 1000 | R: 360.4244 | BS: 141000 | FPS: 53.4629 | T: 1:26:52
| train          | F: 283000 | S: 141500 | E: 283 | L: 1000 | R: 448.0879 | BS: 141500 | FPS: 53.5198 | T: 1:27:10
| train          | F: 284000 | S: 142000 | E: 284 | L: 1000 | R: 434.4929 | BS: 142000 | FPS: 53.0201 | T: 1:27:29
| train          | F: 285000 | S: 142500 | E: 285 | L: 1000 | R: 447.3068 | BS: 142500 | FPS: 53.5181 | T: 1:27:48
| train          | F: 286000 | S: 143000 | E: 286 | L: 1000 | R: 457.4082 | BS: 143000 | FPS: 52.2152 | T: 1:28:07
| train          | F: 287000 | S: 143500 | E: 287 | L: 1000 | R: 416.4636 | BS: 143500 | FPS: 51.1856 | T: 1:28:27
| train          | F: 288000 | S: 144000 | E: 288 | L: 1000 | R: 455.0775 | BS: 144000 | FPS: 48.6378 | T: 1:28:47
| train          | F: 289000 | S: 144500 | E: 289 | L: 1000 | R: 419.6738 | BS: 144500 | FPS: 50.0182 | T: 1:29:07
| train          | F: 290000 | S: 145000 | E: 290 | L: 1000 | R: 439.6418 | BS: 145000 | FPS: 49.3982 | T: 1:29:27
| eval           | F: 290000 | S: 145000 | E: 290 | L: 1000 | R: 423.4599 | T: 1:29:27
| train          | F: 291000 | S: 145500 | E: 291 | L: 1000 | R: 451.5929 | BS: 145500 | FPS: 23.8577 | T: 1:30:09
| train          | F: 292000 | S: 146000 | E: 292 | L: 1000 | R: 429.0758 | BS: 146000 | FPS: 55.8156 | T: 1:30:27
| train          | F: 293000 | S: 146500 | E: 293 | L: 1000 | R: 459.0776 | BS: 146500 | FPS: 54.6219 | T: 1:30:46
| train          | F: 294000 | S: 147000 | E: 294 | L: 1000 | R: 440.8934 | BS: 147000 | FPS: 52.2212 | T: 1:31:05
| train          | F: 295000 | S: 147500 | E: 295 | L: 1000 | R: 441.5636 | BS: 147500 | FPS: 52.2612 | T: 1:31:24
| train          | F: 296000 | S: 148000 | E: 296 | L: 1000 | R: 446.4755 | BS: 148000 | FPS: 51.3384 | T: 1:31:43
| train          | F: 297000 | S: 148500 | E: 297 | L: 1000 | R: 442.9989 | BS: 148500 | FPS: 49.3312 | T: 1:32:04
| train          | F: 298000 | S: 149000 | E: 298 | L: 1000 | R: 422.1526 | BS: 149000 | FPS: 49.7747 | T: 1:32:24
| train          | F: 299000 | S: 149500 | E: 299 | L: 1000 | R: 459.2695 | BS: 149500 | FPS: 47.7578 | T: 1:32:45
| train          | F: 300000 | S: 150000 | E: 300 | L: 1000 | R: 441.4361 | BS: 150000 | FPS: 49.5806 | T: 1:33:05
| eval           | F: 300000 | S: 150000 | E: 300 | L: 1000 | R: 433.4731 | T: 1:33:05
| train          | F: 301000 | S: 150500 | E: 301 | L: 1000 | R: 437.2560 | BS: 150500 | FPS: 22.6908 | T: 1:33:49
| train          | F: 302000 | S: 151000 | E: 302 | L: 1000 | R: 448.8665 | BS: 151000 | FPS: 58.3460 | T: 1:34:06
| train          | F: 303000 | S: 151500 | E: 303 | L: 1000 | R: 410.2527 | BS: 151500 | FPS: 55.7972 | T: 1:34:24
| train          | F: 304000 | S: 152000 | E: 304 | L: 1000 | R: 448.8325 | BS: 152000 | FPS: 49.7601 | T: 1:34:44
| train          | F: 305000 | S: 152500 | E: 305 | L: 1000 | R: 439.7106 | BS: 152500 | FPS: 46.5967 | T: 1:35:06
| train          | F: 306000 | S: 153000 | E: 306 | L: 1000 | R: 487.4856 | BS: 153000 | FPS: 48.4196 | T: 1:35:26
| train          | F: 307000 | S: 153500 | E: 307 | L: 1000 | R: 432.5087 | BS: 153500 | FPS: 50.4894 | T: 1:35:46
| train          | F: 308000 | S: 154000 | E: 308 | L: 1000 | R: 417.6224 | BS: 154000 | FPS: 50.0982 | T: 1:36:06
| train          | F: 309000 | S: 154500 | E: 309 | L: 1000 | R: 448.0907 | BS: 154500 | FPS: 52.9692 | T: 1:36:25
| train          | F: 310000 | S: 155000 | E: 310 | L: 1000 | R: 103.0839 | BS: 155000 | FPS: 52.1580 | T: 1:36:44
| eval           | F: 310000 | S: 155000 | E: 310 | L: 1000 | R: 472.4617 | T: 1:36:44
| train          | F: 311000 | S: 155500 | E: 311 | L: 1000 | R: 460.9049 | BS: 155500 | FPS: 22.3988 | T: 1:37:29
| train          | F: 312000 | S: 156000 | E: 312 | L: 1000 | R: 452.9952 | BS: 156000 | FPS: 54.7582 | T: 1:37:47
| train          | F: 313000 | S: 156500 | E: 313 | L: 1000 | R: 466.4581 | BS: 156500 | FPS: 53.8414 | T: 1:38:05
| train          | F: 314000 | S: 157000 | E: 314 | L: 1000 | R: 487.6278 | BS: 157000 | FPS: 53.3350 | T: 1:38:24
| train          | F: 315000 | S: 157500 | E: 315 | L: 1000 | R: 463.1394 | BS: 157500 | FPS: 54.1861 | T: 1:38:43
| train          | F: 316000 | S: 158000 | E: 316 | L: 1000 | R: 479.6478 | BS: 158000 | FPS: 53.3392 | T: 1:39:01
| train          | F: 317000 | S: 158500 | E: 317 | L: 1000 | R: 473.7746 | BS: 158500 | FPS: 51.8383 | T: 1:39:21
| train          | F: 318000 | S: 159000 | E: 318 | L: 1000 | R: 487.8190 | BS: 159000 | FPS: 51.4106 | T: 1:39:40
| train          | F: 319000 | S: 159500 | E: 319 | L: 1000 | R: 480.9320 | BS: 159500 | FPS: 49.5254 | T: 1:40:00
| train          | F: 320000 | S: 160000 | E: 320 | L: 1000 | R: 493.3560 | BS: 160000 | FPS: 49.2787 | T: 1:40:21
| eval           | F: 320000 | S: 160000 | E: 320 | L: 1000 | R: 495.3578 | T: 1:40:21
| train          | F: 321000 | S: 160500 | E: 321 | L: 1000 | R: 489.8278 | BS: 160500 | FPS: 23.4791 | T: 1:41:03
| train          | F: 322000 | S: 161000 | E: 322 | L: 1000 | R: 491.3099 | BS: 161000 | FPS: 50.3025 | T: 1:41:23
| train          | F: 323000 | S: 161500 | E: 323 | L: 1000 | R: 501.5968 | BS: 161500 | FPS: 53.0281 | T: 1:41:42
| train          | F: 324000 | S: 162000 | E: 324 | L: 1000 | R: 480.2748 | BS: 162000 | FPS: 52.0084 | T: 1:42:01
| train          | F: 325000 | S: 162500 | E: 325 | L: 1000 | R: 460.9357 | BS: 162500 | FPS: 52.9620 | T: 1:42:20
| train          | F: 326000 | S: 163000 | E: 326 | L: 1000 | R: 490.4821 | BS: 163000 | FPS: 51.8897 | T: 1:42:39
| train          | F: 327000 | S: 163500 | E: 327 | L: 1000 | R: 157.3110 | BS: 163500 | FPS: 52.0031 | T: 1:42:59
| train          | F: 328000 | S: 164000 | E: 328 | L: 1000 | R: 512.7345 | BS: 164000 | FPS: 51.5254 | T: 1:43:18
| train          | F: 329000 | S: 164500 | E: 329 | L: 1000 | R: 485.5856 | BS: 164500 | FPS: 49.7488 | T: 1:43:38
| train          | F: 330000 | S: 165000 | E: 330 | L: 1000 | R: 493.2137 | BS: 165000 | FPS: 50.1803 | T: 1:43:58
| eval           | F: 330000 | S: 165000 | E: 330 | L: 1000 | R: 418.6259 | T: 1:43:58
| train          | F: 331000 | S: 165500 | E: 331 | L: 1000 | R: 505.7230 | BS: 165500 | FPS: 22.1280 | T: 1:44:43
| train          | F: 332000 | S: 166000 | E: 332 | L: 1000 | R: 141.4299 | BS: 166000 | FPS: 58.6418 | T: 1:45:00
| train          | F: 333000 | S: 166500 | E: 333 | L: 1000 | R: 460.6134 | BS: 166500 | FPS: 54.6933 | T: 1:45:19
| train          | F: 334000 | S: 167000 | E: 334 | L: 1000 | R: 493.8863 | BS: 167000 | FPS: 53.2898 | T: 1:45:37
| train          | F: 335000 | S: 167500 | E: 335 | L: 1000 | R: 505.1966 | BS: 167500 | FPS: 52.3540 | T: 1:45:56
| train          | F: 336000 | S: 168000 | E: 336 | L: 1000 | R: 519.3904 | BS: 168000 | FPS: 50.6738 | T: 1:46:16
| train          | F: 337000 | S: 168500 | E: 337 | L: 1000 | R: 541.9407 | BS: 168500 | FPS: 52.1697 | T: 1:46:35
| train          | F: 338000 | S: 169000 | E: 338 | L: 1000 | R: 515.2150 | BS: 169000 | FPS: 50.2393 | T: 1:46:55
| train          | F: 339000 | S: 169500 | E: 339 | L: 1000 | R: 524.3341 | BS: 169500 | FPS: 50.9932 | T: 1:47:15
| train          | F: 340000 | S: 170000 | E: 340 | L: 1000 | R: 508.0053 | BS: 170000 | FPS: 50.5399 | T: 1:47:35
| eval           | F: 340000 | S: 170000 | E: 340 | L: 1000 | R: 443.1705 | T: 1:47:35
| train          | F: 341000 | S: 170500 | E: 341 | L: 1000 | R: 423.0858 | BS: 170500 | FPS: 22.4742 | T: 1:48:19
| train          | F: 342000 | S: 171000 | E: 342 | L: 1000 | R: 522.1828 | BS: 171000 | FPS: 56.7171 | T: 1:48:37
| train          | F: 343000 | S: 171500 | E: 343 | L: 1000 | R: 484.6629 | BS: 171500 | FPS: 54.3515 | T: 1:48:55
| train          | F: 344000 | S: 172000 | E: 344 | L: 1000 | R: 492.7685 | BS: 172000 | FPS: 54.4582 | T: 1:49:13
| train          | F: 345000 | S: 172500 | E: 345 | L: 1000 | R: 505.1597 | BS: 172500 | FPS: 50.2919 | T: 1:49:33
| train          | F: 346000 | S: 173000 | E: 346 | L: 1000 | R: 494.1899 | BS: 173000 | FPS: 49.5629 | T: 1:49:54
| train          | F: 347000 | S: 173500 | E: 347 | L: 1000 | R: 351.7210 | BS: 173500 | FPS: 46.6749 | T: 1:50:15
| train          | F: 348000 | S: 174000 | E: 348 | L: 1000 | R: 248.9280 | BS: 174000 | FPS: 49.0466 | T: 1:50:35
| train          | F: 349000 | S: 174500 | E: 349 | L: 1000 | R: 542.5424 | BS: 174500 | FPS: 48.0319 | T: 1:50:56
| train          | F: 350000 | S: 175000 | E: 350 | L: 1000 | R: 493.5094 | BS: 175000 | FPS: 48.6660 | T: 1:51:17
| eval           | F: 350000 | S: 175000 | E: 350 | L: 1000 | R: 451.2850 | T: 1:51:17
| train          | F: 351000 | S: 175500 | E: 351 | L: 1000 | R: 465.9918 | BS: 175500 | FPS: 23.3773 | T: 1:52:00
| train          | F: 352000 | S: 176000 | E: 352 | L: 1000 | R: 492.4965 | BS: 176000 | FPS: 57.7341 | T: 1:52:17
| train          | F: 353000 | S: 176500 | E: 353 | L: 1000 | R: 420.1628 | BS: 176500 | FPS: 56.2884 | T: 1:52:35
| train          | F: 354000 | S: 177000 | E: 354 | L: 1000 | R: 54.2818 | BS: 177000 | FPS: 53.7073 | T: 1:52:53
| train          | F: 355000 | S: 177500 | E: 355 | L: 1000 | R: 472.7642 | BS: 177500 | FPS: 52.0729 | T: 1:53:12
| train          | F: 356000 | S: 178000 | E: 356 | L: 1000 | R: 459.3968 | BS: 178000 | FPS: 50.6897 | T: 1:53:32
| train          | F: 357000 | S: 178500 | E: 357 | L: 1000 | R: 483.5596 | BS: 178500 | FPS: 50.3526 | T: 1:53:52
| train          | F: 358000 | S: 179000 | E: 358 | L: 1000 | R: 433.3752 | BS: 179000 | FPS: 50.1338 | T: 1:54:12
| train          | F: 359000 | S: 179500 | E: 359 | L: 1000 | R: 479.8422 | BS: 179500 | FPS: 52.1915 | T: 1:54:31
| train          | F: 360000 | S: 180000 | E: 360 | L: 1000 | R: 506.8514 | BS: 180000 | FPS: 50.7748 | T: 1:54:51
| eval           | F: 360000 | S: 180000 | E: 360 | L: 1000 | R: 495.7253 | T: 1:54:51
| train          | F: 361000 | S: 180500 | E: 361 | L: 1000 | R: 517.0046 | BS: 180500 | FPS: 23.4073 | T: 1:55:34
| train          | F: 362000 | S: 181000 | E: 362 | L: 1000 | R: 511.2317 | BS: 181000 | FPS: 56.3311 | T: 1:55:51
| train          | F: 363000 | S: 181500 | E: 363 | L: 1000 | R: 499.9887 | BS: 181500 | FPS: 53.2659 | T: 1:56:10
| train          | F: 364000 | S: 182000 | E: 364 | L: 1000 | R: 503.9916 | BS: 182000 | FPS: 47.8729 | T: 1:56:31
| train          | F: 365000 | S: 182500 | E: 365 | L: 1000 | R: 539.3215 | BS: 182500 | FPS: 50.1858 | T: 1:56:51
| train          | F: 366000 | S: 183000 | E: 366 | L: 1000 | R: 514.0644 | BS: 183000 | FPS: 51.1673 | T: 1:57:10
| train          | F: 367000 | S: 183500 | E: 367 | L: 1000 | R: 524.6546 | BS: 183500 | FPS: 48.7789 | T: 1:57:31
| train          | F: 368000 | S: 184000 | E: 368 | L: 1000 | R: 523.7745 | BS: 184000 | FPS: 51.7910 | T: 1:57:50
| train          | F: 369000 | S: 184500 | E: 369 | L: 1000 | R: 517.5391 | BS: 184500 | FPS: 52.5016 | T: 1:58:09
| train          | F: 370000 | S: 185000 | E: 370 | L: 1000 | R: 544.8946 | BS: 185000 | FPS: 50.8114 | T: 1:58:29
| eval           | F: 370000 | S: 185000 | E: 370 | L: 1000 | R: 537.4282 | T: 1:58:29
| train          | F: 371000 | S: 185500 | E: 371 | L: 1000 | R: 525.6106 | BS: 185500 | FPS: 22.9641 | T: 1:59:12
| train          | F: 372000 | S: 186000 | E: 372 | L: 1000 | R: 525.6807 | BS: 186000 | FPS: 55.8515 | T: 1:59:30
| train          | F: 373000 | S: 186500 | E: 373 | L: 1000 | R: 490.4590 | BS: 186500 | FPS: 52.0034 | T: 1:59:50
| train          | F: 374000 | S: 187000 | E: 374 | L: 1000 | R: 524.3034 | BS: 187000 | FPS: 53.3257 | T: 2:00:08
| train          | F: 375000 | S: 187500 | E: 375 | L: 1000 | R: 546.6892 | BS: 187500 | FPS: 49.3610 | T: 2:00:29
| train          | F: 376000 | S: 188000 | E: 376 | L: 1000 | R: 520.8676 | BS: 188000 | FPS: 48.3501 | T: 2:00:49
| train          | F: 377000 | S: 188500 | E: 377 | L: 1000 | R: 524.8796 | BS: 188500 | FPS: 52.3805 | T: 2:01:08
| train          | F: 378000 | S: 189000 | E: 378 | L: 1000 | R: 545.1704 | BS: 189000 | FPS: 52.8628 | T: 2:01:27
| train          | F: 379000 | S: 189500 | E: 379 | L: 1000 | R: 408.8428 | BS: 189500 | FPS: 50.9583 | T: 2:01:47
| train          | F: 380000 | S: 190000 | E: 380 | L: 1000 | R: 521.9504 | BS: 190000 | FPS: 50.5866 | T: 2:02:07
| eval           | F: 380000 | S: 190000 | E: 380 | L: 1000 | R: 510.2816 | T: 2:02:07
| train          | F: 381000 | S: 190500 | E: 381 | L: 1000 | R: 466.5418 | BS: 190500 | FPS: 23.9060 | T: 2:02:49
| train          | F: 382000 | S: 191000 | E: 382 | L: 1000 | R: 494.5450 | BS: 191000 | FPS: 57.1075 | T: 2:03:06
| train          | F: 383000 | S: 191500 | E: 383 | L: 1000 | R: 538.2636 | BS: 191500 | FPS: 54.4151 | T: 2:03:24
| train          | F: 384000 | S: 192000 | E: 384 | L: 1000 | R: 566.7930 | BS: 192000 | FPS: 54.7263 | T: 2:03:43
| train          | F: 385000 | S: 192500 | E: 385 | L: 1000 | R: 486.5701 | BS: 192500 | FPS: 52.9873 | T: 2:04:02
| train          | F: 386000 | S: 193000 | E: 386 | L: 1000 | R: 117.7931 | BS: 193000 | FPS: 50.3677 | T: 2:04:21
| train          | F: 387000 | S: 193500 | E: 387 | L: 1000 | R: 112.2329 | BS: 193500 | FPS: 50.7362 | T: 2:04:41
| train          | F: 388000 | S: 194000 | E: 388 | L: 1000 | R: 476.6696 | BS: 194000 | FPS: 49.6373 | T: 2:05:01
| train          | F: 389000 | S: 194500 | E: 389 | L: 1000 | R: 519.4002 | BS: 194500 | FPS: 49.9256 | T: 2:05:21
| train          | F: 390000 | S: 195000 | E: 390 | L: 1000 | R: 510.8760 | BS: 195000 | FPS: 49.6212 | T: 2:05:41
| eval           | F: 390000 | S: 195000 | E: 390 | L: 1000 | R: 492.7819 | T: 2:05:41
| train          | F: 391000 | S: 195500 | E: 391 | L: 1000 | R: 397.5890 | BS: 195500 | FPS: 24.6857 | T: 2:06:22
| train          | F: 392000 | S: 196000 | E: 392 | L: 1000 | R: 453.2087 | BS: 196000 | FPS: 56.9700 | T: 2:06:40
| train          | F: 393000 | S: 196500 | E: 393 | L: 1000 | R: 499.3216 | BS: 196500 | FPS: 51.6020 | T: 2:06:59
| train          | F: 394000 | S: 197000 | E: 394 | L: 1000 | R: 534.8849 | BS: 197000 | FPS: 48.2721 | T: 2:07:20
| train          | F: 395000 | S: 197500 | E: 395 | L: 1000 | R: 547.6862 | BS: 197500 | FPS: 51.9770 | T: 2:07:39
| train          | F: 396000 | S: 198000 | E: 396 | L: 1000 | R: 564.7904 | BS: 198000 | FPS: 53.9127 | T: 2:07:57
| train          | F: 397000 | S: 198500 | E: 397 | L: 1000 | R: 494.9150 | BS: 198500 | FPS: 50.9603 | T: 2:08:17
| train          | F: 398000 | S: 199000 | E: 398 | L: 1000 | R: 512.8085 | BS: 199000 | FPS: 49.7762 | T: 2:08:37
| train          | F: 399000 | S: 199500 | E: 399 | L: 1000 | R: 199.6747 | BS: 199500 | FPS: 50.4417 | T: 2:08:57
| train          | F: 400000 | S: 200000 | E: 400 | L: 1000 | R: 493.5465 | BS: 200000 | FPS: 52.2797 | T: 2:09:16
| eval           | F: 400000 | S: 200000 | E: 400 | L: 1000 | R: 513.9195 | T: 2:09:16
| train          | F: 401000 | S: 200500 | E: 401 | L: 1000 | R: 514.4921 | BS: 200500 | FPS: 23.0906 | T: 2:09:59
| train          | F: 402000 | S: 201000 | E: 402 | L: 1000 | R: 549.6355 | BS: 201000 | FPS: 54.3866 | T: 2:10:18
| train          | F: 403000 | S: 201500 | E: 403 | L: 1000 | R: 574.4548 | BS: 201500 | FPS: 54.0622 | T: 2:10:36
| train          | F: 404000 | S: 202000 | E: 404 | L: 1000 | R: 591.5250 | BS: 202000 | FPS: 55.3395 | T: 2:10:54
| train          | F: 405000 | S: 202500 | E: 405 | L: 1000 | R: 388.6601 | BS: 202500 | FPS: 49.2446 | T: 2:11:15
| train          | F: 406000 | S: 203000 | E: 406 | L: 1000 | R: 576.6953 | BS: 203000 | FPS: 48.7448 | T: 2:11:35
| train          | F: 407000 | S: 203500 | E: 407 | L: 1000 | R: 212.0540 | BS: 203500 | FPS: 48.6115 | T: 2:11:56
| train          | F: 408000 | S: 204000 | E: 408 | L: 1000 | R: 543.0936 | BS: 204000 | FPS: 49.1297 | T: 2:12:16
| train          | F: 409000 | S: 204500 | E: 409 | L: 1000 | R: 571.2367 | BS: 204500 | FPS: 49.1707 | T: 2:12:36
| train          | F: 410000 | S: 205000 | E: 410 | L: 1000 | R: 553.4592 | BS: 205000 | FPS: 52.2805 | T: 2:12:56
| eval           | F: 410000 | S: 205000 | E: 410 | L: 1000 | R: 472.3053 | T: 2:12:56
| train          | F: 411000 | S: 205500 | E: 411 | L: 1000 | R: 537.3687 | BS: 205500 | FPS: 23.3934 | T: 2:13:38
| train          | F: 412000 | S: 206000 | E: 412 | L: 1000 | R: 561.7863 | BS: 206000 | FPS: 52.8973 | T: 2:13:57
| train          | F: 413000 | S: 206500 | E: 413 | L: 1000 | R: 551.5845 | BS: 206500 | FPS: 52.9362 | T: 2:14:16
| train          | F: 414000 | S: 207000 | E: 414 | L: 1000 | R: 438.1256 | BS: 207000 | FPS: 49.7729 | T: 2:14:36
| train          | F: 415000 | S: 207500 | E: 415 | L: 1000 | R: 514.0956 | BS: 207500 | FPS: 50.3508 | T: 2:14:56
| train          | F: 416000 | S: 208000 | E: 416 | L: 1000 | R: 408.4052 | BS: 208000 | FPS: 52.8484 | T: 2:15:15
| train          | F: 417000 | S: 208500 | E: 417 | L: 1000 | R: 596.3743 | BS: 208500 | FPS: 50.7981 | T: 2:15:35
| train          | F: 418000 | S: 209000 | E: 418 | L: 1000 | R: 532.4109 | BS: 209000 | FPS: 49.5357 | T: 2:15:55
| train          | F: 419000 | S: 209500 | E: 419 | L: 1000 | R: 570.2448 | BS: 209500 | FPS: 52.9761 | T: 2:16:14
| train          | F: 420000 | S: 210000 | E: 420 | L: 1000 | R: 545.9275 | BS: 210000 | FPS: 51.5559 | T: 2:16:33
| eval           | F: 420000 | S: 210000 | E: 420 | L: 1000 | R: 521.4048 | T: 2:16:33
| train          | F: 421000 | S: 210500 | E: 421 | L: 1000 | R: 582.0119 | BS: 210500 | FPS: 22.9423 | T: 2:17:17
| train          | F: 422000 | S: 211000 | E: 422 | L: 1000 | R: 580.1470 | BS: 211000 | FPS: 56.9003 | T: 2:17:34
| train          | F: 423000 | S: 211500 | E: 423 | L: 1000 | R: 413.7462 | BS: 211500 | FPS: 53.3874 | T: 2:17:53
| train          | F: 424000 | S: 212000 | E: 424 | L: 1000 | R: 542.9916 | BS: 212000 | FPS: 52.1362 | T: 2:18:12
| train          | F: 425000 | S: 212500 | E: 425 | L: 1000 | R: 565.6441 | BS: 212500 | FPS: 48.4683 | T: 2:18:33
| train          | F: 426000 | S: 213000 | E: 426 | L: 1000 | R: 565.0713 | BS: 213000 | FPS: 52.5078 | T: 2:18:52
| train          | F: 427000 | S: 213500 | E: 427 | L: 1000 | R: 514.0813 | BS: 213500 | FPS: 52.1596 | T: 2:19:11
| train          | F: 428000 | S: 214000 | E: 428 | L: 1000 | R: 252.7546 | BS: 214000 | FPS: 52.5678 | T: 2:19:30
| train          | F: 429000 | S: 214500 | E: 429 | L: 1000 | R: 504.7531 | BS: 214500 | FPS: 51.8023 | T: 2:19:49
| train          | F: 430000 | S: 215000 | E: 430 | L: 1000 | R: 555.4887 | BS: 215000 | FPS: 50.8706 | T: 2:20:09
| eval           | F: 430000 | S: 215000 | E: 430 | L: 1000 | R: 547.2534 | T: 2:20:09
| train          | F: 431000 | S: 215500 | E: 431 | L: 1000 | R: 549.2820 | BS: 215500 | FPS: 23.2184 | T: 2:20:52
| train          | F: 432000 | S: 216000 | E: 432 | L: 1000 | R: 547.9638 | BS: 216000 | FPS: 54.0340 | T: 2:21:11
| train          | F: 433000 | S: 216500 | E: 433 | L: 1000 | R: 466.2734 | BS: 216500 | FPS: 52.8047 | T: 2:21:30
| train          | F: 434000 | S: 217000 | E: 434 | L: 1000 | R: 514.2340 | BS: 217000 | FPS: 53.7717 | T: 2:21:48
| train          | F: 435000 | S: 217500 | E: 435 | L: 1000 | R: 471.3269 | BS: 217500 | FPS: 52.3466 | T: 2:22:07
| train          | F: 436000 | S: 218000 | E: 436 | L: 1000 | R: 65.1559 | BS: 218000 | FPS: 50.2985 | T: 2:22:27
| train          | F: 437000 | S: 218500 | E: 437 | L: 1000 | R: 521.7776 | BS: 218500 | FPS: 50.4504 | T: 2:22:47
| train          | F: 438000 | S: 219000 | E: 438 | L: 1000 | R: 516.9899 | BS: 219000 | FPS: 50.8365 | T: 2:23:07
| train          | F: 439000 | S: 219500 | E: 439 | L: 1000 | R: 576.9253 | BS: 219500 | FPS: 52.1109 | T: 2:23:26
| train          | F: 440000 | S: 220000 | E: 440 | L: 1000 | R: 615.0617 | BS: 220000 | FPS: 51.0020 | T: 2:23:45
| eval           | F: 440000 | S: 220000 | E: 440 | L: 1000 | R: 500.3596 | T: 2:23:45
| train          | F: 441000 | S: 220500 | E: 441 | L: 1000 | R: 476.9573 | BS: 220500 | FPS: 23.8558 | T: 2:24:27
| train          | F: 442000 | S: 221000 | E: 442 | L: 1000 | R: 604.4030 | BS: 221000 | FPS: 53.8951 | T: 2:24:46
| train          | F: 443000 | S: 221500 | E: 443 | L: 1000 | R: 532.9385 | BS: 221500 | FPS: 54.4553 | T: 2:25:04
| train          | F: 444000 | S: 222000 | E: 444 | L: 1000 | R: 550.1136 | BS: 222000 | FPS: 53.4729 | T: 2:25:23
| train          | F: 445000 | S: 222500 | E: 445 | L: 1000 | R: 560.9310 | BS: 222500 | FPS: 50.5786 | T: 2:25:43
| train          | F: 446000 | S: 223000 | E: 446 | L: 1000 | R: 529.2804 | BS: 223000 | FPS: 49.7858 | T: 2:26:03
| train          | F: 447000 | S: 223500 | E: 447 | L: 1000 | R: 574.8554 | BS: 223500 | FPS: 47.9796 | T: 2:26:24
| train          | F: 448000 | S: 224000 | E: 448 | L: 1000 | R: 472.9843 | BS: 224000 | FPS: 51.5803 | T: 2:26:43
| train          | F: 449000 | S: 224500 | E: 449 | L: 1000 | R: 567.1227 | BS: 224500 | FPS: 52.1386 | T: 2:27:02
| train          | F: 450000 | S: 225000 | E: 450 | L: 1000 | R: 536.1893 | BS: 225000 | FPS: 52.7586 | T: 2:27:21
| eval           | F: 450000 | S: 225000 | E: 450 | L: 1000 | R: 582.8832 | T: 2:27:21
| train          | F: 451000 | S: 225500 | E: 451 | L: 1000 | R: 544.9336 | BS: 225500 | FPS: 22.8762 | T: 2:28:05
| train          | F: 452000 | S: 226000 | E: 452 | L: 1000 | R: 538.1156 | BS: 226000 | FPS: 56.6955 | T: 2:28:23
| train          | F: 453000 | S: 226500 | E: 453 | L: 1000 | R: 566.5953 | BS: 226500 | FPS: 54.3480 | T: 2:28:41
| train          | F: 454000 | S: 227000 | E: 454 | L: 1000 | R: 586.0324 | BS: 227000 | FPS: 52.4019 | T: 2:29:00
| train          | F: 455000 | S: 227500 | E: 455 | L: 1000 | R: 587.9622 | BS: 227500 | FPS: 51.2472 | T: 2:29:20
| train          | F: 456000 | S: 228000 | E: 456 | L: 1000 | R: 587.5391 | BS: 228000 | FPS: 47.6913 | T: 2:29:40
| train          | F: 457000 | S: 228500 | E: 457 | L: 1000 | R: 608.2358 | BS: 228500 | FPS: 52.2657 | T: 2:30:00
| train          | F: 458000 | S: 229000 | E: 458 | L: 1000 | R: 596.2237 | BS: 229000 | FPS: 53.2826 | T: 2:30:18
| train          | F: 459000 | S: 229500 | E: 459 | L: 1000 | R: 562.4200 | BS: 229500 | FPS: 47.2886 | T: 2:30:40
| train          | F: 460000 | S: 230000 | E: 460 | L: 1000 | R: 576.1406 | BS: 230000 | FPS: 48.5305 | T: 2:31:00
| eval           | F: 460000 | S: 230000 | E: 460 | L: 1000 | R: 615.1380 | T: 2:31:00
| train          | F: 461000 | S: 230500 | E: 461 | L: 1000 | R: 554.3114 | BS: 230500 | FPS: 22.9307 | T: 2:31:44
| train          | F: 462000 | S: 231000 | E: 462 | L: 1000 | R: 558.7297 | BS: 231000 | FPS: 57.4842 | T: 2:32:01
| train          | F: 463000 | S: 231500 | E: 463 | L: 1000 | R: 383.4343 | BS: 231500 | FPS: 53.6263 | T: 2:32:20
| train          | F: 464000 | S: 232000 | E: 464 | L: 1000 | R: 627.4100 | BS: 232000 | FPS: 52.8790 | T: 2:32:39
| train          | F: 465000 | S: 232500 | E: 465 | L: 1000 | R: 569.8380 | BS: 232500 | FPS: 49.2091 | T: 2:32:59
| train          | F: 466000 | S: 233000 | E: 466 | L: 1000 | R: 615.2299 | BS: 233000 | FPS: 49.5580 | T: 2:33:19
| train          | F: 467000 | S: 233500 | E: 467 | L: 1000 | R: 622.4143 | BS: 233500 | FPS: 47.3136 | T: 2:33:40
| train          | F: 468000 | S: 234000 | E: 468 | L: 1000 | R: 596.0040 | BS: 234000 | FPS: 48.2372 | T: 2:34:01
| train          | F: 469000 | S: 234500 | E: 469 | L: 1000 | R: 552.1038 | BS: 234500 | FPS: 48.9754 | T: 2:34:22
| train          | F: 470000 | S: 235000 | E: 470 | L: 1000 | R: 582.0124 | BS: 235000 | FPS: 52.0296 | T: 2:34:41
| eval           | F: 470000 | S: 235000 | E: 470 | L: 1000 | R: 582.1622 | T: 2:34:41
| train          | F: 471000 | S: 235500 | E: 471 | L: 1000 | R: 573.5373 | BS: 235500 | FPS: 23.7087 | T: 2:35:23
| train          | F: 472000 | S: 236000 | E: 472 | L: 1000 | R: 571.7892 | BS: 236000 | FPS: 57.5427 | T: 2:35:40
| train          | F: 473000 | S: 236500 | E: 473 | L: 1000 | R: 580.6411 | BS: 236500 | FPS: 53.4016 | T: 2:35:59
| train          | F: 474000 | S: 237000 | E: 474 | L: 1000 | R: 621.2750 | BS: 237000 | FPS: 53.1445 | T: 2:36:18
| train          | F: 475000 | S: 237500 | E: 475 | L: 1000 | R: 628.9051 | BS: 237500 | FPS: 50.7405 | T: 2:36:38
| train          | F: 476000 | S: 238000 | E: 476 | L: 1000 | R: 556.3689 | BS: 238000 | FPS: 51.9208 | T: 2:36:57
| train          | F: 477000 | S: 238500 | E: 477 | L: 1000 | R: 574.4792 | BS: 238500 | FPS: 51.8006 | T: 2:37:16
| train          | F: 478000 | S: 239000 | E: 478 | L: 1000 | R: 606.2649 | BS: 239000 | FPS: 48.9076 | T: 2:37:37
| train          | F: 479000 | S: 239500 | E: 479 | L: 1000 | R: 555.0103 | BS: 239500 | FPS: 51.5597 | T: 2:37:56
| train          | F: 480000 | S: 240000 | E: 480 | L: 1000 | R: 577.5212 | BS: 240000 | FPS: 51.3921 | T: 2:38:15
| eval           | F: 480000 | S: 240000 | E: 480 | L: 1000 | R: 602.7195 | T: 2:38:15
| train          | F: 481000 | S: 240500 | E: 481 | L: 1000 | R: 625.7441 | BS: 240500 | FPS: 23.1232 | T: 2:38:59
| train          | F: 482000 | S: 241000 | E: 482 | L: 1000 | R: 635.2467 | BS: 241000 | FPS: 56.2590 | T: 2:39:16
| train          | F: 483000 | S: 241500 | E: 483 | L: 1000 | R: 598.0819 | BS: 241500 | FPS: 54.0304 | T: 2:39:35
| train          | F: 484000 | S: 242000 | E: 484 | L: 1000 | R: 627.2926 | BS: 242000 | FPS: 53.5819 | T: 2:39:54
| train          | F: 485000 | S: 242500 | E: 485 | L: 1000 | R: 569.7422 | BS: 242500 | FPS: 52.1702 | T: 2:40:13
| train          | F: 486000 | S: 243000 | E: 486 | L: 1000 | R: 640.5598 | BS: 243000 | FPS: 50.2941 | T: 2:40:33
| train          | F: 487000 | S: 243500 | E: 487 | L: 1000 | R: 631.4513 | BS: 243500 | FPS: 52.3551 | T: 2:40:52
| train          | F: 488000 | S: 244000 | E: 488 | L: 1000 | R: 617.5731 | BS: 244000 | FPS: 51.4791 | T: 2:41:11
| train          | F: 489000 | S: 244500 | E: 489 | L: 1000 | R: 591.3459 | BS: 244500 | FPS: 50.4425 | T: 2:41:31
| train          | F: 490000 | S: 245000 | E: 490 | L: 1000 | R: 566.8674 | BS: 245000 | FPS: 49.6333 | T: 2:41:51
| eval           | F: 490000 | S: 245000 | E: 490 | L: 1000 | R: 655.8345 | T: 2:41:51
| train          | F: 491000 | S: 245500 | E: 491 | L: 1000 | R: 185.2904 | BS: 245500 | FPS: 22.5215 | T: 2:42:36
| train          | F: 492000 | S: 246000 | E: 492 | L: 1000 | R: 652.2105 | BS: 246000 | FPS: 53.4276 | T: 2:42:54
| train          | F: 493000 | S: 246500 | E: 493 | L: 1000 | R: 660.1343 | BS: 246500 | FPS: 48.2191 | T: 2:43:15
| train          | F: 494000 | S: 247000 | E: 494 | L: 1000 | R: 584.8402 | BS: 247000 | FPS: 49.1210 | T: 2:43:35
| train          | F: 495000 | S: 247500 | E: 495 | L: 1000 | R: 639.1540 | BS: 247500 | FPS: 49.2134 | T: 2:43:56
| train          | F: 496000 | S: 248000 | E: 496 | L: 1000 | R: 566.9407 | BS: 248000 | FPS: 48.1565 | T: 2:44:16
| train          | F: 497000 | S: 248500 | E: 497 | L: 1000 | R: 549.9526 | BS: 248500 | FPS: 49.7705 | T: 2:44:37
| train          | F: 498000 | S: 249000 | E: 498 | L: 1000 | R: 561.6564 | BS: 249000 | FPS: 52.1405 | T: 2:44:56
| train          | F: 499000 | S: 249500 | E: 499 | L: 1000 | R: 625.7028 | BS: 249500 | FPS: 51.6328 | T: 2:45:15
| train          | F: 500000 | S: 250000 | E: 500 | L: 1000 | R: 615.5658 | BS: 250000 | FPS: 52.1802 | T: 2:45:34
| eval           | F: 500000 | S: 250000 | E: 500 | L: 1000 | R: 678.6546 | T: 2:45:34
| train          | F: 501000 | S: 250500 | E: 501 | L: 1000 | R: 577.0473 | BS: 250500 | FPS: 23.6347 | T: 2:46:17
| train          | F: 502000 | S: 251000 | E: 502 | L: 1000 | R: 634.9507 | BS: 251000 | FPS: 55.5757 | T: 2:46:35
| train          | F: 503000 | S: 251500 | E: 503 | L: 1000 | R: 628.5492 | BS: 251500 | FPS: 54.8477 | T: 2:46:53
| train          | F: 504000 | S: 252000 | E: 504 | L: 1000 | R: 633.4452 | BS: 252000 | FPS: 51.9781 | T: 2:47:12
| train          | F: 505000 | S: 252500 | E: 505 | L: 1000 | R: 629.4505 | BS: 252500 | FPS: 48.2725 | T: 2:47:33
| train          | F: 506000 | S: 253000 | E: 506 | L: 1000 | R: 586.6578 | BS: 253000 | FPS: 48.3142 | T: 2:47:53
| train          | F: 507000 | S: 253500 | E: 507 | L: 1000 | R: 633.5665 | BS: 253500 | FPS: 51.2908 | T: 2:48:13
| train          | F: 508000 | S: 254000 | E: 508 | L: 1000 | R: 665.8754 | BS: 254000 | FPS: 51.0930 | T: 2:48:32
| train          | F: 509000 | S: 254500 | E: 509 | L: 1000 | R: 611.7595 | BS: 254500 | FPS: 48.5380 | T: 2:48:53
