Gym has been unmaintained since 2022 and does not support NumPy 2.0 amongst other critical functionality.
Please upgrade to Gymnasium, the maintained drop-in replacement of Gym, or contact the authors of your software and request that they upgrade.
Users of this version of Gym should be able to simply replace 'import gym' with 'import gymnasium as gym' in the vast majority of cases.
See the migration guide at https://gymnasium.farama.org/introduction/migration_guide/ for additional information.
/workspace/learn-si2e/base-vcse/VCSE_A2C/rl-starter-files/rl-starter-files/scripts/train.py --algo a2c --env MiniGrid-UnlockPickup-v0 --model up-vcse-s1 --frames 3000000 --use_batch --save-interval 100 --log-interval 500 --seed 1 --use_entropy_reward --use_value_condition --beta 0.005

Namespace(algo='a2c', env='MiniGrid-UnlockPickup-v0', model='up-vcse-s1', seed=1, log_interval=500, save_interval=100, procs=16, frames=3000000, epochs=4, batch_size=256, frames_per_proc=None, discount=0.99, lr=0.001, gae_lambda=0.95, entropy_coef=0.01, value_loss_coef=0.5, max_grad_norm=0.5, optim_eps=1e-08, optim_alpha=0.99, clip_eps=0.2, recurrence=1, text=False, use_entropy_reward=True, use_value_condition=True, beta=0.005, use_batch=True, mem=False)

Device: cuda

Environments loaded

Training status loaded

Observations preprocessor loaded
Model loaded

ACModel(
  (image_conv): Sequential(
    (0): Conv2d(3, 16, kernel_size=(2, 2), stride=(1, 1))
    (1): ReLU()
    (2): MaxPool2d(kernel_size=(2, 2), stride=(2, 2), padding=0, dilation=1, ceil_mode=False)
    (3): Conv2d(16, 32, kernel_size=(2, 2), stride=(1, 1))
    (4): ReLU()
    (5): Conv2d(32, 64, kernel_size=(2, 2), stride=(1, 1))
    (6): ReLU()
  )
  (actor): Sequential(
    (0): Linear(in_features=64, out_features=64, bias=True)
    (1): Tanh()
    (2): Linear(in_features=64, out_features=7, bias=True)
  )
  (critic): Sequential(
    (0): Linear(in_features=64, out_features=64, bias=True)
    (1): Tanh()
    (2): Linear(in_features=64, out_features=1, bias=True)
  )
  (extr_critic): Sequential(
    (0): Linear(in_features=64, out_features=64, bias=True)
    (1): Tanh()
    (2): Linear(in_features=64, out_features=1, bias=True)
  )
)

Optimizer loaded

Status saved
Status saved
Status saved
Status saved
U 500 | F 064000 | FPS 0946 | D 66 | rR:μσmM 0.00 0.00 0.00 0.00 | F:μσmM 288.0 0.0 288.0 288.0 | H 1.798 | V -0.340 | pL -0.036 | vL 0.001 | ∇ 0.034
Status saved
Status saved
Status saved
Status saved
Status saved
U 1000 | F 128000 | FPS 1112 | D 131 | rR:μσmM 0.00 0.00 0.00 0.00 | F:μσmM 288.0 0.0 288.0 288.0 | H 1.801 | V -0.310 | pL -0.024 | vL 0.001 | ∇ 0.022
Status saved
Status saved
Status saved
Status saved
Status saved
U 1500 | F 192000 | FPS 1112 | D 195 | rR:μσmM 0.00 0.00 0.00 0.00 | F:μσmM 288.0 0.0 288.0 288.0 | H 1.803 | V -0.311 | pL -0.022 | vL 0.001 | ∇ 0.016
Status saved
Status saved
Status saved
Status saved
Status saved
U 2000 | F 256000 | FPS 0965 | D 260 | rR:μσmM 0.00 0.00 0.00 0.00 | F:μσmM 288.0 0.0 288.0 288.0 | H 1.785 | V -0.297 | pL -0.009 | vL 0.001 | ∇ 0.010
Status saved
Status saved
Status saved
Status saved
Status saved
U 2500 | F 320000 | FPS 1084 | D 326 | rR:μσmM 0.00 0.00 0.00 0.00 | F:μσmM 288.0 0.0 288.0 288.0 | H 1.791 | V -0.283 | pL -0.018 | vL 0.001 | ∇ 0.014
Status saved
Status saved
Status saved
Status saved
Status saved
U 3000 | F 384000 | FPS 0926 | D 392 | rR:μσmM 0.00 0.00 0.00 0.00 | F:μσmM 288.0 0.0 288.0 288.0 | H 1.801 | V -0.300 | pL -0.007 | vL 0.001 | ∇ 0.007
Status saved
Status saved
Status saved
Status saved
Status saved
U 3500 | F 448000 | FPS 1007 | D 458 | rR:μσmM 0.00 0.00 0.00 0.00 | F:μσmM 288.0 0.0 288.0 288.0 | H 1.764 | V -0.290 | pL -0.012 | vL 0.001 | ∇ 0.009
Status saved
Status saved
Status saved
Status saved
Status saved
U 4000 | F 512000 | FPS 0982 | D 524 | rR:μσmM 0.00 0.00 0.00 0.00 | F:μσmM 288.0 0.0 288.0 288.0 | H 1.796 | V -0.270 | pL -0.011 | vL 0.001 | ∇ 0.011
Status saved
Status saved
Status saved
Status saved
Status saved
U 4500 | F 576000 | FPS 0968 | D 590 | rR:μσmM 0.00 0.00 0.00 0.00 | F:μσmM 288.0 0.0 288.0 288.0 | H 1.790 | V -0.319 | pL 0.273 | vL 0.039 | ∇ 0.210
Status saved
Status saved
Status saved
Status saved
Status saved
U 5000 | F 640000 | FPS 0944 | D 657 | rR:μσmM 0.01 0.04 0.00 0.17 | F:μσmM 286.5 5.8 264.0 288.0 | H 1.779 | V -0.286 | pL -0.009 | vL 0.001 | ∇ 0.011
Status saved
Status saved
Status saved
Status saved
Status saved
U 5500 | F 704000 | FPS 0921 | D 723 | rR:μσmM 0.00 0.00 0.00 0.00 | F:μσmM 288.0 0.0 288.0 288.0 | H 1.760 | V -0.274 | pL -0.018 | vL 0.001 | ∇ 0.019
Status saved
Status saved
Status saved
Status saved
Status saved
U 6000 | F 768000 | FPS 0896 | D 789 | rR:μσmM 0.00 0.00 0.00 0.00 | F:μσmM 288.0 0.0 288.0 288.0 | H 1.789 | V -0.270 | pL 0.006 | vL 0.004 | ∇ 0.021
Status saved
Status saved
Status saved
Status saved
Status saved
U 6500 | F 832000 | FPS 1087 | D 854 | rR:μσmM 0.00 0.00 0.00 0.00 | F:μσmM 288.0 0.0 288.0 288.0 | H 1.769 | V -0.281 | pL 0.022 | vL 0.003 | ∇ 0.022
Status saved
Status saved
Status saved
Status saved
Status saved
U 7000 | F 896000 | FPS 0997 | D 921 | rR:μσmM 0.00 0.00 0.00 0.00 | F:μσmM 288.0 0.0 288.0 288.0 | H 1.777 | V -0.289 | pL -0.022 | vL 0.001 | ∇ 0.016
Status saved
Status saved
Status saved
Status saved
Status saved
U 7500 | F 960000 | FPS 0912 | D 987 | rR:μσmM 0.00 0.00 0.00 0.00 | F:μσmM 288.0 0.0 288.0 288.0 | H 1.766 | V -0.278 | pL -0.002 | vL 0.000 | ∇ 0.007
Status saved
Status saved
Status saved
Status saved
Status saved
U 8000 | F 1024000 | FPS 1011 | D 1052 | rR:μσmM 0.04 0.16 0.00 0.67 | F:μσmM 276.6 44.1 106.0 288.0 | H 1.766 | V -0.251 | pL 0.012 | vL 0.003 | ∇ 0.021
Status saved
Status saved
Status saved
Status saved
Status saved
U 8500 | F 1088000 | FPS 1008 | D 1118 | rR:μσmM 0.00 0.00 0.00 0.00 | F:μσmM 288.0 0.0 288.0 288.0 | H 1.762 | V -0.265 | pL -0.010 | vL 0.001 | ∇ 0.008
Status saved
Status saved
Status saved
Status saved
Status saved
U 9000 | F 1152000 | FPS 0985 | D 1183 | rR:μσmM 0.00 0.00 0.00 0.00 | F:μσmM 288.0 0.0 288.0 288.0 | H 1.777 | V -0.273 | pL 0.066 | vL 0.010 | ∇ 0.055
Status saved
Status saved
Status saved
Status saved
Status saved
U 9500 | F 1216000 | FPS 0989 | D 1250 | rR:μσmM 0.00 0.00 0.00 0.00 | F:μσmM 288.0 0.0 288.0 288.0 | H 1.778 | V -0.284 | pL -0.004 | vL 0.000 | ∇ 0.007
Status saved
Status saved
Status saved
Status saved
Status saved
U 10000 | F 1280000 | FPS 0937 | D 1316 | rR:μσmM 0.00 0.00 0.00 0.00 | F:μσmM 288.0 0.0 288.0 288.0 | H 1.762 | V -0.257 | pL -0.003 | vL 0.002 | ∇ 0.017
Status saved
Status saved
Status saved
Status saved
Status saved
U 10500 | F 1344000 | FPS 1147 | D 1381 | rR:μσmM 0.00 0.00 0.00 0.00 | F:μσmM 288.0 0.0 288.0 288.0 | H 1.792 | V -0.300 | pL -0.006 | vL 0.002 | ∇ 0.015
Status saved
Status saved
Status saved
Status saved
Status saved
U 11000 | F 1408000 | FPS 1068 | D 1446 | rR:μσmM 0.02 0.08 0.00 0.35 | F:μσmM 283.1 19.1 209.0 288.0 | H 1.726 | V -0.286 | pL -0.023 | vL 0.001 | ∇ 0.015
Status saved
Status saved
Status saved
Status saved
Status saved
U 11500 | F 1472000 | FPS 1115 | D 1514 | rR:μσmM 0.00 0.00 0.00 0.00 | F:μσmM 288.0 0.0 288.0 288.0 | H 1.762 | V -0.269 | pL 0.036 | vL 0.005 | ∇ 0.037
Status saved
Status saved
Status saved
Status saved
Status saved
U 12000 | F 1536000 | FPS 1022 | D 1579 | rR:μσmM 0.00 0.00 0.00 0.00 | F:μσmM 288.0 0.0 288.0 288.0 | H 1.780 | V -0.288 | pL -0.005 | vL 0.000 | ∇ 0.008
Status saved
Status saved
Status saved
Status saved
Status saved
U 12500 | F 1600000 | FPS 0967 | D 1644 | rR:μσmM 0.03 0.11 0.00 0.43 | F:μσmM 281.3 25.9 181.0 288.0 | H 1.775 | V -0.261 | pL -0.008 | vL 0.000 | ∇ 0.011
Status saved
Status saved
Status saved
Status saved
Status saved
U 13000 | F 1664000 | FPS 1037 | D 1709 | rR:μσmM 0.00 0.00 0.00 0.00 | F:μσmM 288.0 0.0 288.0 288.0 | H 1.785 | V -0.261 | pL -0.010 | vL 0.001 | ∇ 0.008
Status saved
Status saved
Status saved
Status saved
Status saved
U 13500 | F 1728000 | FPS 1050 | D 1774 | rR:μσmM 0.00 0.00 0.00 0.00 | F:μσmM 288.0 0.0 288.0 288.0 | H 1.759 | V -0.247 | pL -0.026 | vL 0.001 | ∇ 0.016
Status saved
Status saved
Status saved
Status saved
Status saved
U 14000 | F 1792000 | FPS 1154 | D 1839 | rR:μσmM 0.02 0.06 0.00 0.24 | F:μσmM 285.2 10.9 243.0 288.0 | H 1.775 | V -0.261 | pL -0.003 | vL 0.000 | ∇ 0.006
Status saved
Status saved
Status saved
Status saved
Status saved
U 14500 | F 1856000 | FPS 0948 | D 1904 | rR:μσmM 0.00 0.00 0.00 0.00 | F:μσmM 288.0 0.0 288.0 288.0 | H 1.791 | V -0.299 | pL -0.013 | vL 0.001 | ∇ 0.010
Status saved
Status saved
Status saved
Status saved
Status saved
U 15000 | F 1920000 | FPS 0831 | D 1969 | rR:μσmM 0.00 0.00 0.00 0.00 | F:μσmM 288.0 0.0 288.0 288.0 | H 1.770 | V -0.299 | pL 0.001 | vL 0.002 | ∇ 0.010
Status saved
Status saved
Status saved
Status saved
Status saved
U 15500 | F 1984000 | FPS 0890 | D 2035 | rR:μσmM 0.00 0.00 0.00 0.00 | F:μσmM 288.0 0.0 288.0 288.0 | H 1.748 | V -0.273 | pL -0.015 | vL 0.001 | ∇ 0.013
Status saved
Status saved
Status saved
Status saved
Status saved
U 16000 | F 2048000 | FPS 1003 | D 2100 | rR:μσmM 0.00 0.00 0.00 0.00 | F:μσmM 288.0 0.0 288.0 288.0 | H 1.796 | V -0.299 | pL 0.035 | vL 0.007 | ∇ 0.035
Status saved
Status saved
Status saved
Status saved
Status saved
U 16500 | F 2112000 | FPS 0961 | D 2167 | rR:μσmM 0.04 0.15 0.00 0.62 | F:μσmM 277.7 39.9 123.0 288.0 | H 1.754 | V -0.294 | pL -0.006 | vL 0.003 | ∇ 0.016
Status saved
Status saved
Status saved
Status saved
Status saved
U 17000 | F 2176000 | FPS 1042 | D 2232 | rR:μσmM 0.00 0.00 0.00 0.00 | F:μσmM 288.0 0.0 288.0 288.0 | H 1.795 | V -0.277 | pL -0.006 | vL 0.002 | ∇ 0.017
Status saved
Status saved
Status saved
Status saved
Status saved
U 17500 | F 2240000 | FPS 0946 | D 2298 | rR:μσmM 0.07 0.19 0.00 0.65 | F:μσmM 268.9 51.2 112.0 288.0 | H 1.790 | V -0.258 | pL -0.016 | vL 0.001 | ∇ 0.012
Status saved
Status saved
Status saved
Status saved
Status saved
U 18000 | F 2304000 | FPS 0979 | D 2364 | rR:μσmM 0.02 0.08 0.00 0.33 | F:μσmM 283.3 18.2 213.0 288.0 | H 1.783 | V -0.292 | pL 0.009 | vL 0.012 | ∇ 0.063
Status saved
Status saved
Status saved
Status saved
Status saved
U 18500 | F 2368000 | FPS 0804 | D 2430 | rR:μσmM 0.00 0.00 0.00 0.00 | F:μσmM 288.0 0.0 288.0 288.0 | H 1.807 | V -0.283 | pL 0.003 | vL 0.001 | ∇ 0.010
Status saved
Status saved
Status saved
Status saved
Status saved
U 19000 | F 2432000 | FPS 1041 | D 2496 | rR:μσmM 0.00 0.00 0.00 0.00 | F:μσmM 288.0 0.0 288.0 288.0 | H 1.778 | V -0.277 | pL -0.003 | vL 0.002 | ∇ 0.011
Status saved
Status saved
Status saved
Status saved
Status saved
U 19500 | F 2496000 | FPS 1047 | D 2562 | rR:μσmM 0.00 0.00 0.00 0.00 | F:μσmM 288.0 0.0 288.0 288.0 | H 1.784 | V -0.269 | pL -0.021 | vL 0.001 | ∇ 0.013
Status saved
Status saved
Status saved
Status saved
Status saved
U 20000 | F 2560000 | FPS 0784 | D 2627 | rR:μσmM 0.00 0.00 0.00 0.00 | F:μσmM 288.0 0.0 288.0 288.0 | H 1.791 | V -0.275 | pL -0.009 | vL 0.000 | ∇ 0.007
Status saved
Status saved
Status saved
Status saved
Status saved
U 20500 | F 2624000 | FPS 1067 | D 2693 | rR:μσmM 0.00 0.00 0.00 0.00 | F:μσmM 288.0 0.0 288.0 288.0 | H 1.796 | V -0.279 | pL -0.003 | vL 0.000 | ∇ 0.007
Status saved
Status saved
Status saved
Status saved
Status saved
U 21000 | F 2688000 | FPS 0957 | D 2758 | rR:μσmM 0.03 0.09 0.00 0.32 | F:μσmM 281.8 18.1 217.0 288.0 | H 1.779 | V -0.264 | pL 0.004 | vL 0.007 | ∇ 0.046
Status saved
Status saved
Status saved
Status saved
Status saved
U 21500 | F 2752000 | FPS 0992 | D 2823 | rR:μσmM 0.00 0.00 0.00 0.00 | F:μσmM 288.0 0.0 288.0 288.0 | H 1.741 | V -0.267 | pL 0.004 | vL 0.002 | ∇ 0.017
Status saved
Status saved
Status saved
Status saved
Status saved
U 22000 | F 2816000 | FPS 1060 | D 2888 | rR:μσmM 0.00 0.00 0.00 0.00 | F:μσmM 288.0 0.0 288.0 288.0 | H 1.756 | V -0.274 | pL -0.004 | vL 0.000 | ∇ 0.012
Status saved
Status saved
Status saved
Status saved
Status saved
U 22500 | F 2880000 | FPS 0734 | D 2954 | rR:μσmM 0.01 0.05 0.00 0.22 | F:μσmM 285.6 9.2 250.0 288.0 | H 1.787 | V -0.333 | pL 0.042 | vL 0.008 | ∇ 0.053
Status saved
Status saved
Status saved
Status saved
Status saved
U 23000 | F 2944000 | FPS 0861 | D 3020 | rR:μσmM 0.05 0.18 0.00 0.75 | F:μσmM 275.1 50.1 81.0 288.0 | H 1.791 | V -0.277 | pL -0.012 | vL 0.001 | ∇ 0.011
Status saved
Status saved
Status saved
Status saved
Status saved
