Gym has been unmaintained since 2022 and does not support NumPy 2.0 amongst other critical functionality.
Please upgrade to Gymnasium, the maintained drop-in replacement of Gym, or contact the authors of your software and request that they upgrade.
Users of this version of Gym should be able to simply replace 'import gym' with 'import gymnasium as gym' in the vast majority of cases.
See the migration guide at https://gymnasium.farama.org/introduction/migration_guide/ for additional information.
/workspace/learn-si2e/base-vcse/VCSE_A2C/rl-starter-files/rl-starter-files/scripts/train.py --algo a2c --env MiniGrid-DoorKey-8x8-v0 --model multiseed-vcse-orig-s3 --frames 3000000 --use_batch --save-interval 100 --log-interval 500 --seed 3 --use_entropy_reward --use_value_condition --beta 0.005

Namespace(algo='a2c', env='MiniGrid-DoorKey-8x8-v0', model='multiseed-vcse-orig-s3', seed=3, log_interval=500, save_interval=100, procs=16, frames=3000000, epochs=4, batch_size=256, frames_per_proc=None, discount=0.99, lr=0.001, gae_lambda=0.95, entropy_coef=0.01, value_loss_coef=0.5, max_grad_norm=0.5, optim_eps=1e-08, optim_alpha=0.99, clip_eps=0.2, recurrence=1, text=False, use_entropy_reward=True, use_value_condition=True, beta=0.005, use_batch=True, mem=False)

Device: cuda

Environments loaded

Training status loaded

Observations preprocessor loaded
Model loaded

ACModel(
  (image_conv): Sequential(
    (0): Conv2d(3, 16, kernel_size=(2, 2), stride=(1, 1))
    (1): ReLU()
    (2): MaxPool2d(kernel_size=(2, 2), stride=(2, 2), padding=0, dilation=1, ceil_mode=False)
    (3): Conv2d(16, 32, kernel_size=(2, 2), stride=(1, 1))
    (4): ReLU()
    (5): Conv2d(32, 64, kernel_size=(2, 2), stride=(1, 1))
    (6): ReLU()
  )
  (actor): Sequential(
    (0): Linear(in_features=64, out_features=64, bias=True)
    (1): Tanh()
    (2): Linear(in_features=64, out_features=7, bias=True)
  )
  (critic): Sequential(
    (0): Linear(in_features=64, out_features=64, bias=True)
    (1): Tanh()
    (2): Linear(in_features=64, out_features=1, bias=True)
  )
  (extr_critic): Sequential(
    (0): Linear(in_features=64, out_features=64, bias=True)
    (1): Tanh()
    (2): Linear(in_features=64, out_features=1, bias=True)
  )
)

Optimizer loaded

Status saved
Status saved
Status saved
Status saved
U 500 | F 064000 | FPS 0749 | D 84 | rR:μσmM 0.00 0.00 0.00 0.00 | F:μσmM 640.0 0.0 640.0 640.0 | H 1.775 | V -0.296 | pL -0.021 | vL 0.001 | ∇ 0.016
Status saved
Status saved
Status saved
Status saved
Status saved
U 1000 | F 128000 | FPS 0762 | D 172 | rR:μσmM 0.00 0.00 0.00 0.00 | F:μσmM 640.0 0.0 640.0 640.0 | H 1.819 | V -0.402 | pL -0.014 | vL 0.001 | ∇ 0.013
Status saved
Status saved
Status saved
Status saved
Status saved
U 1500 | F 192000 | FPS 0815 | D 255 | rR:μσmM 0.02 0.07 0.00 0.31 | F:μσmM 630.7 36.1 491.0 640.0 | H 1.763 | V -0.365 | pL -0.005 | vL 0.001 | ∇ 0.008
Status saved
Status saved
Status saved
Status saved
Status saved
U 2000 | F 256000 | FPS 0740 | D 336 | rR:μσmM 0.00 0.00 0.00 0.00 | F:μσmM 640.0 0.0 640.0 640.0 | H 1.785 | V -0.379 | pL 0.336 | vL 0.059 | ∇ 0.306
Status saved
Status saved
Status saved
Status saved
Status saved
U 2500 | F 320000 | FPS 0737 | D 417 | rR:μσmM 0.00 0.00 0.00 0.00 | F:μσmM 640.0 0.0 640.0 640.0 | H 1.806 | V -0.322 | pL -0.005 | vL 0.000 | ∇ 0.006
Status saved
Status saved
Status saved
Status saved
Status saved
U 3000 | F 384000 | FPS 0709 | D 498 | rR:μσmM 0.01 0.04 0.00 0.18 | F:μσmM 636.4 13.8 583.0 640.0 | H 1.778 | V -0.330 | pL -0.021 | vL 0.001 | ∇ 0.016
Status saved
Status saved
Status saved
Status saved
Status saved
U 3500 | F 448000 | FPS 0733 | D 580 | rR:μσmM 0.00 0.00 0.00 0.00 | F:μσmM 640.0 0.0 640.0 640.0 | H 1.786 | V -0.363 | pL -0.003 | vL 0.001 | ∇ 0.009
Status saved
Status saved
Status saved
Status saved
Status saved
U 4000 | F 512000 | FPS 0819 | D 662 | rR:μσmM 0.00 0.00 0.00 0.00 | F:μσmM 640.0 0.0 640.0 640.0 | H 1.809 | V -0.361 | pL 0.046 | vL 0.011 | ∇ 0.058
Status saved
Status saved
Status saved
Status saved
Status saved
U 4500 | F 576000 | FPS 0845 | D 743 | rR:μσmM 0.09 0.23 0.00 0.70 | F:μσmM 587.6 138.6 213.0 640.0 | H 1.748 | V -0.312 | pL 0.000 | vL 0.001 | ∇ 0.012
Status saved
Status saved
Status saved
Status saved
Status saved
U 5000 | F 640000 | FPS 0827 | D 824 | rR:μσmM 0.05 0.19 0.00 0.79 | F:μσmM 609.5 118.1 152.0 640.0 | H 1.764 | V -0.330 | pL -0.008 | vL 0.001 | ∇ 0.012
Status saved
Status saved
Status saved
Status saved
Status saved
U 5500 | F 704000 | FPS 0743 | D 904 | rR:μσmM 0.04 0.16 0.00 0.67 | F:μσmM 614.6 98.3 234.0 640.0 | H 1.756 | V -0.352 | pL -0.012 | vL 0.001 | ∇ 0.013
Status saved
Status saved
Status saved
Status saved
Status saved
U 6000 | F 768000 | FPS 0626 | D 985 | rR:μσmM 0.03 0.11 0.00 0.47 | F:μσmM 623.6 63.4 378.0 640.0 | H 1.760 | V -0.278 | pL -0.007 | vL 0.001 | ∇ 0.010
Status saved
Status saved
Status saved
Status saved
Status saved
U 6500 | F 832000 | FPS 0830 | D 1066 | rR:μσmM 0.06 0.14 0.00 0.50 | F:μσmM 612.2 73.9 353.0 640.0 | H 1.736 | V -0.365 | pL 0.040 | vL 0.004 | ∇ 0.041
Status saved
Status saved
Status saved
Status saved
Status saved
U 7000 | F 896000 | FPS 0702 | D 1148 | rR:μσmM 0.02 0.09 0.00 0.37 | F:μσmM 628.1 46.0 450.0 640.0 | H 1.766 | V -0.310 | pL -0.003 | vL 0.000 | ∇ 0.006
Status saved
Status saved
Status saved
Status saved
Status saved
U 7500 | F 960000 | FPS 0859 | D 1229 | rR:μσmM 0.00 0.00 0.00 0.00 | F:μσmM 640.0 0.0 640.0 640.0 | H 1.768 | V -0.284 | pL -0.015 | vL 0.001 | ∇ 0.012
Status saved
Status saved
Status saved
Status saved
Status saved
U 8000 | F 1024000 | FPS 0902 | D 1309 | rR:μσmM 0.03 0.12 0.00 0.50 | F:μσmM 622.2 69.0 355.0 640.0 | H 1.704 | V -0.303 | pL 0.003 | vL 0.000 | ∇ 0.009
Status saved
