Gym has been unmaintained since 2022 and does not support NumPy 2.0 amongst other critical functionality.
Please upgrade to Gymnasium, the maintained drop-in replacement of Gym, or contact the authors of your software and request that they upgrade.
Users of this version of Gym should be able to simply replace 'import gym' with 'import gymnasium as gym' in the vast majority of cases.
See the migration guide at https://gymnasium.farama.org/introduction/migration_guide/ for additional information.
/workspace/learn-si2e/SI2E/SI2E_A2C/rl-starter-files/rl-starter-files/scripts/train.py --env MiniGrid-RedBlueDoors-6x6-v0 --model cm-infomap-si2e-adaptive-RedBlueDoors-6x6-s1 --frames 3000000 --use_batch --save-interval 0 --log-interval 500 --seed 1 --algo a2c --use_entropy_reward --use_value_condition --beta 0.005 --fast_se --cluster_method infomap --beta_adaptive

Namespace(algo='a2c', env='MiniGrid-RedBlueDoors-6x6-v0', model='cm-infomap-si2e-adaptive-RedBlueDoors-6x6-s1', seed=1, log_interval=500, save_interval=0, procs=16, frames=3000000, epochs=4, batch_size=256, frames_per_proc=None, discount=0.99, lr=0.001, gae_lambda=0.95, entropy_coef=0.01, value_loss_coef=0.5, max_grad_norm=0.5, optim_eps=1e-08, optim_alpha=0.99, clip_eps=0.2, recurrence=1, text=False, use_entropy_reward=True, use_value_condition=True, beta=0.005, beta_adaptive=True, fast_se=True, cluster_method='infomap', use_batch=True, ablation=None, mem=False)

Device: cuda:0

Environments loaded

Training status loaded

Observations preprocessor loaded
Model loaded

ACModel(
  (image_conv): Sequential(
    (0): Conv2d(3, 16, kernel_size=(2, 2), stride=(1, 1))
    (1): ReLU()
    (2): MaxPool2d(kernel_size=(2, 2), stride=(2, 2), padding=0, dilation=1, ceil_mode=False)
    (3): Conv2d(16, 32, kernel_size=(2, 2), stride=(1, 1))
    (4): ReLU()
    (5): Conv2d(32, 64, kernel_size=(2, 2), stride=(1, 1))
    (6): ReLU()
  )
  (actor): Sequential(
    (0): Linear(in_features=64, out_features=64, bias=True)
    (1): Tanh()
    (2): Linear(in_features=64, out_features=7, bias=True)
  )
  (critic): Sequential(
    (0): Linear(in_features=64, out_features=64, bias=True)
    (1): Tanh()
    (2): Linear(in_features=64, out_features=1, bias=True)
  )
  (extr_critic): Sequential(
    (0): Linear(in_features=64, out_features=64, bias=True)
    (1): Tanh()
    (2): Linear(in_features=64, out_features=1, bias=True)
  )
)

Optimizer loaded

U 500 | F 064000 | FPS 1135 | D 59 | rR:μσmM 0.38 0.39 0.00 0.95 | F:μσmM 150.0 192.1 2.0 720.0 | H 1.740 | V -0.053 | pL 0.025 | vL 0.003 | ∇ 0.043
U 1000 | F 128000 | FPS 1188 | D 114 | rR:μσmM 0.44 0.44 0.00 0.96 | F:μσmM 64.0 70.4 3.0 255.0 | H 1.832 | V 0.073 | pL -0.030 | vL 0.001 | ∇ 0.031
U 1500 | F 192000 | FPS 0994 | D 169 | rR:μσmM 0.03 0.12 0.00 0.48 | F:μσmM 67.9 94.8 1.0 419.0 | H 1.684 | V -0.103 | pL -0.046 | vL 0.002 | ∇ 0.066
U 2000 | F 256000 | FPS 1165 | D 224 | rR:μσmM 0.00 0.00 0.00 0.00 | F:μσmM 27.8 27.9 5.0 108.0 | H 1.597 | V -0.095 | pL -0.029 | vL 0.001 | ∇ 0.040
U 2500 | F 320000 | FPS 1162 | D 278 | rR:μσmM 0.06 0.23 0.00 0.94 | F:μσmM 29.8 25.4 5.0 101.0 | H 1.567 | V -0.084 | pL 0.024 | vL 0.030 | ∇ 0.091
U 3000 | F 384000 | FPS 1236 | D 333 | rR:μσmM 0.40 0.46 0.00 0.97 | F:μσmM 35.4 47.3 4.0 201.0 | H 1.494 | V 0.112 | pL 0.076 | vL 0.071 | ∇ 0.206
U 3500 | F 448000 | FPS 1216 | D 388 | rR:μσmM 0.30 0.44 0.00 0.97 | F:μσmM 22.4 15.2 3.0 65.0 | H 1.543 | V 0.054 | pL -0.021 | vL 0.025 | ∇ 0.049
U 4000 | F 512000 | FPS 1206 | D 444 | rR:μσmM 0.00 0.00 0.00 0.00 | F:μσmM 18.6 17.2 3.0 63.0 | H 1.468 | V -0.015 | pL -0.028 | vL 0.002 | ∇ 0.052
U 4500 | F 576000 | FPS 1075 | D 499 | rR:μσmM 0.06 0.23 0.00 0.96 | F:μσmM 16.4 7.8 5.0 33.0 | H 1.408 | V 0.004 | pL -0.016 | vL 0.023 | ∇ 0.052
U 5000 | F 640000 | FPS 1302 | D 550 | rR:μσmM 0.18 0.38 0.00 0.99 | F:μσmM 14.4 9.3 3.0 33.0 | H 1.329 | V 0.062 | pL 0.043 | vL 0.039 | ∇ 0.178
U 5500 | F 704000 | FPS 1179 | D 602 | rR:μσmM 0.00 0.00 0.00 0.00 | F:μσmM 12.1 6.9 4.0 31.0 | H 1.385 | V 0.043 | pL -0.040 | vL 0.005 | ∇ 0.064
U 6000 | F 768000 | FPS 1363 | D 653 | rR:μσmM 0.06 0.24 0.00 0.99 | F:μσmM 17.2 16.8 1.0 64.0 | H 1.502 | V -0.010 | pL -0.031 | vL 0.002 | ∇ 0.047
U 6500 | F 832000 | FPS 1394 | D 703 | rR:μσmM 0.00 0.00 0.00 0.00 | F:μσmM 30.6 16.0 5.0 59.0 | H 1.564 | V -0.085 | pL 0.005 | vL 0.001 | ∇ 0.032
U 7000 | F 896000 | FPS 1339 | D 753 | rR:μσmM 0.09 0.24 0.00 0.93 | F:μσmM 41.8 101.4 2.0 431.0 | H 1.527 | V -0.018 | pL -0.030 | vL 0.001 | ∇ 0.037
U 7500 | F 960000 | FPS 1308 | D 803 | rR:μσmM 0.06 0.24 0.00 0.99 | F:μσmM 15.6 13.5 1.0 54.0 | H 1.585 | V 0.077 | pL 0.009 | vL 0.031 | ∇ 0.149
U 8000 | F 1024000 | FPS 1203 | D 852 | rR:μσmM 0.24 0.42 0.00 0.98 | F:μσmM 23.1 26.8 1.0 109.0 | H 1.276 | V 0.304 | pL -0.029 | vL 0.047 | ∇ 0.114
U 8500 | F 1088000 | FPS 1504 | D 902 | rR:μσmM 0.30 0.45 0.00 0.98 | F:μσmM 18.5 11.7 4.0 35.0 | H 1.352 | V 0.225 | pL 0.020 | vL 0.023 | ∇ 0.063
U 9000 | F 1152000 | FPS 1320 | D 951 | rR:μσmM 0.53 0.47 0.00 0.99 | F:μσmM 30.6 47.9 4.0 212.0 | H 1.367 | V 0.415 | pL -0.023 | vL 0.037 | ∇ 0.143
U 9500 | F 1216000 | FPS 1245 | D 1001 | rR:μσmM 0.72 0.42 0.00 0.98 | F:μσmM 23.9 12.8 4.0 51.0 | H 1.363 | V 0.500 | pL -0.019 | vL 0.025 | ∇ 0.164
U 10000 | F 1280000 | FPS 1210 | D 1050 | rR:μσmM 0.72 0.42 0.00 0.98 | F:μσmM 24.6 14.6 2.0 61.0 | H 1.267 | V 0.519 | pL 0.048 | vL 0.033 | ∇ 0.158
U 10500 | F 1344000 | FPS 1122 | D 1100 | rR:μσmM 0.60 0.47 0.00 0.98 | F:μσmM 26.2 11.0 5.0 44.0 | H 1.437 | V 0.567 | pL -0.028 | vL 0.016 | ∇ 0.086
U 11000 | F 1408000 | FPS 1255 | D 1152 | rR:μσmM 0.55 0.48 0.00 0.98 | F:μσmM 17.2 10.6 3.0 46.0 | H 1.118 | V 0.674 | pL -0.089 | vL 0.101 | ∇ 0.313
U 11500 | F 1472000 | FPS 1360 | D 1203 | rR:μσmM 0.55 0.48 0.00 0.98 | F:μσmM 18.4 9.5 6.0 41.0 | H 1.375 | V 0.524 | pL 0.048 | vL 0.023 | ∇ 0.166
U 12000 | F 1536000 | FPS 1198 | D 1254 | rR:μσmM 0.73 0.42 0.00 0.99 | F:μσmM 22.8 9.7 4.0 39.0 | H 1.302 | V 0.645 | pL 0.000 | vL 0.010 | ∇ 0.035
U 12500 | F 1600000 | FPS 1077 | D 1304 | rR:μσmM 0.79 0.38 0.00 0.99 | F:μσmM 17.8 7.2 2.0 29.0 | H 1.212 | V 0.646 | pL -0.013 | vL 0.044 | ∇ 0.154
U 13000 | F 1664000 | FPS 1234 | D 1355 | rR:μσmM 0.60 0.47 0.00 0.98 | F:μσmM 21.2 10.8 4.0 48.0 | H 1.189 | V 0.641 | pL -0.020 | vL 0.027 | ∇ 0.060
U 13500 | F 1728000 | FPS 1057 | D 1415 | rR:μσmM 0.73 0.42 0.00 0.98 | F:μσmM 21.7 11.6 5.0 48.0 | H 1.367 | V 0.613 | pL -0.091 | vL 0.054 | ∇ 0.208
U 14000 | F 1792000 | FPS 1245 | D 1466 | rR:μσmM 0.79 0.38 0.00 0.98 | F:μσmM 23.4 9.8 5.0 41.0 | H 1.256 | V 0.652 | pL 0.013 | vL 0.047 | ∇ 0.099
U 14500 | F 1856000 | FPS 1376 | D 1516 | rR:μσmM 0.60 0.46 0.00 0.99 | F:μσmM 26.1 23.5 2.0 107.0 | H 1.380 | V 0.532 | pL -0.050 | vL 0.045 | ∇ 0.085
U 15000 | F 1920000 | FPS 1379 | D 1565 | rR:μσmM 0.49 0.49 0.00 0.98 | F:μσmM 18.1 6.6 3.0 25.0 | H 1.381 | V 0.574 | pL -0.024 | vL 0.037 | ∇ 0.074
U 15500 | F 1984000 | FPS 1290 | D 1615 | rR:μσmM 0.73 0.42 0.00 0.99 | F:μσmM 22.2 9.3 8.0 42.0 | H 1.257 | V 0.640 | pL 0.011 | vL 0.008 | ∇ 0.074
U 16000 | F 2048000 | FPS 1118 | D 1664 | rR:μσmM 0.85 0.32 0.00 0.99 | F:μσmM 22.2 8.0 2.0 32.0 | H 1.316 | V 0.633 | pL 0.009 | vL 0.025 | ∇ 0.048
U 16500 | F 2112000 | FPS 1288 | D 1717 | rR:μσmM 0.73 0.42 0.00 0.98 | F:μσmM 23.2 8.5 8.0 40.0 | H 1.313 | V 0.620 | pL 0.018 | vL 0.017 | ∇ 0.105
U 17000 | F 2176000 | FPS 1252 | D 1766 | rR:μσmM 0.73 0.42 0.00 0.98 | F:μσmM 18.9 9.0 5.0 43.0 | H 1.274 | V 0.605 | pL 0.024 | vL 0.015 | ∇ 0.131
U 17500 | F 2240000 | FPS 1212 | D 1816 | rR:μσmM 0.66 0.44 0.00 0.98 | F:μσmM 27.6 14.9 4.0 58.0 | H 1.472 | V 0.576 | pL 0.045 | vL 0.014 | ∇ 0.120
U 18000 | F 2304000 | FPS 1436 | D 1865 | rR:μσmM 0.66 0.45 0.00 0.99 | F:μσmM 23.7 10.9 4.0 45.0 | H 1.232 | V 0.552 | pL 0.049 | vL 0.023 | ∇ 0.154
U 18500 | F 2368000 | FPS 1392 | D 1916 | rR:μσmM 0.72 0.42 0.00 0.98 | F:μσmM 26.2 13.4 1.0 57.0 | H 1.427 | V 0.574 | pL 0.004 | vL 0.010 | ∇ 0.066
U 19000 | F 2432000 | FPS 1360 | D 1968 | rR:μσmM 0.79 0.38 0.00 0.98 | F:μσmM 22.4 10.1 7.0 48.0 | H 1.278 | V 0.609 | pL 0.013 | vL 0.016 | ∇ 0.062
U 19500 | F 2496000 | FPS 1417 | D 2023 | rR:μσmM 0.90 0.23 0.00 0.98 | F:μσmM 27.1 8.7 11.0 44.0 | H 1.375 | V 0.625 | pL 0.000 | vL 0.004 | ∇ 0.029
U 20000 | F 2560000 | FPS 1400 | D 2073 | rR:μσmM 0.61 0.47 0.00 0.98 | F:μσmM 18.7 8.5 1.0 33.0 | H 1.265 | V 0.626 | pL -0.056 | vL 0.040 | ∇ 0.099
U 20500 | F 2624000 | FPS 1189 | D 2130 | rR:μσmM 0.90 0.23 0.00 0.99 | F:μσmM 27.6 8.7 11.0 42.0 | H 1.390 | V 0.566 | pL 0.068 | vL 0.020 | ∇ 0.163
U 21000 | F 2688000 | FPS 1442 | D 2183 | rR:μσmM 0.78 0.38 0.00 0.98 | F:μσmM 24.7 11.3 6.0 53.0 | H 1.338 | V 0.618 | pL 0.008 | vL 0.007 | ∇ 0.077
U 21500 | F 2752000 | FPS 1481 | D 2233 | rR:μσmM 0.59 0.46 0.00 0.97 | F:μσmM 33.2 16.6 11.0 75.0 | H 1.375 | V 0.490 | pL 0.076 | vL 0.051 | ∇ 0.169
U 22000 | F 2816000 | FPS 1087 | D 2283 | rR:μσmM 0.85 0.32 0.00 0.98 | F:μσmM 24.1 11.7 3.0 52.0 | H 1.268 | V 0.624 | pL 0.027 | vL 0.019 | ∇ 0.132
U 22500 | F 2880000 | FPS 1362 | D 2338 | rR:μσmM 0.72 0.42 0.00 0.97 | F:μσmM 26.8 6.0 15.0 38.0 | H 1.288 | V 0.569 | pL 0.032 | vL 0.014 | ∇ 0.109
U 23000 | F 2944000 | FPS 1299 | D 2394 | rR:μσmM 0.61 0.47 0.00 0.99 | F:μσmM 17.3 7.0 2.0 25.0 | H 1.316 | V 0.590 | pL 0.027 | vL 0.010 | ∇ 0.100
Final model saved
