Gym has been unmaintained since 2022 and does not support NumPy 2.0 amongst other critical functionality.
Please upgrade to Gymnasium, the maintained drop-in replacement of Gym, or contact the authors of your software and request that they upgrade.
Users of this version of Gym should be able to simply replace 'import gym' with 'import gymnasium as gym' in the vast majority of cases.
See the migration guide at https://gymnasium.farama.org/introduction/migration_guide/ for additional information.
/workspace/learn-si2e/SI2E/SI2E_A2C/rl-starter-files/rl-starter-files/scripts/train.py --algo a2c --env MiniGrid-DoorKey-8x8-v0 --model abl-no_cluster-s3 --frames 1000000 --use_batch --save-interval 100 --log-interval 500 --seed 3 --use_entropy_reward --use_value_condition --beta 0.005 --ablation no_cluster

Namespace(algo='a2c', env='MiniGrid-DoorKey-8x8-v0', model='abl-no_cluster-s3', seed=3, log_interval=500, save_interval=100, procs=16, frames=1000000, epochs=4, batch_size=256, frames_per_proc=None, discount=0.99, lr=0.001, gae_lambda=0.95, entropy_coef=0.01, value_loss_coef=0.5, max_grad_norm=0.5, optim_eps=1e-08, optim_alpha=0.99, clip_eps=0.2, recurrence=1, text=False, use_entropy_reward=True, use_value_condition=True, beta=0.005, use_batch=True, ablation='no_cluster', mem=False)

Device: cuda:0

Environments loaded

Training status loaded

Observations preprocessor loaded
Model loaded

ACModel(
  (image_conv): Sequential(
    (0): Conv2d(3, 16, kernel_size=(2, 2), stride=(1, 1))
    (1): ReLU()
    (2): MaxPool2d(kernel_size=(2, 2), stride=(2, 2), padding=0, dilation=1, ceil_mode=False)
    (3): Conv2d(16, 32, kernel_size=(2, 2), stride=(1, 1))
    (4): ReLU()
    (5): Conv2d(32, 64, kernel_size=(2, 2), stride=(1, 1))
    (6): ReLU()
  )
  (actor): Sequential(
    (0): Linear(in_features=64, out_features=64, bias=True)
    (1): Tanh()
    (2): Linear(in_features=64, out_features=7, bias=True)
  )
  (critic): Sequential(
    (0): Linear(in_features=64, out_features=64, bias=True)
    (1): Tanh()
    (2): Linear(in_features=64, out_features=1, bias=True)
  )
  (extr_critic): Sequential(
    (0): Linear(in_features=64, out_features=64, bias=True)
    (1): Tanh()
    (2): Linear(in_features=64, out_features=1, bias=True)
  )
)

Optimizer loaded

Status saved
Status saved
Status saved
Status saved
U 500 | F 064000 | FPS 0449 | D 150 | rR:μσmM 0.00 0.00 0.00 0.00 | F:μσmM 640.0 0.0 640.0 640.0 | H 1.812 | V -0.295 | pL -0.009 | vL 0.001 | ∇ 0.010
Status saved
Status saved
Status saved
Status saved
Status saved
U 1000 | F 128000 | FPS 0481 | D 299 | rR:μσmM 0.00 0.00 0.00 0.00 | F:μσmM 640.0 0.0 640.0 640.0 | H 1.789 | V -0.355 | pL -0.017 | vL 0.001 | ∇ 0.018
Status saved
Status saved
Status saved
Status saved
Status saved
U 1500 | F 192000 | FPS 0254 | D 447 | rR:μσmM 0.03 0.08 0.00 0.29 | F:μσmM 629.4 33.8 502.0 640.0 | H 1.774 | V -0.342 | pL -0.005 | vL 0.001 | ∇ 0.008
Status saved
Status saved
Status saved
Status saved
Status saved
U 2000 | F 256000 | FPS 0466 | D 595 | rR:μσmM 0.03 0.11 0.00 0.45 | F:μσmM 624.4 60.3 391.0 640.0 | H 1.755 | V -0.354 | pL 0.179 | vL 0.025 | ∇ 0.164
Status saved
Status saved
Status saved
Status saved
Status saved
U 2500 | F 320000 | FPS 0444 | D 741 | rR:μσmM 0.04 0.14 0.00 0.59 | F:μσmM 618.2 84.5 291.0 640.0 | H 1.778 | V -0.363 | pL -0.006 | vL 0.001 | ∇ 0.011
Status saved
Status saved
Status saved
Status saved
Status saved
U 3000 | F 384000 | FPS 0474 | D 887 | rR:μσmM 0.00 0.00 0.00 0.00 | F:μσmM 640.0 0.0 640.0 640.0 | H 1.775 | V -0.295 | pL -0.023 | vL 0.001 | ∇ 0.017
Status saved
Status saved
Status saved
Status saved
Status saved
U 3500 | F 448000 | FPS 0460 | D 1033 | rR:μσmM 0.04 0.17 0.00 0.71 | F:μσmM 613.0 104.6 208.0 640.0 | H 1.777 | V -0.326 | pL 0.009 | vL 0.002 | ∇ 0.026
Status saved
Status saved
Status saved
Status saved
Status saved
U 4000 | F 512000 | FPS 0436 | D 1179 | rR:μσmM 0.04 0.10 0.00 0.35 | F:μσmM 624.2 45.5 459.0 640.0 | H 1.758 | V -0.373 | pL 0.016 | vL 0.006 | ∇ 0.040
Status saved
Status saved
Status saved
Status saved
Status saved
U 4500 | F 576000 | FPS 0465 | D 1326 | rR:μσmM 0.06 0.16 0.00 0.54 | F:μσmM 607.2 88.7 326.0 640.0 | H 1.783 | V -0.331 | pL -0.005 | vL 0.001 | ∇ 0.013
Status saved
Status saved
Status saved
Status saved
Status saved
U 5000 | F 640000 | FPS 0494 | D 1473 | rR:μσmM 0.02 0.06 0.00 0.25 | F:μσmM 633.1 26.6 530.0 640.0 | H 1.747 | V -0.347 | pL -0.001 | vL 0.000 | ∇ 0.008
Status saved
Status saved
Status saved
Status saved
Status saved
U 5500 | F 704000 | FPS 0442 | D 1621 | rR:μσmM 0.04 0.16 0.00 0.65 | F:μσmM 615.8 93.9 252.0 640.0 | H 1.757 | V -0.267 | pL -0.002 | vL 0.000 | ∇ 0.009
Status saved
Status saved
Status saved
Status saved
Status saved
U 6000 | F 768000 | FPS 0459 | D 1768 | rR:μσmM 0.06 0.15 0.00 0.48 | F:μσmM 608.4 83.9 368.0 640.0 | H 1.764 | V -0.306 | pL -0.025 | vL 0.001 | ∇ 0.027
Status saved
Status saved
Status saved
Status saved
Status saved
U 6500 | F 832000 | FPS 0464 | D 1920 | rR:μσmM 0.05 0.17 0.00 0.68 | F:μσmM 610.3 99.2 231.0 640.0 | H 1.742 | V -0.302 | pL 0.001 | vL 0.000 | ∇ 0.007
Status saved
Status saved
Status saved
Status saved
Status saved
U 7000 | F 896000 | FPS 0265 | D 2068 | rR:μσmM 0.07 0.20 0.00 0.69 | F:μσmM 597.2 116.5 221.0 640.0 | H 1.717 | V -0.280 | pL 0.004 | vL 0.003 | ∇ 0.014
Status saved
Status saved
Status saved
Status saved
Status saved
U 7500 | F 960000 | FPS 0453 | D 2218 | rR:μσmM 0.09 0.25 0.00 0.86 | F:μσmM 582.8 154.0 102.0 640.0 | H 1.763 | V -0.281 | pL -0.013 | vL 0.001 | ∇ 0.013
Status saved
Status saved
Status saved
Status saved
