Gym has been unmaintained since 2022 and does not support NumPy 2.0 amongst other critical functionality.
Please upgrade to Gymnasium, the maintained drop-in replacement of Gym, or contact the authors of your software and request that they upgrade.
Users of this version of Gym should be able to simply replace 'import gym' with 'import gymnasium as gym' in the vast majority of cases.
See the migration guide at https://gymnasium.farama.org/introduction/migration_guide/ for additional information.
/workspace/learn-si2e/SI2E/SI2E_A2C/rl-starter-files/rl-starter-files/scripts/train.py --env MiniGrid-DoorKey-8x8-v0 --model ppo-exp-ppo-si2e-DoorKey-8x8-s2 --frames 3000000 --use_batch --save-interval 100 --log-interval 500 --seed 2 --algo ppo --use_entropy_reward --use_value_condition --beta 0.005

Namespace(algo='ppo', env='MiniGrid-DoorKey-8x8-v0', model='ppo-exp-ppo-si2e-DoorKey-8x8-s2', seed=2, log_interval=500, save_interval=100, procs=16, frames=3000000, epochs=4, batch_size=256, frames_per_proc=None, discount=0.99, lr=0.001, gae_lambda=0.95, entropy_coef=0.01, value_loss_coef=0.5, max_grad_norm=0.5, optim_eps=1e-08, optim_alpha=0.99, clip_eps=0.2, recurrence=1, text=False, use_entropy_reward=True, use_value_condition=True, beta=0.005, beta_adaptive=False, fast_se=False, use_batch=True, ablation=None, mem=False)

Device: cuda:0

Environments loaded

Training status loaded

Observations preprocessor loaded
Model loaded

ACModel(
  (image_conv): Sequential(
    (0): Conv2d(3, 16, kernel_size=(2, 2), stride=(1, 1))
    (1): ReLU()
    (2): MaxPool2d(kernel_size=(2, 2), stride=(2, 2), padding=0, dilation=1, ceil_mode=False)
    (3): Conv2d(16, 32, kernel_size=(2, 2), stride=(1, 1))
    (4): ReLU()
    (5): Conv2d(32, 64, kernel_size=(2, 2), stride=(1, 1))
    (6): ReLU()
  )
  (actor): Sequential(
    (0): Linear(in_features=64, out_features=64, bias=True)
    (1): Tanh()
    (2): Linear(in_features=64, out_features=7, bias=True)
  )
  (critic): Sequential(
    (0): Linear(in_features=64, out_features=64, bias=True)
    (1): Tanh()
    (2): Linear(in_features=64, out_features=1, bias=True)
  )
  (extr_critic): Sequential(
    (0): Linear(in_features=64, out_features=64, bias=True)
    (1): Tanh()
    (2): Linear(in_features=64, out_features=1, bias=True)
  )
)

Optimizer loaded

Status saved
Status saved
Status saved
Status saved
U 500 | F 064000 | FPS 0383 | D 167 | rR:μσmM 0.00 0.00 0.00 0.00 | F:μσmM 640.0 0.0 640.0 640.0 | H 1.732 | V -0.262 | pL 0.014 | vL 0.001 | ∇ 0.011
Status saved
Status saved
Status saved
Status saved
Status saved
U 1000 | F 128000 | FPS 0438 | D 331 | rR:μσmM 0.00 0.00 0.00 0.00 | F:μσmM 640.0 0.0 640.0 640.0 | H 1.772 | V -0.354 | pL 0.002 | vL 0.001 | ∇ 0.011
Status saved
Status saved
Status saved
Status saved
Status saved
U 1500 | F 192000 | FPS 0453 | D 493 | rR:μσmM 0.00 0.00 0.00 0.00 | F:μσmM 640.0 0.0 640.0 640.0 | H 1.767 | V -0.361 | pL -0.006 | vL 0.000 | ∇ 0.008
Status saved
Status saved
Status saved
Status saved
Status saved
U 2000 | F 256000 | FPS 0452 | D 658 | rR:μσmM 0.00 0.00 0.00 0.00 | F:μσmM 640.0 0.0 640.0 640.0 | H 1.806 | V -0.290 | pL -0.103 | vL 0.023 | ∇ 0.106
Status saved
Status saved
Status saved
Status saved
Status saved
U 2500 | F 320000 | FPS 0383 | D 822 | rR:μσmM 0.00 0.00 0.00 0.00 | F:μσmM 640.0 0.0 640.0 640.0 | H 1.765 | V -0.299 | pL 0.010 | vL 0.001 | ∇ 0.011
Status saved
Status saved
Status saved
Status saved
Status saved
U 3000 | F 384000 | FPS 0466 | D 985 | rR:μσmM 0.00 0.00 0.00 0.00 | F:μσmM 640.0 0.0 640.0 640.0 | H 1.768 | V -0.292 | pL 0.002 | vL 0.001 | ∇ 0.007
Status saved
Status saved
Status saved
Status saved
Status saved
U 3500 | F 448000 | FPS 0426 | D 1150 | rR:μσmM 0.02 0.07 0.00 0.27 | F:μσmM 632.4 29.5 518.0 640.0 | H 1.742 | V -0.321 | pL 0.006 | vL 0.001 | ∇ 0.007
Status saved
Status saved
Status saved
Status saved
Status saved
U 4000 | F 512000 | FPS 0425 | D 1314 | rR:μσmM 0.00 0.00 0.00 0.00 | F:μσmM 640.0 0.0 640.0 640.0 | H 1.732 | V -0.306 | pL -0.054 | vL 0.014 | ∇ 0.067
Status saved
Status saved
Status saved
Status saved
Status saved
U 4500 | F 576000 | FPS 0474 | D 1478 | rR:μσmM 0.03 0.11 0.00 0.46 | F:μσmM 623.8 62.7 381.0 640.0 | H 1.765 | V -0.315 | pL -0.005 | vL 0.004 | ∇ 0.025
Status saved
Status saved
Status saved
Status saved
Status saved
U 5000 | F 640000 | FPS 0496 | D 1631 | rR:μσmM 0.14 0.30 0.00 0.92 | F:μσmM 553.3 184.1 60.0 640.0 | H 1.756 | V -0.311 | pL -0.007 | vL 0.001 | ∇ 0.021
Status saved
Status saved
Status saved
Status saved
Status saved
U 5500 | F 704000 | FPS 0485 | D 1754 | rR:μσmM 0.12 0.23 0.00 0.69 | F:μσmM 572.3 134.4 221.0 640.0 | H 1.763 | V -0.351 | pL 0.006 | vL 0.001 | ∇ 0.018
Status saved
Status saved
Status saved
Status saved
Status saved
U 6000 | F 768000 | FPS 0569 | D 1877 | rR:μσmM 0.02 0.09 0.00 0.38 | F:μσmM 627.7 47.7 443.0 640.0 | H 1.776 | V -0.352 | pL -0.021 | vL 0.006 | ∇ 0.035
Status saved
Status saved
Status saved
Status saved
Status saved
U 6500 | F 832000 | FPS 0569 | D 2000 | rR:μσmM 0.08 0.17 0.00 0.56 | F:μσmM 596.4 97.3 313.0 640.0 | H 1.693 | V -0.295 | pL -0.002 | vL 0.000 | ∇ 0.014
Status saved
Status saved
Status saved
Status saved
Status saved
U 7000 | F 896000 | FPS 0528 | D 2123 | rR:μσmM 0.02 0.09 0.00 0.35 | F:μσmM 628.8 43.3 461.0 640.0 | H 1.727 | V -0.299 | pL -0.019 | vL 0.003 | ∇ 0.026
Status saved
Status saved
Status saved
Status saved
Status saved
U 7500 | F 960000 | FPS 0570 | D 2249 | rR:μσmM 0.08 0.21 0.00 0.83 | F:μσmM 595.4 130.6 122.0 640.0 | H 1.805 | V -0.285 | pL -0.008 | vL 0.002 | ∇ 0.012
Status saved
Status saved
Status saved
Status saved
Status saved
U 8000 | F 1024000 | FPS 0507 | D 2373 | rR:μσmM 0.07 0.14 0.00 0.42 | F:μσmM 605.1 73.9 411.0 640.0 | H 1.705 | V -0.296 | pL -0.004 | vL 0.000 | ∇ 0.007
Status saved
Status saved
Status saved
Status saved
Status saved
U 8500 | F 1088000 | FPS 0500 | D 2497 | rR:μσmM 0.13 0.25 0.00 0.86 | F:μσmM 568.3 150.5 99.0 640.0 | H 1.782 | V -0.313 | pL -0.006 | vL 0.000 | ∇ 0.016
Status saved
Status saved
Status saved
Status saved
Status saved
U 9000 | F 1152000 | FPS 0479 | D 2620 | rR:μσmM 0.08 0.23 0.00 0.77 | F:μσmM 588.6 138.1 162.0 640.0 | H 1.773 | V -0.224 | pL -0.006 | vL 0.003 | ∇ 0.017
Status saved
Status saved
Status saved
Status saved
Status saved
U 9500 | F 1216000 | FPS 0541 | D 2745 | rR:μσmM 0.07 0.19 0.00 0.72 | F:μσmM 600.6 113.5 198.0 640.0 | H 1.738 | V -0.279 | pL 0.008 | vL 0.001 | ∇ 0.010
Status saved
Status saved
Status saved
Status saved
Status saved
U 10000 | F 1280000 | FPS 0543 | D 2868 | rR:μσmM 0.05 0.14 0.00 0.52 | F:μσmM 613.3 77.2 338.0 640.0 | H 1.709 | V -0.266 | pL -0.010 | vL 0.003 | ∇ 0.018
Status saved
Status saved
Status saved
Status saved
Status saved
U 10500 | F 1344000 | FPS 0523 | D 2995 | rR:μσmM 0.00 0.00 0.00 0.00 | F:μσmM 640.0 0.0 640.0 640.0 | H 1.733 | V -0.286 | pL -0.007 | vL 0.000 | ∇ 0.012
Status saved
Status saved
Status saved
Status saved
Status saved
U 11000 | F 1408000 | FPS 0586 | D 3120 | rR:μσmM 0.04 0.16 0.00 0.68 | F:μσmM 614.2 99.7 228.0 640.0 | H 1.751 | V -0.247 | pL -0.006 | vL 0.003 | ∇ 0.017
Status saved
Status saved
Status saved
Status saved
Status saved
U 11500 | F 1472000 | FPS 0577 | D 3245 | rR:μσmM 0.10 0.23 0.00 0.88 | F:μσmM 585.8 139.7 83.0 640.0 | H 1.751 | V -0.246 | pL 0.000 | vL 0.002 | ∇ 0.021
Status saved
Status saved
Status saved
Status saved
Status saved
U 12000 | F 1536000 | FPS 0546 | D 3369 | rR:μσmM 0.06 0.18 0.00 0.73 | F:μσmM 605.9 108.9 195.0 640.0 | H 1.759 | V -0.278 | pL -0.002 | vL 0.000 | ∇ 0.011
Status saved
Status saved
Status saved
Status saved
Status saved
U 12500 | F 1600000 | FPS 0586 | D 3492 | rR:μσmM 0.06 0.17 0.00 0.52 | F:μσmM 603.4 96.8 340.0 640.0 | H 1.706 | V -0.304 | pL 0.002 | vL 0.001 | ∇ 0.013
Status saved
Status saved
Status saved
Status saved
Status saved
U 13000 | F 1664000 | FPS 0573 | D 3616 | rR:μσmM 0.05 0.19 0.00 0.77 | F:μσmM 610.4 114.5 167.0 640.0 | H 1.755 | V -0.286 | pL 0.003 | vL 0.001 | ∇ 0.009
Status saved
Status saved
Status saved
Status saved
Status saved
U 13500 | F 1728000 | FPS 0589 | D 3741 | rR:μσmM 0.04 0.10 0.00 0.33 | F:μσmM 620.8 51.1 474.0 640.0 | H 1.739 | V -0.335 | pL 0.001 | vL 0.001 | ∇ 0.012
Status saved
Status saved
Status saved
Status saved
Status saved
U 14000 | F 1792000 | FPS 0551 | D 3863 | rR:μσmM 0.03 0.10 0.00 0.42 | F:μσmM 625.8 54.9 413.0 640.0 | H 1.773 | V -0.341 | pL 0.001 | vL 0.001 | ∇ 0.006
Status saved
Status saved
Status saved
Status saved
Status saved
U 14500 | F 1856000 | FPS 0514 | D 3987 | rR:μσmM 0.05 0.12 0.00 0.44 | F:μσmM 616.1 65.4 401.0 640.0 | H 1.748 | V -0.268 | pL 0.005 | vL 0.001 | ∇ 0.015
Status saved
Status saved
Status saved
Status saved
Status saved
U 15000 | F 1920000 | FPS 0482 | D 4112 | rR:μσmM 0.04 0.16 0.00 0.65 | F:μσmM 615.6 94.4 250.0 640.0 | H 1.756 | V -0.298 | pL 0.003 | vL 0.001 | ∇ 0.008
Status saved
Status saved
Status saved
Status saved
Status saved
U 15500 | F 1984000 | FPS 0593 | D 4236 | rR:μσmM 0.11 0.26 0.00 0.83 | F:μσmM 575.8 158.0 120.0 640.0 | H 1.717 | V -0.280 | pL 0.008 | vL 0.001 | ∇ 0.009
Status saved
Status saved
Status saved
Status saved
Status saved
U 16000 | F 2048000 | FPS 0501 | D 4360 | rR:μσmM 0.08 0.23 0.00 0.88 | F:μσmM 591.0 141.9 85.0 640.0 | H 1.679 | V -0.195 | pL 0.001 | vL 0.000 | ∇ 0.007
Status saved
Status saved
Status saved
Status saved
Status saved
U 16500 | F 2112000 | FPS 0534 | D 4483 | rR:μσmM 0.02 0.09 0.00 0.37 | F:μσmM 627.9 47.0 446.0 640.0 | H 1.742 | V -0.287 | pL 0.005 | vL 0.001 | ∇ 0.010
Status saved
Status saved
Status saved
Status saved
Status saved
U 17000 | F 2176000 | FPS 0532 | D 4607 | rR:μσmM 0.00 0.00 0.00 0.00 | F:μσmM 640.0 0.0 640.0 640.0 | H 1.769 | V -0.318 | pL -0.001 | vL 0.000 | ∇ 0.007
Status saved
Status saved
Status saved
Status saved
Status saved
U 17500 | F 2240000 | FPS 0575 | D 4734 | rR:μσmM 0.06 0.16 0.00 0.64 | F:μσmM 608.3 95.7 256.0 640.0 | H 1.704 | V -0.269 | pL 0.003 | vL 0.002 | ∇ 0.070
Status saved
Status saved
Status saved
Status saved
Status saved
U 18000 | F 2304000 | FPS 0495 | D 4859 | rR:μσmM 0.18 0.28 0.00 0.79 | F:μσmM 536.9 166.3 151.0 640.0 | H 1.770 | V -0.286 | pL -0.001 | vL 0.001 | ∇ 0.010
Status saved
Status saved
Status saved
Status saved
Status saved
U 18500 | F 2368000 | FPS 0455 | D 4985 | rR:μσmM 0.08 0.19 0.00 0.75 | F:μσmM 598.2 114.2 178.0 640.0 | H 1.751 | V -0.288 | pL 0.002 | vL 0.001 | ∇ 0.006
Status saved
Status saved
Status saved
Status saved
Status saved
U 19000 | F 2432000 | FPS 0539 | D 5111 | rR:μσmM 0.43 0.38 0.00 0.95 | F:μσmM 378.7 243.1 32.0 640.0 | H 1.655 | V -0.335 | pL -0.000 | vL 0.000 | ∇ 0.010
Status saved
Status saved
Status saved
Status saved
Status saved
U 19500 | F 2496000 | FPS 0492 | D 5235 | rR:μσmM 0.39 0.33 0.00 0.92 | F:μσmM 403.6 205.8 60.0 640.0 | H 1.683 | V -0.153 | pL 0.003 | vL 0.001 | ∇ 0.012
Status saved
Status saved
Status saved
Status saved
Status saved
U 20000 | F 2560000 | FPS 0507 | D 5359 | rR:μσmM 0.40 0.35 0.00 0.94 | F:μσmM 396.5 222.0 44.0 640.0 | H 1.693 | V -0.203 | pL -0.009 | vL 0.002 | ∇ 0.033
Status saved
Status saved
Status saved
Status saved
Status saved
U 20500 | F 2624000 | FPS 0478 | D 5481 | rR:μσmM 0.48 0.35 0.00 0.92 | F:μσmM 348.2 222.8 59.0 640.0 | H 1.536 | V -0.161 | pL 0.017 | vL 0.004 | ∇ 0.036
Status saved
Status saved
Status saved
Status saved
Status saved
U 21000 | F 2688000 | FPS 0582 | D 5610 | rR:μσmM 0.30 0.36 0.00 0.89 | F:μσmM 455.7 222.6 78.0 640.0 | H 1.703 | V -0.250 | pL 0.005 | vL 0.001 | ∇ 0.017
Status saved
Status saved
Status saved
Status saved
Status saved
U 21500 | F 2752000 | FPS 0485 | D 5736 | rR:μσmM 0.68 0.31 0.00 0.97 | F:μσmM 221.2 210.3 24.0 640.0 | H 1.603 | V -0.180 | pL 0.002 | vL 0.000 | ∇ 0.027
Status saved
Status saved
Status saved
Status saved
Status saved
U 22000 | F 2816000 | FPS 0512 | D 5860 | rR:μσmM 0.56 0.37 0.00 0.97 | F:μσmM 295.5 239.5 18.0 640.0 | H 1.659 | V -0.164 | pL 0.004 | vL 0.001 | ∇ 0.016
Status saved
Status saved
Status saved
Status saved
Status saved
U 22500 | F 2880000 | FPS 0535 | D 5984 | rR:μσmM 0.73 0.26 0.00 0.98 | F:μσmM 186.5 175.4 15.0 640.0 | H 1.464 | V 0.056 | pL -0.018 | vL 0.017 | ∇ 0.143
Status saved
Status saved
Status saved
Status saved
Status saved
U 23000 | F 2944000 | FPS 0558 | D 6109 | rR:μσmM 0.91 0.05 0.78 0.97 | F:μσmM 60.8 38.4 22.0 154.0 | H 0.935 | V 0.653 | pL -0.006 | vL 0.007 | ∇ 0.060
Status saved
Status saved
Status saved
Status saved
Status saved
