Gym has been unmaintained since 2022 and does not support NumPy 2.0 amongst other critical functionality.
Please upgrade to Gymnasium, the maintained drop-in replacement of Gym, or contact the authors of your software and request that they upgrade.
Users of this version of Gym should be able to simply replace 'import gym' with 'import gymnasium as gym' in the vast majority of cases.
See the migration guide at https://gymnasium.farama.org/introduction/migration_guide/ for additional information.
/workspace/learn-si2e/base-vcse/VCSE_A2C/rl-starter-files/rl-starter-files/scripts/train.py --algo a2c --env MiniGrid-KeyCorridorS3R2-v0 --model kc-vcse-s4 --frames 3000000 --use_batch --save-interval 100 --log-interval 500 --seed 4 --use_entropy_reward --use_value_condition --beta 0.005

Namespace(algo='a2c', env='MiniGrid-KeyCorridorS3R2-v0', model='kc-vcse-s4', seed=4, log_interval=500, save_interval=100, procs=16, frames=3000000, epochs=4, batch_size=256, frames_per_proc=None, discount=0.99, lr=0.001, gae_lambda=0.95, entropy_coef=0.01, value_loss_coef=0.5, max_grad_norm=0.5, optim_eps=1e-08, optim_alpha=0.99, clip_eps=0.2, recurrence=1, text=False, use_entropy_reward=True, use_value_condition=True, beta=0.005, use_batch=True, mem=False)

Device: cuda

Environments loaded

Training status loaded

Observations preprocessor loaded
Model loaded

ACModel(
  (image_conv): Sequential(
    (0): Conv2d(3, 16, kernel_size=(2, 2), stride=(1, 1))
    (1): ReLU()
    (2): MaxPool2d(kernel_size=(2, 2), stride=(2, 2), padding=0, dilation=1, ceil_mode=False)
    (3): Conv2d(16, 32, kernel_size=(2, 2), stride=(1, 1))
    (4): ReLU()
    (5): Conv2d(32, 64, kernel_size=(2, 2), stride=(1, 1))
    (6): ReLU()
  )
  (actor): Sequential(
    (0): Linear(in_features=64, out_features=64, bias=True)
    (1): Tanh()
    (2): Linear(in_features=64, out_features=7, bias=True)
  )
  (critic): Sequential(
    (0): Linear(in_features=64, out_features=64, bias=True)
    (1): Tanh()
    (2): Linear(in_features=64, out_features=1, bias=True)
  )
  (extr_critic): Sequential(
    (0): Linear(in_features=64, out_features=64, bias=True)
    (1): Tanh()
    (2): Linear(in_features=64, out_features=1, bias=True)
  )
)

Optimizer loaded

Status saved
Status saved
Status saved
Status saved
U 500 | F 064000 | FPS 0782 | D 62 | rR:μσmM 0.00 0.00 0.00 0.00 | F:μσmM 270.0 0.0 270.0 270.0 | H 1.790 | V -0.392 | pL -0.014 | vL 0.001 | ∇ 0.014
Status saved
Status saved
Status saved
Status saved
Status saved
U 1000 | F 128000 | FPS 0928 | D 127 | rR:μσmM 0.00 0.00 0.00 0.00 | F:μσmM 270.0 0.0 270.0 270.0 | H 1.779 | V -0.341 | pL -0.015 | vL 0.001 | ∇ 0.013
Status saved
Status saved
Status saved
Status saved
Status saved
U 1500 | F 192000 | FPS 0978 | D 191 | rR:μσmM 0.02 0.08 0.00 0.32 | F:μσmM 265.8 16.2 203.0 270.0 | H 1.779 | V -0.309 | pL -0.006 | vL 0.001 | ∇ 0.020
Status saved
Status saved
Status saved
Status saved
Status saved
U 2000 | F 256000 | FPS 0955 | D 256 | rR:μσmM 0.00 0.00 0.00 0.00 | F:μσmM 270.0 0.0 270.0 270.0 | H 1.727 | V -0.349 | pL -0.008 | vL 0.001 | ∇ 0.008
Status saved
Status saved
Status saved
Status saved
Status saved
U 2500 | F 320000 | FPS 0996 | D 321 | rR:μσmM 0.00 0.00 0.00 0.00 | F:μσmM 270.0 0.0 270.0 270.0 | H 1.776 | V -0.311 | pL -0.023 | vL 0.001 | ∇ 0.018
Status saved
Status saved
Status saved
Status saved
Status saved
U 3000 | F 384000 | FPS 0812 | D 389 | rR:μσmM 0.00 0.00 0.00 0.00 | F:μσmM 270.0 0.0 270.0 270.0 | H 1.723 | V -0.289 | pL -0.004 | vL 0.001 | ∇ 0.006
Status saved
Status saved
Status saved
Status saved
Status saved
U 3500 | F 448000 | FPS 1116 | D 455 | rR:μσmM 0.02 0.05 0.00 0.16 | F:μσmM 268.1 5.3 251.0 270.0 | H 1.769 | V -0.356 | pL 0.027 | vL 0.006 | ∇ 0.032
Status saved
Status saved
Status saved
Status saved
Status saved
U 4000 | F 512000 | FPS 1092 | D 520 | rR:μσmM 0.00 0.00 0.00 0.00 | F:μσmM 270.0 0.0 270.0 270.0 | H 1.770 | V -0.316 | pL -0.010 | vL 0.001 | ∇ 0.013
Status saved
Status saved
Status saved
Status saved
Status saved
U 4500 | F 576000 | FPS 0919 | D 586 | rR:μσmM 0.00 0.00 0.00 0.00 | F:μσmM 270.0 0.0 270.0 270.0 | H 1.739 | V -0.327 | pL -0.020 | vL 0.001 | ∇ 0.014
Status saved
Status saved
Status saved
Status saved
Status saved
U 5000 | F 640000 | FPS 1038 | D 651 | rR:μσmM 0.00 0.00 0.00 0.00 | F:μσmM 270.0 0.0 270.0 270.0 | H 1.714 | V -0.286 | pL -0.003 | vL 0.001 | ∇ 0.012
Status saved
Status saved
Status saved
Status saved
Status saved
U 5500 | F 704000 | FPS 0856 | D 717 | rR:μσmM 0.00 0.00 0.00 0.00 | F:μσmM 270.0 0.0 270.0 270.0 | H 1.761 | V -0.271 | pL -0.012 | vL 0.001 | ∇ 0.011
Status saved
Status saved
Status saved
Status saved
Status saved
U 6000 | F 768000 | FPS 0914 | D 783 | rR:μσmM 0.00 0.00 0.00 0.00 | F:μσmM 270.0 0.0 270.0 270.0 | H 1.751 | V -0.286 | pL 0.012 | vL 0.003 | ∇ 0.026
Status saved
Status saved
Status saved
Status saved
Status saved
U 6500 | F 832000 | FPS 0987 | D 849 | rR:μσmM 0.00 0.00 0.00 0.00 | F:μσmM 270.0 0.0 270.0 270.0 | H 1.789 | V -0.283 | pL -0.013 | vL 0.001 | ∇ 0.011
Status saved
Status saved
Status saved
Status saved
Status saved
U 7000 | F 896000 | FPS 0840 | D 915 | rR:μσmM 0.00 0.00 0.00 0.00 | F:μσmM 270.0 0.0 270.0 270.0 | H 1.769 | V -0.327 | pL 0.024 | vL 0.005 | ∇ 0.030
Status saved
Status saved
Status saved
Status saved
Status saved
U 7500 | F 960000 | FPS 1096 | D 981 | rR:μσmM 0.04 0.12 0.00 0.44 | F:μσmM 261.2 25.9 167.0 270.0 | H 1.767 | V -0.282 | pL -0.018 | vL 0.001 | ∇ 0.014
Status saved
Status saved
Status saved
Status saved
Status saved
U 8000 | F 1024000 | FPS 1054 | D 1047 | rR:μσmM 0.00 0.00 0.00 0.00 | F:μσmM 270.0 0.0 270.0 270.0 | H 1.751 | V -0.287 | pL -0.026 | vL 0.001 | ∇ 0.016
Status saved
Status saved
Status saved
Status saved
Status saved
U 8500 | F 1088000 | FPS 0928 | D 1113 | rR:μσmM 0.00 0.00 0.00 0.00 | F:μσmM 270.0 0.0 270.0 270.0 | H 1.741 | V -0.307 | pL 0.011 | vL 0.004 | ∇ 0.021
Status saved
Status saved
Status saved
Status saved
Status saved
U 9000 | F 1152000 | FPS 0995 | D 1179 | rR:μσmM 0.00 0.00 0.00 0.00 | F:μσmM 270.0 0.0 270.0 270.0 | H 1.764 | V -0.299 | pL -0.014 | vL 0.001 | ∇ 0.010
Status saved
Status saved
Status saved
Status saved
Status saved
U 9500 | F 1216000 | FPS 1158 | D 1245 | rR:μσmM 0.00 0.00 0.00 0.00 | F:μσmM 270.0 0.0 270.0 270.0 | H 1.778 | V -0.300 | pL -0.004 | vL 0.001 | ∇ 0.007
Status saved
Status saved
Status saved
Status saved
Status saved
U 10000 | F 1280000 | FPS 1055 | D 1312 | rR:μσmM 0.00 0.00 0.00 0.00 | F:μσmM 270.0 0.0 270.0 270.0 | H 1.713 | V -0.290 | pL -0.015 | vL 0.001 | ∇ 0.012
Status saved
Status saved
Status saved
Status saved
Status saved
U 10500 | F 1344000 | FPS 1046 | D 1377 | rR:μσmM 0.00 0.00 0.00 0.00 | F:μσmM 270.0 0.0 270.0 270.0 | H 1.787 | V -0.293 | pL -0.025 | vL 0.001 | ∇ 0.016
Status saved
Status saved
Status saved
Status saved
Status saved
U 11000 | F 1408000 | FPS 1021 | D 1443 | rR:μσmM 0.00 0.00 0.00 0.00 | F:μσmM 270.0 0.0 270.0 270.0 | H 1.755 | V -0.310 | pL -0.036 | vL 0.001 | ∇ 0.025
Status saved
Status saved
Status saved
Status saved
Status saved
U 11500 | F 1472000 | FPS 1027 | D 1508 | rR:μσmM 0.00 0.00 0.00 0.00 | F:μσmM 270.0 0.0 270.0 270.0 | H 1.781 | V -0.320 | pL -0.017 | vL 0.001 | ∇ 0.011
Status saved
Status saved
Status saved
Status saved
Status saved
U 12000 | F 1536000 | FPS 0874 | D 1575 | rR:μσmM 0.00 0.00 0.00 0.00 | F:μσmM 270.0 0.0 270.0 270.0 | H 1.760 | V -0.299 | pL -0.001 | vL 0.003 | ∇ 0.018
Status saved
Status saved
Status saved
Status saved
Status saved
U 12500 | F 1600000 | FPS 1061 | D 1641 | rR:μσmM 0.00 0.00 0.00 0.00 | F:μσmM 270.0 0.0 270.0 270.0 | H 1.746 | V -0.280 | pL 0.001 | vL 0.004 | ∇ 0.013
Status saved
Status saved
Status saved
Status saved
Status saved
U 13000 | F 1664000 | FPS 1027 | D 1706 | rR:μσmM 0.00 0.00 0.00 0.00 | F:μσmM 270.0 0.0 270.0 270.0 | H 1.772 | V -0.280 | pL 0.004 | vL 0.000 | ∇ 0.006
Status saved
Status saved
Status saved
Status saved
Status saved
U 13500 | F 1728000 | FPS 1064 | D 1771 | rR:μσmM 0.00 0.00 0.00 0.00 | F:μσmM 270.0 0.0 270.0 270.0 | H 1.747 | V -0.309 | pL 0.039 | vL 0.012 | ∇ 0.076
Status saved
Status saved
Status saved
Status saved
Status saved
U 14000 | F 1792000 | FPS 0805 | D 1836 | rR:μσmM 0.02 0.08 0.00 0.32 | F:μσmM 265.9 16.0 204.0 270.0 | H 1.748 | V -0.272 | pL 0.025 | vL 0.003 | ∇ 0.026
Status saved
Status saved
Status saved
Status saved
Status saved
U 14500 | F 1856000 | FPS 0781 | D 1902 | rR:μσmM 0.00 0.00 0.00 0.00 | F:μσmM 270.0 0.0 270.0 270.0 | H 1.734 | V -0.297 | pL -0.005 | vL 0.001 | ∇ 0.011
Status saved
Status saved
Status saved
Status saved
Status saved
U 15000 | F 1920000 | FPS 0827 | D 1968 | rR:μσmM 0.07 0.16 0.00 0.59 | F:μσmM 254.6 38.3 123.0 270.0 | H 1.756 | V -0.276 | pL -0.004 | vL 0.001 | ∇ 0.016
Status saved
Status saved
Status saved
Status saved
Status saved
U 15500 | F 1984000 | FPS 0710 | D 2034 | rR:μσmM 0.00 0.00 0.00 0.00 | F:μσmM 270.0 0.0 270.0 270.0 | H 1.729 | V -0.361 | pL -0.010 | vL 0.001 | ∇ 0.009
Status saved
Status saved
Status saved
Status saved
Status saved
U 16000 | F 2048000 | FPS 0728 | D 2100 | rR:μσmM 0.02 0.08 0.00 0.32 | F:μσmM 265.9 15.7 205.0 270.0 | H 1.751 | V -0.286 | pL -0.004 | vL 0.001 | ∇ 0.010
Status saved
Status saved
Status saved
Status saved
Status saved
U 16500 | F 2112000 | FPS 1136 | D 2167 | rR:μσmM 0.00 0.00 0.00 0.00 | F:μσmM 270.0 0.0 270.0 270.0 | H 1.776 | V -0.310 | pL -0.008 | vL 0.001 | ∇ 0.009
Status saved
Status saved
Status saved
Status saved
Status saved
U 17000 | F 2176000 | FPS 0964 | D 2233 | rR:μσmM 0.00 0.00 0.00 0.00 | F:μσmM 270.0 0.0 270.0 270.0 | H 1.785 | V -0.314 | pL -0.016 | vL 0.004 | ∇ 0.026
Status saved
Status saved
Status saved
Status saved
Status saved
U 17500 | F 2240000 | FPS 1080 | D 2299 | rR:μσmM 0.02 0.06 0.00 0.25 | F:μσmM 267.1 11.1 224.0 270.0 | H 1.745 | V -0.286 | pL -0.018 | vL 0.001 | ∇ 0.014
Status saved
Status saved
Status saved
Status saved
Status saved
U 18000 | F 2304000 | FPS 0993 | D 2366 | rR:μσmM 0.00 0.00 0.00 0.00 | F:μσmM 270.0 0.0 270.0 270.0 | H 1.746 | V -0.273 | pL 0.004 | vL 0.000 | ∇ 0.007
Status saved
Status saved
Status saved
Status saved
Status saved
U 18500 | F 2368000 | FPS 1027 | D 2431 | rR:μσmM 0.08 0.20 0.00 0.72 | F:μσmM 250.5 49.4 84.0 270.0 | H 1.746 | V -0.240 | pL -0.005 | vL 0.001 | ∇ 0.013
Status saved
Status saved
Status saved
Status saved
Status saved
U 19000 | F 2432000 | FPS 1017 | D 2497 | rR:μσmM 0.00 0.00 0.00 0.00 | F:μσmM 270.0 0.0 270.0 270.0 | H 1.738 | V -0.290 | pL -0.028 | vL 0.001 | ∇ 0.023
Status saved
Status saved
Status saved
Status saved
Status saved
U 19500 | F 2496000 | FPS 1033 | D 2563 | rR:μσmM 0.07 0.18 0.00 0.56 | F:μσmM 252.9 45.2 131.0 270.0 | H 1.784 | V -0.270 | pL 0.010 | vL 0.000 | ∇ 0.010
Status saved
Status saved
Status saved
Status saved
Status saved
U 20000 | F 2560000 | FPS 0886 | D 2629 | rR:μσmM 0.12 0.22 0.00 0.61 | F:μσmM 240.6 53.6 118.0 270.0 | H 1.682 | V -0.246 | pL 0.006 | vL 0.000 | ∇ 0.013
Status saved
Status saved
Status saved
Status saved
Status saved
U 20500 | F 2624000 | FPS 1029 | D 2694 | rR:μσmM 0.04 0.11 0.00 0.32 | F:μσmM 261.8 21.7 204.0 270.0 | H 1.750 | V -0.257 | pL -0.017 | vL 0.001 | ∇ 0.020
Status saved
Status saved
Status saved
Status saved
Status saved
U 21000 | F 2688000 | FPS 1049 | D 2760 | rR:μσmM 0.04 0.15 0.00 0.61 | F:μσmM 260.4 37.0 117.0 270.0 | H 1.743 | V -0.284 | pL 0.030 | vL 0.005 | ∇ 0.031
Status saved
Status saved
Status saved
Status saved
Status saved
U 21500 | F 2752000 | FPS 0960 | D 2825 | rR:μσmM 0.08 0.21 0.00 0.74 | F:μσmM 250.2 53.6 78.0 270.0 | H 1.756 | V -0.261 | pL 0.013 | vL 0.002 | ∇ 0.040
Status saved
Status saved
Status saved
Status saved
Status saved
U 22000 | F 2816000 | FPS 1008 | D 2891 | rR:μσmM 0.05 0.15 0.00 0.60 | F:μσmM 259.4 36.3 120.0 270.0 | H 1.762 | V -0.274 | pL 0.017 | vL 0.003 | ∇ 0.031
Status saved
Status saved
Status saved
Status saved
Status saved
U 22500 | F 2880000 | FPS 1074 | D 2956 | rR:μσmM 0.02 0.05 0.00 0.19 | F:μσmM 268.2 6.5 243.0 270.0 | H 1.736 | V -0.276 | pL 0.007 | vL 0.002 | ∇ 0.026
Status saved
Status saved
Status saved
Status saved
Status saved
U 23000 | F 2944000 | FPS 1029 | D 3021 | rR:μσmM 0.00 0.00 0.00 0.00 | F:μσmM 270.0 0.0 270.0 270.0 | H 1.762 | V -0.258 | pL 0.010 | vL 0.000 | ∇ 0.011
Status saved
Status saved
Status saved
Status saved
Status saved
