/workspace/learn-si2e/SI2E/SI2E_DrQv2/train.py:210: UserWarning: 
The version_base parameter is not specified.
Please specify a compatability version level, or None.
Will assume defaults for version 1.1
  @hydra.main(config_path='cfgs', config_name='config')
/usr/local/lib/python3.10/dist-packages/hydra/_internal/hydra.py:119: UserWarning: Future Hydra versions will no longer change working directory at job runtime by default.
See https://hydra.cc/docs/1.2/upgrades/1.1_to_1.2/changes_to_job_working_dir/ for more information.
  ret = run_job(
/workspace/learn-si2e/SI2E/SI2E_DrQv2/train.py:210: UserWarning: 
The version_base parameter is not specified.
Please specify a compatability version level, or None.
Will assume defaults for version 1.1
  @hydra.main(config_path='cfgs', config_name='config')
workspace: /workspace/learn-si2e/results/drqv2-full/cheetah_run_se_seed1
| eval           | F: 0 | S: 0 | E: 0 | L: 1000 | R: 0.2346 | T: 0:00:00
| train          | F: 5000 | S: 2500 | E: 5 | L: 1000 | R: 4.6592 | BS: 2500 | FPS: 30.3582 | T: 0:00:32
| train          | F: 6000 | S: 3000 | E: 6 | L: 1000 | R: 5.9480 | BS: 3000 | FPS: 116.9491 | T: 0:00:41
| train          | F: 7000 | S: 3500 | E: 7 | L: 1000 | R: 7.4752 | BS: 3500 | FPS: 116.0440 | T: 0:00:50
| train          | F: 8000 | S: 4000 | E: 8 | L: 1000 | R: 7.8686 | BS: 4000 | FPS: 114.3443 | T: 0:00:58
| train          | F: 9000 | S: 4500 | E: 9 | L: 1000 | R: 3.8663 | BS: 4500 | FPS: 110.4114 | T: 0:01:07
| train          | F: 10000 | S: 5000 | E: 10 | L: 1000 | R: 7.3873 | BS: 5000 | FPS: 106.2679 | T: 0:01:17
| eval           | F: 10000 | S: 5000 | E: 10 | L: 1000 | R: 4.4889 | T: 0:01:17
| train          | F: 11000 | S: 5500 | E: 11 | L: 1000 | R: 7.0564 | BS: 5500 | FPS: 39.8053 | T: 0:01:42
| train          | F: 12000 | S: 6000 | E: 12 | L: 1000 | R: 7.7321 | BS: 6000 | FPS: 104.7363 | T: 0:01:51
| train          | F: 13000 | S: 6500 | E: 13 | L: 1000 | R: 17.8441 | BS: 6500 | FPS: 102.7885 | T: 0:02:01
| train          | F: 14000 | S: 7000 | E: 14 | L: 1000 | R: 14.7760 | BS: 7000 | FPS: 99.9442 | T: 0:02:11
| train          | F: 15000 | S: 7500 | E: 15 | L: 1000 | R: 21.6136 | BS: 7500 | FPS: 106.8663 | T: 0:02:21
| train          | F: 16000 | S: 8000 | E: 16 | L: 1000 | R: 11.9356 | BS: 8000 | FPS: 105.2410 | T: 0:02:30
| train          | F: 17000 | S: 8500 | E: 17 | L: 1000 | R: 29.5411 | BS: 8500 | FPS: 108.8936 | T: 0:02:39
| train          | F: 18000 | S: 9000 | E: 18 | L: 1000 | R: 15.1493 | BS: 9000 | FPS: 108.8392 | T: 0:02:48
| train          | F: 19000 | S: 9500 | E: 19 | L: 1000 | R: 18.8605 | BS: 9500 | FPS: 104.4980 | T: 0:02:58
| train          | F: 20000 | S: 10000 | E: 20 | L: 1000 | R: 32.4707 | BS: 10000 | FPS: 103.0070 | T: 0:03:08
| eval           | F: 20000 | S: 10000 | E: 20 | L: 1000 | R: 39.3248 | T: 0:03:08
| train          | F: 21000 | S: 10500 | E: 21 | L: 1000 | R: 34.2307 | BS: 10500 | FPS: 38.3781 | T: 0:03:34
| train          | F: 22000 | S: 11000 | E: 22 | L: 1000 | R: 38.6893 | BS: 11000 | FPS: 101.7803 | T: 0:03:44
| train          | F: 23000 | S: 11500 | E: 23 | L: 1000 | R: 36.5773 | BS: 11500 | FPS: 108.9416 | T: 0:03:53
| train          | F: 24000 | S: 12000 | E: 24 | L: 1000 | R: 39.4663 | BS: 12000 | FPS: 105.8202 | T: 0:04:02
| train          | F: 25000 | S: 12500 | E: 25 | L: 1000 | R: 41.0741 | BS: 12500 | FPS: 106.3282 | T: 0:04:12
| train          | F: 26000 | S: 13000 | E: 26 | L: 1000 | R: 51.0910 | BS: 13000 | FPS: 107.9211 | T: 0:04:21
| train          | F: 27000 | S: 13500 | E: 27 | L: 1000 | R: 58.2250 | BS: 13500 | FPS: 109.5279 | T: 0:04:30
| train          | F: 28000 | S: 14000 | E: 28 | L: 1000 | R: 50.7999 | BS: 14000 | FPS: 109.1312 | T: 0:04:39
| train          | F: 29000 | S: 14500 | E: 29 | L: 1000 | R: 49.9027 | BS: 14500 | FPS: 109.2218 | T: 0:04:48
| train          | F: 30000 | S: 15000 | E: 30 | L: 1000 | R: 39.9978 | BS: 15000 | FPS: 108.5477 | T: 0:04:58
| eval           | F: 30000 | S: 15000 | E: 30 | L: 1000 | R: 78.1122 | T: 0:04:58
| train          | F: 31000 | S: 15500 | E: 31 | L: 1000 | R: 50.3146 | BS: 15500 | FPS: 39.7084 | T: 0:05:23
| train          | F: 32000 | S: 16000 | E: 32 | L: 1000 | R: 62.8742 | BS: 16000 | FPS: 105.7053 | T: 0:05:32
| train          | F: 33000 | S: 16500 | E: 33 | L: 1000 | R: 40.3468 | BS: 16500 | FPS: 102.2395 | T: 0:05:42
| train          | F: 34000 | S: 17000 | E: 34 | L: 1000 | R: 47.1881 | BS: 17000 | FPS: 108.7104 | T: 0:05:51
| train          | F: 35000 | S: 17500 | E: 35 | L: 1000 | R: 57.6941 | BS: 17500 | FPS: 104.8133 | T: 0:06:01
| train          | F: 36000 | S: 18000 | E: 36 | L: 1000 | R: 43.8394 | BS: 18000 | FPS: 101.8502 | T: 0:06:11
| train          | F: 37000 | S: 18500 | E: 37 | L: 1000 | R: 53.4988 | BS: 18500 | FPS: 99.1383 | T: 0:06:21
| train          | F: 38000 | S: 19000 | E: 38 | L: 1000 | R: 62.3952 | BS: 19000 | FPS: 103.1929 | T: 0:06:30
| train          | F: 39000 | S: 19500 | E: 39 | L: 1000 | R: 83.4246 | BS: 19500 | FPS: 100.7733 | T: 0:06:40
| train          | F: 40000 | S: 20000 | E: 40 | L: 1000 | R: 70.3925 | BS: 20000 | FPS: 100.0019 | T: 0:06:50
| eval           | F: 40000 | S: 20000 | E: 40 | L: 1000 | R: 84.1542 | T: 0:06:50
| train          | F: 41000 | S: 20500 | E: 41 | L: 1000 | R: 84.2797 | BS: 20500 | FPS: 35.6383 | T: 0:07:18
| train          | F: 42000 | S: 21000 | E: 42 | L: 1000 | R: 87.5718 | BS: 21000 | FPS: 102.2339 | T: 0:07:28
| train          | F: 43000 | S: 21500 | E: 43 | L: 1000 | R: 71.3770 | BS: 21500 | FPS: 101.6459 | T: 0:07:38
| train          | F: 44000 | S: 22000 | E: 44 | L: 1000 | R: 84.2206 | BS: 22000 | FPS: 100.9210 | T: 0:07:48
| train          | F: 45000 | S: 22500 | E: 45 | L: 1000 | R: 82.9941 | BS: 22500 | FPS: 100.6243 | T: 0:07:58
| train          | F: 46000 | S: 23000 | E: 46 | L: 1000 | R: 88.4868 | BS: 23000 | FPS: 100.4917 | T: 0:08:08
| train          | F: 47000 | S: 23500 | E: 47 | L: 1000 | R: 88.6258 | BS: 23500 | FPS: 100.7123 | T: 0:08:18
| train          | F: 48000 | S: 24000 | E: 48 | L: 1000 | R: 84.1697 | BS: 24000 | FPS: 96.2439 | T: 0:08:28
| train          | F: 49000 | S: 24500 | E: 49 | L: 1000 | R: 90.8323 | BS: 24500 | FPS: 96.2670 | T: 0:08:38
| train          | F: 50000 | S: 25000 | E: 50 | L: 1000 | R: 76.6967 | BS: 25000 | FPS: 98.8076 | T: 0:08:49
| eval           | F: 50000 | S: 25000 | E: 50 | L: 1000 | R: 114.6200 | T: 0:08:49
| train          | F: 51000 | S: 25500 | E: 51 | L: 1000 | R: 79.9588 | BS: 25500 | FPS: 36.0170 | T: 0:09:16
| train          | F: 52000 | S: 26000 | E: 52 | L: 1000 | R: 86.1756 | BS: 26000 | FPS: 102.5448 | T: 0:09:26
| train          | F: 53000 | S: 26500 | E: 53 | L: 1000 | R: 80.1571 | BS: 26500 | FPS: 98.7179 | T: 0:09:36
| train          | F: 54000 | S: 27000 | E: 54 | L: 1000 | R: 86.9535 | BS: 27000 | FPS: 99.7390 | T: 0:09:46
| train          | F: 55000 | S: 27500 | E: 55 | L: 1000 | R: 91.7216 | BS: 27500 | FPS: 107.0263 | T: 0:09:56
| train          | F: 56000 | S: 28000 | E: 56 | L: 1000 | R: 86.3176 | BS: 28000 | FPS: 108.5986 | T: 0:10:05
| train          | F: 57000 | S: 28500 | E: 57 | L: 1000 | R: 117.6075 | BS: 28500 | FPS: 108.5289 | T: 0:10:14
| train          | F: 58000 | S: 29000 | E: 58 | L: 1000 | R: 98.2317 | BS: 29000 | FPS: 106.6675 | T: 0:10:23
| train          | F: 59000 | S: 29500 | E: 59 | L: 1000 | R: 116.4713 | BS: 29500 | FPS: 104.0866 | T: 0:10:33
| train          | F: 60000 | S: 30000 | E: 60 | L: 1000 | R: 91.5023 | BS: 30000 | FPS: 107.6597 | T: 0:10:42
| eval           | F: 60000 | S: 30000 | E: 60 | L: 1000 | R: 99.1287 | T: 0:10:42
| train          | F: 61000 | S: 30500 | E: 61 | L: 1000 | R: 109.5232 | BS: 30500 | FPS: 38.6775 | T: 0:11:08
| train          | F: 62000 | S: 31000 | E: 62 | L: 1000 | R: 92.0137 | BS: 31000 | FPS: 104.2678 | T: 0:11:18
| train          | F: 63000 | S: 31500 | E: 63 | L: 1000 | R: 111.4270 | BS: 31500 | FPS: 104.7597 | T: 0:11:27
| train          | F: 64000 | S: 32000 | E: 64 | L: 1000 | R: 90.8093 | BS: 32000 | FPS: 107.9034 | T: 0:11:37
| train          | F: 65000 | S: 32500 | E: 65 | L: 1000 | R: 103.3166 | BS: 32500 | FPS: 107.7336 | T: 0:11:46
| train          | F: 66000 | S: 33000 | E: 66 | L: 1000 | R: 118.8754 | BS: 33000 | FPS: 102.5994 | T: 0:11:56
| train          | F: 67000 | S: 33500 | E: 67 | L: 1000 | R: 131.0668 | BS: 33500 | FPS: 102.4845 | T: 0:12:05
| train          | F: 68000 | S: 34000 | E: 68 | L: 1000 | R: 84.5380 | BS: 34000 | FPS: 106.6313 | T: 0:12:15
| train          | F: 69000 | S: 34500 | E: 69 | L: 1000 | R: 95.5673 | BS: 34500 | FPS: 101.7631 | T: 0:12:25
| train          | F: 70000 | S: 35000 | E: 70 | L: 1000 | R: 106.5134 | BS: 35000 | FPS: 103.5821 | T: 0:12:34
| eval           | F: 70000 | S: 35000 | E: 70 | L: 1000 | R: 117.9731 | T: 0:12:34
| train          | F: 71000 | S: 35500 | E: 71 | L: 1000 | R: 114.4658 | BS: 35500 | FPS: 35.3368 | T: 0:13:02
| train          | F: 72000 | S: 36000 | E: 72 | L: 1000 | R: 112.7949 | BS: 36000 | FPS: 101.9348 | T: 0:13:12
| train          | F: 73000 | S: 36500 | E: 73 | L: 1000 | R: 107.0086 | BS: 36500 | FPS: 103.0928 | T: 0:13:22
| train          | F: 74000 | S: 37000 | E: 74 | L: 1000 | R: 109.0890 | BS: 37000 | FPS: 100.3298 | T: 0:13:32
| train          | F: 75000 | S: 37500 | E: 75 | L: 1000 | R: 117.0982 | BS: 37500 | FPS: 98.5756 | T: 0:13:42
| train          | F: 76000 | S: 38000 | E: 76 | L: 1000 | R: 106.9717 | BS: 38000 | FPS: 106.2753 | T: 0:13:52
| train          | F: 77000 | S: 38500 | E: 77 | L: 1000 | R: 115.0053 | BS: 38500 | FPS: 104.4404 | T: 0:14:01
| train          | F: 78000 | S: 39000 | E: 78 | L: 1000 | R: 109.5565 | BS: 39000 | FPS: 99.5209 | T: 0:14:11
| train          | F: 79000 | S: 39500 | E: 79 | L: 1000 | R: 138.8682 | BS: 39500 | FPS: 95.1678 | T: 0:14:22
| train          | F: 80000 | S: 40000 | E: 80 | L: 1000 | R: 98.1668 | BS: 40000 | FPS: 95.2844 | T: 0:14:32
| eval           | F: 80000 | S: 40000 | E: 80 | L: 1000 | R: 107.1740 | T: 0:14:32
| train          | F: 81000 | S: 40500 | E: 81 | L: 1000 | R: 118.1130 | BS: 40500 | FPS: 38.8871 | T: 0:14:58
| train          | F: 82000 | S: 41000 | E: 82 | L: 1000 | R: 123.6795 | BS: 41000 | FPS: 108.1957 | T: 0:15:07
| train          | F: 83000 | S: 41500 | E: 83 | L: 1000 | R: 116.0559 | BS: 41500 | FPS: 108.1448 | T: 0:15:16
| train          | F: 84000 | S: 42000 | E: 84 | L: 1000 | R: 107.9072 | BS: 42000 | FPS: 103.2785 | T: 0:15:26
| train          | F: 85000 | S: 42500 | E: 85 | L: 1000 | R: 134.1254 | BS: 42500 | FPS: 103.8145 | T: 0:15:36
| train          | F: 86000 | S: 43000 | E: 86 | L: 1000 | R: 133.7702 | BS: 43000 | FPS: 103.7642 | T: 0:15:45
| train          | F: 87000 | S: 43500 | E: 87 | L: 1000 | R: 122.8279 | BS: 43500 | FPS: 95.7350 | T: 0:15:56
| train          | F: 88000 | S: 44000 | E: 88 | L: 1000 | R: 111.4826 | BS: 44000 | FPS: 96.3407 | T: 0:16:06
| train          | F: 89000 | S: 44500 | E: 89 | L: 1000 | R: 123.7401 | BS: 44500 | FPS: 101.7085 | T: 0:16:16
| train          | F: 90000 | S: 45000 | E: 90 | L: 1000 | R: 133.5175 | BS: 45000 | FPS: 104.2032 | T: 0:16:26
| eval           | F: 90000 | S: 45000 | E: 90 | L: 1000 | R: 142.0498 | T: 0:16:26
| train          | F: 91000 | S: 45500 | E: 91 | L: 1000 | R: 140.6903 | BS: 45500 | FPS: 34.9757 | T: 0:16:54
| train          | F: 92000 | S: 46000 | E: 92 | L: 1000 | R: 110.7849 | BS: 46000 | FPS: 99.5591 | T: 0:17:04
| train          | F: 93000 | S: 46500 | E: 93 | L: 1000 | R: 112.7830 | BS: 46500 | FPS: 97.9652 | T: 0:17:14
| train          | F: 94000 | S: 47000 | E: 94 | L: 1000 | R: 107.9389 | BS: 47000 | FPS: 104.1882 | T: 0:17:24
| train          | F: 95000 | S: 47500 | E: 95 | L: 1000 | R: 115.5376 | BS: 47500 | FPS: 104.5830 | T: 0:17:34
| train          | F: 96000 | S: 48000 | E: 96 | L: 1000 | R: 136.6270 | BS: 48000 | FPS: 107.0484 | T: 0:17:43
| train          | F: 97000 | S: 48500 | E: 97 | L: 1000 | R: 134.6147 | BS: 48500 | FPS: 96.3510 | T: 0:17:53
| train          | F: 98000 | S: 49000 | E: 98 | L: 1000 | R: 106.2752 | BS: 49000 | FPS: 104.4173 | T: 0:18:03
| train          | F: 99000 | S: 49500 | E: 99 | L: 1000 | R: 117.5801 | BS: 49500 | FPS: 96.1322 | T: 0:18:13
| train          | F: 100000 | S: 50000 | E: 100 | L: 1000 | R: 127.4214 | BS: 50000 | FPS: 99.1232 | T: 0:18:23
| eval           | F: 100000 | S: 50000 | E: 100 | L: 1000 | R: 134.0994 | T: 0:18:23
| train          | F: 101000 | S: 50500 | E: 101 | L: 1000 | R: 122.9875 | BS: 50500 | FPS: 39.8411 | T: 0:18:48
| train          | F: 102000 | S: 51000 | E: 102 | L: 1000 | R: 127.2089 | BS: 51000 | FPS: 107.2412 | T: 0:18:58
| train          | F: 103000 | S: 51500 | E: 103 | L: 1000 | R: 117.1603 | BS: 51500 | FPS: 106.4824 | T: 0:19:07
| train          | F: 104000 | S: 52000 | E: 104 | L: 1000 | R: 122.2018 | BS: 52000 | FPS: 105.6577 | T: 0:19:17
| train          | F: 105000 | S: 52500 | E: 105 | L: 1000 | R: 125.7018 | BS: 52500 | FPS: 105.7464 | T: 0:19:26
| train          | F: 106000 | S: 53000 | E: 106 | L: 1000 | R: 130.0708 | BS: 53000 | FPS: 106.2270 | T: 0:19:35
| train          | F: 107000 | S: 53500 | E: 107 | L: 1000 | R: 127.8651 | BS: 53500 | FPS: 106.9609 | T: 0:19:45
| train          | F: 108000 | S: 54000 | E: 108 | L: 1000 | R: 132.8677 | BS: 54000 | FPS: 104.8532 | T: 0:19:54
| train          | F: 109000 | S: 54500 | E: 109 | L: 1000 | R: 132.8499 | BS: 54500 | FPS: 105.6080 | T: 0:20:04
| train          | F: 110000 | S: 55000 | E: 110 | L: 1000 | R: 125.3769 | BS: 55000 | FPS: 101.9409 | T: 0:20:14
| eval           | F: 110000 | S: 55000 | E: 110 | L: 1000 | R: 153.7702 | T: 0:20:14
| train          | F: 111000 | S: 55500 | E: 111 | L: 1000 | R: 129.4746 | BS: 55500 | FPS: 39.2322 | T: 0:20:39
| train          | F: 112000 | S: 56000 | E: 112 | L: 1000 | R: 131.2036 | BS: 56000 | FPS: 105.2837 | T: 0:20:49
| train          | F: 113000 | S: 56500 | E: 113 | L: 1000 | R: 132.5274 | BS: 56500 | FPS: 102.9043 | T: 0:20:58
| train          | F: 114000 | S: 57000 | E: 114 | L: 1000 | R: 131.6501 | BS: 57000 | FPS: 101.0737 | T: 0:21:08
| train          | F: 115000 | S: 57500 | E: 115 | L: 1000 | R: 127.9945 | BS: 57500 | FPS: 96.8901 | T: 0:21:19
| train          | F: 116000 | S: 58000 | E: 116 | L: 1000 | R: 124.2118 | BS: 58000 | FPS: 106.1688 | T: 0:21:28
| train          | F: 117000 | S: 58500 | E: 117 | L: 1000 | R: 127.7173 | BS: 58500 | FPS: 107.0879 | T: 0:21:37
| train          | F: 118000 | S: 59000 | E: 118 | L: 1000 | R: 132.8194 | BS: 59000 | FPS: 102.2197 | T: 0:21:47
| train          | F: 119000 | S: 59500 | E: 119 | L: 1000 | R: 128.6325 | BS: 59500 | FPS: 95.1232 | T: 0:21:58
| train          | F: 120000 | S: 60000 | E: 120 | L: 1000 | R: 121.6636 | BS: 60000 | FPS: 101.7499 | T: 0:22:07
| eval           | F: 120000 | S: 60000 | E: 120 | L: 1000 | R: 144.8422 | T: 0:22:07
| train          | F: 121000 | S: 60500 | E: 121 | L: 1000 | R: 127.4719 | BS: 60500 | FPS: 35.2770 | T: 0:22:36
| train          | F: 122000 | S: 61000 | E: 122 | L: 1000 | R: 130.4279 | BS: 61000 | FPS: 101.7280 | T: 0:22:46
| train          | F: 123000 | S: 61500 | E: 123 | L: 1000 | R: 127.9538 | BS: 61500 | FPS: 100.3968 | T: 0:22:56
| train          | F: 124000 | S: 62000 | E: 124 | L: 1000 | R: 121.5882 | BS: 62000 | FPS: 103.3415 | T: 0:23:05
| train          | F: 125000 | S: 62500 | E: 125 | L: 1000 | R: 134.9031 | BS: 62500 | FPS: 99.8097 | T: 0:23:15
| train          | F: 126000 | S: 63000 | E: 126 | L: 1000 | R: 124.3731 | BS: 63000 | FPS: 97.5899 | T: 0:23:26
| train          | F: 127000 | S: 63500 | E: 127 | L: 1000 | R: 129.9900 | BS: 63500 | FPS: 97.5814 | T: 0:23:36
| train          | F: 128000 | S: 64000 | E: 128 | L: 1000 | R: 123.4014 | BS: 64000 | FPS: 96.2123 | T: 0:23:46
| train          | F: 129000 | S: 64500 | E: 129 | L: 1000 | R: 118.7683 | BS: 64500 | FPS: 95.2451 | T: 0:23:57
| train          | F: 130000 | S: 65000 | E: 130 | L: 1000 | R: 122.4930 | BS: 65000 | FPS: 97.1112 | T: 0:24:07
| eval           | F: 130000 | S: 65000 | E: 130 | L: 1000 | R: 139.4953 | T: 0:24:07
| train          | F: 131000 | S: 65500 | E: 131 | L: 1000 | R: 123.1819 | BS: 65500 | FPS: 35.5670 | T: 0:24:35
| train          | F: 132000 | S: 66000 | E: 132 | L: 1000 | R: 127.6678 | BS: 66000 | FPS: 106.2111 | T: 0:24:45
| train          | F: 133000 | S: 66500 | E: 133 | L: 1000 | R: 124.4622 | BS: 66500 | FPS: 98.8447 | T: 0:24:55
| train          | F: 134000 | S: 67000 | E: 134 | L: 1000 | R: 122.6869 | BS: 67000 | FPS: 100.0938 | T: 0:25:05
| train          | F: 135000 | S: 67500 | E: 135 | L: 1000 | R: 112.3924 | BS: 67500 | FPS: 104.2345 | T: 0:25:14
| train          | F: 136000 | S: 68000 | E: 136 | L: 1000 | R: 120.8739 | BS: 68000 | FPS: 106.6527 | T: 0:25:24
| train          | F: 137000 | S: 68500 | E: 137 | L: 1000 | R: 121.4002 | BS: 68500 | FPS: 105.6137 | T: 0:25:33
| train          | F: 138000 | S: 69000 | E: 138 | L: 1000 | R: 121.9476 | BS: 69000 | FPS: 105.0609 | T: 0:25:43
| train          | F: 139000 | S: 69500 | E: 139 | L: 1000 | R: 129.4628 | BS: 69500 | FPS: 105.4932 | T: 0:25:52
| train          | F: 140000 | S: 70000 | E: 140 | L: 1000 | R: 134.1764 | BS: 70000 | FPS: 104.5441 | T: 0:26:02
| eval           | F: 140000 | S: 70000 | E: 140 | L: 1000 | R: 132.6090 | T: 0:26:02
| train          | F: 141000 | S: 70500 | E: 141 | L: 1000 | R: 119.0698 | BS: 70500 | FPS: 38.4237 | T: 0:26:28
| train          | F: 142000 | S: 71000 | E: 142 | L: 1000 | R: 112.4039 | BS: 71000 | FPS: 107.3665 | T: 0:26:37
| train          | F: 143000 | S: 71500 | E: 143 | L: 1000 | R: 119.7367 | BS: 71500 | FPS: 105.9233 | T: 0:26:46
| train          | F: 144000 | S: 72000 | E: 144 | L: 1000 | R: 127.8670 | BS: 72000 | FPS: 99.2309 | T: 0:26:56
| train          | F: 145000 | S: 72500 | E: 145 | L: 1000 | R: 116.2501 | BS: 72500 | FPS: 98.5418 | T: 0:27:07
| train          | F: 146000 | S: 73000 | E: 146 | L: 1000 | R: 121.6967 | BS: 73000 | FPS: 100.2832 | T: 0:27:17
| train          | F: 147000 | S: 73500 | E: 147 | L: 1000 | R: 125.3048 | BS: 73500 | FPS: 93.5018 | T: 0:27:27
| train          | F: 148000 | S: 74000 | E: 148 | L: 1000 | R: 125.7024 | BS: 74000 | FPS: 105.1168 | T: 0:27:37
| train          | F: 149000 | S: 74500 | E: 149 | L: 1000 | R: 118.5445 | BS: 74500 | FPS: 101.9891 | T: 0:27:47
| train          | F: 150000 | S: 75000 | E: 150 | L: 1000 | R: 113.7001 | BS: 75000 | FPS: 104.5682 | T: 0:27:56
| eval           | F: 150000 | S: 75000 | E: 150 | L: 1000 | R: 129.1205 | T: 0:27:56
| train          | F: 151000 | S: 75500 | E: 151 | L: 1000 | R: 112.2922 | BS: 75500 | FPS: 38.6597 | T: 0:28:22
| train          | F: 152000 | S: 76000 | E: 152 | L: 1000 | R: 105.9888 | BS: 76000 | FPS: 96.7232 | T: 0:28:32
| train          | F: 153000 | S: 76500 | E: 153 | L: 1000 | R: 124.5042 | BS: 76500 | FPS: 100.1247 | T: 0:28:42
| train          | F: 154000 | S: 77000 | E: 154 | L: 1000 | R: 121.2054 | BS: 77000 | FPS: 98.3849 | T: 0:28:53
| train          | F: 155000 | S: 77500 | E: 155 | L: 1000 | R: 122.5720 | BS: 77500 | FPS: 102.3973 | T: 0:29:02
| train          | F: 156000 | S: 78000 | E: 156 | L: 1000 | R: 130.8567 | BS: 78000 | FPS: 102.9288 | T: 0:29:12
| train          | F: 157000 | S: 78500 | E: 157 | L: 1000 | R: 134.6096 | BS: 78500 | FPS: 99.4119 | T: 0:29:22
| train          | F: 158000 | S: 79000 | E: 158 | L: 1000 | R: 133.3333 | BS: 79000 | FPS: 99.0819 | T: 0:29:32
| train          | F: 159000 | S: 79500 | E: 159 | L: 1000 | R: 137.8489 | BS: 79500 | FPS: 97.8216 | T: 0:29:42
| train          | F: 160000 | S: 80000 | E: 160 | L: 1000 | R: 147.2682 | BS: 80000 | FPS: 102.3614 | T: 0:29:52
| eval           | F: 160000 | S: 80000 | E: 160 | L: 1000 | R: 157.3690 | T: 0:29:52
| train          | F: 161000 | S: 80500 | E: 161 | L: 1000 | R: 144.8296 | BS: 80500 | FPS: 34.7623 | T: 0:30:21
| train          | F: 162000 | S: 81000 | E: 162 | L: 1000 | R: 144.7272 | BS: 81000 | FPS: 96.1222 | T: 0:30:31
| train          | F: 163000 | S: 81500 | E: 163 | L: 1000 | R: 138.2626 | BS: 81500 | FPS: 102.1717 | T: 0:30:41
| train          | F: 164000 | S: 82000 | E: 164 | L: 1000 | R: 143.6986 | BS: 82000 | FPS: 106.0190 | T: 0:30:51
| train          | F: 165000 | S: 82500 | E: 165 | L: 1000 | R: 145.4563 | BS: 82500 | FPS: 101.9480 | T: 0:31:00
| train          | F: 166000 | S: 83000 | E: 166 | L: 1000 | R: 146.5827 | BS: 83000 | FPS: 99.9559 | T: 0:31:10
| train          | F: 167000 | S: 83500 | E: 167 | L: 1000 | R: 154.2161 | BS: 83500 | FPS: 94.7143 | T: 0:31:21
| train          | F: 168000 | S: 84000 | E: 168 | L: 1000 | R: 155.2426 | BS: 84000 | FPS: 102.3264 | T: 0:31:31
| train          | F: 169000 | S: 84500 | E: 169 | L: 1000 | R: 155.0485 | BS: 84500 | FPS: 100.5432 | T: 0:31:41
| train          | F: 170000 | S: 85000 | E: 170 | L: 1000 | R: 158.4021 | BS: 85000 | FPS: 103.4940 | T: 0:31:50
| eval           | F: 170000 | S: 85000 | E: 170 | L: 1000 | R: 164.2933 | T: 0:31:50
| train          | F: 171000 | S: 85500 | E: 171 | L: 1000 | R: 151.8743 | BS: 85500 | FPS: 38.4194 | T: 0:32:16
| train          | F: 172000 | S: 86000 | E: 172 | L: 1000 | R: 153.9375 | BS: 86000 | FPS: 102.6996 | T: 0:32:26
| train          | F: 173000 | S: 86500 | E: 173 | L: 1000 | R: 155.2176 | BS: 86500 | FPS: 98.5839 | T: 0:32:36
| train          | F: 174000 | S: 87000 | E: 174 | L: 1000 | R: 151.3701 | BS: 87000 | FPS: 95.1754 | T: 0:32:47
| train          | F: 175000 | S: 87500 | E: 175 | L: 1000 | R: 153.7911 | BS: 87500 | FPS: 98.2925 | T: 0:32:57
| train          | F: 176000 | S: 88000 | E: 176 | L: 1000 | R: 151.0166 | BS: 88000 | FPS: 97.2974 | T: 0:33:07
| train          | F: 177000 | S: 88500 | E: 177 | L: 1000 | R: 156.0622 | BS: 88500 | FPS: 101.3067 | T: 0:33:17
| train          | F: 178000 | S: 89000 | E: 178 | L: 1000 | R: 150.8987 | BS: 89000 | FPS: 97.4249 | T: 0:33:27
| train          | F: 179000 | S: 89500 | E: 179 | L: 1000 | R: 149.6354 | BS: 89500 | FPS: 101.5422 | T: 0:33:37
| train          | F: 180000 | S: 90000 | E: 180 | L: 1000 | R: 150.1767 | BS: 90000 | FPS: 93.1492 | T: 0:33:48
| eval           | F: 180000 | S: 90000 | E: 180 | L: 1000 | R: 162.2223 | T: 0:33:48
| train          | F: 181000 | S: 90500 | E: 181 | L: 1000 | R: 147.4159 | BS: 90500 | FPS: 37.5872 | T: 0:34:14
| train          | F: 182000 | S: 91000 | E: 182 | L: 1000 | R: 154.9363 | BS: 91000 | FPS: 105.7960 | T: 0:34:24
| train          | F: 183000 | S: 91500 | E: 183 | L: 1000 | R: 156.7934 | BS: 91500 | FPS: 105.4913 | T: 0:34:33
| train          | F: 184000 | S: 92000 | E: 184 | L: 1000 | R: 152.7354 | BS: 92000 | FPS: 100.9257 | T: 0:34:43
| train          | F: 185000 | S: 92500 | E: 185 | L: 1000 | R: 158.3952 | BS: 92500 | FPS: 102.9016 | T: 0:34:53
| train          | F: 186000 | S: 93000 | E: 186 | L: 1000 | R: 160.9803 | BS: 93000 | FPS: 101.2113 | T: 0:35:03
| train          | F: 187000 | S: 93500 | E: 187 | L: 1000 | R: 160.5798 | BS: 93500 | FPS: 93.5581 | T: 0:35:14
| train          | F: 188000 | S: 94000 | E: 188 | L: 1000 | R: 160.0847 | BS: 94000 | FPS: 96.3247 | T: 0:35:24
| train          | F: 189000 | S: 94500 | E: 189 | L: 1000 | R: 160.0456 | BS: 94500 | FPS: 96.5665 | T: 0:35:34
| train          | F: 190000 | S: 95000 | E: 190 | L: 1000 | R: 158.8753 | BS: 95000 | FPS: 99.0201 | T: 0:35:44
| eval           | F: 190000 | S: 95000 | E: 190 | L: 1000 | R: 177.5905 | T: 0:35:44
| train          | F: 191000 | S: 95500 | E: 191 | L: 1000 | R: 160.1849 | BS: 95500 | FPS: 33.1588 | T: 0:36:15
| train          | F: 192000 | S: 96000 | E: 192 | L: 1000 | R: 156.2669 | BS: 96000 | FPS: 104.6256 | T: 0:36:24
| train          | F: 193000 | S: 96500 | E: 193 | L: 1000 | R: 157.6448 | BS: 96500 | FPS: 106.9308 | T: 0:36:34
| train          | F: 194000 | S: 97000 | E: 194 | L: 1000 | R: 151.2532 | BS: 97000 | FPS: 105.4765 | T: 0:36:43
| train          | F: 195000 | S: 97500 | E: 195 | L: 1000 | R: 156.8580 | BS: 97500 | FPS: 106.6659 | T: 0:36:52
| train          | F: 196000 | S: 98000 | E: 196 | L: 1000 | R: 157.1346 | BS: 98000 | FPS: 106.4916 | T: 0:37:02
| train          | F: 197000 | S: 98500 | E: 197 | L: 1000 | R: 152.0891 | BS: 98500 | FPS: 106.2268 | T: 0:37:11
| train          | F: 198000 | S: 99000 | E: 198 | L: 1000 | R: 160.5105 | BS: 99000 | FPS: 106.3534 | T: 0:37:21
| train          | F: 199000 | S: 99500 | E: 199 | L: 1000 | R: 159.2714 | BS: 99500 | FPS: 104.9436 | T: 0:37:30
| train          | F: 200000 | S: 100000 | E: 200 | L: 1000 | R: 157.1282 | BS: 100000 | FPS: 105.1019 | T: 0:37:40
| eval           | F: 200000 | S: 100000 | E: 200 | L: 1000 | R: 175.2945 | T: 0:37:40
| train          | F: 201000 | S: 100500 | E: 201 | L: 1000 | R: 161.8128 | BS: 100500 | FPS: 38.1891 | T: 0:38:06
| train          | F: 202000 | S: 101000 | E: 202 | L: 1000 | R: 156.9155 | BS: 101000 | FPS: 97.2500 | T: 0:38:16
| train          | F: 203000 | S: 101500 | E: 203 | L: 1000 | R: 158.6311 | BS: 101500 | FPS: 102.9813 | T: 0:38:26
| train          | F: 204000 | S: 102000 | E: 204 | L: 1000 | R: 158.6634 | BS: 102000 | FPS: 102.4295 | T: 0:38:36
| train          | F: 205000 | S: 102500 | E: 205 | L: 1000 | R: 161.6359 | BS: 102500 | FPS: 104.4299 | T: 0:38:45
| train          | F: 206000 | S: 103000 | E: 206 | L: 1000 | R: 160.8142 | BS: 103000 | FPS: 105.4337 | T: 0:38:55
| train          | F: 207000 | S: 103500 | E: 207 | L: 1000 | R: 154.5206 | BS: 103500 | FPS: 105.3222 | T: 0:39:04
| train          | F: 208000 | S: 104000 | E: 208 | L: 1000 | R: 151.3022 | BS: 104000 | FPS: 100.0906 | T: 0:39:14
| train          | F: 209000 | S: 104500 | E: 209 | L: 1000 | R: 156.7701 | BS: 104500 | FPS: 97.4947 | T: 0:39:24
| train          | F: 210000 | S: 105000 | E: 210 | L: 1000 | R: 162.7113 | BS: 105000 | FPS: 102.1638 | T: 0:39:34
| eval           | F: 210000 | S: 105000 | E: 210 | L: 1000 | R: 173.3110 | T: 0:39:34
| train          | F: 211000 | S: 105500 | E: 211 | L: 1000 | R: 160.3876 | BS: 105500 | FPS: 38.0205 | T: 0:40:00
| train          | F: 212000 | S: 106000 | E: 212 | L: 1000 | R: 159.0988 | BS: 106000 | FPS: 106.3248 | T: 0:40:10
| train          | F: 213000 | S: 106500 | E: 213 | L: 1000 | R: 161.6849 | BS: 106500 | FPS: 106.3028 | T: 0:40:19
| train          | F: 214000 | S: 107000 | E: 214 | L: 1000 | R: 156.8099 | BS: 107000 | FPS: 103.6113 | T: 0:40:29
| train          | F: 215000 | S: 107500 | E: 215 | L: 1000 | R: 155.7898 | BS: 107500 | FPS: 100.7779 | T: 0:40:39
| train          | F: 216000 | S: 108000 | E: 216 | L: 1000 | R: 153.5128 | BS: 108000 | FPS: 93.4167 | T: 0:40:50
| train          | F: 217000 | S: 108500 | E: 217 | L: 1000 | R: 154.0564 | BS: 108500 | FPS: 97.6765 | T: 0:41:00
| train          | F: 218000 | S: 109000 | E: 218 | L: 1000 | R: 162.6201 | BS: 109000 | FPS: 98.5559 | T: 0:41:10
| train          | F: 219000 | S: 109500 | E: 219 | L: 1000 | R: 161.6479 | BS: 109500 | FPS: 96.5576 | T: 0:41:20
| train          | F: 220000 | S: 110000 | E: 220 | L: 1000 | R: 162.1986 | BS: 110000 | FPS: 98.9648 | T: 0:41:30
| eval           | F: 220000 | S: 110000 | E: 220 | L: 1000 | R: 175.5455 | T: 0:41:30
| train          | F: 221000 | S: 110500 | E: 221 | L: 1000 | R: 157.0251 | BS: 110500 | FPS: 39.0641 | T: 0:41:56
| train          | F: 222000 | S: 111000 | E: 222 | L: 1000 | R: 154.9628 | BS: 111000 | FPS: 107.5429 | T: 0:42:05
| train          | F: 223000 | S: 111500 | E: 223 | L: 1000 | R: 159.3210 | BS: 111500 | FPS: 106.0952 | T: 0:42:15
| train          | F: 224000 | S: 112000 | E: 224 | L: 1000 | R: 161.7045 | BS: 112000 | FPS: 103.9111 | T: 0:42:24
| train          | F: 225000 | S: 112500 | E: 225 | L: 1000 | R: 155.0300 | BS: 112500 | FPS: 102.8891 | T: 0:42:34
| train          | F: 226000 | S: 113000 | E: 226 | L: 1000 | R: 154.6689 | BS: 113000 | FPS: 103.4094 | T: 0:42:44
| train          | F: 227000 | S: 113500 | E: 227 | L: 1000 | R: 153.4884 | BS: 113500 | FPS: 96.6012 | T: 0:42:54
| train          | F: 228000 | S: 114000 | E: 228 | L: 1000 | R: 161.1147 | BS: 114000 | FPS: 93.7508 | T: 0:43:05
| train          | F: 229000 | S: 114500 | E: 229 | L: 1000 | R: 158.5305 | BS: 114500 | FPS: 99.8132 | T: 0:43:15
| train          | F: 230000 | S: 115000 | E: 230 | L: 1000 | R: 160.9195 | BS: 115000 | FPS: 93.0283 | T: 0:43:26
| eval           | F: 230000 | S: 115000 | E: 230 | L: 1000 | R: 180.5424 | T: 0:43:26
| train          | F: 231000 | S: 115500 | E: 231 | L: 1000 | R: 161.8004 | BS: 115500 | FPS: 38.1343 | T: 0:43:52
| train          | F: 232000 | S: 116000 | E: 232 | L: 1000 | R: 158.2191 | BS: 116000 | FPS: 97.9525 | T: 0:44:02
| train          | F: 233000 | S: 116500 | E: 233 | L: 1000 | R: 158.7955 | BS: 116500 | FPS: 96.7646 | T: 0:44:12
| train          | F: 234000 | S: 117000 | E: 234 | L: 1000 | R: 160.0861 | BS: 117000 | FPS: 92.7715 | T: 0:44:23
| train          | F: 235000 | S: 117500 | E: 235 | L: 1000 | R: 151.9758 | BS: 117500 | FPS: 100.5831 | T: 0:44:33
| train          | F: 236000 | S: 118000 | E: 236 | L: 1000 | R: 161.2732 | BS: 118000 | FPS: 102.2575 | T: 0:44:43
| train          | F: 237000 | S: 118500 | E: 237 | L: 1000 | R: 164.8896 | BS: 118500 | FPS: 99.4547 | T: 0:44:53
| train          | F: 238000 | S: 119000 | E: 238 | L: 1000 | R: 165.9812 | BS: 119000 | FPS: 100.2164 | T: 0:45:03
| train          | F: 239000 | S: 119500 | E: 239 | L: 1000 | R: 163.6721 | BS: 119500 | FPS: 104.0375 | T: 0:45:12
| train          | F: 240000 | S: 120000 | E: 240 | L: 1000 | R: 163.7168 | BS: 120000 | FPS: 95.0619 | T: 0:45:23
| eval           | F: 240000 | S: 120000 | E: 240 | L: 1000 | R: 180.3918 | T: 0:45:23
| train          | F: 241000 | S: 120500 | E: 241 | L: 1000 | R: 163.3240 | BS: 120500 | FPS: 34.8619 | T: 0:45:52
| train          | F: 242000 | S: 121000 | E: 242 | L: 1000 | R: 168.8974 | BS: 121000 | FPS: 100.7762 | T: 0:46:02
| train          | F: 243000 | S: 121500 | E: 243 | L: 1000 | R: 174.2922 | BS: 121500 | FPS: 99.0433 | T: 0:46:12
| train          | F: 244000 | S: 122000 | E: 244 | L: 1000 | R: 159.9977 | BS: 122000 | FPS: 98.8404 | T: 0:46:22
| train          | F: 245000 | S: 122500 | E: 245 | L: 1000 | R: 162.7316 | BS: 122500 | FPS: 103.7113 | T: 0:46:31
| train          | F: 246000 | S: 123000 | E: 246 | L: 1000 | R: 163.7887 | BS: 123000 | FPS: 93.3381 | T: 0:46:42
| train          | F: 247000 | S: 123500 | E: 247 | L: 1000 | R: 158.4969 | BS: 123500 | FPS: 92.9232 | T: 0:46:53
| train          | F: 248000 | S: 124000 | E: 248 | L: 1000 | R: 159.2569 | BS: 124000 | FPS: 92.5061 | T: 0:47:04
| train          | F: 249000 | S: 124500 | E: 249 | L: 1000 | R: 162.0298 | BS: 124500 | FPS: 94.5732 | T: 0:47:14
