/workspace/learn-si2e/SI2E/SI2E_DrQv2/train.py:210: UserWarning: 
The version_base parameter is not specified.
Please specify a compatability version level, or None.
Will assume defaults for version 1.1
  @hydra.main(config_path='cfgs', config_name='config')
/usr/local/lib/python3.10/dist-packages/hydra/_internal/hydra.py:119: UserWarning: Future Hydra versions will no longer change working directory at job runtime by default.
See https://hydra.cc/docs/1.2/upgrades/1.1_to_1.2/changes_to_job_working_dir/ for more information.
  ret = run_job(
/workspace/learn-si2e/SI2E/SI2E_DrQv2/train.py:210: UserWarning: 
The version_base parameter is not specified.
Please specify a compatability version level, or None.
Will assume defaults for version 1.1
  @hydra.main(config_path='cfgs', config_name='config')
workspace: /workspace/learn-si2e/results/drqv2-official/cartpole_balance_se_seed1
| eval           | F: 0 | S: 0 | E: 0 | L: 1000 | R: 390.1241 | T: 0:00:00
| train          | F: 5000 | S: 2500 | E: 5 | L: 1000 | R: 161.2342 | BS: 2500 | FPS: 25.9044 | T: 0:00:38
| train          | F: 6000 | S: 3000 | E: 6 | L: 1000 | R: 142.5041 | BS: 3000 | FPS: 84.9557 | T: 0:00:50
| train          | F: 7000 | S: 3500 | E: 7 | L: 1000 | R: 140.3516 | BS: 3500 | FPS: 84.6095 | T: 0:01:02
| train          | F: 8000 | S: 4000 | E: 8 | L: 1000 | R: 142.0529 | BS: 4000 | FPS: 84.2708 | T: 0:01:14
| train          | F: 9000 | S: 4500 | E: 9 | L: 1000 | R: 143.6105 | BS: 4500 | FPS: 84.8704 | T: 0:01:25
| train          | F: 10000 | S: 5000 | E: 10 | L: 1000 | R: 140.7098 | BS: 5000 | FPS: 84.5718 | T: 0:01:37
| eval           | F: 10000 | S: 5000 | E: 10 | L: 1000 | R: 135.6997 | T: 0:01:37
| train          | F: 11000 | S: 5500 | E: 11 | L: 1000 | R: 141.2467 | BS: 5500 | FPS: 28.8504 | T: 0:02:12
| train          | F: 12000 | S: 6000 | E: 12 | L: 1000 | R: 143.0346 | BS: 6000 | FPS: 81.8042 | T: 0:02:24
| train          | F: 13000 | S: 6500 | E: 13 | L: 1000 | R: 141.3052 | BS: 6500 | FPS: 80.6202 | T: 0:02:36
| train          | F: 14000 | S: 7000 | E: 14 | L: 1000 | R: 141.1561 | BS: 7000 | FPS: 78.3217 | T: 0:02:49
| train          | F: 15000 | S: 7500 | E: 15 | L: 1000 | R: 143.7502 | BS: 7500 | FPS: 77.4612 | T: 0:03:02
| train          | F: 16000 | S: 8000 | E: 16 | L: 1000 | R: 177.2782 | BS: 8000 | FPS: 76.2189 | T: 0:03:15
| train          | F: 17000 | S: 8500 | E: 17 | L: 1000 | R: 281.8567 | BS: 8500 | FPS: 77.3101 | T: 0:03:28
| train          | F: 18000 | S: 9000 | E: 18 | L: 1000 | R: 431.9762 | BS: 9000 | FPS: 79.2241 | T: 0:03:41
| train          | F: 19000 | S: 9500 | E: 19 | L: 1000 | R: 350.5961 | BS: 9500 | FPS: 80.6118 | T: 0:03:53
| train          | F: 20000 | S: 10000 | E: 20 | L: 1000 | R: 479.1260 | BS: 10000 | FPS: 81.1358 | T: 0:04:06
| eval           | F: 20000 | S: 10000 | E: 20 | L: 1000 | R: 336.2666 | T: 0:04:06
| train          | F: 21000 | S: 10500 | E: 21 | L: 1000 | R: 402.7796 | BS: 10500 | FPS: 27.8884 | T: 0:04:41
| train          | F: 22000 | S: 11000 | E: 22 | L: 1000 | R: 375.5725 | BS: 11000 | FPS: 76.0804 | T: 0:04:55
| train          | F: 23000 | S: 11500 | E: 23 | L: 1000 | R: 355.9882 | BS: 11500 | FPS: 77.4133 | T: 0:05:07
| train          | F: 24000 | S: 12000 | E: 24 | L: 1000 | R: 476.8588 | BS: 12000 | FPS: 75.0581 | T: 0:05:21
| train          | F: 25000 | S: 12500 | E: 25 | L: 1000 | R: 318.5260 | BS: 12500 | FPS: 79.5803 | T: 0:05:33
| train          | F: 26000 | S: 13000 | E: 26 | L: 1000 | R: 362.7407 | BS: 13000 | FPS: 76.3375 | T: 0:05:46
| train          | F: 27000 | S: 13500 | E: 27 | L: 1000 | R: 532.7309 | BS: 13500 | FPS: 72.9201 | T: 0:06:00
| train          | F: 28000 | S: 14000 | E: 28 | L: 1000 | R: 513.2844 | BS: 14000 | FPS: 78.0964 | T: 0:06:13
| train          | F: 29000 | S: 14500 | E: 29 | L: 1000 | R: 679.7849 | BS: 14500 | FPS: 70.8900 | T: 0:06:27
| train          | F: 30000 | S: 15000 | E: 30 | L: 1000 | R: 472.5444 | BS: 15000 | FPS: 73.5064 | T: 0:06:41
| eval           | F: 30000 | S: 15000 | E: 30 | L: 1000 | R: 742.6927 | T: 0:06:41
| train          | F: 31000 | S: 15500 | E: 31 | L: 1000 | R: 513.6330 | BS: 15500 | FPS: 26.7665 | T: 0:07:18
| train          | F: 32000 | S: 16000 | E: 32 | L: 1000 | R: 816.5044 | BS: 16000 | FPS: 78.5278 | T: 0:07:31
| train          | F: 33000 | S: 16500 | E: 33 | L: 1000 | R: 950.8792 | BS: 16500 | FPS: 74.2058 | T: 0:07:44
| train          | F: 34000 | S: 17000 | E: 34 | L: 1000 | R: 919.3456 | BS: 17000 | FPS: 74.9245 | T: 0:07:58
| train          | F: 35000 | S: 17500 | E: 35 | L: 1000 | R: 927.9877 | BS: 17500 | FPS: 78.6392 | T: 0:08:10
| train          | F: 36000 | S: 18000 | E: 36 | L: 1000 | R: 883.0846 | BS: 18000 | FPS: 73.9967 | T: 0:08:24
| train          | F: 37000 | S: 18500 | E: 37 | L: 1000 | R: 920.1481 | BS: 18500 | FPS: 72.0381 | T: 0:08:38
| train          | F: 38000 | S: 19000 | E: 38 | L: 1000 | R: 948.8678 | BS: 19000 | FPS: 74.1137 | T: 0:08:51
| train          | F: 39000 | S: 19500 | E: 39 | L: 1000 | R: 824.4216 | BS: 19500 | FPS: 74.6113 | T: 0:09:05
| train          | F: 40000 | S: 20000 | E: 40 | L: 1000 | R: 955.4324 | BS: 20000 | FPS: 70.9187 | T: 0:09:19
| eval           | F: 40000 | S: 20000 | E: 40 | L: 1000 | R: 962.1087 | T: 0:09:19
| train          | F: 41000 | S: 20500 | E: 41 | L: 1000 | R: 958.8880 | BS: 20500 | FPS: 25.7509 | T: 0:09:58
| train          | F: 42000 | S: 21000 | E: 42 | L: 1000 | R: 951.5975 | BS: 21000 | FPS: 72.4125 | T: 0:10:11
| train          | F: 43000 | S: 21500 | E: 43 | L: 1000 | R: 953.5058 | BS: 21500 | FPS: 73.5435 | T: 0:10:25
| train          | F: 44000 | S: 22000 | E: 44 | L: 1000 | R: 952.5976 | BS: 22000 | FPS: 68.8252 | T: 0:10:39
| train          | F: 45000 | S: 22500 | E: 45 | L: 1000 | R: 956.0486 | BS: 22500 | FPS: 73.9759 | T: 0:10:53
| train          | F: 46000 | S: 23000 | E: 46 | L: 1000 | R: 944.8541 | BS: 23000 | FPS: 72.5094 | T: 0:11:07
| train          | F: 47000 | S: 23500 | E: 47 | L: 1000 | R: 949.3459 | BS: 23500 | FPS: 68.6726 | T: 0:11:21
| train          | F: 48000 | S: 24000 | E: 48 | L: 1000 | R: 940.3117 | BS: 24000 | FPS: 73.3923 | T: 0:11:35
| train          | F: 49000 | S: 24500 | E: 49 | L: 1000 | R: 951.1306 | BS: 24500 | FPS: 72.3279 | T: 0:11:49
| train          | F: 50000 | S: 25000 | E: 50 | L: 1000 | R: 941.6533 | BS: 25000 | FPS: 61.9280 | T: 0:12:05
| eval           | F: 50000 | S: 25000 | E: 50 | L: 1000 | R: 966.6722 | T: 0:12:05
| train          | F: 51000 | S: 25500 | E: 51 | L: 1000 | R: 934.3973 | BS: 25500 | FPS: 26.3406 | T: 0:12:43
| train          | F: 52000 | S: 26000 | E: 52 | L: 1000 | R: 947.4104 | BS: 26000 | FPS: 68.9185 | T: 0:12:57
| train          | F: 53000 | S: 26500 | E: 53 | L: 1000 | R: 943.8394 | BS: 26500 | FPS: 76.6887 | T: 0:13:10
| train          | F: 54000 | S: 27000 | E: 54 | L: 1000 | R: 944.7463 | BS: 27000 | FPS: 72.9643 | T: 0:13:24
| train          | F: 55000 | S: 27500 | E: 55 | L: 1000 | R: 942.7473 | BS: 27500 | FPS: 63.5772 | T: 0:13:40
| train          | F: 56000 | S: 28000 | E: 56 | L: 1000 | R: 935.9776 | BS: 28000 | FPS: 61.6839 | T: 0:13:56
| train          | F: 57000 | S: 28500 | E: 57 | L: 1000 | R: 943.3985 | BS: 28500 | FPS: 73.2412 | T: 0:14:10
| train          | F: 58000 | S: 29000 | E: 58 | L: 1000 | R: 943.6995 | BS: 29000 | FPS: 72.7746 | T: 0:14:23
| train          | F: 59000 | S: 29500 | E: 59 | L: 1000 | R: 936.8421 | BS: 29500 | FPS: 72.6997 | T: 0:14:37
| train          | F: 60000 | S: 30000 | E: 60 | L: 1000 | R: 943.8971 | BS: 30000 | FPS: 69.1705 | T: 0:14:52
| eval           | F: 60000 | S: 30000 | E: 60 | L: 1000 | R: 966.9197 | T: 0:14:52
| train          | F: 61000 | S: 30500 | E: 61 | L: 1000 | R: 944.6320 | BS: 30500 | FPS: 27.3375 | T: 0:15:28
| train          | F: 62000 | S: 31000 | E: 62 | L: 1000 | R: 952.3548 | BS: 31000 | FPS: 71.5504 | T: 0:15:42
| train          | F: 63000 | S: 31500 | E: 63 | L: 1000 | R: 945.4216 | BS: 31500 | FPS: 74.5400 | T: 0:15:56
| train          | F: 64000 | S: 32000 | E: 64 | L: 1000 | R: 954.0989 | BS: 32000 | FPS: 72.1489 | T: 0:16:10
| train          | F: 65000 | S: 32500 | E: 65 | L: 1000 | R: 945.7854 | BS: 32500 | FPS: 70.8095 | T: 0:16:24
| train          | F: 66000 | S: 33000 | E: 66 | L: 1000 | R: 944.6412 | BS: 33000 | FPS: 71.8285 | T: 0:16:38
| train          | F: 67000 | S: 33500 | E: 67 | L: 1000 | R: 950.1102 | BS: 33500 | FPS: 72.8609 | T: 0:16:51
| train          | F: 68000 | S: 34000 | E: 68 | L: 1000 | R: 950.4905 | BS: 34000 | FPS: 72.0319 | T: 0:17:05
| train          | F: 69000 | S: 34500 | E: 69 | L: 1000 | R: 944.0473 | BS: 34500 | FPS: 73.3425 | T: 0:17:19
| train          | F: 70000 | S: 35000 | E: 70 | L: 1000 | R: 950.3189 | BS: 35000 | FPS: 74.8446 | T: 0:17:32
| eval           | F: 70000 | S: 35000 | E: 70 | L: 1000 | R: 941.7791 | T: 0:17:32
| train          | F: 71000 | S: 35500 | E: 71 | L: 1000 | R: 947.7596 | BS: 35500 | FPS: 25.3194 | T: 0:18:12
| train          | F: 72000 | S: 36000 | E: 72 | L: 1000 | R: 954.0461 | BS: 36000 | FPS: 73.4146 | T: 0:18:25
| train          | F: 73000 | S: 36500 | E: 73 | L: 1000 | R: 944.3976 | BS: 36500 | FPS: 75.0641 | T: 0:18:39
| train          | F: 74000 | S: 37000 | E: 74 | L: 1000 | R: 935.9919 | BS: 37000 | FPS: 71.1384 | T: 0:18:53
| train          | F: 75000 | S: 37500 | E: 75 | L: 1000 | R: 948.9455 | BS: 37500 | FPS: 74.4215 | T: 0:19:06
| train          | F: 76000 | S: 38000 | E: 76 | L: 1000 | R: 956.4241 | BS: 38000 | FPS: 68.8526 | T: 0:19:21
| train          | F: 77000 | S: 38500 | E: 77 | L: 1000 | R: 941.5660 | BS: 38500 | FPS: 71.9201 | T: 0:19:35
| train          | F: 78000 | S: 39000 | E: 78 | L: 1000 | R: 936.7593 | BS: 39000 | FPS: 71.5487 | T: 0:19:49
| train          | F: 79000 | S: 39500 | E: 79 | L: 1000 | R: 924.2381 | BS: 39500 | FPS: 72.4752 | T: 0:20:02
| train          | F: 80000 | S: 40000 | E: 80 | L: 1000 | R: 953.5491 | BS: 40000 | FPS: 69.7024 | T: 0:20:17
| eval           | F: 80000 | S: 40000 | E: 80 | L: 1000 | R: 983.5394 | T: 0:20:17
| train          | F: 81000 | S: 40500 | E: 81 | L: 1000 | R: 941.9618 | BS: 40500 | FPS: 25.3902 | T: 0:20:56
| train          | F: 82000 | S: 41000 | E: 82 | L: 1000 | R: 948.0877 | BS: 41000 | FPS: 70.0796 | T: 0:21:10
| train          | F: 83000 | S: 41500 | E: 83 | L: 1000 | R: 951.1676 | BS: 41500 | FPS: 64.8643 | T: 0:21:26
| train          | F: 84000 | S: 42000 | E: 84 | L: 1000 | R: 945.6933 | BS: 42000 | FPS: 73.6396 | T: 0:21:39
| train          | F: 85000 | S: 42500 | E: 85 | L: 1000 | R: 960.8513 | BS: 42500 | FPS: 70.2504 | T: 0:21:54
| train          | F: 86000 | S: 43000 | E: 86 | L: 1000 | R: 960.5808 | BS: 43000 | FPS: 69.5314 | T: 0:22:08
| train          | F: 87000 | S: 43500 | E: 87 | L: 1000 | R: 945.6573 | BS: 43500 | FPS: 70.0681 | T: 0:22:22
| train          | F: 88000 | S: 44000 | E: 88 | L: 1000 | R: 937.6237 | BS: 44000 | FPS: 72.2079 | T: 0:22:36
| train          | F: 89000 | S: 44500 | E: 89 | L: 1000 | R: 940.0092 | BS: 44500 | FPS: 68.7215 | T: 0:22:51
| train          | F: 90000 | S: 45000 | E: 90 | L: 1000 | R: 961.4855 | BS: 45000 | FPS: 71.1027 | T: 0:23:05
| eval           | F: 90000 | S: 45000 | E: 90 | L: 1000 | R: 841.3674 | T: 0:23:05
| train          | F: 91000 | S: 45500 | E: 91 | L: 1000 | R: 948.8069 | BS: 45500 | FPS: 25.3326 | T: 0:23:44
| train          | F: 92000 | S: 46000 | E: 92 | L: 1000 | R: 948.6847 | BS: 46000 | FPS: 70.9328 | T: 0:23:58
| train          | F: 93000 | S: 46500 | E: 93 | L: 1000 | R: 956.0293 | BS: 46500 | FPS: 69.0650 | T: 0:24:13
| train          | F: 94000 | S: 47000 | E: 94 | L: 1000 | R: 950.9079 | BS: 47000 | FPS: 68.8315 | T: 0:24:27
| train          | F: 95000 | S: 47500 | E: 95 | L: 1000 | R: 919.5500 | BS: 47500 | FPS: 70.7117 | T: 0:24:41
| train          | F: 96000 | S: 48000 | E: 96 | L: 1000 | R: 940.5989 | BS: 48000 | FPS: 69.1641 | T: 0:24:56
| train          | F: 97000 | S: 48500 | E: 97 | L: 1000 | R: 551.4215 | BS: 48500 | FPS: 72.6461 | T: 0:25:10
| train          | F: 98000 | S: 49000 | E: 98 | L: 1000 | R: 954.8963 | BS: 49000 | FPS: 72.2560 | T: 0:25:23
| train          | F: 99000 | S: 49500 | E: 99 | L: 1000 | R: 971.4400 | BS: 49500 | FPS: 69.8772 | T: 0:25:38
| train          | F: 100000 | S: 50000 | E: 100 | L: 1000 | R: 795.4853 | BS: 50000 | FPS: 71.8297 | T: 0:25:52
| eval           | F: 100000 | S: 50000 | E: 100 | L: 1000 | R: 474.2381 | T: 0:25:52
| train          | F: 101000 | S: 50500 | E: 101 | L: 1000 | R: 948.9046 | BS: 50500 | FPS: 24.9000 | T: 0:26:32
| train          | F: 102000 | S: 51000 | E: 102 | L: 1000 | R: 946.2938 | BS: 51000 | FPS: 72.6162 | T: 0:26:46
| train          | F: 103000 | S: 51500 | E: 103 | L: 1000 | R: 961.7039 | BS: 51500 | FPS: 68.9524 | T: 0:27:00
| train          | F: 104000 | S: 52000 | E: 104 | L: 1000 | R: 954.7360 | BS: 52000 | FPS: 58.1070 | T: 0:27:17
| train          | F: 105000 | S: 52500 | E: 105 | L: 1000 | R: 972.6421 | BS: 52500 | FPS: 56.0534 | T: 0:27:35
| train          | F: 106000 | S: 53000 | E: 106 | L: 1000 | R: 966.7949 | BS: 53000 | FPS: 60.2762 | T: 0:27:52
| train          | F: 107000 | S: 53500 | E: 107 | L: 1000 | R: 970.0492 | BS: 53500 | FPS: 71.0430 | T: 0:28:06
| train          | F: 108000 | S: 54000 | E: 108 | L: 1000 | R: 961.8636 | BS: 54000 | FPS: 69.5455 | T: 0:28:20
| train          | F: 109000 | S: 54500 | E: 109 | L: 1000 | R: 962.5215 | BS: 54500 | FPS: 71.6155 | T: 0:28:34
| train          | F: 110000 | S: 55000 | E: 110 | L: 1000 | R: 960.5754 | BS: 55000 | FPS: 69.7543 | T: 0:28:49
| eval           | F: 110000 | S: 55000 | E: 110 | L: 1000 | R: 980.1134 | T: 0:28:49
| train          | F: 111000 | S: 55500 | E: 111 | L: 1000 | R: 968.0864 | BS: 55500 | FPS: 25.2044 | T: 0:29:28
| train          | F: 112000 | S: 56000 | E: 112 | L: 1000 | R: 957.6703 | BS: 56000 | FPS: 74.5427 | T: 0:29:42
| train          | F: 113000 | S: 56500 | E: 113 | L: 1000 | R: 975.1096 | BS: 56500 | FPS: 62.7164 | T: 0:29:58
| train          | F: 114000 | S: 57000 | E: 114 | L: 1000 | R: 961.1142 | BS: 57000 | FPS: 63.1668 | T: 0:30:13
| train          | F: 115000 | S: 57500 | E: 115 | L: 1000 | R: 947.1669 | BS: 57500 | FPS: 71.1894 | T: 0:30:27
| train          | F: 116000 | S: 58000 | E: 116 | L: 1000 | R: 962.6929 | BS: 58000 | FPS: 71.2167 | T: 0:30:41
| train          | F: 117000 | S: 58500 | E: 117 | L: 1000 | R: 971.4505 | BS: 58500 | FPS: 69.3582 | T: 0:30:56
| train          | F: 118000 | S: 59000 | E: 118 | L: 1000 | R: 965.8109 | BS: 59000 | FPS: 73.3532 | T: 0:31:10
| train          | F: 119000 | S: 59500 | E: 119 | L: 1000 | R: 964.6879 | BS: 59500 | FPS: 70.8459 | T: 0:31:24
| train          | F: 120000 | S: 60000 | E: 120 | L: 1000 | R: 958.2145 | BS: 60000 | FPS: 69.9643 | T: 0:31:38
| eval           | F: 120000 | S: 60000 | E: 120 | L: 1000 | R: 727.1490 | T: 0:31:38
| train          | F: 121000 | S: 60500 | E: 121 | L: 1000 | R: 937.1233 | BS: 60500 | FPS: 26.0427 | T: 0:32:16
| train          | F: 122000 | S: 61000 | E: 122 | L: 1000 | R: 962.5124 | BS: 61000 | FPS: 71.2750 | T: 0:32:30
| train          | F: 123000 | S: 61500 | E: 123 | L: 1000 | R: 967.0819 | BS: 61500 | FPS: 72.3781 | T: 0:32:44
| train          | F: 124000 | S: 62000 | E: 124 | L: 1000 | R: 936.8150 | BS: 62000 | FPS: 68.0473 | T: 0:32:59
| train          | F: 125000 | S: 62500 | E: 125 | L: 1000 | R: 961.5490 | BS: 62500 | FPS: 70.7447 | T: 0:33:13
| train          | F: 126000 | S: 63000 | E: 126 | L: 1000 | R: 945.3702 | BS: 63000 | FPS: 69.9788 | T: 0:33:27
| train          | F: 127000 | S: 63500 | E: 127 | L: 1000 | R: 969.4618 | BS: 63500 | FPS: 71.8083 | T: 0:33:41
| train          | F: 128000 | S: 64000 | E: 128 | L: 1000 | R: 942.9379 | BS: 64000 | FPS: 69.5129 | T: 0:33:56
| train          | F: 129000 | S: 64500 | E: 129 | L: 1000 | R: 964.2603 | BS: 64500 | FPS: 72.2456 | T: 0:34:09
| train          | F: 130000 | S: 65000 | E: 130 | L: 1000 | R: 960.2181 | BS: 65000 | FPS: 70.5323 | T: 0:34:24
| eval           | F: 130000 | S: 65000 | E: 130 | L: 1000 | R: 985.6766 | T: 0:34:24
| train          | F: 131000 | S: 65500 | E: 131 | L: 1000 | R: 966.0457 | BS: 65500 | FPS: 25.1515 | T: 0:35:03
| train          | F: 132000 | S: 66000 | E: 132 | L: 1000 | R: 946.4984 | BS: 66000 | FPS: 69.8273 | T: 0:35:18
| train          | F: 133000 | S: 66500 | E: 133 | L: 1000 | R: 954.4572 | BS: 66500 | FPS: 71.6558 | T: 0:35:32
| train          | F: 134000 | S: 67000 | E: 134 | L: 1000 | R: 938.2321 | BS: 67000 | FPS: 68.7781 | T: 0:35:46
| train          | F: 135000 | S: 67500 | E: 135 | L: 1000 | R: 967.7653 | BS: 67500 | FPS: 68.7003 | T: 0:36:01
| train          | F: 136000 | S: 68000 | E: 136 | L: 1000 | R: 979.5941 | BS: 68000 | FPS: 69.1336 | T: 0:36:15
| train          | F: 137000 | S: 68500 | E: 137 | L: 1000 | R: 935.8985 | BS: 68500 | FPS: 61.3740 | T: 0:36:32
| train          | F: 138000 | S: 69000 | E: 138 | L: 1000 | R: 763.4575 | BS: 69000 | FPS: 65.7693 | T: 0:36:47
| train          | F: 139000 | S: 69500 | E: 139 | L: 1000 | R: 957.9504 | BS: 69500 | FPS: 68.5109 | T: 0:37:01
| train          | F: 140000 | S: 70000 | E: 140 | L: 1000 | R: 929.8646 | BS: 70000 | FPS: 68.5964 | T: 0:37:16
| eval           | F: 140000 | S: 70000 | E: 140 | L: 1000 | R: 992.2209 | T: 0:37:16
| train          | F: 141000 | S: 70500 | E: 141 | L: 1000 | R: 972.3037 | BS: 70500 | FPS: 25.3820 | T: 0:37:55
| train          | F: 142000 | S: 71000 | E: 142 | L: 1000 | R: 776.4900 | BS: 71000 | FPS: 70.2327 | T: 0:38:10
| train          | F: 143000 | S: 71500 | E: 143 | L: 1000 | R: 957.1846 | BS: 71500 | FPS: 70.6179 | T: 0:38:24
| train          | F: 144000 | S: 72000 | E: 144 | L: 1000 | R: 961.5328 | BS: 72000 | FPS: 69.4737 | T: 0:38:38
| train          | F: 145000 | S: 72500 | E: 145 | L: 1000 | R: 962.7664 | BS: 72500 | FPS: 69.2752 | T: 0:38:53
| train          | F: 146000 | S: 73000 | E: 146 | L: 1000 | R: 948.8919 | BS: 73000 | FPS: 70.0956 | T: 0:39:07
| train          | F: 147000 | S: 73500 | E: 147 | L: 1000 | R: 853.5312 | BS: 73500 | FPS: 72.5787 | T: 0:39:21
| train          | F: 148000 | S: 74000 | E: 148 | L: 1000 | R: 941.1338 | BS: 74000 | FPS: 69.8565 | T: 0:39:35
| train          | F: 149000 | S: 74500 | E: 149 | L: 1000 | R: 955.9841 | BS: 74500 | FPS: 68.1040 | T: 0:39:50
| train          | F: 150000 | S: 75000 | E: 150 | L: 1000 | R: 931.6060 | BS: 75000 | FPS: 69.1282 | T: 0:40:04
| eval           | F: 150000 | S: 75000 | E: 150 | L: 1000 | R: 977.5053 | T: 0:40:04
| train          | F: 151000 | S: 75500 | E: 151 | L: 1000 | R: 960.2721 | BS: 75500 | FPS: 24.5292 | T: 0:40:45
| train          | F: 152000 | S: 76000 | E: 152 | L: 1000 | R: 961.8624 | BS: 76000 | FPS: 71.2586 | T: 0:40:59
| train          | F: 153000 | S: 76500 | E: 153 | L: 1000 | R: 963.8192 | BS: 76500 | FPS: 70.9979 | T: 0:41:13
| train          | F: 154000 | S: 77000 | E: 154 | L: 1000 | R: 970.5428 | BS: 77000 | FPS: 70.6508 | T: 0:41:27
| train          | F: 155000 | S: 77500 | E: 155 | L: 1000 | R: 967.2040 | BS: 77500 | FPS: 73.5222 | T: 0:41:41
| train          | F: 156000 | S: 78000 | E: 156 | L: 1000 | R: 959.5737 | BS: 78000 | FPS: 72.3146 | T: 0:41:55
| train          | F: 157000 | S: 78500 | E: 157 | L: 1000 | R: 965.0328 | BS: 78500 | FPS: 70.5343 | T: 0:42:09
| train          | F: 158000 | S: 79000 | E: 158 | L: 1000 | R: 953.3717 | BS: 79000 | FPS: 71.1577 | T: 0:42:23
| train          | F: 159000 | S: 79500 | E: 159 | L: 1000 | R: 975.0338 | BS: 79500 | FPS: 65.4846 | T: 0:42:38
| train          | F: 160000 | S: 80000 | E: 160 | L: 1000 | R: 971.9127 | BS: 80000 | FPS: 66.7083 | T: 0:42:53
| eval           | F: 160000 | S: 80000 | E: 160 | L: 1000 | R: 984.6058 | T: 0:42:53
| train          | F: 161000 | S: 80500 | E: 161 | L: 1000 | R: 973.1474 | BS: 80500 | FPS: 24.3699 | T: 0:43:34
| train          | F: 162000 | S: 81000 | E: 162 | L: 1000 | R: 959.4099 | BS: 81000 | FPS: 69.6202 | T: 0:43:48
| train          | F: 163000 | S: 81500 | E: 163 | L: 1000 | R: 956.5743 | BS: 81500 | FPS: 70.8122 | T: 0:44:03
| train          | F: 164000 | S: 82000 | E: 164 | L: 1000 | R: 960.4895 | BS: 82000 | FPS: 73.1946 | T: 0:44:16
| train          | F: 165000 | S: 82500 | E: 165 | L: 1000 | R: 976.2112 | BS: 82500 | FPS: 71.3336 | T: 0:44:30
| train          | F: 166000 | S: 83000 | E: 166 | L: 1000 | R: 806.9872 | BS: 83000 | FPS: 74.5210 | T: 0:44:44
| train          | F: 167000 | S: 83500 | E: 167 | L: 1000 | R: 973.7748 | BS: 83500 | FPS: 63.1921 | T: 0:44:59
| train          | F: 168000 | S: 84000 | E: 168 | L: 1000 | R: 951.0495 | BS: 84000 | FPS: 63.4061 | T: 0:45:15
| train          | F: 169000 | S: 84500 | E: 169 | L: 1000 | R: 954.8363 | BS: 84500 | FPS: 66.7496 | T: 0:45:30
| train          | F: 170000 | S: 85000 | E: 170 | L: 1000 | R: 967.9654 | BS: 85000 | FPS: 57.9506 | T: 0:45:47
| eval           | F: 170000 | S: 85000 | E: 170 | L: 1000 | R: 989.5285 | T: 0:45:47
| train          | F: 171000 | S: 85500 | E: 171 | L: 1000 | R: 971.6120 | BS: 85500 | FPS: 23.2764 | T: 0:46:30
| train          | F: 172000 | S: 86000 | E: 172 | L: 1000 | R: 971.5682 | BS: 86000 | FPS: 69.3553 | T: 0:46:45
| train          | F: 173000 | S: 86500 | E: 173 | L: 1000 | R: 966.2287 | BS: 86500 | FPS: 65.9938 | T: 0:47:00
| train          | F: 174000 | S: 87000 | E: 174 | L: 1000 | R: 977.1253 | BS: 87000 | FPS: 70.3368 | T: 0:47:14
| train          | F: 175000 | S: 87500 | E: 175 | L: 1000 | R: 971.7963 | BS: 87500 | FPS: 73.0252 | T: 0:47:28
| train          | F: 176000 | S: 88000 | E: 176 | L: 1000 | R: 975.3198 | BS: 88000 | FPS: 69.8092 | T: 0:47:42
| train          | F: 177000 | S: 88500 | E: 177 | L: 1000 | R: 971.0197 | BS: 88500 | FPS: 67.4388 | T: 0:47:57
| train          | F: 178000 | S: 89000 | E: 178 | L: 1000 | R: 967.7747 | BS: 89000 | FPS: 69.7725 | T: 0:48:11
| train          | F: 179000 | S: 89500 | E: 179 | L: 1000 | R: 969.4798 | BS: 89500 | FPS: 69.6933 | T: 0:48:26
| train          | F: 180000 | S: 90000 | E: 180 | L: 1000 | R: 967.6925 | BS: 90000 | FPS: 70.3170 | T: 0:48:40
| eval           | F: 180000 | S: 90000 | E: 180 | L: 1000 | R: 990.1619 | T: 0:48:40
| train          | F: 181000 | S: 90500 | E: 181 | L: 1000 | R: 961.4160 | BS: 90500 | FPS: 25.1352 | T: 0:49:20
| train          | F: 182000 | S: 91000 | E: 182 | L: 1000 | R: 962.0033 | BS: 91000 | FPS: 72.1693 | T: 0:49:34
| train          | F: 183000 | S: 91500 | E: 183 | L: 1000 | R: 964.9459 | BS: 91500 | FPS: 63.0003 | T: 0:49:49
| train          | F: 184000 | S: 92000 | E: 184 | L: 1000 | R: 965.9105 | BS: 92000 | FPS: 71.2190 | T: 0:50:04
| train          | F: 185000 | S: 92500 | E: 185 | L: 1000 | R: 961.5442 | BS: 92500 | FPS: 70.0735 | T: 0:50:18
| train          | F: 186000 | S: 93000 | E: 186 | L: 1000 | R: 979.4475 | BS: 93000 | FPS: 68.7513 | T: 0:50:32
| train          | F: 187000 | S: 93500 | E: 187 | L: 1000 | R: 979.8109 | BS: 93500 | FPS: 72.9545 | T: 0:50:46
| train          | F: 188000 | S: 94000 | E: 188 | L: 1000 | R: 972.7820 | BS: 94000 | FPS: 71.4288 | T: 0:51:00
| train          | F: 189000 | S: 94500 | E: 189 | L: 1000 | R: 963.0770 | BS: 94500 | FPS: 73.3000 | T: 0:51:14
| train          | F: 190000 | S: 95000 | E: 190 | L: 1000 | R: 973.7979 | BS: 95000 | FPS: 70.4715 | T: 0:51:28
| eval           | F: 190000 | S: 95000 | E: 190 | L: 1000 | R: 986.2586 | T: 0:51:28
| train          | F: 191000 | S: 95500 | E: 191 | L: 1000 | R: 972.8262 | BS: 95500 | FPS: 25.5293 | T: 0:52:07
| train          | F: 192000 | S: 96000 | E: 192 | L: 1000 | R: 972.1408 | BS: 96000 | FPS: 70.4853 | T: 0:52:21
| train          | F: 193000 | S: 96500 | E: 193 | L: 1000 | R: 972.2177 | BS: 96500 | FPS: 70.3503 | T: 0:52:35
| train          | F: 194000 | S: 97000 | E: 194 | L: 1000 | R: 975.6471 | BS: 97000 | FPS: 69.9333 | T: 0:52:50
| train          | F: 195000 | S: 97500 | E: 195 | L: 1000 | R: 965.6702 | BS: 97500 | FPS: 69.9941 | T: 0:53:04
| train          | F: 196000 | S: 98000 | E: 196 | L: 1000 | R: 973.9286 | BS: 98000 | FPS: 56.0260 | T: 0:53:22
| train          | F: 197000 | S: 98500 | E: 197 | L: 1000 | R: 973.8814 | BS: 98500 | FPS: 58.5388 | T: 0:53:39
| train          | F: 198000 | S: 99000 | E: 198 | L: 1000 | R: 967.7817 | BS: 99000 | FPS: 69.6415 | T: 0:53:53
| train          | F: 199000 | S: 99500 | E: 199 | L: 1000 | R: 978.7168 | BS: 99500 | FPS: 67.7699 | T: 0:54:08
| train          | F: 200000 | S: 100000 | E: 200 | L: 1000 | R: 976.6097 | BS: 100000 | FPS: 69.5823 | T: 0:54:22
| eval           | F: 200000 | S: 100000 | E: 200 | L: 1000 | R: 996.5888 | T: 0:54:22
| train          | F: 201000 | S: 100500 | E: 201 | L: 1000 | R: 976.2035 | BS: 100500 | FPS: 24.2686 | T: 0:55:04
| train          | F: 202000 | S: 101000 | E: 202 | L: 1000 | R: 962.7027 | BS: 101000 | FPS: 70.1579 | T: 0:55:18
| train          | F: 203000 | S: 101500 | E: 203 | L: 1000 | R: 981.9876 | BS: 101500 | FPS: 66.8782 | T: 0:55:33
| train          | F: 204000 | S: 102000 | E: 204 | L: 1000 | R: 973.8123 | BS: 102000 | FPS: 71.5855 | T: 0:55:47
| train          | F: 205000 | S: 102500 | E: 205 | L: 1000 | R: 982.8050 | BS: 102500 | FPS: 70.1365 | T: 0:56:01
| train          | F: 206000 | S: 103000 | E: 206 | L: 1000 | R: 971.9823 | BS: 103000 | FPS: 70.4131 | T: 0:56:15
| train          | F: 207000 | S: 103500 | E: 207 | L: 1000 | R: 972.7528 | BS: 103500 | FPS: 61.9661 | T: 0:56:31
| train          | F: 208000 | S: 104000 | E: 208 | L: 1000 | R: 972.7397 | BS: 104000 | FPS: 71.1448 | T: 0:56:45
| train          | F: 209000 | S: 104500 | E: 209 | L: 1000 | R: 970.2761 | BS: 104500 | FPS: 70.2096 | T: 0:57:00
| train          | F: 210000 | S: 105000 | E: 210 | L: 1000 | R: 971.4156 | BS: 105000 | FPS: 68.9740 | T: 0:57:14
| eval           | F: 210000 | S: 105000 | E: 210 | L: 1000 | R: 992.5703 | T: 0:57:14
| train          | F: 211000 | S: 105500 | E: 211 | L: 1000 | R: 976.8942 | BS: 105500 | FPS: 24.3575 | T: 0:57:55
| train          | F: 212000 | S: 106000 | E: 212 | L: 1000 | R: 970.8496 | BS: 106000 | FPS: 70.6274 | T: 0:58:09
| train          | F: 213000 | S: 106500 | E: 213 | L: 1000 | R: 976.1915 | BS: 106500 | FPS: 71.8091 | T: 0:58:23
| train          | F: 214000 | S: 107000 | E: 214 | L: 1000 | R: 968.3474 | BS: 107000 | FPS: 70.0245 | T: 0:58:38
| train          | F: 215000 | S: 107500 | E: 215 | L: 1000 | R: 978.3633 | BS: 107500 | FPS: 68.7581 | T: 0:58:52
| train          | F: 216000 | S: 108000 | E: 216 | L: 1000 | R: 976.4782 | BS: 108000 | FPS: 69.0652 | T: 0:59:07
| train          | F: 217000 | S: 108500 | E: 217 | L: 1000 | R: 974.5854 | BS: 108500 | FPS: 71.3856 | T: 0:59:21
| train          | F: 218000 | S: 109000 | E: 218 | L: 1000 | R: 966.6543 | BS: 109000 | FPS: 68.7390 | T: 0:59:35
| train          | F: 219000 | S: 109500 | E: 219 | L: 1000 | R: 976.8401 | BS: 109500 | FPS: 68.6408 | T: 0:59:50
| train          | F: 220000 | S: 110000 | E: 220 | L: 1000 | R: 975.6750 | BS: 110000 | FPS: 68.9043 | T: 1:00:04
| eval           | F: 220000 | S: 110000 | E: 220 | L: 1000 | R: 997.3379 | T: 1:00:04
| train          | F: 221000 | S: 110500 | E: 221 | L: 1000 | R: 974.1408 | BS: 110500 | FPS: 24.7174 | T: 1:00:45
| train          | F: 222000 | S: 111000 | E: 222 | L: 1000 | R: 965.7114 | BS: 111000 | FPS: 72.2380 | T: 1:00:59
| train          | F: 223000 | S: 111500 | E: 223 | L: 1000 | R: 980.9123 | BS: 111500 | FPS: 71.0215 | T: 1:01:13
| train          | F: 224000 | S: 112000 | E: 224 | L: 1000 | R: 982.1701 | BS: 112000 | FPS: 70.4037 | T: 1:01:27
| train          | F: 225000 | S: 112500 | E: 225 | L: 1000 | R: 965.6932 | BS: 112500 | FPS: 70.8003 | T: 1:01:41
| train          | F: 226000 | S: 113000 | E: 226 | L: 1000 | R: 980.2312 | BS: 113000 | FPS: 67.7933 | T: 1:01:56
| train          | F: 227000 | S: 113500 | E: 227 | L: 1000 | R: 975.9104 | BS: 113500 | FPS: 69.1756 | T: 1:02:10
| train          | F: 228000 | S: 114000 | E: 228 | L: 1000 | R: 977.1787 | BS: 114000 | FPS: 67.2143 | T: 1:02:25
| train          | F: 229000 | S: 114500 | E: 229 | L: 1000 | R: 963.6095 | BS: 114500 | FPS: 69.8660 | T: 1:02:39
| train          | F: 230000 | S: 115000 | E: 230 | L: 1000 | R: 977.8384 | BS: 115000 | FPS: 74.1811 | T: 1:02:53
| eval           | F: 230000 | S: 115000 | E: 230 | L: 1000 | R: 991.9304 | T: 1:02:53
| train          | F: 231000 | S: 115500 | E: 231 | L: 1000 | R: 978.9961 | BS: 115500 | FPS: 24.7449 | T: 1:03:33
| train          | F: 232000 | S: 116000 | E: 232 | L: 1000 | R: 970.1020 | BS: 116000 | FPS: 70.2209 | T: 1:03:48
| train          | F: 233000 | S: 116500 | E: 233 | L: 1000 | R: 971.7307 | BS: 116500 | FPS: 70.0782 | T: 1:04:02
| train          | F: 234000 | S: 117000 | E: 234 | L: 1000 | R: 981.1850 | BS: 117000 | FPS: 70.6282 | T: 1:04:16
| train          | F: 235000 | S: 117500 | E: 235 | L: 1000 | R: 971.5809 | BS: 117500 | FPS: 69.7844 | T: 1:04:30
| train          | F: 236000 | S: 118000 | E: 236 | L: 1000 | R: 970.9653 | BS: 118000 | FPS: 71.4641 | T: 1:04:44
| train          | F: 237000 | S: 118500 | E: 237 | L: 1000 | R: 974.9227 | BS: 118500 | FPS: 69.3351 | T: 1:04:59
| train          | F: 238000 | S: 119000 | E: 238 | L: 1000 | R: 970.5446 | BS: 119000 | FPS: 69.0368 | T: 1:05:13
| train          | F: 239000 | S: 119500 | E: 239 | L: 1000 | R: 973.7835 | BS: 119500 | FPS: 69.0604 | T: 1:05:28
| train          | F: 240000 | S: 120000 | E: 240 | L: 1000 | R: 974.3796 | BS: 120000 | FPS: 68.2135 | T: 1:05:42
| eval           | F: 240000 | S: 120000 | E: 240 | L: 1000 | R: 992.5012 | T: 1:05:42
| train          | F: 241000 | S: 120500 | E: 241 | L: 1000 | R: 977.1152 | BS: 120500 | FPS: 24.2791 | T: 1:06:24
| train          | F: 242000 | S: 121000 | E: 242 | L: 1000 | R: 982.7256 | BS: 121000 | FPS: 71.3793 | T: 1:06:38
| train          | F: 243000 | S: 121500 | E: 243 | L: 1000 | R: 971.4454 | BS: 121500 | FPS: 72.3124 | T: 1:06:51
| train          | F: 244000 | S: 122000 | E: 244 | L: 1000 | R: 978.3324 | BS: 122000 | FPS: 66.9629 | T: 1:07:06
| train          | F: 245000 | S: 122500 | E: 245 | L: 1000 | R: 971.0566 | BS: 122500 | FPS: 70.5340 | T: 1:07:20
| train          | F: 246000 | S: 123000 | E: 246 | L: 1000 | R: 979.5767 | BS: 123000 | FPS: 73.9995 | T: 1:07:34
| train          | F: 247000 | S: 123500 | E: 247 | L: 1000 | R: 974.7722 | BS: 123500 | FPS: 69.2369 | T: 1:07:48
| train          | F: 248000 | S: 124000 | E: 248 | L: 1000 | R: 977.7476 | BS: 124000 | FPS: 69.5315 | T: 1:08:03
| train          | F: 249000 | S: 124500 | E: 249 | L: 1000 | R: 982.7072 | BS: 124500 | FPS: 69.5246 | T: 1:08:17
| train          | F: 250000 | S: 125000 | E: 250 | L: 1000 | R: 975.8420 | BS: 125000 | FPS: 70.1144 | T: 1:08:31
| eval           | F: 250000 | S: 125000 | E: 250 | L: 1000 | R: 993.5444 | T: 1:08:31
| train          | F: 251000 | S: 125500 | E: 251 | L: 1000 | R: 978.9841 | BS: 125500 | FPS: 24.7364 | T: 1:09:12
| train          | F: 252000 | S: 126000 | E: 252 | L: 1000 | R: 976.1753 | BS: 126000 | FPS: 69.1066 | T: 1:09:26
| train          | F: 253000 | S: 126500 | E: 253 | L: 1000 | R: 976.5093 | BS: 126500 | FPS: 67.9222 | T: 1:09:41
| train          | F: 254000 | S: 127000 | E: 254 | L: 1000 | R: 975.4934 | BS: 127000 | FPS: 70.0546 | T: 1:09:55
| train          | F: 255000 | S: 127500 | E: 255 | L: 1000 | R: 977.8352 | BS: 127500 | FPS: 70.7983 | T: 1:10:09
| train          | F: 256000 | S: 128000 | E: 256 | L: 1000 | R: 971.0304 | BS: 128000 | FPS: 70.4770 | T: 1:10:24
| train          | F: 257000 | S: 128500 | E: 257 | L: 1000 | R: 972.2806 | BS: 128500 | FPS: 69.3565 | T: 1:10:38
| train          | F: 258000 | S: 129000 | E: 258 | L: 1000 | R: 972.2833 | BS: 129000 | FPS: 69.1347 | T: 1:10:53
| train          | F: 259000 | S: 129500 | E: 259 | L: 1000 | R: 976.0345 | BS: 129500 | FPS: 68.4415 | T: 1:11:07
| train          | F: 260000 | S: 130000 | E: 260 | L: 1000 | R: 976.1368 | BS: 130000 | FPS: 67.6920 | T: 1:11:22
| eval           | F: 260000 | S: 130000 | E: 260 | L: 1000 | R: 977.8493 | T: 1:11:22
| train          | F: 261000 | S: 130500 | E: 261 | L: 1000 | R: 964.9690 | BS: 130500 | FPS: 23.3518 | T: 1:12:05
| train          | F: 262000 | S: 131000 | E: 262 | L: 1000 | R: 971.9179 | BS: 131000 | FPS: 69.5693 | T: 1:12:19
| train          | F: 263000 | S: 131500 | E: 263 | L: 1000 | R: 964.2008 | BS: 131500 | FPS: 69.7653 | T: 1:12:33
| train          | F: 264000 | S: 132000 | E: 264 | L: 1000 | R: 980.8764 | BS: 132000 | FPS: 69.7262 | T: 1:12:48
| train          | F: 265000 | S: 132500 | E: 265 | L: 1000 | R: 971.8895 | BS: 132500 | FPS: 72.8357 | T: 1:13:02
| train          | F: 266000 | S: 133000 | E: 266 | L: 1000 | R: 981.4935 | BS: 133000 | FPS: 67.2438 | T: 1:13:16
| train          | F: 267000 | S: 133500 | E: 267 | L: 1000 | R: 979.8417 | BS: 133500 | FPS: 62.1968 | T: 1:13:32
| train          | F: 268000 | S: 134000 | E: 268 | L: 1000 | R: 978.3839 | BS: 134000 | FPS: 67.1158 | T: 1:13:47
| train          | F: 269000 | S: 134500 | E: 269 | L: 1000 | R: 981.8013 | BS: 134500 | FPS: 67.0371 | T: 1:14:02
| train          | F: 270000 | S: 135000 | E: 270 | L: 1000 | R: 979.3957 | BS: 135000 | FPS: 54.6001 | T: 1:14:21
| eval           | F: 270000 | S: 135000 | E: 270 | L: 1000 | R: 992.0478 | T: 1:14:21
| train          | F: 271000 | S: 135500 | E: 271 | L: 1000 | R: 971.8307 | BS: 135500 | FPS: 23.3749 | T: 1:15:03
| train          | F: 272000 | S: 136000 | E: 272 | L: 1000 | R: 972.6503 | BS: 136000 | FPS: 69.9096 | T: 1:15:18
| train          | F: 273000 | S: 136500 | E: 273 | L: 1000 | R: 948.7413 | BS: 136500 | FPS: 70.3792 | T: 1:15:32
| train          | F: 274000 | S: 137000 | E: 274 | L: 1000 | R: 970.6060 | BS: 137000 | FPS: 70.0935 | T: 1:15:46
| train          | F: 275000 | S: 137500 | E: 275 | L: 1000 | R: 975.4743 | BS: 137500 | FPS: 69.9234 | T: 1:16:00
| train          | F: 276000 | S: 138000 | E: 276 | L: 1000 | R: 983.3584 | BS: 138000 | FPS: 69.8430 | T: 1:16:15
| train          | F: 277000 | S: 138500 | E: 277 | L: 1000 | R: 975.7092 | BS: 138500 | FPS: 68.6033 | T: 1:16:29
| train          | F: 278000 | S: 139000 | E: 278 | L: 1000 | R: 977.5024 | BS: 139000 | FPS: 66.0675 | T: 1:16:45
| train          | F: 279000 | S: 139500 | E: 279 | L: 1000 | R: 978.4275 | BS: 139500 | FPS: 71.7225 | T: 1:16:58
| train          | F: 280000 | S: 140000 | E: 280 | L: 1000 | R: 980.6355 | BS: 140000 | FPS: 69.4492 | T: 1:17:13
| eval           | F: 280000 | S: 140000 | E: 280 | L: 1000 | R: 987.0209 | T: 1:17:13
| train          | F: 281000 | S: 140500 | E: 281 | L: 1000 | R: 979.8331 | BS: 140500 | FPS: 24.7701 | T: 1:17:53
| train          | F: 282000 | S: 141000 | E: 282 | L: 1000 | R: 978.4367 | BS: 141000 | FPS: 73.1131 | T: 1:18:07
| train          | F: 283000 | S: 141500 | E: 283 | L: 1000 | R: 984.4837 | BS: 141500 | FPS: 73.6588 | T: 1:18:20
| train          | F: 284000 | S: 142000 | E: 284 | L: 1000 | R: 984.5607 | BS: 142000 | FPS: 73.2657 | T: 1:18:34
| train          | F: 285000 | S: 142500 | E: 285 | L: 1000 | R: 979.9507 | BS: 142500 | FPS: 70.3126 | T: 1:18:48
| train          | F: 286000 | S: 143000 | E: 286 | L: 1000 | R: 982.2278 | BS: 143000 | FPS: 68.7137 | T: 1:19:03
| train          | F: 287000 | S: 143500 | E: 287 | L: 1000 | R: 971.7273 | BS: 143500 | FPS: 67.4253 | T: 1:19:18
| train          | F: 288000 | S: 144000 | E: 288 | L: 1000 | R: 975.1499 | BS: 144000 | FPS: 67.6437 | T: 1:19:33
| train          | F: 289000 | S: 144500 | E: 289 | L: 1000 | R: 976.5650 | BS: 144500 | FPS: 69.5373 | T: 1:19:47
| train          | F: 290000 | S: 145000 | E: 290 | L: 1000 | R: 974.9576 | BS: 145000 | FPS: 69.3986 | T: 1:20:01
| eval           | F: 290000 | S: 145000 | E: 290 | L: 1000 | R: 994.1480 | T: 1:20:01
| train          | F: 291000 | S: 145500 | E: 291 | L: 1000 | R: 976.8786 | BS: 145500 | FPS: 26.5413 | T: 1:20:39
| train          | F: 292000 | S: 146000 | E: 292 | L: 1000 | R: 984.0692 | BS: 146000 | FPS: 63.3477 | T: 1:20:55
| train          | F: 293000 | S: 146500 | E: 293 | L: 1000 | R: 980.5730 | BS: 146500 | FPS: 67.5050 | T: 1:21:10
| train          | F: 294000 | S: 147000 | E: 294 | L: 1000 | R: 981.0603 | BS: 147000 | FPS: 63.6628 | T: 1:21:25
| train          | F: 295000 | S: 147500 | E: 295 | L: 1000 | R: 976.3305 | BS: 147500 | FPS: 69.5854 | T: 1:21:40
| train          | F: 296000 | S: 148000 | E: 296 | L: 1000 | R: 980.6921 | BS: 148000 | FPS: 68.6437 | T: 1:21:54
| train          | F: 297000 | S: 148500 | E: 297 | L: 1000 | R: 985.7185 | BS: 148500 | FPS: 67.4084 | T: 1:22:09
| train          | F: 298000 | S: 149000 | E: 298 | L: 1000 | R: 982.0694 | BS: 149000 | FPS: 72.1315 | T: 1:22:23
| train          | F: 299000 | S: 149500 | E: 299 | L: 1000 | R: 979.8825 | BS: 149500 | FPS: 70.9614 | T: 1:22:37
| train          | F: 300000 | S: 150000 | E: 300 | L: 1000 | R: 978.1119 | BS: 150000 | FPS: 71.9235 | T: 1:22:51
| eval           | F: 300000 | S: 150000 | E: 300 | L: 1000 | R: 992.1099 | T: 1:22:51
| train          | F: 301000 | S: 150500 | E: 301 | L: 1000 | R: 975.5225 | BS: 150500 | FPS: 24.9691 | T: 1:23:31
| train          | F: 302000 | S: 151000 | E: 302 | L: 1000 | R: 979.3712 | BS: 151000 | FPS: 70.0640 | T: 1:23:45
| train          | F: 303000 | S: 151500 | E: 303 | L: 1000 | R: 981.8769 | BS: 151500 | FPS: 73.1386 | T: 1:23:59
| train          | F: 304000 | S: 152000 | E: 304 | L: 1000 | R: 975.6321 | BS: 152000 | FPS: 70.5920 | T: 1:24:13
| train          | F: 305000 | S: 152500 | E: 305 | L: 1000 | R: 971.6126 | BS: 152500 | FPS: 62.8746 | T: 1:24:29
| train          | F: 306000 | S: 153000 | E: 306 | L: 1000 | R: 978.2432 | BS: 153000 | FPS: 63.2174 | T: 1:24:45
| train          | F: 307000 | S: 153500 | E: 307 | L: 1000 | R: 979.0960 | BS: 153500 | FPS: 69.3729 | T: 1:24:59
| train          | F: 308000 | S: 154000 | E: 308 | L: 1000 | R: 980.5906 | BS: 154000 | FPS: 69.0860 | T: 1:25:14
| train          | F: 309000 | S: 154500 | E: 309 | L: 1000 | R: 983.7145 | BS: 154500 | FPS: 68.7897 | T: 1:25:28
| train          | F: 310000 | S: 155000 | E: 310 | L: 1000 | R: 982.3760 | BS: 155000 | FPS: 69.7606 | T: 1:25:43
| eval           | F: 310000 | S: 155000 | E: 310 | L: 1000 | R: 992.4997 | T: 1:25:43
| train          | F: 311000 | S: 155500 | E: 311 | L: 1000 | R: 970.4748 | BS: 155500 | FPS: 25.3204 | T: 1:26:22
| train          | F: 312000 | S: 156000 | E: 312 | L: 1000 | R: 981.0281 | BS: 156000 | FPS: 69.4413 | T: 1:26:36
| train          | F: 313000 | S: 156500 | E: 313 | L: 1000 | R: 979.3777 | BS: 156500 | FPS: 71.6124 | T: 1:26:50
| train          | F: 314000 | S: 157000 | E: 314 | L: 1000 | R: 985.6443 | BS: 157000 | FPS: 64.3935 | T: 1:27:06
| train          | F: 315000 | S: 157500 | E: 315 | L: 1000 | R: 984.1723 | BS: 157500 | FPS: 69.9960 | T: 1:27:20
| train          | F: 316000 | S: 158000 | E: 316 | L: 1000 | R: 982.2252 | BS: 158000 | FPS: 71.9592 | T: 1:27:34
| train          | F: 317000 | S: 158500 | E: 317 | L: 1000 | R: 979.5766 | BS: 158500 | FPS: 62.3471 | T: 1:27:50
| train          | F: 318000 | S: 159000 | E: 318 | L: 1000 | R: 985.4214 | BS: 159000 | FPS: 59.4088 | T: 1:28:07
| train          | F: 319000 | S: 159500 | E: 319 | L: 1000 | R: 977.5439 | BS: 159500 | FPS: 66.5151 | T: 1:28:22
| train          | F: 320000 | S: 160000 | E: 320 | L: 1000 | R: 978.9912 | BS: 160000 | FPS: 71.2008 | T: 1:28:36
| eval           | F: 320000 | S: 160000 | E: 320 | L: 1000 | R: 991.5444 | T: 1:28:36
| train          | F: 321000 | S: 160500 | E: 321 | L: 1000 | R: 973.6814 | BS: 160500 | FPS: 25.1794 | T: 1:29:16
| train          | F: 322000 | S: 161000 | E: 322 | L: 1000 | R: 966.2967 | BS: 161000 | FPS: 72.0337 | T: 1:29:30
| train          | F: 323000 | S: 161500 | E: 323 | L: 1000 | R: 959.0190 | BS: 161500 | FPS: 72.6531 | T: 1:29:43
| train          | F: 324000 | S: 162000 | E: 324 | L: 1000 | R: 974.1768 | BS: 162000 | FPS: 70.7474 | T: 1:29:58
| train          | F: 325000 | S: 162500 | E: 325 | L: 1000 | R: 983.4509 | BS: 162500 | FPS: 72.3986 | T: 1:30:11
| train          | F: 326000 | S: 163000 | E: 326 | L: 1000 | R: 976.9423 | BS: 163000 | FPS: 72.6393 | T: 1:30:25
| train          | F: 327000 | S: 163500 | E: 327 | L: 1000 | R: 980.3033 | BS: 163500 | FPS: 73.5348 | T: 1:30:39
| train          | F: 328000 | S: 164000 | E: 328 | L: 1000 | R: 981.3518 | BS: 164000 | FPS: 72.1485 | T: 1:30:53
| train          | F: 329000 | S: 164500 | E: 329 | L: 1000 | R: 976.8905 | BS: 164500 | FPS: 70.3931 | T: 1:31:07
| train          | F: 330000 | S: 165000 | E: 330 | L: 1000 | R: 982.0466 | BS: 165000 | FPS: 66.8814 | T: 1:31:22
| eval           | F: 330000 | S: 165000 | E: 330 | L: 1000 | R: 993.3332 | T: 1:31:22
| train          | F: 331000 | S: 165500 | E: 331 | L: 1000 | R: 984.2815 | BS: 165500 | FPS: 24.6253 | T: 1:32:02
| train          | F: 332000 | S: 166000 | E: 332 | L: 1000 | R: 978.5053 | BS: 166000 | FPS: 70.1209 | T: 1:32:17
| train          | F: 333000 | S: 166500 | E: 333 | L: 1000 | R: 982.1578 | BS: 166500 | FPS: 72.4293 | T: 1:32:30
| train          | F: 334000 | S: 167000 | E: 334 | L: 1000 | R: 984.8581 | BS: 167000 | FPS: 70.8280 | T: 1:32:45
| train          | F: 335000 | S: 167500 | E: 335 | L: 1000 | R: 977.4726 | BS: 167500 | FPS: 71.9835 | T: 1:32:58
| train          | F: 336000 | S: 168000 | E: 336 | L: 1000 | R: 983.6599 | BS: 168000 | FPS: 70.6960 | T: 1:33:13
| train          | F: 337000 | S: 168500 | E: 337 | L: 1000 | R: 983.0336 | BS: 168500 | FPS: 69.7465 | T: 1:33:27
| train          | F: 338000 | S: 169000 | E: 338 | L: 1000 | R: 985.0768 | BS: 169000 | FPS: 70.2913 | T: 1:33:41
| train          | F: 339000 | S: 169500 | E: 339 | L: 1000 | R: 980.0114 | BS: 169500 | FPS: 67.7400 | T: 1:33:56
| train          | F: 340000 | S: 170000 | E: 340 | L: 1000 | R: 982.1624 | BS: 170000 | FPS: 68.9241 | T: 1:34:10
| eval           | F: 340000 | S: 170000 | E: 340 | L: 1000 | R: 997.6972 | T: 1:34:10
| train          | F: 341000 | S: 170500 | E: 341 | L: 1000 | R: 981.0202 | BS: 170500 | FPS: 25.8622 | T: 1:34:49
| train          | F: 342000 | S: 171000 | E: 342 | L: 1000 | R: 985.0121 | BS: 171000 | FPS: 66.6185 | T: 1:35:04
| train          | F: 343000 | S: 171500 | E: 343 | L: 1000 | R: 983.6632 | BS: 171500 | FPS: 55.9453 | T: 1:35:22
| train          | F: 344000 | S: 172000 | E: 344 | L: 1000 | R: 983.1324 | BS: 172000 | FPS: 63.5655 | T: 1:35:38
| train          | F: 345000 | S: 172500 | E: 345 | L: 1000 | R: 984.4585 | BS: 172500 | FPS: 70.7590 | T: 1:35:52
| train          | F: 346000 | S: 173000 | E: 346 | L: 1000 | R: 984.1628 | BS: 173000 | FPS: 67.2945 | T: 1:36:07
| train          | F: 347000 | S: 173500 | E: 347 | L: 1000 | R: 979.5908 | BS: 173500 | FPS: 66.7594 | T: 1:36:22
| train          | F: 348000 | S: 174000 | E: 348 | L: 1000 | R: 983.5745 | BS: 174000 | FPS: 72.9307 | T: 1:36:35
| train          | F: 349000 | S: 174500 | E: 349 | L: 1000 | R: 948.6827 | BS: 174500 | FPS: 69.2102 | T: 1:36:50
| train          | F: 350000 | S: 175000 | E: 350 | L: 1000 | R: 968.6260 | BS: 175000 | FPS: 70.5626 | T: 1:37:04
| eval           | F: 350000 | S: 175000 | E: 350 | L: 1000 | R: 992.6590 | T: 1:37:04
| train          | F: 351000 | S: 175500 | E: 351 | L: 1000 | R: 976.1038 | BS: 175500 | FPS: 24.8754 | T: 1:37:44
| train          | F: 352000 | S: 176000 | E: 352 | L: 1000 | R: 977.1026 | BS: 176000 | FPS: 72.3252 | T: 1:37:58
| train          | F: 353000 | S: 176500 | E: 353 | L: 1000 | R: 968.7422 | BS: 176500 | FPS: 70.5102 | T: 1:38:12
| train          | F: 354000 | S: 177000 | E: 354 | L: 1000 | R: 970.6951 | BS: 177000 | FPS: 70.3976 | T: 1:38:26
| train          | F: 355000 | S: 177500 | E: 355 | L: 1000 | R: 974.7727 | BS: 177500 | FPS: 69.0558 | T: 1:38:41
| train          | F: 356000 | S: 178000 | E: 356 | L: 1000 | R: 979.3315 | BS: 178000 | FPS: 68.9920 | T: 1:38:55
| train          | F: 357000 | S: 178500 | E: 357 | L: 1000 | R: 971.6134 | BS: 178500 | FPS: 69.6822 | T: 1:39:10
| train          | F: 358000 | S: 179000 | E: 358 | L: 1000 | R: 978.8267 | BS: 179000 | FPS: 55.5085 | T: 1:39:28
| train          | F: 359000 | S: 179500 | E: 359 | L: 1000 | R: 976.2586 | BS: 179500 | FPS: 68.1726 | T: 1:39:42
| train          | F: 360000 | S: 180000 | E: 360 | L: 1000 | R: 954.5318 | BS: 180000 | FPS: 68.5887 | T: 1:39:57
| eval           | F: 360000 | S: 180000 | E: 360 | L: 1000 | R: 998.0763 | T: 1:39:57
| train          | F: 361000 | S: 180500 | E: 361 | L: 1000 | R: 982.5985 | BS: 180500 | FPS: 25.0938 | T: 1:40:37
| train          | F: 362000 | S: 181000 | E: 362 | L: 1000 | R: 982.0560 | BS: 181000 | FPS: 69.0835 | T: 1:40:51
| train          | F: 363000 | S: 181500 | E: 363 | L: 1000 | R: 983.2218 | BS: 181500 | FPS: 69.2915 | T: 1:41:06
| train          | F: 364000 | S: 182000 | E: 364 | L: 1000 | R: 983.5994 | BS: 182000 | FPS: 70.5132 | T: 1:41:20
| train          | F: 365000 | S: 182500 | E: 365 | L: 1000 | R: 979.6429 | BS: 182500 | FPS: 67.2333 | T: 1:41:35
| train          | F: 366000 | S: 183000 | E: 366 | L: 1000 | R: 986.6186 | BS: 183000 | FPS: 68.8912 | T: 1:41:49
| train          | F: 367000 | S: 183500 | E: 367 | L: 1000 | R: 980.4639 | BS: 183500 | FPS: 71.0421 | T: 1:42:03
| train          | F: 368000 | S: 184000 | E: 368 | L: 1000 | R: 983.7546 | BS: 184000 | FPS: 70.8477 | T: 1:42:18
| train          | F: 369000 | S: 184500 | E: 369 | L: 1000 | R: 976.3282 | BS: 184500 | FPS: 69.1775 | T: 1:42:32
| train          | F: 370000 | S: 185000 | E: 370 | L: 1000 | R: 978.2037 | BS: 185000 | FPS: 69.2771 | T: 1:42:46
| eval           | F: 370000 | S: 185000 | E: 370 | L: 1000 | R: 998.6258 | T: 1:42:46
| train          | F: 371000 | S: 185500 | E: 371 | L: 1000 | R: 984.4241 | BS: 185500 | FPS: 24.7133 | T: 1:43:27
| train          | F: 372000 | S: 186000 | E: 372 | L: 1000 | R: 984.7959 | BS: 186000 | FPS: 70.2103 | T: 1:43:41
| train          | F: 373000 | S: 186500 | E: 373 | L: 1000 | R: 982.1561 | BS: 186500 | FPS: 70.7222 | T: 1:43:55
| train          | F: 374000 | S: 187000 | E: 374 | L: 1000 | R: 980.3955 | BS: 187000 | FPS: 72.8367 | T: 1:44:09
| train          | F: 375000 | S: 187500 | E: 375 | L: 1000 | R: 982.1091 | BS: 187500 | FPS: 73.7113 | T: 1:44:23
| train          | F: 376000 | S: 188000 | E: 376 | L: 1000 | R: 979.7863 | BS: 188000 | FPS: 71.1605 | T: 1:44:37
| train          | F: 377000 | S: 188500 | E: 377 | L: 1000 | R: 985.4134 | BS: 188500 | FPS: 71.8700 | T: 1:44:51
| train          | F: 378000 | S: 189000 | E: 378 | L: 1000 | R: 986.3124 | BS: 189000 | FPS: 70.4753 | T: 1:45:05
| train          | F: 379000 | S: 189500 | E: 379 | L: 1000 | R: 986.1823 | BS: 189500 | FPS: 58.4930 | T: 1:45:22
| train          | F: 380000 | S: 190000 | E: 380 | L: 1000 | R: 985.1335 | BS: 190000 | FPS: 63.3378 | T: 1:45:38
| eval           | F: 380000 | S: 190000 | E: 380 | L: 1000 | R: 997.5909 | T: 1:45:38
| train          | F: 381000 | S: 190500 | E: 381 | L: 1000 | R: 986.6452 | BS: 190500 | FPS: 26.7670 | T: 1:46:15
| train          | F: 382000 | S: 191000 | E: 382 | L: 1000 | R: 983.0734 | BS: 191000 | FPS: 69.1815 | T: 1:46:29
| train          | F: 383000 | S: 191500 | E: 383 | L: 1000 | R: 980.3109 | BS: 191500 | FPS: 70.6767 | T: 1:46:44
| train          | F: 384000 | S: 192000 | E: 384 | L: 1000 | R: 458.8089 | BS: 192000 | FPS: 71.4264 | T: 1:46:58
| train          | F: 385000 | S: 192500 | E: 385 | L: 1000 | R: 538.9219 | BS: 192500 | FPS: 69.6136 | T: 1:47:12
| train          | F: 386000 | S: 193000 | E: 386 | L: 1000 | R: 491.1709 | BS: 193000 | FPS: 68.0973 | T: 1:47:27
| train          | F: 387000 | S: 193500 | E: 387 | L: 1000 | R: 984.2503 | BS: 193500 | FPS: 66.3207 | T: 1:47:42
| train          | F: 388000 | S: 194000 | E: 388 | L: 1000 | R: 970.0744 | BS: 194000 | FPS: 69.4058 | T: 1:47:56
| train          | F: 389000 | S: 194500 | E: 389 | L: 1000 | R: 975.8092 | BS: 194500 | FPS: 68.2047 | T: 1:48:11
| train          | F: 390000 | S: 195000 | E: 390 | L: 1000 | R: 968.2494 | BS: 195000 | FPS: 69.8998 | T: 1:48:25
| eval           | F: 390000 | S: 195000 | E: 390 | L: 1000 | R: 993.9864 | T: 1:48:25
| train          | F: 391000 | S: 195500 | E: 391 | L: 1000 | R: 967.6243 | BS: 195500 | FPS: 25.9989 | T: 1:49:04
| train          | F: 392000 | S: 196000 | E: 392 | L: 1000 | R: 971.9031 | BS: 196000 | FPS: 71.5264 | T: 1:49:18
| train          | F: 393000 | S: 196500 | E: 393 | L: 1000 | R: 973.3718 | BS: 196500 | FPS: 68.1543 | T: 1:49:32
| train          | F: 394000 | S: 197000 | E: 394 | L: 1000 | R: 976.8898 | BS: 197000 | FPS: 55.5524 | T: 1:49:50
| train          | F: 395000 | S: 197500 | E: 395 | L: 1000 | R: 978.1105 | BS: 197500 | FPS: 55.5963 | T: 1:50:08
| train          | F: 396000 | S: 198000 | E: 396 | L: 1000 | R: 978.0515 | BS: 198000 | FPS: 63.8825 | T: 1:50:24
| train          | F: 397000 | S: 198500 | E: 397 | L: 1000 | R: 978.2632 | BS: 198500 | FPS: 68.1458 | T: 1:50:39
| train          | F: 398000 | S: 199000 | E: 398 | L: 1000 | R: 979.9039 | BS: 199000 | FPS: 69.3566 | T: 1:50:53
| train          | F: 399000 | S: 199500 | E: 399 | L: 1000 | R: 979.6129 | BS: 199500 | FPS: 65.9123 | T: 1:51:08
| train          | F: 400000 | S: 200000 | E: 400 | L: 1000 | R: 981.6047 | BS: 200000 | FPS: 62.4765 | T: 1:51:24
| eval           | F: 400000 | S: 200000 | E: 400 | L: 1000 | R: 996.9789 | T: 1:51:24
| train          | F: 401000 | S: 200500 | E: 401 | L: 1000 | R: 980.5240 | BS: 200500 | FPS: 24.6748 | T: 1:52:05
| train          | F: 402000 | S: 201000 | E: 402 | L: 1000 | R: 974.8221 | BS: 201000 | FPS: 65.3849 | T: 1:52:20
| train          | F: 403000 | S: 201500 | E: 403 | L: 1000 | R: 966.3210 | BS: 201500 | FPS: 65.2973 | T: 1:52:35
| train          | F: 404000 | S: 202000 | E: 404 | L: 1000 | R: 958.2106 | BS: 202000 | FPS: 72.3726 | T: 1:52:49
| train          | F: 405000 | S: 202500 | E: 405 | L: 1000 | R: 963.6834 | BS: 202500 | FPS: 69.6318 | T: 1:53:03
| train          | F: 406000 | S: 203000 | E: 406 | L: 1000 | R: 966.1503 | BS: 203000 | FPS: 73.5447 | T: 1:53:17
| train          | F: 407000 | S: 203500 | E: 407 | L: 1000 | R: 974.9189 | BS: 203500 | FPS: 68.7585 | T: 1:53:32
| train          | F: 408000 | S: 204000 | E: 408 | L: 1000 | R: 982.3550 | BS: 204000 | FPS: 70.5525 | T: 1:53:46
| train          | F: 409000 | S: 204500 | E: 409 | L: 1000 | R: 982.2860 | BS: 204500 | FPS: 66.6236 | T: 1:54:01
| train          | F: 410000 | S: 205000 | E: 410 | L: 1000 | R: 974.2591 | BS: 205000 | FPS: 57.3398 | T: 1:54:18
| eval           | F: 410000 | S: 205000 | E: 410 | L: 1000 | R: 971.3756 | T: 1:54:18
| train          | F: 411000 | S: 205500 | E: 411 | L: 1000 | R: 792.3360 | BS: 205500 | FPS: 24.4352 | T: 1:54:59
| train          | F: 412000 | S: 206000 | E: 412 | L: 1000 | R: 982.4280 | BS: 206000 | FPS: 73.1898 | T: 1:55:13
| train          | F: 413000 | S: 206500 | E: 413 | L: 1000 | R: 960.0352 | BS: 206500 | FPS: 71.7334 | T: 1:55:27
| train          | F: 414000 | S: 207000 | E: 414 | L: 1000 | R: 981.4421 | BS: 207000 | FPS: 67.8161 | T: 1:55:41
| train          | F: 415000 | S: 207500 | E: 415 | L: 1000 | R: 978.2323 | BS: 207500 | FPS: 71.1659 | T: 1:55:56
| train          | F: 416000 | S: 208000 | E: 416 | L: 1000 | R: 976.8154 | BS: 208000 | FPS: 69.7364 | T: 1:56:10
| train          | F: 417000 | S: 208500 | E: 417 | L: 1000 | R: 976.2128 | BS: 208500 | FPS: 67.6303 | T: 1:56:25
| train          | F: 418000 | S: 209000 | E: 418 | L: 1000 | R: 975.4409 | BS: 209000 | FPS: 69.1016 | T: 1:56:39
| train          | F: 419000 | S: 209500 | E: 419 | L: 1000 | R: 959.9020 | BS: 209500 | FPS: 58.6830 | T: 1:56:56
| train          | F: 420000 | S: 210000 | E: 420 | L: 1000 | R: 981.4112 | BS: 210000 | FPS: 66.6542 | T: 1:57:11
| eval           | F: 420000 | S: 210000 | E: 420 | L: 1000 | R: 986.1732 | T: 1:57:11
| train          | F: 421000 | S: 210500 | E: 421 | L: 1000 | R: 980.2201 | BS: 210500 | FPS: 24.9911 | T: 1:57:51
| train          | F: 422000 | S: 211000 | E: 422 | L: 1000 | R: 969.9833 | BS: 211000 | FPS: 71.6217 | T: 1:58:05
| train          | F: 423000 | S: 211500 | E: 423 | L: 1000 | R: 948.2590 | BS: 211500 | FPS: 67.4505 | T: 1:58:20
| train          | F: 424000 | S: 212000 | E: 424 | L: 1000 | R: 951.1603 | BS: 212000 | FPS: 70.3296 | T: 1:58:34
| train          | F: 425000 | S: 212500 | E: 425 | L: 1000 | R: 964.0041 | BS: 212500 | FPS: 69.8561 | T: 1:58:49
| train          | F: 426000 | S: 213000 | E: 426 | L: 1000 | R: 980.0540 | BS: 213000 | FPS: 71.3115 | T: 1:59:03
| train          | F: 427000 | S: 213500 | E: 427 | L: 1000 | R: 970.8231 | BS: 213500 | FPS: 69.7169 | T: 1:59:17
| train          | F: 428000 | S: 214000 | E: 428 | L: 1000 | R: 977.0879 | BS: 214000 | FPS: 67.8842 | T: 1:59:32
| train          | F: 429000 | S: 214500 | E: 429 | L: 1000 | R: 975.4802 | BS: 214500 | FPS: 68.9915 | T: 1:59:46
| train          | F: 430000 | S: 215000 | E: 430 | L: 1000 | R: 974.5664 | BS: 215000 | FPS: 69.9833 | T: 2:00:00
| eval           | F: 430000 | S: 215000 | E: 430 | L: 1000 | R: 983.6857 | T: 2:00:00
| train          | F: 431000 | S: 215500 | E: 431 | L: 1000 | R: 973.4494 | BS: 215500 | FPS: 24.6219 | T: 2:00:41
| train          | F: 432000 | S: 216000 | E: 432 | L: 1000 | R: 979.7066 | BS: 216000 | FPS: 69.3668 | T: 2:00:55
| train          | F: 433000 | S: 216500 | E: 433 | L: 1000 | R: 979.4926 | BS: 216500 | FPS: 67.1742 | T: 2:01:10
| train          | F: 434000 | S: 217000 | E: 434 | L: 1000 | R: 959.2266 | BS: 217000 | FPS: 69.6004 | T: 2:01:25
| train          | F: 435000 | S: 217500 | E: 435 | L: 1000 | R: 974.6486 | BS: 217500 | FPS: 72.3749 | T: 2:01:38
| train          | F: 436000 | S: 218000 | E: 436 | L: 1000 | R: 979.1015 | BS: 218000 | FPS: 68.1461 | T: 2:01:53
| train          | F: 437000 | S: 218500 | E: 437 | L: 1000 | R: 983.0612 | BS: 218500 | FPS: 67.5213 | T: 2:02:08
| train          | F: 438000 | S: 219000 | E: 438 | L: 1000 | R: 984.3569 | BS: 219000 | FPS: 70.3094 | T: 2:02:22
| train          | F: 439000 | S: 219500 | E: 439 | L: 1000 | R: 982.5109 | BS: 219500 | FPS: 71.1627 | T: 2:02:36
| train          | F: 440000 | S: 220000 | E: 440 | L: 1000 | R: 978.9691 | BS: 220000 | FPS: 70.7591 | T: 2:02:50
| eval           | F: 440000 | S: 220000 | E: 440 | L: 1000 | R: 995.4163 | T: 2:02:50
| train          | F: 441000 | S: 220500 | E: 441 | L: 1000 | R: 982.2008 | BS: 220500 | FPS: 23.7997 | T: 2:03:32
| train          | F: 442000 | S: 221000 | E: 442 | L: 1000 | R: 984.3063 | BS: 221000 | FPS: 68.3378 | T: 2:03:47
| train          | F: 443000 | S: 221500 | E: 443 | L: 1000 | R: 982.1733 | BS: 221500 | FPS: 70.7023 | T: 2:04:01
| train          | F: 444000 | S: 222000 | E: 444 | L: 1000 | R: 977.4526 | BS: 222000 | FPS: 69.9123 | T: 2:04:15
| train          | F: 445000 | S: 222500 | E: 445 | L: 1000 | R: 980.7380 | BS: 222500 | FPS: 68.9574 | T: 2:04:30
| train          | F: 446000 | S: 223000 | E: 446 | L: 1000 | R: 978.4383 | BS: 223000 | FPS: 68.1489 | T: 2:04:45
| train          | F: 447000 | S: 223500 | E: 447 | L: 1000 | R: 981.0647 | BS: 223500 | FPS: 67.1385 | T: 2:05:00
| train          | F: 448000 | S: 224000 | E: 448 | L: 1000 | R: 983.5427 | BS: 224000 | FPS: 66.8320 | T: 2:05:15
| train          | F: 449000 | S: 224500 | E: 449 | L: 1000 | R: 981.4460 | BS: 224500 | FPS: 65.9873 | T: 2:05:30
| train          | F: 450000 | S: 225000 | E: 450 | L: 1000 | R: 982.6097 | BS: 225000 | FPS: 71.3268 | T: 2:05:44
| eval           | F: 450000 | S: 225000 | E: 450 | L: 1000 | R: 983.8557 | T: 2:05:44
| train          | F: 451000 | S: 225500 | E: 451 | L: 1000 | R: 980.7166 | BS: 225500 | FPS: 24.9145 | T: 2:06:24
| train          | F: 452000 | S: 226000 | E: 452 | L: 1000 | R: 979.2675 | BS: 226000 | FPS: 69.3441 | T: 2:06:38
| train          | F: 453000 | S: 226500 | E: 453 | L: 1000 | R: 980.9209 | BS: 226500 | FPS: 69.6818 | T: 2:06:53
| train          | F: 454000 | S: 227000 | E: 454 | L: 1000 | R: 971.0890 | BS: 227000 | FPS: 69.9575 | T: 2:07:07
| train          | F: 455000 | S: 227500 | E: 455 | L: 1000 | R: 978.5215 | BS: 227500 | FPS: 71.4832 | T: 2:07:21
| train          | F: 456000 | S: 228000 | E: 456 | L: 1000 | R: 985.8175 | BS: 228000 | FPS: 60.4969 | T: 2:07:37
| train          | F: 457000 | S: 228500 | E: 457 | L: 1000 | R: 981.6549 | BS: 228500 | FPS: 70.9301 | T: 2:07:52
| train          | F: 458000 | S: 229000 | E: 458 | L: 1000 | R: 981.9213 | BS: 229000 | FPS: 69.6230 | T: 2:08:06
| train          | F: 459000 | S: 229500 | E: 459 | L: 1000 | R: 978.5719 | BS: 229500 | FPS: 68.1380 | T: 2:08:21
| train          | F: 460000 | S: 230000 | E: 460 | L: 1000 | R: 981.3558 | BS: 230000 | FPS: 70.8785 | T: 2:08:35
| eval           | F: 460000 | S: 230000 | E: 460 | L: 1000 | R: 993.8738 | T: 2:08:35
| train          | F: 461000 | S: 230500 | E: 461 | L: 1000 | R: 968.8682 | BS: 230500 | FPS: 24.8988 | T: 2:09:15
| train          | F: 462000 | S: 231000 | E: 462 | L: 1000 | R: 979.1159 | BS: 231000 | FPS: 71.4671 | T: 2:09:29
| train          | F: 463000 | S: 231500 | E: 463 | L: 1000 | R: 978.3379 | BS: 231500 | FPS: 66.6356 | T: 2:09:44
| train          | F: 464000 | S: 232000 | E: 464 | L: 1000 | R: 980.8516 | BS: 232000 | FPS: 61.4361 | T: 2:10:00
| train          | F: 465000 | S: 232500 | E: 465 | L: 1000 | R: 980.5598 | BS: 232500 | FPS: 60.0727 | T: 2:10:17
| train          | F: 466000 | S: 233000 | E: 466 | L: 1000 | R: 978.3855 | BS: 233000 | FPS: 60.8273 | T: 2:10:33
| train          | F: 467000 | S: 233500 | E: 467 | L: 1000 | R: 980.1384 | BS: 233500 | FPS: 67.4705 | T: 2:10:48
| train          | F: 468000 | S: 234000 | E: 468 | L: 1000 | R: 973.9899 | BS: 234000 | FPS: 71.3184 | T: 2:11:02
| train          | F: 469000 | S: 234500 | E: 469 | L: 1000 | R: 963.9468 | BS: 234500 | FPS: 71.6411 | T: 2:11:16
| train          | F: 470000 | S: 235000 | E: 470 | L: 1000 | R: 974.2162 | BS: 235000 | FPS: 66.7866 | T: 2:11:31
| eval           | F: 470000 | S: 235000 | E: 470 | L: 1000 | R: 996.8938 | T: 2:11:31
| train          | F: 471000 | S: 235500 | E: 471 | L: 1000 | R: 982.1818 | BS: 235500 | FPS: 25.6661 | T: 2:12:10
| train          | F: 472000 | S: 236000 | E: 472 | L: 1000 | R: 983.9134 | BS: 236000 | FPS: 71.9410 | T: 2:12:24
| train          | F: 473000 | S: 236500 | E: 473 | L: 1000 | R: 974.7661 | BS: 236500 | FPS: 70.9654 | T: 2:12:38
| train          | F: 474000 | S: 237000 | E: 474 | L: 1000 | R: 981.8180 | BS: 237000 | FPS: 73.8609 | T: 2:12:51
| train          | F: 475000 | S: 237500 | E: 475 | L: 1000 | R: 972.6558 | BS: 237500 | FPS: 70.3075 | T: 2:13:06
| train          | F: 476000 | S: 238000 | E: 476 | L: 1000 | R: 966.7461 | BS: 238000 | FPS: 68.6565 | T: 2:13:20
| train          | F: 477000 | S: 238500 | E: 477 | L: 1000 | R: 976.2288 | BS: 238500 | FPS: 68.5123 | T: 2:13:35
| train          | F: 478000 | S: 239000 | E: 478 | L: 1000 | R: 980.2461 | BS: 239000 | FPS: 68.6103 | T: 2:13:49
| train          | F: 479000 | S: 239500 | E: 479 | L: 1000 | R: 975.4880 | BS: 239500 | FPS: 69.5935 | T: 2:14:04
| train          | F: 480000 | S: 240000 | E: 480 | L: 1000 | R: 980.9880 | BS: 240000 | FPS: 70.5703 | T: 2:14:18
| eval           | F: 480000 | S: 240000 | E: 480 | L: 1000 | R: 998.8527 | T: 2:14:18
| train          | F: 481000 | S: 240500 | E: 481 | L: 1000 | R: 980.3348 | BS: 240500 | FPS: 26.6781 | T: 2:14:55
| train          | F: 482000 | S: 241000 | E: 482 | L: 1000 | R: 980.3566 | BS: 241000 | FPS: 72.3701 | T: 2:15:09
| train          | F: 483000 | S: 241500 | E: 483 | L: 1000 | R: 969.4505 | BS: 241500 | FPS: 70.1470 | T: 2:15:24
| train          | F: 484000 | S: 242000 | E: 484 | L: 1000 | R: 973.7672 | BS: 242000 | FPS: 71.8891 | T: 2:15:37
| train          | F: 485000 | S: 242500 | E: 485 | L: 1000 | R: 969.7919 | BS: 242500 | FPS: 67.1224 | T: 2:15:52
| train          | F: 486000 | S: 243000 | E: 486 | L: 1000 | R: 970.4958 | BS: 243000 | FPS: 56.4718 | T: 2:16:10
| train          | F: 487000 | S: 243500 | E: 487 | L: 1000 | R: 976.6568 | BS: 243500 | FPS: 63.0717 | T: 2:16:26
| train          | F: 488000 | S: 244000 | E: 488 | L: 1000 | R: 958.8703 | BS: 244000 | FPS: 70.2762 | T: 2:16:40
| train          | F: 489000 | S: 244500 | E: 489 | L: 1000 | R: 969.6151 | BS: 244500 | FPS: 67.9467 | T: 2:16:55
| train          | F: 490000 | S: 245000 | E: 490 | L: 1000 | R: 976.3409 | BS: 245000 | FPS: 72.3600 | T: 2:17:09
| eval           | F: 490000 | S: 245000 | E: 490 | L: 1000 | R: 964.6134 | T: 2:17:09
| train          | F: 491000 | S: 245500 | E: 491 | L: 1000 | R: 940.7001 | BS: 245500 | FPS: 25.2382 | T: 2:17:48
| train          | F: 492000 | S: 246000 | E: 492 | L: 1000 | R: 961.3635 | BS: 246000 | FPS: 69.0209 | T: 2:18:03
| train          | F: 493000 | S: 246500 | E: 493 | L: 1000 | R: 960.5621 | BS: 246500 | FPS: 72.2740 | T: 2:18:17
| train          | F: 494000 | S: 247000 | E: 494 | L: 1000 | R: 970.3608 | BS: 247000 | FPS: 70.3152 | T: 2:18:31
| train          | F: 495000 | S: 247500 | E: 495 | L: 1000 | R: 976.5663 | BS: 247500 | FPS: 68.2639 | T: 2:18:45
| train          | F: 496000 | S: 248000 | E: 496 | L: 1000 | R: 978.8323 | BS: 248000 | FPS: 71.2076 | T: 2:19:00
| train          | F: 497000 | S: 248500 | E: 497 | L: 1000 | R: 977.1035 | BS: 248500 | FPS: 71.0063 | T: 2:19:14
| train          | F: 498000 | S: 249000 | E: 498 | L: 1000 | R: 971.5495 | BS: 249000 | FPS: 71.5026 | T: 2:19:28
| train          | F: 499000 | S: 249500 | E: 499 | L: 1000 | R: 973.0478 | BS: 249500 | FPS: 69.7418 | T: 2:19:42
| train          | F: 500000 | S: 250000 | E: 500 | L: 1000 | R: 981.1790 | BS: 250000 | FPS: 69.6079 | T: 2:19:56
| eval           | F: 500000 | S: 250000 | E: 500 | L: 1000 | R: 990.7778 | T: 2:19:56
| train          | F: 501000 | S: 250500 | E: 501 | L: 1000 | R: 974.6139 | BS: 250500 | FPS: 24.4572 | T: 2:20:37
| train          | F: 502000 | S: 251000 | E: 502 | L: 1000 | R: 974.1795 | BS: 251000 | FPS: 73.8643 | T: 2:20:51
| train          | F: 503000 | S: 251500 | E: 503 | L: 1000 | R: 971.8894 | BS: 251500 | FPS: 71.3111 | T: 2:21:05
| train          | F: 504000 | S: 252000 | E: 504 | L: 1000 | R: 974.3642 | BS: 252000 | FPS: 58.4425 | T: 2:21:22
| train          | F: 505000 | S: 252500 | E: 505 | L: 1000 | R: 964.8550 | BS: 252500 | FPS: 68.6991 | T: 2:21:36
| train          | F: 506000 | S: 253000 | E: 506 | L: 1000 | R: 980.9259 | BS: 253000 | FPS: 70.0892 | T: 2:21:51
| train          | F: 507000 | S: 253500 | E: 507 | L: 1000 | R: 963.8026 | BS: 253500 | FPS: 70.1980 | T: 2:22:05
| train          | F: 508000 | S: 254000 | E: 508 | L: 1000 | R: 980.5041 | BS: 254000 | FPS: 71.2501 | T: 2:22:19
| train          | F: 509000 | S: 254500 | E: 509 | L: 1000 | R: 985.6473 | BS: 254500 | FPS: 71.5406 | T: 2:22:33
