/workspace/learn-si2e/SI2E/SI2E_DrQv2/train.py:210: UserWarning: 
The version_base parameter is not specified.
Please specify a compatability version level, or None.
Will assume defaults for version 1.1
  @hydra.main(config_path='cfgs', config_name='config')
/usr/local/lib/python3.10/dist-packages/hydra/_internal/hydra.py:119: UserWarning: Future Hydra versions will no longer change working directory at job runtime by default.
See https://hydra.cc/docs/1.2/upgrades/1.1_to_1.2/changes_to_job_working_dir/ for more information.
  ret = run_job(
/workspace/learn-si2e/SI2E/SI2E_DrQv2/train.py:210: UserWarning: 
The version_base parameter is not specified.
Please specify a compatability version level, or None.
Will assume defaults for version 1.1
  @hydra.main(config_path='cfgs', config_name='config')
workspace: /workspace/learn-si2e/results/drqv2-official/cheetah_run_se_seed1
| eval           | F: 0 | S: 0 | E: 0 | L: 1000 | R: 0.2346 | T: 0:00:00
| train          | F: 5000 | S: 2500 | E: 5 | L: 1000 | R: 4.4796 | BS: 2500 | FPS: 29.2909 | T: 0:00:34
| train          | F: 6000 | S: 3000 | E: 6 | L: 1000 | R: 3.2885 | BS: 3000 | FPS: 113.1028 | T: 0:00:42
| train          | F: 7000 | S: 3500 | E: 7 | L: 1000 | R: 2.7913 | BS: 3500 | FPS: 111.6267 | T: 0:00:51
| train          | F: 8000 | S: 4000 | E: 8 | L: 1000 | R: 6.3133 | BS: 4000 | FPS: 107.1670 | T: 0:01:01
| train          | F: 9000 | S: 4500 | E: 9 | L: 1000 | R: 4.5780 | BS: 4500 | FPS: 109.5091 | T: 0:01:10
| train          | F: 10000 | S: 5000 | E: 10 | L: 1000 | R: 4.7664 | BS: 5000 | FPS: 106.0695 | T: 0:01:19
| eval           | F: 10000 | S: 5000 | E: 10 | L: 1000 | R: 1.2193 | T: 0:01:19
| train          | F: 11000 | S: 5500 | E: 11 | L: 1000 | R: 5.3499 | BS: 5500 | FPS: 38.2806 | T: 0:01:45
| train          | F: 12000 | S: 6000 | E: 12 | L: 1000 | R: 4.8550 | BS: 6000 | FPS: 103.7625 | T: 0:01:55
| train          | F: 13000 | S: 6500 | E: 13 | L: 1000 | R: 3.7141 | BS: 6500 | FPS: 102.1550 | T: 0:02:05
| train          | F: 14000 | S: 7000 | E: 14 | L: 1000 | R: 3.8944 | BS: 7000 | FPS: 103.0053 | T: 0:02:15
| train          | F: 15000 | S: 7500 | E: 15 | L: 1000 | R: 3.6154 | BS: 7500 | FPS: 108.2792 | T: 0:02:24
| train          | F: 16000 | S: 8000 | E: 16 | L: 1000 | R: 3.7230 | BS: 8000 | FPS: 107.2784 | T: 0:02:33
| train          | F: 17000 | S: 8500 | E: 17 | L: 1000 | R: 3.7822 | BS: 8500 | FPS: 104.3735 | T: 0:02:43
| train          | F: 18000 | S: 9000 | E: 18 | L: 1000 | R: 4.4080 | BS: 9000 | FPS: 98.0859 | T: 0:02:53
| train          | F: 19000 | S: 9500 | E: 19 | L: 1000 | R: 3.4025 | BS: 9500 | FPS: 104.1832 | T: 0:03:03
| train          | F: 20000 | S: 10000 | E: 20 | L: 1000 | R: 3.9497 | BS: 10000 | FPS: 107.4086 | T: 0:03:12
| eval           | F: 20000 | S: 10000 | E: 20 | L: 1000 | R: 0.5210 | T: 0:03:12
| train          | F: 21000 | S: 10500 | E: 21 | L: 1000 | R: 4.6067 | BS: 10500 | FPS: 38.8088 | T: 0:03:38
| train          | F: 22000 | S: 11000 | E: 22 | L: 1000 | R: 4.8076 | BS: 11000 | FPS: 109.2349 | T: 0:03:47
| train          | F: 23000 | S: 11500 | E: 23 | L: 1000 | R: 3.2080 | BS: 11500 | FPS: 108.1485 | T: 0:03:56
| train          | F: 24000 | S: 12000 | E: 24 | L: 1000 | R: 8.7974 | BS: 12000 | FPS: 107.4890 | T: 0:04:05
| train          | F: 25000 | S: 12500 | E: 25 | L: 1000 | R: 5.0336 | BS: 12500 | FPS: 106.5358 | T: 0:04:15
| train          | F: 26000 | S: 13000 | E: 26 | L: 1000 | R: 4.4783 | BS: 13000 | FPS: 103.0534 | T: 0:04:24
| train          | F: 27000 | S: 13500 | E: 27 | L: 1000 | R: 4.9350 | BS: 13500 | FPS: 106.4357 | T: 0:04:34
| train          | F: 28000 | S: 14000 | E: 28 | L: 1000 | R: 4.9680 | BS: 14000 | FPS: 104.8311 | T: 0:04:43
| train          | F: 29000 | S: 14500 | E: 29 | L: 1000 | R: 4.6991 | BS: 14500 | FPS: 105.6626 | T: 0:04:53
| train          | F: 30000 | S: 15000 | E: 30 | L: 1000 | R: 4.8291 | BS: 15000 | FPS: 104.8504 | T: 0:05:02
| eval           | F: 30000 | S: 15000 | E: 30 | L: 1000 | R: 2.1270 | T: 0:05:02
| train          | F: 31000 | S: 15500 | E: 31 | L: 1000 | R: 5.2970 | BS: 15500 | FPS: 37.7146 | T: 0:05:29
| train          | F: 32000 | S: 16000 | E: 32 | L: 1000 | R: 5.4386 | BS: 16000 | FPS: 108.7870 | T: 0:05:38
| train          | F: 33000 | S: 16500 | E: 33 | L: 1000 | R: 4.1860 | BS: 16500 | FPS: 108.3534 | T: 0:05:47
| train          | F: 34000 | S: 17000 | E: 34 | L: 1000 | R: 3.8657 | BS: 17000 | FPS: 106.5886 | T: 0:05:57
| train          | F: 35000 | S: 17500 | E: 35 | L: 1000 | R: 4.9447 | BS: 17500 | FPS: 100.4716 | T: 0:06:07
| train          | F: 36000 | S: 18000 | E: 36 | L: 1000 | R: 4.4392 | BS: 18000 | FPS: 102.2877 | T: 0:06:16
| train          | F: 37000 | S: 18500 | E: 37 | L: 1000 | R: 4.0606 | BS: 18500 | FPS: 105.3952 | T: 0:06:26
| train          | F: 38000 | S: 19000 | E: 38 | L: 1000 | R: 5.8062 | BS: 19000 | FPS: 96.2477 | T: 0:06:36
| train          | F: 39000 | S: 19500 | E: 39 | L: 1000 | R: 4.5442 | BS: 19500 | FPS: 95.9962 | T: 0:06:47
| train          | F: 40000 | S: 20000 | E: 40 | L: 1000 | R: 5.5809 | BS: 20000 | FPS: 103.1523 | T: 0:06:56
| eval           | F: 40000 | S: 20000 | E: 40 | L: 1000 | R: 2.1960 | T: 0:06:56
| train          | F: 41000 | S: 20500 | E: 41 | L: 1000 | R: 4.8182 | BS: 20500 | FPS: 38.5970 | T: 0:07:22
| train          | F: 42000 | S: 21000 | E: 42 | L: 1000 | R: 5.9180 | BS: 21000 | FPS: 105.5393 | T: 0:07:32
| train          | F: 43000 | S: 21500 | E: 43 | L: 1000 | R: 4.3422 | BS: 21500 | FPS: 103.1881 | T: 0:07:41
| train          | F: 44000 | S: 22000 | E: 44 | L: 1000 | R: 2.2320 | BS: 22000 | FPS: 97.0288 | T: 0:07:52
| train          | F: 45000 | S: 22500 | E: 45 | L: 1000 | R: 1.9612 | BS: 22500 | FPS: 97.9821 | T: 0:08:02
| train          | F: 46000 | S: 23000 | E: 46 | L: 1000 | R: 2.1575 | BS: 23000 | FPS: 106.4048 | T: 0:08:11
| train          | F: 47000 | S: 23500 | E: 47 | L: 1000 | R: 1.8838 | BS: 23500 | FPS: 104.3742 | T: 0:08:21
| train          | F: 48000 | S: 24000 | E: 48 | L: 1000 | R: 2.2742 | BS: 24000 | FPS: 103.8286 | T: 0:08:31
| train          | F: 49000 | S: 24500 | E: 49 | L: 1000 | R: 1.9704 | BS: 24500 | FPS: 99.5158 | T: 0:08:41
| train          | F: 50000 | S: 25000 | E: 50 | L: 1000 | R: 2.2405 | BS: 25000 | FPS: 101.3156 | T: 0:08:50
| eval           | F: 50000 | S: 25000 | E: 50 | L: 1000 | R: 0.1817 | T: 0:08:50
| train          | F: 51000 | S: 25500 | E: 51 | L: 1000 | R: 1.9206 | BS: 25500 | FPS: 35.3117 | T: 0:09:19
| train          | F: 52000 | S: 26000 | E: 52 | L: 1000 | R: 2.1308 | BS: 26000 | FPS: 107.8955 | T: 0:09:28
| train          | F: 53000 | S: 26500 | E: 53 | L: 1000 | R: 1.9642 | BS: 26500 | FPS: 108.7593 | T: 0:09:37
| train          | F: 54000 | S: 27000 | E: 54 | L: 1000 | R: 1.8812 | BS: 27000 | FPS: 107.1328 | T: 0:09:47
| train          | F: 55000 | S: 27500 | E: 55 | L: 1000 | R: 2.1131 | BS: 27500 | FPS: 108.0556 | T: 0:09:56
| train          | F: 56000 | S: 28000 | E: 56 | L: 1000 | R: 2.1214 | BS: 28000 | FPS: 106.7177 | T: 0:10:05
| train          | F: 57000 | S: 28500 | E: 57 | L: 1000 | R: 1.6314 | BS: 28500 | FPS: 106.5819 | T: 0:10:15
| train          | F: 58000 | S: 29000 | E: 58 | L: 1000 | R: 2.0940 | BS: 29000 | FPS: 104.5119 | T: 0:10:24
| train          | F: 59000 | S: 29500 | E: 59 | L: 1000 | R: 2.0518 | BS: 29500 | FPS: 104.5992 | T: 0:10:34
| train          | F: 60000 | S: 30000 | E: 60 | L: 1000 | R: 2.0637 | BS: 30000 | FPS: 102.7632 | T: 0:10:43
| eval           | F: 60000 | S: 30000 | E: 60 | L: 1000 | R: 0.1740 | T: 0:10:43
| train          | F: 61000 | S: 30500 | E: 61 | L: 1000 | R: 2.0931 | BS: 30500 | FPS: 38.0306 | T: 0:11:10
| train          | F: 62000 | S: 31000 | E: 62 | L: 1000 | R: 1.8640 | BS: 31000 | FPS: 106.2127 | T: 0:11:19
| train          | F: 63000 | S: 31500 | E: 63 | L: 1000 | R: 2.0135 | BS: 31500 | FPS: 104.2282 | T: 0:11:29
| train          | F: 64000 | S: 32000 | E: 64 | L: 1000 | R: 2.0939 | BS: 32000 | FPS: 105.4059 | T: 0:11:38
| train          | F: 65000 | S: 32500 | E: 65 | L: 1000 | R: 1.9760 | BS: 32500 | FPS: 103.5617 | T: 0:11:48
| train          | F: 66000 | S: 33000 | E: 66 | L: 1000 | R: 2.0271 | BS: 33000 | FPS: 102.3380 | T: 0:11:58
| train          | F: 67000 | S: 33500 | E: 67 | L: 1000 | R: 4.3375 | BS: 33500 | FPS: 103.1575 | T: 0:12:07
| train          | F: 68000 | S: 34000 | E: 68 | L: 1000 | R: 3.4502 | BS: 34000 | FPS: 103.8643 | T: 0:12:17
| train          | F: 69000 | S: 34500 | E: 69 | L: 1000 | R: 3.4666 | BS: 34500 | FPS: 97.8810 | T: 0:12:27
| train          | F: 70000 | S: 35000 | E: 70 | L: 1000 | R: 3.4176 | BS: 35000 | FPS: 100.7822 | T: 0:12:37
| eval           | F: 70000 | S: 35000 | E: 70 | L: 1000 | R: 0.5397 | T: 0:12:37
| train          | F: 71000 | S: 35500 | E: 71 | L: 1000 | R: 3.9137 | BS: 35500 | FPS: 34.0776 | T: 0:13:06
| train          | F: 72000 | S: 36000 | E: 72 | L: 1000 | R: 3.4883 | BS: 36000 | FPS: 107.8288 | T: 0:13:16
| train          | F: 73000 | S: 36500 | E: 73 | L: 1000 | R: 2.8795 | BS: 36500 | FPS: 96.9432 | T: 0:13:26
| train          | F: 74000 | S: 37000 | E: 74 | L: 1000 | R: 4.0043 | BS: 37000 | FPS: 96.3527 | T: 0:13:36
| train          | F: 75000 | S: 37500 | E: 75 | L: 1000 | R: 3.9728 | BS: 37500 | FPS: 96.9806 | T: 0:13:47
| train          | F: 76000 | S: 38000 | E: 76 | L: 1000 | R: 3.0551 | BS: 38000 | FPS: 98.9269 | T: 0:13:57
| train          | F: 77000 | S: 38500 | E: 77 | L: 1000 | R: 3.6831 | BS: 38500 | FPS: 98.8267 | T: 0:14:07
| train          | F: 78000 | S: 39000 | E: 78 | L: 1000 | R: 2.9494 | BS: 39000 | FPS: 94.8214 | T: 0:14:18
| train          | F: 79000 | S: 39500 | E: 79 | L: 1000 | R: 3.8389 | BS: 39500 | FPS: 98.4124 | T: 0:14:28
| train          | F: 80000 | S: 40000 | E: 80 | L: 1000 | R: 3.6780 | BS: 40000 | FPS: 105.5120 | T: 0:14:37
| eval           | F: 80000 | S: 40000 | E: 80 | L: 1000 | R: 0.5031 | T: 0:14:37
| train          | F: 81000 | S: 40500 | E: 81 | L: 1000 | R: 3.4757 | BS: 40500 | FPS: 33.8127 | T: 0:15:07
| train          | F: 82000 | S: 41000 | E: 82 | L: 1000 | R: 3.4160 | BS: 41000 | FPS: 98.0352 | T: 0:15:17
| train          | F: 83000 | S: 41500 | E: 83 | L: 1000 | R: 5.7674 | BS: 41500 | FPS: 96.6549 | T: 0:15:27
| train          | F: 84000 | S: 42000 | E: 84 | L: 1000 | R: 3.9565 | BS: 42000 | FPS: 103.2804 | T: 0:15:37
| train          | F: 85000 | S: 42500 | E: 85 | L: 1000 | R: 3.7074 | BS: 42500 | FPS: 100.2448 | T: 0:15:47
| train          | F: 86000 | S: 43000 | E: 86 | L: 1000 | R: 4.4512 | BS: 43000 | FPS: 102.8587 | T: 0:15:57
| train          | F: 87000 | S: 43500 | E: 87 | L: 1000 | R: 4.3680 | BS: 43500 | FPS: 105.0249 | T: 0:16:06
| train          | F: 88000 | S: 44000 | E: 88 | L: 1000 | R: 4.3536 | BS: 44000 | FPS: 101.1698 | T: 0:16:16
| train          | F: 89000 | S: 44500 | E: 89 | L: 1000 | R: 3.3832 | BS: 44500 | FPS: 101.7259 | T: 0:16:26
| train          | F: 90000 | S: 45000 | E: 90 | L: 1000 | R: 4.3567 | BS: 45000 | FPS: 99.5052 | T: 0:16:36
| eval           | F: 90000 | S: 45000 | E: 90 | L: 1000 | R: 0.6646 | T: 0:16:36
| train          | F: 91000 | S: 45500 | E: 91 | L: 1000 | R: 4.3479 | BS: 45500 | FPS: 37.4084 | T: 0:17:03
| train          | F: 92000 | S: 46000 | E: 92 | L: 1000 | R: 3.1168 | BS: 46000 | FPS: 96.9111 | T: 0:17:13
| train          | F: 93000 | S: 46500 | E: 93 | L: 1000 | R: 3.7130 | BS: 46500 | FPS: 98.4252 | T: 0:17:23
| train          | F: 94000 | S: 47000 | E: 94 | L: 1000 | R: 4.0674 | BS: 47000 | FPS: 105.3164 | T: 0:17:33
| train          | F: 95000 | S: 47500 | E: 95 | L: 1000 | R: 3.9719 | BS: 47500 | FPS: 100.4580 | T: 0:17:43
| train          | F: 96000 | S: 48000 | E: 96 | L: 1000 | R: 4.0338 | BS: 48000 | FPS: 103.3599 | T: 0:17:52
| train          | F: 97000 | S: 48500 | E: 97 | L: 1000 | R: 3.6495 | BS: 48500 | FPS: 98.6434 | T: 0:18:02
| train          | F: 98000 | S: 49000 | E: 98 | L: 1000 | R: 4.1880 | BS: 49000 | FPS: 99.1843 | T: 0:18:13
| train          | F: 99000 | S: 49500 | E: 99 | L: 1000 | R: 4.5087 | BS: 49500 | FPS: 100.4009 | T: 0:18:22
| train          | F: 100000 | S: 50000 | E: 100 | L: 1000 | R: 4.8727 | BS: 50000 | FPS: 102.0608 | T: 0:18:32
| eval           | F: 100000 | S: 50000 | E: 100 | L: 1000 | R: 0.6507 | T: 0:18:32
| train          | F: 101000 | S: 50500 | E: 101 | L: 1000 | R: 3.7585 | BS: 50500 | FPS: 34.9582 | T: 0:19:01
| train          | F: 102000 | S: 51000 | E: 102 | L: 1000 | R: 3.6649 | BS: 51000 | FPS: 100.3751 | T: 0:19:11
| train          | F: 103000 | S: 51500 | E: 103 | L: 1000 | R: 3.8512 | BS: 51500 | FPS: 101.3865 | T: 0:19:21
| train          | F: 104000 | S: 52000 | E: 104 | L: 1000 | R: 4.3099 | BS: 52000 | FPS: 95.9170 | T: 0:19:31
| train          | F: 105000 | S: 52500 | E: 105 | L: 1000 | R: 3.3650 | BS: 52500 | FPS: 94.9740 | T: 0:19:42
| train          | F: 106000 | S: 53000 | E: 106 | L: 1000 | R: 3.4656 | BS: 53000 | FPS: 94.5644 | T: 0:19:52
| train          | F: 107000 | S: 53500 | E: 107 | L: 1000 | R: 3.8136 | BS: 53500 | FPS: 100.4982 | T: 0:20:02
| train          | F: 108000 | S: 54000 | E: 108 | L: 1000 | R: 3.9139 | BS: 54000 | FPS: 99.1778 | T: 0:20:12
| train          | F: 109000 | S: 54500 | E: 109 | L: 1000 | R: 4.4571 | BS: 54500 | FPS: 99.6437 | T: 0:20:22
| train          | F: 110000 | S: 55000 | E: 110 | L: 1000 | R: 3.4443 | BS: 55000 | FPS: 98.0686 | T: 0:20:33
| eval           | F: 110000 | S: 55000 | E: 110 | L: 1000 | R: 0.5597 | T: 0:20:33
| train          | F: 111000 | S: 55500 | E: 111 | L: 1000 | R: 3.4540 | BS: 55500 | FPS: 36.5814 | T: 0:21:00
| train          | F: 112000 | S: 56000 | E: 112 | L: 1000 | R: 3.9417 | BS: 56000 | FPS: 104.3069 | T: 0:21:09
| train          | F: 113000 | S: 56500 | E: 113 | L: 1000 | R: 3.8869 | BS: 56500 | FPS: 101.9214 | T: 0:21:19
| train          | F: 114000 | S: 57000 | E: 114 | L: 1000 | R: 3.6428 | BS: 57000 | FPS: 103.6435 | T: 0:21:29
| train          | F: 115000 | S: 57500 | E: 115 | L: 1000 | R: 4.2806 | BS: 57500 | FPS: 105.1582 | T: 0:21:38
| train          | F: 116000 | S: 58000 | E: 116 | L: 1000 | R: 3.7018 | BS: 58000 | FPS: 104.4981 | T: 0:21:48
| train          | F: 117000 | S: 58500 | E: 117 | L: 1000 | R: 3.7422 | BS: 58500 | FPS: 104.7061 | T: 0:21:58
| train          | F: 118000 | S: 59000 | E: 118 | L: 1000 | R: 4.3581 | BS: 59000 | FPS: 101.0733 | T: 0:22:07
| train          | F: 119000 | S: 59500 | E: 119 | L: 1000 | R: 3.7907 | BS: 59500 | FPS: 105.3378 | T: 0:22:17
| train          | F: 120000 | S: 60000 | E: 120 | L: 1000 | R: 3.5067 | BS: 60000 | FPS: 104.7937 | T: 0:22:26
| eval           | F: 120000 | S: 60000 | E: 120 | L: 1000 | R: 0.6149 | T: 0:22:26
| train          | F: 121000 | S: 60500 | E: 121 | L: 1000 | R: 4.2747 | BS: 60500 | FPS: 38.1135 | T: 0:22:53
| train          | F: 122000 | S: 61000 | E: 122 | L: 1000 | R: 4.5586 | BS: 61000 | FPS: 106.3189 | T: 0:23:02
| train          | F: 123000 | S: 61500 | E: 123 | L: 1000 | R: 3.7559 | BS: 61500 | FPS: 100.6082 | T: 0:23:12
| train          | F: 124000 | S: 62000 | E: 124 | L: 1000 | R: 3.9509 | BS: 62000 | FPS: 103.0655 | T: 0:23:22
| train          | F: 125000 | S: 62500 | E: 125 | L: 1000 | R: 3.9463 | BS: 62500 | FPS: 104.8394 | T: 0:23:31
| train          | F: 126000 | S: 63000 | E: 126 | L: 1000 | R: 4.7231 | BS: 63000 | FPS: 104.2491 | T: 0:23:41
| train          | F: 127000 | S: 63500 | E: 127 | L: 1000 | R: 3.5009 | BS: 63500 | FPS: 105.1421 | T: 0:23:50
| train          | F: 128000 | S: 64000 | E: 128 | L: 1000 | R: 4.6296 | BS: 64000 | FPS: 104.3042 | T: 0:24:00
| train          | F: 129000 | S: 64500 | E: 129 | L: 1000 | R: 4.0811 | BS: 64500 | FPS: 102.9778 | T: 0:24:10
| train          | F: 130000 | S: 65000 | E: 130 | L: 1000 | R: 4.4017 | BS: 65000 | FPS: 103.2525 | T: 0:24:19
| eval           | F: 130000 | S: 65000 | E: 130 | L: 1000 | R: 0.5884 | T: 0:24:19
| train          | F: 131000 | S: 65500 | E: 131 | L: 1000 | R: 3.7648 | BS: 65500 | FPS: 37.5955 | T: 0:24:46
| train          | F: 132000 | S: 66000 | E: 132 | L: 1000 | R: 4.6292 | BS: 66000 | FPS: 104.6411 | T: 0:24:56
| train          | F: 133000 | S: 66500 | E: 133 | L: 1000 | R: 3.6810 | BS: 66500 | FPS: 102.8056 | T: 0:25:05
| train          | F: 134000 | S: 67000 | E: 134 | L: 1000 | R: 3.4888 | BS: 67000 | FPS: 105.2279 | T: 0:25:15
| train          | F: 135000 | S: 67500 | E: 135 | L: 1000 | R: 3.8893 | BS: 67500 | FPS: 104.8927 | T: 0:25:24
| train          | F: 136000 | S: 68000 | E: 136 | L: 1000 | R: 4.6920 | BS: 68000 | FPS: 104.6693 | T: 0:25:34
| train          | F: 137000 | S: 68500 | E: 137 | L: 1000 | R: 3.5719 | BS: 68500 | FPS: 105.1252 | T: 0:25:43
| train          | F: 138000 | S: 69000 | E: 138 | L: 1000 | R: 4.8434 | BS: 69000 | FPS: 105.1698 | T: 0:25:53
| train          | F: 139000 | S: 69500 | E: 139 | L: 1000 | R: 4.5405 | BS: 69500 | FPS: 103.6329 | T: 0:26:03
| train          | F: 140000 | S: 70000 | E: 140 | L: 1000 | R: 4.3540 | BS: 70000 | FPS: 102.6737 | T: 0:26:12
| eval           | F: 140000 | S: 70000 | E: 140 | L: 1000 | R: 0.6881 | T: 0:26:12
| train          | F: 141000 | S: 70500 | E: 141 | L: 1000 | R: 4.1971 | BS: 70500 | FPS: 35.7027 | T: 0:26:40
| train          | F: 142000 | S: 71000 | E: 142 | L: 1000 | R: 4.6911 | BS: 71000 | FPS: 106.2143 | T: 0:26:50
| train          | F: 143000 | S: 71500 | E: 143 | L: 1000 | R: 3.8722 | BS: 71500 | FPS: 106.0756 | T: 0:26:59
| train          | F: 144000 | S: 72000 | E: 144 | L: 1000 | R: 3.5643 | BS: 72000 | FPS: 103.4201 | T: 0:27:09
| train          | F: 145000 | S: 72500 | E: 145 | L: 1000 | R: 4.4408 | BS: 72500 | FPS: 102.0101 | T: 0:27:19
| train          | F: 146000 | S: 73000 | E: 146 | L: 1000 | R: 3.4452 | BS: 73000 | FPS: 105.0633 | T: 0:27:28
| train          | F: 147000 | S: 73500 | E: 147 | L: 1000 | R: 4.5174 | BS: 73500 | FPS: 104.3804 | T: 0:27:38
| train          | F: 148000 | S: 74000 | E: 148 | L: 1000 | R: 3.5207 | BS: 74000 | FPS: 99.7070 | T: 0:27:48
| train          | F: 149000 | S: 74500 | E: 149 | L: 1000 | R: 4.2269 | BS: 74500 | FPS: 96.1226 | T: 0:27:58
| train          | F: 150000 | S: 75000 | E: 150 | L: 1000 | R: 3.8504 | BS: 75000 | FPS: 98.0117 | T: 0:28:08
| eval           | F: 150000 | S: 75000 | E: 150 | L: 1000 | R: 0.6420 | T: 0:28:08
| train          | F: 151000 | S: 75500 | E: 151 | L: 1000 | R: 4.6070 | BS: 75500 | FPS: 34.6063 | T: 0:28:37
| train          | F: 152000 | S: 76000 | E: 152 | L: 1000 | R: 3.9646 | BS: 76000 | FPS: 102.9466 | T: 0:28:47
| train          | F: 153000 | S: 76500 | E: 153 | L: 1000 | R: 3.6090 | BS: 76500 | FPS: 105.8185 | T: 0:28:56
| train          | F: 154000 | S: 77000 | E: 154 | L: 1000 | R: 3.8281 | BS: 77000 | FPS: 104.3502 | T: 0:29:06
| train          | F: 155000 | S: 77500 | E: 155 | L: 1000 | R: 3.3337 | BS: 77500 | FPS: 99.3455 | T: 0:29:16
| train          | F: 156000 | S: 78000 | E: 156 | L: 1000 | R: 4.1716 | BS: 78000 | FPS: 103.9050 | T: 0:29:26
| train          | F: 157000 | S: 78500 | E: 157 | L: 1000 | R: 3.7224 | BS: 78500 | FPS: 103.5233 | T: 0:29:35
| train          | F: 158000 | S: 79000 | E: 158 | L: 1000 | R: 4.0805 | BS: 79000 | FPS: 102.3069 | T: 0:29:45
| train          | F: 159000 | S: 79500 | E: 159 | L: 1000 | R: 3.9705 | BS: 79500 | FPS: 100.0101 | T: 0:29:55
| train          | F: 160000 | S: 80000 | E: 160 | L: 1000 | R: 4.6116 | BS: 80000 | FPS: 101.2940 | T: 0:30:05
| eval           | F: 160000 | S: 80000 | E: 160 | L: 1000 | R: 0.7224 | T: 0:30:05
| train          | F: 161000 | S: 80500 | E: 161 | L: 1000 | R: 3.7348 | BS: 80500 | FPS: 37.5886 | T: 0:30:32
| train          | F: 162000 | S: 81000 | E: 162 | L: 1000 | R: 3.9405 | BS: 81000 | FPS: 105.9132 | T: 0:30:41
| train          | F: 163000 | S: 81500 | E: 163 | L: 1000 | R: 3.7796 | BS: 81500 | FPS: 106.0640 | T: 0:30:50
| train          | F: 164000 | S: 82000 | E: 164 | L: 1000 | R: 4.5910 | BS: 82000 | FPS: 105.3107 | T: 0:31:00
| train          | F: 165000 | S: 82500 | E: 165 | L: 1000 | R: 4.7794 | BS: 82500 | FPS: 104.7529 | T: 0:31:09
| train          | F: 166000 | S: 83000 | E: 166 | L: 1000 | R: 3.5752 | BS: 83000 | FPS: 103.5479 | T: 0:31:19
| train          | F: 167000 | S: 83500 | E: 167 | L: 1000 | R: 4.1942 | BS: 83500 | FPS: 104.1341 | T: 0:31:29
| train          | F: 168000 | S: 84000 | E: 168 | L: 1000 | R: 3.8549 | BS: 84000 | FPS: 104.5517 | T: 0:31:38
| train          | F: 169000 | S: 84500 | E: 169 | L: 1000 | R: 4.1840 | BS: 84500 | FPS: 103.6758 | T: 0:31:48
| train          | F: 170000 | S: 85000 | E: 170 | L: 1000 | R: 3.6197 | BS: 85000 | FPS: 104.1061 | T: 0:31:58
| eval           | F: 170000 | S: 85000 | E: 170 | L: 1000 | R: 0.5871 | T: 0:31:58
| train          | F: 171000 | S: 85500 | E: 171 | L: 1000 | R: 4.4750 | BS: 85500 | FPS: 38.1243 | T: 0:32:24
| train          | F: 172000 | S: 86000 | E: 172 | L: 1000 | R: 3.6909 | BS: 86000 | FPS: 104.6950 | T: 0:32:33
| train          | F: 173000 | S: 86500 | E: 173 | L: 1000 | R: 4.4426 | BS: 86500 | FPS: 104.6296 | T: 0:32:43
| train          | F: 174000 | S: 87000 | E: 174 | L: 1000 | R: 3.9233 | BS: 87000 | FPS: 105.0709 | T: 0:32:52
| train          | F: 175000 | S: 87500 | E: 175 | L: 1000 | R: 3.9808 | BS: 87500 | FPS: 104.5457 | T: 0:33:02
| train          | F: 176000 | S: 88000 | E: 176 | L: 1000 | R: 3.7505 | BS: 88000 | FPS: 104.6616 | T: 0:33:12
| train          | F: 177000 | S: 88500 | E: 177 | L: 1000 | R: 4.2033 | BS: 88500 | FPS: 104.1034 | T: 0:33:21
| train          | F: 178000 | S: 89000 | E: 178 | L: 1000 | R: 5.0287 | BS: 89000 | FPS: 92.0700 | T: 0:33:32
| train          | F: 179000 | S: 89500 | E: 179 | L: 1000 | R: 4.0558 | BS: 89500 | FPS: 92.3466 | T: 0:33:43
| train          | F: 180000 | S: 90000 | E: 180 | L: 1000 | R: 4.0225 | BS: 90000 | FPS: 93.9553 | T: 0:33:53
| eval           | F: 180000 | S: 90000 | E: 180 | L: 1000 | R: 0.6107 | T: 0:33:53
| train          | F: 181000 | S: 90500 | E: 181 | L: 1000 | R: 3.8038 | BS: 90500 | FPS: 37.4491 | T: 0:34:20
| train          | F: 182000 | S: 91000 | E: 182 | L: 1000 | R: 3.7480 | BS: 91000 | FPS: 103.7879 | T: 0:34:30
| train          | F: 183000 | S: 91500 | E: 183 | L: 1000 | R: 3.5905 | BS: 91500 | FPS: 98.6117 | T: 0:34:40
| train          | F: 184000 | S: 92000 | E: 184 | L: 1000 | R: 4.4356 | BS: 92000 | FPS: 101.8579 | T: 0:34:50
| train          | F: 185000 | S: 92500 | E: 185 | L: 1000 | R: 4.3540 | BS: 92500 | FPS: 96.4214 | T: 0:35:00
| train          | F: 186000 | S: 93000 | E: 186 | L: 1000 | R: 4.3822 | BS: 93000 | FPS: 97.7074 | T: 0:35:10
| train          | F: 187000 | S: 93500 | E: 187 | L: 1000 | R: 4.4569 | BS: 93500 | FPS: 100.5259 | T: 0:35:20
| train          | F: 188000 | S: 94000 | E: 188 | L: 1000 | R: 3.8364 | BS: 94000 | FPS: 101.2792 | T: 0:35:30
| train          | F: 189000 | S: 94500 | E: 189 | L: 1000 | R: 4.1705 | BS: 94500 | FPS: 102.5065 | T: 0:35:40
| train          | F: 190000 | S: 95000 | E: 190 | L: 1000 | R: 3.7796 | BS: 95000 | FPS: 99.1520 | T: 0:35:50
| eval           | F: 190000 | S: 95000 | E: 190 | L: 1000 | R: 0.6671 | T: 0:35:50
| train          | F: 191000 | S: 95500 | E: 191 | L: 1000 | R: 3.6889 | BS: 95500 | FPS: 36.8232 | T: 0:36:17
| train          | F: 192000 | S: 96000 | E: 192 | L: 1000 | R: 5.3149 | BS: 96000 | FPS: 96.8124 | T: 0:36:27
| train          | F: 193000 | S: 96500 | E: 193 | L: 1000 | R: 5.5581 | BS: 96500 | FPS: 98.2866 | T: 0:36:38
| train          | F: 194000 | S: 97000 | E: 194 | L: 1000 | R: 6.6129 | BS: 97000 | FPS: 94.9792 | T: 0:36:48
| train          | F: 195000 | S: 97500 | E: 195 | L: 1000 | R: 5.0031 | BS: 97500 | FPS: 96.9622 | T: 0:36:59
| train          | F: 196000 | S: 98000 | E: 196 | L: 1000 | R: 5.4953 | BS: 98000 | FPS: 97.8917 | T: 0:37:09
| train          | F: 197000 | S: 98500 | E: 197 | L: 1000 | R: 4.9417 | BS: 98500 | FPS: 101.7131 | T: 0:37:19
| train          | F: 198000 | S: 99000 | E: 198 | L: 1000 | R: 5.0762 | BS: 99000 | FPS: 102.0381 | T: 0:37:28
| train          | F: 199000 | S: 99500 | E: 199 | L: 1000 | R: 4.6667 | BS: 99500 | FPS: 98.9997 | T: 0:37:38
| train          | F: 200000 | S: 100000 | E: 200 | L: 1000 | R: 5.6051 | BS: 100000 | FPS: 104.2944 | T: 0:37:48
| eval           | F: 200000 | S: 100000 | E: 200 | L: 1000 | R: 1.1611 | T: 0:37:48
| train          | F: 201000 | S: 100500 | E: 201 | L: 1000 | R: 6.3243 | BS: 100500 | FPS: 37.1499 | T: 0:38:15
| train          | F: 202000 | S: 101000 | E: 202 | L: 1000 | R: 5.5052 | BS: 101000 | FPS: 97.4596 | T: 0:38:25
| train          | F: 203000 | S: 101500 | E: 203 | L: 1000 | R: 4.7724 | BS: 101500 | FPS: 101.8874 | T: 0:38:35
| train          | F: 204000 | S: 102000 | E: 204 | L: 1000 | R: 5.7707 | BS: 102000 | FPS: 104.3068 | T: 0:38:45
| train          | F: 205000 | S: 102500 | E: 205 | L: 1000 | R: 5.0825 | BS: 102500 | FPS: 103.9146 | T: 0:38:54
| train          | F: 206000 | S: 103000 | E: 206 | L: 1000 | R: 4.6598 | BS: 103000 | FPS: 104.2278 | T: 0:39:04
| train          | F: 207000 | S: 103500 | E: 207 | L: 1000 | R: 4.7453 | BS: 103500 | FPS: 95.8924 | T: 0:39:14
| train          | F: 208000 | S: 104000 | E: 208 | L: 1000 | R: 4.8841 | BS: 104000 | FPS: 101.4279 | T: 0:39:24
| train          | F: 209000 | S: 104500 | E: 209 | L: 1000 | R: 4.7157 | BS: 104500 | FPS: 96.4012 | T: 0:39:35
| train          | F: 210000 | S: 105000 | E: 210 | L: 1000 | R: 5.9335 | BS: 105000 | FPS: 99.3604 | T: 0:39:45
| eval           | F: 210000 | S: 105000 | E: 210 | L: 1000 | R: 1.2034 | T: 0:39:45
| train          | F: 211000 | S: 105500 | E: 211 | L: 1000 | R: 5.3870 | BS: 105500 | FPS: 34.3118 | T: 0:40:14
| train          | F: 212000 | S: 106000 | E: 212 | L: 1000 | R: 5.7136 | BS: 106000 | FPS: 105.6734 | T: 0:40:23
| train          | F: 213000 | S: 106500 | E: 213 | L: 1000 | R: 4.7740 | BS: 106500 | FPS: 103.6580 | T: 0:40:33
| train          | F: 214000 | S: 107000 | E: 214 | L: 1000 | R: 4.4898 | BS: 107000 | FPS: 94.9226 | T: 0:40:43
| train          | F: 215000 | S: 107500 | E: 215 | L: 1000 | R: 5.4192 | BS: 107500 | FPS: 101.5065 | T: 0:40:53
| train          | F: 216000 | S: 108000 | E: 216 | L: 1000 | R: 5.2635 | BS: 108000 | FPS: 100.4544 | T: 0:41:03
| train          | F: 217000 | S: 108500 | E: 217 | L: 1000 | R: 5.2512 | BS: 108500 | FPS: 102.2223 | T: 0:41:13
| train          | F: 218000 | S: 109000 | E: 218 | L: 1000 | R: 4.9802 | BS: 109000 | FPS: 101.4548 | T: 0:41:23
| train          | F: 219000 | S: 109500 | E: 219 | L: 1000 | R: 5.3730 | BS: 109500 | FPS: 103.7948 | T: 0:41:32
| train          | F: 220000 | S: 110000 | E: 220 | L: 1000 | R: 5.5522 | BS: 110000 | FPS: 102.9811 | T: 0:41:42
| eval           | F: 220000 | S: 110000 | E: 220 | L: 1000 | R: 1.1995 | T: 0:41:42
| train          | F: 221000 | S: 110500 | E: 221 | L: 1000 | R: 6.0926 | BS: 110500 | FPS: 37.8910 | T: 0:42:09
| train          | F: 222000 | S: 111000 | E: 222 | L: 1000 | R: 5.8401 | BS: 111000 | FPS: 105.4473 | T: 0:42:18
| train          | F: 223000 | S: 111500 | E: 223 | L: 1000 | R: 4.7615 | BS: 111500 | FPS: 105.5246 | T: 0:42:28
| train          | F: 224000 | S: 112000 | E: 224 | L: 1000 | R: 5.6098 | BS: 112000 | FPS: 100.3435 | T: 0:42:37
| train          | F: 225000 | S: 112500 | E: 225 | L: 1000 | R: 5.7243 | BS: 112500 | FPS: 93.5307 | T: 0:42:48
| train          | F: 226000 | S: 113000 | E: 226 | L: 1000 | R: 5.0182 | BS: 113000 | FPS: 96.3052 | T: 0:42:59
| train          | F: 227000 | S: 113500 | E: 227 | L: 1000 | R: 4.2844 | BS: 113500 | FPS: 100.7017 | T: 0:43:08
| train          | F: 228000 | S: 114000 | E: 228 | L: 1000 | R: 5.1061 | BS: 114000 | FPS: 96.3626 | T: 0:43:19
| train          | F: 229000 | S: 114500 | E: 229 | L: 1000 | R: 6.2070 | BS: 114500 | FPS: 93.1215 | T: 0:43:30
| train          | F: 230000 | S: 115000 | E: 230 | L: 1000 | R: 5.6491 | BS: 115000 | FPS: 96.3622 | T: 0:43:40
| eval           | F: 230000 | S: 115000 | E: 230 | L: 1000 | R: 1.2455 | T: 0:43:40
| train          | F: 231000 | S: 115500 | E: 231 | L: 1000 | R: 5.8822 | BS: 115500 | FPS: 34.4304 | T: 0:44:09
| train          | F: 232000 | S: 116000 | E: 232 | L: 1000 | R: 6.3246 | BS: 116000 | FPS: 96.4415 | T: 0:44:19
| train          | F: 233000 | S: 116500 | E: 233 | L: 1000 | R: 5.0094 | BS: 116500 | FPS: 103.3943 | T: 0:44:29
| train          | F: 234000 | S: 117000 | E: 234 | L: 1000 | R: 5.8033 | BS: 117000 | FPS: 104.6476 | T: 0:44:39
| train          | F: 235000 | S: 117500 | E: 235 | L: 1000 | R: 5.2075 | BS: 117500 | FPS: 104.1832 | T: 0:44:48
| train          | F: 236000 | S: 118000 | E: 236 | L: 1000 | R: 6.5026 | BS: 118000 | FPS: 103.3210 | T: 0:44:58
| train          | F: 237000 | S: 118500 | E: 237 | L: 1000 | R: 5.5515 | BS: 118500 | FPS: 103.9741 | T: 0:45:08
| train          | F: 238000 | S: 119000 | E: 238 | L: 1000 | R: 5.6844 | BS: 119000 | FPS: 104.0614 | T: 0:45:17
| train          | F: 239000 | S: 119500 | E: 239 | L: 1000 | R: 5.4311 | BS: 119500 | FPS: 101.6139 | T: 0:45:27
| train          | F: 240000 | S: 120000 | E: 240 | L: 1000 | R: 5.0295 | BS: 120000 | FPS: 104.0976 | T: 0:45:37
| eval           | F: 240000 | S: 120000 | E: 240 | L: 1000 | R: 1.1912 | T: 0:45:37
| train          | F: 241000 | S: 120500 | E: 241 | L: 1000 | R: 6.0070 | BS: 120500 | FPS: 34.6524 | T: 0:46:05
| train          | F: 242000 | S: 121000 | E: 242 | L: 1000 | R: 5.7046 | BS: 121000 | FPS: 100.2738 | T: 0:46:15
| train          | F: 243000 | S: 121500 | E: 243 | L: 1000 | R: 5.0880 | BS: 121500 | FPS: 98.1962 | T: 0:46:26
| train          | F: 244000 | S: 122000 | E: 244 | L: 1000 | R: 5.2640 | BS: 122000 | FPS: 97.4399 | T: 0:46:36
| train          | F: 245000 | S: 122500 | E: 245 | L: 1000 | R: 5.8311 | BS: 122500 | FPS: 103.0113 | T: 0:46:46
| train          | F: 246000 | S: 123000 | E: 246 | L: 1000 | R: 5.3413 | BS: 123000 | FPS: 100.3169 | T: 0:46:56
| train          | F: 247000 | S: 123500 | E: 247 | L: 1000 | R: 4.8314 | BS: 123500 | FPS: 100.2860 | T: 0:47:05
| train          | F: 248000 | S: 124000 | E: 248 | L: 1000 | R: 5.3018 | BS: 124000 | FPS: 94.8472 | T: 0:47:16
| train          | F: 249000 | S: 124500 | E: 249 | L: 1000 | R: 5.5348 | BS: 124500 | FPS: 98.1300 | T: 0:47:26
| train          | F: 250000 | S: 125000 | E: 250 | L: 1000 | R: 5.1811 | BS: 125000 | FPS: 96.6814 | T: 0:47:37
| eval           | F: 250000 | S: 125000 | E: 250 | L: 1000 | R: 1.2863 | T: 0:47:37
| train          | F: 251000 | S: 125500 | E: 251 | L: 1000 | R: 5.2558 | BS: 125500 | FPS: 37.4955 | T: 0:48:03
| train          | F: 252000 | S: 126000 | E: 252 | L: 1000 | R: 5.0604 | BS: 126000 | FPS: 105.1570 | T: 0:48:13
| train          | F: 253000 | S: 126500 | E: 253 | L: 1000 | R: 4.6944 | BS: 126500 | FPS: 105.1884 | T: 0:48:22
| train          | F: 254000 | S: 127000 | E: 254 | L: 1000 | R: 4.9685 | BS: 127000 | FPS: 104.8824 | T: 0:48:32
| train          | F: 255000 | S: 127500 | E: 255 | L: 1000 | R: 5.7657 | BS: 127500 | FPS: 104.1868 | T: 0:48:41
| train          | F: 256000 | S: 128000 | E: 256 | L: 1000 | R: 5.3283 | BS: 128000 | FPS: 103.6570 | T: 0:48:51
| train          | F: 257000 | S: 128500 | E: 257 | L: 1000 | R: 4.6498 | BS: 128500 | FPS: 104.1533 | T: 0:49:01
| train          | F: 258000 | S: 129000 | E: 258 | L: 1000 | R: 5.6778 | BS: 129000 | FPS: 101.7073 | T: 0:49:10
| train          | F: 259000 | S: 129500 | E: 259 | L: 1000 | R: 5.1157 | BS: 129500 | FPS: 100.1737 | T: 0:49:20
| train          | F: 260000 | S: 130000 | E: 260 | L: 1000 | R: 4.9358 | BS: 130000 | FPS: 94.5610 | T: 0:49:31
| eval           | F: 260000 | S: 130000 | E: 260 | L: 1000 | R: 1.1770 | T: 0:49:31
| train          | F: 261000 | S: 130500 | E: 261 | L: 1000 | R: 4.9242 | BS: 130500 | FPS: 34.7856 | T: 0:50:00
| train          | F: 262000 | S: 131000 | E: 262 | L: 1000 | R: 5.5287 | BS: 131000 | FPS: 103.2367 | T: 0:50:09
| train          | F: 263000 | S: 131500 | E: 263 | L: 1000 | R: 5.8885 | BS: 131500 | FPS: 93.0473 | T: 0:50:20
| train          | F: 264000 | S: 132000 | E: 264 | L: 1000 | R: 5.2482 | BS: 132000 | FPS: 94.2242 | T: 0:50:31
| train          | F: 265000 | S: 132500 | E: 265 | L: 1000 | R: 4.7753 | BS: 132500 | FPS: 99.0207 | T: 0:50:41
| train          | F: 266000 | S: 133000 | E: 266 | L: 1000 | R: 4.3458 | BS: 133000 | FPS: 98.1710 | T: 0:50:51
| train          | F: 267000 | S: 133500 | E: 267 | L: 1000 | R: 4.9082 | BS: 133500 | FPS: 103.0363 | T: 0:51:01
| train          | F: 268000 | S: 134000 | E: 268 | L: 1000 | R: 4.9133 | BS: 134000 | FPS: 101.2572 | T: 0:51:11
| train          | F: 269000 | S: 134500 | E: 269 | L: 1000 | R: 5.8516 | BS: 134500 | FPS: 101.2442 | T: 0:51:21
| train          | F: 270000 | S: 135000 | E: 270 | L: 1000 | R: 4.6801 | BS: 135000 | FPS: 103.6115 | T: 0:51:30
| eval           | F: 270000 | S: 135000 | E: 270 | L: 1000 | R: 1.1787 | T: 0:51:30
| train          | F: 271000 | S: 135500 | E: 271 | L: 1000 | R: 5.1931 | BS: 135500 | FPS: 37.3406 | T: 0:51:57
| train          | F: 272000 | S: 136000 | E: 272 | L: 1000 | R: 4.9269 | BS: 136000 | FPS: 106.1861 | T: 0:52:06
| train          | F: 273000 | S: 136500 | E: 273 | L: 1000 | R: 4.5229 | BS: 136500 | FPS: 104.7690 | T: 0:52:16
| train          | F: 274000 | S: 137000 | E: 274 | L: 1000 | R: 4.6790 | BS: 137000 | FPS: 103.9480 | T: 0:52:26
| train          | F: 275000 | S: 137500 | E: 275 | L: 1000 | R: 5.5353 | BS: 137500 | FPS: 103.3615 | T: 0:52:35
| train          | F: 276000 | S: 138000 | E: 276 | L: 1000 | R: 5.4165 | BS: 138000 | FPS: 104.1003 | T: 0:52:45
| train          | F: 277000 | S: 138500 | E: 277 | L: 1000 | R: 4.7593 | BS: 138500 | FPS: 103.3652 | T: 0:52:55
| train          | F: 278000 | S: 139000 | E: 278 | L: 1000 | R: 4.2185 | BS: 139000 | FPS: 100.1740 | T: 0:53:05
| train          | F: 279000 | S: 139500 | E: 279 | L: 1000 | R: 5.4921 | BS: 139500 | FPS: 103.4751 | T: 0:53:14
| train          | F: 280000 | S: 140000 | E: 280 | L: 1000 | R: 4.1900 | BS: 140000 | FPS: 99.3594 | T: 0:53:24
| eval           | F: 280000 | S: 140000 | E: 280 | L: 1000 | R: 1.2331 | T: 0:53:24
| train          | F: 281000 | S: 140500 | E: 281 | L: 1000 | R: 5.2955 | BS: 140500 | FPS: 33.2967 | T: 0:53:54
| train          | F: 282000 | S: 141000 | E: 282 | L: 1000 | R: 4.8430 | BS: 141000 | FPS: 105.4465 | T: 0:54:04
| train          | F: 283000 | S: 141500 | E: 283 | L: 1000 | R: 4.5120 | BS: 141500 | FPS: 104.9656 | T: 0:54:13
| train          | F: 284000 | S: 142000 | E: 284 | L: 1000 | R: 4.8688 | BS: 142000 | FPS: 98.6088 | T: 0:54:23
| train          | F: 285000 | S: 142500 | E: 285 | L: 1000 | R: 4.6778 | BS: 142500 | FPS: 96.0408 | T: 0:54:34
| train          | F: 286000 | S: 143000 | E: 286 | L: 1000 | R: 5.6581 | BS: 143000 | FPS: 103.3931 | T: 0:54:44
| train          | F: 287000 | S: 143500 | E: 287 | L: 1000 | R: 4.8597 | BS: 143500 | FPS: 104.1925 | T: 0:54:53
| train          | F: 288000 | S: 144000 | E: 288 | L: 1000 | R: 5.1042 | BS: 144000 | FPS: 103.6603 | T: 0:55:03
| train          | F: 289000 | S: 144500 | E: 289 | L: 1000 | R: 4.8758 | BS: 144500 | FPS: 103.7549 | T: 0:55:12
| train          | F: 290000 | S: 145000 | E: 290 | L: 1000 | R: 4.7170 | BS: 145000 | FPS: 103.7215 | T: 0:55:22
| eval           | F: 290000 | S: 145000 | E: 290 | L: 1000 | R: 1.1944 | T: 0:55:22
| train          | F: 291000 | S: 145500 | E: 291 | L: 1000 | R: 4.7846 | BS: 145500 | FPS: 33.7525 | T: 0:55:52
| train          | F: 292000 | S: 146000 | E: 292 | L: 1000 | R: 5.9175 | BS: 146000 | FPS: 96.0718 | T: 0:56:02
| train          | F: 293000 | S: 146500 | E: 293 | L: 1000 | R: 5.7452 | BS: 146500 | FPS: 101.1286 | T: 0:56:12
| train          | F: 294000 | S: 147000 | E: 294 | L: 1000 | R: 5.1079 | BS: 147000 | FPS: 104.7620 | T: 0:56:22
| train          | F: 295000 | S: 147500 | E: 295 | L: 1000 | R: 5.5617 | BS: 147500 | FPS: 100.1297 | T: 0:56:31
| train          | F: 296000 | S: 148000 | E: 296 | L: 1000 | R: 5.2075 | BS: 148000 | FPS: 104.1623 | T: 0:56:41
| train          | F: 297000 | S: 148500 | E: 297 | L: 1000 | R: 4.5441 | BS: 148500 | FPS: 98.5610 | T: 0:56:51
| train          | F: 298000 | S: 149000 | E: 298 | L: 1000 | R: 4.7859 | BS: 149000 | FPS: 94.3256 | T: 0:57:02
| train          | F: 299000 | S: 149500 | E: 299 | L: 1000 | R: 4.8295 | BS: 149500 | FPS: 92.9185 | T: 0:57:13
| train          | F: 300000 | S: 150000 | E: 300 | L: 1000 | R: 5.4385 | BS: 150000 | FPS: 92.9254 | T: 0:57:23
| eval           | F: 300000 | S: 150000 | E: 300 | L: 1000 | R: 1.1909 | T: 0:57:23
| train          | F: 301000 | S: 150500 | E: 301 | L: 1000 | R: 5.9264 | BS: 150500 | FPS: 35.4884 | T: 0:57:52
| train          | F: 302000 | S: 151000 | E: 302 | L: 1000 | R: 4.6993 | BS: 151000 | FPS: 105.8592 | T: 0:58:01
| train          | F: 303000 | S: 151500 | E: 303 | L: 1000 | R: 5.8072 | BS: 151500 | FPS: 104.0819 | T: 0:58:11
| train          | F: 304000 | S: 152000 | E: 304 | L: 1000 | R: 5.0760 | BS: 152000 | FPS: 100.8215 | T: 0:58:21
| train          | F: 305000 | S: 152500 | E: 305 | L: 1000 | R: 5.2806 | BS: 152500 | FPS: 97.0950 | T: 0:58:31
| train          | F: 306000 | S: 153000 | E: 306 | L: 1000 | R: 5.0212 | BS: 153000 | FPS: 99.1807 | T: 0:58:41
| train          | F: 307000 | S: 153500 | E: 307 | L: 1000 | R: 5.5957 | BS: 153500 | FPS: 100.1862 | T: 0:58:51
| train          | F: 308000 | S: 154000 | E: 308 | L: 1000 | R: 6.3255 | BS: 154000 | FPS: 99.3462 | T: 0:59:01
| train          | F: 309000 | S: 154500 | E: 309 | L: 1000 | R: 5.3973 | BS: 154500 | FPS: 100.8236 | T: 0:59:11
| train          | F: 310000 | S: 155000 | E: 310 | L: 1000 | R: 4.9445 | BS: 155000 | FPS: 97.2902 | T: 0:59:21
| eval           | F: 310000 | S: 155000 | E: 310 | L: 1000 | R: 1.2169 | T: 0:59:21
| train          | F: 311000 | S: 155500 | E: 311 | L: 1000 | R: 4.8891 | BS: 155500 | FPS: 33.3328 | T: 0:59:51
| train          | F: 312000 | S: 156000 | E: 312 | L: 1000 | R: 5.2082 | BS: 156000 | FPS: 98.1393 | T: 1:00:01
| train          | F: 313000 | S: 156500 | E: 313 | L: 1000 | R: 4.6742 | BS: 156500 | FPS: 102.0155 | T: 1:00:11
| train          | F: 314000 | S: 157000 | E: 314 | L: 1000 | R: 4.8724 | BS: 157000 | FPS: 104.1759 | T: 1:00:21
| train          | F: 315000 | S: 157500 | E: 315 | L: 1000 | R: 4.4891 | BS: 157500 | FPS: 104.1302 | T: 1:00:30
| train          | F: 316000 | S: 158000 | E: 316 | L: 1000 | R: 4.4986 | BS: 158000 | FPS: 98.3887 | T: 1:00:40
| train          | F: 317000 | S: 158500 | E: 317 | L: 1000 | R: 4.4449 | BS: 158500 | FPS: 95.8155 | T: 1:00:51
| train          | F: 318000 | S: 159000 | E: 318 | L: 1000 | R: 6.0877 | BS: 159000 | FPS: 94.8904 | T: 1:01:01
| train          | F: 319000 | S: 159500 | E: 319 | L: 1000 | R: 4.2659 | BS: 159500 | FPS: 97.2722 | T: 1:01:12
| train          | F: 320000 | S: 160000 | E: 320 | L: 1000 | R: 5.0960 | BS: 160000 | FPS: 97.5981 | T: 1:01:22
| eval           | F: 320000 | S: 160000 | E: 320 | L: 1000 | R: 1.2672 | T: 1:01:22
| train          | F: 321000 | S: 160500 | E: 321 | L: 1000 | R: 5.0715 | BS: 160500 | FPS: 34.9536 | T: 1:01:51
| train          | F: 322000 | S: 161000 | E: 322 | L: 1000 | R: 5.0926 | BS: 161000 | FPS: 102.9046 | T: 1:02:00
| train          | F: 323000 | S: 161500 | E: 323 | L: 1000 | R: 5.9495 | BS: 161500 | FPS: 103.7881 | T: 1:02:10
| train          | F: 324000 | S: 162000 | E: 324 | L: 1000 | R: 6.1001 | BS: 162000 | FPS: 101.9727 | T: 1:02:20
| train          | F: 325000 | S: 162500 | E: 325 | L: 1000 | R: 5.5778 | BS: 162500 | FPS: 101.4559 | T: 1:02:30
| train          | F: 326000 | S: 163000 | E: 326 | L: 1000 | R: 5.1099 | BS: 163000 | FPS: 102.6013 | T: 1:02:39
| train          | F: 327000 | S: 163500 | E: 327 | L: 1000 | R: 5.4044 | BS: 163500 | FPS: 103.8884 | T: 1:02:49
| train          | F: 328000 | S: 164000 | E: 328 | L: 1000 | R: 5.6595 | BS: 164000 | FPS: 96.6153 | T: 1:02:59
| train          | F: 329000 | S: 164500 | E: 329 | L: 1000 | R: 4.6889 | BS: 164500 | FPS: 97.4416 | T: 1:03:10
| train          | F: 330000 | S: 165000 | E: 330 | L: 1000 | R: 5.8950 | BS: 165000 | FPS: 100.7938 | T: 1:03:20
| eval           | F: 330000 | S: 165000 | E: 330 | L: 1000 | R: 1.1783 | T: 1:03:20
| train          | F: 331000 | S: 165500 | E: 331 | L: 1000 | R: 4.8221 | BS: 165500 | FPS: 37.5974 | T: 1:03:46
| train          | F: 332000 | S: 166000 | E: 332 | L: 1000 | R: 4.6848 | BS: 166000 | FPS: 104.3455 | T: 1:03:56
| train          | F: 333000 | S: 166500 | E: 333 | L: 1000 | R: 4.7100 | BS: 166500 | FPS: 103.7528 | T: 1:04:05
| train          | F: 334000 | S: 167000 | E: 334 | L: 1000 | R: 5.4737 | BS: 167000 | FPS: 104.7562 | T: 1:04:15
| train          | F: 335000 | S: 167500 | E: 335 | L: 1000 | R: 5.0648 | BS: 167500 | FPS: 104.1617 | T: 1:04:24
| train          | F: 336000 | S: 168000 | E: 336 | L: 1000 | R: 5.8925 | BS: 168000 | FPS: 99.3210 | T: 1:04:35
| train          | F: 337000 | S: 168500 | E: 337 | L: 1000 | R: 5.2380 | BS: 168500 | FPS: 94.9146 | T: 1:04:45
| train          | F: 338000 | S: 169000 | E: 338 | L: 1000 | R: 4.7800 | BS: 169000 | FPS: 101.6194 | T: 1:04:55
| train          | F: 339000 | S: 169500 | E: 339 | L: 1000 | R: 4.5333 | BS: 169500 | FPS: 93.4217 | T: 1:05:06
| train          | F: 340000 | S: 170000 | E: 340 | L: 1000 | R: 5.6334 | BS: 170000 | FPS: 101.2757 | T: 1:05:16
| eval           | F: 340000 | S: 170000 | E: 340 | L: 1000 | R: 1.2320 | T: 1:05:16
| train          | F: 341000 | S: 170500 | E: 341 | L: 1000 | R: 5.8560 | BS: 170500 | FPS: 34.7316 | T: 1:05:44
| train          | F: 342000 | S: 171000 | E: 342 | L: 1000 | R: 5.0159 | BS: 171000 | FPS: 104.2180 | T: 1:05:54
| train          | F: 343000 | S: 171500 | E: 343 | L: 1000 | R: 6.2055 | BS: 171500 | FPS: 105.5738 | T: 1:06:03
| train          | F: 344000 | S: 172000 | E: 344 | L: 1000 | R: 4.3905 | BS: 172000 | FPS: 104.0037 | T: 1:06:13
| train          | F: 345000 | S: 172500 | E: 345 | L: 1000 | R: 5.8714 | BS: 172500 | FPS: 102.2830 | T: 1:06:23
| train          | F: 346000 | S: 173000 | E: 346 | L: 1000 | R: 5.0233 | BS: 173000 | FPS: 101.9170 | T: 1:06:33
| train          | F: 347000 | S: 173500 | E: 347 | L: 1000 | R: 5.0903 | BS: 173500 | FPS: 98.6833 | T: 1:06:43
| train          | F: 348000 | S: 174000 | E: 348 | L: 1000 | R: 6.0988 | BS: 174000 | FPS: 99.2864 | T: 1:06:53
| train          | F: 349000 | S: 174500 | E: 349 | L: 1000 | R: 5.3006 | BS: 174500 | FPS: 102.2362 | T: 1:07:03
| train          | F: 350000 | S: 175000 | E: 350 | L: 1000 | R: 5.0346 | BS: 175000 | FPS: 96.9389 | T: 1:07:13
| eval           | F: 350000 | S: 175000 | E: 350 | L: 1000 | R: 1.1600 | T: 1:07:13
| train          | F: 351000 | S: 175500 | E: 351 | L: 1000 | R: 5.2384 | BS: 175500 | FPS: 36.2083 | T: 1:07:41
| train          | F: 352000 | S: 176000 | E: 352 | L: 1000 | R: 5.4704 | BS: 176000 | FPS: 96.4074 | T: 1:07:51
| train          | F: 353000 | S: 176500 | E: 353 | L: 1000 | R: 5.5661 | BS: 176500 | FPS: 95.5435 | T: 1:08:01
| train          | F: 354000 | S: 177000 | E: 354 | L: 1000 | R: 4.4663 | BS: 177000 | FPS: 95.1258 | T: 1:08:12
| train          | F: 355000 | S: 177500 | E: 355 | L: 1000 | R: 4.9269 | BS: 177500 | FPS: 96.3267 | T: 1:08:22
| train          | F: 356000 | S: 178000 | E: 356 | L: 1000 | R: 4.9055 | BS: 178000 | FPS: 95.4651 | T: 1:08:33
| train          | F: 357000 | S: 178500 | E: 357 | L: 1000 | R: 5.3849 | BS: 178500 | FPS: 97.0537 | T: 1:08:43
| train          | F: 358000 | S: 179000 | E: 358 | L: 1000 | R: 4.0774 | BS: 179000 | FPS: 95.7280 | T: 1:08:53
| train          | F: 359000 | S: 179500 | E: 359 | L: 1000 | R: 1.7373 | BS: 179500 | FPS: 95.7246 | T: 1:09:04
| train          | F: 360000 | S: 180000 | E: 360 | L: 1000 | R: 1.6298 | BS: 180000 | FPS: 102.4254 | T: 1:09:14
| eval           | F: 360000 | S: 180000 | E: 360 | L: 1000 | R: 0.2871 | T: 1:09:14
| train          | F: 361000 | S: 180500 | E: 361 | L: 1000 | R: 1.6003 | BS: 180500 | FPS: 33.7686 | T: 1:09:43
| train          | F: 362000 | S: 181000 | E: 362 | L: 1000 | R: 1.4724 | BS: 181000 | FPS: 103.0290 | T: 1:09:53
| train          | F: 363000 | S: 181500 | E: 363 | L: 1000 | R: 1.6037 | BS: 181500 | FPS: 104.3891 | T: 1:10:03
| train          | F: 364000 | S: 182000 | E: 364 | L: 1000 | R: 1.6375 | BS: 182000 | FPS: 103.0408 | T: 1:10:12
| train          | F: 365000 | S: 182500 | E: 365 | L: 1000 | R: 1.5974 | BS: 182500 | FPS: 103.4840 | T: 1:10:22
| train          | F: 366000 | S: 183000 | E: 366 | L: 1000 | R: 2.0739 | BS: 183000 | FPS: 96.3950 | T: 1:10:32
| train          | F: 367000 | S: 183500 | E: 367 | L: 1000 | R: 1.9503 | BS: 183500 | FPS: 98.7438 | T: 1:10:42
| train          | F: 368000 | S: 184000 | E: 368 | L: 1000 | R: 1.6615 | BS: 184000 | FPS: 101.1050 | T: 1:10:52
| train          | F: 369000 | S: 184500 | E: 369 | L: 1000 | R: 1.8391 | BS: 184500 | FPS: 104.1483 | T: 1:11:02
| train          | F: 370000 | S: 185000 | E: 370 | L: 1000 | R: 1.8499 | BS: 185000 | FPS: 102.4061 | T: 1:11:12
| eval           | F: 370000 | S: 185000 | E: 370 | L: 1000 | R: 0.2807 | T: 1:11:12
| train          | F: 371000 | S: 185500 | E: 371 | L: 1000 | R: 1.5798 | BS: 185500 | FPS: 37.1533 | T: 1:11:39
| train          | F: 372000 | S: 186000 | E: 372 | L: 1000 | R: 2.1382 | BS: 186000 | FPS: 99.4598 | T: 1:11:49
| train          | F: 373000 | S: 186500 | E: 373 | L: 1000 | R: 1.7915 | BS: 186500 | FPS: 102.1307 | T: 1:11:58
| train          | F: 374000 | S: 187000 | E: 374 | L: 1000 | R: 1.5269 | BS: 187000 | FPS: 104.4517 | T: 1:12:08
| train          | F: 375000 | S: 187500 | E: 375 | L: 1000 | R: 1.7960 | BS: 187500 | FPS: 99.8998 | T: 1:12:18
| train          | F: 376000 | S: 188000 | E: 376 | L: 1000 | R: 1.7094 | BS: 188000 | FPS: 104.5285 | T: 1:12:28
| train          | F: 377000 | S: 188500 | E: 377 | L: 1000 | R: 1.9454 | BS: 188500 | FPS: 103.5402 | T: 1:12:37
| train          | F: 378000 | S: 189000 | E: 378 | L: 1000 | R: 1.7581 | BS: 189000 | FPS: 99.3212 | T: 1:12:47
| train          | F: 379000 | S: 189500 | E: 379 | L: 1000 | R: 1.7348 | BS: 189500 | FPS: 103.7864 | T: 1:12:57
| train          | F: 380000 | S: 190000 | E: 380 | L: 1000 | R: 1.5785 | BS: 190000 | FPS: 103.8063 | T: 1:13:07
| eval           | F: 380000 | S: 190000 | E: 380 | L: 1000 | R: 0.2692 | T: 1:13:07
| train          | F: 381000 | S: 190500 | E: 381 | L: 1000 | R: 2.0576 | BS: 190500 | FPS: 33.2221 | T: 1:13:37
| train          | F: 382000 | S: 191000 | E: 382 | L: 1000 | R: 1.9076 | BS: 191000 | FPS: 100.8896 | T: 1:13:47
| train          | F: 383000 | S: 191500 | E: 383 | L: 1000 | R: 1.7308 | BS: 191500 | FPS: 93.0524 | T: 1:13:57
| train          | F: 384000 | S: 192000 | E: 384 | L: 1000 | R: 1.7948 | BS: 192000 | FPS: 103.3115 | T: 1:14:07
| train          | F: 385000 | S: 192500 | E: 385 | L: 1000 | R: 1.7817 | BS: 192500 | FPS: 105.0592 | T: 1:14:17
| train          | F: 386000 | S: 193000 | E: 386 | L: 1000 | R: 1.6903 | BS: 193000 | FPS: 104.4545 | T: 1:14:26
| train          | F: 387000 | S: 193500 | E: 387 | L: 1000 | R: 1.5069 | BS: 193500 | FPS: 104.2847 | T: 1:14:36
| train          | F: 388000 | S: 194000 | E: 388 | L: 1000 | R: 2.1206 | BS: 194000 | FPS: 103.2622 | T: 1:14:45
| train          | F: 389000 | S: 194500 | E: 389 | L: 1000 | R: 1.7304 | BS: 194500 | FPS: 103.5112 | T: 1:14:55
| train          | F: 390000 | S: 195000 | E: 390 | L: 1000 | R: 1.9429 | BS: 195000 | FPS: 103.5589 | T: 1:15:05
| eval           | F: 390000 | S: 195000 | E: 390 | L: 1000 | R: 0.2667 | T: 1:15:05
| train          | F: 391000 | S: 195500 | E: 391 | L: 1000 | R: 1.4596 | BS: 195500 | FPS: 34.2267 | T: 1:15:34
| train          | F: 392000 | S: 196000 | E: 392 | L: 1000 | R: 1.7784 | BS: 196000 | FPS: 94.4811 | T: 1:15:45
| train          | F: 393000 | S: 196500 | E: 393 | L: 1000 | R: 1.6262 | BS: 196500 | FPS: 103.7531 | T: 1:15:54
| train          | F: 394000 | S: 197000 | E: 394 | L: 1000 | R: 1.7408 | BS: 197000 | FPS: 104.3480 | T: 1:16:04
| train          | F: 395000 | S: 197500 | E: 395 | L: 1000 | R: 1.4134 | BS: 197500 | FPS: 97.8834 | T: 1:16:14
| train          | F: 396000 | S: 198000 | E: 396 | L: 1000 | R: 1.7252 | BS: 198000 | FPS: 101.1302 | T: 1:16:24
| train          | F: 397000 | S: 198500 | E: 397 | L: 1000 | R: 1.8815 | BS: 198500 | FPS: 99.9185 | T: 1:16:34
| train          | F: 398000 | S: 199000 | E: 398 | L: 1000 | R: 1.7836 | BS: 199000 | FPS: 98.8652 | T: 1:16:44
| train          | F: 399000 | S: 199500 | E: 399 | L: 1000 | R: 1.7933 | BS: 199500 | FPS: 93.1983 | T: 1:16:55
| train          | F: 400000 | S: 200000 | E: 400 | L: 1000 | R: 1.7461 | BS: 200000 | FPS: 93.8544 | T: 1:17:05
| eval           | F: 400000 | S: 200000 | E: 400 | L: 1000 | R: 0.2599 | T: 1:17:05
| train          | F: 401000 | S: 200500 | E: 401 | L: 1000 | R: 1.8203 | BS: 200500 | FPS: 36.0798 | T: 1:17:33
| train          | F: 402000 | S: 201000 | E: 402 | L: 1000 | R: 1.7689 | BS: 201000 | FPS: 97.8288 | T: 1:17:43
| train          | F: 403000 | S: 201500 | E: 403 | L: 1000 | R: 1.9242 | BS: 201500 | FPS: 96.4006 | T: 1:17:54
| train          | F: 404000 | S: 202000 | E: 404 | L: 1000 | R: 1.6244 | BS: 202000 | FPS: 96.3380 | T: 1:18:04
| train          | F: 405000 | S: 202500 | E: 405 | L: 1000 | R: 1.8724 | BS: 202500 | FPS: 95.4483 | T: 1:18:15
| train          | F: 406000 | S: 203000 | E: 406 | L: 1000 | R: 1.7416 | BS: 203000 | FPS: 97.6150 | T: 1:18:25
| train          | F: 407000 | S: 203500 | E: 407 | L: 1000 | R: 1.6899 | BS: 203500 | FPS: 96.7973 | T: 1:18:35
| train          | F: 408000 | S: 204000 | E: 408 | L: 1000 | R: 1.8490 | BS: 204000 | FPS: 93.5887 | T: 1:18:46
| train          | F: 409000 | S: 204500 | E: 409 | L: 1000 | R: 1.8576 | BS: 204500 | FPS: 101.0426 | T: 1:18:56
| train          | F: 410000 | S: 205000 | E: 410 | L: 1000 | R: 1.8733 | BS: 205000 | FPS: 100.3443 | T: 1:19:06
| eval           | F: 410000 | S: 205000 | E: 410 | L: 1000 | R: 0.2848 | T: 1:19:06
| train          | F: 411000 | S: 205500 | E: 411 | L: 1000 | R: 1.9332 | BS: 205500 | FPS: 34.0021 | T: 1:19:35
| train          | F: 412000 | S: 206000 | E: 412 | L: 1000 | R: 1.8355 | BS: 206000 | FPS: 104.5658 | T: 1:19:45
| train          | F: 413000 | S: 206500 | E: 413 | L: 1000 | R: 1.5823 | BS: 206500 | FPS: 98.7983 | T: 1:19:55
| train          | F: 414000 | S: 207000 | E: 414 | L: 1000 | R: 2.0158 | BS: 207000 | FPS: 96.6532 | T: 1:20:05
| train          | F: 415000 | S: 207500 | E: 415 | L: 1000 | R: 1.6984 | BS: 207500 | FPS: 103.4131 | T: 1:20:15
| train          | F: 416000 | S: 208000 | E: 416 | L: 1000 | R: 2.0145 | BS: 208000 | FPS: 100.4629 | T: 1:20:25
| train          | F: 417000 | S: 208500 | E: 417 | L: 1000 | R: 1.7963 | BS: 208500 | FPS: 103.6656 | T: 1:20:34
| train          | F: 418000 | S: 209000 | E: 418 | L: 1000 | R: 1.8193 | BS: 209000 | FPS: 102.5137 | T: 1:20:44
| train          | F: 419000 | S: 209500 | E: 419 | L: 1000 | R: 1.7649 | BS: 209500 | FPS: 100.4965 | T: 1:20:54
| train          | F: 420000 | S: 210000 | E: 420 | L: 1000 | R: 1.6803 | BS: 210000 | FPS: 96.7066 | T: 1:21:04
| eval           | F: 420000 | S: 210000 | E: 420 | L: 1000 | R: 0.2952 | T: 1:21:04
| train          | F: 421000 | S: 210500 | E: 421 | L: 1000 | R: 1.7665 | BS: 210500 | FPS: 36.3356 | T: 1:21:32
| train          | F: 422000 | S: 211000 | E: 422 | L: 1000 | R: 1.8728 | BS: 211000 | FPS: 98.3778 | T: 1:21:42
| train          | F: 423000 | S: 211500 | E: 423 | L: 1000 | R: 1.7783 | BS: 211500 | FPS: 99.3488 | T: 1:21:52
| train          | F: 424000 | S: 212000 | E: 424 | L: 1000 | R: 1.9455 | BS: 212000 | FPS: 100.0482 | T: 1:22:02
| train          | F: 425000 | S: 212500 | E: 425 | L: 1000 | R: 1.7516 | BS: 212500 | FPS: 102.8397 | T: 1:22:12
| train          | F: 426000 | S: 213000 | E: 426 | L: 1000 | R: 1.9127 | BS: 213000 | FPS: 102.7561 | T: 1:22:22
| train          | F: 427000 | S: 213500 | E: 427 | L: 1000 | R: 1.6581 | BS: 213500 | FPS: 95.7089 | T: 1:22:32
| train          | F: 428000 | S: 214000 | E: 428 | L: 1000 | R: 1.8454 | BS: 214000 | FPS: 95.5602 | T: 1:22:43
| train          | F: 429000 | S: 214500 | E: 429 | L: 1000 | R: 1.6897 | BS: 214500 | FPS: 93.9838 | T: 1:22:53
| train          | F: 430000 | S: 215000 | E: 430 | L: 1000 | R: 1.7218 | BS: 215000 | FPS: 95.7766 | T: 1:23:04
| eval           | F: 430000 | S: 215000 | E: 430 | L: 1000 | R: 0.2700 | T: 1:23:04
| train          | F: 431000 | S: 215500 | E: 431 | L: 1000 | R: 1.4797 | BS: 215500 | FPS: 33.1940 | T: 1:23:34
| train          | F: 432000 | S: 216000 | E: 432 | L: 1000 | R: 1.6014 | BS: 216000 | FPS: 97.1860 | T: 1:23:44
| train          | F: 433000 | S: 216500 | E: 433 | L: 1000 | R: 1.6070 | BS: 216500 | FPS: 100.0277 | T: 1:23:54
| train          | F: 434000 | S: 217000 | E: 434 | L: 1000 | R: 1.8834 | BS: 217000 | FPS: 104.5497 | T: 1:24:04
| train          | F: 435000 | S: 217500 | E: 435 | L: 1000 | R: 1.6897 | BS: 217500 | FPS: 95.3373 | T: 1:24:14
| train          | F: 436000 | S: 218000 | E: 436 | L: 1000 | R: 1.7080 | BS: 218000 | FPS: 98.9225 | T: 1:24:24
| train          | F: 437000 | S: 218500 | E: 437 | L: 1000 | R: 1.6568 | BS: 218500 | FPS: 99.2164 | T: 1:24:34
| train          | F: 438000 | S: 219000 | E: 438 | L: 1000 | R: 1.8355 | BS: 219000 | FPS: 96.7558 | T: 1:24:45
| train          | F: 439000 | S: 219500 | E: 439 | L: 1000 | R: 1.7276 | BS: 219500 | FPS: 102.2993 | T: 1:24:54
| train          | F: 440000 | S: 220000 | E: 440 | L: 1000 | R: 1.7291 | BS: 220000 | FPS: 100.9625 | T: 1:25:04
| eval           | F: 440000 | S: 220000 | E: 440 | L: 1000 | R: 0.2697 | T: 1:25:04
| train          | F: 441000 | S: 220500 | E: 441 | L: 1000 | R: 1.6496 | BS: 220500 | FPS: 37.7895 | T: 1:25:31
| train          | F: 442000 | S: 221000 | E: 442 | L: 1000 | R: 1.6169 | BS: 221000 | FPS: 104.4204 | T: 1:25:40
| train          | F: 443000 | S: 221500 | E: 443 | L: 1000 | R: 1.6437 | BS: 221500 | FPS: 98.9721 | T: 1:25:50
| train          | F: 444000 | S: 222000 | E: 444 | L: 1000 | R: 1.9610 | BS: 222000 | FPS: 94.1164 | T: 1:26:01
| train          | F: 445000 | S: 222500 | E: 445 | L: 1000 | R: 2.0212 | BS: 222500 | FPS: 94.5687 | T: 1:26:12
| train          | F: 446000 | S: 223000 | E: 446 | L: 1000 | R: 1.6795 | BS: 223000 | FPS: 94.6008 | T: 1:26:22
| train          | F: 447000 | S: 223500 | E: 447 | L: 1000 | R: 1.7369 | BS: 223500 | FPS: 98.2608 | T: 1:26:32
| train          | F: 448000 | S: 224000 | E: 448 | L: 1000 | R: 1.8219 | BS: 224000 | FPS: 99.8463 | T: 1:26:42
| train          | F: 449000 | S: 224500 | E: 449 | L: 1000 | R: 1.6955 | BS: 224500 | FPS: 98.6187 | T: 1:26:53
| train          | F: 450000 | S: 225000 | E: 450 | L: 1000 | R: 1.8024 | BS: 225000 | FPS: 100.7592 | T: 1:27:02
| eval           | F: 450000 | S: 225000 | E: 450 | L: 1000 | R: 0.2776 | T: 1:27:02
| train          | F: 451000 | S: 225500 | E: 451 | L: 1000 | R: 1.6032 | BS: 225500 | FPS: 34.3520 | T: 1:27:32
| train          | F: 452000 | S: 226000 | E: 452 | L: 1000 | R: 1.8400 | BS: 226000 | FPS: 94.3628 | T: 1:27:42
| train          | F: 453000 | S: 226500 | E: 453 | L: 1000 | R: 1.6422 | BS: 226500 | FPS: 98.5547 | T: 1:27:52
| train          | F: 454000 | S: 227000 | E: 454 | L: 1000 | R: 1.9897 | BS: 227000 | FPS: 98.9694 | T: 1:28:02
| train          | F: 455000 | S: 227500 | E: 455 | L: 1000 | R: 1.6552 | BS: 227500 | FPS: 97.0570 | T: 1:28:13
| train          | F: 456000 | S: 228000 | E: 456 | L: 1000 | R: 1.9277 | BS: 228000 | FPS: 98.7395 | T: 1:28:23
| train          | F: 457000 | S: 228500 | E: 457 | L: 1000 | R: 1.8412 | BS: 228500 | FPS: 96.7320 | T: 1:28:33
| train          | F: 458000 | S: 229000 | E: 458 | L: 1000 | R: 1.6966 | BS: 229000 | FPS: 98.9744 | T: 1:28:43
| train          | F: 459000 | S: 229500 | E: 459 | L: 1000 | R: 1.9499 | BS: 229500 | FPS: 97.8031 | T: 1:28:54
| train          | F: 460000 | S: 230000 | E: 460 | L: 1000 | R: 1.8797 | BS: 230000 | FPS: 98.7362 | T: 1:29:04
| eval           | F: 460000 | S: 230000 | E: 460 | L: 1000 | R: 0.2649 | T: 1:29:04
| train          | F: 461000 | S: 230500 | E: 461 | L: 1000 | R: 2.1585 | BS: 230500 | FPS: 37.0318 | T: 1:29:31
| train          | F: 462000 | S: 231000 | E: 462 | L: 1000 | R: 1.8137 | BS: 231000 | FPS: 105.3797 | T: 1:29:40
| train          | F: 463000 | S: 231500 | E: 463 | L: 1000 | R: 1.7835 | BS: 231500 | FPS: 105.3844 | T: 1:29:50
| train          | F: 464000 | S: 232000 | E: 464 | L: 1000 | R: 1.9623 | BS: 232000 | FPS: 104.5164 | T: 1:29:59
| train          | F: 465000 | S: 232500 | E: 465 | L: 1000 | R: 1.9639 | BS: 232500 | FPS: 104.0627 | T: 1:30:09
| train          | F: 466000 | S: 233000 | E: 466 | L: 1000 | R: 1.8045 | BS: 233000 | FPS: 103.4506 | T: 1:30:18
| train          | F: 467000 | S: 233500 | E: 467 | L: 1000 | R: 2.0701 | BS: 233500 | FPS: 103.7153 | T: 1:30:28
| train          | F: 468000 | S: 234000 | E: 468 | L: 1000 | R: 1.8836 | BS: 234000 | FPS: 103.2138 | T: 1:30:38
| train          | F: 469000 | S: 234500 | E: 469 | L: 1000 | R: 1.8334 | BS: 234500 | FPS: 102.9706 | T: 1:30:47
| train          | F: 470000 | S: 235000 | E: 470 | L: 1000 | R: 1.6106 | BS: 235000 | FPS: 103.3969 | T: 1:30:57
| eval           | F: 470000 | S: 235000 | E: 470 | L: 1000 | R: 0.2706 | T: 1:30:57
| train          | F: 471000 | S: 235500 | E: 471 | L: 1000 | R: 1.8509 | BS: 235500 | FPS: 34.2518 | T: 1:31:26
| train          | F: 472000 | S: 236000 | E: 472 | L: 1000 | R: 1.5140 | BS: 236000 | FPS: 104.8409 | T: 1:31:36
| train          | F: 473000 | S: 236500 | E: 473 | L: 1000 | R: 1.7110 | BS: 236500 | FPS: 99.8599 | T: 1:31:46
| train          | F: 474000 | S: 237000 | E: 474 | L: 1000 | R: 1.6146 | BS: 237000 | FPS: 97.6356 | T: 1:31:56
| train          | F: 475000 | S: 237500 | E: 475 | L: 1000 | R: 1.6100 | BS: 237500 | FPS: 102.1380 | T: 1:32:06
| train          | F: 476000 | S: 238000 | E: 476 | L: 1000 | R: 1.9198 | BS: 238000 | FPS: 102.0763 | T: 1:32:16
| train          | F: 477000 | S: 238500 | E: 477 | L: 1000 | R: 1.8359 | BS: 238500 | FPS: 102.9709 | T: 1:32:25
| train          | F: 478000 | S: 239000 | E: 478 | L: 1000 | R: 1.6502 | BS: 239000 | FPS: 101.8861 | T: 1:32:35
| train          | F: 479000 | S: 239500 | E: 479 | L: 1000 | R: 1.7281 | BS: 239500 | FPS: 102.7822 | T: 1:32:45
| train          | F: 480000 | S: 240000 | E: 480 | L: 1000 | R: 1.8190 | BS: 240000 | FPS: 99.0908 | T: 1:32:55
| eval           | F: 480000 | S: 240000 | E: 480 | L: 1000 | R: 0.2747 | T: 1:32:55
| train          | F: 481000 | S: 240500 | E: 481 | L: 1000 | R: 1.5848 | BS: 240500 | FPS: 33.3606 | T: 1:33:25
| train          | F: 482000 | S: 241000 | E: 482 | L: 1000 | R: 1.6039 | BS: 241000 | FPS: 103.0598 | T: 1:33:35
| train          | F: 483000 | S: 241500 | E: 483 | L: 1000 | R: 1.7422 | BS: 241500 | FPS: 102.5616 | T: 1:33:45
| train          | F: 484000 | S: 242000 | E: 484 | L: 1000 | R: 1.7267 | BS: 242000 | FPS: 98.5452 | T: 1:33:55
| train          | F: 485000 | S: 242500 | E: 485 | L: 1000 | R: 1.6606 | BS: 242500 | FPS: 95.9193 | T: 1:34:05
| train          | F: 486000 | S: 243000 | E: 486 | L: 1000 | R: 1.6304 | BS: 243000 | FPS: 99.7389 | T: 1:34:15
| train          | F: 487000 | S: 243500 | E: 487 | L: 1000 | R: 1.6901 | BS: 243500 | FPS: 95.1927 | T: 1:34:26
| train          | F: 488000 | S: 244000 | E: 488 | L: 1000 | R: 1.7117 | BS: 244000 | FPS: 94.4669 | T: 1:34:36
| train          | F: 489000 | S: 244500 | E: 489 | L: 1000 | R: 2.0756 | BS: 244500 | FPS: 94.7641 | T: 1:34:47
| train          | F: 490000 | S: 245000 | E: 490 | L: 1000 | R: 1.7168 | BS: 245000 | FPS: 103.8171 | T: 1:34:56
| eval           | F: 490000 | S: 245000 | E: 490 | L: 1000 | R: 0.2707 | T: 1:34:56
| train          | F: 491000 | S: 245500 | E: 491 | L: 1000 | R: 1.7376 | BS: 245500 | FPS: 37.4766 | T: 1:35:23
| train          | F: 492000 | S: 246000 | E: 492 | L: 1000 | R: 1.7624 | BS: 246000 | FPS: 94.0642 | T: 1:35:34
| train          | F: 493000 | S: 246500 | E: 493 | L: 1000 | R: 1.9196 | BS: 246500 | FPS: 100.1361 | T: 1:35:44
| train          | F: 494000 | S: 247000 | E: 494 | L: 1000 | R: 1.8590 | BS: 247000 | FPS: 101.6847 | T: 1:35:54
| train          | F: 495000 | S: 247500 | E: 495 | L: 1000 | R: 1.7739 | BS: 247500 | FPS: 103.5980 | T: 1:36:03
| train          | F: 496000 | S: 248000 | E: 496 | L: 1000 | R: 1.9290 | BS: 248000 | FPS: 104.0419 | T: 1:36:13
| train          | F: 497000 | S: 248500 | E: 497 | L: 1000 | R: 1.5880 | BS: 248500 | FPS: 103.3232 | T: 1:36:22
| train          | F: 498000 | S: 249000 | E: 498 | L: 1000 | R: 1.7955 | BS: 249000 | FPS: 101.5474 | T: 1:36:32
| train          | F: 499000 | S: 249500 | E: 499 | L: 1000 | R: 1.6608 | BS: 249500 | FPS: 101.1814 | T: 1:36:42
| train          | F: 500000 | S: 250000 | E: 500 | L: 1000 | R: 1.5567 | BS: 250000 | FPS: 99.7726 | T: 1:36:52
| eval           | F: 500000 | S: 250000 | E: 500 | L: 1000 | R: 0.2768 | T: 1:36:52
| train          | F: 501000 | S: 250500 | E: 501 | L: 1000 | R: 1.9447 | BS: 250500 | FPS: 36.1763 | T: 1:37:20
| train          | F: 502000 | S: 251000 | E: 502 | L: 1000 | R: 2.0200 | BS: 251000 | FPS: 103.8537 | T: 1:37:29
| train          | F: 503000 | S: 251500 | E: 503 | L: 1000 | R: 1.7318 | BS: 251500 | FPS: 101.8403 | T: 1:37:39
| train          | F: 504000 | S: 252000 | E: 504 | L: 1000 | R: 1.5037 | BS: 252000 | FPS: 99.8287 | T: 1:37:49
| train          | F: 505000 | S: 252500 | E: 505 | L: 1000 | R: 1.6218 | BS: 252500 | FPS: 98.1762 | T: 1:38:00
| train          | F: 506000 | S: 253000 | E: 506 | L: 1000 | R: 1.8549 | BS: 253000 | FPS: 103.8417 | T: 1:38:09
| train          | F: 507000 | S: 253500 | E: 507 | L: 1000 | R: 2.1065 | BS: 253500 | FPS: 102.2660 | T: 1:38:19
| train          | F: 508000 | S: 254000 | E: 508 | L: 1000 | R: 2.0818 | BS: 254000 | FPS: 100.1477 | T: 1:38:29
| train          | F: 509000 | S: 254500 | E: 509 | L: 1000 | R: 1.7800 | BS: 254500 | FPS: 90.5846 | T: 1:38:40
