/workspace/learn-si2e/SI2E/SI2E_DrQv2/train.py:210: UserWarning: 
The version_base parameter is not specified.
Please specify a compatability version level, or None.
Will assume defaults for version 1.1
  @hydra.main(config_path='cfgs', config_name='config')
/usr/local/lib/python3.10/dist-packages/hydra/_internal/hydra.py:119: UserWarning: Future Hydra versions will no longer change working directory at job runtime by default.
See https://hydra.cc/docs/1.2/upgrades/1.1_to_1.2/changes_to_job_working_dir/ for more information.
  ret = run_job(
/workspace/learn-si2e/SI2E/SI2E_DrQv2/train.py:210: UserWarning: 
The version_base parameter is not specified.
Please specify a compatability version level, or None.
Will assume defaults for version 1.1
  @hydra.main(config_path='cfgs', config_name='config')
workspace: /workspace/learn-si2e/results/drqv2-full/quadruped_walk_se_seed1
| eval           | F: 0 | S: 0 | E: 0 | L: 1000 | R: 104.0255 | T: 0:00:00
| train          | F: 5000 | S: 2500 | E: 5 | L: 1000 | R: 5.2339 | BS: 2500 | FPS: 22.5915 | T: 0:00:44
| train          | F: 6000 | S: 3000 | E: 6 | L: 1000 | R: 9.5056 | BS: 3000 | FPS: 110.9412 | T: 0:00:53
| train          | F: 7000 | S: 3500 | E: 7 | L: 1000 | R: 497.8664 | BS: 3500 | FPS: 105.2734 | T: 0:01:02
| train          | F: 8000 | S: 4000 | E: 8 | L: 1000 | R: 12.8015 | BS: 4000 | FPS: 106.3972 | T: 0:01:12
| train          | F: 9000 | S: 4500 | E: 9 | L: 1000 | R: 14.9141 | BS: 4500 | FPS: 108.7924 | T: 0:01:21
| train          | F: 10000 | S: 5000 | E: 10 | L: 1000 | R: 11.8397 | BS: 5000 | FPS: 106.6170 | T: 0:01:30
| eval           | F: 10000 | S: 5000 | E: 10 | L: 1000 | R: 111.6309 | T: 0:01:30
| train          | F: 11000 | S: 5500 | E: 11 | L: 1000 | R: 26.0764 | BS: 5500 | FPS: 30.6006 | T: 0:02:03
| train          | F: 12000 | S: 6000 | E: 12 | L: 1000 | R: 478.0066 | BS: 6000 | FPS: 97.4781 | T: 0:02:13
| train          | F: 13000 | S: 6500 | E: 13 | L: 1000 | R: 1.6839 | BS: 6500 | FPS: 97.8971 | T: 0:02:23
| train          | F: 14000 | S: 7000 | E: 14 | L: 1000 | R: 479.4841 | BS: 7000 | FPS: 102.3644 | T: 0:02:33
| train          | F: 15000 | S: 7500 | E: 15 | L: 1000 | R: 330.4365 | BS: 7500 | FPS: 96.5368 | T: 0:02:44
| train          | F: 16000 | S: 8000 | E: 16 | L: 1000 | R: 10.7019 | BS: 8000 | FPS: 100.0396 | T: 0:02:54
| train          | F: 17000 | S: 8500 | E: 17 | L: 1000 | R: 329.3630 | BS: 8500 | FPS: 103.3955 | T: 0:03:03
| train          | F: 18000 | S: 9000 | E: 18 | L: 1000 | R: 332.9810 | BS: 9000 | FPS: 98.2774 | T: 0:03:13
| train          | F: 19000 | S: 9500 | E: 19 | L: 1000 | R: 477.4674 | BS: 9500 | FPS: 93.3347 | T: 0:03:24
| train          | F: 20000 | S: 10000 | E: 20 | L: 1000 | R: 7.1815 | BS: 10000 | FPS: 96.5361 | T: 0:03:34
| eval           | F: 20000 | S: 10000 | E: 20 | L: 1000 | R: 133.1779 | T: 0:03:34
| train          | F: 21000 | S: 10500 | E: 21 | L: 1000 | R: 328.8610 | BS: 10500 | FPS: 31.4082 | T: 0:04:06
| train          | F: 22000 | S: 11000 | E: 22 | L: 1000 | R: 6.3217 | BS: 11000 | FPS: 96.5664 | T: 0:04:17
| train          | F: 23000 | S: 11500 | E: 23 | L: 1000 | R: 0.0816 | BS: 11500 | FPS: 97.6496 | T: 0:04:27
| train          | F: 24000 | S: 12000 | E: 24 | L: 1000 | R: 0.9800 | BS: 12000 | FPS: 96.8028 | T: 0:04:37
| train          | F: 25000 | S: 12500 | E: 25 | L: 1000 | R: 9.3726 | BS: 12500 | FPS: 97.4675 | T: 0:04:47
| train          | F: 26000 | S: 13000 | E: 26 | L: 1000 | R: 9.8492 | BS: 13000 | FPS: 97.8485 | T: 0:04:58
| train          | F: 27000 | S: 13500 | E: 27 | L: 1000 | R: 491.5677 | BS: 13500 | FPS: 103.5081 | T: 0:05:07
| train          | F: 28000 | S: 14000 | E: 28 | L: 1000 | R: 0.4603 | BS: 14000 | FPS: 98.3341 | T: 0:05:18
| train          | F: 29000 | S: 14500 | E: 29 | L: 1000 | R: 490.1526 | BS: 14500 | FPS: 100.9335 | T: 0:05:27
| train          | F: 30000 | S: 15000 | E: 30 | L: 1000 | R: 0.1204 | BS: 15000 | FPS: 100.6902 | T: 0:05:37
| eval           | F: 30000 | S: 15000 | E: 30 | L: 1000 | R: 230.7218 | T: 0:05:37
| train          | F: 31000 | S: 15500 | E: 31 | L: 1000 | R: 69.6406 | BS: 15500 | FPS: 33.8686 | T: 0:06:07
| train          | F: 32000 | S: 16000 | E: 32 | L: 1000 | R: 9.8509 | BS: 16000 | FPS: 103.1369 | T: 0:06:17
| train          | F: 33000 | S: 16500 | E: 33 | L: 1000 | R: 478.3945 | BS: 16500 | FPS: 106.2400 | T: 0:06:26
| train          | F: 34000 | S: 17000 | E: 34 | L: 1000 | R: 22.8349 | BS: 17000 | FPS: 94.3201 | T: 0:06:37
| train          | F: 35000 | S: 17500 | E: 35 | L: 1000 | R: 0.9660 | BS: 17500 | FPS: 95.9653 | T: 0:06:47
| train          | F: 36000 | S: 18000 | E: 36 | L: 1000 | R: 10.5424 | BS: 18000 | FPS: 92.4938 | T: 0:06:58
| train          | F: 37000 | S: 18500 | E: 37 | L: 1000 | R: 329.5939 | BS: 18500 | FPS: 94.1066 | T: 0:07:08
| train          | F: 38000 | S: 19000 | E: 38 | L: 1000 | R: 318.4030 | BS: 19000 | FPS: 101.5533 | T: 0:07:18
| train          | F: 39000 | S: 19500 | E: 39 | L: 1000 | R: 1.1857 | BS: 19500 | FPS: 103.7154 | T: 0:07:28
| train          | F: 40000 | S: 20000 | E: 40 | L: 1000 | R: 328.6354 | BS: 20000 | FPS: 101.1832 | T: 0:07:38
| eval           | F: 40000 | S: 20000 | E: 40 | L: 1000 | R: 80.4547 | T: 0:07:38
| train          | F: 41000 | S: 20500 | E: 41 | L: 1000 | R: 1.8705 | BS: 20500 | FPS: 31.0447 | T: 0:08:10
| train          | F: 42000 | S: 21000 | E: 42 | L: 1000 | R: 3.4620 | BS: 21000 | FPS: 90.7288 | T: 0:08:21
| train          | F: 43000 | S: 21500 | E: 43 | L: 1000 | R: 10.6180 | BS: 21500 | FPS: 92.4452 | T: 0:08:32
| train          | F: 44000 | S: 22000 | E: 44 | L: 1000 | R: 22.2485 | BS: 22000 | FPS: 92.5511 | T: 0:08:43
| train          | F: 45000 | S: 22500 | E: 45 | L: 1000 | R: 37.2895 | BS: 22500 | FPS: 90.0559 | T: 0:08:54
| train          | F: 46000 | S: 23000 | E: 46 | L: 1000 | R: 324.8550 | BS: 23000 | FPS: 98.7928 | T: 0:09:04
| train          | F: 47000 | S: 23500 | E: 47 | L: 1000 | R: 0.6912 | BS: 23500 | FPS: 104.9913 | T: 0:09:13
| train          | F: 48000 | S: 24000 | E: 48 | L: 1000 | R: 1.6375 | BS: 24000 | FPS: 91.4249 | T: 0:09:24
| train          | F: 49000 | S: 24500 | E: 49 | L: 1000 | R: 470.9695 | BS: 24500 | FPS: 99.2204 | T: 0:09:34
| train          | F: 50000 | S: 25000 | E: 50 | L: 1000 | R: 326.5740 | BS: 25000 | FPS: 93.4283 | T: 0:09:45
| eval           | F: 50000 | S: 25000 | E: 50 | L: 1000 | R: 118.0254 | T: 0:09:45
| train          | F: 51000 | S: 25500 | E: 51 | L: 1000 | R: 347.5670 | BS: 25500 | FPS: 34.7987 | T: 0:10:14
| train          | F: 52000 | S: 26000 | E: 52 | L: 1000 | R: 321.5571 | BS: 26000 | FPS: 96.0096 | T: 0:10:24
| train          | F: 53000 | S: 26500 | E: 53 | L: 1000 | R: 10.9210 | BS: 26500 | FPS: 93.7401 | T: 0:10:35
| train          | F: 54000 | S: 27000 | E: 54 | L: 1000 | R: 8.6473 | BS: 27000 | FPS: 93.9786 | T: 0:10:46
| train          | F: 55000 | S: 27500 | E: 55 | L: 1000 | R: 0.9736 | BS: 27500 | FPS: 94.0211 | T: 0:10:56
| train          | F: 56000 | S: 28000 | E: 56 | L: 1000 | R: 12.1442 | BS: 28000 | FPS: 94.6787 | T: 0:11:07
| train          | F: 57000 | S: 28500 | E: 57 | L: 1000 | R: 3.2031 | BS: 28500 | FPS: 100.0410 | T: 0:11:17
| train          | F: 58000 | S: 29000 | E: 58 | L: 1000 | R: 319.4305 | BS: 29000 | FPS: 100.5267 | T: 0:11:27
| train          | F: 59000 | S: 29500 | E: 59 | L: 1000 | R: 5.9270 | BS: 29500 | FPS: 101.8697 | T: 0:11:37
| train          | F: 60000 | S: 30000 | E: 60 | L: 1000 | R: 13.7703 | BS: 30000 | FPS: 99.3429 | T: 0:11:47
| eval           | F: 60000 | S: 30000 | E: 60 | L: 1000 | R: 125.1147 | T: 0:11:47
| train          | F: 61000 | S: 30500 | E: 61 | L: 1000 | R: 325.2308 | BS: 30500 | FPS: 35.0780 | T: 0:12:15
| train          | F: 62000 | S: 31000 | E: 62 | L: 1000 | R: 11.9558 | BS: 31000 | FPS: 101.8460 | T: 0:12:25
| train          | F: 63000 | S: 31500 | E: 63 | L: 1000 | R: 17.9679 | BS: 31500 | FPS: 101.7873 | T: 0:12:35
| train          | F: 64000 | S: 32000 | E: 64 | L: 1000 | R: 8.4074 | BS: 32000 | FPS: 100.0620 | T: 0:12:45
| train          | F: 65000 | S: 32500 | E: 65 | L: 1000 | R: 473.3146 | BS: 32500 | FPS: 100.8053 | T: 0:12:55
| train          | F: 66000 | S: 33000 | E: 66 | L: 1000 | R: 1.6960 | BS: 33000 | FPS: 104.1552 | T: 0:13:04
| train          | F: 67000 | S: 33500 | E: 67 | L: 1000 | R: 0.8235 | BS: 33500 | FPS: 102.3684 | T: 0:13:14
| train          | F: 68000 | S: 34000 | E: 68 | L: 1000 | R: 16.4790 | BS: 34000 | FPS: 96.8173 | T: 0:13:24
| train          | F: 69000 | S: 34500 | E: 69 | L: 1000 | R: 325.9645 | BS: 34500 | FPS: 100.2683 | T: 0:13:34
| train          | F: 70000 | S: 35000 | E: 70 | L: 1000 | R: 37.7685 | BS: 35000 | FPS: 102.3074 | T: 0:13:44
| eval           | F: 70000 | S: 35000 | E: 70 | L: 1000 | R: 118.9706 | T: 0:13:44
| train          | F: 71000 | S: 35500 | E: 71 | L: 1000 | R: 319.6583 | BS: 35500 | FPS: 34.4795 | T: 0:14:13
| train          | F: 72000 | S: 36000 | E: 72 | L: 1000 | R: 8.5267 | BS: 36000 | FPS: 97.4837 | T: 0:14:23
| train          | F: 73000 | S: 36500 | E: 73 | L: 1000 | R: 477.4278 | BS: 36500 | FPS: 95.0791 | T: 0:14:34
| train          | F: 74000 | S: 37000 | E: 74 | L: 1000 | R: 6.1265 | BS: 37000 | FPS: 90.1645 | T: 0:14:45
| train          | F: 75000 | S: 37500 | E: 75 | L: 1000 | R: 9.7972 | BS: 37500 | FPS: 104.0271 | T: 0:14:55
| train          | F: 76000 | S: 38000 | E: 76 | L: 1000 | R: 17.8798 | BS: 38000 | FPS: 94.0440 | T: 0:15:05
| train          | F: 77000 | S: 38500 | E: 77 | L: 1000 | R: 1.6349 | BS: 38500 | FPS: 95.0150 | T: 0:15:16
| train          | F: 78000 | S: 39000 | E: 78 | L: 1000 | R: 1.5219 | BS: 39000 | FPS: 101.3106 | T: 0:15:26
| train          | F: 79000 | S: 39500 | E: 79 | L: 1000 | R: 1.8688 | BS: 39500 | FPS: 97.4154 | T: 0:15:36
| train          | F: 80000 | S: 40000 | E: 80 | L: 1000 | R: 333.0397 | BS: 40000 | FPS: 96.4142 | T: 0:15:46
| eval           | F: 80000 | S: 40000 | E: 80 | L: 1000 | R: 112.0230 | T: 0:15:46
| train          | F: 81000 | S: 40500 | E: 81 | L: 1000 | R: 6.4415 | BS: 40500 | FPS: 30.3839 | T: 0:16:19
| train          | F: 82000 | S: 41000 | E: 82 | L: 1000 | R: 5.0678 | BS: 41000 | FPS: 92.9420 | T: 0:16:30
| train          | F: 83000 | S: 41500 | E: 83 | L: 1000 | R: 11.3614 | BS: 41500 | FPS: 97.5304 | T: 0:16:40
| train          | F: 84000 | S: 42000 | E: 84 | L: 1000 | R: 5.5385 | BS: 42000 | FPS: 99.6688 | T: 0:16:50
| train          | F: 85000 | S: 42500 | E: 85 | L: 1000 | R: 321.6826 | BS: 42500 | FPS: 99.5579 | T: 0:17:00
| train          | F: 86000 | S: 43000 | E: 86 | L: 1000 | R: 13.2034 | BS: 43000 | FPS: 97.9357 | T: 0:17:11
| train          | F: 87000 | S: 43500 | E: 87 | L: 1000 | R: 321.3411 | BS: 43500 | FPS: 95.5565 | T: 0:17:21
| train          | F: 88000 | S: 44000 | E: 88 | L: 1000 | R: 5.1558 | BS: 44000 | FPS: 88.1322 | T: 0:17:32
| train          | F: 89000 | S: 44500 | E: 89 | L: 1000 | R: 2.4366 | BS: 44500 | FPS: 89.2139 | T: 0:17:44
| train          | F: 90000 | S: 45000 | E: 90 | L: 1000 | R: 327.8004 | BS: 45000 | FPS: 94.0758 | T: 0:17:54
| eval           | F: 90000 | S: 45000 | E: 90 | L: 1000 | R: 152.7889 | T: 0:17:54
| train          | F: 91000 | S: 45500 | E: 91 | L: 1000 | R: 0.5694 | BS: 45500 | FPS: 34.4618 | T: 0:18:23
| train          | F: 92000 | S: 46000 | E: 92 | L: 1000 | R: 476.4583 | BS: 46000 | FPS: 97.9908 | T: 0:18:33
| train          | F: 93000 | S: 46500 | E: 93 | L: 1000 | R: 318.6702 | BS: 46500 | FPS: 94.8550 | T: 0:18:44
| train          | F: 94000 | S: 47000 | E: 94 | L: 1000 | R: 2.1919 | BS: 47000 | FPS: 96.2828 | T: 0:18:54
| train          | F: 95000 | S: 47500 | E: 95 | L: 1000 | R: 12.3349 | BS: 47500 | FPS: 100.3591 | T: 0:19:04
| train          | F: 96000 | S: 48000 | E: 96 | L: 1000 | R: 16.3483 | BS: 48000 | FPS: 100.9344 | T: 0:19:14
| train          | F: 97000 | S: 48500 | E: 97 | L: 1000 | R: 325.9039 | BS: 48500 | FPS: 97.0039 | T: 0:19:24
| train          | F: 98000 | S: 49000 | E: 98 | L: 1000 | R: 21.6595 | BS: 49000 | FPS: 86.4084 | T: 0:19:36
| train          | F: 99000 | S: 49500 | E: 99 | L: 1000 | R: 10.3427 | BS: 49500 | FPS: 90.9138 | T: 0:19:47
| train          | F: 100000 | S: 50000 | E: 100 | L: 1000 | R: 315.3184 | BS: 50000 | FPS: 96.1201 | T: 0:19:57
| eval           | F: 100000 | S: 50000 | E: 100 | L: 1000 | R: 181.9666 | T: 0:19:57
| train          | F: 101000 | S: 50500 | E: 101 | L: 1000 | R: 325.1236 | BS: 50500 | FPS: 34.2349 | T: 0:20:27
| train          | F: 102000 | S: 51000 | E: 102 | L: 1000 | R: 0.9032 | BS: 51000 | FPS: 91.8912 | T: 0:20:38
| train          | F: 103000 | S: 51500 | E: 103 | L: 1000 | R: 13.8062 | BS: 51500 | FPS: 89.1978 | T: 0:20:49
| train          | F: 104000 | S: 52000 | E: 104 | L: 1000 | R: 7.9617 | BS: 52000 | FPS: 97.7830 | T: 0:20:59
| train          | F: 105000 | S: 52500 | E: 105 | L: 1000 | R: 470.9530 | BS: 52500 | FPS: 101.7408 | T: 0:21:09
| train          | F: 106000 | S: 53000 | E: 106 | L: 1000 | R: 1.1927 | BS: 53000 | FPS: 97.5077 | T: 0:21:19
| train          | F: 107000 | S: 53500 | E: 107 | L: 1000 | R: 336.9674 | BS: 53500 | FPS: 92.2859 | T: 0:21:30
| train          | F: 108000 | S: 54000 | E: 108 | L: 1000 | R: 323.6580 | BS: 54000 | FPS: 97.4627 | T: 0:21:40
| train          | F: 109000 | S: 54500 | E: 109 | L: 1000 | R: 8.8258 | BS: 54500 | FPS: 93.2011 | T: 0:21:51
| train          | F: 110000 | S: 55000 | E: 110 | L: 1000 | R: 331.4609 | BS: 55000 | FPS: 91.4090 | T: 0:22:02
| eval           | F: 110000 | S: 55000 | E: 110 | L: 1000 | R: 71.9459 | T: 0:22:02
| train          | F: 111000 | S: 55500 | E: 111 | L: 1000 | R: 3.9273 | BS: 55500 | FPS: 33.7290 | T: 0:22:31
| train          | F: 112000 | S: 56000 | E: 112 | L: 1000 | R: 7.5109 | BS: 56000 | FPS: 102.0252 | T: 0:22:41
| train          | F: 113000 | S: 56500 | E: 113 | L: 1000 | R: 8.2197 | BS: 56500 | FPS: 98.6287 | T: 0:22:51
| train          | F: 114000 | S: 57000 | E: 114 | L: 1000 | R: 11.0646 | BS: 57000 | FPS: 97.2531 | T: 0:23:02
| train          | F: 115000 | S: 57500 | E: 115 | L: 1000 | R: 9.3455 | BS: 57500 | FPS: 99.6641 | T: 0:23:12
| train          | F: 116000 | S: 58000 | E: 116 | L: 1000 | R: 1.1845 | BS: 58000 | FPS: 96.7057 | T: 0:23:22
| train          | F: 117000 | S: 58500 | E: 117 | L: 1000 | R: 326.8304 | BS: 58500 | FPS: 93.6667 | T: 0:23:33
| train          | F: 118000 | S: 59000 | E: 118 | L: 1000 | R: 12.7130 | BS: 59000 | FPS: 92.1965 | T: 0:23:44
| train          | F: 119000 | S: 59500 | E: 119 | L: 1000 | R: 0.3068 | BS: 59500 | FPS: 93.5763 | T: 0:23:54
| train          | F: 120000 | S: 60000 | E: 120 | L: 1000 | R: 332.3384 | BS: 60000 | FPS: 95.8477 | T: 0:24:05
| eval           | F: 120000 | S: 60000 | E: 120 | L: 1000 | R: 125.9471 | T: 0:24:05
| train          | F: 121000 | S: 60500 | E: 121 | L: 1000 | R: 19.1562 | BS: 60500 | FPS: 31.5410 | T: 0:24:36
| train          | F: 122000 | S: 61000 | E: 122 | L: 1000 | R: 328.9368 | BS: 61000 | FPS: 102.2199 | T: 0:24:46
| train          | F: 123000 | S: 61500 | E: 123 | L: 1000 | R: 11.2663 | BS: 61500 | FPS: 96.9219 | T: 0:24:57
| train          | F: 124000 | S: 62000 | E: 124 | L: 1000 | R: 1.0827 | BS: 62000 | FPS: 96.4016 | T: 0:25:07
| train          | F: 125000 | S: 62500 | E: 125 | L: 1000 | R: 0.2927 | BS: 62500 | FPS: 97.3512 | T: 0:25:17
| train          | F: 126000 | S: 63000 | E: 126 | L: 1000 | R: 478.5523 | BS: 63000 | FPS: 99.7988 | T: 0:25:27
| train          | F: 127000 | S: 63500 | E: 127 | L: 1000 | R: 9.2552 | BS: 63500 | FPS: 88.2247 | T: 0:25:39
| train          | F: 128000 | S: 64000 | E: 128 | L: 1000 | R: 4.9075 | BS: 64000 | FPS: 90.9458 | T: 0:25:50
| train          | F: 129000 | S: 64500 | E: 129 | L: 1000 | R: 15.8530 | BS: 64500 | FPS: 93.5354 | T: 0:26:00
| train          | F: 130000 | S: 65000 | E: 130 | L: 1000 | R: 329.5561 | BS: 65000 | FPS: 98.3730 | T: 0:26:10
| eval           | F: 130000 | S: 65000 | E: 130 | L: 1000 | R: 147.2837 | T: 0:26:10
| train          | F: 131000 | S: 65500 | E: 131 | L: 1000 | R: 478.7906 | BS: 65500 | FPS: 31.0425 | T: 0:26:43
| train          | F: 132000 | S: 66000 | E: 132 | L: 1000 | R: 46.7457 | BS: 66000 | FPS: 91.7415 | T: 0:26:54
| train          | F: 133000 | S: 66500 | E: 133 | L: 1000 | R: 9.0973 | BS: 66500 | FPS: 88.5404 | T: 0:27:05
| train          | F: 134000 | S: 67000 | E: 134 | L: 1000 | R: 25.0123 | BS: 67000 | FPS: 92.1147 | T: 0:27:16
| train          | F: 135000 | S: 67500 | E: 135 | L: 1000 | R: 62.4464 | BS: 67500 | FPS: 98.5149 | T: 0:27:26
| train          | F: 136000 | S: 68000 | E: 136 | L: 1000 | R: 23.2029 | BS: 68000 | FPS: 97.2055 | T: 0:27:36
| train          | F: 137000 | S: 68500 | E: 137 | L: 1000 | R: 35.8022 | BS: 68500 | FPS: 89.8362 | T: 0:27:47
| train          | F: 138000 | S: 69000 | E: 138 | L: 1000 | R: 73.4288 | BS: 69000 | FPS: 93.2972 | T: 0:27:58
| train          | F: 139000 | S: 69500 | E: 139 | L: 1000 | R: 65.4616 | BS: 69500 | FPS: 94.4710 | T: 0:28:09
| train          | F: 140000 | S: 70000 | E: 140 | L: 1000 | R: 198.0195 | BS: 70000 | FPS: 98.5681 | T: 0:28:19
| eval           | F: 140000 | S: 70000 | E: 140 | L: 1000 | R: 187.8342 | T: 0:28:19
| train          | F: 141000 | S: 70500 | E: 141 | L: 1000 | R: 11.2088 | BS: 70500 | FPS: 33.8982 | T: 0:28:48
| train          | F: 142000 | S: 71000 | E: 142 | L: 1000 | R: 308.7274 | BS: 71000 | FPS: 95.2900 | T: 0:28:59
| train          | F: 143000 | S: 71500 | E: 143 | L: 1000 | R: 513.7964 | BS: 71500 | FPS: 87.6480 | T: 0:29:10
| train          | F: 144000 | S: 72000 | E: 144 | L: 1000 | R: 161.0625 | BS: 72000 | FPS: 91.5745 | T: 0:29:21
| train          | F: 145000 | S: 72500 | E: 145 | L: 1000 | R: 478.9656 | BS: 72500 | FPS: 76.0621 | T: 0:29:34
| train          | F: 146000 | S: 73000 | E: 146 | L: 1000 | R: 23.4635 | BS: 73000 | FPS: 85.4390 | T: 0:29:46
| train          | F: 147000 | S: 73500 | E: 147 | L: 1000 | R: 21.5945 | BS: 73500 | FPS: 89.0711 | T: 0:29:57
| train          | F: 148000 | S: 74000 | E: 148 | L: 1000 | R: 20.1985 | BS: 74000 | FPS: 97.8239 | T: 0:30:07
| train          | F: 149000 | S: 74500 | E: 149 | L: 1000 | R: 63.6797 | BS: 74500 | FPS: 91.3550 | T: 0:30:18
| train          | F: 150000 | S: 75000 | E: 150 | L: 1000 | R: 60.2461 | BS: 75000 | FPS: 95.8043 | T: 0:30:29
| eval           | F: 150000 | S: 75000 | E: 150 | L: 1000 | R: 137.6174 | T: 0:30:29
| train          | F: 151000 | S: 75500 | E: 151 | L: 1000 | R: 72.3046 | BS: 75500 | FPS: 31.3608 | T: 0:31:01
| train          | F: 152000 | S: 76000 | E: 152 | L: 1000 | R: 497.6916 | BS: 76000 | FPS: 98.8388 | T: 0:31:11
| train          | F: 153000 | S: 76500 | E: 153 | L: 1000 | R: 74.2431 | BS: 76500 | FPS: 95.2165 | T: 0:31:21
| train          | F: 154000 | S: 77000 | E: 154 | L: 1000 | R: 69.2756 | BS: 77000 | FPS: 94.0684 | T: 0:31:32
| train          | F: 155000 | S: 77500 | E: 155 | L: 1000 | R: 73.7968 | BS: 77500 | FPS: 95.0496 | T: 0:31:42
| train          | F: 156000 | S: 78000 | E: 156 | L: 1000 | R: 66.7872 | BS: 78000 | FPS: 96.0682 | T: 0:31:53
| train          | F: 157000 | S: 78500 | E: 157 | L: 1000 | R: 59.4721 | BS: 78500 | FPS: 91.9394 | T: 0:32:04
| train          | F: 158000 | S: 79000 | E: 158 | L: 1000 | R: 70.8633 | BS: 79000 | FPS: 96.7312 | T: 0:32:14
| train          | F: 159000 | S: 79500 | E: 159 | L: 1000 | R: 75.5021 | BS: 79500 | FPS: 91.4326 | T: 0:32:25
| train          | F: 160000 | S: 80000 | E: 160 | L: 1000 | R: 60.5321 | BS: 80000 | FPS: 92.4930 | T: 0:32:36
| eval           | F: 160000 | S: 80000 | E: 160 | L: 1000 | R: 243.5242 | T: 0:32:36
| train          | F: 161000 | S: 80500 | E: 161 | L: 1000 | R: 72.9448 | BS: 80500 | FPS: 30.6076 | T: 0:33:08
| train          | F: 162000 | S: 81000 | E: 162 | L: 1000 | R: 67.9752 | BS: 81000 | FPS: 94.1895 | T: 0:33:19
| train          | F: 163000 | S: 81500 | E: 163 | L: 1000 | R: 32.7044 | BS: 81500 | FPS: 91.9044 | T: 0:33:30
| train          | F: 164000 | S: 82000 | E: 164 | L: 1000 | R: 64.6597 | BS: 82000 | FPS: 93.5202 | T: 0:33:41
| train          | F: 165000 | S: 82500 | E: 165 | L: 1000 | R: 479.9436 | BS: 82500 | FPS: 93.6342 | T: 0:33:51
| train          | F: 166000 | S: 83000 | E: 166 | L: 1000 | R: 67.1953 | BS: 83000 | FPS: 99.7058 | T: 0:34:01
| train          | F: 167000 | S: 83500 | E: 167 | L: 1000 | R: 482.3228 | BS: 83500 | FPS: 100.2340 | T: 0:34:11
| train          | F: 168000 | S: 84000 | E: 168 | L: 1000 | R: 2.6740 | BS: 84000 | FPS: 98.4948 | T: 0:34:21
| train          | F: 169000 | S: 84500 | E: 169 | L: 1000 | R: 68.7723 | BS: 84500 | FPS: 95.5382 | T: 0:34:32
| train          | F: 170000 | S: 85000 | E: 170 | L: 1000 | R: 479.1195 | BS: 85000 | FPS: 93.1378 | T: 0:34:43
| eval           | F: 170000 | S: 85000 | E: 170 | L: 1000 | R: 230.7302 | T: 0:34:43
| train          | F: 171000 | S: 85500 | E: 171 | L: 1000 | R: 92.5666 | BS: 85500 | FPS: 31.4229 | T: 0:35:14
| train          | F: 172000 | S: 86000 | E: 172 | L: 1000 | R: 475.9495 | BS: 86000 | FPS: 98.4620 | T: 0:35:25
| train          | F: 173000 | S: 86500 | E: 173 | L: 1000 | R: 41.5288 | BS: 86500 | FPS: 99.5112 | T: 0:35:35
| train          | F: 174000 | S: 87000 | E: 174 | L: 1000 | R: 95.7373 | BS: 87000 | FPS: 99.7932 | T: 0:35:45
| train          | F: 175000 | S: 87500 | E: 175 | L: 1000 | R: 65.5757 | BS: 87500 | FPS: 97.9451 | T: 0:35:55
| train          | F: 176000 | S: 88000 | E: 176 | L: 1000 | R: 485.6899 | BS: 88000 | FPS: 101.2396 | T: 0:36:05
| train          | F: 177000 | S: 88500 | E: 177 | L: 1000 | R: 71.9831 | BS: 88500 | FPS: 93.8707 | T: 0:36:15
| train          | F: 178000 | S: 89000 | E: 178 | L: 1000 | R: 71.7632 | BS: 89000 | FPS: 92.5607 | T: 0:36:26
| train          | F: 179000 | S: 89500 | E: 179 | L: 1000 | R: 488.1871 | BS: 89500 | FPS: 94.3410 | T: 0:36:37
| train          | F: 180000 | S: 90000 | E: 180 | L: 1000 | R: 67.8311 | BS: 90000 | FPS: 95.4453 | T: 0:36:47
| eval           | F: 180000 | S: 90000 | E: 180 | L: 1000 | R: 216.5284 | T: 0:36:47
| train          | F: 181000 | S: 90500 | E: 181 | L: 1000 | R: 483.5061 | BS: 90500 | FPS: 30.2783 | T: 0:37:20
| train          | F: 182000 | S: 91000 | E: 182 | L: 1000 | R: 487.3580 | BS: 91000 | FPS: 100.1545 | T: 0:37:30
| train          | F: 183000 | S: 91500 | E: 183 | L: 1000 | R: 57.9005 | BS: 91500 | FPS: 101.5449 | T: 0:37:40
| train          | F: 184000 | S: 92000 | E: 184 | L: 1000 | R: 491.1240 | BS: 92000 | FPS: 99.0941 | T: 0:37:50
| train          | F: 185000 | S: 92500 | E: 185 | L: 1000 | R: 35.7600 | BS: 92500 | FPS: 89.9455 | T: 0:38:01
| train          | F: 186000 | S: 93000 | E: 186 | L: 1000 | R: 63.3087 | BS: 93000 | FPS: 95.0161 | T: 0:38:12
| train          | F: 187000 | S: 93500 | E: 187 | L: 1000 | R: 66.1751 | BS: 93500 | FPS: 93.7816 | T: 0:38:23
| train          | F: 188000 | S: 94000 | E: 188 | L: 1000 | R: 63.6987 | BS: 94000 | FPS: 93.6365 | T: 0:38:33
| train          | F: 189000 | S: 94500 | E: 189 | L: 1000 | R: 481.9583 | BS: 94500 | FPS: 96.7954 | T: 0:38:44
| train          | F: 190000 | S: 95000 | E: 190 | L: 1000 | R: 78.7334 | BS: 95000 | FPS: 95.0913 | T: 0:38:54
| eval           | F: 190000 | S: 95000 | E: 190 | L: 1000 | R: 189.5245 | T: 0:38:54
| train          | F: 191000 | S: 95500 | E: 191 | L: 1000 | R: 59.8027 | BS: 95500 | FPS: 30.1768 | T: 0:39:27
| train          | F: 192000 | S: 96000 | E: 192 | L: 1000 | R: 66.5875 | BS: 96000 | FPS: 101.9603 | T: 0:39:37
| train          | F: 193000 | S: 96500 | E: 193 | L: 1000 | R: 475.9066 | BS: 96500 | FPS: 102.7995 | T: 0:39:47
| train          | F: 194000 | S: 97000 | E: 194 | L: 1000 | R: 30.8251 | BS: 97000 | FPS: 95.8309 | T: 0:39:57
| train          | F: 195000 | S: 97500 | E: 195 | L: 1000 | R: 500.0027 | BS: 97500 | FPS: 100.8152 | T: 0:40:07
| train          | F: 196000 | S: 98000 | E: 196 | L: 1000 | R: 64.3513 | BS: 98000 | FPS: 98.7211 | T: 0:40:17
| train          | F: 197000 | S: 98500 | E: 197 | L: 1000 | R: 60.9307 | BS: 98500 | FPS: 95.0752 | T: 0:40:28
| train          | F: 198000 | S: 99000 | E: 198 | L: 1000 | R: 48.1232 | BS: 99000 | FPS: 96.9241 | T: 0:40:38
| train          | F: 199000 | S: 99500 | E: 199 | L: 1000 | R: 19.6501 | BS: 99500 | FPS: 97.1923 | T: 0:40:48
| train          | F: 200000 | S: 100000 | E: 200 | L: 1000 | R: 71.5080 | BS: 100000 | FPS: 101.2103 | T: 0:40:58
| eval           | F: 200000 | S: 100000 | E: 200 | L: 1000 | R: 212.7053 | T: 0:40:58
| train          | F: 201000 | S: 100500 | E: 201 | L: 1000 | R: 40.4336 | BS: 100500 | FPS: 30.9199 | T: 0:41:31
| train          | F: 202000 | S: 101000 | E: 202 | L: 1000 | R: 487.8130 | BS: 101000 | FPS: 102.0548 | T: 0:41:40
| train          | F: 203000 | S: 101500 | E: 203 | L: 1000 | R: 68.0890 | BS: 101500 | FPS: 96.3845 | T: 0:41:51
| train          | F: 204000 | S: 102000 | E: 204 | L: 1000 | R: 29.8945 | BS: 102000 | FPS: 93.3208 | T: 0:42:01
| train          | F: 205000 | S: 102500 | E: 205 | L: 1000 | R: 494.0960 | BS: 102500 | FPS: 90.8733 | T: 0:42:12
| train          | F: 206000 | S: 103000 | E: 206 | L: 1000 | R: 69.6449 | BS: 103000 | FPS: 95.8327 | T: 0:42:23
| train          | F: 207000 | S: 103500 | E: 207 | L: 1000 | R: 16.1828 | BS: 103500 | FPS: 95.9831 | T: 0:42:33
| train          | F: 208000 | S: 104000 | E: 208 | L: 1000 | R: 76.0043 | BS: 104000 | FPS: 100.7280 | T: 0:42:43
| train          | F: 209000 | S: 104500 | E: 209 | L: 1000 | R: 489.7522 | BS: 104500 | FPS: 101.3677 | T: 0:42:53
| train          | F: 210000 | S: 105000 | E: 210 | L: 1000 | R: 74.7242 | BS: 105000 | FPS: 96.5846 | T: 0:43:03
| eval           | F: 210000 | S: 105000 | E: 210 | L: 1000 | R: 245.7518 | T: 0:43:03
| train          | F: 211000 | S: 105500 | E: 211 | L: 1000 | R: 468.1744 | BS: 105500 | FPS: 31.2187 | T: 0:43:36
| train          | F: 212000 | S: 106000 | E: 212 | L: 1000 | R: 66.4618 | BS: 106000 | FPS: 103.5737 | T: 0:43:45
| train          | F: 213000 | S: 106500 | E: 213 | L: 1000 | R: 65.2929 | BS: 106500 | FPS: 99.9754 | T: 0:43:55
| train          | F: 214000 | S: 107000 | E: 214 | L: 1000 | R: 82.4407 | BS: 107000 | FPS: 101.5390 | T: 0:44:05
| train          | F: 215000 | S: 107500 | E: 215 | L: 1000 | R: 74.9105 | BS: 107500 | FPS: 99.5419 | T: 0:44:15
| train          | F: 216000 | S: 108000 | E: 216 | L: 1000 | R: 487.4434 | BS: 108000 | FPS: 98.7647 | T: 0:44:25
| train          | F: 217000 | S: 108500 | E: 217 | L: 1000 | R: 67.9636 | BS: 108500 | FPS: 101.3322 | T: 0:44:35
| train          | F: 218000 | S: 109000 | E: 218 | L: 1000 | R: 312.1643 | BS: 109000 | FPS: 101.4823 | T: 0:44:45
| train          | F: 219000 | S: 109500 | E: 219 | L: 1000 | R: 329.2568 | BS: 109500 | FPS: 101.8132 | T: 0:44:55
| train          | F: 220000 | S: 110000 | E: 220 | L: 1000 | R: 291.7511 | BS: 110000 | FPS: 100.5873 | T: 0:45:05
| eval           | F: 220000 | S: 110000 | E: 220 | L: 1000 | R: 205.0024 | T: 0:45:05
| train          | F: 221000 | S: 110500 | E: 221 | L: 1000 | R: 60.8724 | BS: 110500 | FPS: 29.6265 | T: 0:45:38
| train          | F: 222000 | S: 111000 | E: 222 | L: 1000 | R: 474.9414 | BS: 111000 | FPS: 91.6609 | T: 0:45:49
| train          | F: 223000 | S: 111500 | E: 223 | L: 1000 | R: 57.9970 | BS: 111500 | FPS: 94.3327 | T: 0:46:00
| train          | F: 224000 | S: 112000 | E: 224 | L: 1000 | R: 463.0350 | BS: 112000 | FPS: 93.3900 | T: 0:46:11
| train          | F: 225000 | S: 112500 | E: 225 | L: 1000 | R: 314.5296 | BS: 112500 | FPS: 97.8240 | T: 0:46:21
| train          | F: 226000 | S: 113000 | E: 226 | L: 1000 | R: 85.9252 | BS: 113000 | FPS: 94.1691 | T: 0:46:31
| train          | F: 227000 | S: 113500 | E: 227 | L: 1000 | R: 0.2577 | BS: 113500 | FPS: 95.6975 | T: 0:46:42
| train          | F: 228000 | S: 114000 | E: 228 | L: 1000 | R: 315.5495 | BS: 114000 | FPS: 92.6585 | T: 0:46:53
| train          | F: 229000 | S: 114500 | E: 229 | L: 1000 | R: 296.2613 | BS: 114500 | FPS: 90.3107 | T: 0:47:04
| train          | F: 230000 | S: 115000 | E: 230 | L: 1000 | R: 479.3957 | BS: 115000 | FPS: 89.2209 | T: 0:47:15
| eval           | F: 230000 | S: 115000 | E: 230 | L: 1000 | R: 208.7154 | T: 0:47:15
| train          | F: 231000 | S: 115500 | E: 231 | L: 1000 | R: 291.2976 | BS: 115500 | FPS: 31.0481 | T: 0:47:47
| train          | F: 232000 | S: 116000 | E: 232 | L: 1000 | R: 479.1166 | BS: 116000 | FPS: 99.8193 | T: 0:47:57
| train          | F: 233000 | S: 116500 | E: 233 | L: 1000 | R: 315.9579 | BS: 116500 | FPS: 102.9561 | T: 0:48:07
| train          | F: 234000 | S: 117000 | E: 234 | L: 1000 | R: 478.8028 | BS: 117000 | FPS: 101.8151 | T: 0:48:17
| train          | F: 235000 | S: 117500 | E: 235 | L: 1000 | R: 280.3752 | BS: 117500 | FPS: 90.0240 | T: 0:48:28
| train          | F: 236000 | S: 118000 | E: 236 | L: 1000 | R: 324.9016 | BS: 118000 | FPS: 96.1370 | T: 0:48:38
| train          | F: 237000 | S: 118500 | E: 237 | L: 1000 | R: 66.4945 | BS: 118500 | FPS: 88.2428 | T: 0:48:50
| train          | F: 238000 | S: 119000 | E: 238 | L: 1000 | R: 44.7847 | BS: 119000 | FPS: 89.1391 | T: 0:49:01
| train          | F: 239000 | S: 119500 | E: 239 | L: 1000 | R: 3.2630 | BS: 119500 | FPS: 96.6823 | T: 0:49:11
| train          | F: 240000 | S: 120000 | E: 240 | L: 1000 | R: 324.2811 | BS: 120000 | FPS: 100.4406 | T: 0:49:21
| eval           | F: 240000 | S: 120000 | E: 240 | L: 1000 | R: 270.6119 | T: 0:49:21
| train          | F: 241000 | S: 120500 | E: 241 | L: 1000 | R: 479.5634 | BS: 120500 | FPS: 31.2737 | T: 0:49:53
| train          | F: 242000 | S: 121000 | E: 242 | L: 1000 | R: 475.7012 | BS: 121000 | FPS: 102.3919 | T: 0:50:03
| train          | F: 243000 | S: 121500 | E: 243 | L: 1000 | R: 66.0678 | BS: 121500 | FPS: 94.7332 | T: 0:50:13
| train          | F: 244000 | S: 122000 | E: 244 | L: 1000 | R: 67.2442 | BS: 122000 | FPS: 98.6961 | T: 0:50:24
| train          | F: 245000 | S: 122500 | E: 245 | L: 1000 | R: 491.3803 | BS: 122500 | FPS: 99.8721 | T: 0:50:34
| train          | F: 246000 | S: 123000 | E: 246 | L: 1000 | R: 303.1044 | BS: 123000 | FPS: 100.3537 | T: 0:50:44
| train          | F: 247000 | S: 123500 | E: 247 | L: 1000 | R: 481.0392 | BS: 123500 | FPS: 101.4774 | T: 0:50:53
| train          | F: 248000 | S: 124000 | E: 248 | L: 1000 | R: 321.9778 | BS: 124000 | FPS: 100.9090 | T: 0:51:03
| train          | F: 249000 | S: 124500 | E: 249 | L: 1000 | R: 0.3524 | BS: 124500 | FPS: 95.7674 | T: 0:51:14
