Gym has been unmaintained since 2022 and does not support NumPy 2.0 amongst other critical functionality.
Please upgrade to Gymnasium, the maintained drop-in replacement of Gym, or contact the authors of your software and request that they upgrade.
Users of this version of Gym should be able to simply replace 'import gym' with 'import gymnasium as gym' in the vast majority of cases.
See the migration guide at https://gymnasium.farama.org/introduction/migration_guide/ for additional information.
/workspace/learn-si2e/base-vcse/VCSE_A2C/rl-starter-files/rl-starter-files/scripts/train.py --algo a2c --env MiniGrid-BlockedUnlockPickup-v0 --model sweep-vcse-BlockedUnlockPickup-s1 --frames 1000000 --use_batch --save-interval 100 --log-interval 500 --seed 1 --use_entropy_reward --use_value_condition --beta 0.005

Namespace(algo='a2c', env='MiniGrid-BlockedUnlockPickup-v0', model='sweep-vcse-BlockedUnlockPickup-s1', seed=1, log_interval=500, save_interval=100, procs=16, frames=1000000, epochs=4, batch_size=256, frames_per_proc=None, discount=0.99, lr=0.001, gae_lambda=0.95, entropy_coef=0.01, value_loss_coef=0.5, max_grad_norm=0.5, optim_eps=1e-08, optim_alpha=0.99, clip_eps=0.2, recurrence=1, text=False, use_entropy_reward=True, use_value_condition=True, beta=0.005, use_batch=True, mem=False)

Device: cuda

Environments loaded

Training status loaded

Observations preprocessor loaded
Model loaded

ACModel(
  (image_conv): Sequential(
    (0): Conv2d(3, 16, kernel_size=(2, 2), stride=(1, 1))
    (1): ReLU()
    (2): MaxPool2d(kernel_size=(2, 2), stride=(2, 2), padding=0, dilation=1, ceil_mode=False)
    (3): Conv2d(16, 32, kernel_size=(2, 2), stride=(1, 1))
    (4): ReLU()
    (5): Conv2d(32, 64, kernel_size=(2, 2), stride=(1, 1))
    (6): ReLU()
  )
  (actor): Sequential(
    (0): Linear(in_features=64, out_features=64, bias=True)
    (1): Tanh()
    (2): Linear(in_features=64, out_features=7, bias=True)
  )
  (critic): Sequential(
    (0): Linear(in_features=64, out_features=64, bias=True)
    (1): Tanh()
    (2): Linear(in_features=64, out_features=1, bias=True)
  )
  (extr_critic): Sequential(
    (0): Linear(in_features=64, out_features=64, bias=True)
    (1): Tanh()
    (2): Linear(in_features=64, out_features=1, bias=True)
  )
)

Optimizer loaded

Status saved
Status saved
Status saved
Status saved
U 500 | F 064000 | FPS 1048 | D 59 | rR:μσmM 0.00 0.00 0.00 0.00 | F:μσmM 576.0 0.0 576.0 576.0 | H 1.779 | V -0.425 | pL -0.004 | vL 0.000 | ∇ 0.009
Status saved
Status saved
Status saved
Status saved
Status saved
U 1000 | F 128000 | FPS 0913 | D 118 | rR:μσmM 0.00 0.00 0.00 0.00 | F:μσmM 576.0 0.0 576.0 576.0 | H 1.798 | V -0.416 | pL -0.020 | vL 0.001 | ∇ 0.019
Status saved
Status saved
Status saved
Status saved
Status saved
U 1500 | F 192000 | FPS 1052 | D 179 | rR:μσmM 0.00 0.00 0.00 0.00 | F:μσmM 576.0 0.0 576.0 576.0 | H 1.809 | V -0.368 | pL -0.017 | vL 0.001 | ∇ 0.013
Status saved
Status saved
Status saved
Status saved
Status saved
U 2000 | F 256000 | FPS 1058 | D 239 | rR:μσmM 0.00 0.00 0.00 0.00 | F:μσmM 576.0 0.0 576.0 576.0 | H 1.787 | V -0.355 | pL -0.010 | vL 0.001 | ∇ 0.014
Status saved
Status saved
Status saved
Status saved
Status saved
U 2500 | F 320000 | FPS 1123 | D 299 | rR:μσmM 0.00 0.00 0.00 0.00 | F:μσmM 576.0 0.0 576.0 576.0 | H 1.765 | V -0.330 | pL -0.013 | vL 0.001 | ∇ 0.012
Status saved
Status saved
Status saved
Status saved
Status saved
U 3000 | F 384000 | FPS 1067 | D 359 | rR:μσmM 0.00 0.00 0.00 0.00 | F:μσmM 576.0 0.0 576.0 576.0 | H 1.824 | V -0.317 | pL 0.006 | vL 0.000 | ∇ 0.010
Status saved
Status saved
Status saved
Status saved
Status saved
U 3500 | F 448000 | FPS 1149 | D 419 | rR:μσmM 0.01 0.03 0.00 0.11 | F:μσmM 575.6 1.5 570.0 576.0 | H 1.774 | V -0.326 | pL -0.003 | vL 0.001 | ∇ 0.008
Status saved
Status saved
Status saved
Status saved
Status saved
U 4000 | F 512000 | FPS 1012 | D 479 | rR:μσmM 0.00 0.00 0.00 0.00 | F:μσmM 576.0 0.0 576.0 576.0 | H 1.783 | V -0.311 | pL -0.008 | vL 0.001 | ∇ 0.007
Status saved
Status saved
Status saved
Status saved
Status saved
U 4500 | F 576000 | FPS 1010 | D 539 | rR:μσmM 0.00 0.00 0.00 0.00 | F:μσmM 576.0 0.0 576.0 576.0 | H 1.794 | V -0.288 | pL -0.002 | vL 0.001 | ∇ 0.007
Status saved
Status saved
Status saved
Status saved
Status saved
U 5000 | F 640000 | FPS 0810 | D 599 | rR:μσmM 0.00 0.00 0.00 0.00 | F:μσmM 576.0 0.0 576.0 576.0 | H 1.817 | V -0.295 | pL -0.012 | vL 0.001 | ∇ 0.011
Status saved
Status saved
Status saved
Status saved
Status saved
U 5500 | F 704000 | FPS 1090 | D 659 | rR:μσmM 0.00 0.00 0.00 0.00 | F:μσmM 576.0 0.0 576.0 576.0 | H 1.782 | V -0.291 | pL -0.029 | vL 0.001 | ∇ 0.028
Status saved
Status saved
Status saved
Status saved
Status saved
U 6000 | F 768000 | FPS 1116 | D 719 | rR:μσmM 0.00 0.00 0.00 0.00 | F:μσmM 576.0 0.0 576.0 576.0 | H 1.790 | V -0.298 | pL -0.006 | vL 0.000 | ∇ 0.007
Status saved
Status saved
Status saved
Status saved
Status saved
U 6500 | F 832000 | FPS 1170 | D 778 | rR:μσmM 0.00 0.00 0.00 0.00 | F:μσmM 576.0 0.0 576.0 576.0 | H 1.788 | V -0.275 | pL 0.007 | vL 0.000 | ∇ 0.009
Status saved
Status saved
Status saved
Status saved
Status saved
U 7000 | F 896000 | FPS 1118 | D 838 | rR:μσmM 0.00 0.00 0.00 0.00 | F:μσmM 576.0 0.0 576.0 576.0 | H 1.804 | V -0.289 | pL -0.014 | vL 0.001 | ∇ 0.011
Status saved
Status saved
Status saved
Status saved
Status saved
U 7500 | F 960000 | FPS 0985 | D 898 | rR:μσmM 0.00 0.00 0.00 0.00 | F:μσmM 576.0 0.0 576.0 576.0 | H 1.782 | V -0.275 | pL 0.006 | vL 0.000 | ∇ 0.009
Status saved
Status saved
Status saved
Status saved
