/workspace/learn-si2e/base-vcse/VCSE_DrQv2/train.py:207: UserWarning: 
The version_base parameter is not specified.
Please specify a compatability version level, or None.
Will assume defaults for version 1.1
  @hydra.main(config_path='cfgs', config_name='config')
/usr/local/lib/python3.10/dist-packages/hydra/_internal/hydra.py:119: UserWarning: Future Hydra versions will no longer change working directory at job runtime by default.
See https://hydra.cc/docs/1.2/upgrades/1.1_to_1.2/changes_to_job_working_dir/ for more information.
  ret = run_job(
/workspace/learn-si2e/base-vcse/VCSE_DrQv2/train.py:207: UserWarning: 
The version_base parameter is not specified.
Please specify a compatability version level, or None.
Will assume defaults for version 1.1
  @hydra.main(config_path='cfgs', config_name='config')
workspace: /workspace/learn-si2e/results/drqv2-official/hopper_stand_vcse_seed1
| eval           | F: 0 | S: 0 | E: 0 | L: 1000 | R: 1.4988 | T: 0:00:00
| train          | F: 5000 | S: 2500 | E: 5 | L: 1000 | R: 0.0000 | BS: 2500 | FPS: 22.9767 | T: 0:00:43
| train          | F: 6000 | S: 3000 | E: 6 | L: 1000 | R: 0.0000 | BS: 3000 | FPS: 68.0355 | T: 0:00:58
| train          | F: 7000 | S: 3500 | E: 7 | L: 1000 | R: 0.0000 | BS: 3500 | FPS: 71.3049 | T: 0:01:12
| train          | F: 8000 | S: 4000 | E: 8 | L: 1000 | R: 0.0000 | BS: 4000 | FPS: 69.1794 | T: 0:01:26
| train          | F: 9000 | S: 4500 | E: 9 | L: 1000 | R: 0.0000 | BS: 4500 | FPS: 67.8880 | T: 0:01:41
| train          | F: 10000 | S: 5000 | E: 10 | L: 1000 | R: 0.0000 | BS: 5000 | FPS: 66.6473 | T: 0:01:56
| eval           | F: 10000 | S: 5000 | E: 10 | L: 1000 | R: 0.0000 | T: 0:01:56
| train          | F: 11000 | S: 5500 | E: 11 | L: 1000 | R: 0.0000 | BS: 5500 | FPS: 28.6647 | T: 0:02:31
| train          | F: 12000 | S: 6000 | E: 12 | L: 1000 | R: 0.0000 | BS: 6000 | FPS: 71.2174 | T: 0:02:45
| train          | F: 13000 | S: 6500 | E: 13 | L: 1000 | R: 0.0000 | BS: 6500 | FPS: 68.8565 | T: 0:02:59
| train          | F: 14000 | S: 7000 | E: 14 | L: 1000 | R: 1.6585 | BS: 7000 | FPS: 64.6166 | T: 0:03:15
| train          | F: 15000 | S: 7500 | E: 15 | L: 1000 | R: 0.0000 | BS: 7500 | FPS: 64.9133 | T: 0:03:30
| train          | F: 16000 | S: 8000 | E: 16 | L: 1000 | R: 0.0000 | BS: 8000 | FPS: 65.7252 | T: 0:03:45
| train          | F: 17000 | S: 8500 | E: 17 | L: 1000 | R: 0.0000 | BS: 8500 | FPS: 65.2296 | T: 0:04:01
| train          | F: 18000 | S: 9000 | E: 18 | L: 1000 | R: 0.0000 | BS: 9000 | FPS: 63.3121 | T: 0:04:17
| train          | F: 19000 | S: 9500 | E: 19 | L: 1000 | R: 0.0000 | BS: 9500 | FPS: 62.9668 | T: 0:04:32
| train          | F: 20000 | S: 10000 | E: 20 | L: 1000 | R: 0.0000 | BS: 10000 | FPS: 62.7389 | T: 0:04:48
| eval           | F: 20000 | S: 10000 | E: 20 | L: 1000 | R: 1.0400 | T: 0:04:48
| train          | F: 21000 | S: 10500 | E: 21 | L: 1000 | R: 0.0000 | BS: 10500 | FPS: 30.6736 | T: 0:05:21
| train          | F: 22000 | S: 11000 | E: 22 | L: 1000 | R: 0.0000 | BS: 11000 | FPS: 67.7700 | T: 0:05:36
| train          | F: 23000 | S: 11500 | E: 23 | L: 1000 | R: 0.0000 | BS: 11500 | FPS: 65.2467 | T: 0:05:51
| train          | F: 24000 | S: 12000 | E: 24 | L: 1000 | R: 0.0000 | BS: 12000 | FPS: 64.0006 | T: 0:06:07
| train          | F: 25000 | S: 12500 | E: 25 | L: 1000 | R: 0.0000 | BS: 12500 | FPS: 63.5774 | T: 0:06:22
| train          | F: 26000 | S: 13000 | E: 26 | L: 1000 | R: 13.2565 | BS: 13000 | FPS: 60.7757 | T: 0:06:39
| train          | F: 27000 | S: 13500 | E: 27 | L: 1000 | R: 4.9146 | BS: 13500 | FPS: 62.8225 | T: 0:06:55
| train          | F: 28000 | S: 14000 | E: 28 | L: 1000 | R: 0.0000 | BS: 14000 | FPS: 60.8330 | T: 0:07:11
| train          | F: 29000 | S: 14500 | E: 29 | L: 1000 | R: 0.0000 | BS: 14500 | FPS: 62.6558 | T: 0:07:27
| train          | F: 30000 | S: 15000 | E: 30 | L: 1000 | R: 0.0000 | BS: 15000 | FPS: 61.1388 | T: 0:07:44
| eval           | F: 30000 | S: 15000 | E: 30 | L: 1000 | R: 5.9884 | T: 0:07:44
| train          | F: 31000 | S: 15500 | E: 31 | L: 1000 | R: 0.0000 | BS: 15500 | FPS: 30.8171 | T: 0:08:16
| train          | F: 32000 | S: 16000 | E: 32 | L: 1000 | R: 0.0000 | BS: 16000 | FPS: 63.3807 | T: 0:08:32
| train          | F: 33000 | S: 16500 | E: 33 | L: 1000 | R: 0.0000 | BS: 16500 | FPS: 63.0662 | T: 0:08:48
| train          | F: 34000 | S: 17000 | E: 34 | L: 1000 | R: 0.0000 | BS: 17000 | FPS: 62.7994 | T: 0:09:04
| train          | F: 35000 | S: 17500 | E: 35 | L: 1000 | R: 0.0000 | BS: 17500 | FPS: 61.7133 | T: 0:09:20
| train          | F: 36000 | S: 18000 | E: 36 | L: 1000 | R: 23.3964 | BS: 18000 | FPS: 62.6671 | T: 0:09:36
| train          | F: 37000 | S: 18500 | E: 37 | L: 1000 | R: 18.3800 | BS: 18500 | FPS: 62.9025 | T: 0:09:52
| train          | F: 38000 | S: 19000 | E: 38 | L: 1000 | R: 0.0000 | BS: 19000 | FPS: 61.9688 | T: 0:10:08
| train          | F: 39000 | S: 19500 | E: 39 | L: 1000 | R: 0.0000 | BS: 19500 | FPS: 62.8996 | T: 0:10:24
| train          | F: 40000 | S: 20000 | E: 40 | L: 1000 | R: 0.0000 | BS: 20000 | FPS: 61.3498 | T: 0:10:40
| eval           | F: 40000 | S: 20000 | E: 40 | L: 1000 | R: 1.4570 | T: 0:10:40
| train          | F: 41000 | S: 20500 | E: 41 | L: 1000 | R: 0.0000 | BS: 20500 | FPS: 31.1725 | T: 0:11:12
| train          | F: 42000 | S: 21000 | E: 42 | L: 1000 | R: 0.0000 | BS: 21000 | FPS: 66.8268 | T: 0:11:27
| train          | F: 43000 | S: 21500 | E: 43 | L: 1000 | R: 0.0000 | BS: 21500 | FPS: 65.3924 | T: 0:11:42
| train          | F: 44000 | S: 22000 | E: 44 | L: 1000 | R: 0.0000 | BS: 22000 | FPS: 63.5948 | T: 0:11:58
| train          | F: 45000 | S: 22500 | E: 45 | L: 1000 | R: 0.0000 | BS: 22500 | FPS: 61.2897 | T: 0:12:14
| train          | F: 46000 | S: 23000 | E: 46 | L: 1000 | R: 0.0000 | BS: 23000 | FPS: 62.5755 | T: 0:12:30
| train          | F: 47000 | S: 23500 | E: 47 | L: 1000 | R: 4.8110 | BS: 23500 | FPS: 63.5831 | T: 0:12:46
| train          | F: 48000 | S: 24000 | E: 48 | L: 1000 | R: 4.1289 | BS: 24000 | FPS: 61.3476 | T: 0:13:02
| train          | F: 49000 | S: 24500 | E: 49 | L: 1000 | R: 0.0000 | BS: 24500 | FPS: 62.7507 | T: 0:13:18
| train          | F: 50000 | S: 25000 | E: 50 | L: 1000 | R: 1.6331 | BS: 25000 | FPS: 61.1200 | T: 0:13:35
| eval           | F: 50000 | S: 25000 | E: 50 | L: 1000 | R: 1.2019 | T: 0:13:35
| train          | F: 51000 | S: 25500 | E: 51 | L: 1000 | R: 0.0000 | BS: 25500 | FPS: 31.1174 | T: 0:14:07
| train          | F: 52000 | S: 26000 | E: 52 | L: 1000 | R: 0.0000 | BS: 26000 | FPS: 68.6310 | T: 0:14:21
| train          | F: 53000 | S: 26500 | E: 53 | L: 1000 | R: 0.0000 | BS: 26500 | FPS: 64.4222 | T: 0:14:37
| train          | F: 54000 | S: 27000 | E: 54 | L: 1000 | R: 0.0000 | BS: 27000 | FPS: 63.1677 | T: 0:14:53
| train          | F: 55000 | S: 27500 | E: 55 | L: 1000 | R: 0.0000 | BS: 27500 | FPS: 63.6849 | T: 0:15:08
| train          | F: 56000 | S: 28000 | E: 56 | L: 1000 | R: 3.2719 | BS: 28000 | FPS: 59.9008 | T: 0:15:25
| train          | F: 57000 | S: 28500 | E: 57 | L: 1000 | R: 0.0000 | BS: 28500 | FPS: 62.0730 | T: 0:15:41
| train          | F: 58000 | S: 29000 | E: 58 | L: 1000 | R: 0.0000 | BS: 29000 | FPS: 64.6859 | T: 0:15:57
| train          | F: 59000 | S: 29500 | E: 59 | L: 1000 | R: 5.7863 | BS: 29500 | FPS: 59.7059 | T: 0:16:13
| train          | F: 60000 | S: 30000 | E: 60 | L: 1000 | R: 0.0000 | BS: 30000 | FPS: 62.9380 | T: 0:16:29
| eval           | F: 60000 | S: 30000 | E: 60 | L: 1000 | R: 0.3200 | T: 0:16:29
| train          | F: 61000 | S: 30500 | E: 61 | L: 1000 | R: 0.0000 | BS: 30500 | FPS: 28.7634 | T: 0:17:04
| train          | F: 62000 | S: 31000 | E: 62 | L: 1000 | R: 0.0000 | BS: 31000 | FPS: 66.7271 | T: 0:17:19
| train          | F: 63000 | S: 31500 | E: 63 | L: 1000 | R: 0.0000 | BS: 31500 | FPS: 65.4419 | T: 0:17:34
| train          | F: 64000 | S: 32000 | E: 64 | L: 1000 | R: 0.0000 | BS: 32000 | FPS: 65.2409 | T: 0:17:50
| train          | F: 65000 | S: 32500 | E: 65 | L: 1000 | R: 0.0000 | BS: 32500 | FPS: 64.7354 | T: 0:18:05
| train          | F: 66000 | S: 33000 | E: 66 | L: 1000 | R: 4.0781 | BS: 33000 | FPS: 62.0987 | T: 0:18:21
| train          | F: 67000 | S: 33500 | E: 67 | L: 1000 | R: 0.0000 | BS: 33500 | FPS: 63.3226 | T: 0:18:37
| train          | F: 68000 | S: 34000 | E: 68 | L: 1000 | R: 0.0000 | BS: 34000 | FPS: 60.4676 | T: 0:18:54
| train          | F: 69000 | S: 34500 | E: 69 | L: 1000 | R: 0.0000 | BS: 34500 | FPS: 61.9533 | T: 0:19:10
| train          | F: 70000 | S: 35000 | E: 70 | L: 1000 | R: 0.0000 | BS: 35000 | FPS: 59.5034 | T: 0:19:27
| eval           | F: 70000 | S: 35000 | E: 70 | L: 1000 | R: 0.8800 | T: 0:19:27
| train          | F: 71000 | S: 35500 | E: 71 | L: 1000 | R: 1.6399 | BS: 35500 | FPS: 30.2510 | T: 0:20:00
| train          | F: 72000 | S: 36000 | E: 72 | L: 1000 | R: 0.0000 | BS: 36000 | FPS: 66.5650 | T: 0:20:15
| train          | F: 73000 | S: 36500 | E: 73 | L: 1000 | R: 0.0000 | BS: 36500 | FPS: 64.7949 | T: 0:20:30
| train          | F: 74000 | S: 37000 | E: 74 | L: 1000 | R: 0.0000 | BS: 37000 | FPS: 63.7888 | T: 0:20:46
| train          | F: 75000 | S: 37500 | E: 75 | L: 1000 | R: 0.0000 | BS: 37500 | FPS: 62.7300 | T: 0:21:02
| train          | F: 76000 | S: 38000 | E: 76 | L: 1000 | R: 1.6333 | BS: 38000 | FPS: 61.4727 | T: 0:21:18
| train          | F: 77000 | S: 38500 | E: 77 | L: 1000 | R: 5.8513 | BS: 38500 | FPS: 61.2496 | T: 0:21:34
| train          | F: 78000 | S: 39000 | E: 78 | L: 1000 | R: 0.0000 | BS: 39000 | FPS: 62.2515 | T: 0:21:50
| train          | F: 79000 | S: 39500 | E: 79 | L: 1000 | R: 0.0000 | BS: 39500 | FPS: 61.1495 | T: 0:22:07
| train          | F: 80000 | S: 40000 | E: 80 | L: 1000 | R: 0.0000 | BS: 40000 | FPS: 61.9059 | T: 0:22:23
| eval           | F: 80000 | S: 40000 | E: 80 | L: 1000 | R: 0.8150 | T: 0:22:23
| train          | F: 81000 | S: 40500 | E: 81 | L: 1000 | R: 0.0000 | BS: 40500 | FPS: 28.8227 | T: 0:22:58
| train          | F: 82000 | S: 41000 | E: 82 | L: 1000 | R: 0.0000 | BS: 41000 | FPS: 68.3928 | T: 0:23:12
| train          | F: 83000 | S: 41500 | E: 83 | L: 1000 | R: 0.0000 | BS: 41500 | FPS: 65.9701 | T: 0:23:27
| train          | F: 84000 | S: 42000 | E: 84 | L: 1000 | R: 0.0000 | BS: 42000 | FPS: 64.9818 | T: 0:23:43
| train          | F: 85000 | S: 42500 | E: 85 | L: 1000 | R: 0.0000 | BS: 42500 | FPS: 62.2894 | T: 0:23:59
| train          | F: 86000 | S: 43000 | E: 86 | L: 1000 | R: 0.0000 | BS: 43000 | FPS: 62.6681 | T: 0:24:15
| train          | F: 87000 | S: 43500 | E: 87 | L: 1000 | R: 0.0000 | BS: 43500 | FPS: 63.0530 | T: 0:24:31
| train          | F: 88000 | S: 44000 | E: 88 | L: 1000 | R: 0.0000 | BS: 44000 | FPS: 60.8470 | T: 0:24:47
| train          | F: 89000 | S: 44500 | E: 89 | L: 1000 | R: 1.6295 | BS: 44500 | FPS: 61.5641 | T: 0:25:03
| train          | F: 90000 | S: 45000 | E: 90 | L: 1000 | R: 0.0000 | BS: 45000 | FPS: 62.4937 | T: 0:25:19
| eval           | F: 90000 | S: 45000 | E: 90 | L: 1000 | R: 0.8854 | T: 0:25:19
| train          | F: 91000 | S: 45500 | E: 91 | L: 1000 | R: 0.0000 | BS: 45500 | FPS: 28.1627 | T: 0:25:55
| train          | F: 92000 | S: 46000 | E: 92 | L: 1000 | R: 5.7339 | BS: 46000 | FPS: 67.0769 | T: 0:26:10
| train          | F: 93000 | S: 46500 | E: 93 | L: 1000 | R: 0.0000 | BS: 46500 | FPS: 64.6899 | T: 0:26:25
| train          | F: 94000 | S: 47000 | E: 94 | L: 1000 | R: 2.4967 | BS: 47000 | FPS: 63.5324 | T: 0:26:41
| train          | F: 95000 | S: 47500 | E: 95 | L: 1000 | R: 0.0000 | BS: 47500 | FPS: 64.4517 | T: 0:26:56
| train          | F: 96000 | S: 48000 | E: 96 | L: 1000 | R: 26.5752 | BS: 48000 | FPS: 59.7606 | T: 0:27:13
| train          | F: 97000 | S: 48500 | E: 97 | L: 1000 | R: 25.7652 | BS: 48500 | FPS: 63.5753 | T: 0:27:29
| train          | F: 98000 | S: 49000 | E: 98 | L: 1000 | R: 3.2587 | BS: 49000 | FPS: 62.7882 | T: 0:27:45
| train          | F: 99000 | S: 49500 | E: 99 | L: 1000 | R: 27.6076 | BS: 49500 | FPS: 61.0587 | T: 0:28:01
| train          | F: 100000 | S: 50000 | E: 100 | L: 1000 | R: 3.3742 | BS: 50000 | FPS: 64.2914 | T: 0:28:17
| eval           | F: 100000 | S: 50000 | E: 100 | L: 1000 | R: 7.2881 | T: 0:28:17
| train          | F: 101000 | S: 50500 | E: 101 | L: 1000 | R: 17.2966 | BS: 50500 | FPS: 28.6398 | T: 0:28:52
| train          | F: 102000 | S: 51000 | E: 102 | L: 1000 | R: 77.8786 | BS: 51000 | FPS: 68.2480 | T: 0:29:06
| train          | F: 103000 | S: 51500 | E: 103 | L: 1000 | R: 33.1494 | BS: 51500 | FPS: 65.8555 | T: 0:29:21
| train          | F: 104000 | S: 52000 | E: 104 | L: 1000 | R: 21.4525 | BS: 52000 | FPS: 64.6272 | T: 0:29:37
| train          | F: 105000 | S: 52500 | E: 105 | L: 1000 | R: 37.6065 | BS: 52500 | FPS: 63.5493 | T: 0:29:53
| train          | F: 106000 | S: 53000 | E: 106 | L: 1000 | R: 28.5557 | BS: 53000 | FPS: 62.7283 | T: 0:30:09
| train          | F: 107000 | S: 53500 | E: 107 | L: 1000 | R: 70.7640 | BS: 53500 | FPS: 61.6219 | T: 0:30:25
| train          | F: 108000 | S: 54000 | E: 108 | L: 1000 | R: 169.2904 | BS: 54000 | FPS: 61.8407 | T: 0:30:41
| train          | F: 109000 | S: 54500 | E: 109 | L: 1000 | R: 61.0090 | BS: 54500 | FPS: 62.1058 | T: 0:30:57
| train          | F: 110000 | S: 55000 | E: 110 | L: 1000 | R: 111.6527 | BS: 55000 | FPS: 60.3310 | T: 0:31:14
| eval           | F: 110000 | S: 55000 | E: 110 | L: 1000 | R: 109.0911 | T: 0:31:14
| train          | F: 111000 | S: 55500 | E: 111 | L: 1000 | R: 147.7474 | BS: 55500 | FPS: 30.9804 | T: 0:31:46
| train          | F: 112000 | S: 56000 | E: 112 | L: 1000 | R: 90.9665 | BS: 56000 | FPS: 67.8726 | T: 0:32:01
| train          | F: 113000 | S: 56500 | E: 113 | L: 1000 | R: 89.4639 | BS: 56500 | FPS: 63.1329 | T: 0:32:17
| train          | F: 114000 | S: 57000 | E: 114 | L: 1000 | R: 182.4871 | BS: 57000 | FPS: 65.3554 | T: 0:32:32
| train          | F: 115000 | S: 57500 | E: 115 | L: 1000 | R: 74.3299 | BS: 57500 | FPS: 63.3372 | T: 0:32:48
| train          | F: 116000 | S: 58000 | E: 116 | L: 1000 | R: 95.8021 | BS: 58000 | FPS: 63.6131 | T: 0:33:03
| train          | F: 117000 | S: 58500 | E: 117 | L: 1000 | R: 106.2690 | BS: 58500 | FPS: 63.6978 | T: 0:33:19
| train          | F: 118000 | S: 59000 | E: 118 | L: 1000 | R: 148.5047 | BS: 59000 | FPS: 60.0262 | T: 0:33:36
| train          | F: 119000 | S: 59500 | E: 119 | L: 1000 | R: 50.5249 | BS: 59500 | FPS: 61.2544 | T: 0:33:52
| train          | F: 120000 | S: 60000 | E: 120 | L: 1000 | R: 186.5082 | BS: 60000 | FPS: 62.1395 | T: 0:34:08
| eval           | F: 120000 | S: 60000 | E: 120 | L: 1000 | R: 161.4677 | T: 0:34:08
| train          | F: 121000 | S: 60500 | E: 121 | L: 1000 | R: 198.3802 | BS: 60500 | FPS: 28.5851 | T: 0:34:43
| train          | F: 122000 | S: 61000 | E: 122 | L: 1000 | R: 114.5735 | BS: 61000 | FPS: 67.6203 | T: 0:34:58
| train          | F: 123000 | S: 61500 | E: 123 | L: 1000 | R: 252.1965 | BS: 61500 | FPS: 65.4637 | T: 0:35:13
| train          | F: 124000 | S: 62000 | E: 124 | L: 1000 | R: 190.5946 | BS: 62000 | FPS: 63.3359 | T: 0:35:29
| train          | F: 125000 | S: 62500 | E: 125 | L: 1000 | R: 194.0157 | BS: 62500 | FPS: 61.1302 | T: 0:35:45
| train          | F: 126000 | S: 63000 | E: 126 | L: 1000 | R: 124.5872 | BS: 63000 | FPS: 63.2838 | T: 0:36:01
| train          | F: 127000 | S: 63500 | E: 127 | L: 1000 | R: 250.0617 | BS: 63500 | FPS: 60.2097 | T: 0:36:18
| train          | F: 128000 | S: 64000 | E: 128 | L: 1000 | R: 199.2776 | BS: 64000 | FPS: 62.6819 | T: 0:36:34
| train          | F: 129000 | S: 64500 | E: 129 | L: 1000 | R: 170.1280 | BS: 64500 | FPS: 61.7165 | T: 0:36:50
| train          | F: 130000 | S: 65000 | E: 130 | L: 1000 | R: 217.9556 | BS: 65000 | FPS: 61.5775 | T: 0:37:06
| eval           | F: 130000 | S: 65000 | E: 130 | L: 1000 | R: 219.9562 | T: 0:37:06
| train          | F: 131000 | S: 65500 | E: 131 | L: 1000 | R: 232.5375 | BS: 65500 | FPS: 31.0916 | T: 0:37:38
| train          | F: 132000 | S: 66000 | E: 132 | L: 1000 | R: 235.9956 | BS: 66000 | FPS: 67.0573 | T: 0:37:53
| train          | F: 133000 | S: 66500 | E: 133 | L: 1000 | R: 179.0839 | BS: 66500 | FPS: 65.6986 | T: 0:38:08
| train          | F: 134000 | S: 67000 | E: 134 | L: 1000 | R: 187.2698 | BS: 67000 | FPS: 62.9517 | T: 0:38:24
| train          | F: 135000 | S: 67500 | E: 135 | L: 1000 | R: 212.3981 | BS: 67500 | FPS: 63.8873 | T: 0:38:40
| train          | F: 136000 | S: 68000 | E: 136 | L: 1000 | R: 204.8810 | BS: 68000 | FPS: 62.8345 | T: 0:38:56
| train          | F: 137000 | S: 68500 | E: 137 | L: 1000 | R: 233.0778 | BS: 68500 | FPS: 61.8738 | T: 0:39:12
| train          | F: 138000 | S: 69000 | E: 138 | L: 1000 | R: 173.7860 | BS: 69000 | FPS: 60.7155 | T: 0:39:28
| train          | F: 139000 | S: 69500 | E: 139 | L: 1000 | R: 192.3850 | BS: 69500 | FPS: 60.7629 | T: 0:39:45
| train          | F: 140000 | S: 70000 | E: 140 | L: 1000 | R: 235.4294 | BS: 70000 | FPS: 57.9074 | T: 0:40:02
| eval           | F: 140000 | S: 70000 | E: 140 | L: 1000 | R: 324.4233 | T: 0:40:02
| train          | F: 141000 | S: 70500 | E: 141 | L: 1000 | R: 168.6087 | BS: 70500 | FPS: 28.6690 | T: 0:40:37
| train          | F: 142000 | S: 71000 | E: 142 | L: 1000 | R: 611.3493 | BS: 71000 | FPS: 67.7807 | T: 0:40:52
| train          | F: 143000 | S: 71500 | E: 143 | L: 1000 | R: 246.5351 | BS: 71500 | FPS: 65.5699 | T: 0:41:07
| train          | F: 144000 | S: 72000 | E: 144 | L: 1000 | R: 206.8609 | BS: 72000 | FPS: 61.7679 | T: 0:41:23
| train          | F: 145000 | S: 72500 | E: 145 | L: 1000 | R: 239.0400 | BS: 72500 | FPS: 63.0039 | T: 0:41:39
| train          | F: 146000 | S: 73000 | E: 146 | L: 1000 | R: 207.5750 | BS: 73000 | FPS: 63.2675 | T: 0:41:55
| train          | F: 147000 | S: 73500 | E: 147 | L: 1000 | R: 353.0819 | BS: 73500 | FPS: 61.5851 | T: 0:42:11
| train          | F: 148000 | S: 74000 | E: 148 | L: 1000 | R: 321.9421 | BS: 74000 | FPS: 61.1836 | T: 0:42:28
| train          | F: 149000 | S: 74500 | E: 149 | L: 1000 | R: 186.0655 | BS: 74500 | FPS: 60.9960 | T: 0:42:44
| train          | F: 150000 | S: 75000 | E: 150 | L: 1000 | R: 224.2523 | BS: 75000 | FPS: 61.9469 | T: 0:43:00
| eval           | F: 150000 | S: 75000 | E: 150 | L: 1000 | R: 301.8576 | T: 0:43:00
| train          | F: 151000 | S: 75500 | E: 151 | L: 1000 | R: 255.6665 | BS: 75500 | FPS: 29.1249 | T: 0:43:34
| train          | F: 152000 | S: 76000 | E: 152 | L: 1000 | R: 323.1012 | BS: 76000 | FPS: 68.2231 | T: 0:43:49
| train          | F: 153000 | S: 76500 | E: 153 | L: 1000 | R: 444.7002 | BS: 76500 | FPS: 63.7837 | T: 0:44:05
| train          | F: 154000 | S: 77000 | E: 154 | L: 1000 | R: 294.6297 | BS: 77000 | FPS: 65.2860 | T: 0:44:20
| train          | F: 155000 | S: 77500 | E: 155 | L: 1000 | R: 327.8726 | BS: 77500 | FPS: 59.8236 | T: 0:44:37
| train          | F: 156000 | S: 78000 | E: 156 | L: 1000 | R: 360.9784 | BS: 78000 | FPS: 60.9824 | T: 0:44:53
| train          | F: 157000 | S: 78500 | E: 157 | L: 1000 | R: 338.6819 | BS: 78500 | FPS: 60.7154 | T: 0:45:10
| train          | F: 158000 | S: 79000 | E: 158 | L: 1000 | R: 256.7520 | BS: 79000 | FPS: 61.9966 | T: 0:45:26
| train          | F: 159000 | S: 79500 | E: 159 | L: 1000 | R: 316.5659 | BS: 79500 | FPS: 62.0807 | T: 0:45:42
| train          | F: 160000 | S: 80000 | E: 160 | L: 1000 | R: 295.5348 | BS: 80000 | FPS: 62.1230 | T: 0:45:58
| eval           | F: 160000 | S: 80000 | E: 160 | L: 1000 | R: 262.8596 | T: 0:45:58
| train          | F: 161000 | S: 80500 | E: 161 | L: 1000 | R: 777.0719 | BS: 80500 | FPS: 31.1527 | T: 0:46:30
| train          | F: 162000 | S: 81000 | E: 162 | L: 1000 | R: 300.8538 | BS: 81000 | FPS: 65.6029 | T: 0:46:45
| train          | F: 163000 | S: 81500 | E: 163 | L: 1000 | R: 799.3902 | BS: 81500 | FPS: 64.5252 | T: 0:47:01
| train          | F: 164000 | S: 82000 | E: 164 | L: 1000 | R: 270.3241 | BS: 82000 | FPS: 64.1348 | T: 0:47:16
| train          | F: 165000 | S: 82500 | E: 165 | L: 1000 | R: 203.8939 | BS: 82500 | FPS: 62.0014 | T: 0:47:33
| train          | F: 166000 | S: 83000 | E: 166 | L: 1000 | R: 775.6924 | BS: 83000 | FPS: 61.0335 | T: 0:47:49
| train          | F: 167000 | S: 83500 | E: 167 | L: 1000 | R: 810.2497 | BS: 83500 | FPS: 59.6832 | T: 0:48:06
| train          | F: 168000 | S: 84000 | E: 168 | L: 1000 | R: 515.6303 | BS: 84000 | FPS: 60.4440 | T: 0:48:22
| train          | F: 169000 | S: 84500 | E: 169 | L: 1000 | R: 794.5125 | BS: 84500 | FPS: 61.6186 | T: 0:48:38
| train          | F: 170000 | S: 85000 | E: 170 | L: 1000 | R: 618.4592 | BS: 85000 | FPS: 60.1255 | T: 0:48:55
| eval           | F: 170000 | S: 85000 | E: 170 | L: 1000 | R: 637.8124 | T: 0:48:55
| train          | F: 171000 | S: 85500 | E: 171 | L: 1000 | R: 521.9663 | BS: 85500 | FPS: 30.4986 | T: 0:49:28
| train          | F: 172000 | S: 86000 | E: 172 | L: 1000 | R: 497.0418 | BS: 86000 | FPS: 65.7465 | T: 0:49:43
| train          | F: 173000 | S: 86500 | E: 173 | L: 1000 | R: 608.9855 | BS: 86500 | FPS: 64.4314 | T: 0:49:59
| train          | F: 174000 | S: 87000 | E: 174 | L: 1000 | R: 674.0093 | BS: 87000 | FPS: 62.9006 | T: 0:50:15
| train          | F: 175000 | S: 87500 | E: 175 | L: 1000 | R: 501.1710 | BS: 87500 | FPS: 62.4709 | T: 0:50:31
| train          | F: 176000 | S: 88000 | E: 176 | L: 1000 | R: 784.6118 | BS: 88000 | FPS: 62.0844 | T: 0:50:47
| train          | F: 177000 | S: 88500 | E: 177 | L: 1000 | R: 518.2725 | BS: 88500 | FPS: 62.3615 | T: 0:51:03
| train          | F: 178000 | S: 89000 | E: 178 | L: 1000 | R: 644.9712 | BS: 89000 | FPS: 62.3418 | T: 0:51:19
| train          | F: 179000 | S: 89500 | E: 179 | L: 1000 | R: 811.6525 | BS: 89500 | FPS: 61.4673 | T: 0:51:35
| train          | F: 180000 | S: 90000 | E: 180 | L: 1000 | R: 503.9223 | BS: 90000 | FPS: 60.6955 | T: 0:51:51
| eval           | F: 180000 | S: 90000 | E: 180 | L: 1000 | R: 451.3394 | T: 0:51:51
| train          | F: 181000 | S: 90500 | E: 181 | L: 1000 | R: 816.8135 | BS: 90500 | FPS: 30.8421 | T: 0:52:24
| train          | F: 182000 | S: 91000 | E: 182 | L: 1000 | R: 659.6185 | BS: 91000 | FPS: 65.7981 | T: 0:52:39
| train          | F: 183000 | S: 91500 | E: 183 | L: 1000 | R: 835.7437 | BS: 91500 | FPS: 63.7467 | T: 0:52:55
| train          | F: 184000 | S: 92000 | E: 184 | L: 1000 | R: 477.4684 | BS: 92000 | FPS: 62.8432 | T: 0:53:11
| train          | F: 185000 | S: 92500 | E: 185 | L: 1000 | R: 331.2878 | BS: 92500 | FPS: 62.1399 | T: 0:53:27
| train          | F: 186000 | S: 93000 | E: 186 | L: 1000 | R: 515.0673 | BS: 93000 | FPS: 60.9021 | T: 0:53:43
| train          | F: 187000 | S: 93500 | E: 187 | L: 1000 | R: 476.5366 | BS: 93500 | FPS: 61.4709 | T: 0:53:59
| train          | F: 188000 | S: 94000 | E: 188 | L: 1000 | R: 828.3124 | BS: 94000 | FPS: 62.0106 | T: 0:54:16
| train          | F: 189000 | S: 94500 | E: 189 | L: 1000 | R: 463.6045 | BS: 94500 | FPS: 62.4798 | T: 0:54:32
| train          | F: 190000 | S: 95000 | E: 190 | L: 1000 | R: 666.4049 | BS: 95000 | FPS: 61.6840 | T: 0:54:48
| eval           | F: 190000 | S: 95000 | E: 190 | L: 1000 | R: 633.6339 | T: 0:54:48
| train          | F: 191000 | S: 95500 | E: 191 | L: 1000 | R: 666.6499 | BS: 95500 | FPS: 29.1398 | T: 0:55:22
| train          | F: 192000 | S: 96000 | E: 192 | L: 1000 | R: 740.4647 | BS: 96000 | FPS: 67.3523 | T: 0:55:37
| train          | F: 193000 | S: 96500 | E: 193 | L: 1000 | R: 828.6774 | BS: 96500 | FPS: 66.1021 | T: 0:55:52
| train          | F: 194000 | S: 97000 | E: 194 | L: 1000 | R: 666.8784 | BS: 97000 | FPS: 61.4517 | T: 0:56:08
| train          | F: 195000 | S: 97500 | E: 195 | L: 1000 | R: 668.5203 | BS: 97500 | FPS: 63.2642 | T: 0:56:24
| train          | F: 196000 | S: 98000 | E: 196 | L: 1000 | R: 412.6982 | BS: 98000 | FPS: 63.7736 | T: 0:56:40
| train          | F: 197000 | S: 98500 | E: 197 | L: 1000 | R: 789.3121 | BS: 98500 | FPS: 60.4063 | T: 0:56:56
| train          | F: 198000 | S: 99000 | E: 198 | L: 1000 | R: 787.5880 | BS: 99000 | FPS: 59.2378 | T: 0:57:13
| train          | F: 199000 | S: 99500 | E: 199 | L: 1000 | R: 832.0641 | BS: 99500 | FPS: 59.7838 | T: 0:57:30
| train          | F: 200000 | S: 100000 | E: 200 | L: 1000 | R: 392.9297 | BS: 100000 | FPS: 59.6787 | T: 0:57:47
| eval           | F: 200000 | S: 100000 | E: 200 | L: 1000 | R: 705.8290 | T: 0:57:47
| train          | F: 201000 | S: 100500 | E: 201 | L: 1000 | R: 761.2853 | BS: 100500 | FPS: 28.3747 | T: 0:58:22
| train          | F: 202000 | S: 101000 | E: 202 | L: 1000 | R: 810.5152 | BS: 101000 | FPS: 65.6159 | T: 0:58:37
| train          | F: 203000 | S: 101500 | E: 203 | L: 1000 | R: 821.6502 | BS: 101500 | FPS: 63.0724 | T: 0:58:53
| train          | F: 204000 | S: 102000 | E: 204 | L: 1000 | R: 657.1388 | BS: 102000 | FPS: 63.7602 | T: 0:59:09
| train          | F: 205000 | S: 102500 | E: 205 | L: 1000 | R: 885.3571 | BS: 102500 | FPS: 60.6487 | T: 0:59:25
| train          | F: 206000 | S: 103000 | E: 206 | L: 1000 | R: 833.6796 | BS: 103000 | FPS: 61.3854 | T: 0:59:42
| train          | F: 207000 | S: 103500 | E: 207 | L: 1000 | R: 682.0762 | BS: 103500 | FPS: 60.6017 | T: 0:59:58
| train          | F: 208000 | S: 104000 | E: 208 | L: 1000 | R: 823.5617 | BS: 104000 | FPS: 62.0640 | T: 1:00:14
| train          | F: 209000 | S: 104500 | E: 209 | L: 1000 | R: 767.9330 | BS: 104500 | FPS: 59.8047 | T: 1:00:31
| train          | F: 210000 | S: 105000 | E: 210 | L: 1000 | R: 619.4744 | BS: 105000 | FPS: 60.0091 | T: 1:00:48
| eval           | F: 210000 | S: 105000 | E: 210 | L: 1000 | R: 753.1901 | T: 1:00:48
| train          | F: 211000 | S: 105500 | E: 211 | L: 1000 | R: 527.8249 | BS: 105500 | FPS: 30.5173 | T: 1:01:20
| train          | F: 212000 | S: 106000 | E: 212 | L: 1000 | R: 823.4841 | BS: 106000 | FPS: 64.9067 | T: 1:01:36
| train          | F: 213000 | S: 106500 | E: 213 | L: 1000 | R: 676.0600 | BS: 106500 | FPS: 62.8221 | T: 1:01:52
| train          | F: 214000 | S: 107000 | E: 214 | L: 1000 | R: 782.4949 | BS: 107000 | FPS: 61.5960 | T: 1:02:08
| train          | F: 215000 | S: 107500 | E: 215 | L: 1000 | R: 812.0806 | BS: 107500 | FPS: 60.9306 | T: 1:02:24
| train          | F: 216000 | S: 108000 | E: 216 | L: 1000 | R: 688.8494 | BS: 108000 | FPS: 61.0648 | T: 1:02:41
| train          | F: 217000 | S: 108500 | E: 217 | L: 1000 | R: 633.9268 | BS: 108500 | FPS: 62.7943 | T: 1:02:57
| train          | F: 218000 | S: 109000 | E: 218 | L: 1000 | R: 488.7237 | BS: 109000 | FPS: 62.5065 | T: 1:03:13
| train          | F: 219000 | S: 109500 | E: 219 | L: 1000 | R: 610.9602 | BS: 109500 | FPS: 61.9527 | T: 1:03:29
| train          | F: 220000 | S: 110000 | E: 220 | L: 1000 | R: 764.9950 | BS: 110000 | FPS: 60.8148 | T: 1:03:45
| eval           | F: 220000 | S: 110000 | E: 220 | L: 1000 | R: 715.4199 | T: 1:03:45
| train          | F: 221000 | S: 110500 | E: 221 | L: 1000 | R: 672.6651 | BS: 110500 | FPS: 28.5753 | T: 1:04:20
| train          | F: 222000 | S: 111000 | E: 222 | L: 1000 | R: 817.8831 | BS: 111000 | FPS: 67.7471 | T: 1:04:35
| train          | F: 223000 | S: 111500 | E: 223 | L: 1000 | R: 795.8385 | BS: 111500 | FPS: 65.0290 | T: 1:04:50
| train          | F: 224000 | S: 112000 | E: 224 | L: 1000 | R: 804.5882 | BS: 112000 | FPS: 63.0230 | T: 1:05:06
| train          | F: 225000 | S: 112500 | E: 225 | L: 1000 | R: 479.8540 | BS: 112500 | FPS: 64.7375 | T: 1:05:22
| train          | F: 226000 | S: 113000 | E: 226 | L: 1000 | R: 643.9918 | BS: 113000 | FPS: 61.1424 | T: 1:05:38
| train          | F: 227000 | S: 113500 | E: 227 | L: 1000 | R: 824.9311 | BS: 113500 | FPS: 61.7179 | T: 1:05:54
| train          | F: 228000 | S: 114000 | E: 228 | L: 1000 | R: 615.2770 | BS: 114000 | FPS: 61.4780 | T: 1:06:10
| train          | F: 229000 | S: 114500 | E: 229 | L: 1000 | R: 806.0334 | BS: 114500 | FPS: 62.1629 | T: 1:06:27
| train          | F: 230000 | S: 115000 | E: 230 | L: 1000 | R: 698.4751 | BS: 115000 | FPS: 60.4540 | T: 1:06:43
| eval           | F: 230000 | S: 115000 | E: 230 | L: 1000 | R: 741.1544 | T: 1:06:43
| train          | F: 231000 | S: 115500 | E: 231 | L: 1000 | R: 683.4723 | BS: 115500 | FPS: 30.7632 | T: 1:07:16
| train          | F: 232000 | S: 116000 | E: 232 | L: 1000 | R: 280.3689 | BS: 116000 | FPS: 63.9972 | T: 1:07:31
| train          | F: 233000 | S: 116500 | E: 233 | L: 1000 | R: 827.6146 | BS: 116500 | FPS: 61.2425 | T: 1:07:48
| train          | F: 234000 | S: 117000 | E: 234 | L: 1000 | R: 751.2830 | BS: 117000 | FPS: 64.2732 | T: 1:08:03
| train          | F: 235000 | S: 117500 | E: 235 | L: 1000 | R: 800.1155 | BS: 117500 | FPS: 63.5963 | T: 1:08:19
| train          | F: 236000 | S: 118000 | E: 236 | L: 1000 | R: 808.8109 | BS: 118000 | FPS: 62.7069 | T: 1:08:35
| train          | F: 237000 | S: 118500 | E: 237 | L: 1000 | R: 869.2677 | BS: 118500 | FPS: 60.3260 | T: 1:08:51
| train          | F: 238000 | S: 119000 | E: 238 | L: 1000 | R: 823.4486 | BS: 119000 | FPS: 58.7518 | T: 1:09:08
| train          | F: 239000 | S: 119500 | E: 239 | L: 1000 | R: 717.0393 | BS: 119500 | FPS: 60.3715 | T: 1:09:25
| train          | F: 240000 | S: 120000 | E: 240 | L: 1000 | R: 809.6416 | BS: 120000 | FPS: 58.5201 | T: 1:09:42
| eval           | F: 240000 | S: 120000 | E: 240 | L: 1000 | R: 776.4808 | T: 1:09:42
| train          | F: 241000 | S: 120500 | E: 241 | L: 1000 | R: 805.1381 | BS: 120500 | FPS: 30.4925 | T: 1:10:15
| train          | F: 242000 | S: 121000 | E: 242 | L: 1000 | R: 875.6800 | BS: 121000 | FPS: 64.3958 | T: 1:10:30
| train          | F: 243000 | S: 121500 | E: 243 | L: 1000 | R: 779.9797 | BS: 121500 | FPS: 64.0883 | T: 1:10:46
| train          | F: 244000 | S: 122000 | E: 244 | L: 1000 | R: 820.9032 | BS: 122000 | FPS: 61.7619 | T: 1:11:02
| train          | F: 245000 | S: 122500 | E: 245 | L: 1000 | R: 811.9401 | BS: 122500 | FPS: 61.4808 | T: 1:11:18
| train          | F: 246000 | S: 123000 | E: 246 | L: 1000 | R: 782.7958 | BS: 123000 | FPS: 61.5155 | T: 1:11:35
| train          | F: 247000 | S: 123500 | E: 247 | L: 1000 | R: 725.5935 | BS: 123500 | FPS: 60.5292 | T: 1:11:51
| train          | F: 248000 | S: 124000 | E: 248 | L: 1000 | R: 701.8399 | BS: 124000 | FPS: 59.0066 | T: 1:12:08
| train          | F: 249000 | S: 124500 | E: 249 | L: 1000 | R: 770.7913 | BS: 124500 | FPS: 56.2241 | T: 1:12:26
| train          | F: 250000 | S: 125000 | E: 250 | L: 1000 | R: 828.2389 | BS: 125000 | FPS: 62.6819 | T: 1:12:42
| eval           | F: 250000 | S: 125000 | E: 250 | L: 1000 | R: 810.8288 | T: 1:12:42
| train          | F: 251000 | S: 125500 | E: 251 | L: 1000 | R: 852.9523 | BS: 125500 | FPS: 30.6049 | T: 1:13:15
| train          | F: 252000 | S: 126000 | E: 252 | L: 1000 | R: 743.9989 | BS: 126000 | FPS: 66.2675 | T: 1:13:30
| train          | F: 253000 | S: 126500 | E: 253 | L: 1000 | R: 783.8778 | BS: 126500 | FPS: 64.1254 | T: 1:13:45
| train          | F: 254000 | S: 127000 | E: 254 | L: 1000 | R: 787.8963 | BS: 127000 | FPS: 61.0446 | T: 1:14:02
| train          | F: 255000 | S: 127500 | E: 255 | L: 1000 | R: 771.3126 | BS: 127500 | FPS: 60.9389 | T: 1:14:18
| train          | F: 256000 | S: 128000 | E: 256 | L: 1000 | R: 778.7737 | BS: 128000 | FPS: 62.4108 | T: 1:14:34
| train          | F: 257000 | S: 128500 | E: 257 | L: 1000 | R: 733.5759 | BS: 128500 | FPS: 61.3329 | T: 1:14:50
| train          | F: 258000 | S: 129000 | E: 258 | L: 1000 | R: 800.3893 | BS: 129000 | FPS: 61.1135 | T: 1:15:07
| train          | F: 259000 | S: 129500 | E: 259 | L: 1000 | R: 827.3849 | BS: 129500 | FPS: 62.2617 | T: 1:15:23
| train          | F: 260000 | S: 130000 | E: 260 | L: 1000 | R: 769.9077 | BS: 130000 | FPS: 60.1671 | T: 1:15:39
| eval           | F: 260000 | S: 130000 | E: 260 | L: 1000 | R: 790.2739 | T: 1:15:39
| train          | F: 261000 | S: 130500 | E: 261 | L: 1000 | R: 870.1355 | BS: 130500 | FPS: 28.4800 | T: 1:16:15
| train          | F: 262000 | S: 131000 | E: 262 | L: 1000 | R: 846.1118 | BS: 131000 | FPS: 66.9764 | T: 1:16:29
| train          | F: 263000 | S: 131500 | E: 263 | L: 1000 | R: 813.0743 | BS: 131500 | FPS: 64.5401 | T: 1:16:45
| train          | F: 264000 | S: 132000 | E: 264 | L: 1000 | R: 834.4369 | BS: 132000 | FPS: 64.0484 | T: 1:17:01
| train          | F: 265000 | S: 132500 | E: 265 | L: 1000 | R: 690.8954 | BS: 132500 | FPS: 63.1667 | T: 1:17:16
| train          | F: 266000 | S: 133000 | E: 266 | L: 1000 | R: 607.6616 | BS: 133000 | FPS: 59.1736 | T: 1:17:33
| train          | F: 267000 | S: 133500 | E: 267 | L: 1000 | R: 839.2166 | BS: 133500 | FPS: 63.0444 | T: 1:17:49
| train          | F: 268000 | S: 134000 | E: 268 | L: 1000 | R: 847.8397 | BS: 134000 | FPS: 61.7203 | T: 1:18:05
| train          | F: 269000 | S: 134500 | E: 269 | L: 1000 | R: 768.1616 | BS: 134500 | FPS: 61.3804 | T: 1:18:22
| train          | F: 270000 | S: 135000 | E: 270 | L: 1000 | R: 816.5573 | BS: 135000 | FPS: 60.3626 | T: 1:18:38
| eval           | F: 270000 | S: 135000 | E: 270 | L: 1000 | R: 791.1789 | T: 1:18:38
| train          | F: 271000 | S: 135500 | E: 271 | L: 1000 | R: 833.4446 | BS: 135500 | FPS: 29.7499 | T: 1:19:12
| train          | F: 272000 | S: 136000 | E: 272 | L: 1000 | R: 857.2888 | BS: 136000 | FPS: 64.1643 | T: 1:19:27
| train          | F: 273000 | S: 136500 | E: 273 | L: 1000 | R: 873.5780 | BS: 136500 | FPS: 64.6602 | T: 1:19:43
| train          | F: 274000 | S: 137000 | E: 274 | L: 1000 | R: 784.0959 | BS: 137000 | FPS: 63.1917 | T: 1:19:59
| train          | F: 275000 | S: 137500 | E: 275 | L: 1000 | R: 862.4748 | BS: 137500 | FPS: 60.1861 | T: 1:20:15
| train          | F: 276000 | S: 138000 | E: 276 | L: 1000 | R: 865.5663 | BS: 138000 | FPS: 60.6607 | T: 1:20:32
| train          | F: 277000 | S: 138500 | E: 277 | L: 1000 | R: 706.5565 | BS: 138500 | FPS: 60.3738 | T: 1:20:48
| train          | F: 278000 | S: 139000 | E: 278 | L: 1000 | R: 676.1512 | BS: 139000 | FPS: 61.7952 | T: 1:21:05
| train          | F: 279000 | S: 139500 | E: 279 | L: 1000 | R: 706.0224 | BS: 139500 | FPS: 61.2836 | T: 1:21:21
| train          | F: 280000 | S: 140000 | E: 280 | L: 1000 | R: 786.7001 | BS: 140000 | FPS: 59.6376 | T: 1:21:38
| eval           | F: 280000 | S: 140000 | E: 280 | L: 1000 | R: 865.4485 | T: 1:21:38
| train          | F: 281000 | S: 140500 | E: 281 | L: 1000 | R: 934.5272 | BS: 140500 | FPS: 29.6110 | T: 1:22:11
| train          | F: 282000 | S: 141000 | E: 282 | L: 1000 | R: 877.2117 | BS: 141000 | FPS: 66.1175 | T: 1:22:27
| train          | F: 283000 | S: 141500 | E: 283 | L: 1000 | R: 734.2404 | BS: 141500 | FPS: 63.9139 | T: 1:22:42
| train          | F: 284000 | S: 142000 | E: 284 | L: 1000 | R: 875.8991 | BS: 142000 | FPS: 63.4867 | T: 1:22:58
| train          | F: 285000 | S: 142500 | E: 285 | L: 1000 | R: 549.8644 | BS: 142500 | FPS: 62.2273 | T: 1:23:14
| train          | F: 286000 | S: 143000 | E: 286 | L: 1000 | R: 815.6401 | BS: 143000 | FPS: 61.2338 | T: 1:23:30
| train          | F: 287000 | S: 143500 | E: 287 | L: 1000 | R: 602.9399 | BS: 143500 | FPS: 62.7743 | T: 1:23:46
| train          | F: 288000 | S: 144000 | E: 288 | L: 1000 | R: 893.3887 | BS: 144000 | FPS: 60.8276 | T: 1:24:03
| train          | F: 289000 | S: 144500 | E: 289 | L: 1000 | R: 802.8838 | BS: 144500 | FPS: 57.4649 | T: 1:24:20
| train          | F: 290000 | S: 145000 | E: 290 | L: 1000 | R: 880.9434 | BS: 145000 | FPS: 60.7037 | T: 1:24:37
| eval           | F: 290000 | S: 145000 | E: 290 | L: 1000 | R: 749.4451 | T: 1:24:37
| train          | F: 291000 | S: 145500 | E: 291 | L: 1000 | R: 883.5880 | BS: 145500 | FPS: 29.1535 | T: 1:25:11
| train          | F: 292000 | S: 146000 | E: 292 | L: 1000 | R: 769.2683 | BS: 146000 | FPS: 64.7202 | T: 1:25:26
| train          | F: 293000 | S: 146500 | E: 293 | L: 1000 | R: 902.4025 | BS: 146500 | FPS: 65.4657 | T: 1:25:42
| train          | F: 294000 | S: 147000 | E: 294 | L: 1000 | R: 0.0000 | BS: 147000 | FPS: 62.8621 | T: 1:25:58
| train          | F: 295000 | S: 147500 | E: 295 | L: 1000 | R: 379.1593 | BS: 147500 | FPS: 60.4032 | T: 1:26:14
| train          | F: 296000 | S: 148000 | E: 296 | L: 1000 | R: 761.7519 | BS: 148000 | FPS: 61.1064 | T: 1:26:30
| train          | F: 297000 | S: 148500 | E: 297 | L: 1000 | R: 612.3641 | BS: 148500 | FPS: 62.1311 | T: 1:26:47
| train          | F: 298000 | S: 149000 | E: 298 | L: 1000 | R: 770.8332 | BS: 149000 | FPS: 61.5113 | T: 1:27:03
| train          | F: 299000 | S: 149500 | E: 299 | L: 1000 | R: 859.4273 | BS: 149500 | FPS: 57.3829 | T: 1:27:20
| train          | F: 300000 | S: 150000 | E: 300 | L: 1000 | R: 893.0959 | BS: 150000 | FPS: 61.2979 | T: 1:27:37
| eval           | F: 300000 | S: 150000 | E: 300 | L: 1000 | R: 745.5907 | T: 1:27:37
| train          | F: 301000 | S: 150500 | E: 301 | L: 1000 | R: 914.9294 | BS: 150500 | FPS: 28.7836 | T: 1:28:11
| train          | F: 302000 | S: 151000 | E: 302 | L: 1000 | R: 936.0095 | BS: 151000 | FPS: 67.0263 | T: 1:28:26
| train          | F: 303000 | S: 151500 | E: 303 | L: 1000 | R: 854.7019 | BS: 151500 | FPS: 63.1534 | T: 1:28:42
| train          | F: 304000 | S: 152000 | E: 304 | L: 1000 | R: 858.2565 | BS: 152000 | FPS: 64.4568 | T: 1:28:58
| train          | F: 305000 | S: 152500 | E: 305 | L: 1000 | R: 900.9784 | BS: 152500 | FPS: 60.3663 | T: 1:29:14
| train          | F: 306000 | S: 153000 | E: 306 | L: 1000 | R: 0.0000 | BS: 153000 | FPS: 61.1560 | T: 1:29:30
| train          | F: 307000 | S: 153500 | E: 307 | L: 1000 | R: 913.7538 | BS: 153500 | FPS: 61.4378 | T: 1:29:47
| train          | F: 308000 | S: 154000 | E: 308 | L: 1000 | R: 881.4728 | BS: 154000 | FPS: 61.5539 | T: 1:30:03
| train          | F: 309000 | S: 154500 | E: 309 | L: 1000 | R: 855.3710 | BS: 154500 | FPS: 59.9011 | T: 1:30:20
| train          | F: 310000 | S: 155000 | E: 310 | L: 1000 | R: 912.8685 | BS: 155000 | FPS: 60.8351 | T: 1:30:36
| eval           | F: 310000 | S: 155000 | E: 310 | L: 1000 | R: 853.5250 | T: 1:30:36
| train          | F: 311000 | S: 155500 | E: 311 | L: 1000 | R: 890.5682 | BS: 155500 | FPS: 28.8551 | T: 1:31:11
| train          | F: 312000 | S: 156000 | E: 312 | L: 1000 | R: 817.3085 | BS: 156000 | FPS: 66.0732 | T: 1:31:26
| train          | F: 313000 | S: 156500 | E: 313 | L: 1000 | R: 910.6685 | BS: 156500 | FPS: 61.7335 | T: 1:31:42
| train          | F: 314000 | S: 157000 | E: 314 | L: 1000 | R: 743.6027 | BS: 157000 | FPS: 62.3065 | T: 1:31:58
| train          | F: 315000 | S: 157500 | E: 315 | L: 1000 | R: 844.5563 | BS: 157500 | FPS: 62.0882 | T: 1:32:14
| train          | F: 316000 | S: 158000 | E: 316 | L: 1000 | R: 914.3784 | BS: 158000 | FPS: 61.3951 | T: 1:32:31
| train          | F: 317000 | S: 158500 | E: 317 | L: 1000 | R: 889.0894 | BS: 158500 | FPS: 62.6798 | T: 1:32:46
| train          | F: 318000 | S: 159000 | E: 318 | L: 1000 | R: 903.5244 | BS: 159000 | FPS: 61.7429 | T: 1:33:03
| train          | F: 319000 | S: 159500 | E: 319 | L: 1000 | R: 767.5895 | BS: 159500 | FPS: 62.4139 | T: 1:33:19
| train          | F: 320000 | S: 160000 | E: 320 | L: 1000 | R: 904.6716 | BS: 160000 | FPS: 60.5840 | T: 1:33:35
| eval           | F: 320000 | S: 160000 | E: 320 | L: 1000 | R: 854.7307 | T: 1:33:35
| train          | F: 321000 | S: 160500 | E: 321 | L: 1000 | R: 880.3034 | BS: 160500 | FPS: 29.0147 | T: 1:34:10
| train          | F: 322000 | S: 161000 | E: 322 | L: 1000 | R: 909.9882 | BS: 161000 | FPS: 63.0366 | T: 1:34:26
| train          | F: 323000 | S: 161500 | E: 323 | L: 1000 | R: 908.6468 | BS: 161500 | FPS: 65.2752 | T: 1:34:41
| train          | F: 324000 | S: 162000 | E: 324 | L: 1000 | R: 846.7743 | BS: 162000 | FPS: 61.2352 | T: 1:34:57
| train          | F: 325000 | S: 162500 | E: 325 | L: 1000 | R: 838.0042 | BS: 162500 | FPS: 63.0477 | T: 1:35:13
| train          | F: 326000 | S: 163000 | E: 326 | L: 1000 | R: 838.0257 | BS: 163000 | FPS: 59.3498 | T: 1:35:30
| train          | F: 327000 | S: 163500 | E: 327 | L: 1000 | R: 907.2790 | BS: 163500 | FPS: 60.7658 | T: 1:35:46
| train          | F: 328000 | S: 164000 | E: 328 | L: 1000 | R: 828.4247 | BS: 164000 | FPS: 60.5430 | T: 1:36:03
| train          | F: 329000 | S: 164500 | E: 329 | L: 1000 | R: 755.1996 | BS: 164500 | FPS: 60.7347 | T: 1:36:19
| train          | F: 330000 | S: 165000 | E: 330 | L: 1000 | R: 889.1431 | BS: 165000 | FPS: 57.9470 | T: 1:36:37
| eval           | F: 330000 | S: 165000 | E: 330 | L: 1000 | R: 865.4317 | T: 1:36:37
| train          | F: 331000 | S: 165500 | E: 331 | L: 1000 | R: 855.3098 | BS: 165500 | FPS: 28.5560 | T: 1:37:12
| train          | F: 332000 | S: 166000 | E: 332 | L: 1000 | R: 796.5634 | BS: 166000 | FPS: 66.9921 | T: 1:37:27
| train          | F: 333000 | S: 166500 | E: 333 | L: 1000 | R: 873.7065 | BS: 166500 | FPS: 63.4119 | T: 1:37:42
| train          | F: 334000 | S: 167000 | E: 334 | L: 1000 | R: 903.7970 | BS: 167000 | FPS: 60.9561 | T: 1:37:59
| train          | F: 335000 | S: 167500 | E: 335 | L: 1000 | R: 774.7007 | BS: 167500 | FPS: 62.4458 | T: 1:38:15
| train          | F: 336000 | S: 168000 | E: 336 | L: 1000 | R: 831.6982 | BS: 168000 | FPS: 62.1409 | T: 1:38:31
| train          | F: 337000 | S: 168500 | E: 337 | L: 1000 | R: 474.3182 | BS: 168500 | FPS: 60.9570 | T: 1:38:47
| train          | F: 338000 | S: 169000 | E: 338 | L: 1000 | R: 919.3962 | BS: 169000 | FPS: 57.6142 | T: 1:39:05
| train          | F: 339000 | S: 169500 | E: 339 | L: 1000 | R: 919.0172 | BS: 169500 | FPS: 60.4920 | T: 1:39:21
| train          | F: 340000 | S: 170000 | E: 340 | L: 1000 | R: 904.9116 | BS: 170000 | FPS: 56.8704 | T: 1:39:39
| eval           | F: 340000 | S: 170000 | E: 340 | L: 1000 | R: 901.0848 | T: 1:39:39
| train          | F: 341000 | S: 170500 | E: 341 | L: 1000 | R: 709.8430 | BS: 170500 | FPS: 30.9550 | T: 1:40:11
| train          | F: 342000 | S: 171000 | E: 342 | L: 1000 | R: 869.8375 | BS: 171000 | FPS: 66.2448 | T: 1:40:26
| train          | F: 343000 | S: 171500 | E: 343 | L: 1000 | R: 821.7388 | BS: 171500 | FPS: 62.4803 | T: 1:40:42
| train          | F: 344000 | S: 172000 | E: 344 | L: 1000 | R: 902.7687 | BS: 172000 | FPS: 62.7512 | T: 1:40:58
| train          | F: 345000 | S: 172500 | E: 345 | L: 1000 | R: 829.2949 | BS: 172500 | FPS: 60.9255 | T: 1:41:14
| train          | F: 346000 | S: 173000 | E: 346 | L: 1000 | R: 925.2366 | BS: 173000 | FPS: 62.1787 | T: 1:41:31
| train          | F: 347000 | S: 173500 | E: 347 | L: 1000 | R: 904.5026 | BS: 173500 | FPS: 60.5718 | T: 1:41:47
| train          | F: 348000 | S: 174000 | E: 348 | L: 1000 | R: 893.8182 | BS: 174000 | FPS: 61.6449 | T: 1:42:03
| train          | F: 349000 | S: 174500 | E: 349 | L: 1000 | R: 813.7926 | BS: 174500 | FPS: 58.8684 | T: 1:42:20
| train          | F: 350000 | S: 175000 | E: 350 | L: 1000 | R: 924.8441 | BS: 175000 | FPS: 61.6977 | T: 1:42:36
| eval           | F: 350000 | S: 175000 | E: 350 | L: 1000 | R: 788.5346 | T: 1:42:36
| train          | F: 351000 | S: 175500 | E: 351 | L: 1000 | R: 855.0523 | BS: 175500 | FPS: 28.7377 | T: 1:43:11
| train          | F: 352000 | S: 176000 | E: 352 | L: 1000 | R: 0.0000 | BS: 176000 | FPS: 66.6336 | T: 1:43:26
| train          | F: 353000 | S: 176500 | E: 353 | L: 1000 | R: 884.5385 | BS: 176500 | FPS: 63.3287 | T: 1:43:42
| train          | F: 354000 | S: 177000 | E: 354 | L: 1000 | R: 930.5466 | BS: 177000 | FPS: 59.6978 | T: 1:43:59
| train          | F: 355000 | S: 177500 | E: 355 | L: 1000 | R: 841.7596 | BS: 177500 | FPS: 59.9495 | T: 1:44:15
| train          | F: 356000 | S: 178000 | E: 356 | L: 1000 | R: 908.2575 | BS: 178000 | FPS: 60.5171 | T: 1:44:32
| train          | F: 357000 | S: 178500 | E: 357 | L: 1000 | R: 910.8526 | BS: 178500 | FPS: 59.3462 | T: 1:44:49
| train          | F: 358000 | S: 179000 | E: 358 | L: 1000 | R: 898.8604 | BS: 179000 | FPS: 62.7803 | T: 1:45:05
| train          | F: 359000 | S: 179500 | E: 359 | L: 1000 | R: 854.4189 | BS: 179500 | FPS: 62.0568 | T: 1:45:21
| train          | F: 360000 | S: 180000 | E: 360 | L: 1000 | R: 906.9572 | BS: 180000 | FPS: 60.1286 | T: 1:45:38
| eval           | F: 360000 | S: 180000 | E: 360 | L: 1000 | R: 889.2882 | T: 1:45:38
| train          | F: 361000 | S: 180500 | E: 361 | L: 1000 | R: 705.0432 | BS: 180500 | FPS: 29.0491 | T: 1:46:12
| train          | F: 362000 | S: 181000 | E: 362 | L: 1000 | R: 911.5165 | BS: 181000 | FPS: 64.6053 | T: 1:46:27
| train          | F: 363000 | S: 181500 | E: 363 | L: 1000 | R: 890.8783 | BS: 181500 | FPS: 64.8600 | T: 1:46:43
| train          | F: 364000 | S: 182000 | E: 364 | L: 1000 | R: 965.6310 | BS: 182000 | FPS: 60.8993 | T: 1:46:59
| train          | F: 365000 | S: 182500 | E: 365 | L: 1000 | R: 757.9028 | BS: 182500 | FPS: 61.8303 | T: 1:47:15
| train          | F: 366000 | S: 183000 | E: 366 | L: 1000 | R: 846.7849 | BS: 183000 | FPS: 60.6445 | T: 1:47:32
| train          | F: 367000 | S: 183500 | E: 367 | L: 1000 | R: 912.4384 | BS: 183500 | FPS: 61.2259 | T: 1:47:48
| train          | F: 368000 | S: 184000 | E: 368 | L: 1000 | R: 905.5749 | BS: 184000 | FPS: 59.6133 | T: 1:48:05
| train          | F: 369000 | S: 184500 | E: 369 | L: 1000 | R: 915.7371 | BS: 184500 | FPS: 60.2000 | T: 1:48:22
| train          | F: 370000 | S: 185000 | E: 370 | L: 1000 | R: 966.0520 | BS: 185000 | FPS: 59.3714 | T: 1:48:39
| eval           | F: 370000 | S: 185000 | E: 370 | L: 1000 | R: 899.9492 | T: 1:48:39
| train          | F: 371000 | S: 185500 | E: 371 | L: 1000 | R: 962.7368 | BS: 185500 | FPS: 28.1533 | T: 1:49:14
| train          | F: 372000 | S: 186000 | E: 372 | L: 1000 | R: 910.6494 | BS: 186000 | FPS: 65.7456 | T: 1:49:29
| train          | F: 373000 | S: 186500 | E: 373 | L: 1000 | R: 892.0024 | BS: 186500 | FPS: 63.0866 | T: 1:49:45
| train          | F: 374000 | S: 187000 | E: 374 | L: 1000 | R: 856.7640 | BS: 187000 | FPS: 61.9364 | T: 1:50:01
| train          | F: 375000 | S: 187500 | E: 375 | L: 1000 | R: 907.5405 | BS: 187500 | FPS: 61.4620 | T: 1:50:18
| train          | F: 376000 | S: 188000 | E: 376 | L: 1000 | R: 843.7863 | BS: 188000 | FPS: 62.2488 | T: 1:50:34
| train          | F: 377000 | S: 188500 | E: 377 | L: 1000 | R: 854.0349 | BS: 188500 | FPS: 60.6327 | T: 1:50:50
| train          | F: 378000 | S: 189000 | E: 378 | L: 1000 | R: 915.7063 | BS: 189000 | FPS: 59.8505 | T: 1:51:07
| train          | F: 379000 | S: 189500 | E: 379 | L: 1000 | R: 924.6172 | BS: 189500 | FPS: 58.7315 | T: 1:51:24
| train          | F: 380000 | S: 190000 | E: 380 | L: 1000 | R: 849.8805 | BS: 190000 | FPS: 61.4950 | T: 1:51:40
| eval           | F: 380000 | S: 190000 | E: 380 | L: 1000 | R: 849.8360 | T: 1:51:40
| train          | F: 381000 | S: 190500 | E: 381 | L: 1000 | R: 819.9959 | BS: 190500 | FPS: 30.6104 | T: 1:52:13
| train          | F: 382000 | S: 191000 | E: 382 | L: 1000 | R: 905.1935 | BS: 191000 | FPS: 65.6944 | T: 1:52:28
| train          | F: 383000 | S: 191500 | E: 383 | L: 1000 | R: 863.8012 | BS: 191500 | FPS: 63.3206 | T: 1:52:44
| train          | F: 384000 | S: 192000 | E: 384 | L: 1000 | R: 802.5997 | BS: 192000 | FPS: 61.9377 | T: 1:53:00
| train          | F: 385000 | S: 192500 | E: 385 | L: 1000 | R: 912.0086 | BS: 192500 | FPS: 62.5861 | T: 1:53:16
| train          | F: 386000 | S: 193000 | E: 386 | L: 1000 | R: 863.7721 | BS: 193000 | FPS: 61.5202 | T: 1:53:32
| train          | F: 387000 | S: 193500 | E: 387 | L: 1000 | R: 910.1801 | BS: 193500 | FPS: 62.0692 | T: 1:53:48
| train          | F: 388000 | S: 194000 | E: 388 | L: 1000 | R: 800.3178 | BS: 194000 | FPS: 61.7577 | T: 1:54:04
| train          | F: 389000 | S: 194500 | E: 389 | L: 1000 | R: 912.5109 | BS: 194500 | FPS: 61.2328 | T: 1:54:21
| train          | F: 390000 | S: 195000 | E: 390 | L: 1000 | R: 856.2474 | BS: 195000 | FPS: 60.4520 | T: 1:54:37
| eval           | F: 390000 | S: 195000 | E: 390 | L: 1000 | R: 866.5366 | T: 1:54:37
| train          | F: 391000 | S: 195500 | E: 391 | L: 1000 | R: 925.7084 | BS: 195500 | FPS: 28.9297 | T: 1:55:12
| train          | F: 392000 | S: 196000 | E: 392 | L: 1000 | R: 927.4798 | BS: 196000 | FPS: 64.9937 | T: 1:55:27
| train          | F: 393000 | S: 196500 | E: 393 | L: 1000 | R: 813.1632 | BS: 196500 | FPS: 65.5774 | T: 1:55:42
| train          | F: 394000 | S: 197000 | E: 394 | L: 1000 | R: 806.4684 | BS: 197000 | FPS: 62.2564 | T: 1:55:59
| train          | F: 395000 | S: 197500 | E: 395 | L: 1000 | R: 750.1867 | BS: 197500 | FPS: 60.5919 | T: 1:56:15
| train          | F: 396000 | S: 198000 | E: 396 | L: 1000 | R: 924.0218 | BS: 198000 | FPS: 62.1908 | T: 1:56:31
| train          | F: 397000 | S: 198500 | E: 397 | L: 1000 | R: 926.4676 | BS: 198500 | FPS: 58.6474 | T: 1:56:48
| train          | F: 398000 | S: 199000 | E: 398 | L: 1000 | R: 859.3207 | BS: 199000 | FPS: 59.8490 | T: 1:57:05
| train          | F: 399000 | S: 199500 | E: 399 | L: 1000 | R: 850.9624 | BS: 199500 | FPS: 57.6614 | T: 1:57:22
| train          | F: 400000 | S: 200000 | E: 400 | L: 1000 | R: 923.2771 | BS: 200000 | FPS: 59.0763 | T: 1:57:39
| eval           | F: 400000 | S: 200000 | E: 400 | L: 1000 | R: 823.1139 | T: 1:57:39
| train          | F: 401000 | S: 200500 | E: 401 | L: 1000 | R: 919.9968 | BS: 200500 | FPS: 30.7529 | T: 1:58:12
| train          | F: 402000 | S: 201000 | E: 402 | L: 1000 | R: 830.7656 | BS: 201000 | FPS: 63.3751 | T: 1:58:27
| train          | F: 403000 | S: 201500 | E: 403 | L: 1000 | R: 838.9593 | BS: 201500 | FPS: 62.9846 | T: 1:58:43
| train          | F: 404000 | S: 202000 | E: 404 | L: 1000 | R: 676.1935 | BS: 202000 | FPS: 60.8813 | T: 1:59:00
| train          | F: 405000 | S: 202500 | E: 405 | L: 1000 | R: 894.2168 | BS: 202500 | FPS: 60.9548 | T: 1:59:16
| train          | F: 406000 | S: 203000 | E: 406 | L: 1000 | R: 751.5223 | BS: 203000 | FPS: 61.3610 | T: 1:59:32
| train          | F: 407000 | S: 203500 | E: 407 | L: 1000 | R: 891.8816 | BS: 203500 | FPS: 59.1428 | T: 1:59:49
| train          | F: 408000 | S: 204000 | E: 408 | L: 1000 | R: 903.4157 | BS: 204000 | FPS: 61.5349 | T: 2:00:06
| train          | F: 409000 | S: 204500 | E: 409 | L: 1000 | R: 912.1104 | BS: 204500 | FPS: 57.8537 | T: 2:00:23
| train          | F: 410000 | S: 205000 | E: 410 | L: 1000 | R: 843.8004 | BS: 205000 | FPS: 57.3640 | T: 2:00:40
| eval           | F: 410000 | S: 205000 | E: 410 | L: 1000 | R: 882.8078 | T: 2:00:40
| train          | F: 411000 | S: 205500 | E: 411 | L: 1000 | R: 810.2323 | BS: 205500 | FPS: 28.4825 | T: 2:01:15
| train          | F: 412000 | S: 206000 | E: 412 | L: 1000 | R: 780.9186 | BS: 206000 | FPS: 65.5281 | T: 2:01:31
| train          | F: 413000 | S: 206500 | E: 413 | L: 1000 | R: 898.6273 | BS: 206500 | FPS: 62.6031 | T: 2:01:47
| train          | F: 414000 | S: 207000 | E: 414 | L: 1000 | R: 904.9670 | BS: 207000 | FPS: 63.1497 | T: 2:02:03
| train          | F: 415000 | S: 207500 | E: 415 | L: 1000 | R: 776.2267 | BS: 207500 | FPS: 62.2588 | T: 2:02:19
| train          | F: 416000 | S: 208000 | E: 416 | L: 1000 | R: 852.2894 | BS: 208000 | FPS: 61.9573 | T: 2:02:35
| train          | F: 417000 | S: 208500 | E: 417 | L: 1000 | R: 810.1963 | BS: 208500 | FPS: 61.3909 | T: 2:02:51
| train          | F: 418000 | S: 209000 | E: 418 | L: 1000 | R: 895.0247 | BS: 209000 | FPS: 60.3027 | T: 2:03:08
| train          | F: 419000 | S: 209500 | E: 419 | L: 1000 | R: 772.7604 | BS: 209500 | FPS: 59.7940 | T: 2:03:24
| train          | F: 420000 | S: 210000 | E: 420 | L: 1000 | R: 904.9859 | BS: 210000 | FPS: 60.6160 | T: 2:03:41
| eval           | F: 420000 | S: 210000 | E: 420 | L: 1000 | R: 871.4357 | T: 2:03:41
| train          | F: 421000 | S: 210500 | E: 421 | L: 1000 | R: 810.8252 | BS: 210500 | FPS: 29.0957 | T: 2:04:15
| train          | F: 422000 | S: 211000 | E: 422 | L: 1000 | R: 839.9650 | BS: 211000 | FPS: 65.1450 | T: 2:04:31
| train          | F: 423000 | S: 211500 | E: 423 | L: 1000 | R: 843.5317 | BS: 211500 | FPS: 64.2681 | T: 2:04:46
| train          | F: 424000 | S: 212000 | E: 424 | L: 1000 | R: 820.4848 | BS: 212000 | FPS: 62.1107 | T: 2:05:02
| train          | F: 425000 | S: 212500 | E: 425 | L: 1000 | R: 689.3632 | BS: 212500 | FPS: 59.5553 | T: 2:05:19
| train          | F: 426000 | S: 213000 | E: 426 | L: 1000 | R: 801.8859 | BS: 213000 | FPS: 59.2611 | T: 2:05:36
| train          | F: 427000 | S: 213500 | E: 427 | L: 1000 | R: 680.9801 | BS: 213500 | FPS: 61.6618 | T: 2:05:52
| train          | F: 428000 | S: 214000 | E: 428 | L: 1000 | R: 944.7999 | BS: 214000 | FPS: 61.2055 | T: 2:06:08
| train          | F: 429000 | S: 214500 | E: 429 | L: 1000 | R: 799.0538 | BS: 214500 | FPS: 59.8384 | T: 2:06:25
| train          | F: 430000 | S: 215000 | E: 430 | L: 1000 | R: 851.8121 | BS: 215000 | FPS: 59.4333 | T: 2:06:42
| eval           | F: 430000 | S: 215000 | E: 430 | L: 1000 | R: 885.8373 | T: 2:06:42
| train          | F: 431000 | S: 215500 | E: 431 | L: 1000 | R: 471.2340 | BS: 215500 | FPS: 30.5878 | T: 2:07:15
| train          | F: 432000 | S: 216000 | E: 432 | L: 1000 | R: 921.1036 | BS: 216000 | FPS: 66.2139 | T: 2:07:30
| train          | F: 433000 | S: 216500 | E: 433 | L: 1000 | R: 807.3502 | BS: 216500 | FPS: 62.1141 | T: 2:07:46
| train          | F: 434000 | S: 217000 | E: 434 | L: 1000 | R: 862.5611 | BS: 217000 | FPS: 63.2168 | T: 2:08:02
| train          | F: 435000 | S: 217500 | E: 435 | L: 1000 | R: 916.4131 | BS: 217500 | FPS: 61.6936 | T: 2:08:18
| train          | F: 436000 | S: 218000 | E: 436 | L: 1000 | R: 886.2328 | BS: 218000 | FPS: 59.8175 | T: 2:08:35
| train          | F: 437000 | S: 218500 | E: 437 | L: 1000 | R: 863.9524 | BS: 218500 | FPS: 59.8238 | T: 2:08:51
| train          | F: 438000 | S: 219000 | E: 438 | L: 1000 | R: 924.5121 | BS: 219000 | FPS: 59.6567 | T: 2:09:08
| train          | F: 439000 | S: 219500 | E: 439 | L: 1000 | R: 883.1529 | BS: 219500 | FPS: 59.6645 | T: 2:09:25
| train          | F: 440000 | S: 220000 | E: 440 | L: 1000 | R: 913.5747 | BS: 220000 | FPS: 59.5173 | T: 2:09:42
| eval           | F: 440000 | S: 220000 | E: 440 | L: 1000 | R: 882.8151 | T: 2:09:42
| train          | F: 441000 | S: 220500 | E: 441 | L: 1000 | R: 905.7762 | BS: 220500 | FPS: 28.8059 | T: 2:10:16
| train          | F: 442000 | S: 221000 | E: 442 | L: 1000 | R: 868.0358 | BS: 221000 | FPS: 66.2127 | T: 2:10:31
| train          | F: 443000 | S: 221500 | E: 443 | L: 1000 | R: 911.8697 | BS: 221500 | FPS: 63.3656 | T: 2:10:47
| train          | F: 444000 | S: 222000 | E: 444 | L: 1000 | R: 930.5809 | BS: 222000 | FPS: 61.4654 | T: 2:11:04
| train          | F: 445000 | S: 222500 | E: 445 | L: 1000 | R: 915.2103 | BS: 222500 | FPS: 59.8693 | T: 2:11:20
| train          | F: 446000 | S: 223000 | E: 446 | L: 1000 | R: 863.7659 | BS: 223000 | FPS: 61.2529 | T: 2:11:37
| train          | F: 447000 | S: 223500 | E: 447 | L: 1000 | R: 820.1715 | BS: 223500 | FPS: 60.1543 | T: 2:11:53
| train          | F: 448000 | S: 224000 | E: 448 | L: 1000 | R: 911.7104 | BS: 224000 | FPS: 61.9695 | T: 2:12:09
| train          | F: 449000 | S: 224500 | E: 449 | L: 1000 | R: 903.3392 | BS: 224500 | FPS: 60.1986 | T: 2:12:26
| train          | F: 450000 | S: 225000 | E: 450 | L: 1000 | R: 928.4048 | BS: 225000 | FPS: 59.6609 | T: 2:12:43
| eval           | F: 450000 | S: 225000 | E: 450 | L: 1000 | R: 878.5837 | T: 2:12:43
| train          | F: 451000 | S: 225500 | E: 451 | L: 1000 | R: 930.0822 | BS: 225500 | FPS: 30.5173 | T: 2:13:15
| train          | F: 452000 | S: 226000 | E: 452 | L: 1000 | R: 877.0993 | BS: 226000 | FPS: 63.6001 | T: 2:13:31
| train          | F: 453000 | S: 226500 | E: 453 | L: 1000 | R: 859.6114 | BS: 226500 | FPS: 63.4367 | T: 2:13:47
| train          | F: 454000 | S: 227000 | E: 454 | L: 1000 | R: 888.0081 | BS: 227000 | FPS: 60.6392 | T: 2:14:03
| train          | F: 455000 | S: 227500 | E: 455 | L: 1000 | R: 890.9671 | BS: 227500 | FPS: 61.4363 | T: 2:14:20
| train          | F: 456000 | S: 228000 | E: 456 | L: 1000 | R: 863.6924 | BS: 228000 | FPS: 60.8647 | T: 2:14:36
| train          | F: 457000 | S: 228500 | E: 457 | L: 1000 | R: 861.0389 | BS: 228500 | FPS: 60.5266 | T: 2:14:53
| train          | F: 458000 | S: 229000 | E: 458 | L: 1000 | R: 840.1531 | BS: 229000 | FPS: 61.4565 | T: 2:15:09
| train          | F: 459000 | S: 229500 | E: 459 | L: 1000 | R: 964.8927 | BS: 229500 | FPS: 60.2882 | T: 2:15:26
| train          | F: 460000 | S: 230000 | E: 460 | L: 1000 | R: 906.0056 | BS: 230000 | FPS: 57.7652 | T: 2:15:43
| eval           | F: 460000 | S: 230000 | E: 460 | L: 1000 | R: 784.6387 | T: 2:15:43
| train          | F: 461000 | S: 230500 | E: 461 | L: 1000 | R: 890.2120 | BS: 230500 | FPS: 29.0908 | T: 2:16:17
| train          | F: 462000 | S: 231000 | E: 462 | L: 1000 | R: 950.4822 | BS: 231000 | FPS: 66.9894 | T: 2:16:32
| train          | F: 463000 | S: 231500 | E: 463 | L: 1000 | R: 826.4936 | BS: 231500 | FPS: 64.2971 | T: 2:16:48
| train          | F: 464000 | S: 232000 | E: 464 | L: 1000 | R: 775.7153 | BS: 232000 | FPS: 60.4352 | T: 2:17:04
| train          | F: 465000 | S: 232500 | E: 465 | L: 1000 | R: 821.3330 | BS: 232500 | FPS: 61.6713 | T: 2:17:20
| train          | F: 466000 | S: 233000 | E: 466 | L: 1000 | R: 920.4860 | BS: 233000 | FPS: 58.9739 | T: 2:17:37
| train          | F: 467000 | S: 233500 | E: 467 | L: 1000 | R: 844.9784 | BS: 233500 | FPS: 62.8209 | T: 2:17:53
| train          | F: 468000 | S: 234000 | E: 468 | L: 1000 | R: 860.8461 | BS: 234000 | FPS: 61.0469 | T: 2:18:10
| train          | F: 469000 | S: 234500 | E: 469 | L: 1000 | R: 912.8570 | BS: 234500 | FPS: 60.4323 | T: 2:18:26
| train          | F: 470000 | S: 235000 | E: 470 | L: 1000 | R: 905.8431 | BS: 235000 | FPS: 60.8954 | T: 2:18:43
| eval           | F: 470000 | S: 235000 | E: 470 | L: 1000 | R: 764.4474 | T: 2:18:43
| train          | F: 471000 | S: 235500 | E: 471 | L: 1000 | R: 917.4712 | BS: 235500 | FPS: 30.7205 | T: 2:19:15
| train          | F: 472000 | S: 236000 | E: 472 | L: 1000 | R: 926.1859 | BS: 236000 | FPS: 63.6701 | T: 2:19:31
| train          | F: 473000 | S: 236500 | E: 473 | L: 1000 | R: 910.7514 | BS: 236500 | FPS: 62.3365 | T: 2:19:47
| train          | F: 474000 | S: 237000 | E: 474 | L: 1000 | R: 928.5322 | BS: 237000 | FPS: 59.8536 | T: 2:20:04
| train          | F: 475000 | S: 237500 | E: 475 | L: 1000 | R: 661.4801 | BS: 237500 | FPS: 58.7405 | T: 2:20:21
| train          | F: 476000 | S: 238000 | E: 476 | L: 1000 | R: 907.3915 | BS: 238000 | FPS: 62.1012 | T: 2:20:37
| train          | F: 477000 | S: 238500 | E: 477 | L: 1000 | R: 858.3694 | BS: 238500 | FPS: 60.5924 | T: 2:20:53
| train          | F: 478000 | S: 239000 | E: 478 | L: 1000 | R: 859.0525 | BS: 239000 | FPS: 61.5292 | T: 2:21:10
| train          | F: 479000 | S: 239500 | E: 479 | L: 1000 | R: 924.7854 | BS: 239500 | FPS: 62.1162 | T: 2:21:26
| train          | F: 480000 | S: 240000 | E: 480 | L: 1000 | R: 0.0000 | BS: 240000 | FPS: 60.4653 | T: 2:21:42
| eval           | F: 480000 | S: 240000 | E: 480 | L: 1000 | R: 904.6528 | T: 2:21:42
| train          | F: 481000 | S: 240500 | E: 481 | L: 1000 | R: 917.5965 | BS: 240500 | FPS: 31.0556 | T: 2:22:14
| train          | F: 482000 | S: 241000 | E: 482 | L: 1000 | R: 888.0840 | BS: 241000 | FPS: 64.3100 | T: 2:22:30
| train          | F: 483000 | S: 241500 | E: 483 | L: 1000 | R: 926.3220 | BS: 241500 | FPS: 63.0986 | T: 2:22:46
| train          | F: 484000 | S: 242000 | E: 484 | L: 1000 | R: 908.4271 | BS: 242000 | FPS: 60.6424 | T: 2:23:02
| train          | F: 485000 | S: 242500 | E: 485 | L: 1000 | R: 915.0220 | BS: 242500 | FPS: 61.2427 | T: 2:23:19
| train          | F: 486000 | S: 243000 | E: 486 | L: 1000 | R: 789.5847 | BS: 243000 | FPS: 60.5150 | T: 2:23:35
| train          | F: 487000 | S: 243500 | E: 487 | L: 1000 | R: 860.1221 | BS: 243500 | FPS: 60.5053 | T: 2:23:52
| train          | F: 488000 | S: 244000 | E: 488 | L: 1000 | R: 809.0796 | BS: 244000 | FPS: 60.2334 | T: 2:24:08
| train          | F: 489000 | S: 244500 | E: 489 | L: 1000 | R: 750.5798 | BS: 244500 | FPS: 59.7357 | T: 2:24:25
| train          | F: 490000 | S: 245000 | E: 490 | L: 1000 | R: 755.6224 | BS: 245000 | FPS: 60.3800 | T: 2:24:42
| eval           | F: 490000 | S: 245000 | E: 490 | L: 1000 | R: 892.7876 | T: 2:24:42
| train          | F: 491000 | S: 245500 | E: 491 | L: 1000 | R: 900.5128 | BS: 245500 | FPS: 30.8880 | T: 2:25:14
| train          | F: 492000 | S: 246000 | E: 492 | L: 1000 | R: 946.1670 | BS: 246000 | FPS: 63.2830 | T: 2:25:30
| train          | F: 493000 | S: 246500 | E: 493 | L: 1000 | R: 714.9154 | BS: 246500 | FPS: 61.8416 | T: 2:25:46
| train          | F: 494000 | S: 247000 | E: 494 | L: 1000 | R: 912.5231 | BS: 247000 | FPS: 61.4522 | T: 2:26:02
| train          | F: 495000 | S: 247500 | E: 495 | L: 1000 | R: 880.9998 | BS: 247500 | FPS: 60.2020 | T: 2:26:19
| train          | F: 496000 | S: 248000 | E: 496 | L: 1000 | R: 878.9009 | BS: 248000 | FPS: 60.8405 | T: 2:26:35
| train          | F: 497000 | S: 248500 | E: 497 | L: 1000 | R: 901.5324 | BS: 248500 | FPS: 59.8858 | T: 2:26:52
| train          | F: 498000 | S: 249000 | E: 498 | L: 1000 | R: 915.9807 | BS: 249000 | FPS: 59.9090 | T: 2:27:09
| train          | F: 499000 | S: 249500 | E: 499 | L: 1000 | R: 737.7002 | BS: 249500 | FPS: 59.3586 | T: 2:27:25
| train          | F: 500000 | S: 250000 | E: 500 | L: 1000 | R: 867.4094 | BS: 250000 | FPS: 58.5839 | T: 2:27:43
| eval           | F: 500000 | S: 250000 | E: 500 | L: 1000 | R: 915.3628 | T: 2:27:43
| train          | F: 501000 | S: 250500 | E: 501 | L: 1000 | R: 908.3410 | BS: 250500 | FPS: 29.2728 | T: 2:28:17
| train          | F: 502000 | S: 251000 | E: 502 | L: 1000 | R: 858.3416 | BS: 251000 | FPS: 65.3337 | T: 2:28:32
| train          | F: 503000 | S: 251500 | E: 503 | L: 1000 | R: 782.9113 | BS: 251500 | FPS: 63.1440 | T: 2:28:48
| train          | F: 504000 | S: 252000 | E: 504 | L: 1000 | R: 932.3217 | BS: 252000 | FPS: 61.8897 | T: 2:29:04
| train          | F: 505000 | S: 252500 | E: 505 | L: 1000 | R: 914.3131 | BS: 252500 | FPS: 61.1589 | T: 2:29:20
| train          | F: 506000 | S: 253000 | E: 506 | L: 1000 | R: 919.6907 | BS: 253000 | FPS: 60.9806 | T: 2:29:37
| train          | F: 507000 | S: 253500 | E: 507 | L: 1000 | R: 899.8357 | BS: 253500 | FPS: 60.1270 | T: 2:29:53
| train          | F: 508000 | S: 254000 | E: 508 | L: 1000 | R: 916.5661 | BS: 254000 | FPS: 59.2875 | T: 2:30:10
| train          | F: 509000 | S: 254500 | E: 509 | L: 1000 | R: 922.3928 | BS: 254500 | FPS: 58.7106 | T: 2:30:27
