/workspace/learn-si2e/SI2E/SI2E_DrQv2/train.py:210: UserWarning: 
The version_base parameter is not specified.
Please specify a compatability version level, or None.
Will assume defaults for version 1.1
  @hydra.main(config_path='cfgs', config_name='config')
/usr/local/lib/python3.10/dist-packages/hydra/_internal/hydra.py:119: UserWarning: Future Hydra versions will no longer change working directory at job runtime by default.
See https://hydra.cc/docs/1.2/upgrades/1.1_to_1.2/changes_to_job_working_dir/ for more information.
  ret = run_job(
/workspace/learn-si2e/SI2E/SI2E_DrQv2/train.py:210: UserWarning: 
The version_base parameter is not specified.
Please specify a compatability version level, or None.
Will assume defaults for version 1.1
  @hydra.main(config_path='cfgs', config_name='config')
workspace: /workspace/learn-si2e/results/drqv2-full/quadruped_walk_baseline_seed1
| eval           | F: 0 | S: 0 | E: 0 | L: 1000 | R: 104.0255 | T: 0:00:00
| train          | F: 5000 | S: 2500 | E: 5 | L: 1000 | R: 11.2516 | BS: 2500 | FPS: 26.1291 | T: 0:00:38
| train          | F: 6000 | S: 3000 | E: 6 | L: 1000 | R: 282.5117 | BS: 3000 | FPS: 126.4653 | T: 0:00:46
| train          | F: 7000 | S: 3500 | E: 7 | L: 1000 | R: 87.7671 | BS: 3500 | FPS: 116.4664 | T: 0:00:54
| train          | F: 8000 | S: 4000 | E: 8 | L: 1000 | R: 17.2378 | BS: 4000 | FPS: 128.7385 | T: 0:01:02
| train          | F: 9000 | S: 4500 | E: 9 | L: 1000 | R: 8.6579 | BS: 4500 | FPS: 135.6313 | T: 0:01:09
| train          | F: 10000 | S: 5000 | E: 10 | L: 1000 | R: 262.3389 | BS: 5000 | FPS: 133.6112 | T: 0:01:17
| eval           | F: 10000 | S: 5000 | E: 10 | L: 1000 | R: 140.4165 | T: 0:01:17
| train          | F: 11000 | S: 5500 | E: 11 | L: 1000 | R: 21.9755 | BS: 5500 | FPS: 34.8005 | T: 0:01:46
| train          | F: 12000 | S: 6000 | E: 12 | L: 1000 | R: 476.2557 | BS: 6000 | FPS: 136.4433 | T: 0:01:53
| train          | F: 13000 | S: 6500 | E: 13 | L: 1000 | R: 7.6460 | BS: 6500 | FPS: 128.7512 | T: 0:02:01
| train          | F: 14000 | S: 7000 | E: 14 | L: 1000 | R: 33.0247 | BS: 7000 | FPS: 130.5202 | T: 0:02:08
| train          | F: 15000 | S: 7500 | E: 15 | L: 1000 | R: 256.8423 | BS: 7500 | FPS: 128.7457 | T: 0:02:16
| train          | F: 16000 | S: 8000 | E: 16 | L: 1000 | R: 8.9039 | BS: 8000 | FPS: 135.4463 | T: 0:02:24
| train          | F: 17000 | S: 8500 | E: 17 | L: 1000 | R: 261.8732 | BS: 8500 | FPS: 134.1051 | T: 0:02:31
| train          | F: 18000 | S: 9000 | E: 18 | L: 1000 | R: 116.8011 | BS: 9000 | FPS: 131.3784 | T: 0:02:39
| train          | F: 19000 | S: 9500 | E: 19 | L: 1000 | R: 27.6636 | BS: 9500 | FPS: 133.4001 | T: 0:02:46
| train          | F: 20000 | S: 10000 | E: 20 | L: 1000 | R: 5.2915 | BS: 10000 | FPS: 120.7644 | T: 0:02:54
| eval           | F: 20000 | S: 10000 | E: 20 | L: 1000 | R: 87.7351 | T: 0:02:54
| train          | F: 21000 | S: 10500 | E: 21 | L: 1000 | R: 11.9636 | BS: 10500 | FPS: 32.8227 | T: 0:03:25
| train          | F: 22000 | S: 11000 | E: 22 | L: 1000 | R: 4.1634 | BS: 11000 | FPS: 122.7784 | T: 0:03:33
| train          | F: 23000 | S: 11500 | E: 23 | L: 1000 | R: 0.3628 | BS: 11500 | FPS: 126.6763 | T: 0:03:41
| train          | F: 24000 | S: 12000 | E: 24 | L: 1000 | R: 252.5402 | BS: 12000 | FPS: 119.2878 | T: 0:03:49
| train          | F: 25000 | S: 12500 | E: 25 | L: 1000 | R: 14.8656 | BS: 12500 | FPS: 120.2052 | T: 0:03:58
| train          | F: 26000 | S: 13000 | E: 26 | L: 1000 | R: 16.0947 | BS: 13000 | FPS: 129.5312 | T: 0:04:05
| train          | F: 27000 | S: 13500 | E: 27 | L: 1000 | R: 48.6638 | BS: 13500 | FPS: 133.3888 | T: 0:04:13
| train          | F: 28000 | S: 14000 | E: 28 | L: 1000 | R: 5.2225 | BS: 14000 | FPS: 126.4151 | T: 0:04:21
| train          | F: 29000 | S: 14500 | E: 29 | L: 1000 | R: 79.2132 | BS: 14500 | FPS: 116.6607 | T: 0:04:29
| train          | F: 30000 | S: 15000 | E: 30 | L: 1000 | R: 9.8064 | BS: 15000 | FPS: 120.0079 | T: 0:04:38
| eval           | F: 30000 | S: 15000 | E: 30 | L: 1000 | R: 52.1167 | T: 0:04:38
| train          | F: 31000 | S: 15500 | E: 31 | L: 1000 | R: 28.4101 | BS: 15500 | FPS: 37.2302 | T: 0:05:04
| train          | F: 32000 | S: 16000 | E: 32 | L: 1000 | R: 19.9192 | BS: 16000 | FPS: 131.9174 | T: 0:05:12
| train          | F: 33000 | S: 16500 | E: 33 | L: 1000 | R: 105.1336 | BS: 16500 | FPS: 130.8981 | T: 0:05:20
| train          | F: 34000 | S: 17000 | E: 34 | L: 1000 | R: 18.5185 | BS: 17000 | FPS: 131.2550 | T: 0:05:27
| train          | F: 35000 | S: 17500 | E: 35 | L: 1000 | R: 7.3767 | BS: 17500 | FPS: 133.5751 | T: 0:05:35
| train          | F: 36000 | S: 18000 | E: 36 | L: 1000 | R: 262.6039 | BS: 18000 | FPS: 134.7387 | T: 0:05:42
| train          | F: 37000 | S: 18500 | E: 37 | L: 1000 | R: 54.4697 | BS: 18500 | FPS: 123.6261 | T: 0:05:50
| train          | F: 38000 | S: 19000 | E: 38 | L: 1000 | R: 60.7665 | BS: 19000 | FPS: 116.2230 | T: 0:05:59
| train          | F: 39000 | S: 19500 | E: 39 | L: 1000 | R: 16.3920 | BS: 19500 | FPS: 121.1065 | T: 0:06:07
| train          | F: 40000 | S: 20000 | E: 40 | L: 1000 | R: 39.2766 | BS: 20000 | FPS: 115.9574 | T: 0:06:16
| eval           | F: 40000 | S: 20000 | E: 40 | L: 1000 | R: 76.6941 | T: 0:06:16
| train          | F: 41000 | S: 20500 | E: 41 | L: 1000 | R: 15.0490 | BS: 20500 | FPS: 37.4908 | T: 0:06:42
| train          | F: 42000 | S: 21000 | E: 42 | L: 1000 | R: 6.9741 | BS: 21000 | FPS: 133.9496 | T: 0:06:50
| train          | F: 43000 | S: 21500 | E: 43 | L: 1000 | R: 11.7610 | BS: 21500 | FPS: 133.1300 | T: 0:06:57
| train          | F: 44000 | S: 22000 | E: 44 | L: 1000 | R: 35.1564 | BS: 22000 | FPS: 131.8733 | T: 0:07:05
| train          | F: 45000 | S: 22500 | E: 45 | L: 1000 | R: 21.8850 | BS: 22500 | FPS: 130.8287 | T: 0:07:13
| train          | F: 46000 | S: 23000 | E: 46 | L: 1000 | R: 323.8098 | BS: 23000 | FPS: 130.2074 | T: 0:07:20
| train          | F: 47000 | S: 23500 | E: 47 | L: 1000 | R: 23.7120 | BS: 23500 | FPS: 121.6005 | T: 0:07:29
| train          | F: 48000 | S: 24000 | E: 48 | L: 1000 | R: 22.6622 | BS: 24000 | FPS: 115.5394 | T: 0:07:37
| train          | F: 49000 | S: 24500 | E: 49 | L: 1000 | R: 89.3939 | BS: 24500 | FPS: 116.3233 | T: 0:07:46
| train          | F: 50000 | S: 25000 | E: 50 | L: 1000 | R: 255.2963 | BS: 25000 | FPS: 123.5259 | T: 0:07:54
| eval           | F: 50000 | S: 25000 | E: 50 | L: 1000 | R: 94.9082 | T: 0:07:54
| train          | F: 51000 | S: 25500 | E: 51 | L: 1000 | R: 72.5990 | BS: 25500 | FPS: 37.1188 | T: 0:08:21
| train          | F: 52000 | S: 26000 | E: 52 | L: 1000 | R: 25.6367 | BS: 26000 | FPS: 120.6614 | T: 0:08:29
| train          | F: 53000 | S: 26500 | E: 53 | L: 1000 | R: 297.5238 | BS: 26500 | FPS: 131.0117 | T: 0:08:37
| train          | F: 54000 | S: 27000 | E: 54 | L: 1000 | R: 23.1910 | BS: 27000 | FPS: 117.8099 | T: 0:08:45
| train          | F: 55000 | S: 27500 | E: 55 | L: 1000 | R: 30.3469 | BS: 27500 | FPS: 120.1014 | T: 0:08:54
| train          | F: 56000 | S: 28000 | E: 56 | L: 1000 | R: 82.6711 | BS: 28000 | FPS: 119.3831 | T: 0:09:02
| train          | F: 57000 | S: 28500 | E: 57 | L: 1000 | R: 17.5531 | BS: 28500 | FPS: 116.9869 | T: 0:09:11
| train          | F: 58000 | S: 29000 | E: 58 | L: 1000 | R: 16.6315 | BS: 29000 | FPS: 118.1116 | T: 0:09:19
| train          | F: 59000 | S: 29500 | E: 59 | L: 1000 | R: 25.8872 | BS: 29500 | FPS: 116.1268 | T: 0:09:28
| train          | F: 60000 | S: 30000 | E: 60 | L: 1000 | R: 300.7128 | BS: 30000 | FPS: 121.5557 | T: 0:09:36
| eval           | F: 60000 | S: 30000 | E: 60 | L: 1000 | R: 57.3716 | T: 0:09:36
| train          | F: 61000 | S: 30500 | E: 61 | L: 1000 | R: 63.2295 | BS: 30500 | FPS: 33.3632 | T: 0:10:06
| train          | F: 62000 | S: 31000 | E: 62 | L: 1000 | R: 3.7969 | BS: 31000 | FPS: 126.8015 | T: 0:10:14
| train          | F: 63000 | S: 31500 | E: 63 | L: 1000 | R: 29.0116 | BS: 31500 | FPS: 126.4476 | T: 0:10:22
| train          | F: 64000 | S: 32000 | E: 64 | L: 1000 | R: 18.9705 | BS: 32000 | FPS: 124.0183 | T: 0:10:30
| train          | F: 65000 | S: 32500 | E: 65 | L: 1000 | R: 310.1708 | BS: 32500 | FPS: 131.2013 | T: 0:10:37
| train          | F: 66000 | S: 33000 | E: 66 | L: 1000 | R: 22.9660 | BS: 33000 | FPS: 124.1907 | T: 0:10:45
| train          | F: 67000 | S: 33500 | E: 67 | L: 1000 | R: 18.2560 | BS: 33500 | FPS: 126.0493 | T: 0:10:53
| train          | F: 68000 | S: 34000 | E: 68 | L: 1000 | R: 300.3049 | BS: 34000 | FPS: 133.1006 | T: 0:11:01
| train          | F: 69000 | S: 34500 | E: 69 | L: 1000 | R: 159.5716 | BS: 34500 | FPS: 128.5860 | T: 0:11:09
| train          | F: 70000 | S: 35000 | E: 70 | L: 1000 | R: 45.9993 | BS: 35000 | FPS: 121.5823 | T: 0:11:17
| eval           | F: 70000 | S: 35000 | E: 70 | L: 1000 | R: 86.0435 | T: 0:11:17
| train          | F: 71000 | S: 35500 | E: 71 | L: 1000 | R: 327.3481 | BS: 35500 | FPS: 37.6587 | T: 0:11:43
| train          | F: 72000 | S: 36000 | E: 72 | L: 1000 | R: 34.3299 | BS: 36000 | FPS: 126.9213 | T: 0:11:51
| train          | F: 73000 | S: 36500 | E: 73 | L: 1000 | R: 321.1969 | BS: 36500 | FPS: 134.7754 | T: 0:11:59
| train          | F: 74000 | S: 37000 | E: 74 | L: 1000 | R: 30.3493 | BS: 37000 | FPS: 131.1275 | T: 0:12:06
| train          | F: 75000 | S: 37500 | E: 75 | L: 1000 | R: 30.0111 | BS: 37500 | FPS: 117.8256 | T: 0:12:15
| train          | F: 76000 | S: 38000 | E: 76 | L: 1000 | R: 22.8544 | BS: 38000 | FPS: 123.0385 | T: 0:12:23
| train          | F: 77000 | S: 38500 | E: 77 | L: 1000 | R: 25.2662 | BS: 38500 | FPS: 122.5913 | T: 0:12:31
| train          | F: 78000 | S: 39000 | E: 78 | L: 1000 | R: 24.9382 | BS: 39000 | FPS: 130.0340 | T: 0:12:39
| train          | F: 79000 | S: 39500 | E: 79 | L: 1000 | R: 19.7993 | BS: 39500 | FPS: 125.3651 | T: 0:12:47
| train          | F: 80000 | S: 40000 | E: 80 | L: 1000 | R: 28.2226 | BS: 40000 | FPS: 126.4135 | T: 0:12:55
| eval           | F: 80000 | S: 40000 | E: 80 | L: 1000 | R: 57.0461 | T: 0:12:55
| train          | F: 81000 | S: 40500 | E: 81 | L: 1000 | R: 27.5292 | BS: 40500 | FPS: 34.4978 | T: 0:13:24
| train          | F: 82000 | S: 41000 | E: 82 | L: 1000 | R: 33.5869 | BS: 41000 | FPS: 134.5908 | T: 0:13:31
| train          | F: 83000 | S: 41500 | E: 83 | L: 1000 | R: 15.8313 | BS: 41500 | FPS: 128.8927 | T: 0:13:39
| train          | F: 84000 | S: 42000 | E: 84 | L: 1000 | R: 34.5400 | BS: 42000 | FPS: 131.2322 | T: 0:13:46
| train          | F: 85000 | S: 42500 | E: 85 | L: 1000 | R: 257.7960 | BS: 42500 | FPS: 131.6325 | T: 0:13:54
| train          | F: 86000 | S: 43000 | E: 86 | L: 1000 | R: 33.7302 | BS: 43000 | FPS: 130.4434 | T: 0:14:02
| train          | F: 87000 | S: 43500 | E: 87 | L: 1000 | R: 44.0786 | BS: 43500 | FPS: 131.2381 | T: 0:14:09
| train          | F: 88000 | S: 44000 | E: 88 | L: 1000 | R: 295.4505 | BS: 44000 | FPS: 131.9131 | T: 0:14:17
| train          | F: 89000 | S: 44500 | E: 89 | L: 1000 | R: 32.1523 | BS: 44500 | FPS: 123.3693 | T: 0:14:25
| train          | F: 90000 | S: 45000 | E: 90 | L: 1000 | R: 41.0100 | BS: 45000 | FPS: 125.0713 | T: 0:14:33
| eval           | F: 90000 | S: 45000 | E: 90 | L: 1000 | R: 125.2739 | T: 0:14:33
| train          | F: 91000 | S: 45500 | E: 91 | L: 1000 | R: 29.9088 | BS: 45500 | FPS: 32.9685 | T: 0:15:03
| train          | F: 92000 | S: 46000 | E: 92 | L: 1000 | R: 326.8963 | BS: 46000 | FPS: 135.7924 | T: 0:15:11
| train          | F: 93000 | S: 46500 | E: 93 | L: 1000 | R: 290.6238 | BS: 46500 | FPS: 132.1459 | T: 0:15:18
| train          | F: 94000 | S: 47000 | E: 94 | L: 1000 | R: 29.5681 | BS: 47000 | FPS: 128.5274 | T: 0:15:26
| train          | F: 95000 | S: 47500 | E: 95 | L: 1000 | R: 36.1650 | BS: 47500 | FPS: 128.9916 | T: 0:15:34
| train          | F: 96000 | S: 48000 | E: 96 | L: 1000 | R: 41.0940 | BS: 48000 | FPS: 129.9205 | T: 0:15:41
| train          | F: 97000 | S: 48500 | E: 97 | L: 1000 | R: 92.1323 | BS: 48500 | FPS: 118.0214 | T: 0:15:50
| train          | F: 98000 | S: 49000 | E: 98 | L: 1000 | R: 303.1531 | BS: 49000 | FPS: 127.1349 | T: 0:15:58
| train          | F: 99000 | S: 49500 | E: 99 | L: 1000 | R: 26.0253 | BS: 49500 | FPS: 118.0467 | T: 0:16:06
| train          | F: 100000 | S: 50000 | E: 100 | L: 1000 | R: 98.1075 | BS: 50000 | FPS: 115.8878 | T: 0:16:15
| eval           | F: 100000 | S: 50000 | E: 100 | L: 1000 | R: 181.3441 | T: 0:16:15
| train          | F: 101000 | S: 50500 | E: 101 | L: 1000 | R: 314.4782 | BS: 50500 | FPS: 33.8296 | T: 0:16:44
| train          | F: 102000 | S: 51000 | E: 102 | L: 1000 | R: 32.9868 | BS: 51000 | FPS: 123.4429 | T: 0:16:53
| train          | F: 103000 | S: 51500 | E: 103 | L: 1000 | R: 260.6092 | BS: 51500 | FPS: 123.3098 | T: 0:17:01
| train          | F: 104000 | S: 52000 | E: 104 | L: 1000 | R: 257.2718 | BS: 52000 | FPS: 133.8483 | T: 0:17:08
| train          | F: 105000 | S: 52500 | E: 105 | L: 1000 | R: 122.6923 | BS: 52500 | FPS: 129.1399 | T: 0:17:16
| train          | F: 106000 | S: 53000 | E: 106 | L: 1000 | R: 33.2425 | BS: 53000 | FPS: 125.0996 | T: 0:17:24
| train          | F: 107000 | S: 53500 | E: 107 | L: 1000 | R: 81.2252 | BS: 53500 | FPS: 129.6318 | T: 0:17:32
| train          | F: 108000 | S: 54000 | E: 108 | L: 1000 | R: 258.3722 | BS: 54000 | FPS: 122.7328 | T: 0:17:40
| train          | F: 109000 | S: 54500 | E: 109 | L: 1000 | R: 34.2202 | BS: 54500 | FPS: 125.0089 | T: 0:17:48
| train          | F: 110000 | S: 55000 | E: 110 | L: 1000 | R: 255.6703 | BS: 55000 | FPS: 122.9571 | T: 0:17:56
| eval           | F: 110000 | S: 55000 | E: 110 | L: 1000 | R: 39.6395 | T: 0:17:56
| train          | F: 111000 | S: 55500 | E: 111 | L: 1000 | R: 33.2321 | BS: 55500 | FPS: 37.6195 | T: 0:18:22
| train          | F: 112000 | S: 56000 | E: 112 | L: 1000 | R: 23.7335 | BS: 56000 | FPS: 130.6013 | T: 0:18:30
| train          | F: 113000 | S: 56500 | E: 113 | L: 1000 | R: 23.9848 | BS: 56500 | FPS: 127.3615 | T: 0:18:38
| train          | F: 114000 | S: 57000 | E: 114 | L: 1000 | R: 39.5135 | BS: 57000 | FPS: 128.7975 | T: 0:18:46
| train          | F: 115000 | S: 57500 | E: 115 | L: 1000 | R: 33.2571 | BS: 57500 | FPS: 124.3684 | T: 0:18:54
| train          | F: 116000 | S: 58000 | E: 116 | L: 1000 | R: 30.3403 | BS: 58000 | FPS: 122.0395 | T: 0:19:02
| train          | F: 117000 | S: 58500 | E: 117 | L: 1000 | R: 74.9319 | BS: 58500 | FPS: 120.5389 | T: 0:19:10
| train          | F: 118000 | S: 59000 | E: 118 | L: 1000 | R: 51.4055 | BS: 59000 | FPS: 117.1436 | T: 0:19:19
| train          | F: 119000 | S: 59500 | E: 119 | L: 1000 | R: 32.4785 | BS: 59500 | FPS: 116.9603 | T: 0:19:27
| train          | F: 120000 | S: 60000 | E: 120 | L: 1000 | R: 41.8310 | BS: 60000 | FPS: 117.9786 | T: 0:19:36
| eval           | F: 120000 | S: 60000 | E: 120 | L: 1000 | R: 73.4965 | T: 0:19:36
| train          | F: 121000 | S: 60500 | E: 121 | L: 1000 | R: 31.5381 | BS: 60500 | FPS: 33.3814 | T: 0:20:06
| train          | F: 122000 | S: 61000 | E: 122 | L: 1000 | R: 35.7096 | BS: 61000 | FPS: 128.8714 | T: 0:20:14
| train          | F: 123000 | S: 61500 | E: 123 | L: 1000 | R: 31.5692 | BS: 61500 | FPS: 129.0124 | T: 0:20:21
| train          | F: 124000 | S: 62000 | E: 124 | L: 1000 | R: 33.0486 | BS: 62000 | FPS: 127.5759 | T: 0:20:29
| train          | F: 125000 | S: 62500 | E: 125 | L: 1000 | R: 34.0676 | BS: 62500 | FPS: 128.9910 | T: 0:20:37
| train          | F: 126000 | S: 63000 | E: 126 | L: 1000 | R: 49.7168 | BS: 63000 | FPS: 120.3658 | T: 0:20:45
| train          | F: 127000 | S: 63500 | E: 127 | L: 1000 | R: 33.2897 | BS: 63500 | FPS: 117.1219 | T: 0:20:54
| train          | F: 128000 | S: 64000 | E: 128 | L: 1000 | R: 35.7150 | BS: 64000 | FPS: 114.9794 | T: 0:21:02
| train          | F: 129000 | S: 64500 | E: 129 | L: 1000 | R: 36.3081 | BS: 64500 | FPS: 125.1841 | T: 0:21:10
| train          | F: 130000 | S: 65000 | E: 130 | L: 1000 | R: 261.2319 | BS: 65000 | FPS: 126.4462 | T: 0:21:18
| eval           | F: 130000 | S: 65000 | E: 130 | L: 1000 | R: 144.5211 | T: 0:21:18
| train          | F: 131000 | S: 65500 | E: 131 | L: 1000 | R: 295.7768 | BS: 65500 | FPS: 36.7160 | T: 0:21:46
| train          | F: 132000 | S: 66000 | E: 132 | L: 1000 | R: 299.3831 | BS: 66000 | FPS: 127.5469 | T: 0:21:53
| train          | F: 133000 | S: 66500 | E: 133 | L: 1000 | R: 22.4716 | BS: 66500 | FPS: 129.6330 | T: 0:22:01
| train          | F: 134000 | S: 67000 | E: 134 | L: 1000 | R: 302.0794 | BS: 67000 | FPS: 132.2450 | T: 0:22:09
| train          | F: 135000 | S: 67500 | E: 135 | L: 1000 | R: 29.1658 | BS: 67500 | FPS: 124.9274 | T: 0:22:17
| train          | F: 136000 | S: 68000 | E: 136 | L: 1000 | R: 126.5933 | BS: 68000 | FPS: 127.3535 | T: 0:22:25
| train          | F: 137000 | S: 68500 | E: 137 | L: 1000 | R: 305.2858 | BS: 68500 | FPS: 127.5274 | T: 0:22:32
| train          | F: 138000 | S: 69000 | E: 138 | L: 1000 | R: 39.7595 | BS: 69000 | FPS: 116.3868 | T: 0:22:41
| train          | F: 139000 | S: 69500 | E: 139 | L: 1000 | R: 44.6417 | BS: 69500 | FPS: 113.4937 | T: 0:22:50
| train          | F: 140000 | S: 70000 | E: 140 | L: 1000 | R: 40.6693 | BS: 70000 | FPS: 115.2417 | T: 0:22:58
| eval           | F: 140000 | S: 70000 | E: 140 | L: 1000 | R: 137.0377 | T: 0:22:58
| train          | F: 141000 | S: 70500 | E: 141 | L: 1000 | R: 29.9896 | BS: 70500 | FPS: 33.2213 | T: 0:23:29
| train          | F: 142000 | S: 71000 | E: 142 | L: 1000 | R: 23.4365 | BS: 71000 | FPS: 128.2692 | T: 0:23:36
| train          | F: 143000 | S: 71500 | E: 143 | L: 1000 | R: 491.4488 | BS: 71500 | FPS: 132.3391 | T: 0:23:44
| train          | F: 144000 | S: 72000 | E: 144 | L: 1000 | R: 31.5660 | BS: 72000 | FPS: 127.6225 | T: 0:23:52
| train          | F: 145000 | S: 72500 | E: 145 | L: 1000 | R: 374.0014 | BS: 72500 | FPS: 129.9211 | T: 0:23:59
| train          | F: 146000 | S: 73000 | E: 146 | L: 1000 | R: 31.7556 | BS: 73000 | FPS: 126.1323 | T: 0:24:07
| train          | F: 147000 | S: 73500 | E: 147 | L: 1000 | R: 270.0064 | BS: 73500 | FPS: 123.2203 | T: 0:24:15
| train          | F: 148000 | S: 74000 | E: 148 | L: 1000 | R: 30.2783 | BS: 74000 | FPS: 115.4884 | T: 0:24:24
| train          | F: 149000 | S: 74500 | E: 149 | L: 1000 | R: 30.6896 | BS: 74500 | FPS: 129.2846 | T: 0:24:32
| train          | F: 150000 | S: 75000 | E: 150 | L: 1000 | R: 39.3751 | BS: 75000 | FPS: 126.8897 | T: 0:24:40
| eval           | F: 150000 | S: 75000 | E: 150 | L: 1000 | R: 83.0765 | T: 0:24:40
| train          | F: 151000 | S: 75500 | E: 151 | L: 1000 | R: 109.3873 | BS: 75500 | FPS: 32.7732 | T: 0:25:10
| train          | F: 152000 | S: 76000 | E: 152 | L: 1000 | R: 269.4290 | BS: 76000 | FPS: 125.8891 | T: 0:25:18
| train          | F: 153000 | S: 76500 | E: 153 | L: 1000 | R: 238.7275 | BS: 76500 | FPS: 122.4445 | T: 0:25:26
| train          | F: 154000 | S: 77000 | E: 154 | L: 1000 | R: 244.8903 | BS: 77000 | FPS: 135.3775 | T: 0:25:34
| train          | F: 155000 | S: 77500 | E: 155 | L: 1000 | R: 31.0934 | BS: 77500 | FPS: 125.1425 | T: 0:25:42
| train          | F: 156000 | S: 78000 | E: 156 | L: 1000 | R: 5.7985 | BS: 78000 | FPS: 124.7646 | T: 0:25:50
| train          | F: 157000 | S: 78500 | E: 157 | L: 1000 | R: 223.8965 | BS: 78500 | FPS: 130.9993 | T: 0:25:57
| train          | F: 158000 | S: 79000 | E: 158 | L: 1000 | R: 108.6584 | BS: 79000 | FPS: 127.2756 | T: 0:26:05
| train          | F: 159000 | S: 79500 | E: 159 | L: 1000 | R: 49.7291 | BS: 79500 | FPS: 126.2174 | T: 0:26:13
| train          | F: 160000 | S: 80000 | E: 160 | L: 1000 | R: 36.1636 | BS: 80000 | FPS: 123.4441 | T: 0:26:21
| eval           | F: 160000 | S: 80000 | E: 160 | L: 1000 | R: 172.4811 | T: 0:26:21
| train          | F: 161000 | S: 80500 | E: 161 | L: 1000 | R: 41.8416 | BS: 80500 | FPS: 37.3982 | T: 0:26:48
| train          | F: 162000 | S: 81000 | E: 162 | L: 1000 | R: 39.8286 | BS: 81000 | FPS: 130.8435 | T: 0:26:56
| train          | F: 163000 | S: 81500 | E: 163 | L: 1000 | R: 249.9308 | BS: 81500 | FPS: 122.8190 | T: 0:27:04
| train          | F: 164000 | S: 82000 | E: 164 | L: 1000 | R: 24.6743 | BS: 82000 | FPS: 124.9186 | T: 0:27:12
| train          | F: 165000 | S: 82500 | E: 165 | L: 1000 | R: 316.4344 | BS: 82500 | FPS: 132.0631 | T: 0:27:19
| train          | F: 166000 | S: 83000 | E: 166 | L: 1000 | R: 25.1685 | BS: 83000 | FPS: 123.4255 | T: 0:27:27
| train          | F: 167000 | S: 83500 | E: 167 | L: 1000 | R: 493.2208 | BS: 83500 | FPS: 129.7778 | T: 0:27:35
| train          | F: 168000 | S: 84000 | E: 168 | L: 1000 | R: 28.3414 | BS: 84000 | FPS: 120.2929 | T: 0:27:44
| train          | F: 169000 | S: 84500 | E: 169 | L: 1000 | R: 44.1518 | BS: 84500 | FPS: 118.4329 | T: 0:27:52
| train          | F: 170000 | S: 85000 | E: 170 | L: 1000 | R: 339.1934 | BS: 85000 | FPS: 125.8957 | T: 0:28:00
| eval           | F: 170000 | S: 85000 | E: 170 | L: 1000 | R: 154.8751 | T: 0:28:00
| train          | F: 171000 | S: 85500 | E: 171 | L: 1000 | R: 307.9542 | BS: 85500 | FPS: 38.0504 | T: 0:28:26
| train          | F: 172000 | S: 86000 | E: 172 | L: 1000 | R: 37.2817 | BS: 86000 | FPS: 132.0050 | T: 0:28:34
| train          | F: 173000 | S: 86500 | E: 173 | L: 1000 | R: 68.4638 | BS: 86500 | FPS: 126.1241 | T: 0:28:42
| train          | F: 174000 | S: 87000 | E: 174 | L: 1000 | R: 38.7085 | BS: 87000 | FPS: 128.4637 | T: 0:28:49
| train          | F: 175000 | S: 87500 | E: 175 | L: 1000 | R: 251.7386 | BS: 87500 | FPS: 121.8481 | T: 0:28:58
| train          | F: 176000 | S: 88000 | E: 176 | L: 1000 | R: 28.9674 | BS: 88000 | FPS: 122.8437 | T: 0:29:06
| train          | F: 177000 | S: 88500 | E: 177 | L: 1000 | R: 27.0957 | BS: 88500 | FPS: 126.8202 | T: 0:29:14
| train          | F: 178000 | S: 89000 | E: 178 | L: 1000 | R: 42.4580 | BS: 89000 | FPS: 129.0223 | T: 0:29:21
| train          | F: 179000 | S: 89500 | E: 179 | L: 1000 | R: 339.9873 | BS: 89500 | FPS: 118.6565 | T: 0:29:30
| train          | F: 180000 | S: 90000 | E: 180 | L: 1000 | R: 17.9292 | BS: 90000 | FPS: 126.6941 | T: 0:29:38
| eval           | F: 180000 | S: 90000 | E: 180 | L: 1000 | R: 192.1108 | T: 0:29:38
| train          | F: 181000 | S: 90500 | E: 181 | L: 1000 | R: 338.2007 | BS: 90500 | FPS: 37.7673 | T: 0:30:04
| train          | F: 182000 | S: 91000 | E: 182 | L: 1000 | R: 338.0159 | BS: 91000 | FPS: 128.0376 | T: 0:30:12
| train          | F: 183000 | S: 91500 | E: 183 | L: 1000 | R: 16.6689 | BS: 91500 | FPS: 128.5280 | T: 0:30:20
| train          | F: 184000 | S: 92000 | E: 184 | L: 1000 | R: 327.9965 | BS: 92000 | FPS: 132.1934 | T: 0:30:27
| train          | F: 185000 | S: 92500 | E: 185 | L: 1000 | R: 41.5086 | BS: 92500 | FPS: 123.6114 | T: 0:30:35
| train          | F: 186000 | S: 93000 | E: 186 | L: 1000 | R: 44.9754 | BS: 93000 | FPS: 125.5784 | T: 0:30:43
| train          | F: 187000 | S: 93500 | E: 187 | L: 1000 | R: 17.5862 | BS: 93500 | FPS: 124.6394 | T: 0:30:51
| train          | F: 188000 | S: 94000 | E: 188 | L: 1000 | R: 29.1005 | BS: 94000 | FPS: 127.5493 | T: 0:30:59
| train          | F: 189000 | S: 94500 | E: 189 | L: 1000 | R: 491.0354 | BS: 94500 | FPS: 124.0913 | T: 0:31:07
| train          | F: 190000 | S: 95000 | E: 190 | L: 1000 | R: 20.1245 | BS: 95000 | FPS: 117.8993 | T: 0:31:16
| eval           | F: 190000 | S: 95000 | E: 190 | L: 1000 | R: 95.1039 | T: 0:31:16
| train          | F: 191000 | S: 95500 | E: 191 | L: 1000 | R: 20.0991 | BS: 95500 | FPS: 33.8575 | T: 0:31:45
| train          | F: 192000 | S: 96000 | E: 192 | L: 1000 | R: 141.1577 | BS: 96000 | FPS: 123.3894 | T: 0:31:54
| train          | F: 193000 | S: 96500 | E: 193 | L: 1000 | R: 65.4906 | BS: 96500 | FPS: 127.5181 | T: 0:32:01
| train          | F: 194000 | S: 97000 | E: 194 | L: 1000 | R: 295.3887 | BS: 97000 | FPS: 128.0980 | T: 0:32:09
| train          | F: 195000 | S: 97500 | E: 195 | L: 1000 | R: 58.1910 | BS: 97500 | FPS: 129.1537 | T: 0:32:17
| train          | F: 196000 | S: 98000 | E: 196 | L: 1000 | R: 14.6625 | BS: 98000 | FPS: 127.4637 | T: 0:32:25
| train          | F: 197000 | S: 98500 | E: 197 | L: 1000 | R: 13.8492 | BS: 98500 | FPS: 128.8936 | T: 0:32:32
| train          | F: 198000 | S: 99000 | E: 198 | L: 1000 | R: 51.0321 | BS: 99000 | FPS: 119.1576 | T: 0:32:41
| train          | F: 199000 | S: 99500 | E: 199 | L: 1000 | R: 21.5721 | BS: 99500 | FPS: 121.9313 | T: 0:32:49
| train          | F: 200000 | S: 100000 | E: 200 | L: 1000 | R: 47.2765 | BS: 100000 | FPS: 115.7043 | T: 0:32:58
| eval           | F: 200000 | S: 100000 | E: 200 | L: 1000 | R: 204.2833 | T: 0:32:58
| train          | F: 201000 | S: 100500 | E: 201 | L: 1000 | R: 35.2888 | BS: 100500 | FPS: 35.9505 | T: 0:33:26
| train          | F: 202000 | S: 101000 | E: 202 | L: 1000 | R: 341.2085 | BS: 101000 | FPS: 122.3566 | T: 0:33:34
| train          | F: 203000 | S: 101500 | E: 203 | L: 1000 | R: 24.6718 | BS: 101500 | FPS: 118.4916 | T: 0:33:42
| train          | F: 204000 | S: 102000 | E: 204 | L: 1000 | R: 45.1881 | BS: 102000 | FPS: 122.3612 | T: 0:33:50
| train          | F: 205000 | S: 102500 | E: 205 | L: 1000 | R: 330.7937 | BS: 102500 | FPS: 129.6848 | T: 0:33:58
| train          | F: 206000 | S: 103000 | E: 206 | L: 1000 | R: 51.7309 | BS: 103000 | FPS: 126.4184 | T: 0:34:06
| train          | F: 207000 | S: 103500 | E: 207 | L: 1000 | R: 82.8542 | BS: 103500 | FPS: 121.1831 | T: 0:34:14
| train          | F: 208000 | S: 104000 | E: 208 | L: 1000 | R: 298.7554 | BS: 104000 | FPS: 118.1475 | T: 0:34:23
| train          | F: 209000 | S: 104500 | E: 209 | L: 1000 | R: 490.4196 | BS: 104500 | FPS: 121.7482 | T: 0:34:31
| train          | F: 210000 | S: 105000 | E: 210 | L: 1000 | R: 52.6308 | BS: 105000 | FPS: 120.7587 | T: 0:34:39
| eval           | F: 210000 | S: 105000 | E: 210 | L: 1000 | R: 148.0264 | T: 0:34:39
| train          | F: 211000 | S: 105500 | E: 211 | L: 1000 | R: 304.3917 | BS: 105500 | FPS: 37.7155 | T: 0:35:06
| train          | F: 212000 | S: 106000 | E: 212 | L: 1000 | R: 31.3961 | BS: 106000 | FPS: 126.4423 | T: 0:35:14
| train          | F: 213000 | S: 106500 | E: 213 | L: 1000 | R: 83.2192 | BS: 106500 | FPS: 116.7751 | T: 0:35:22
| train          | F: 214000 | S: 107000 | E: 214 | L: 1000 | R: 80.9879 | BS: 107000 | FPS: 125.4955 | T: 0:35:30
| train          | F: 215000 | S: 107500 | E: 215 | L: 1000 | R: 302.8048 | BS: 107500 | FPS: 131.0278 | T: 0:35:38
| train          | F: 216000 | S: 108000 | E: 216 | L: 1000 | R: 330.7736 | BS: 108000 | FPS: 133.3373 | T: 0:35:45
| train          | F: 217000 | S: 108500 | E: 217 | L: 1000 | R: 50.8375 | BS: 108500 | FPS: 119.7303 | T: 0:35:54
| train          | F: 218000 | S: 109000 | E: 218 | L: 1000 | R: 26.5879 | BS: 109000 | FPS: 114.9394 | T: 0:36:02
| train          | F: 219000 | S: 109500 | E: 219 | L: 1000 | R: 248.6256 | BS: 109500 | FPS: 120.8064 | T: 0:36:11
| train          | F: 220000 | S: 110000 | E: 220 | L: 1000 | R: 109.9650 | BS: 110000 | FPS: 119.6044 | T: 0:36:19
| eval           | F: 220000 | S: 110000 | E: 220 | L: 1000 | R: 120.8375 | T: 0:36:19
| train          | F: 221000 | S: 110500 | E: 221 | L: 1000 | R: 25.2084 | BS: 110500 | FPS: 37.4494 | T: 0:36:46
| train          | F: 222000 | S: 111000 | E: 222 | L: 1000 | R: 71.9432 | BS: 111000 | FPS: 129.7376 | T: 0:36:53
| train          | F: 223000 | S: 111500 | E: 223 | L: 1000 | R: 44.6207 | BS: 111500 | FPS: 125.4599 | T: 0:37:01
| train          | F: 224000 | S: 112000 | E: 224 | L: 1000 | R: 52.6160 | BS: 112000 | FPS: 119.1427 | T: 0:37:10
| train          | F: 225000 | S: 112500 | E: 225 | L: 1000 | R: 49.2639 | BS: 112500 | FPS: 118.6512 | T: 0:37:18
| train          | F: 226000 | S: 113000 | E: 226 | L: 1000 | R: 97.5713 | BS: 113000 | FPS: 126.4171 | T: 0:37:26
| train          | F: 227000 | S: 113500 | E: 227 | L: 1000 | R: 42.2273 | BS: 113500 | FPS: 112.5406 | T: 0:37:35
| train          | F: 228000 | S: 114000 | E: 228 | L: 1000 | R: 39.4610 | BS: 114000 | FPS: 122.5154 | T: 0:37:43
| train          | F: 229000 | S: 114500 | E: 229 | L: 1000 | R: 49.8283 | BS: 114500 | FPS: 125.5756 | T: 0:37:51
| train          | F: 230000 | S: 115000 | E: 230 | L: 1000 | R: 335.1715 | BS: 115000 | FPS: 123.1108 | T: 0:37:59
| eval           | F: 230000 | S: 115000 | E: 230 | L: 1000 | R: 185.4048 | T: 0:37:59
| train          | F: 231000 | S: 115500 | E: 231 | L: 1000 | R: 51.4994 | BS: 115500 | FPS: 34.0717 | T: 0:38:29
| train          | F: 232000 | S: 116000 | E: 232 | L: 1000 | R: 26.9218 | BS: 116000 | FPS: 130.1318 | T: 0:38:36
| train          | F: 233000 | S: 116500 | E: 233 | L: 1000 | R: 50.8823 | BS: 116500 | FPS: 118.7458 | T: 0:38:45
| train          | F: 234000 | S: 117000 | E: 234 | L: 1000 | R: 506.9248 | BS: 117000 | FPS: 129.6489 | T: 0:38:52
| train          | F: 235000 | S: 117500 | E: 235 | L: 1000 | R: 299.8545 | BS: 117500 | FPS: 126.4844 | T: 0:39:00
| train          | F: 236000 | S: 118000 | E: 236 | L: 1000 | R: 222.6979 | BS: 118000 | FPS: 125.0289 | T: 0:39:08
| train          | F: 237000 | S: 118500 | E: 237 | L: 1000 | R: 119.4839 | BS: 118500 | FPS: 124.0045 | T: 0:39:16
| train          | F: 238000 | S: 119000 | E: 238 | L: 1000 | R: 26.0228 | BS: 119000 | FPS: 116.9109 | T: 0:39:25
| train          | F: 239000 | S: 119500 | E: 239 | L: 1000 | R: 251.3986 | BS: 119500 | FPS: 127.0632 | T: 0:39:33
| train          | F: 240000 | S: 120000 | E: 240 | L: 1000 | R: 254.1275 | BS: 120000 | FPS: 130.3359 | T: 0:39:40
| eval           | F: 240000 | S: 120000 | E: 240 | L: 1000 | R: 157.3772 | T: 0:39:40
| train          | F: 241000 | S: 120500 | E: 241 | L: 1000 | R: 268.5833 | BS: 120500 | FPS: 36.7948 | T: 0:40:08
| train          | F: 242000 | S: 121000 | E: 242 | L: 1000 | R: 494.7227 | BS: 121000 | FPS: 128.4855 | T: 0:40:15
| train          | F: 243000 | S: 121500 | E: 243 | L: 1000 | R: 35.2392 | BS: 121500 | FPS: 126.2906 | T: 0:40:23
| train          | F: 244000 | S: 122000 | E: 244 | L: 1000 | R: 46.9032 | BS: 122000 | FPS: 121.4990 | T: 0:40:32
| train          | F: 245000 | S: 122500 | E: 245 | L: 1000 | R: 152.2394 | BS: 122500 | FPS: 116.6423 | T: 0:40:40
| train          | F: 246000 | S: 123000 | E: 246 | L: 1000 | R: 258.0076 | BS: 123000 | FPS: 124.3728 | T: 0:40:48
| train          | F: 247000 | S: 123500 | E: 247 | L: 1000 | R: 96.0357 | BS: 123500 | FPS: 124.5345 | T: 0:40:56
| train          | F: 248000 | S: 124000 | E: 248 | L: 1000 | R: 104.7255 | BS: 124000 | FPS: 125.1209 | T: 0:41:04
| train          | F: 249000 | S: 124500 | E: 249 | L: 1000 | R: 247.1512 | BS: 124500 | FPS: 130.3325 | T: 0:41:12
