Gym has been unmaintained since 2022 and does not support NumPy 2.0 amongst other critical functionality.
Please upgrade to Gymnasium, the maintained drop-in replacement of Gym, or contact the authors of your software and request that they upgrade.
Users of this version of Gym should be able to simply replace 'import gym' with 'import gymnasium as gym' in the vast majority of cases.
See the migration guide at https://gymnasium.farama.org/introduction/migration_guide/ for additional information.
/workspace/learn-si2e/SI2E/SI2E_A2C/rl-starter-files/rl-starter-files/scripts/train.py --env MiniGrid-RedBlueDoors-6x6-v0 --model cm-infomap-si2e-RedBlueDoors-6x6-s3 --frames 3000000 --use_batch --save-interval 0 --log-interval 500 --seed 3 --algo a2c --use_entropy_reward --use_value_condition --beta 0.005 --fast_se --cluster_method infomap

Namespace(algo='a2c', env='MiniGrid-RedBlueDoors-6x6-v0', model='cm-infomap-si2e-RedBlueDoors-6x6-s3', seed=3, log_interval=500, save_interval=0, procs=16, frames=3000000, epochs=4, batch_size=256, frames_per_proc=None, discount=0.99, lr=0.001, gae_lambda=0.95, entropy_coef=0.01, value_loss_coef=0.5, max_grad_norm=0.5, optim_eps=1e-08, optim_alpha=0.99, clip_eps=0.2, recurrence=1, text=False, use_entropy_reward=True, use_value_condition=True, beta=0.005, beta_adaptive=False, fast_se=True, cluster_method='infomap', use_batch=True, ablation=None, mem=False)

Device: cuda:0

Environments loaded

Training status loaded

Observations preprocessor loaded
Model loaded

ACModel(
  (image_conv): Sequential(
    (0): Conv2d(3, 16, kernel_size=(2, 2), stride=(1, 1))
    (1): ReLU()
    (2): MaxPool2d(kernel_size=(2, 2), stride=(2, 2), padding=0, dilation=1, ceil_mode=False)
    (3): Conv2d(16, 32, kernel_size=(2, 2), stride=(1, 1))
    (4): ReLU()
    (5): Conv2d(32, 64, kernel_size=(2, 2), stride=(1, 1))
    (6): ReLU()
  )
  (actor): Sequential(
    (0): Linear(in_features=64, out_features=64, bias=True)
    (1): Tanh()
    (2): Linear(in_features=64, out_features=7, bias=True)
  )
  (critic): Sequential(
    (0): Linear(in_features=64, out_features=64, bias=True)
    (1): Tanh()
    (2): Linear(in_features=64, out_features=1, bias=True)
  )
  (extr_critic): Sequential(
    (0): Linear(in_features=64, out_features=64, bias=True)
    (1): Tanh()
    (2): Linear(in_features=64, out_features=1, bias=True)
  )
)

Optimizer loaded

U 500 | F 064000 | FPS 1589 | D 39 | rR:μσmM 0.22 0.39 0.00 0.96 | F:μσmM 47.6 53.2 4.0 181.0 | H 1.681 | V -0.092 | pL -0.029 | vL 0.002 | ∇ 0.046
U 1000 | F 128000 | FPS 1549 | D 78 | rR:μσmM 0.17 0.36 0.00 0.97 | F:μσmM 70.7 171.4 4.0 720.0 | H 1.480 | V 0.127 | pL -0.020 | vL 0.023 | ∇ 0.077
U 1500 | F 192000 | FPS 1753 | D 117 | rR:μσmM 0.33 0.44 0.00 0.98 | F:μσmM 43.3 96.9 3.0 415.0 | H 1.470 | V 0.197 | pL 0.012 | vL 0.024 | ∇ 0.140
U 2000 | F 256000 | FPS 1524 | D 156 | rR:μσmM 0.17 0.36 0.00 0.95 | F:μσmM 24.2 19.2 2.0 68.0 | H 1.623 | V 0.095 | pL -0.017 | vL 0.002 | ∇ 0.045
U 2500 | F 320000 | FPS 1485 | D 195 | rR:μσmM 0.54 0.45 0.00 0.99 | F:μσmM 73.6 128.0 2.0 441.0 | H 1.332 | V 0.247 | pL 0.022 | vL 0.042 | ∇ 0.176
U 3000 | F 384000 | FPS 1642 | D 234 | rR:μσmM 0.41 0.47 0.00 0.98 | F:μσmM 28.1 22.6 1.0 92.0 | H 1.096 | V 0.323 | pL -0.028 | vL 0.034 | ∇ 0.118
U 3500 | F 448000 | FPS 1324 | D 274 | rR:μσmM 0.53 0.47 0.00 0.99 | F:μσmM 32.4 30.1 4.0 127.0 | H 0.880 | V 0.320 | pL 0.004 | vL 0.060 | ∇ 0.196
U 4000 | F 512000 | FPS 1404 | D 314 | rR:μσmM 0.06 0.24 0.00 0.97 | F:μσmM 10.9 7.2 1.0 26.0 | H 1.198 | V 0.288 | pL -0.026 | vL 0.029 | ∇ 0.132
U 4500 | F 576000 | FPS 1407 | D 356 | rR:μσmM 0.61 0.47 0.00 0.99 | F:μσmM 18.3 6.7 8.0 29.0 | H 1.046 | V 0.382 | pL 0.014 | vL 0.043 | ∇ 0.147
