/workspace/learn-si2e/SI2E/SI2E_DrQv2/train.py:210: UserWarning: 
The version_base parameter is not specified.
Please specify a compatability version level, or None.
Will assume defaults for version 1.1
  @hydra.main(config_path='cfgs', config_name='config')
/usr/local/lib/python3.10/dist-packages/hydra/_internal/hydra.py:119: UserWarning: Future Hydra versions will no longer change working directory at job runtime by default.
See https://hydra.cc/docs/1.2/upgrades/1.1_to_1.2/changes_to_job_working_dir/ for more information.
  ret = run_job(
/workspace/learn-si2e/SI2E/SI2E_DrQv2/train.py:210: UserWarning: 
The version_base parameter is not specified.
Please specify a compatability version level, or None.
Will assume defaults for version 1.1
  @hydra.main(config_path='cfgs', config_name='config')
workspace: /workspace/learn-si2e/results/drqv2-official/cartpole_swingup_baseline_seed1
| eval           | F: 0 | S: 0 | E: 0 | L: 1000 | R: 9.3777 | T: 0:00:00
| train          | F: 5000 | S: 2500 | E: 5 | L: 1000 | R: 70.4036 | BS: 2500 | FPS: 37.9574 | T: 0:00:26
| train          | F: 6000 | S: 3000 | E: 6 | L: 1000 | R: 64.4390 | BS: 3000 | FPS: 162.8000 | T: 0:00:32
| train          | F: 7000 | S: 3500 | E: 7 | L: 1000 | R: 138.9813 | BS: 3500 | FPS: 166.6379 | T: 0:00:38
| train          | F: 8000 | S: 4000 | E: 8 | L: 1000 | R: 142.3003 | BS: 4000 | FPS: 162.6121 | T: 0:00:44
| train          | F: 9000 | S: 4500 | E: 9 | L: 1000 | R: 142.3699 | BS: 4500 | FPS: 161.2781 | T: 0:00:50
| train          | F: 10000 | S: 5000 | E: 10 | L: 1000 | R: 287.5559 | BS: 5000 | FPS: 163.1439 | T: 0:00:56
| eval           | F: 10000 | S: 5000 | E: 10 | L: 1000 | R: 136.0893 | T: 0:00:56
| train          | F: 11000 | S: 5500 | E: 11 | L: 1000 | R: 145.6593 | BS: 5500 | FPS: 47.8415 | T: 0:01:17
| train          | F: 12000 | S: 6000 | E: 12 | L: 1000 | R: 207.3056 | BS: 6000 | FPS: 153.7245 | T: 0:01:24
| train          | F: 13000 | S: 6500 | E: 13 | L: 1000 | R: 154.3683 | BS: 6500 | FPS: 153.1385 | T: 0:01:30
| train          | F: 14000 | S: 7000 | E: 14 | L: 1000 | R: 177.9581 | BS: 7000 | FPS: 151.6509 | T: 0:01:37
| train          | F: 15000 | S: 7500 | E: 15 | L: 1000 | R: 135.1336 | BS: 7500 | FPS: 152.7656 | T: 0:01:44
| train          | F: 16000 | S: 8000 | E: 16 | L: 1000 | R: 130.6691 | BS: 8000 | FPS: 148.8101 | T: 0:01:50
| train          | F: 17000 | S: 8500 | E: 17 | L: 1000 | R: 135.9043 | BS: 8500 | FPS: 152.2287 | T: 0:01:57
| train          | F: 18000 | S: 9000 | E: 18 | L: 1000 | R: 134.3063 | BS: 9000 | FPS: 152.9762 | T: 0:02:03
| train          | F: 19000 | S: 9500 | E: 19 | L: 1000 | R: 132.1578 | BS: 9500 | FPS: 153.3227 | T: 0:02:10
| train          | F: 20000 | S: 10000 | E: 20 | L: 1000 | R: 130.6745 | BS: 10000 | FPS: 156.9532 | T: 0:02:16
| eval           | F: 20000 | S: 10000 | E: 20 | L: 1000 | R: 126.7028 | T: 0:02:16
| train          | F: 21000 | S: 10500 | E: 21 | L: 1000 | R: 132.3718 | BS: 10500 | FPS: 41.2912 | T: 0:02:40
| train          | F: 22000 | S: 11000 | E: 22 | L: 1000 | R: 132.2841 | BS: 11000 | FPS: 147.3381 | T: 0:02:47
| train          | F: 23000 | S: 11500 | E: 23 | L: 1000 | R: 134.5281 | BS: 11500 | FPS: 153.6431 | T: 0:02:54
| train          | F: 24000 | S: 12000 | E: 24 | L: 1000 | R: 134.3687 | BS: 12000 | FPS: 147.5154 | T: 0:03:01
| train          | F: 25000 | S: 12500 | E: 25 | L: 1000 | R: 138.9272 | BS: 12500 | FPS: 144.0248 | T: 0:03:08
| train          | F: 26000 | S: 13000 | E: 26 | L: 1000 | R: 198.3181 | BS: 13000 | FPS: 143.1420 | T: 0:03:14
| train          | F: 27000 | S: 13500 | E: 27 | L: 1000 | R: 172.8933 | BS: 13500 | FPS: 142.4495 | T: 0:03:22
| train          | F: 28000 | S: 14000 | E: 28 | L: 1000 | R: 172.6665 | BS: 14000 | FPS: 143.5372 | T: 0:03:28
| train          | F: 29000 | S: 14500 | E: 29 | L: 1000 | R: 212.4064 | BS: 14500 | FPS: 148.6666 | T: 0:03:35
| train          | F: 30000 | S: 15000 | E: 30 | L: 1000 | R: 170.8490 | BS: 15000 | FPS: 149.0645 | T: 0:03:42
| eval           | F: 30000 | S: 15000 | E: 30 | L: 1000 | R: 169.4621 | T: 0:03:42
| train          | F: 31000 | S: 15500 | E: 31 | L: 1000 | R: 161.0967 | BS: 15500 | FPS: 44.1117 | T: 0:04:05
| train          | F: 32000 | S: 16000 | E: 32 | L: 1000 | R: 167.9492 | BS: 16000 | FPS: 142.5985 | T: 0:04:12
| train          | F: 33000 | S: 16500 | E: 33 | L: 1000 | R: 169.9943 | BS: 16500 | FPS: 145.4152 | T: 0:04:18
| train          | F: 34000 | S: 17000 | E: 34 | L: 1000 | R: 237.7938 | BS: 17000 | FPS: 143.2465 | T: 0:04:25
| train          | F: 35000 | S: 17500 | E: 35 | L: 1000 | R: 200.0261 | BS: 17500 | FPS: 144.0688 | T: 0:04:32
| train          | F: 36000 | S: 18000 | E: 36 | L: 1000 | R: 193.2115 | BS: 18000 | FPS: 143.7117 | T: 0:04:39
| train          | F: 37000 | S: 18500 | E: 37 | L: 1000 | R: 185.0085 | BS: 18500 | FPS: 139.9911 | T: 0:04:46
| train          | F: 38000 | S: 19000 | E: 38 | L: 1000 | R: 166.4568 | BS: 19000 | FPS: 143.5073 | T: 0:04:53
| train          | F: 39000 | S: 19500 | E: 39 | L: 1000 | R: 180.8128 | BS: 19500 | FPS: 138.0302 | T: 0:05:01
| train          | F: 40000 | S: 20000 | E: 40 | L: 1000 | R: 153.3105 | BS: 20000 | FPS: 136.4522 | T: 0:05:08
| eval           | F: 40000 | S: 20000 | E: 40 | L: 1000 | R: 168.5613 | T: 0:05:08
| train          | F: 41000 | S: 20500 | E: 41 | L: 1000 | R: 166.4924 | BS: 20500 | FPS: 42.6016 | T: 0:05:32
| train          | F: 42000 | S: 21000 | E: 42 | L: 1000 | R: 170.1583 | BS: 21000 | FPS: 139.5662 | T: 0:05:39
| train          | F: 43000 | S: 21500 | E: 43 | L: 1000 | R: 169.0707 | BS: 21500 | FPS: 137.5152 | T: 0:05:46
| train          | F: 44000 | S: 22000 | E: 44 | L: 1000 | R: 174.0323 | BS: 22000 | FPS: 138.4962 | T: 0:05:53
| train          | F: 45000 | S: 22500 | E: 45 | L: 1000 | R: 187.8986 | BS: 22500 | FPS: 142.4590 | T: 0:06:00
| train          | F: 46000 | S: 23000 | E: 46 | L: 1000 | R: 168.0420 | BS: 23000 | FPS: 144.1106 | T: 0:06:07
| train          | F: 47000 | S: 23500 | E: 47 | L: 1000 | R: 176.2901 | BS: 23500 | FPS: 141.6482 | T: 0:06:14
| train          | F: 48000 | S: 24000 | E: 48 | L: 1000 | R: 195.9077 | BS: 24000 | FPS: 143.0252 | T: 0:06:21
| train          | F: 49000 | S: 24500 | E: 49 | L: 1000 | R: 179.9602 | BS: 24500 | FPS: 143.7338 | T: 0:06:28
| train          | F: 50000 | S: 25000 | E: 50 | L: 1000 | R: 182.8896 | BS: 25000 | FPS: 145.9282 | T: 0:06:35
| eval           | F: 50000 | S: 25000 | E: 50 | L: 1000 | R: 174.0368 | T: 0:06:35
| train          | F: 51000 | S: 25500 | E: 51 | L: 1000 | R: 202.4318 | BS: 25500 | FPS: 40.4135 | T: 0:07:00
| train          | F: 52000 | S: 26000 | E: 52 | L: 1000 | R: 165.5019 | BS: 26000 | FPS: 146.6835 | T: 0:07:07
| train          | F: 53000 | S: 26500 | E: 53 | L: 1000 | R: 196.6417 | BS: 26500 | FPS: 143.1099 | T: 0:07:14
| train          | F: 54000 | S: 27000 | E: 54 | L: 1000 | R: 164.9997 | BS: 27000 | FPS: 148.0513 | T: 0:07:20
| train          | F: 55000 | S: 27500 | E: 55 | L: 1000 | R: 167.0402 | BS: 27500 | FPS: 140.3293 | T: 0:07:27
| train          | F: 56000 | S: 28000 | E: 56 | L: 1000 | R: 205.7348 | BS: 28000 | FPS: 142.8956 | T: 0:07:34
| train          | F: 57000 | S: 28500 | E: 57 | L: 1000 | R: 163.9497 | BS: 28500 | FPS: 141.8493 | T: 0:07:41
| train          | F: 58000 | S: 29000 | E: 58 | L: 1000 | R: 172.9189 | BS: 29000 | FPS: 138.4557 | T: 0:07:49
| train          | F: 59000 | S: 29500 | E: 59 | L: 1000 | R: 222.5784 | BS: 29500 | FPS: 138.3520 | T: 0:07:56
| train          | F: 60000 | S: 30000 | E: 60 | L: 1000 | R: 200.7828 | BS: 30000 | FPS: 146.3479 | T: 0:08:03
| eval           | F: 60000 | S: 30000 | E: 60 | L: 1000 | R: 192.5080 | T: 0:08:03
| train          | F: 61000 | S: 30500 | E: 61 | L: 1000 | R: 202.3356 | BS: 30500 | FPS: 43.1112 | T: 0:08:26
| train          | F: 62000 | S: 31000 | E: 62 | L: 1000 | R: 209.7267 | BS: 31000 | FPS: 142.8936 | T: 0:08:33
| train          | F: 63000 | S: 31500 | E: 63 | L: 1000 | R: 183.2165 | BS: 31500 | FPS: 144.6322 | T: 0:08:40
| train          | F: 64000 | S: 32000 | E: 64 | L: 1000 | R: 171.8278 | BS: 32000 | FPS: 137.0577 | T: 0:08:47
| train          | F: 65000 | S: 32500 | E: 65 | L: 1000 | R: 179.8758 | BS: 32500 | FPS: 139.8488 | T: 0:08:54
| train          | F: 66000 | S: 33000 | E: 66 | L: 1000 | R: 168.7820 | BS: 33000 | FPS: 141.5250 | T: 0:09:01
| train          | F: 67000 | S: 33500 | E: 67 | L: 1000 | R: 187.2463 | BS: 33500 | FPS: 139.8539 | T: 0:09:09
| train          | F: 68000 | S: 34000 | E: 68 | L: 1000 | R: 201.3299 | BS: 34000 | FPS: 144.5762 | T: 0:09:15
| train          | F: 69000 | S: 34500 | E: 69 | L: 1000 | R: 214.1493 | BS: 34500 | FPS: 145.9272 | T: 0:09:22
| train          | F: 70000 | S: 35000 | E: 70 | L: 1000 | R: 211.3457 | BS: 35000 | FPS: 136.5860 | T: 0:09:30
| eval           | F: 70000 | S: 35000 | E: 70 | L: 1000 | R: 179.8778 | T: 0:09:30
| train          | F: 71000 | S: 35500 | E: 71 | L: 1000 | R: 178.6079 | BS: 35500 | FPS: 41.1569 | T: 0:09:54
| train          | F: 72000 | S: 36000 | E: 72 | L: 1000 | R: 171.1336 | BS: 36000 | FPS: 136.0366 | T: 0:10:01
| train          | F: 73000 | S: 36500 | E: 73 | L: 1000 | R: 190.4953 | BS: 36500 | FPS: 138.0689 | T: 0:10:08
| train          | F: 74000 | S: 37000 | E: 74 | L: 1000 | R: 181.9493 | BS: 37000 | FPS: 141.3690 | T: 0:10:16
| train          | F: 75000 | S: 37500 | E: 75 | L: 1000 | R: 195.0144 | BS: 37500 | FPS: 141.9536 | T: 0:10:23
| train          | F: 76000 | S: 38000 | E: 76 | L: 1000 | R: 212.7880 | BS: 38000 | FPS: 136.7914 | T: 0:10:30
| train          | F: 77000 | S: 38500 | E: 77 | L: 1000 | R: 190.3415 | BS: 38500 | FPS: 133.8700 | T: 0:10:37
| train          | F: 78000 | S: 39000 | E: 78 | L: 1000 | R: 195.4076 | BS: 39000 | FPS: 134.8582 | T: 0:10:45
| train          | F: 79000 | S: 39500 | E: 79 | L: 1000 | R: 192.1894 | BS: 39500 | FPS: 133.0090 | T: 0:10:52
| train          | F: 80000 | S: 40000 | E: 80 | L: 1000 | R: 188.0561 | BS: 40000 | FPS: 134.0240 | T: 0:11:00
| eval           | F: 80000 | S: 40000 | E: 80 | L: 1000 | R: 174.4008 | T: 0:11:00
| train          | F: 81000 | S: 40500 | E: 81 | L: 1000 | R: 189.5367 | BS: 40500 | FPS: 39.4463 | T: 0:11:25
| train          | F: 82000 | S: 41000 | E: 82 | L: 1000 | R: 176.6851 | BS: 41000 | FPS: 147.3045 | T: 0:11:32
| train          | F: 83000 | S: 41500 | E: 83 | L: 1000 | R: 178.6167 | BS: 41500 | FPS: 142.9574 | T: 0:11:39
| train          | F: 84000 | S: 42000 | E: 84 | L: 1000 | R: 188.9611 | BS: 42000 | FPS: 140.9594 | T: 0:11:46
| train          | F: 85000 | S: 42500 | E: 85 | L: 1000 | R: 230.7832 | BS: 42500 | FPS: 136.7085 | T: 0:11:53
| train          | F: 86000 | S: 43000 | E: 86 | L: 1000 | R: 190.3534 | BS: 43000 | FPS: 141.3329 | T: 0:12:00
| train          | F: 87000 | S: 43500 | E: 87 | L: 1000 | R: 196.7902 | BS: 43500 | FPS: 142.0682 | T: 0:12:07
| train          | F: 88000 | S: 44000 | E: 88 | L: 1000 | R: 210.6501 | BS: 44000 | FPS: 142.7336 | T: 0:12:14
| train          | F: 89000 | S: 44500 | E: 89 | L: 1000 | R: 223.7081 | BS: 44500 | FPS: 142.4721 | T: 0:12:21
| train          | F: 90000 | S: 45000 | E: 90 | L: 1000 | R: 180.7403 | BS: 45000 | FPS: 140.6284 | T: 0:12:29
| eval           | F: 90000 | S: 45000 | E: 90 | L: 1000 | R: 176.5988 | T: 0:12:29
| train          | F: 91000 | S: 45500 | E: 91 | L: 1000 | R: 178.8530 | BS: 45500 | FPS: 42.2329 | T: 0:12:52
| train          | F: 92000 | S: 46000 | E: 92 | L: 1000 | R: 177.9990 | BS: 46000 | FPS: 147.0936 | T: 0:12:59
| train          | F: 93000 | S: 46500 | E: 93 | L: 1000 | R: 179.0164 | BS: 46500 | FPS: 145.6385 | T: 0:13:06
| train          | F: 94000 | S: 47000 | E: 94 | L: 1000 | R: 200.0623 | BS: 47000 | FPS: 146.4782 | T: 0:13:13
| train          | F: 95000 | S: 47500 | E: 95 | L: 1000 | R: 175.1027 | BS: 47500 | FPS: 144.6238 | T: 0:13:20
| train          | F: 96000 | S: 48000 | E: 96 | L: 1000 | R: 217.8125 | BS: 48000 | FPS: 143.9658 | T: 0:13:27
| train          | F: 97000 | S: 48500 | E: 97 | L: 1000 | R: 226.2723 | BS: 48500 | FPS: 140.4341 | T: 0:13:34
| train          | F: 98000 | S: 49000 | E: 98 | L: 1000 | R: 182.0523 | BS: 49000 | FPS: 136.1696 | T: 0:13:41
| train          | F: 99000 | S: 49500 | E: 99 | L: 1000 | R: 190.9112 | BS: 49500 | FPS: 132.3797 | T: 0:13:49
| train          | F: 100000 | S: 50000 | E: 100 | L: 1000 | R: 191.6220 | BS: 50000 | FPS: 141.7835 | T: 0:13:56
| eval           | F: 100000 | S: 50000 | E: 100 | L: 1000 | R: 178.3673 | T: 0:13:56
| train          | F: 101000 | S: 50500 | E: 101 | L: 1000 | R: 186.9436 | BS: 50500 | FPS: 42.8056 | T: 0:14:19
| train          | F: 102000 | S: 51000 | E: 102 | L: 1000 | R: 167.9863 | BS: 51000 | FPS: 137.0896 | T: 0:14:26
| train          | F: 103000 | S: 51500 | E: 103 | L: 1000 | R: 182.7008 | BS: 51500 | FPS: 143.1307 | T: 0:14:33
| train          | F: 104000 | S: 52000 | E: 104 | L: 1000 | R: 179.6553 | BS: 52000 | FPS: 133.4066 | T: 0:14:41
| train          | F: 105000 | S: 52500 | E: 105 | L: 1000 | R: 181.4979 | BS: 52500 | FPS: 146.4774 | T: 0:14:48
| train          | F: 106000 | S: 53000 | E: 106 | L: 1000 | R: 165.8304 | BS: 53000 | FPS: 145.4152 | T: 0:14:55
| train          | F: 107000 | S: 53500 | E: 107 | L: 1000 | R: 159.4112 | BS: 53500 | FPS: 145.4584 | T: 0:15:01
| train          | F: 108000 | S: 54000 | E: 108 | L: 1000 | R: 206.5630 | BS: 54000 | FPS: 142.6700 | T: 0:15:08
| train          | F: 109000 | S: 54500 | E: 109 | L: 1000 | R: 168.6323 | BS: 54500 | FPS: 143.3585 | T: 0:15:15
| train          | F: 110000 | S: 55000 | E: 110 | L: 1000 | R: 210.7622 | BS: 55000 | FPS: 145.0301 | T: 0:15:22
| eval           | F: 110000 | S: 55000 | E: 110 | L: 1000 | R: 180.2637 | T: 0:15:22
| train          | F: 111000 | S: 55500 | E: 111 | L: 1000 | R: 166.5028 | BS: 55500 | FPS: 39.3099 | T: 0:15:48
| train          | F: 112000 | S: 56000 | E: 112 | L: 1000 | R: 161.8247 | BS: 56000 | FPS: 145.4630 | T: 0:15:55
| train          | F: 113000 | S: 56500 | E: 113 | L: 1000 | R: 202.4313 | BS: 56500 | FPS: 145.3808 | T: 0:16:01
| train          | F: 114000 | S: 57000 | E: 114 | L: 1000 | R: 196.7585 | BS: 57000 | FPS: 144.9498 | T: 0:16:08
| train          | F: 115000 | S: 57500 | E: 115 | L: 1000 | R: 190.9866 | BS: 57500 | FPS: 142.7817 | T: 0:16:15
| train          | F: 116000 | S: 58000 | E: 116 | L: 1000 | R: 169.7292 | BS: 58000 | FPS: 141.1814 | T: 0:16:22
| train          | F: 117000 | S: 58500 | E: 117 | L: 1000 | R: 201.7328 | BS: 58500 | FPS: 137.7545 | T: 0:16:30
| train          | F: 118000 | S: 59000 | E: 118 | L: 1000 | R: 213.4479 | BS: 59000 | FPS: 132.9895 | T: 0:16:37
| train          | F: 119000 | S: 59500 | E: 119 | L: 1000 | R: 185.9511 | BS: 59500 | FPS: 142.7720 | T: 0:16:44
| train          | F: 120000 | S: 60000 | E: 120 | L: 1000 | R: 234.9183 | BS: 60000 | FPS: 143.4128 | T: 0:16:51
| eval           | F: 120000 | S: 60000 | E: 120 | L: 1000 | R: 180.1948 | T: 0:16:51
| train          | F: 121000 | S: 60500 | E: 121 | L: 1000 | R: 214.5129 | BS: 60500 | FPS: 38.8908 | T: 0:17:17
| train          | F: 122000 | S: 61000 | E: 122 | L: 1000 | R: 226.0880 | BS: 61000 | FPS: 135.7205 | T: 0:17:24
| train          | F: 123000 | S: 61500 | E: 123 | L: 1000 | R: 203.6442 | BS: 61500 | FPS: 137.5911 | T: 0:17:32
| train          | F: 124000 | S: 62000 | E: 124 | L: 1000 | R: 210.5524 | BS: 62000 | FPS: 143.4288 | T: 0:17:39
| train          | F: 125000 | S: 62500 | E: 125 | L: 1000 | R: 184.4896 | BS: 62500 | FPS: 145.5792 | T: 0:17:45
| train          | F: 126000 | S: 63000 | E: 126 | L: 1000 | R: 208.1831 | BS: 63000 | FPS: 142.4862 | T: 0:17:52
| train          | F: 127000 | S: 63500 | E: 127 | L: 1000 | R: 201.8411 | BS: 63500 | FPS: 134.8040 | T: 0:18:00
| train          | F: 128000 | S: 64000 | E: 128 | L: 1000 | R: 214.0486 | BS: 64000 | FPS: 141.2210 | T: 0:18:07
| train          | F: 129000 | S: 64500 | E: 129 | L: 1000 | R: 215.7343 | BS: 64500 | FPS: 138.9985 | T: 0:18:14
| train          | F: 130000 | S: 65000 | E: 130 | L: 1000 | R: 226.2469 | BS: 65000 | FPS: 141.3743 | T: 0:18:21
| eval           | F: 130000 | S: 65000 | E: 130 | L: 1000 | R: 184.0639 | T: 0:18:21
| train          | F: 131000 | S: 65500 | E: 131 | L: 1000 | R: 170.0549 | BS: 65500 | FPS: 43.3259 | T: 0:18:44
| train          | F: 132000 | S: 66000 | E: 132 | L: 1000 | R: 202.9317 | BS: 66000 | FPS: 146.3080 | T: 0:18:51
| train          | F: 133000 | S: 66500 | E: 133 | L: 1000 | R: 173.4183 | BS: 66500 | FPS: 145.9757 | T: 0:18:58
| train          | F: 134000 | S: 67000 | E: 134 | L: 1000 | R: 196.4931 | BS: 67000 | FPS: 144.1885 | T: 0:19:05
| train          | F: 135000 | S: 67500 | E: 135 | L: 1000 | R: 203.0325 | BS: 67500 | FPS: 142.3967 | T: 0:19:12
| train          | F: 136000 | S: 68000 | E: 136 | L: 1000 | R: 173.4309 | BS: 68000 | FPS: 143.4712 | T: 0:19:19
| train          | F: 137000 | S: 68500 | E: 137 | L: 1000 | R: 169.8666 | BS: 68500 | FPS: 143.3116 | T: 0:19:26
| train          | F: 138000 | S: 69000 | E: 138 | L: 1000 | R: 183.8185 | BS: 69000 | FPS: 143.1038 | T: 0:19:33
| train          | F: 139000 | S: 69500 | E: 139 | L: 1000 | R: 211.8818 | BS: 69500 | FPS: 143.1603 | T: 0:19:40
| train          | F: 140000 | S: 70000 | E: 140 | L: 1000 | R: 179.9087 | BS: 70000 | FPS: 140.2701 | T: 0:19:47
| eval           | F: 140000 | S: 70000 | E: 140 | L: 1000 | R: 190.2756 | T: 0:19:47
| train          | F: 141000 | S: 70500 | E: 141 | L: 1000 | R: 229.7565 | BS: 70500 | FPS: 37.9504 | T: 0:20:13
| train          | F: 142000 | S: 71000 | E: 142 | L: 1000 | R: 174.5272 | BS: 71000 | FPS: 145.4927 | T: 0:20:20
| train          | F: 143000 | S: 71500 | E: 143 | L: 1000 | R: 190.5378 | BS: 71500 | FPS: 142.7083 | T: 0:20:27
| train          | F: 144000 | S: 72000 | E: 144 | L: 1000 | R: 182.8350 | BS: 72000 | FPS: 144.9428 | T: 0:20:34
| train          | F: 145000 | S: 72500 | E: 145 | L: 1000 | R: 231.7611 | BS: 72500 | FPS: 144.7421 | T: 0:20:41
| train          | F: 146000 | S: 73000 | E: 146 | L: 1000 | R: 229.0971 | BS: 73000 | FPS: 140.5826 | T: 0:20:48
| train          | F: 147000 | S: 73500 | E: 147 | L: 1000 | R: 209.7663 | BS: 73500 | FPS: 134.1938 | T: 0:20:56
| train          | F: 148000 | S: 74000 | E: 148 | L: 1000 | R: 222.8379 | BS: 74000 | FPS: 138.4680 | T: 0:21:03
| train          | F: 149000 | S: 74500 | E: 149 | L: 1000 | R: 227.2281 | BS: 74500 | FPS: 138.8464 | T: 0:21:10
| train          | F: 150000 | S: 75000 | E: 150 | L: 1000 | R: 244.2296 | BS: 75000 | FPS: 129.4456 | T: 0:21:18
| eval           | F: 150000 | S: 75000 | E: 150 | L: 1000 | R: 230.6198 | T: 0:21:18
| train          | F: 151000 | S: 75500 | E: 151 | L: 1000 | R: 200.6093 | BS: 75500 | FPS: 37.6191 | T: 0:21:44
| train          | F: 152000 | S: 76000 | E: 152 | L: 1000 | R: 207.8515 | BS: 76000 | FPS: 137.4673 | T: 0:21:52
| train          | F: 153000 | S: 76500 | E: 153 | L: 1000 | R: 220.2522 | BS: 76500 | FPS: 142.7345 | T: 0:21:59
| train          | F: 154000 | S: 77000 | E: 154 | L: 1000 | R: 213.6777 | BS: 77000 | FPS: 143.5619 | T: 0:22:06
| train          | F: 155000 | S: 77500 | E: 155 | L: 1000 | R: 189.0966 | BS: 77500 | FPS: 137.5870 | T: 0:22:13
| train          | F: 156000 | S: 78000 | E: 156 | L: 1000 | R: 249.5115 | BS: 78000 | FPS: 133.5407 | T: 0:22:20
| train          | F: 157000 | S: 78500 | E: 157 | L: 1000 | R: 230.1605 | BS: 78500 | FPS: 132.8032 | T: 0:22:28
| train          | F: 158000 | S: 79000 | E: 158 | L: 1000 | R: 241.5670 | BS: 79000 | FPS: 132.3197 | T: 0:22:35
| train          | F: 159000 | S: 79500 | E: 159 | L: 1000 | R: 199.4903 | BS: 79500 | FPS: 133.7926 | T: 0:22:43
| train          | F: 160000 | S: 80000 | E: 160 | L: 1000 | R: 198.6576 | BS: 80000 | FPS: 134.9334 | T: 0:22:50
| eval           | F: 160000 | S: 80000 | E: 160 | L: 1000 | R: 239.4884 | T: 0:22:50
| train          | F: 161000 | S: 80500 | E: 161 | L: 1000 | R: 223.3155 | BS: 80500 | FPS: 42.2630 | T: 0:23:14
| train          | F: 162000 | S: 81000 | E: 162 | L: 1000 | R: 233.6118 | BS: 81000 | FPS: 146.7861 | T: 0:23:21
| train          | F: 163000 | S: 81500 | E: 163 | L: 1000 | R: 273.3371 | BS: 81500 | FPS: 145.7731 | T: 0:23:28
| train          | F: 164000 | S: 82000 | E: 164 | L: 1000 | R: 227.2551 | BS: 82000 | FPS: 145.0064 | T: 0:23:35
| train          | F: 165000 | S: 82500 | E: 165 | L: 1000 | R: 211.4721 | BS: 82500 | FPS: 145.5036 | T: 0:23:41
| train          | F: 166000 | S: 83000 | E: 166 | L: 1000 | R: 252.2874 | BS: 83000 | FPS: 143.5910 | T: 0:23:48
| train          | F: 167000 | S: 83500 | E: 167 | L: 1000 | R: 259.0790 | BS: 83500 | FPS: 144.1028 | T: 0:23:55
| train          | F: 168000 | S: 84000 | E: 168 | L: 1000 | R: 372.4623 | BS: 84000 | FPS: 143.5052 | T: 0:24:02
| train          | F: 169000 | S: 84500 | E: 169 | L: 1000 | R: 296.2805 | BS: 84500 | FPS: 142.0935 | T: 0:24:09
| train          | F: 170000 | S: 85000 | E: 170 | L: 1000 | R: 375.0022 | BS: 85000 | FPS: 142.3648 | T: 0:24:16
| eval           | F: 170000 | S: 85000 | E: 170 | L: 1000 | R: 314.2790 | T: 0:24:16
| train          | F: 171000 | S: 85500 | E: 171 | L: 1000 | R: 295.2221 | BS: 85500 | FPS: 37.5830 | T: 0:24:43
| train          | F: 172000 | S: 86000 | E: 172 | L: 1000 | R: 205.3791 | BS: 86000 | FPS: 136.6226 | T: 0:24:50
| train          | F: 173000 | S: 86500 | E: 173 | L: 1000 | R: 273.5029 | BS: 86500 | FPS: 136.3114 | T: 0:24:58
| train          | F: 174000 | S: 87000 | E: 174 | L: 1000 | R: 304.6207 | BS: 87000 | FPS: 142.6672 | T: 0:25:05
| train          | F: 175000 | S: 87500 | E: 175 | L: 1000 | R: 236.7862 | BS: 87500 | FPS: 134.2720 | T: 0:25:12
| train          | F: 176000 | S: 88000 | E: 176 | L: 1000 | R: 253.2770 | BS: 88000 | FPS: 133.4961 | T: 0:25:20
| train          | F: 177000 | S: 88500 | E: 177 | L: 1000 | R: 369.6612 | BS: 88500 | FPS: 135.6879 | T: 0:25:27
| train          | F: 178000 | S: 89000 | E: 178 | L: 1000 | R: 261.4521 | BS: 89000 | FPS: 138.0279 | T: 0:25:34
| train          | F: 179000 | S: 89500 | E: 179 | L: 1000 | R: 273.9132 | BS: 89500 | FPS: 138.0858 | T: 0:25:41
| train          | F: 180000 | S: 90000 | E: 180 | L: 1000 | R: 258.3614 | BS: 90000 | FPS: 138.6429 | T: 0:25:49
| eval           | F: 180000 | S: 90000 | E: 180 | L: 1000 | R: 227.7862 | T: 0:25:49
| train          | F: 181000 | S: 90500 | E: 181 | L: 1000 | R: 282.2274 | BS: 90500 | FPS: 42.6682 | T: 0:26:12
| train          | F: 182000 | S: 91000 | E: 182 | L: 1000 | R: 257.1523 | BS: 91000 | FPS: 143.8754 | T: 0:26:19
| train          | F: 183000 | S: 91500 | E: 183 | L: 1000 | R: 315.4073 | BS: 91500 | FPS: 142.0640 | T: 0:26:26
| train          | F: 184000 | S: 92000 | E: 184 | L: 1000 | R: 271.4666 | BS: 92000 | FPS: 141.9966 | T: 0:26:33
| train          | F: 185000 | S: 92500 | E: 185 | L: 1000 | R: 224.3963 | BS: 92500 | FPS: 139.5851 | T: 0:26:40
| train          | F: 186000 | S: 93000 | E: 186 | L: 1000 | R: 225.0282 | BS: 93000 | FPS: 141.1551 | T: 0:26:47
| train          | F: 187000 | S: 93500 | E: 187 | L: 1000 | R: 329.4954 | BS: 93500 | FPS: 134.0554 | T: 0:26:55
| train          | F: 188000 | S: 94000 | E: 188 | L: 1000 | R: 400.2042 | BS: 94000 | FPS: 139.3612 | T: 0:27:02
| train          | F: 189000 | S: 94500 | E: 189 | L: 1000 | R: 267.2823 | BS: 94500 | FPS: 133.2381 | T: 0:27:09
| train          | F: 190000 | S: 95000 | E: 190 | L: 1000 | R: 257.5912 | BS: 95000 | FPS: 136.5042 | T: 0:27:17
| eval           | F: 190000 | S: 95000 | E: 190 | L: 1000 | R: 236.3532 | T: 0:27:17
| train          | F: 191000 | S: 95500 | E: 191 | L: 1000 | R: 276.8603 | BS: 95500 | FPS: 41.7477 | T: 0:27:41
| train          | F: 192000 | S: 96000 | E: 192 | L: 1000 | R: 285.5405 | BS: 96000 | FPS: 143.8644 | T: 0:27:48
| train          | F: 193000 | S: 96500 | E: 193 | L: 1000 | R: 409.0318 | BS: 96500 | FPS: 143.2872 | T: 0:27:55
| train          | F: 194000 | S: 97000 | E: 194 | L: 1000 | R: 208.8337 | BS: 97000 | FPS: 142.7773 | T: 0:28:02
| train          | F: 195000 | S: 97500 | E: 195 | L: 1000 | R: 266.2182 | BS: 97500 | FPS: 144.8431 | T: 0:28:09
| train          | F: 196000 | S: 98000 | E: 196 | L: 1000 | R: 366.3207 | BS: 98000 | FPS: 140.6680 | T: 0:28:16
| train          | F: 197000 | S: 98500 | E: 197 | L: 1000 | R: 200.2614 | BS: 98500 | FPS: 143.2167 | T: 0:28:23
| train          | F: 198000 | S: 99000 | E: 198 | L: 1000 | R: 336.6795 | BS: 99000 | FPS: 143.5394 | T: 0:28:30
| train          | F: 199000 | S: 99500 | E: 199 | L: 1000 | R: 213.9924 | BS: 99500 | FPS: 142.3754 | T: 0:28:37
| train          | F: 200000 | S: 100000 | E: 200 | L: 1000 | R: 282.6888 | BS: 100000 | FPS: 143.2710 | T: 0:28:44
| eval           | F: 200000 | S: 100000 | E: 200 | L: 1000 | R: 291.7270 | T: 0:28:44
| train          | F: 201000 | S: 100500 | E: 201 | L: 1000 | R: 316.7305 | BS: 100500 | FPS: 38.1394 | T: 0:29:10
| train          | F: 202000 | S: 101000 | E: 202 | L: 1000 | R: 302.6429 | BS: 101000 | FPS: 137.3454 | T: 0:29:17
| train          | F: 203000 | S: 101500 | E: 203 | L: 1000 | R: 338.5762 | BS: 101500 | FPS: 133.6739 | T: 0:29:25
| train          | F: 204000 | S: 102000 | E: 204 | L: 1000 | R: 236.3819 | BS: 102000 | FPS: 135.1389 | T: 0:29:32
| train          | F: 205000 | S: 102500 | E: 205 | L: 1000 | R: 250.7840 | BS: 102500 | FPS: 138.8764 | T: 0:29:39
| train          | F: 206000 | S: 103000 | E: 206 | L: 1000 | R: 311.5329 | BS: 103000 | FPS: 137.7001 | T: 0:29:46
| train          | F: 207000 | S: 103500 | E: 207 | L: 1000 | R: 286.8118 | BS: 103500 | FPS: 137.4741 | T: 0:29:54
| train          | F: 208000 | S: 104000 | E: 208 | L: 1000 | R: 279.4790 | BS: 104000 | FPS: 140.1536 | T: 0:30:01
| train          | F: 209000 | S: 104500 | E: 209 | L: 1000 | R: 348.0056 | BS: 104500 | FPS: 143.6177 | T: 0:30:08
| train          | F: 210000 | S: 105000 | E: 210 | L: 1000 | R: 375.7178 | BS: 105000 | FPS: 134.5611 | T: 0:30:15
| eval           | F: 210000 | S: 105000 | E: 210 | L: 1000 | R: 324.3596 | T: 0:30:15
| train          | F: 211000 | S: 105500 | E: 211 | L: 1000 | R: 424.3645 | BS: 105500 | FPS: 41.8294 | T: 0:30:39
| train          | F: 212000 | S: 106000 | E: 212 | L: 1000 | R: 348.8706 | BS: 106000 | FPS: 140.2502 | T: 0:30:46
| train          | F: 213000 | S: 106500 | E: 213 | L: 1000 | R: 414.9830 | BS: 106500 | FPS: 138.5300 | T: 0:30:54
| train          | F: 214000 | S: 107000 | E: 214 | L: 1000 | R: 382.3983 | BS: 107000 | FPS: 130.6038 | T: 0:31:01
| train          | F: 215000 | S: 107500 | E: 215 | L: 1000 | R: 340.2292 | BS: 107500 | FPS: 132.4023 | T: 0:31:09
| train          | F: 216000 | S: 108000 | E: 216 | L: 1000 | R: 449.4661 | BS: 108000 | FPS: 134.4082 | T: 0:31:16
| train          | F: 217000 | S: 108500 | E: 217 | L: 1000 | R: 371.8413 | BS: 108500 | FPS: 134.0906 | T: 0:31:24
| train          | F: 218000 | S: 109000 | E: 218 | L: 1000 | R: 465.1072 | BS: 109000 | FPS: 134.9456 | T: 0:31:31
| train          | F: 219000 | S: 109500 | E: 219 | L: 1000 | R: 451.6317 | BS: 109500 | FPS: 136.3088 | T: 0:31:38
| train          | F: 220000 | S: 110000 | E: 220 | L: 1000 | R: 422.0442 | BS: 110000 | FPS: 133.0895 | T: 0:31:46
| eval           | F: 220000 | S: 110000 | E: 220 | L: 1000 | R: 395.0138 | T: 0:31:46
| train          | F: 221000 | S: 110500 | E: 221 | L: 1000 | R: 562.4339 | BS: 110500 | FPS: 39.0811 | T: 0:32:11
| train          | F: 222000 | S: 111000 | E: 222 | L: 1000 | R: 330.8612 | BS: 111000 | FPS: 138.8565 | T: 0:32:19
| train          | F: 223000 | S: 111500 | E: 223 | L: 1000 | R: 428.7212 | BS: 111500 | FPS: 134.6761 | T: 0:32:26
| train          | F: 224000 | S: 112000 | E: 224 | L: 1000 | R: 592.3772 | BS: 112000 | FPS: 132.2585 | T: 0:32:34
| train          | F: 225000 | S: 112500 | E: 225 | L: 1000 | R: 408.5719 | BS: 112500 | FPS: 134.3387 | T: 0:32:41
| train          | F: 226000 | S: 113000 | E: 226 | L: 1000 | R: 395.8801 | BS: 113000 | FPS: 133.2295 | T: 0:32:49
| train          | F: 227000 | S: 113500 | E: 227 | L: 1000 | R: 432.0261 | BS: 113500 | FPS: 133.9991 | T: 0:32:56
| train          | F: 228000 | S: 114000 | E: 228 | L: 1000 | R: 408.8869 | BS: 114000 | FPS: 132.7782 | T: 0:33:04
| train          | F: 229000 | S: 114500 | E: 229 | L: 1000 | R: 542.2912 | BS: 114500 | FPS: 136.7441 | T: 0:33:11
| train          | F: 230000 | S: 115000 | E: 230 | L: 1000 | R: 474.8852 | BS: 115000 | FPS: 132.9405 | T: 0:33:18
| eval           | F: 230000 | S: 115000 | E: 230 | L: 1000 | R: 413.4408 | T: 0:33:18
| train          | F: 231000 | S: 115500 | E: 231 | L: 1000 | R: 368.7208 | BS: 115500 | FPS: 41.6999 | T: 0:33:42
| train          | F: 232000 | S: 116000 | E: 232 | L: 1000 | R: 511.3048 | BS: 116000 | FPS: 140.0027 | T: 0:33:50
| train          | F: 233000 | S: 116500 | E: 233 | L: 1000 | R: 514.0384 | BS: 116500 | FPS: 135.2015 | T: 0:33:57
| train          | F: 234000 | S: 117000 | E: 234 | L: 1000 | R: 360.6695 | BS: 117000 | FPS: 144.5579 | T: 0:34:04
| train          | F: 235000 | S: 117500 | E: 235 | L: 1000 | R: 377.2332 | BS: 117500 | FPS: 135.0017 | T: 0:34:11
| train          | F: 236000 | S: 118000 | E: 236 | L: 1000 | R: 338.0787 | BS: 118000 | FPS: 139.0744 | T: 0:34:18
| train          | F: 237000 | S: 118500 | E: 237 | L: 1000 | R: 321.5139 | BS: 118500 | FPS: 141.5562 | T: 0:34:26
| train          | F: 238000 | S: 119000 | E: 238 | L: 1000 | R: 421.8492 | BS: 119000 | FPS: 141.5221 | T: 0:34:33
| train          | F: 239000 | S: 119500 | E: 239 | L: 1000 | R: 424.1543 | BS: 119500 | FPS: 135.6524 | T: 0:34:40
| train          | F: 240000 | S: 120000 | E: 240 | L: 1000 | R: 327.5834 | BS: 120000 | FPS: 132.1647 | T: 0:34:48
| eval           | F: 240000 | S: 120000 | E: 240 | L: 1000 | R: 460.0246 | T: 0:34:48
| train          | F: 241000 | S: 120500 | E: 241 | L: 1000 | R: 199.9525 | BS: 120500 | FPS: 38.7405 | T: 0:35:13
| train          | F: 242000 | S: 121000 | E: 242 | L: 1000 | R: 396.5376 | BS: 121000 | FPS: 142.0117 | T: 0:35:20
| train          | F: 243000 | S: 121500 | E: 243 | L: 1000 | R: 396.9652 | BS: 121500 | FPS: 144.8856 | T: 0:35:27
| train          | F: 244000 | S: 122000 | E: 244 | L: 1000 | R: 241.9803 | BS: 122000 | FPS: 144.2890 | T: 0:35:34
| train          | F: 245000 | S: 122500 | E: 245 | L: 1000 | R: 429.6849 | BS: 122500 | FPS: 144.2078 | T: 0:35:41
| train          | F: 246000 | S: 123000 | E: 246 | L: 1000 | R: 479.4541 | BS: 123000 | FPS: 143.7761 | T: 0:35:48
| train          | F: 247000 | S: 123500 | E: 247 | L: 1000 | R: 378.7074 | BS: 123500 | FPS: 142.0913 | T: 0:35:55
| train          | F: 248000 | S: 124000 | E: 248 | L: 1000 | R: 489.6504 | BS: 124000 | FPS: 138.9250 | T: 0:36:02
| train          | F: 249000 | S: 124500 | E: 249 | L: 1000 | R: 628.7719 | BS: 124500 | FPS: 140.7901 | T: 0:36:09
| train          | F: 250000 | S: 125000 | E: 250 | L: 1000 | R: 551.2398 | BS: 125000 | FPS: 138.1136 | T: 0:36:17
| eval           | F: 250000 | S: 125000 | E: 250 | L: 1000 | R: 522.5995 | T: 0:36:17
| train          | F: 251000 | S: 125500 | E: 251 | L: 1000 | R: 334.3081 | BS: 125500 | FPS: 40.9210 | T: 0:36:41
| train          | F: 252000 | S: 126000 | E: 252 | L: 1000 | R: 688.9112 | BS: 126000 | FPS: 138.7746 | T: 0:36:48
| train          | F: 253000 | S: 126500 | E: 253 | L: 1000 | R: 677.8018 | BS: 126500 | FPS: 139.8414 | T: 0:36:56
| train          | F: 254000 | S: 127000 | E: 254 | L: 1000 | R: 688.0781 | BS: 127000 | FPS: 139.8725 | T: 0:37:03
| train          | F: 255000 | S: 127500 | E: 255 | L: 1000 | R: 515.4871 | BS: 127500 | FPS: 133.7798 | T: 0:37:10
| train          | F: 256000 | S: 128000 | E: 256 | L: 1000 | R: 628.3142 | BS: 128000 | FPS: 137.1903 | T: 0:37:17
| train          | F: 257000 | S: 128500 | E: 257 | L: 1000 | R: 423.9678 | BS: 128500 | FPS: 133.2437 | T: 0:37:25
| train          | F: 258000 | S: 129000 | E: 258 | L: 1000 | R: 705.8385 | BS: 129000 | FPS: 136.3759 | T: 0:37:32
| train          | F: 259000 | S: 129500 | E: 259 | L: 1000 | R: 555.6987 | BS: 129500 | FPS: 129.9966 | T: 0:37:40
| train          | F: 260000 | S: 130000 | E: 260 | L: 1000 | R: 700.0377 | BS: 130000 | FPS: 129.3082 | T: 0:37:48
| eval           | F: 260000 | S: 130000 | E: 260 | L: 1000 | R: 532.8419 | T: 0:37:48
| train          | F: 261000 | S: 130500 | E: 261 | L: 1000 | R: 631.7209 | BS: 130500 | FPS: 38.3542 | T: 0:38:14
| train          | F: 262000 | S: 131000 | E: 262 | L: 1000 | R: 681.3831 | BS: 131000 | FPS: 136.9315 | T: 0:38:21
| train          | F: 263000 | S: 131500 | E: 263 | L: 1000 | R: 560.4476 | BS: 131500 | FPS: 141.1008 | T: 0:38:28
| train          | F: 264000 | S: 132000 | E: 264 | L: 1000 | R: 654.3845 | BS: 132000 | FPS: 136.2800 | T: 0:38:35
| train          | F: 265000 | S: 132500 | E: 265 | L: 1000 | R: 649.8836 | BS: 132500 | FPS: 133.1905 | T: 0:38:43
| train          | F: 266000 | S: 133000 | E: 266 | L: 1000 | R: 570.6068 | BS: 133000 | FPS: 133.8563 | T: 0:38:50
| train          | F: 267000 | S: 133500 | E: 267 | L: 1000 | R: 664.7911 | BS: 133500 | FPS: 137.1591 | T: 0:38:58
| train          | F: 268000 | S: 134000 | E: 268 | L: 1000 | R: 588.2635 | BS: 134000 | FPS: 134.6130 | T: 0:39:05
| train          | F: 269000 | S: 134500 | E: 269 | L: 1000 | R: 632.9108 | BS: 134500 | FPS: 133.7597 | T: 0:39:13
| train          | F: 270000 | S: 135000 | E: 270 | L: 1000 | R: 626.0392 | BS: 135000 | FPS: 136.5304 | T: 0:39:20
| eval           | F: 270000 | S: 135000 | E: 270 | L: 1000 | R: 567.4346 | T: 0:39:20
| train          | F: 271000 | S: 135500 | E: 271 | L: 1000 | R: 653.2516 | BS: 135500 | FPS: 42.5985 | T: 0:39:43
| train          | F: 272000 | S: 136000 | E: 272 | L: 1000 | R: 536.2855 | BS: 136000 | FPS: 143.8038 | T: 0:39:50
| train          | F: 273000 | S: 136500 | E: 273 | L: 1000 | R: 625.3779 | BS: 136500 | FPS: 145.2735 | T: 0:39:57
| train          | F: 274000 | S: 137000 | E: 274 | L: 1000 | R: 672.6434 | BS: 137000 | FPS: 144.6351 | T: 0:40:04
| train          | F: 275000 | S: 137500 | E: 275 | L: 1000 | R: 623.0412 | BS: 137500 | FPS: 139.5068 | T: 0:40:11
| train          | F: 276000 | S: 138000 | E: 276 | L: 1000 | R: 701.2478 | BS: 138000 | FPS: 141.8503 | T: 0:40:18
| train          | F: 277000 | S: 138500 | E: 277 | L: 1000 | R: 694.5263 | BS: 138500 | FPS: 131.7278 | T: 0:40:26
| train          | F: 278000 | S: 139000 | E: 278 | L: 1000 | R: 696.3782 | BS: 139000 | FPS: 137.8314 | T: 0:40:33
| train          | F: 279000 | S: 139500 | E: 279 | L: 1000 | R: 691.3464 | BS: 139500 | FPS: 142.5257 | T: 0:40:40
| train          | F: 280000 | S: 140000 | E: 280 | L: 1000 | R: 697.1903 | BS: 140000 | FPS: 139.4787 | T: 0:40:47
| eval           | F: 280000 | S: 140000 | E: 280 | L: 1000 | R: 620.3781 | T: 0:40:47
| train          | F: 281000 | S: 140500 | E: 281 | L: 1000 | R: 639.1134 | BS: 140500 | FPS: 42.7566 | T: 0:41:11
| train          | F: 282000 | S: 141000 | E: 282 | L: 1000 | R: 618.1043 | BS: 141000 | FPS: 144.3272 | T: 0:41:18
| train          | F: 283000 | S: 141500 | E: 283 | L: 1000 | R: 685.2011 | BS: 141500 | FPS: 144.3918 | T: 0:41:25
| train          | F: 284000 | S: 142000 | E: 284 | L: 1000 | R: 692.2010 | BS: 142000 | FPS: 144.6830 | T: 0:41:32
| train          | F: 285000 | S: 142500 | E: 285 | L: 1000 | R: 651.4689 | BS: 142500 | FPS: 137.9577 | T: 0:41:39
| train          | F: 286000 | S: 143000 | E: 286 | L: 1000 | R: 653.2716 | BS: 143000 | FPS: 135.2827 | T: 0:41:46
| train          | F: 287000 | S: 143500 | E: 287 | L: 1000 | R: 600.1260 | BS: 143500 | FPS: 135.9107 | T: 0:41:54
| train          | F: 288000 | S: 144000 | E: 288 | L: 1000 | R: 680.4463 | BS: 144000 | FPS: 136.6319 | T: 0:42:01
| train          | F: 289000 | S: 144500 | E: 289 | L: 1000 | R: 485.3008 | BS: 144500 | FPS: 137.4264 | T: 0:42:08
| train          | F: 290000 | S: 145000 | E: 290 | L: 1000 | R: 614.7216 | BS: 145000 | FPS: 141.9989 | T: 0:42:15
| eval           | F: 290000 | S: 145000 | E: 290 | L: 1000 | R: 365.8970 | T: 0:42:15
| train          | F: 291000 | S: 145500 | E: 291 | L: 1000 | R: 633.7783 | BS: 145500 | FPS: 42.2253 | T: 0:42:39
| train          | F: 292000 | S: 146000 | E: 292 | L: 1000 | R: 557.1666 | BS: 146000 | FPS: 147.0502 | T: 0:42:46
| train          | F: 293000 | S: 146500 | E: 293 | L: 1000 | R: 696.2936 | BS: 146500 | FPS: 144.2922 | T: 0:42:53
| train          | F: 294000 | S: 147000 | E: 294 | L: 1000 | R: 661.7532 | BS: 147000 | FPS: 144.5809 | T: 0:43:00
| train          | F: 295000 | S: 147500 | E: 295 | L: 1000 | R: 621.4661 | BS: 147500 | FPS: 142.6661 | T: 0:43:07
| train          | F: 296000 | S: 148000 | E: 296 | L: 1000 | R: 692.0836 | BS: 148000 | FPS: 141.8148 | T: 0:43:14
| train          | F: 297000 | S: 148500 | E: 297 | L: 1000 | R: 658.6125 | BS: 148500 | FPS: 141.8664 | T: 0:43:21
| train          | F: 298000 | S: 149000 | E: 298 | L: 1000 | R: 607.2546 | BS: 149000 | FPS: 142.1223 | T: 0:43:28
| train          | F: 299000 | S: 149500 | E: 299 | L: 1000 | R: 705.8172 | BS: 149500 | FPS: 143.2147 | T: 0:43:35
| train          | F: 300000 | S: 150000 | E: 300 | L: 1000 | R: 629.3438 | BS: 150000 | FPS: 141.8574 | T: 0:43:42
| eval           | F: 300000 | S: 150000 | E: 300 | L: 1000 | R: 639.0755 | T: 0:43:42
| train          | F: 301000 | S: 150500 | E: 301 | L: 1000 | R: 670.1327 | BS: 150500 | FPS: 42.0916 | T: 0:44:06
| train          | F: 302000 | S: 151000 | E: 302 | L: 1000 | R: 614.7583 | BS: 151000 | FPS: 143.9099 | T: 0:44:12
| train          | F: 303000 | S: 151500 | E: 303 | L: 1000 | R: 634.7237 | BS: 151500 | FPS: 142.5943 | T: 0:44:19
| train          | F: 304000 | S: 152000 | E: 304 | L: 1000 | R: 698.2569 | BS: 152000 | FPS: 142.4223 | T: 0:44:27
| train          | F: 305000 | S: 152500 | E: 305 | L: 1000 | R: 636.4438 | BS: 152500 | FPS: 142.0769 | T: 0:44:34
| train          | F: 306000 | S: 153000 | E: 306 | L: 1000 | R: 618.1573 | BS: 153000 | FPS: 134.9631 | T: 0:44:41
| train          | F: 307000 | S: 153500 | E: 307 | L: 1000 | R: 620.7559 | BS: 153500 | FPS: 133.5801 | T: 0:44:48
| train          | F: 308000 | S: 154000 | E: 308 | L: 1000 | R: 675.9612 | BS: 154000 | FPS: 141.6369 | T: 0:44:55
| train          | F: 309000 | S: 154500 | E: 309 | L: 1000 | R: 699.9315 | BS: 154500 | FPS: 141.3385 | T: 0:45:03
| train          | F: 310000 | S: 155000 | E: 310 | L: 1000 | R: 688.7663 | BS: 155000 | FPS: 141.9591 | T: 0:45:10
| eval           | F: 310000 | S: 155000 | E: 310 | L: 1000 | R: 590.4514 | T: 0:45:10
| train          | F: 311000 | S: 155500 | E: 311 | L: 1000 | R: 697.4474 | BS: 155500 | FPS: 42.6505 | T: 0:45:33
| train          | F: 312000 | S: 156000 | E: 312 | L: 1000 | R: 682.0681 | BS: 156000 | FPS: 133.1710 | T: 0:45:41
| train          | F: 313000 | S: 156500 | E: 313 | L: 1000 | R: 653.8415 | BS: 156500 | FPS: 136.6843 | T: 0:45:48
| train          | F: 314000 | S: 157000 | E: 314 | L: 1000 | R: 612.1149 | BS: 157000 | FPS: 141.3531 | T: 0:45:55
| train          | F: 315000 | S: 157500 | E: 315 | L: 1000 | R: 705.7487 | BS: 157500 | FPS: 134.8894 | T: 0:46:02
| train          | F: 316000 | S: 158000 | E: 316 | L: 1000 | R: 705.6559 | BS: 158000 | FPS: 136.1329 | T: 0:46:10
| train          | F: 317000 | S: 158500 | E: 317 | L: 1000 | R: 704.8421 | BS: 158500 | FPS: 132.1751 | T: 0:46:17
| train          | F: 318000 | S: 159000 | E: 318 | L: 1000 | R: 696.5852 | BS: 159000 | FPS: 135.0983 | T: 0:46:25
| train          | F: 319000 | S: 159500 | E: 319 | L: 1000 | R: 696.4783 | BS: 159500 | FPS: 132.4097 | T: 0:46:32
| train          | F: 320000 | S: 160000 | E: 320 | L: 1000 | R: 694.4196 | BS: 160000 | FPS: 142.4401 | T: 0:46:39
| eval           | F: 320000 | S: 160000 | E: 320 | L: 1000 | R: 627.2135 | T: 0:46:39
| train          | F: 321000 | S: 160500 | E: 321 | L: 1000 | R: 706.5389 | BS: 160500 | FPS: 41.6054 | T: 0:47:03
| train          | F: 322000 | S: 161000 | E: 322 | L: 1000 | R: 680.0504 | BS: 161000 | FPS: 141.7199 | T: 0:47:10
| train          | F: 323000 | S: 161500 | E: 323 | L: 1000 | R: 704.2374 | BS: 161500 | FPS: 137.6616 | T: 0:47:18
| train          | F: 324000 | S: 162000 | E: 324 | L: 1000 | R: 699.2024 | BS: 162000 | FPS: 137.3567 | T: 0:47:25
| train          | F: 325000 | S: 162500 | E: 325 | L: 1000 | R: 692.2661 | BS: 162500 | FPS: 133.3323 | T: 0:47:32
| train          | F: 326000 | S: 163000 | E: 326 | L: 1000 | R: 684.1944 | BS: 163000 | FPS: 136.2031 | T: 0:47:40
| train          | F: 327000 | S: 163500 | E: 327 | L: 1000 | R: 709.1170 | BS: 163500 | FPS: 130.4100 | T: 0:47:47
| train          | F: 328000 | S: 164000 | E: 328 | L: 1000 | R: 726.5804 | BS: 164000 | FPS: 140.9911 | T: 0:47:55
| train          | F: 329000 | S: 164500 | E: 329 | L: 1000 | R: 786.3379 | BS: 164500 | FPS: 138.6583 | T: 0:48:02
| train          | F: 330000 | S: 165000 | E: 330 | L: 1000 | R: 807.5196 | BS: 165000 | FPS: 135.3852 | T: 0:48:09
| eval           | F: 330000 | S: 165000 | E: 330 | L: 1000 | R: 733.3276 | T: 0:48:09
| train          | F: 331000 | S: 165500 | E: 331 | L: 1000 | R: 715.5678 | BS: 165500 | FPS: 37.8501 | T: 0:48:36
| train          | F: 332000 | S: 166000 | E: 332 | L: 1000 | R: 825.4025 | BS: 166000 | FPS: 141.6664 | T: 0:48:43
| train          | F: 333000 | S: 166500 | E: 333 | L: 1000 | R: 831.8104 | BS: 166500 | FPS: 133.8021 | T: 0:48:50
| train          | F: 334000 | S: 167000 | E: 334 | L: 1000 | R: 750.1188 | BS: 167000 | FPS: 140.6290 | T: 0:48:57
| train          | F: 335000 | S: 167500 | E: 335 | L: 1000 | R: 835.7813 | BS: 167500 | FPS: 136.7400 | T: 0:49:04
| train          | F: 336000 | S: 168000 | E: 336 | L: 1000 | R: 760.5418 | BS: 168000 | FPS: 142.6034 | T: 0:49:11
| train          | F: 337000 | S: 168500 | E: 337 | L: 1000 | R: 834.2457 | BS: 168500 | FPS: 142.4576 | T: 0:49:19
| train          | F: 338000 | S: 169000 | E: 338 | L: 1000 | R: 837.4494 | BS: 169000 | FPS: 136.5891 | T: 0:49:26
| train          | F: 339000 | S: 169500 | E: 339 | L: 1000 | R: 829.2712 | BS: 169500 | FPS: 139.0387 | T: 0:49:33
| train          | F: 340000 | S: 170000 | E: 340 | L: 1000 | R: 840.4143 | BS: 170000 | FPS: 143.1276 | T: 0:49:40
| eval           | F: 340000 | S: 170000 | E: 340 | L: 1000 | R: 853.1985 | T: 0:49:40
| train          | F: 341000 | S: 170500 | E: 341 | L: 1000 | R: 828.1490 | BS: 170500 | FPS: 41.4173 | T: 0:50:04
| train          | F: 342000 | S: 171000 | E: 342 | L: 1000 | R: 837.0556 | BS: 171000 | FPS: 139.2974 | T: 0:50:11
| train          | F: 343000 | S: 171500 | E: 343 | L: 1000 | R: 834.9350 | BS: 171500 | FPS: 144.2162 | T: 0:50:18
| train          | F: 344000 | S: 172000 | E: 344 | L: 1000 | R: 841.5032 | BS: 172000 | FPS: 134.6432 | T: 0:50:26
| train          | F: 345000 | S: 172500 | E: 345 | L: 1000 | R: 826.5433 | BS: 172500 | FPS: 144.8004 | T: 0:50:33
| train          | F: 346000 | S: 173000 | E: 346 | L: 1000 | R: 830.1893 | BS: 173000 | FPS: 139.7476 | T: 0:50:40
| train          | F: 347000 | S: 173500 | E: 347 | L: 1000 | R: 837.6051 | BS: 173500 | FPS: 141.1666 | T: 0:50:47
| train          | F: 348000 | S: 174000 | E: 348 | L: 1000 | R: 825.6478 | BS: 174000 | FPS: 141.7010 | T: 0:50:54
| train          | F: 349000 | S: 174500 | E: 349 | L: 1000 | R: 808.8761 | BS: 174500 | FPS: 141.8337 | T: 0:51:01
| train          | F: 350000 | S: 175000 | E: 350 | L: 1000 | R: 826.0497 | BS: 175000 | FPS: 140.7035 | T: 0:51:08
| eval           | F: 350000 | S: 175000 | E: 350 | L: 1000 | R: 833.4593 | T: 0:51:08
| train          | F: 351000 | S: 175500 | E: 351 | L: 1000 | R: 800.2665 | BS: 175500 | FPS: 39.1187 | T: 0:51:34
| train          | F: 352000 | S: 176000 | E: 352 | L: 1000 | R: 832.6050 | BS: 176000 | FPS: 145.8365 | T: 0:51:40
| train          | F: 353000 | S: 176500 | E: 353 | L: 1000 | R: 827.1303 | BS: 176500 | FPS: 144.5432 | T: 0:51:47
| train          | F: 354000 | S: 177000 | E: 354 | L: 1000 | R: 810.7182 | BS: 177000 | FPS: 143.0682 | T: 0:51:54
| train          | F: 355000 | S: 177500 | E: 355 | L: 1000 | R: 797.0121 | BS: 177500 | FPS: 133.9881 | T: 0:52:02
| train          | F: 356000 | S: 178000 | E: 356 | L: 1000 | R: 825.9246 | BS: 178000 | FPS: 131.7692 | T: 0:52:09
| train          | F: 357000 | S: 178500 | E: 357 | L: 1000 | R: 829.1601 | BS: 178500 | FPS: 137.4802 | T: 0:52:17
| train          | F: 358000 | S: 179000 | E: 358 | L: 1000 | R: 829.7708 | BS: 179000 | FPS: 135.3026 | T: 0:52:24
| train          | F: 359000 | S: 179500 | E: 359 | L: 1000 | R: 837.4139 | BS: 179500 | FPS: 140.2131 | T: 0:52:31
| train          | F: 360000 | S: 180000 | E: 360 | L: 1000 | R: 838.1460 | BS: 180000 | FPS: 137.1156 | T: 0:52:39
| eval           | F: 360000 | S: 180000 | E: 360 | L: 1000 | R: 854.6131 | T: 0:52:39
| train          | F: 361000 | S: 180500 | E: 361 | L: 1000 | R: 827.3439 | BS: 180500 | FPS: 38.1161 | T: 0:53:05
| train          | F: 362000 | S: 181000 | E: 362 | L: 1000 | R: 830.3057 | BS: 181000 | FPS: 137.6192 | T: 0:53:12
| train          | F: 363000 | S: 181500 | E: 363 | L: 1000 | R: 831.6069 | BS: 181500 | FPS: 135.6730 | T: 0:53:19
| train          | F: 364000 | S: 182000 | E: 364 | L: 1000 | R: 827.4752 | BS: 182000 | FPS: 140.5168 | T: 0:53:27
| train          | F: 365000 | S: 182500 | E: 365 | L: 1000 | R: 835.7089 | BS: 182500 | FPS: 132.1157 | T: 0:53:34
| train          | F: 366000 | S: 183000 | E: 366 | L: 1000 | R: 837.0501 | BS: 183000 | FPS: 134.1780 | T: 0:53:42
| train          | F: 367000 | S: 183500 | E: 367 | L: 1000 | R: 839.9182 | BS: 183500 | FPS: 135.0667 | T: 0:53:49
| train          | F: 368000 | S: 184000 | E: 368 | L: 1000 | R: 834.2113 | BS: 184000 | FPS: 133.8935 | T: 0:53:56
| train          | F: 369000 | S: 184500 | E: 369 | L: 1000 | R: 833.3377 | BS: 184500 | FPS: 137.3908 | T: 0:54:04
| train          | F: 370000 | S: 185000 | E: 370 | L: 1000 | R: 833.0202 | BS: 185000 | FPS: 134.3698 | T: 0:54:11
| eval           | F: 370000 | S: 185000 | E: 370 | L: 1000 | R: 850.2464 | T: 0:54:11
| train          | F: 371000 | S: 185500 | E: 371 | L: 1000 | R: 833.1469 | BS: 185500 | FPS: 37.5084 | T: 0:54:38
| train          | F: 372000 | S: 186000 | E: 372 | L: 1000 | R: 827.3217 | BS: 186000 | FPS: 137.4768 | T: 0:54:45
| train          | F: 373000 | S: 186500 | E: 373 | L: 1000 | R: 817.5912 | BS: 186500 | FPS: 136.8728 | T: 0:54:52
| train          | F: 374000 | S: 187000 | E: 374 | L: 1000 | R: 840.5731 | BS: 187000 | FPS: 134.9449 | T: 0:55:00
| train          | F: 375000 | S: 187500 | E: 375 | L: 1000 | R: 825.4609 | BS: 187500 | FPS: 135.0243 | T: 0:55:07
| train          | F: 376000 | S: 188000 | E: 376 | L: 1000 | R: 838.7922 | BS: 188000 | FPS: 134.1344 | T: 0:55:15
| train          | F: 377000 | S: 188500 | E: 377 | L: 1000 | R: 835.4360 | BS: 188500 | FPS: 132.9986 | T: 0:55:22
| train          | F: 378000 | S: 189000 | E: 378 | L: 1000 | R: 837.8959 | BS: 189000 | FPS: 137.6249 | T: 0:55:29
| train          | F: 379000 | S: 189500 | E: 379 | L: 1000 | R: 834.5234 | BS: 189500 | FPS: 137.6398 | T: 0:55:37
| train          | F: 380000 | S: 190000 | E: 380 | L: 1000 | R: 824.6234 | BS: 190000 | FPS: 141.2475 | T: 0:55:44
| eval           | F: 380000 | S: 190000 | E: 380 | L: 1000 | R: 851.5585 | T: 0:55:44
| train          | F: 381000 | S: 190500 | E: 381 | L: 1000 | R: 829.4697 | BS: 190500 | FPS: 42.8810 | T: 0:56:07
| train          | F: 382000 | S: 191000 | E: 382 | L: 1000 | R: 822.1649 | BS: 191000 | FPS: 137.6683 | T: 0:56:14
| train          | F: 383000 | S: 191500 | E: 383 | L: 1000 | R: 838.3223 | BS: 191500 | FPS: 134.9754 | T: 0:56:22
| train          | F: 384000 | S: 192000 | E: 384 | L: 1000 | R: 831.1133 | BS: 192000 | FPS: 131.8942 | T: 0:56:29
| train          | F: 385000 | S: 192500 | E: 385 | L: 1000 | R: 832.9104 | BS: 192500 | FPS: 133.0693 | T: 0:56:37
| train          | F: 386000 | S: 193000 | E: 386 | L: 1000 | R: 827.1358 | BS: 193000 | FPS: 132.5109 | T: 0:56:44
| train          | F: 387000 | S: 193500 | E: 387 | L: 1000 | R: 835.4926 | BS: 193500 | FPS: 135.9212 | T: 0:56:52
| train          | F: 388000 | S: 194000 | E: 388 | L: 1000 | R: 823.8306 | BS: 194000 | FPS: 139.2735 | T: 0:56:59
| train          | F: 389000 | S: 194500 | E: 389 | L: 1000 | R: 835.5169 | BS: 194500 | FPS: 140.0827 | T: 0:57:06
| train          | F: 390000 | S: 195000 | E: 390 | L: 1000 | R: 828.6967 | BS: 195000 | FPS: 134.3238 | T: 0:57:14
| eval           | F: 390000 | S: 195000 | E: 390 | L: 1000 | R: 849.0729 | T: 0:57:14
| train          | F: 391000 | S: 195500 | E: 391 | L: 1000 | R: 826.1636 | BS: 195500 | FPS: 41.4263 | T: 0:57:38
| train          | F: 392000 | S: 196000 | E: 392 | L: 1000 | R: 830.9642 | BS: 196000 | FPS: 144.0322 | T: 0:57:45
| train          | F: 393000 | S: 196500 | E: 393 | L: 1000 | R: 826.1612 | BS: 196500 | FPS: 144.4646 | T: 0:57:52
| train          | F: 394000 | S: 197000 | E: 394 | L: 1000 | R: 832.7126 | BS: 197000 | FPS: 138.0402 | T: 0:57:59
| train          | F: 395000 | S: 197500 | E: 395 | L: 1000 | R: 824.0269 | BS: 197500 | FPS: 131.2593 | T: 0:58:06
| train          | F: 396000 | S: 198000 | E: 396 | L: 1000 | R: 817.1080 | BS: 198000 | FPS: 131.2600 | T: 0:58:14
| train          | F: 397000 | S: 198500 | E: 397 | L: 1000 | R: 819.9860 | BS: 198500 | FPS: 131.0779 | T: 0:58:22
| train          | F: 398000 | S: 199000 | E: 398 | L: 1000 | R: 821.8147 | BS: 199000 | FPS: 134.7696 | T: 0:58:29
| train          | F: 399000 | S: 199500 | E: 399 | L: 1000 | R: 832.9149 | BS: 199500 | FPS: 140.9326 | T: 0:58:36
| train          | F: 400000 | S: 200000 | E: 400 | L: 1000 | R: 821.5899 | BS: 200000 | FPS: 139.6261 | T: 0:58:43
| eval           | F: 400000 | S: 200000 | E: 400 | L: 1000 | R: 847.6913 | T: 0:58:43
| train          | F: 401000 | S: 200500 | E: 401 | L: 1000 | R: 830.1207 | BS: 200500 | FPS: 42.1113 | T: 0:59:07
| train          | F: 402000 | S: 201000 | E: 402 | L: 1000 | R: 835.1333 | BS: 201000 | FPS: 139.8054 | T: 0:59:14
| train          | F: 403000 | S: 201500 | E: 403 | L: 1000 | R: 839.3711 | BS: 201500 | FPS: 143.9600 | T: 0:59:21
| train          | F: 404000 | S: 202000 | E: 404 | L: 1000 | R: 832.1532 | BS: 202000 | FPS: 138.4158 | T: 0:59:28
| train          | F: 405000 | S: 202500 | E: 405 | L: 1000 | R: 795.2139 | BS: 202500 | FPS: 141.6329 | T: 0:59:35
| train          | F: 406000 | S: 203000 | E: 406 | L: 1000 | R: 823.4435 | BS: 203000 | FPS: 138.9356 | T: 0:59:43
| train          | F: 407000 | S: 203500 | E: 407 | L: 1000 | R: 832.3643 | BS: 203500 | FPS: 139.2718 | T: 0:59:50
| train          | F: 408000 | S: 204000 | E: 408 | L: 1000 | R: 836.4946 | BS: 204000 | FPS: 138.3017 | T: 0:59:57
| train          | F: 409000 | S: 204500 | E: 409 | L: 1000 | R: 821.2784 | BS: 204500 | FPS: 131.6676 | T: 1:00:05
| train          | F: 410000 | S: 205000 | E: 410 | L: 1000 | R: 828.9510 | BS: 205000 | FPS: 132.3614 | T: 1:00:12
| eval           | F: 410000 | S: 205000 | E: 410 | L: 1000 | R: 843.1415 | T: 1:00:12
| train          | F: 411000 | S: 205500 | E: 411 | L: 1000 | R: 836.6657 | BS: 205500 | FPS: 41.4705 | T: 1:00:36
| train          | F: 412000 | S: 206000 | E: 412 | L: 1000 | R: 820.6844 | BS: 206000 | FPS: 144.8524 | T: 1:00:43
| train          | F: 413000 | S: 206500 | E: 413 | L: 1000 | R: 827.5509 | BS: 206500 | FPS: 143.8633 | T: 1:00:50
| train          | F: 414000 | S: 207000 | E: 414 | L: 1000 | R: 726.2842 | BS: 207000 | FPS: 133.6864 | T: 1:00:58
| train          | F: 415000 | S: 207500 | E: 415 | L: 1000 | R: 708.1492 | BS: 207500 | FPS: 134.2957 | T: 1:01:05
| train          | F: 416000 | S: 208000 | E: 416 | L: 1000 | R: 827.4290 | BS: 208000 | FPS: 133.4165 | T: 1:01:13
| train          | F: 417000 | S: 208500 | E: 417 | L: 1000 | R: 829.8340 | BS: 208500 | FPS: 139.9330 | T: 1:01:20
| train          | F: 418000 | S: 209000 | E: 418 | L: 1000 | R: 828.9502 | BS: 209000 | FPS: 136.1867 | T: 1:01:27
| train          | F: 419000 | S: 209500 | E: 419 | L: 1000 | R: 814.7317 | BS: 209500 | FPS: 132.1391 | T: 1:01:35
| train          | F: 420000 | S: 210000 | E: 420 | L: 1000 | R: 823.3989 | BS: 210000 | FPS: 131.2849 | T: 1:01:42
| eval           | F: 420000 | S: 210000 | E: 420 | L: 1000 | R: 839.0631 | T: 1:01:42
| train          | F: 421000 | S: 210500 | E: 421 | L: 1000 | R: 822.1318 | BS: 210500 | FPS: 37.4942 | T: 1:02:09
| train          | F: 422000 | S: 211000 | E: 422 | L: 1000 | R: 821.7764 | BS: 211000 | FPS: 133.8918 | T: 1:02:16
| train          | F: 423000 | S: 211500 | E: 423 | L: 1000 | R: 832.0441 | BS: 211500 | FPS: 133.3994 | T: 1:02:24
| train          | F: 424000 | S: 212000 | E: 424 | L: 1000 | R: 835.0892 | BS: 212000 | FPS: 133.5536 | T: 1:02:31
| train          | F: 425000 | S: 212500 | E: 425 | L: 1000 | R: 828.5237 | BS: 212500 | FPS: 129.8931 | T: 1:02:39
| train          | F: 426000 | S: 213000 | E: 426 | L: 1000 | R: 830.9272 | BS: 213000 | FPS: 135.0056 | T: 1:02:47
| train          | F: 427000 | S: 213500 | E: 427 | L: 1000 | R: 842.2457 | BS: 213500 | FPS: 136.3958 | T: 1:02:54
| train          | F: 428000 | S: 214000 | E: 428 | L: 1000 | R: 828.7872 | BS: 214000 | FPS: 142.2797 | T: 1:03:01
| train          | F: 429000 | S: 214500 | E: 429 | L: 1000 | R: 830.5907 | BS: 214500 | FPS: 128.7186 | T: 1:03:09
| train          | F: 430000 | S: 215000 | E: 430 | L: 1000 | R: 819.9923 | BS: 215000 | FPS: 128.5902 | T: 1:03:16
| eval           | F: 430000 | S: 215000 | E: 430 | L: 1000 | R: 850.8372 | T: 1:03:16
| train          | F: 431000 | S: 215500 | E: 431 | L: 1000 | R: 814.4816 | BS: 215500 | FPS: 41.8917 | T: 1:03:40
| train          | F: 432000 | S: 216000 | E: 432 | L: 1000 | R: 828.9424 | BS: 216000 | FPS: 144.4349 | T: 1:03:47
| train          | F: 433000 | S: 216500 | E: 433 | L: 1000 | R: 829.4765 | BS: 216500 | FPS: 144.2315 | T: 1:03:54
| train          | F: 434000 | S: 217000 | E: 434 | L: 1000 | R: 825.0871 | BS: 217000 | FPS: 142.3517 | T: 1:04:01
| train          | F: 435000 | S: 217500 | E: 435 | L: 1000 | R: 823.8247 | BS: 217500 | FPS: 140.7833 | T: 1:04:08
| train          | F: 436000 | S: 218000 | E: 436 | L: 1000 | R: 818.1040 | BS: 218000 | FPS: 142.1661 | T: 1:04:15
| train          | F: 437000 | S: 218500 | E: 437 | L: 1000 | R: 828.5784 | BS: 218500 | FPS: 139.3410 | T: 1:04:22
| train          | F: 438000 | S: 219000 | E: 438 | L: 1000 | R: 825.4326 | BS: 219000 | FPS: 142.0946 | T: 1:04:30
| train          | F: 439000 | S: 219500 | E: 439 | L: 1000 | R: 806.9834 | BS: 219500 | FPS: 140.4197 | T: 1:04:37
| train          | F: 440000 | S: 220000 | E: 440 | L: 1000 | R: 825.3801 | BS: 220000 | FPS: 141.3004 | T: 1:04:44
| eval           | F: 440000 | S: 220000 | E: 440 | L: 1000 | R: 820.6955 | T: 1:04:44
| train          | F: 441000 | S: 220500 | E: 441 | L: 1000 | R: 836.9505 | BS: 220500 | FPS: 37.3182 | T: 1:05:11
| train          | F: 442000 | S: 221000 | E: 442 | L: 1000 | R: 828.4109 | BS: 221000 | FPS: 145.9344 | T: 1:05:17
| train          | F: 443000 | S: 221500 | E: 443 | L: 1000 | R: 819.2410 | BS: 221500 | FPS: 144.3159 | T: 1:05:24
| train          | F: 444000 | S: 222000 | E: 444 | L: 1000 | R: 828.6194 | BS: 222000 | FPS: 140.0250 | T: 1:05:31
| train          | F: 445000 | S: 222500 | E: 445 | L: 1000 | R: 815.3692 | BS: 222500 | FPS: 144.9653 | T: 1:05:38
| train          | F: 446000 | S: 223000 | E: 446 | L: 1000 | R: 823.4765 | BS: 223000 | FPS: 142.1953 | T: 1:05:45
| train          | F: 447000 | S: 223500 | E: 447 | L: 1000 | R: 810.2464 | BS: 223500 | FPS: 136.0080 | T: 1:05:53
| train          | F: 448000 | S: 224000 | E: 448 | L: 1000 | R: 838.6357 | BS: 224000 | FPS: 134.3944 | T: 1:06:00
| train          | F: 449000 | S: 224500 | E: 449 | L: 1000 | R: 821.9305 | BS: 224500 | FPS: 138.2539 | T: 1:06:07
| train          | F: 450000 | S: 225000 | E: 450 | L: 1000 | R: 825.3038 | BS: 225000 | FPS: 131.9647 | T: 1:06:15
| eval           | F: 450000 | S: 225000 | E: 450 | L: 1000 | R: 846.4015 | T: 1:06:15
| train          | F: 451000 | S: 225500 | E: 451 | L: 1000 | R: 828.4804 | BS: 225500 | FPS: 36.4670 | T: 1:06:42
| train          | F: 452000 | S: 226000 | E: 452 | L: 1000 | R: 831.9979 | BS: 226000 | FPS: 132.7377 | T: 1:06:50
| train          | F: 453000 | S: 226500 | E: 453 | L: 1000 | R: 833.3932 | BS: 226500 | FPS: 131.0065 | T: 1:06:58
| train          | F: 454000 | S: 227000 | E: 454 | L: 1000 | R: 806.7588 | BS: 227000 | FPS: 132.7017 | T: 1:07:05
| train          | F: 455000 | S: 227500 | E: 455 | L: 1000 | R: 821.6689 | BS: 227500 | FPS: 134.2226 | T: 1:07:13
| train          | F: 456000 | S: 228000 | E: 456 | L: 1000 | R: 839.1485 | BS: 228000 | FPS: 137.1085 | T: 1:07:20
| train          | F: 457000 | S: 228500 | E: 457 | L: 1000 | R: 811.7156 | BS: 228500 | FPS: 139.1647 | T: 1:07:27
| train          | F: 458000 | S: 229000 | E: 458 | L: 1000 | R: 821.0331 | BS: 229000 | FPS: 133.4288 | T: 1:07:35
| train          | F: 459000 | S: 229500 | E: 459 | L: 1000 | R: 821.7782 | BS: 229500 | FPS: 138.0745 | T: 1:07:42
| train          | F: 460000 | S: 230000 | E: 460 | L: 1000 | R: 836.9610 | BS: 230000 | FPS: 136.6698 | T: 1:07:49
| eval           | F: 460000 | S: 230000 | E: 460 | L: 1000 | R: 846.3929 | T: 1:07:49
| train          | F: 461000 | S: 230500 | E: 461 | L: 1000 | R: 788.9793 | BS: 230500 | FPS: 42.4462 | T: 1:08:13
| train          | F: 462000 | S: 231000 | E: 462 | L: 1000 | R: 834.4135 | BS: 231000 | FPS: 145.6646 | T: 1:08:19
| train          | F: 463000 | S: 231500 | E: 463 | L: 1000 | R: 839.7300 | BS: 231500 | FPS: 144.7963 | T: 1:08:26
| train          | F: 464000 | S: 232000 | E: 464 | L: 1000 | R: 831.2826 | BS: 232000 | FPS: 142.8024 | T: 1:08:33
| train          | F: 465000 | S: 232500 | E: 465 | L: 1000 | R: 830.1698 | BS: 232500 | FPS: 137.0128 | T: 1:08:41
| train          | F: 466000 | S: 233000 | E: 466 | L: 1000 | R: 818.9918 | BS: 233000 | FPS: 139.0732 | T: 1:08:48
| train          | F: 467000 | S: 233500 | E: 467 | L: 1000 | R: 855.5982 | BS: 233500 | FPS: 137.3738 | T: 1:08:55
| train          | F: 468000 | S: 234000 | E: 468 | L: 1000 | R: 700.1095 | BS: 234000 | FPS: 141.1180 | T: 1:09:02
| train          | F: 469000 | S: 234500 | E: 469 | L: 1000 | R: 828.5348 | BS: 234500 | FPS: 138.7822 | T: 1:09:09
| train          | F: 470000 | S: 235000 | E: 470 | L: 1000 | R: 841.3580 | BS: 235000 | FPS: 135.6894 | T: 1:09:17
| eval           | F: 470000 | S: 235000 | E: 470 | L: 1000 | R: 853.4733 | T: 1:09:17
| train          | F: 471000 | S: 235500 | E: 471 | L: 1000 | R: 823.6492 | BS: 235500 | FPS: 37.2854 | T: 1:09:44
| train          | F: 472000 | S: 236000 | E: 472 | L: 1000 | R: 823.0592 | BS: 236000 | FPS: 141.5020 | T: 1:09:51
| train          | F: 473000 | S: 236500 | E: 473 | L: 1000 | R: 834.1735 | BS: 236500 | FPS: 136.8328 | T: 1:09:58
| train          | F: 474000 | S: 237000 | E: 474 | L: 1000 | R: 749.7038 | BS: 237000 | FPS: 135.6162 | T: 1:10:05
| train          | F: 475000 | S: 237500 | E: 475 | L: 1000 | R: 827.4516 | BS: 237500 | FPS: 134.7779 | T: 1:10:13
| train          | F: 476000 | S: 238000 | E: 476 | L: 1000 | R: 829.0908 | BS: 238000 | FPS: 134.5659 | T: 1:10:20
| train          | F: 477000 | S: 238500 | E: 477 | L: 1000 | R: 794.6533 | BS: 238500 | FPS: 135.4228 | T: 1:10:28
| train          | F: 478000 | S: 239000 | E: 478 | L: 1000 | R: 811.2246 | BS: 239000 | FPS: 134.3345 | T: 1:10:35
| train          | F: 479000 | S: 239500 | E: 479 | L: 1000 | R: 829.3881 | BS: 239500 | FPS: 135.3590 | T: 1:10:42
| train          | F: 480000 | S: 240000 | E: 480 | L: 1000 | R: 817.3463 | BS: 240000 | FPS: 138.4035 | T: 1:10:50
| eval           | F: 480000 | S: 240000 | E: 480 | L: 1000 | R: 842.2336 | T: 1:10:50
| train          | F: 481000 | S: 240500 | E: 481 | L: 1000 | R: 833.4566 | BS: 240500 | FPS: 42.9370 | T: 1:11:13
| train          | F: 482000 | S: 241000 | E: 482 | L: 1000 | R: 812.3200 | BS: 241000 | FPS: 145.6194 | T: 1:11:20
| train          | F: 483000 | S: 241500 | E: 483 | L: 1000 | R: 842.1772 | BS: 241500 | FPS: 144.7446 | T: 1:11:27
| train          | F: 484000 | S: 242000 | E: 484 | L: 1000 | R: 812.7619 | BS: 242000 | FPS: 143.2731 | T: 1:11:34
| train          | F: 485000 | S: 242500 | E: 485 | L: 1000 | R: 844.3224 | BS: 242500 | FPS: 139.9494 | T: 1:11:41
| train          | F: 486000 | S: 243000 | E: 486 | L: 1000 | R: 836.9284 | BS: 243000 | FPS: 132.2852 | T: 1:11:48
| train          | F: 487000 | S: 243500 | E: 487 | L: 1000 | R: 819.9755 | BS: 243500 | FPS: 135.3618 | T: 1:11:56
| train          | F: 488000 | S: 244000 | E: 488 | L: 1000 | R: 839.2235 | BS: 244000 | FPS: 139.6875 | T: 1:12:03
| train          | F: 489000 | S: 244500 | E: 489 | L: 1000 | R: 828.1869 | BS: 244500 | FPS: 136.3231 | T: 1:12:10
| train          | F: 490000 | S: 245000 | E: 490 | L: 1000 | R: 837.6993 | BS: 245000 | FPS: 139.5712 | T: 1:12:17
| eval           | F: 490000 | S: 245000 | E: 490 | L: 1000 | R: 838.2720 | T: 1:12:18
| train          | F: 491000 | S: 245500 | E: 491 | L: 1000 | R: 838.7897 | BS: 245500 | FPS: 41.7371 | T: 1:12:41
| train          | F: 492000 | S: 246000 | E: 492 | L: 1000 | R: 823.2351 | BS: 246000 | FPS: 138.2897 | T: 1:12:49
| train          | F: 493000 | S: 246500 | E: 493 | L: 1000 | R: 838.1533 | BS: 246500 | FPS: 134.5204 | T: 1:12:56
| train          | F: 494000 | S: 247000 | E: 494 | L: 1000 | R: 829.7592 | BS: 247000 | FPS: 133.7602 | T: 1:13:04
| train          | F: 495000 | S: 247500 | E: 495 | L: 1000 | R: 837.0469 | BS: 247500 | FPS: 134.8267 | T: 1:13:11
| train          | F: 496000 | S: 248000 | E: 496 | L: 1000 | R: 840.5000 | BS: 248000 | FPS: 135.1599 | T: 1:13:18
| train          | F: 497000 | S: 248500 | E: 497 | L: 1000 | R: 820.8882 | BS: 248500 | FPS: 136.7411 | T: 1:13:26
| train          | F: 498000 | S: 249000 | E: 498 | L: 1000 | R: 785.4664 | BS: 249000 | FPS: 133.9026 | T: 1:13:33
| train          | F: 499000 | S: 249500 | E: 499 | L: 1000 | R: 843.1511 | BS: 249500 | FPS: 134.4373 | T: 1:13:41
| train          | F: 500000 | S: 250000 | E: 500 | L: 1000 | R: 835.1713 | BS: 250000 | FPS: 133.8567 | T: 1:13:48
| eval           | F: 500000 | S: 250000 | E: 500 | L: 1000 | R: 751.0022 | T: 1:13:48
| train          | F: 501000 | S: 250500 | E: 501 | L: 1000 | R: 844.9551 | BS: 250500 | FPS: 41.9607 | T: 1:14:12
| train          | F: 502000 | S: 251000 | E: 502 | L: 1000 | R: 841.2774 | BS: 251000 | FPS: 139.3490 | T: 1:14:19
| train          | F: 503000 | S: 251500 | E: 503 | L: 1000 | R: 685.7538 | BS: 251500 | FPS: 135.8939 | T: 1:14:26
| train          | F: 504000 | S: 252000 | E: 504 | L: 1000 | R: 845.4900 | BS: 252000 | FPS: 133.2912 | T: 1:14:34
| train          | F: 505000 | S: 252500 | E: 505 | L: 1000 | R: 832.9308 | BS: 252500 | FPS: 134.4514 | T: 1:14:41
| train          | F: 506000 | S: 253000 | E: 506 | L: 1000 | R: 837.7680 | BS: 253000 | FPS: 134.8219 | T: 1:14:49
| train          | F: 507000 | S: 253500 | E: 507 | L: 1000 | R: 815.5625 | BS: 253500 | FPS: 134.1315 | T: 1:14:56
| train          | F: 508000 | S: 254000 | E: 508 | L: 1000 | R: 844.6040 | BS: 254000 | FPS: 133.4170 | T: 1:15:04
| train          | F: 509000 | S: 254500 | E: 509 | L: 1000 | R: 832.4467 | BS: 254500 | FPS: 133.2099 | T: 1:15:11
