/workspace/learn-si2e/base-vcse/VCSE_DrQv2/train.py:207: UserWarning: 
The version_base parameter is not specified.
Please specify a compatability version level, or None.
Will assume defaults for version 1.1
  @hydra.main(config_path='cfgs', config_name='config')
/usr/local/lib/python3.10/dist-packages/hydra/_internal/hydra.py:119: UserWarning: Future Hydra versions will no longer change working directory at job runtime by default.
See https://hydra.cc/docs/1.2/upgrades/1.1_to_1.2/changes_to_job_working_dir/ for more information.
  ret = run_job(
/workspace/learn-si2e/base-vcse/VCSE_DrQv2/train.py:207: UserWarning: 
The version_base parameter is not specified.
Please specify a compatability version level, or None.
Will assume defaults for version 1.1
  @hydra.main(config_path='cfgs', config_name='config')
workspace: /workspace/learn-si2e/results/drqv2-official/quadruped_walk_vcse_seed1
| eval           | F: 0 | S: 0 | E: 0 | L: 1000 | R: 104.0255 | T: 0:00:00
| train          | F: 5000 | S: 2500 | E: 5 | L: 1000 | R: 62.6048 | BS: 2500 | FPS: 15.8969 | T: 0:01:02
| train          | F: 6000 | S: 3000 | E: 6 | L: 1000 | R: 4.3065 | BS: 3000 | FPS: 61.4704 | T: 0:01:19
| train          | F: 7000 | S: 3500 | E: 7 | L: 1000 | R: 19.4057 | BS: 3500 | FPS: 58.1627 | T: 0:01:36
| train          | F: 8000 | S: 4000 | E: 8 | L: 1000 | R: 3.0402 | BS: 4000 | FPS: 57.2559 | T: 0:01:53
| train          | F: 9000 | S: 4500 | E: 9 | L: 1000 | R: 2.7733 | BS: 4500 | FPS: 53.3952 | T: 0:02:12
| train          | F: 10000 | S: 5000 | E: 10 | L: 1000 | R: 142.2080 | BS: 5000 | FPS: 50.9933 | T: 0:02:32
| eval           | F: 10000 | S: 5000 | E: 10 | L: 1000 | R: 104.7745 | T: 0:02:32
| train          | F: 11000 | S: 5500 | E: 11 | L: 1000 | R: 50.0130 | BS: 5500 | FPS: 21.2999 | T: 0:03:19
| train          | F: 12000 | S: 6000 | E: 12 | L: 1000 | R: 455.2731 | BS: 6000 | FPS: 52.7576 | T: 0:03:38
| train          | F: 13000 | S: 6500 | E: 13 | L: 1000 | R: 8.5892 | BS: 6500 | FPS: 54.5277 | T: 0:03:56
| train          | F: 14000 | S: 7000 | E: 14 | L: 1000 | R: 457.1540 | BS: 7000 | FPS: 51.8616 | T: 0:04:15
| train          | F: 15000 | S: 7500 | E: 15 | L: 1000 | R: 13.4895 | BS: 7500 | FPS: 51.0237 | T: 0:04:35
| train          | F: 16000 | S: 8000 | E: 16 | L: 1000 | R: 43.8609 | BS: 8000 | FPS: 51.0950 | T: 0:04:54
| train          | F: 17000 | S: 8500 | E: 17 | L: 1000 | R: 15.0943 | BS: 8500 | FPS: 51.3331 | T: 0:05:14
| train          | F: 18000 | S: 9000 | E: 18 | L: 1000 | R: 17.9145 | BS: 9000 | FPS: 48.5554 | T: 0:05:34
| train          | F: 19000 | S: 9500 | E: 19 | L: 1000 | R: 59.4799 | BS: 9500 | FPS: 43.9976 | T: 0:05:57
| train          | F: 20000 | S: 10000 | E: 20 | L: 1000 | R: 23.9474 | BS: 10000 | FPS: 45.9797 | T: 0:06:19
| eval           | F: 20000 | S: 10000 | E: 20 | L: 1000 | R: 44.6526 | T: 0:06:19
| train          | F: 21000 | S: 10500 | E: 21 | L: 1000 | R: 18.2773 | BS: 10500 | FPS: 21.2578 | T: 0:07:06
| train          | F: 22000 | S: 11000 | E: 22 | L: 1000 | R: 25.7750 | BS: 11000 | FPS: 55.5483 | T: 0:07:24
| train          | F: 23000 | S: 11500 | E: 23 | L: 1000 | R: 58.3646 | BS: 11500 | FPS: 49.2388 | T: 0:07:44
| train          | F: 24000 | S: 12000 | E: 24 | L: 1000 | R: 26.5955 | BS: 12000 | FPS: 43.5485 | T: 0:08:07
| train          | F: 25000 | S: 12500 | E: 25 | L: 1000 | R: 123.4647 | BS: 12500 | FPS: 46.1669 | T: 0:08:29
| train          | F: 26000 | S: 13000 | E: 26 | L: 1000 | R: 51.4884 | BS: 13000 | FPS: 48.4115 | T: 0:08:50
| train          | F: 27000 | S: 13500 | E: 27 | L: 1000 | R: 240.1536 | BS: 13500 | FPS: 52.5053 | T: 0:09:09
| train          | F: 28000 | S: 14000 | E: 28 | L: 1000 | R: 54.7832 | BS: 14000 | FPS: 50.7069 | T: 0:09:28
| train          | F: 29000 | S: 14500 | E: 29 | L: 1000 | R: 65.2236 | BS: 14500 | FPS: 44.9626 | T: 0:09:51
| train          | F: 30000 | S: 15000 | E: 30 | L: 1000 | R: 8.2096 | BS: 15000 | FPS: 49.1514 | T: 0:10:11
| eval           | F: 30000 | S: 15000 | E: 30 | L: 1000 | R: 111.4501 | T: 0:10:11
| train          | F: 31000 | S: 15500 | E: 31 | L: 1000 | R: 71.5613 | BS: 15500 | FPS: 21.6576 | T: 0:10:57
| train          | F: 32000 | S: 16000 | E: 32 | L: 1000 | R: 55.6639 | BS: 16000 | FPS: 56.0309 | T: 0:11:15
| train          | F: 33000 | S: 16500 | E: 33 | L: 1000 | R: 68.3867 | BS: 16500 | FPS: 54.3231 | T: 0:11:33
| train          | F: 34000 | S: 17000 | E: 34 | L: 1000 | R: 276.6093 | BS: 17000 | FPS: 49.2087 | T: 0:11:54
| train          | F: 35000 | S: 17500 | E: 35 | L: 1000 | R: 15.7295 | BS: 17500 | FPS: 49.8811 | T: 0:12:14
| train          | F: 36000 | S: 18000 | E: 36 | L: 1000 | R: 12.9055 | BS: 18000 | FPS: 47.3702 | T: 0:12:35
| train          | F: 37000 | S: 18500 | E: 37 | L: 1000 | R: 66.8573 | BS: 18500 | FPS: 47.3425 | T: 0:12:56
| train          | F: 38000 | S: 19000 | E: 38 | L: 1000 | R: 184.7984 | BS: 19000 | FPS: 50.5486 | T: 0:13:16
| train          | F: 39000 | S: 19500 | E: 39 | L: 1000 | R: 13.3541 | BS: 19500 | FPS: 49.2038 | T: 0:13:36
| train          | F: 40000 | S: 20000 | E: 40 | L: 1000 | R: 473.8789 | BS: 20000 | FPS: 46.8247 | T: 0:13:57
| eval           | F: 40000 | S: 20000 | E: 40 | L: 1000 | R: 150.7377 | T: 0:13:57
| train          | F: 41000 | S: 20500 | E: 41 | L: 1000 | R: 25.3595 | BS: 20500 | FPS: 21.9437 | T: 0:14:43
| train          | F: 42000 | S: 21000 | E: 42 | L: 1000 | R: 12.2146 | BS: 21000 | FPS: 53.2223 | T: 0:15:02
| train          | F: 43000 | S: 21500 | E: 43 | L: 1000 | R: 31.7571 | BS: 21500 | FPS: 49.6252 | T: 0:15:22
| train          | F: 44000 | S: 22000 | E: 44 | L: 1000 | R: 455.9979 | BS: 22000 | FPS: 51.2607 | T: 0:15:41
| train          | F: 45000 | S: 22500 | E: 45 | L: 1000 | R: 497.4950 | BS: 22500 | FPS: 49.1486 | T: 0:16:02
| train          | F: 46000 | S: 23000 | E: 46 | L: 1000 | R: 461.0751 | BS: 23000 | FPS: 48.8274 | T: 0:16:22
| train          | F: 47000 | S: 23500 | E: 47 | L: 1000 | R: 91.6943 | BS: 23500 | FPS: 50.0989 | T: 0:16:42
| train          | F: 48000 | S: 24000 | E: 48 | L: 1000 | R: 111.7406 | BS: 24000 | FPS: 46.9766 | T: 0:17:03
| train          | F: 49000 | S: 24500 | E: 49 | L: 1000 | R: 470.8011 | BS: 24500 | FPS: 49.6663 | T: 0:17:24
| train          | F: 50000 | S: 25000 | E: 50 | L: 1000 | R: 23.0786 | BS: 25000 | FPS: 44.1002 | T: 0:17:46
| eval           | F: 50000 | S: 25000 | E: 50 | L: 1000 | R: 68.9139 | T: 0:17:46
| train          | F: 51000 | S: 25500 | E: 51 | L: 1000 | R: 477.2481 | BS: 25500 | FPS: 20.3485 | T: 0:18:35
| train          | F: 52000 | S: 26000 | E: 52 | L: 1000 | R: 29.1467 | BS: 26000 | FPS: 55.3567 | T: 0:18:54
| train          | F: 53000 | S: 26500 | E: 53 | L: 1000 | R: 9.0558 | BS: 26500 | FPS: 52.9567 | T: 0:19:12
| train          | F: 54000 | S: 27000 | E: 54 | L: 1000 | R: 14.1872 | BS: 27000 | FPS: 48.0514 | T: 0:19:33
| train          | F: 55000 | S: 27500 | E: 55 | L: 1000 | R: 1.6021 | BS: 27500 | FPS: 47.2374 | T: 0:19:54
| train          | F: 56000 | S: 28000 | E: 56 | L: 1000 | R: 7.6806 | BS: 28000 | FPS: 44.8432 | T: 0:20:17
| train          | F: 57000 | S: 28500 | E: 57 | L: 1000 | R: 0.7551 | BS: 28500 | FPS: 46.0503 | T: 0:20:38
| train          | F: 58000 | S: 29000 | E: 58 | L: 1000 | R: 52.9068 | BS: 29000 | FPS: 45.7119 | T: 0:21:00
| train          | F: 59000 | S: 29500 | E: 59 | L: 1000 | R: 57.0888 | BS: 29500 | FPS: 45.3130 | T: 0:21:22
| train          | F: 60000 | S: 30000 | E: 60 | L: 1000 | R: 31.6699 | BS: 30000 | FPS: 49.8785 | T: 0:21:42
| eval           | F: 60000 | S: 30000 | E: 60 | L: 1000 | R: 300.9711 | T: 0:21:42
| train          | F: 61000 | S: 30500 | E: 61 | L: 1000 | R: 513.3184 | BS: 30500 | FPS: 21.5905 | T: 0:22:29
| train          | F: 62000 | S: 31000 | E: 62 | L: 1000 | R: 342.9035 | BS: 31000 | FPS: 54.1738 | T: 0:22:47
| train          | F: 63000 | S: 31500 | E: 63 | L: 1000 | R: 322.3556 | BS: 31500 | FPS: 54.1497 | T: 0:23:06
| train          | F: 64000 | S: 32000 | E: 64 | L: 1000 | R: 72.3658 | BS: 32000 | FPS: 54.9804 | T: 0:23:24
| train          | F: 65000 | S: 32500 | E: 65 | L: 1000 | R: 469.8552 | BS: 32500 | FPS: 50.1941 | T: 0:23:44
| train          | F: 66000 | S: 33000 | E: 66 | L: 1000 | R: 0.2093 | BS: 33000 | FPS: 51.9754 | T: 0:24:03
| train          | F: 67000 | S: 33500 | E: 67 | L: 1000 | R: 0.5273 | BS: 33500 | FPS: 51.7166 | T: 0:24:22
| train          | F: 68000 | S: 34000 | E: 68 | L: 1000 | R: 278.8479 | BS: 34000 | FPS: 49.9835 | T: 0:24:42
| train          | F: 69000 | S: 34500 | E: 69 | L: 1000 | R: 33.3783 | BS: 34500 | FPS: 49.3685 | T: 0:25:03
| train          | F: 70000 | S: 35000 | E: 70 | L: 1000 | R: 242.3888 | BS: 35000 | FPS: 51.5411 | T: 0:25:22
| eval           | F: 70000 | S: 35000 | E: 70 | L: 1000 | R: 109.7580 | T: 0:25:22
| train          | F: 71000 | S: 35500 | E: 71 | L: 1000 | R: 115.4069 | BS: 35500 | FPS: 20.3999 | T: 0:26:11
| train          | F: 72000 | S: 36000 | E: 72 | L: 1000 | R: 35.2945 | BS: 36000 | FPS: 52.6092 | T: 0:26:30
| train          | F: 73000 | S: 36500 | E: 73 | L: 1000 | R: 269.9621 | BS: 36500 | FPS: 53.7286 | T: 0:26:49
| train          | F: 74000 | S: 37000 | E: 74 | L: 1000 | R: 15.9714 | BS: 37000 | FPS: 52.2131 | T: 0:27:08
| train          | F: 75000 | S: 37500 | E: 75 | L: 1000 | R: 12.8026 | BS: 37500 | FPS: 53.5079 | T: 0:27:26
| train          | F: 76000 | S: 38000 | E: 76 | L: 1000 | R: 13.0019 | BS: 38000 | FPS: 50.4873 | T: 0:27:46
| train          | F: 77000 | S: 38500 | E: 77 | L: 1000 | R: 73.1350 | BS: 38500 | FPS: 49.8915 | T: 0:28:06
| train          | F: 78000 | S: 39000 | E: 78 | L: 1000 | R: 13.2349 | BS: 39000 | FPS: 51.4695 | T: 0:28:26
| train          | F: 79000 | S: 39500 | E: 79 | L: 1000 | R: 109.1837 | BS: 39500 | FPS: 46.3800 | T: 0:28:47
| train          | F: 80000 | S: 40000 | E: 80 | L: 1000 | R: 53.2260 | BS: 40000 | FPS: 46.1588 | T: 0:29:09
| eval           | F: 80000 | S: 40000 | E: 80 | L: 1000 | R: 108.9038 | T: 0:29:09
| train          | F: 81000 | S: 40500 | E: 81 | L: 1000 | R: 39.3929 | BS: 40500 | FPS: 20.1869 | T: 0:29:59
| train          | F: 82000 | S: 41000 | E: 82 | L: 1000 | R: 20.4571 | BS: 41000 | FPS: 49.2612 | T: 0:30:19
| train          | F: 83000 | S: 41500 | E: 83 | L: 1000 | R: 46.1759 | BS: 41500 | FPS: 49.5814 | T: 0:30:39
| train          | F: 84000 | S: 42000 | E: 84 | L: 1000 | R: 14.5534 | BS: 42000 | FPS: 52.4434 | T: 0:30:58
| train          | F: 85000 | S: 42500 | E: 85 | L: 1000 | R: 22.2785 | BS: 42500 | FPS: 50.8261 | T: 0:31:18
| train          | F: 86000 | S: 43000 | E: 86 | L: 1000 | R: 159.6638 | BS: 43000 | FPS: 51.5826 | T: 0:31:37
| train          | F: 87000 | S: 43500 | E: 87 | L: 1000 | R: 380.1461 | BS: 43500 | FPS: 49.1139 | T: 0:31:57
| train          | F: 88000 | S: 44000 | E: 88 | L: 1000 | R: 35.1003 | BS: 44000 | FPS: 49.7077 | T: 0:32:18
| train          | F: 89000 | S: 44500 | E: 89 | L: 1000 | R: 30.1235 | BS: 44500 | FPS: 50.0829 | T: 0:32:38
| train          | F: 90000 | S: 45000 | E: 90 | L: 1000 | R: 67.1302 | BS: 45000 | FPS: 49.2026 | T: 0:32:58
| eval           | F: 90000 | S: 45000 | E: 90 | L: 1000 | R: 214.8321 | T: 0:32:58
| train          | F: 91000 | S: 45500 | E: 91 | L: 1000 | R: 27.9483 | BS: 45500 | FPS: 21.5478 | T: 0:33:44
| train          | F: 92000 | S: 46000 | E: 92 | L: 1000 | R: 224.2016 | BS: 46000 | FPS: 52.7169 | T: 0:34:03
| train          | F: 93000 | S: 46500 | E: 93 | L: 1000 | R: 253.9273 | BS: 46500 | FPS: 51.6251 | T: 0:34:23
| train          | F: 94000 | S: 47000 | E: 94 | L: 1000 | R: 21.7006 | BS: 47000 | FPS: 53.6667 | T: 0:34:41
| train          | F: 95000 | S: 47500 | E: 95 | L: 1000 | R: 32.3332 | BS: 47500 | FPS: 49.9811 | T: 0:35:01
| train          | F: 96000 | S: 48000 | E: 96 | L: 1000 | R: 70.5734 | BS: 48000 | FPS: 50.5567 | T: 0:35:21
| train          | F: 97000 | S: 48500 | E: 97 | L: 1000 | R: 136.7301 | BS: 48500 | FPS: 50.6161 | T: 0:35:41
| train          | F: 98000 | S: 49000 | E: 98 | L: 1000 | R: 166.9235 | BS: 49000 | FPS: 50.4132 | T: 0:36:01
| train          | F: 99000 | S: 49500 | E: 99 | L: 1000 | R: 56.7449 | BS: 49500 | FPS: 49.6922 | T: 0:36:21
| train          | F: 100000 | S: 50000 | E: 100 | L: 1000 | R: 508.2059 | BS: 50000 | FPS: 49.8991 | T: 0:36:41
| eval           | F: 100000 | S: 50000 | E: 100 | L: 1000 | R: 248.3961 | T: 0:36:41
| train          | F: 101000 | S: 50500 | E: 101 | L: 1000 | R: 475.0572 | BS: 50500 | FPS: 20.8629 | T: 0:37:29
| train          | F: 102000 | S: 51000 | E: 102 | L: 1000 | R: 68.3336 | BS: 51000 | FPS: 53.5126 | T: 0:37:47
| train          | F: 103000 | S: 51500 | E: 103 | L: 1000 | R: 58.2868 | BS: 51500 | FPS: 54.0999 | T: 0:38:06
| train          | F: 104000 | S: 52000 | E: 104 | L: 1000 | R: 32.3145 | BS: 52000 | FPS: 51.6656 | T: 0:38:25
| train          | F: 105000 | S: 52500 | E: 105 | L: 1000 | R: 395.3313 | BS: 52500 | FPS: 49.9370 | T: 0:38:45
| train          | F: 106000 | S: 53000 | E: 106 | L: 1000 | R: 36.9144 | BS: 53000 | FPS: 50.9993 | T: 0:39:05
| train          | F: 107000 | S: 53500 | E: 107 | L: 1000 | R: 476.1874 | BS: 53500 | FPS: 50.2069 | T: 0:39:25
| train          | F: 108000 | S: 54000 | E: 108 | L: 1000 | R: 67.8380 | BS: 54000 | FPS: 51.9410 | T: 0:39:44
| train          | F: 109000 | S: 54500 | E: 109 | L: 1000 | R: 406.0768 | BS: 54500 | FPS: 50.9694 | T: 0:40:04
| train          | F: 110000 | S: 55000 | E: 110 | L: 1000 | R: 128.6771 | BS: 55000 | FPS: 48.0100 | T: 0:40:25
| eval           | F: 110000 | S: 55000 | E: 110 | L: 1000 | R: 284.0581 | T: 0:40:25
| train          | F: 111000 | S: 55500 | E: 111 | L: 1000 | R: 257.7610 | BS: 55500 | FPS: 18.8540 | T: 0:41:18
| train          | F: 112000 | S: 56000 | E: 112 | L: 1000 | R: 71.4927 | BS: 56000 | FPS: 55.5283 | T: 0:41:36
| train          | F: 113000 | S: 56500 | E: 113 | L: 1000 | R: 59.4861 | BS: 56500 | FPS: 50.7668 | T: 0:41:55
| train          | F: 114000 | S: 57000 | E: 114 | L: 1000 | R: 36.4830 | BS: 57000 | FPS: 50.7346 | T: 0:42:15
| train          | F: 115000 | S: 57500 | E: 115 | L: 1000 | R: 452.2943 | BS: 57500 | FPS: 52.4597 | T: 0:42:34
| train          | F: 116000 | S: 58000 | E: 116 | L: 1000 | R: 37.6862 | BS: 58000 | FPS: 52.0777 | T: 0:42:53
| train          | F: 117000 | S: 58500 | E: 117 | L: 1000 | R: 495.6683 | BS: 58500 | FPS: 49.5220 | T: 0:43:13
| train          | F: 118000 | S: 59000 | E: 118 | L: 1000 | R: 159.1606 | BS: 59000 | FPS: 49.3031 | T: 0:43:34
| train          | F: 119000 | S: 59500 | E: 119 | L: 1000 | R: 10.9652 | BS: 59500 | FPS: 49.8069 | T: 0:43:54
| train          | F: 120000 | S: 60000 | E: 120 | L: 1000 | R: 413.1666 | BS: 60000 | FPS: 47.5294 | T: 0:44:15
| eval           | F: 120000 | S: 60000 | E: 120 | L: 1000 | R: 302.9296 | T: 0:44:15
| train          | F: 121000 | S: 60500 | E: 121 | L: 1000 | R: 67.6015 | BS: 60500 | FPS: 21.3312 | T: 0:45:02
| train          | F: 122000 | S: 61000 | E: 122 | L: 1000 | R: 239.1763 | BS: 61000 | FPS: 54.1242 | T: 0:45:20
| train          | F: 123000 | S: 61500 | E: 123 | L: 1000 | R: 71.4337 | BS: 61500 | FPS: 51.8584 | T: 0:45:39
| train          | F: 124000 | S: 62000 | E: 124 | L: 1000 | R: 179.1904 | BS: 62000 | FPS: 48.8319 | T: 0:46:00
| train          | F: 125000 | S: 62500 | E: 125 | L: 1000 | R: 95.7672 | BS: 62500 | FPS: 51.7410 | T: 0:46:19
| train          | F: 126000 | S: 63000 | E: 126 | L: 1000 | R: 488.5302 | BS: 63000 | FPS: 51.0136 | T: 0:46:39
| train          | F: 127000 | S: 63500 | E: 127 | L: 1000 | R: 36.7891 | BS: 63500 | FPS: 47.4491 | T: 0:47:00
| train          | F: 128000 | S: 64000 | E: 128 | L: 1000 | R: 447.8109 | BS: 64000 | FPS: 47.6239 | T: 0:47:21
| train          | F: 129000 | S: 64500 | E: 129 | L: 1000 | R: 144.1303 | BS: 64500 | FPS: 52.0098 | T: 0:47:40
| train          | F: 130000 | S: 65000 | E: 130 | L: 1000 | R: 41.2058 | BS: 65000 | FPS: 49.7278 | T: 0:48:00
| eval           | F: 130000 | S: 65000 | E: 130 | L: 1000 | R: 188.0725 | T: 0:48:00
| train          | F: 131000 | S: 65500 | E: 131 | L: 1000 | R: 368.1622 | BS: 65500 | FPS: 21.2516 | T: 0:48:47
| train          | F: 132000 | S: 66000 | E: 132 | L: 1000 | R: 454.0417 | BS: 66000 | FPS: 55.6331 | T: 0:49:05
| train          | F: 133000 | S: 66500 | E: 133 | L: 1000 | R: 101.9515 | BS: 66500 | FPS: 49.8334 | T: 0:49:25
| train          | F: 134000 | S: 67000 | E: 134 | L: 1000 | R: 438.8691 | BS: 67000 | FPS: 51.3261 | T: 0:49:45
| train          | F: 135000 | S: 67500 | E: 135 | L: 1000 | R: 130.6436 | BS: 67500 | FPS: 49.3586 | T: 0:50:05
| train          | F: 136000 | S: 68000 | E: 136 | L: 1000 | R: 43.4994 | BS: 68000 | FPS: 50.5453 | T: 0:50:25
| train          | F: 137000 | S: 68500 | E: 137 | L: 1000 | R: 129.3335 | BS: 68500 | FPS: 49.9072 | T: 0:50:45
| train          | F: 138000 | S: 69000 | E: 138 | L: 1000 | R: 226.8456 | BS: 69000 | FPS: 49.7620 | T: 0:51:05
| train          | F: 139000 | S: 69500 | E: 139 | L: 1000 | R: 226.9021 | BS: 69500 | FPS: 50.0773 | T: 0:51:25
| train          | F: 140000 | S: 70000 | E: 140 | L: 1000 | R: 107.7042 | BS: 70000 | FPS: 50.0990 | T: 0:51:45
| eval           | F: 140000 | S: 70000 | E: 140 | L: 1000 | R: 150.9589 | T: 0:51:45
| train          | F: 141000 | S: 70500 | E: 141 | L: 1000 | R: 224.4543 | BS: 70500 | FPS: 20.5545 | T: 0:52:34
| train          | F: 142000 | S: 71000 | E: 142 | L: 1000 | R: 419.5956 | BS: 71000 | FPS: 55.7034 | T: 0:52:52
| train          | F: 143000 | S: 71500 | E: 143 | L: 1000 | R: 84.1171 | BS: 71500 | FPS: 52.4472 | T: 0:53:11
| train          | F: 144000 | S: 72000 | E: 144 | L: 1000 | R: 106.5362 | BS: 72000 | FPS: 49.6430 | T: 0:53:31
| train          | F: 145000 | S: 72500 | E: 145 | L: 1000 | R: 253.4520 | BS: 72500 | FPS: 53.0388 | T: 0:53:50
| train          | F: 146000 | S: 73000 | E: 146 | L: 1000 | R: 323.5319 | BS: 73000 | FPS: 49.5209 | T: 0:54:10
| train          | F: 147000 | S: 73500 | E: 147 | L: 1000 | R: 403.9693 | BS: 73500 | FPS: 44.9083 | T: 0:54:32
| train          | F: 148000 | S: 74000 | E: 148 | L: 1000 | R: 152.0890 | BS: 74000 | FPS: 48.5440 | T: 0:54:53
| train          | F: 149000 | S: 74500 | E: 149 | L: 1000 | R: 211.5511 | BS: 74500 | FPS: 48.4806 | T: 0:55:13
| train          | F: 150000 | S: 75000 | E: 150 | L: 1000 | R: 163.1561 | BS: 75000 | FPS: 44.7676 | T: 0:55:36
| eval           | F: 150000 | S: 75000 | E: 150 | L: 1000 | R: 291.6553 | T: 0:55:36
| train          | F: 151000 | S: 75500 | E: 151 | L: 1000 | R: 264.7653 | BS: 75500 | FPS: 20.7184 | T: 0:56:24
| train          | F: 152000 | S: 76000 | E: 152 | L: 1000 | R: 274.8222 | BS: 76000 | FPS: 52.5654 | T: 0:56:43
| train          | F: 153000 | S: 76500 | E: 153 | L: 1000 | R: 187.0857 | BS: 76500 | FPS: 51.2277 | T: 0:57:02
| train          | F: 154000 | S: 77000 | E: 154 | L: 1000 | R: 183.2562 | BS: 77000 | FPS: 51.1538 | T: 0:57:22
| train          | F: 155000 | S: 77500 | E: 155 | L: 1000 | R: 155.0121 | BS: 77500 | FPS: 51.8827 | T: 0:57:41
| train          | F: 156000 | S: 78000 | E: 156 | L: 1000 | R: 12.1659 | BS: 78000 | FPS: 50.2566 | T: 0:58:01
| train          | F: 157000 | S: 78500 | E: 157 | L: 1000 | R: 527.7136 | BS: 78500 | FPS: 49.4906 | T: 0:58:21
| train          | F: 158000 | S: 79000 | E: 158 | L: 1000 | R: 79.6806 | BS: 79000 | FPS: 50.3780 | T: 0:58:41
| train          | F: 159000 | S: 79500 | E: 159 | L: 1000 | R: 453.0463 | BS: 79500 | FPS: 49.2560 | T: 0:59:02
| train          | F: 160000 | S: 80000 | E: 160 | L: 1000 | R: 88.0210 | BS: 80000 | FPS: 50.0217 | T: 0:59:22
| eval           | F: 160000 | S: 80000 | E: 160 | L: 1000 | R: 361.3845 | T: 0:59:22
| train          | F: 161000 | S: 80500 | E: 161 | L: 1000 | R: 199.3835 | BS: 80500 | FPS: 20.7143 | T: 1:00:10
| train          | F: 162000 | S: 81000 | E: 162 | L: 1000 | R: 220.7821 | BS: 81000 | FPS: 48.0525 | T: 1:00:31
| train          | F: 163000 | S: 81500 | E: 163 | L: 1000 | R: 129.1373 | BS: 81500 | FPS: 44.5356 | T: 1:00:53
| train          | F: 164000 | S: 82000 | E: 164 | L: 1000 | R: 337.0156 | BS: 82000 | FPS: 50.6470 | T: 1:01:13
| train          | F: 165000 | S: 82500 | E: 165 | L: 1000 | R: 474.6727 | BS: 82500 | FPS: 52.5211 | T: 1:01:32
| train          | F: 166000 | S: 83000 | E: 166 | L: 1000 | R: 176.6346 | BS: 83000 | FPS: 48.1231 | T: 1:01:53
| train          | F: 167000 | S: 83500 | E: 167 | L: 1000 | R: 466.5585 | BS: 83500 | FPS: 46.6960 | T: 1:02:14
| train          | F: 168000 | S: 84000 | E: 168 | L: 1000 | R: 147.1696 | BS: 84000 | FPS: 47.6769 | T: 1:02:35
| train          | F: 169000 | S: 84500 | E: 169 | L: 1000 | R: 126.0268 | BS: 84500 | FPS: 51.5845 | T: 1:02:54
| train          | F: 170000 | S: 85000 | E: 170 | L: 1000 | R: 253.6516 | BS: 85000 | FPS: 48.6142 | T: 1:03:15
| eval           | F: 170000 | S: 85000 | E: 170 | L: 1000 | R: 397.5327 | T: 1:03:15
| train          | F: 171000 | S: 85500 | E: 171 | L: 1000 | R: 172.4823 | BS: 85500 | FPS: 19.6388 | T: 1:04:06
| train          | F: 172000 | S: 86000 | E: 172 | L: 1000 | R: 492.3817 | BS: 86000 | FPS: 56.1628 | T: 1:04:24
| train          | F: 173000 | S: 86500 | E: 173 | L: 1000 | R: 324.3646 | BS: 86500 | FPS: 49.8317 | T: 1:04:44
| train          | F: 174000 | S: 87000 | E: 174 | L: 1000 | R: 359.7724 | BS: 87000 | FPS: 45.8103 | T: 1:05:06
| train          | F: 175000 | S: 87500 | E: 175 | L: 1000 | R: 140.7247 | BS: 87500 | FPS: 45.6389 | T: 1:05:28
| train          | F: 176000 | S: 88000 | E: 176 | L: 1000 | R: 424.9612 | BS: 88000 | FPS: 53.0043 | T: 1:05:46
| train          | F: 177000 | S: 88500 | E: 177 | L: 1000 | R: 411.9205 | BS: 88500 | FPS: 50.8940 | T: 1:06:06
| train          | F: 178000 | S: 89000 | E: 178 | L: 1000 | R: 194.8120 | BS: 89000 | FPS: 51.2033 | T: 1:06:26
| train          | F: 179000 | S: 89500 | E: 179 | L: 1000 | R: 241.1977 | BS: 89500 | FPS: 51.7721 | T: 1:06:45
| train          | F: 180000 | S: 90000 | E: 180 | L: 1000 | R: 198.4683 | BS: 90000 | FPS: 49.5764 | T: 1:07:05
| eval           | F: 180000 | S: 90000 | E: 180 | L: 1000 | R: 409.8601 | T: 1:07:05
| train          | F: 181000 | S: 90500 | E: 181 | L: 1000 | R: 521.1553 | BS: 90500 | FPS: 22.2430 | T: 1:07:50
| train          | F: 182000 | S: 91000 | E: 182 | L: 1000 | R: 523.3654 | BS: 91000 | FPS: 53.4428 | T: 1:08:09
| train          | F: 183000 | S: 91500 | E: 183 | L: 1000 | R: 382.6497 | BS: 91500 | FPS: 50.7446 | T: 1:08:28
| train          | F: 184000 | S: 92000 | E: 184 | L: 1000 | R: 493.1686 | BS: 92000 | FPS: 50.7688 | T: 1:08:48
| train          | F: 185000 | S: 92500 | E: 185 | L: 1000 | R: 464.5315 | BS: 92500 | FPS: 51.4920 | T: 1:09:08
| train          | F: 186000 | S: 93000 | E: 186 | L: 1000 | R: 42.8762 | BS: 93000 | FPS: 50.4066 | T: 1:09:27
| train          | F: 187000 | S: 93500 | E: 187 | L: 1000 | R: 324.6839 | BS: 93500 | FPS: 50.3717 | T: 1:09:47
| train          | F: 188000 | S: 94000 | E: 188 | L: 1000 | R: 100.8711 | BS: 94000 | FPS: 49.7082 | T: 1:10:07
| train          | F: 189000 | S: 94500 | E: 189 | L: 1000 | R: 201.8692 | BS: 94500 | FPS: 49.3390 | T: 1:10:28
| train          | F: 190000 | S: 95000 | E: 190 | L: 1000 | R: 83.1941 | BS: 95000 | FPS: 50.9339 | T: 1:10:47
| eval           | F: 190000 | S: 95000 | E: 190 | L: 1000 | R: 271.7769 | T: 1:10:47
| train          | F: 191000 | S: 95500 | E: 191 | L: 1000 | R: 246.1852 | BS: 95500 | FPS: 21.5946 | T: 1:11:34
| train          | F: 192000 | S: 96000 | E: 192 | L: 1000 | R: 244.2978 | BS: 96000 | FPS: 48.8119 | T: 1:11:54
| train          | F: 193000 | S: 96500 | E: 193 | L: 1000 | R: 481.3565 | BS: 96500 | FPS: 53.1219 | T: 1:12:13
| train          | F: 194000 | S: 97000 | E: 194 | L: 1000 | R: 464.1537 | BS: 97000 | FPS: 45.2745 | T: 1:12:35
| train          | F: 195000 | S: 97500 | E: 195 | L: 1000 | R: 504.3612 | BS: 97500 | FPS: 44.0044 | T: 1:12:58
| train          | F: 196000 | S: 98000 | E: 196 | L: 1000 | R: 298.1163 | BS: 98000 | FPS: 46.4460 | T: 1:13:19
| train          | F: 197000 | S: 98500 | E: 197 | L: 1000 | R: 474.2561 | BS: 98500 | FPS: 50.5172 | T: 1:13:39
| train          | F: 198000 | S: 99000 | E: 198 | L: 1000 | R: 322.8913 | BS: 99000 | FPS: 49.3844 | T: 1:13:59
| train          | F: 199000 | S: 99500 | E: 199 | L: 1000 | R: 344.9936 | BS: 99500 | FPS: 48.1679 | T: 1:14:20
| train          | F: 200000 | S: 100000 | E: 200 | L: 1000 | R: 114.6877 | BS: 100000 | FPS: 49.5863 | T: 1:14:40
| eval           | F: 200000 | S: 100000 | E: 200 | L: 1000 | R: 393.1593 | T: 1:14:40
| train          | F: 201000 | S: 100500 | E: 201 | L: 1000 | R: 151.1480 | BS: 100500 | FPS: 20.6141 | T: 1:15:29
| train          | F: 202000 | S: 101000 | E: 202 | L: 1000 | R: 163.1164 | BS: 101000 | FPS: 53.1627 | T: 1:15:48
| train          | F: 203000 | S: 101500 | E: 203 | L: 1000 | R: 352.1383 | BS: 101500 | FPS: 53.8327 | T: 1:16:06
| train          | F: 204000 | S: 102000 | E: 204 | L: 1000 | R: 477.9188 | BS: 102000 | FPS: 52.0100 | T: 1:16:25
| train          | F: 205000 | S: 102500 | E: 205 | L: 1000 | R: 504.5605 | BS: 102500 | FPS: 50.7053 | T: 1:16:45
| train          | F: 206000 | S: 103000 | E: 206 | L: 1000 | R: 407.6673 | BS: 103000 | FPS: 49.2419 | T: 1:17:05
| train          | F: 207000 | S: 103500 | E: 207 | L: 1000 | R: 481.0314 | BS: 103500 | FPS: 50.8480 | T: 1:17:25
| train          | F: 208000 | S: 104000 | E: 208 | L: 1000 | R: 397.9697 | BS: 104000 | FPS: 49.8972 | T: 1:17:45
| train          | F: 209000 | S: 104500 | E: 209 | L: 1000 | R: 445.2580 | BS: 104500 | FPS: 50.0339 | T: 1:18:05
| train          | F: 210000 | S: 105000 | E: 210 | L: 1000 | R: 311.9985 | BS: 105000 | FPS: 48.9363 | T: 1:18:25
| eval           | F: 210000 | S: 105000 | E: 210 | L: 1000 | R: 281.9715 | T: 1:18:25
| train          | F: 211000 | S: 105500 | E: 211 | L: 1000 | R: 371.1240 | BS: 105500 | FPS: 20.3381 | T: 1:19:15
| train          | F: 212000 | S: 106000 | E: 212 | L: 1000 | R: 191.1992 | BS: 106000 | FPS: 55.9420 | T: 1:19:33
| train          | F: 213000 | S: 106500 | E: 213 | L: 1000 | R: 442.7401 | BS: 106500 | FPS: 53.0571 | T: 1:19:51
| train          | F: 214000 | S: 107000 | E: 214 | L: 1000 | R: 394.7794 | BS: 107000 | FPS: 46.8653 | T: 1:20:13
| train          | F: 215000 | S: 107500 | E: 215 | L: 1000 | R: 46.3436 | BS: 107500 | FPS: 44.5142 | T: 1:20:35
| train          | F: 216000 | S: 108000 | E: 216 | L: 1000 | R: 487.1301 | BS: 108000 | FPS: 48.7570 | T: 1:20:56
| train          | F: 217000 | S: 108500 | E: 217 | L: 1000 | R: 231.5895 | BS: 108500 | FPS: 53.0470 | T: 1:21:15
| train          | F: 218000 | S: 109000 | E: 218 | L: 1000 | R: 419.6765 | BS: 109000 | FPS: 51.2714 | T: 1:21:34
| train          | F: 219000 | S: 109500 | E: 219 | L: 1000 | R: 115.1726 | BS: 109500 | FPS: 48.1248 | T: 1:21:55
| train          | F: 220000 | S: 110000 | E: 220 | L: 1000 | R: 99.0060 | BS: 110000 | FPS: 49.0179 | T: 1:22:15
| eval           | F: 220000 | S: 110000 | E: 220 | L: 1000 | R: 350.6466 | T: 1:22:15
| train          | F: 221000 | S: 110500 | E: 221 | L: 1000 | R: 189.3570 | BS: 110500 | FPS: 20.0659 | T: 1:23:05
| train          | F: 222000 | S: 111000 | E: 222 | L: 1000 | R: 386.2030 | BS: 111000 | FPS: 47.6845 | T: 1:23:26
| train          | F: 223000 | S: 111500 | E: 223 | L: 1000 | R: 200.0332 | BS: 111500 | FPS: 51.4763 | T: 1:23:45
| train          | F: 224000 | S: 112000 | E: 224 | L: 1000 | R: 488.0840 | BS: 112000 | FPS: 54.4319 | T: 1:24:04
| train          | F: 225000 | S: 112500 | E: 225 | L: 1000 | R: 235.6386 | BS: 112500 | FPS: 48.7480 | T: 1:24:24
| train          | F: 226000 | S: 113000 | E: 226 | L: 1000 | R: 476.4513 | BS: 113000 | FPS: 47.9126 | T: 1:24:45
| train          | F: 227000 | S: 113500 | E: 227 | L: 1000 | R: 20.6217 | BS: 113500 | FPS: 51.9715 | T: 1:25:04
| train          | F: 228000 | S: 114000 | E: 228 | L: 1000 | R: 503.2922 | BS: 114000 | FPS: 51.4921 | T: 1:25:24
| train          | F: 229000 | S: 114500 | E: 229 | L: 1000 | R: 193.2597 | BS: 114500 | FPS: 46.0385 | T: 1:25:46
| train          | F: 230000 | S: 115000 | E: 230 | L: 1000 | R: 493.0700 | BS: 115000 | FPS: 49.9635 | T: 1:26:06
| eval           | F: 230000 | S: 115000 | E: 230 | L: 1000 | R: 306.3561 | T: 1:26:06
| train          | F: 231000 | S: 115500 | E: 231 | L: 1000 | R: 430.1289 | BS: 115500 | FPS: 22.2606 | T: 1:26:51
| train          | F: 232000 | S: 116000 | E: 232 | L: 1000 | R: 518.5341 | BS: 116000 | FPS: 53.9998 | T: 1:27:09
| train          | F: 233000 | S: 116500 | E: 233 | L: 1000 | R: 177.0550 | BS: 116500 | FPS: 52.9550 | T: 1:27:28
| train          | F: 234000 | S: 117000 | E: 234 | L: 1000 | R: 518.3195 | BS: 117000 | FPS: 51.1055 | T: 1:27:47
| train          | F: 235000 | S: 117500 | E: 235 | L: 1000 | R: 409.0738 | BS: 117500 | FPS: 49.4200 | T: 1:28:08
| train          | F: 236000 | S: 118000 | E: 236 | L: 1000 | R: 488.2917 | BS: 118000 | FPS: 51.1285 | T: 1:28:27
| train          | F: 237000 | S: 118500 | E: 237 | L: 1000 | R: 215.4956 | BS: 118500 | FPS: 44.4972 | T: 1:28:50
| train          | F: 238000 | S: 119000 | E: 238 | L: 1000 | R: 142.4479 | BS: 119000 | FPS: 44.2125 | T: 1:29:12
| train          | F: 239000 | S: 119500 | E: 239 | L: 1000 | R: 87.2656 | BS: 119500 | FPS: 50.0649 | T: 1:29:32
| train          | F: 240000 | S: 120000 | E: 240 | L: 1000 | R: 493.4593 | BS: 120000 | FPS: 50.4518 | T: 1:29:52
| eval           | F: 240000 | S: 120000 | E: 240 | L: 1000 | R: 386.3645 | T: 1:29:52
| train          | F: 241000 | S: 120500 | E: 241 | L: 1000 | R: 252.2238 | BS: 120500 | FPS: 20.8995 | T: 1:30:40
| train          | F: 242000 | S: 121000 | E: 242 | L: 1000 | R: 468.7604 | BS: 121000 | FPS: 53.1758 | T: 1:30:59
| train          | F: 243000 | S: 121500 | E: 243 | L: 1000 | R: 384.5780 | BS: 121500 | FPS: 53.3962 | T: 1:31:18
| train          | F: 244000 | S: 122000 | E: 244 | L: 1000 | R: 202.7554 | BS: 122000 | FPS: 52.3995 | T: 1:31:37
| train          | F: 245000 | S: 122500 | E: 245 | L: 1000 | R: 465.1263 | BS: 122500 | FPS: 51.4821 | T: 1:31:56
| train          | F: 246000 | S: 123000 | E: 246 | L: 1000 | R: 124.9289 | BS: 123000 | FPS: 49.8698 | T: 1:32:16
| train          | F: 247000 | S: 123500 | E: 247 | L: 1000 | R: 532.1008 | BS: 123500 | FPS: 51.8811 | T: 1:32:35
| train          | F: 248000 | S: 124000 | E: 248 | L: 1000 | R: 431.7369 | BS: 124000 | FPS: 48.5523 | T: 1:32:56
| train          | F: 249000 | S: 124500 | E: 249 | L: 1000 | R: 146.1080 | BS: 124500 | FPS: 48.8285 | T: 1:33:16
| train          | F: 250000 | S: 125000 | E: 250 | L: 1000 | R: 500.8649 | BS: 125000 | FPS: 49.5606 | T: 1:33:37
| eval           | F: 250000 | S: 125000 | E: 250 | L: 1000 | R: 340.3904 | T: 1:33:37
| train          | F: 251000 | S: 125500 | E: 251 | L: 1000 | R: 236.5176 | BS: 125500 | FPS: 19.7925 | T: 1:34:27
| train          | F: 252000 | S: 126000 | E: 252 | L: 1000 | R: 112.6331 | BS: 126000 | FPS: 52.6926 | T: 1:34:46
| train          | F: 253000 | S: 126500 | E: 253 | L: 1000 | R: 254.4170 | BS: 126500 | FPS: 51.7543 | T: 1:35:05
| train          | F: 254000 | S: 127000 | E: 254 | L: 1000 | R: 495.6837 | BS: 127000 | FPS: 48.2035 | T: 1:35:26
| train          | F: 255000 | S: 127500 | E: 255 | L: 1000 | R: 388.5639 | BS: 127500 | FPS: 46.6804 | T: 1:35:48
| train          | F: 256000 | S: 128000 | E: 256 | L: 1000 | R: 413.2746 | BS: 128000 | FPS: 46.4879 | T: 1:36:09
| train          | F: 257000 | S: 128500 | E: 257 | L: 1000 | R: 127.6357 | BS: 128500 | FPS: 44.8753 | T: 1:36:31
| train          | F: 258000 | S: 129000 | E: 258 | L: 1000 | R: 222.8578 | BS: 129000 | FPS: 46.5691 | T: 1:36:53
| train          | F: 259000 | S: 129500 | E: 259 | L: 1000 | R: 502.9526 | BS: 129500 | FPS: 49.8698 | T: 1:37:13
| train          | F: 260000 | S: 130000 | E: 260 | L: 1000 | R: 522.2066 | BS: 130000 | FPS: 51.2303 | T: 1:37:32
| eval           | F: 260000 | S: 130000 | E: 260 | L: 1000 | R: 403.7882 | T: 1:37:32
| train          | F: 261000 | S: 130500 | E: 261 | L: 1000 | R: 324.2531 | BS: 130500 | FPS: 21.9980 | T: 1:38:18
| train          | F: 262000 | S: 131000 | E: 262 | L: 1000 | R: 183.2044 | BS: 131000 | FPS: 52.4448 | T: 1:38:37
| train          | F: 263000 | S: 131500 | E: 263 | L: 1000 | R: 421.4837 | BS: 131500 | FPS: 49.9869 | T: 1:38:57
| train          | F: 264000 | S: 132000 | E: 264 | L: 1000 | R: 501.3120 | BS: 132000 | FPS: 53.4622 | T: 1:39:16
| train          | F: 265000 | S: 132500 | E: 265 | L: 1000 | R: 485.0922 | BS: 132500 | FPS: 50.8250 | T: 1:39:35
| train          | F: 266000 | S: 133000 | E: 266 | L: 1000 | R: 403.3469 | BS: 133000 | FPS: 50.8534 | T: 1:39:55
| train          | F: 267000 | S: 133500 | E: 267 | L: 1000 | R: 449.1325 | BS: 133500 | FPS: 51.6653 | T: 1:40:14
| train          | F: 268000 | S: 134000 | E: 268 | L: 1000 | R: 426.4789 | BS: 134000 | FPS: 50.5013 | T: 1:40:34
| train          | F: 269000 | S: 134500 | E: 269 | L: 1000 | R: 382.0334 | BS: 134500 | FPS: 49.7226 | T: 1:40:54
| train          | F: 270000 | S: 135000 | E: 270 | L: 1000 | R: 451.6750 | BS: 135000 | FPS: 43.4295 | T: 1:41:17
| eval           | F: 270000 | S: 135000 | E: 270 | L: 1000 | R: 387.4490 | T: 1:41:17
| train          | F: 271000 | S: 135500 | E: 271 | L: 1000 | R: 330.5819 | BS: 135500 | FPS: 20.2402 | T: 1:42:07
| train          | F: 272000 | S: 136000 | E: 272 | L: 1000 | R: 544.8727 | BS: 136000 | FPS: 55.6508 | T: 1:42:25
| train          | F: 273000 | S: 136500 | E: 273 | L: 1000 | R: 322.0377 | BS: 136500 | FPS: 54.3044 | T: 1:42:43
| train          | F: 274000 | S: 137000 | E: 274 | L: 1000 | R: 295.8013 | BS: 137000 | FPS: 46.9593 | T: 1:43:04
| train          | F: 275000 | S: 137500 | E: 275 | L: 1000 | R: 159.3147 | BS: 137500 | FPS: 45.6204 | T: 1:43:26
| train          | F: 276000 | S: 138000 | E: 276 | L: 1000 | R: 103.2347 | BS: 138000 | FPS: 50.9182 | T: 1:43:46
| train          | F: 277000 | S: 138500 | E: 277 | L: 1000 | R: 244.9571 | BS: 138500 | FPS: 53.3745 | T: 1:44:05
| train          | F: 278000 | S: 139000 | E: 278 | L: 1000 | R: 426.5978 | BS: 139000 | FPS: 50.9647 | T: 1:44:24
| train          | F: 279000 | S: 139500 | E: 279 | L: 1000 | R: 545.5186 | BS: 139500 | FPS: 51.2786 | T: 1:44:44
| train          | F: 280000 | S: 140000 | E: 280 | L: 1000 | R: 520.6293 | BS: 140000 | FPS: 52.3005 | T: 1:45:03
| eval           | F: 280000 | S: 140000 | E: 280 | L: 1000 | R: 394.4939 | T: 1:45:03
| train          | F: 281000 | S: 140500 | E: 281 | L: 1000 | R: 103.9230 | BS: 140500 | FPS: 20.7028 | T: 1:45:51
| train          | F: 282000 | S: 141000 | E: 282 | L: 1000 | R: 495.1859 | BS: 141000 | FPS: 53.6788 | T: 1:46:10
| train          | F: 283000 | S: 141500 | E: 283 | L: 1000 | R: 293.1807 | BS: 141500 | FPS: 53.9019 | T: 1:46:28
| train          | F: 284000 | S: 142000 | E: 284 | L: 1000 | R: 562.6247 | BS: 142000 | FPS: 50.6612 | T: 1:46:48
| train          | F: 285000 | S: 142500 | E: 285 | L: 1000 | R: 539.9478 | BS: 142500 | FPS: 49.7156 | T: 1:47:08
| train          | F: 286000 | S: 143000 | E: 286 | L: 1000 | R: 494.9238 | BS: 143000 | FPS: 45.9874 | T: 1:47:30
| train          | F: 287000 | S: 143500 | E: 287 | L: 1000 | R: 306.4849 | BS: 143500 | FPS: 44.9742 | T: 1:47:52
| train          | F: 288000 | S: 144000 | E: 288 | L: 1000 | R: 514.8174 | BS: 144000 | FPS: 50.6755 | T: 1:48:12
| train          | F: 289000 | S: 144500 | E: 289 | L: 1000 | R: 118.5013 | BS: 144500 | FPS: 49.1317 | T: 1:48:32
| train          | F: 290000 | S: 145000 | E: 290 | L: 1000 | R: 428.6792 | BS: 145000 | FPS: 49.2650 | T: 1:48:53
| eval           | F: 290000 | S: 145000 | E: 290 | L: 1000 | R: 408.3820 | T: 1:48:53
| train          | F: 291000 | S: 145500 | E: 291 | L: 1000 | R: 338.2044 | BS: 145500 | FPS: 20.3030 | T: 1:49:42
| train          | F: 292000 | S: 146000 | E: 292 | L: 1000 | R: 301.9593 | BS: 146000 | FPS: 44.3727 | T: 1:50:04
| train          | F: 293000 | S: 146500 | E: 293 | L: 1000 | R: 491.6163 | BS: 146500 | FPS: 51.2584 | T: 1:50:24
| train          | F: 294000 | S: 147000 | E: 294 | L: 1000 | R: 250.6391 | BS: 147000 | FPS: 47.3638 | T: 1:50:45
| train          | F: 295000 | S: 147500 | E: 295 | L: 1000 | R: 370.7897 | BS: 147500 | FPS: 43.2092 | T: 1:51:08
| train          | F: 296000 | S: 148000 | E: 296 | L: 1000 | R: 546.2406 | BS: 148000 | FPS: 45.8426 | T: 1:51:30
| train          | F: 297000 | S: 148500 | E: 297 | L: 1000 | R: 466.7014 | BS: 148500 | FPS: 47.5879 | T: 1:51:51
| train          | F: 298000 | S: 149000 | E: 298 | L: 1000 | R: 564.2352 | BS: 149000 | FPS: 45.4614 | T: 1:52:13
| train          | F: 299000 | S: 149500 | E: 299 | L: 1000 | R: 326.5099 | BS: 149500 | FPS: 46.8487 | T: 1:52:34
| train          | F: 300000 | S: 150000 | E: 300 | L: 1000 | R: 319.7415 | BS: 150000 | FPS: 45.1932 | T: 1:52:57
| eval           | F: 300000 | S: 150000 | E: 300 | L: 1000 | R: 313.4970 | T: 1:52:57
| train          | F: 301000 | S: 150500 | E: 301 | L: 1000 | R: 431.0199 | BS: 150500 | FPS: 20.0777 | T: 1:53:46
| train          | F: 302000 | S: 151000 | E: 302 | L: 1000 | R: 529.3486 | BS: 151000 | FPS: 54.7851 | T: 1:54:05
| train          | F: 303000 | S: 151500 | E: 303 | L: 1000 | R: 393.6554 | BS: 151500 | FPS: 54.7750 | T: 1:54:23
| train          | F: 304000 | S: 152000 | E: 304 | L: 1000 | R: 429.0641 | BS: 152000 | FPS: 51.3596 | T: 1:54:42
| train          | F: 305000 | S: 152500 | E: 305 | L: 1000 | R: 390.6415 | BS: 152500 | FPS: 48.8013 | T: 1:55:03
| train          | F: 306000 | S: 153000 | E: 306 | L: 1000 | R: 453.0831 | BS: 153000 | FPS: 44.7247 | T: 1:55:25
| train          | F: 307000 | S: 153500 | E: 307 | L: 1000 | R: 583.0340 | BS: 153500 | FPS: 44.4633 | T: 1:55:48
| train          | F: 308000 | S: 154000 | E: 308 | L: 1000 | R: 492.3939 | BS: 154000 | FPS: 44.5785 | T: 1:56:10
| train          | F: 309000 | S: 154500 | E: 309 | L: 1000 | R: 537.4709 | BS: 154500 | FPS: 45.1257 | T: 1:56:32
| train          | F: 310000 | S: 155000 | E: 310 | L: 1000 | R: 317.8382 | BS: 155000 | FPS: 46.3643 | T: 1:56:54
| eval           | F: 310000 | S: 155000 | E: 310 | L: 1000 | R: 404.0041 | T: 1:56:54
| train          | F: 311000 | S: 155500 | E: 311 | L: 1000 | R: 215.4276 | BS: 155500 | FPS: 19.9391 | T: 1:57:44
| train          | F: 312000 | S: 156000 | E: 312 | L: 1000 | R: 195.9674 | BS: 156000 | FPS: 54.9068 | T: 1:58:02
| train          | F: 313000 | S: 156500 | E: 313 | L: 1000 | R: 296.8094 | BS: 156500 | FPS: 53.4163 | T: 1:58:21
| train          | F: 314000 | S: 157000 | E: 314 | L: 1000 | R: 276.4385 | BS: 157000 | FPS: 48.3433 | T: 1:58:42
| train          | F: 315000 | S: 157500 | E: 315 | L: 1000 | R: 363.5602 | BS: 157500 | FPS: 52.0897 | T: 1:59:01
| train          | F: 316000 | S: 158000 | E: 316 | L: 1000 | R: 358.0401 | BS: 158000 | FPS: 51.9717 | T: 1:59:20
| train          | F: 317000 | S: 158500 | E: 317 | L: 1000 | R: 103.4236 | BS: 158500 | FPS: 52.2598 | T: 1:59:39
| train          | F: 318000 | S: 159000 | E: 318 | L: 1000 | R: 450.0091 | BS: 159000 | FPS: 50.4504 | T: 1:59:59
| train          | F: 319000 | S: 159500 | E: 319 | L: 1000 | R: 472.5931 | BS: 159500 | FPS: 48.8116 | T: 2:00:19
| train          | F: 320000 | S: 160000 | E: 320 | L: 1000 | R: 281.4246 | BS: 160000 | FPS: 47.1560 | T: 2:00:41
| eval           | F: 320000 | S: 160000 | E: 320 | L: 1000 | R: 429.3415 | T: 2:00:41
| train          | F: 321000 | S: 160500 | E: 321 | L: 1000 | R: 558.8883 | BS: 160500 | FPS: 20.7499 | T: 2:01:29
| train          | F: 322000 | S: 161000 | E: 322 | L: 1000 | R: 553.5024 | BS: 161000 | FPS: 54.1317 | T: 2:01:47
| train          | F: 323000 | S: 161500 | E: 323 | L: 1000 | R: 371.9020 | BS: 161500 | FPS: 51.6690 | T: 2:02:07
| train          | F: 324000 | S: 162000 | E: 324 | L: 1000 | R: 532.5696 | BS: 162000 | FPS: 52.0634 | T: 2:02:26
| train          | F: 325000 | S: 162500 | E: 325 | L: 1000 | R: 620.6796 | BS: 162500 | FPS: 51.1256 | T: 2:02:45
| train          | F: 326000 | S: 163000 | E: 326 | L: 1000 | R: 450.3142 | BS: 163000 | FPS: 50.0811 | T: 2:03:05
| train          | F: 327000 | S: 163500 | E: 327 | L: 1000 | R: 180.9110 | BS: 163500 | FPS: 47.9841 | T: 2:03:26
| train          | F: 328000 | S: 164000 | E: 328 | L: 1000 | R: 267.9471 | BS: 164000 | FPS: 50.5943 | T: 2:03:46
| train          | F: 329000 | S: 164500 | E: 329 | L: 1000 | R: 367.6143 | BS: 164500 | FPS: 49.2867 | T: 2:04:06
| train          | F: 330000 | S: 165000 | E: 330 | L: 1000 | R: 521.5866 | BS: 165000 | FPS: 49.2352 | T: 2:04:27
| eval           | F: 330000 | S: 165000 | E: 330 | L: 1000 | R: 388.8030 | T: 2:04:27
| train          | F: 331000 | S: 165500 | E: 331 | L: 1000 | R: 30.0053 | BS: 165500 | FPS: 21.0601 | T: 2:05:14
| train          | F: 332000 | S: 166000 | E: 332 | L: 1000 | R: 547.1173 | BS: 166000 | FPS: 53.7048 | T: 2:05:33
| train          | F: 333000 | S: 166500 | E: 333 | L: 1000 | R: 268.8371 | BS: 166500 | FPS: 51.2373 | T: 2:05:52
| train          | F: 334000 | S: 167000 | E: 334 | L: 1000 | R: 362.6820 | BS: 167000 | FPS: 53.1899 | T: 2:06:11
| train          | F: 335000 | S: 167500 | E: 335 | L: 1000 | R: 595.0423 | BS: 167500 | FPS: 49.3659 | T: 2:06:31
| train          | F: 336000 | S: 168000 | E: 336 | L: 1000 | R: 530.4493 | BS: 168000 | FPS: 49.6401 | T: 2:06:51
| train          | F: 337000 | S: 168500 | E: 337 | L: 1000 | R: 520.1878 | BS: 168500 | FPS: 52.3166 | T: 2:07:11
| train          | F: 338000 | S: 169000 | E: 338 | L: 1000 | R: 369.6540 | BS: 169000 | FPS: 51.2004 | T: 2:07:30
| train          | F: 339000 | S: 169500 | E: 339 | L: 1000 | R: 539.2303 | BS: 169500 | FPS: 52.0389 | T: 2:07:49
| train          | F: 340000 | S: 170000 | E: 340 | L: 1000 | R: 504.0141 | BS: 170000 | FPS: 51.5442 | T: 2:08:09
| eval           | F: 340000 | S: 170000 | E: 340 | L: 1000 | R: 433.7460 | T: 2:08:09
| train          | F: 341000 | S: 170500 | E: 341 | L: 1000 | R: 625.6258 | BS: 170500 | FPS: 21.0796 | T: 2:08:56
| train          | F: 342000 | S: 171000 | E: 342 | L: 1000 | R: 475.2143 | BS: 171000 | FPS: 51.3185 | T: 2:09:16
| train          | F: 343000 | S: 171500 | E: 343 | L: 1000 | R: 439.9797 | BS: 171500 | FPS: 52.8997 | T: 2:09:35
| train          | F: 344000 | S: 172000 | E: 344 | L: 1000 | R: 149.9293 | BS: 172000 | FPS: 49.1151 | T: 2:09:55
| train          | F: 345000 | S: 172500 | E: 345 | L: 1000 | R: 221.2993 | BS: 172500 | FPS: 52.1566 | T: 2:10:14
| train          | F: 346000 | S: 173000 | E: 346 | L: 1000 | R: 558.5932 | BS: 173000 | FPS: 49.1900 | T: 2:10:34
| train          | F: 347000 | S: 173500 | E: 347 | L: 1000 | R: 352.1245 | BS: 173500 | FPS: 51.8022 | T: 2:10:54
| train          | F: 348000 | S: 174000 | E: 348 | L: 1000 | R: 567.5738 | BS: 174000 | FPS: 50.8691 | T: 2:11:13
| train          | F: 349000 | S: 174500 | E: 349 | L: 1000 | R: 321.1034 | BS: 174500 | FPS: 45.6768 | T: 2:11:35
| train          | F: 350000 | S: 175000 | E: 350 | L: 1000 | R: 510.6194 | BS: 175000 | FPS: 44.2079 | T: 2:11:58
| eval           | F: 350000 | S: 175000 | E: 350 | L: 1000 | R: 412.7524 | T: 2:11:58
| train          | F: 351000 | S: 175500 | E: 351 | L: 1000 | R: 272.0159 | BS: 175500 | FPS: 19.2085 | T: 2:12:50
| train          | F: 352000 | S: 176000 | E: 352 | L: 1000 | R: 653.0261 | BS: 176000 | FPS: 52.0476 | T: 2:13:09
| train          | F: 353000 | S: 176500 | E: 353 | L: 1000 | R: 560.6010 | BS: 176500 | FPS: 52.2864 | T: 2:13:28
| train          | F: 354000 | S: 177000 | E: 354 | L: 1000 | R: 401.9599 | BS: 177000 | FPS: 52.5544 | T: 2:13:47
| train          | F: 355000 | S: 177500 | E: 355 | L: 1000 | R: 639.5713 | BS: 177500 | FPS: 51.6920 | T: 2:14:07
| train          | F: 356000 | S: 178000 | E: 356 | L: 1000 | R: 564.9935 | BS: 178000 | FPS: 52.2554 | T: 2:14:26
| train          | F: 357000 | S: 178500 | E: 357 | L: 1000 | R: 455.8927 | BS: 178500 | FPS: 50.4151 | T: 2:14:46
| train          | F: 358000 | S: 179000 | E: 358 | L: 1000 | R: 588.9133 | BS: 179000 | FPS: 51.8447 | T: 2:15:05
| train          | F: 359000 | S: 179500 | E: 359 | L: 1000 | R: 374.4569 | BS: 179500 | FPS: 49.6245 | T: 2:15:25
| train          | F: 360000 | S: 180000 | E: 360 | L: 1000 | R: 380.5953 | BS: 180000 | FPS: 49.7542 | T: 2:15:45
| eval           | F: 360000 | S: 180000 | E: 360 | L: 1000 | R: 541.7802 | T: 2:15:45
| train          | F: 361000 | S: 180500 | E: 361 | L: 1000 | R: 577.8803 | BS: 180500 | FPS: 20.7701 | T: 2:16:33
| train          | F: 362000 | S: 181000 | E: 362 | L: 1000 | R: 517.1902 | BS: 181000 | FPS: 53.8722 | T: 2:16:52
| train          | F: 363000 | S: 181500 | E: 363 | L: 1000 | R: 217.0547 | BS: 181500 | FPS: 49.1587 | T: 2:17:12
| train          | F: 364000 | S: 182000 | E: 364 | L: 1000 | R: 660.2328 | BS: 182000 | FPS: 51.4759 | T: 2:17:32
| train          | F: 365000 | S: 182500 | E: 365 | L: 1000 | R: 491.5664 | BS: 182500 | FPS: 52.5745 | T: 2:17:51
| train          | F: 366000 | S: 183000 | E: 366 | L: 1000 | R: 658.7528 | BS: 183000 | FPS: 48.3865 | T: 2:18:11
| train          | F: 367000 | S: 183500 | E: 367 | L: 1000 | R: 641.1298 | BS: 183500 | FPS: 51.4797 | T: 2:18:31
| train          | F: 368000 | S: 184000 | E: 368 | L: 1000 | R: 562.2821 | BS: 184000 | FPS: 49.2734 | T: 2:18:51
| train          | F: 369000 | S: 184500 | E: 369 | L: 1000 | R: 624.0095 | BS: 184500 | FPS: 48.9051 | T: 2:19:12
| train          | F: 370000 | S: 185000 | E: 370 | L: 1000 | R: 547.9171 | BS: 185000 | FPS: 51.2814 | T: 2:19:31
| eval           | F: 370000 | S: 185000 | E: 370 | L: 1000 | R: 474.6636 | T: 2:19:31
| train          | F: 371000 | S: 185500 | E: 371 | L: 1000 | R: 500.2927 | BS: 185500 | FPS: 20.8955 | T: 2:20:19
| train          | F: 372000 | S: 186000 | E: 372 | L: 1000 | R: 298.6761 | BS: 186000 | FPS: 54.2383 | T: 2:20:37
| train          | F: 373000 | S: 186500 | E: 373 | L: 1000 | R: 556.8494 | BS: 186500 | FPS: 53.2342 | T: 2:20:56
| train          | F: 374000 | S: 187000 | E: 374 | L: 1000 | R: 460.1826 | BS: 187000 | FPS: 49.7167 | T: 2:21:16
| train          | F: 375000 | S: 187500 | E: 375 | L: 1000 | R: 634.8298 | BS: 187500 | FPS: 42.9482 | T: 2:21:39
| train          | F: 376000 | S: 188000 | E: 376 | L: 1000 | R: 605.7035 | BS: 188000 | FPS: 43.0350 | T: 2:22:03
| train          | F: 377000 | S: 188500 | E: 377 | L: 1000 | R: 603.4890 | BS: 188500 | FPS: 48.5272 | T: 2:22:23
| train          | F: 378000 | S: 189000 | E: 378 | L: 1000 | R: 526.9286 | BS: 189000 | FPS: 51.4605 | T: 2:22:43
| train          | F: 379000 | S: 189500 | E: 379 | L: 1000 | R: 608.2548 | BS: 189500 | FPS: 50.7604 | T: 2:23:02
| train          | F: 380000 | S: 190000 | E: 380 | L: 1000 | R: 350.8187 | BS: 190000 | FPS: 51.0188 | T: 2:23:22
| eval           | F: 380000 | S: 190000 | E: 380 | L: 1000 | R: 533.7963 | T: 2:23:22
| train          | F: 381000 | S: 190500 | E: 381 | L: 1000 | R: 438.7526 | BS: 190500 | FPS: 21.5115 | T: 2:24:09
| train          | F: 382000 | S: 191000 | E: 382 | L: 1000 | R: 453.0303 | BS: 191000 | FPS: 50.0675 | T: 2:24:29
| train          | F: 383000 | S: 191500 | E: 383 | L: 1000 | R: 664.1893 | BS: 191500 | FPS: 50.0373 | T: 2:24:49
| train          | F: 384000 | S: 192000 | E: 384 | L: 1000 | R: 537.4710 | BS: 192000 | FPS: 50.3942 | T: 2:25:08
| train          | F: 385000 | S: 192500 | E: 385 | L: 1000 | R: 435.3811 | BS: 192500 | FPS: 46.2530 | T: 2:25:30
| train          | F: 386000 | S: 193000 | E: 386 | L: 1000 | R: 433.3526 | BS: 193000 | FPS: 45.7234 | T: 2:25:52
| train          | F: 387000 | S: 193500 | E: 387 | L: 1000 | R: 393.0082 | BS: 193500 | FPS: 44.1750 | T: 2:26:14
| train          | F: 388000 | S: 194000 | E: 388 | L: 1000 | R: 682.1531 | BS: 194000 | FPS: 47.3448 | T: 2:26:36
| train          | F: 389000 | S: 194500 | E: 389 | L: 1000 | R: 351.6024 | BS: 194500 | FPS: 44.5732 | T: 2:26:58
| train          | F: 390000 | S: 195000 | E: 390 | L: 1000 | R: 588.7840 | BS: 195000 | FPS: 46.5772 | T: 2:27:19
| eval           | F: 390000 | S: 195000 | E: 390 | L: 1000 | R: 388.6560 | T: 2:27:20
| train          | F: 391000 | S: 195500 | E: 391 | L: 1000 | R: 331.7854 | BS: 195500 | FPS: 20.2072 | T: 2:28:09
| train          | F: 392000 | S: 196000 | E: 392 | L: 1000 | R: 486.8626 | BS: 196000 | FPS: 56.5181 | T: 2:28:27
| train          | F: 393000 | S: 196500 | E: 393 | L: 1000 | R: 427.9644 | BS: 196500 | FPS: 51.2848 | T: 2:28:46
| train          | F: 394000 | S: 197000 | E: 394 | L: 1000 | R: 403.5953 | BS: 197000 | FPS: 50.0470 | T: 2:29:06
| train          | F: 395000 | S: 197500 | E: 395 | L: 1000 | R: 545.3213 | BS: 197500 | FPS: 46.0997 | T: 2:29:28
| train          | F: 396000 | S: 198000 | E: 396 | L: 1000 | R: 451.9406 | BS: 198000 | FPS: 51.3590 | T: 2:29:47
| train          | F: 397000 | S: 198500 | E: 397 | L: 1000 | R: 426.0634 | BS: 198500 | FPS: 51.1802 | T: 2:30:07
| train          | F: 398000 | S: 199000 | E: 398 | L: 1000 | R: 391.1349 | BS: 199000 | FPS: 48.1030 | T: 2:30:28
| train          | F: 399000 | S: 199500 | E: 399 | L: 1000 | R: 535.5264 | BS: 199500 | FPS: 45.0475 | T: 2:30:50
| train          | F: 400000 | S: 200000 | E: 400 | L: 1000 | R: 142.0286 | BS: 200000 | FPS: 47.9205 | T: 2:31:11
| eval           | F: 400000 | S: 200000 | E: 400 | L: 1000 | R: 543.4532 | T: 2:31:11
| train          | F: 401000 | S: 200500 | E: 401 | L: 1000 | R: 237.7215 | BS: 200500 | FPS: 21.4788 | T: 2:31:57
| train          | F: 402000 | S: 201000 | E: 402 | L: 1000 | R: 592.3749 | BS: 201000 | FPS: 52.3949 | T: 2:32:16
| train          | F: 403000 | S: 201500 | E: 403 | L: 1000 | R: 454.6692 | BS: 201500 | FPS: 51.6604 | T: 2:32:36
| train          | F: 404000 | S: 202000 | E: 404 | L: 1000 | R: 272.4665 | BS: 202000 | FPS: 53.0844 | T: 2:32:55
| train          | F: 405000 | S: 202500 | E: 405 | L: 1000 | R: 573.9811 | BS: 202500 | FPS: 52.1492 | T: 2:33:14
| train          | F: 406000 | S: 203000 | E: 406 | L: 1000 | R: 578.8306 | BS: 203000 | FPS: 51.6680 | T: 2:33:33
| train          | F: 407000 | S: 203500 | E: 407 | L: 1000 | R: 387.7884 | BS: 203500 | FPS: 49.4282 | T: 2:33:53
| train          | F: 408000 | S: 204000 | E: 408 | L: 1000 | R: 673.6957 | BS: 204000 | FPS: 50.1228 | T: 2:34:13
| train          | F: 409000 | S: 204500 | E: 409 | L: 1000 | R: 488.3416 | BS: 204500 | FPS: 49.4625 | T: 2:34:33
| train          | F: 410000 | S: 205000 | E: 410 | L: 1000 | R: 664.5968 | BS: 205000 | FPS: 48.6069 | T: 2:34:54
| eval           | F: 410000 | S: 205000 | E: 410 | L: 1000 | R: 486.0166 | T: 2:34:54
| train          | F: 411000 | S: 205500 | E: 411 | L: 1000 | R: 214.4193 | BS: 205500 | FPS: 16.3890 | T: 2:35:55
| train          | F: 412000 | S: 206000 | E: 412 | L: 1000 | R: 586.7510 | BS: 206000 | FPS: 51.3869 | T: 2:36:15
| train          | F: 413000 | S: 206500 | E: 413 | L: 1000 | R: 690.1680 | BS: 206500 | FPS: 46.5579 | T: 2:36:36
| train          | F: 414000 | S: 207000 | E: 414 | L: 1000 | R: 554.1566 | BS: 207000 | FPS: 44.0991 | T: 2:36:59
| train          | F: 415000 | S: 207500 | E: 415 | L: 1000 | R: 657.3183 | BS: 207500 | FPS: 49.7167 | T: 2:37:19
| train          | F: 416000 | S: 208000 | E: 416 | L: 1000 | R: 528.7544 | BS: 208000 | FPS: 53.1733 | T: 2:37:38
| train          | F: 417000 | S: 208500 | E: 417 | L: 1000 | R: 609.0102 | BS: 208500 | FPS: 52.1945 | T: 2:37:57
| train          | F: 418000 | S: 209000 | E: 418 | L: 1000 | R: 720.3426 | BS: 209000 | FPS: 50.9613 | T: 2:38:16
| train          | F: 419000 | S: 209500 | E: 419 | L: 1000 | R: 105.0739 | BS: 209500 | FPS: 50.5245 | T: 2:38:36
| train          | F: 420000 | S: 210000 | E: 420 | L: 1000 | R: 701.8924 | BS: 210000 | FPS: 50.6252 | T: 2:38:56
| eval           | F: 420000 | S: 210000 | E: 420 | L: 1000 | R: 587.6796 | T: 2:38:56
| train          | F: 421000 | S: 210500 | E: 421 | L: 1000 | R: 342.5632 | BS: 210500 | FPS: 21.1191 | T: 2:39:43
| train          | F: 422000 | S: 211000 | E: 422 | L: 1000 | R: 663.5219 | BS: 211000 | FPS: 56.5022 | T: 2:40:01
| train          | F: 423000 | S: 211500 | E: 423 | L: 1000 | R: 734.1925 | BS: 211500 | FPS: 52.7357 | T: 2:40:20
| train          | F: 424000 | S: 212000 | E: 424 | L: 1000 | R: 707.6304 | BS: 212000 | FPS: 51.9495 | T: 2:40:39
| train          | F: 425000 | S: 212500 | E: 425 | L: 1000 | R: 371.0090 | BS: 212500 | FPS: 50.5906 | T: 2:40:59
| train          | F: 426000 | S: 213000 | E: 426 | L: 1000 | R: 716.4408 | BS: 213000 | FPS: 51.7062 | T: 2:41:18
| train          | F: 427000 | S: 213500 | E: 427 | L: 1000 | R: 656.1352 | BS: 213500 | FPS: 49.1868 | T: 2:41:39
| train          | F: 428000 | S: 214000 | E: 428 | L: 1000 | R: 443.7348 | BS: 214000 | FPS: 49.4027 | T: 2:41:59
| train          | F: 429000 | S: 214500 | E: 429 | L: 1000 | R: 678.2721 | BS: 214500 | FPS: 50.3884 | T: 2:42:19
| train          | F: 430000 | S: 215000 | E: 430 | L: 1000 | R: 638.7767 | BS: 215000 | FPS: 50.9594 | T: 2:42:38
| eval           | F: 430000 | S: 215000 | E: 430 | L: 1000 | R: 529.1703 | T: 2:42:38
| train          | F: 431000 | S: 215500 | E: 431 | L: 1000 | R: 687.4406 | BS: 215500 | FPS: 20.4550 | T: 2:43:27
| train          | F: 432000 | S: 216000 | E: 432 | L: 1000 | R: 48.5018 | BS: 216000 | FPS: 52.8373 | T: 2:43:46
| train          | F: 433000 | S: 216500 | E: 433 | L: 1000 | R: 586.4686 | BS: 216500 | FPS: 52.9832 | T: 2:44:05
| train          | F: 434000 | S: 217000 | E: 434 | L: 1000 | R: 693.4380 | BS: 217000 | FPS: 51.6882 | T: 2:44:24
| train          | F: 435000 | S: 217500 | E: 435 | L: 1000 | R: 695.9216 | BS: 217500 | FPS: 51.1909 | T: 2:44:44
| train          | F: 436000 | S: 218000 | E: 436 | L: 1000 | R: 401.2331 | BS: 218000 | FPS: 52.4664 | T: 2:45:03
| train          | F: 437000 | S: 218500 | E: 437 | L: 1000 | R: 674.6254 | BS: 218500 | FPS: 50.6481 | T: 2:45:23
| train          | F: 438000 | S: 219000 | E: 438 | L: 1000 | R: 728.2511 | BS: 219000 | FPS: 52.0689 | T: 2:45:42
| train          | F: 439000 | S: 219500 | E: 439 | L: 1000 | R: 741.7122 | BS: 219500 | FPS: 45.6954 | T: 2:46:04
| train          | F: 440000 | S: 220000 | E: 440 | L: 1000 | R: 183.6509 | BS: 220000 | FPS: 50.5558 | T: 2:46:24
| eval           | F: 440000 | S: 220000 | E: 440 | L: 1000 | R: 617.6655 | T: 2:46:24
| train          | F: 441000 | S: 220500 | E: 441 | L: 1000 | R: 500.8996 | BS: 220500 | FPS: 17.1006 | T: 2:47:22
| train          | F: 442000 | S: 221000 | E: 442 | L: 1000 | R: 581.9933 | BS: 221000 | FPS: 51.5118 | T: 2:47:41
| train          | F: 443000 | S: 221500 | E: 443 | L: 1000 | R: 663.1879 | BS: 221500 | FPS: 46.8738 | T: 2:48:03
| train          | F: 444000 | S: 222000 | E: 444 | L: 1000 | R: 638.4725 | BS: 222000 | FPS: 49.3269 | T: 2:48:23
| train          | F: 445000 | S: 222500 | E: 445 | L: 1000 | R: 652.2143 | BS: 222500 | FPS: 51.2714 | T: 2:48:43
| train          | F: 446000 | S: 223000 | E: 446 | L: 1000 | R: 579.0874 | BS: 223000 | FPS: 46.0864 | T: 2:49:04
| train          | F: 447000 | S: 223500 | E: 447 | L: 1000 | R: 590.8438 | BS: 223500 | FPS: 47.3398 | T: 2:49:25
| train          | F: 448000 | S: 224000 | E: 448 | L: 1000 | R: 765.9043 | BS: 224000 | FPS: 45.0562 | T: 2:49:48
| train          | F: 449000 | S: 224500 | E: 449 | L: 1000 | R: 630.2442 | BS: 224500 | FPS: 45.8017 | T: 2:50:09
| train          | F: 450000 | S: 225000 | E: 450 | L: 1000 | R: 494.9540 | BS: 225000 | FPS: 44.2104 | T: 2:50:32
| eval           | F: 450000 | S: 225000 | E: 450 | L: 1000 | R: 622.2268 | T: 2:50:32
| train          | F: 451000 | S: 225500 | E: 451 | L: 1000 | R: 700.3764 | BS: 225500 | FPS: 20.0006 | T: 2:51:22
| train          | F: 452000 | S: 226000 | E: 452 | L: 1000 | R: 231.2415 | BS: 226000 | FPS: 55.2595 | T: 2:51:40
| train          | F: 453000 | S: 226500 | E: 453 | L: 1000 | R: 591.7601 | BS: 226500 | FPS: 53.3622 | T: 2:51:59
| train          | F: 454000 | S: 227000 | E: 454 | L: 1000 | R: 738.0295 | BS: 227000 | FPS: 53.4152 | T: 2:52:18
| train          | F: 455000 | S: 227500 | E: 455 | L: 1000 | R: 624.4966 | BS: 227500 | FPS: 51.9088 | T: 2:52:37
| train          | F: 456000 | S: 228000 | E: 456 | L: 1000 | R: 650.4091 | BS: 228000 | FPS: 51.0607 | T: 2:52:56
| train          | F: 457000 | S: 228500 | E: 457 | L: 1000 | R: 698.7659 | BS: 228500 | FPS: 48.8296 | T: 2:53:17
| train          | F: 458000 | S: 229000 | E: 458 | L: 1000 | R: 776.3270 | BS: 229000 | FPS: 50.2204 | T: 2:53:37
| train          | F: 459000 | S: 229500 | E: 459 | L: 1000 | R: 644.4132 | BS: 229500 | FPS: 50.1033 | T: 2:53:57
| train          | F: 460000 | S: 230000 | E: 460 | L: 1000 | R: 660.1377 | BS: 230000 | FPS: 51.4248 | T: 2:54:16
| eval           | F: 460000 | S: 230000 | E: 460 | L: 1000 | R: 640.9188 | T: 2:54:16
| train          | F: 461000 | S: 230500 | E: 461 | L: 1000 | R: 490.5818 | BS: 230500 | FPS: 22.1357 | T: 2:55:01
| train          | F: 462000 | S: 231000 | E: 462 | L: 1000 | R: 141.5303 | BS: 231000 | FPS: 51.2565 | T: 2:55:21
| train          | F: 463000 | S: 231500 | E: 463 | L: 1000 | R: 321.5087 | BS: 231500 | FPS: 52.4816 | T: 2:55:40
| train          | F: 464000 | S: 232000 | E: 464 | L: 1000 | R: 280.3330 | BS: 232000 | FPS: 51.1861 | T: 2:56:00
| train          | F: 465000 | S: 232500 | E: 465 | L: 1000 | R: 546.8651 | BS: 232500 | FPS: 51.8182 | T: 2:56:19
| train          | F: 466000 | S: 233000 | E: 466 | L: 1000 | R: 734.8233 | BS: 233000 | FPS: 51.7320 | T: 2:56:38
| train          | F: 467000 | S: 233500 | E: 467 | L: 1000 | R: 690.8690 | BS: 233500 | FPS: 49.6794 | T: 2:56:58
| train          | F: 468000 | S: 234000 | E: 468 | L: 1000 | R: 636.1367 | BS: 234000 | FPS: 50.2637 | T: 2:57:18
| train          | F: 469000 | S: 234500 | E: 469 | L: 1000 | R: 511.7233 | BS: 234500 | FPS: 44.6974 | T: 2:57:41
| train          | F: 470000 | S: 235000 | E: 470 | L: 1000 | R: 676.1383 | BS: 235000 | FPS: 49.4204 | T: 2:58:01
| eval           | F: 470000 | S: 235000 | E: 470 | L: 1000 | R: 681.0313 | T: 2:58:01
| train          | F: 471000 | S: 235500 | E: 471 | L: 1000 | R: 723.9683 | BS: 235500 | FPS: 21.0784 | T: 2:58:48
| train          | F: 472000 | S: 236000 | E: 472 | L: 1000 | R: 733.1958 | BS: 236000 | FPS: 49.3525 | T: 2:59:09
| train          | F: 473000 | S: 236500 | E: 473 | L: 1000 | R: 753.5254 | BS: 236500 | FPS: 47.3334 | T: 2:59:30
| train          | F: 474000 | S: 237000 | E: 474 | L: 1000 | R: 285.7949 | BS: 237000 | FPS: 46.8100 | T: 2:59:51
| train          | F: 475000 | S: 237500 | E: 475 | L: 1000 | R: 517.2981 | BS: 237500 | FPS: 45.0111 | T: 3:00:13
| train          | F: 476000 | S: 238000 | E: 476 | L: 1000 | R: 415.8265 | BS: 238000 | FPS: 46.9152 | T: 3:00:35
| train          | F: 477000 | S: 238500 | E: 477 | L: 1000 | R: 393.0612 | BS: 238500 | FPS: 45.7651 | T: 3:00:56
| train          | F: 478000 | S: 239000 | E: 478 | L: 1000 | R: 340.8354 | BS: 239000 | FPS: 48.7729 | T: 3:01:17
| train          | F: 479000 | S: 239500 | E: 479 | L: 1000 | R: 97.3644 | BS: 239500 | FPS: 47.4923 | T: 3:01:38
| train          | F: 480000 | S: 240000 | E: 480 | L: 1000 | R: 680.8226 | BS: 240000 | FPS: 49.4072 | T: 3:01:58
| eval           | F: 480000 | S: 240000 | E: 480 | L: 1000 | R: 645.6019 | T: 3:01:58
| train          | F: 481000 | S: 240500 | E: 481 | L: 1000 | R: 742.9916 | BS: 240500 | FPS: 20.3982 | T: 3:02:47
| train          | F: 482000 | S: 241000 | E: 482 | L: 1000 | R: 594.1373 | BS: 241000 | FPS: 48.1379 | T: 3:03:08
| train          | F: 483000 | S: 241500 | E: 483 | L: 1000 | R: 536.8692 | BS: 241500 | FPS: 47.7843 | T: 3:03:29
| train          | F: 484000 | S: 242000 | E: 484 | L: 1000 | R: 762.5300 | BS: 242000 | FPS: 44.2830 | T: 3:03:51
| train          | F: 485000 | S: 242500 | E: 485 | L: 1000 | R: 648.9950 | BS: 242500 | FPS: 46.4213 | T: 3:04:13
| train          | F: 486000 | S: 243000 | E: 486 | L: 1000 | R: 801.7465 | BS: 243000 | FPS: 46.0890 | T: 3:04:35
| train          | F: 487000 | S: 243500 | E: 487 | L: 1000 | R: 812.4867 | BS: 243500 | FPS: 45.8554 | T: 3:04:57
| train          | F: 488000 | S: 244000 | E: 488 | L: 1000 | R: 757.0877 | BS: 244000 | FPS: 45.5308 | T: 3:05:18
| train          | F: 489000 | S: 244500 | E: 489 | L: 1000 | R: 732.2231 | BS: 244500 | FPS: 46.3987 | T: 3:05:40
| train          | F: 490000 | S: 245000 | E: 490 | L: 1000 | R: 737.4935 | BS: 245000 | FPS: 50.7425 | T: 3:06:00
| eval           | F: 490000 | S: 245000 | E: 490 | L: 1000 | R: 731.3609 | T: 3:06:00
| train          | F: 491000 | S: 245500 | E: 491 | L: 1000 | R: 736.0007 | BS: 245500 | FPS: 21.1126 | T: 3:06:47
| train          | F: 492000 | S: 246000 | E: 492 | L: 1000 | R: 821.4362 | BS: 246000 | FPS: 53.3091 | T: 3:07:06
| train          | F: 493000 | S: 246500 | E: 493 | L: 1000 | R: 847.4660 | BS: 246500 | FPS: 53.7205 | T: 3:07:24
| train          | F: 494000 | S: 247000 | E: 494 | L: 1000 | R: 742.9996 | BS: 247000 | FPS: 51.8842 | T: 3:07:44
| train          | F: 495000 | S: 247500 | E: 495 | L: 1000 | R: 754.3207 | BS: 247500 | FPS: 51.5200 | T: 3:08:03
| train          | F: 496000 | S: 248000 | E: 496 | L: 1000 | R: 747.5705 | BS: 248000 | FPS: 48.6576 | T: 3:08:24
| train          | F: 497000 | S: 248500 | E: 497 | L: 1000 | R: 720.5104 | BS: 248500 | FPS: 49.3574 | T: 3:08:44
| train          | F: 498000 | S: 249000 | E: 498 | L: 1000 | R: 788.6195 | BS: 249000 | FPS: 50.8352 | T: 3:09:04
| train          | F: 499000 | S: 249500 | E: 499 | L: 1000 | R: 760.2831 | BS: 249500 | FPS: 50.7659 | T: 3:09:23
| train          | F: 500000 | S: 250000 | E: 500 | L: 1000 | R: 743.3969 | BS: 250000 | FPS: 50.2981 | T: 3:09:43
| eval           | F: 500000 | S: 250000 | E: 500 | L: 1000 | R: 784.5667 | T: 3:09:43
| train          | F: 501000 | S: 250500 | E: 501 | L: 1000 | R: 543.8448 | BS: 250500 | FPS: 21.2520 | T: 3:10:30
| train          | F: 502000 | S: 251000 | E: 502 | L: 1000 | R: 893.5980 | BS: 251000 | FPS: 45.6864 | T: 3:10:52
| train          | F: 503000 | S: 251500 | E: 503 | L: 1000 | R: 575.5313 | BS: 251500 | FPS: 46.3915 | T: 3:11:14
| train          | F: 504000 | S: 252000 | E: 504 | L: 1000 | R: 879.2536 | BS: 252000 | FPS: 47.4701 | T: 3:11:35
| train          | F: 505000 | S: 252500 | E: 505 | L: 1000 | R: 576.9090 | BS: 252500 | FPS: 46.2873 | T: 3:11:56
| train          | F: 506000 | S: 253000 | E: 506 | L: 1000 | R: 799.0552 | BS: 253000 | FPS: 43.7845 | T: 3:12:19
| train          | F: 507000 | S: 253500 | E: 507 | L: 1000 | R: 853.5157 | BS: 253500 | FPS: 44.5342 | T: 3:12:42
| train          | F: 508000 | S: 254000 | E: 508 | L: 1000 | R: 847.7857 | BS: 254000 | FPS: 49.2498 | T: 3:13:02
| train          | F: 509000 | S: 254500 | E: 509 | L: 1000 | R: 603.1650 | BS: 254500 | FPS: 45.0174 | T: 3:13:24
