/workspace/learn-si2e/SI2E/SI2E_DrQv2/train.py:210: UserWarning: 
The version_base parameter is not specified.
Please specify a compatability version level, or None.
Will assume defaults for version 1.1
  @hydra.main(config_path='cfgs', config_name='config')
/usr/local/lib/python3.10/dist-packages/hydra/_internal/hydra.py:119: UserWarning: Future Hydra versions will no longer change working directory at job runtime by default.
See https://hydra.cc/docs/1.2/upgrades/1.1_to_1.2/changes_to_job_working_dir/ for more information.
  ret = run_job(
/workspace/learn-si2e/SI2E/SI2E_DrQv2/train.py:210: UserWarning: 
The version_base parameter is not specified.
Please specify a compatability version level, or None.
Will assume defaults for version 1.1
  @hydra.main(config_path='cfgs', config_name='config')
workspace: /workspace/learn-si2e/results/drqv2-full/hopper_stand_baseline_seed1
| eval           | F: 0 | S: 0 | E: 0 | L: 1000 | R: 1.4988 | T: 0:00:00
| train          | F: 5000 | S: 2500 | E: 5 | L: 1000 | R: 0.0000 | BS: 2500 | FPS: 36.2779 | T: 0:00:27
| train          | F: 6000 | S: 3000 | E: 6 | L: 1000 | R: 0.0000 | BS: 3000 | FPS: 152.6848 | T: 0:00:34
| train          | F: 7000 | S: 3500 | E: 7 | L: 1000 | R: 0.0000 | BS: 3500 | FPS: 148.7324 | T: 0:00:40
| train          | F: 8000 | S: 4000 | E: 8 | L: 1000 | R: 0.0000 | BS: 4000 | FPS: 158.4938 | T: 0:00:47
| train          | F: 9000 | S: 4500 | E: 9 | L: 1000 | R: 0.0000 | BS: 4500 | FPS: 158.3133 | T: 0:00:53
| train          | F: 10000 | S: 5000 | E: 10 | L: 1000 | R: 12.4788 | BS: 5000 | FPS: 154.7741 | T: 0:00:59
| eval           | F: 10000 | S: 5000 | E: 10 | L: 1000 | R: 1.7600 | T: 0:00:59
| train          | F: 11000 | S: 5500 | E: 11 | L: 1000 | R: 0.0000 | BS: 5500 | FPS: 41.2418 | T: 0:01:24
| train          | F: 12000 | S: 6000 | E: 12 | L: 1000 | R: 38.1112 | BS: 6000 | FPS: 141.4125 | T: 0:01:31
| train          | F: 13000 | S: 6500 | E: 13 | L: 1000 | R: 72.6058 | BS: 6500 | FPS: 140.1535 | T: 0:01:38
| train          | F: 14000 | S: 7000 | E: 14 | L: 1000 | R: 19.0934 | BS: 7000 | FPS: 138.9721 | T: 0:01:45
| train          | F: 15000 | S: 7500 | E: 15 | L: 1000 | R: 0.0000 | BS: 7500 | FPS: 143.9450 | T: 0:01:52
| train          | F: 16000 | S: 8000 | E: 16 | L: 1000 | R: 0.0000 | BS: 8000 | FPS: 135.7274 | T: 0:01:59
| train          | F: 17000 | S: 8500 | E: 17 | L: 1000 | R: 0.0000 | BS: 8500 | FPS: 137.6231 | T: 0:02:07
| train          | F: 18000 | S: 9000 | E: 18 | L: 1000 | R: 0.0000 | BS: 9000 | FPS: 136.9374 | T: 0:02:14
| train          | F: 19000 | S: 9500 | E: 19 | L: 1000 | R: 0.0000 | BS: 9500 | FPS: 135.6506 | T: 0:02:21
| train          | F: 20000 | S: 10000 | E: 20 | L: 1000 | R: 0.0000 | BS: 10000 | FPS: 145.5622 | T: 0:02:28
| eval           | F: 20000 | S: 10000 | E: 20 | L: 1000 | R: 6.9600 | T: 0:02:28
| train          | F: 21000 | S: 10500 | E: 21 | L: 1000 | R: 2.4010 | BS: 10500 | FPS: 43.5384 | T: 0:02:51
| train          | F: 22000 | S: 11000 | E: 22 | L: 1000 | R: 44.2553 | BS: 11000 | FPS: 141.5417 | T: 0:02:58
| train          | F: 23000 | S: 11500 | E: 23 | L: 1000 | R: 0.0000 | BS: 11500 | FPS: 137.6458 | T: 0:03:05
| train          | F: 24000 | S: 12000 | E: 24 | L: 1000 | R: 0.0000 | BS: 12000 | FPS: 136.8742 | T: 0:03:13
| train          | F: 25000 | S: 12500 | E: 25 | L: 1000 | R: 0.0000 | BS: 12500 | FPS: 139.3396 | T: 0:03:20
| train          | F: 26000 | S: 13000 | E: 26 | L: 1000 | R: 24.8545 | BS: 13000 | FPS: 142.2832 | T: 0:03:27
| train          | F: 27000 | S: 13500 | E: 27 | L: 1000 | R: 24.0740 | BS: 13500 | FPS: 138.3282 | T: 0:03:34
| train          | F: 28000 | S: 14000 | E: 28 | L: 1000 | R: 29.5852 | BS: 14000 | FPS: 140.2502 | T: 0:03:41
| train          | F: 29000 | S: 14500 | E: 29 | L: 1000 | R: 70.1144 | BS: 14500 | FPS: 134.2807 | T: 0:03:49
| train          | F: 30000 | S: 15000 | E: 30 | L: 1000 | R: 19.0632 | BS: 15000 | FPS: 139.7615 | T: 0:03:56
| eval           | F: 30000 | S: 15000 | E: 30 | L: 1000 | R: 58.2400 | T: 0:03:56
| train          | F: 31000 | S: 15500 | E: 31 | L: 1000 | R: 28.2883 | BS: 15500 | FPS: 42.3312 | T: 0:04:20
| train          | F: 32000 | S: 16000 | E: 32 | L: 1000 | R: 0.0000 | BS: 16000 | FPS: 142.1699 | T: 0:04:27
| train          | F: 33000 | S: 16500 | E: 33 | L: 1000 | R: 10.7483 | BS: 16500 | FPS: 132.8892 | T: 0:04:34
| train          | F: 34000 | S: 17000 | E: 34 | L: 1000 | R: 0.0000 | BS: 17000 | FPS: 135.2700 | T: 0:04:42
| train          | F: 35000 | S: 17500 | E: 35 | L: 1000 | R: 63.2091 | BS: 17500 | FPS: 139.3343 | T: 0:04:49
| train          | F: 36000 | S: 18000 | E: 36 | L: 1000 | R: 25.8131 | BS: 18000 | FPS: 140.6736 | T: 0:04:56
| train          | F: 37000 | S: 18500 | E: 37 | L: 1000 | R: 25.5102 | BS: 18500 | FPS: 135.0316 | T: 0:05:03
| train          | F: 38000 | S: 19000 | E: 38 | L: 1000 | R: 0.0000 | BS: 19000 | FPS: 133.5181 | T: 0:05:11
| train          | F: 39000 | S: 19500 | E: 39 | L: 1000 | R: 67.7931 | BS: 19500 | FPS: 133.4672 | T: 0:05:18
| train          | F: 40000 | S: 20000 | E: 40 | L: 1000 | R: 0.0000 | BS: 20000 | FPS: 141.9980 | T: 0:05:25
| eval           | F: 40000 | S: 20000 | E: 40 | L: 1000 | R: 64.0000 | T: 0:05:25
| train          | F: 41000 | S: 20500 | E: 41 | L: 1000 | R: 49.0642 | BS: 20500 | FPS: 39.1314 | T: 0:05:51
| train          | F: 42000 | S: 21000 | E: 42 | L: 1000 | R: 60.7262 | BS: 21000 | FPS: 135.0170 | T: 0:05:58
| train          | F: 43000 | S: 21500 | E: 43 | L: 1000 | R: 65.4120 | BS: 21500 | FPS: 135.2810 | T: 0:06:06
| train          | F: 44000 | S: 22000 | E: 44 | L: 1000 | R: 29.8551 | BS: 22000 | FPS: 133.9362 | T: 0:06:13
| train          | F: 45000 | S: 22500 | E: 45 | L: 1000 | R: 64.4471 | BS: 22500 | FPS: 131.8283 | T: 0:06:21
| train          | F: 46000 | S: 23000 | E: 46 | L: 1000 | R: 18.9694 | BS: 23000 | FPS: 129.7526 | T: 0:06:28
| train          | F: 47000 | S: 23500 | E: 47 | L: 1000 | R: 55.6145 | BS: 23500 | FPS: 131.1181 | T: 0:06:36
| train          | F: 48000 | S: 24000 | E: 48 | L: 1000 | R: 47.2160 | BS: 24000 | FPS: 140.6877 | T: 0:06:43
| train          | F: 49000 | S: 24500 | E: 49 | L: 1000 | R: 67.9398 | BS: 24500 | FPS: 136.4032 | T: 0:06:50
| train          | F: 50000 | S: 25000 | E: 50 | L: 1000 | R: 95.8747 | BS: 25000 | FPS: 141.8502 | T: 0:06:57
| eval           | F: 50000 | S: 25000 | E: 50 | L: 1000 | R: 38.6400 | T: 0:06:57
| train          | F: 51000 | S: 25500 | E: 51 | L: 1000 | R: 106.8349 | BS: 25500 | FPS: 41.3422 | T: 0:07:22
| train          | F: 52000 | S: 26000 | E: 52 | L: 1000 | R: 0.0000 | BS: 26000 | FPS: 138.8339 | T: 0:07:29
| train          | F: 53000 | S: 26500 | E: 53 | L: 1000 | R: 0.0000 | BS: 26500 | FPS: 141.8573 | T: 0:07:36
| train          | F: 54000 | S: 27000 | E: 54 | L: 1000 | R: 20.5239 | BS: 27000 | FPS: 139.4447 | T: 0:07:43
| train          | F: 55000 | S: 27500 | E: 55 | L: 1000 | R: 27.2174 | BS: 27500 | FPS: 134.3146 | T: 0:07:51
| train          | F: 56000 | S: 28000 | E: 56 | L: 1000 | R: 57.2029 | BS: 28000 | FPS: 134.0441 | T: 0:07:58
| train          | F: 57000 | S: 28500 | E: 57 | L: 1000 | R: 0.0000 | BS: 28500 | FPS: 135.0797 | T: 0:08:05
| train          | F: 58000 | S: 29000 | E: 58 | L: 1000 | R: 0.0000 | BS: 29000 | FPS: 133.3679 | T: 0:08:13
| train          | F: 59000 | S: 29500 | E: 59 | L: 1000 | R: 124.7718 | BS: 29500 | FPS: 135.0903 | T: 0:08:20
| train          | F: 60000 | S: 30000 | E: 60 | L: 1000 | R: 0.0000 | BS: 30000 | FPS: 137.9174 | T: 0:08:28
| eval           | F: 60000 | S: 30000 | E: 60 | L: 1000 | R: 51.2001 | T: 0:08:28
| train          | F: 61000 | S: 30500 | E: 61 | L: 1000 | R: 0.0000 | BS: 30500 | FPS: 37.5998 | T: 0:08:54
| train          | F: 62000 | S: 31000 | E: 62 | L: 1000 | R: 88.4642 | BS: 31000 | FPS: 133.2572 | T: 0:09:02
| train          | F: 63000 | S: 31500 | E: 63 | L: 1000 | R: 24.2884 | BS: 31500 | FPS: 141.6526 | T: 0:09:09
| train          | F: 64000 | S: 32000 | E: 64 | L: 1000 | R: 79.5614 | BS: 32000 | FPS: 133.2676 | T: 0:09:16
| train          | F: 65000 | S: 32500 | E: 65 | L: 1000 | R: 22.2091 | BS: 32500 | FPS: 134.2908 | T: 0:09:24
| train          | F: 66000 | S: 33000 | E: 66 | L: 1000 | R: 58.9780 | BS: 33000 | FPS: 137.4868 | T: 0:09:31
| train          | F: 67000 | S: 33500 | E: 67 | L: 1000 | R: 14.0657 | BS: 33500 | FPS: 131.8628 | T: 0:09:39
| train          | F: 68000 | S: 34000 | E: 68 | L: 1000 | R: 42.1448 | BS: 34000 | FPS: 136.1245 | T: 0:09:46
| train          | F: 69000 | S: 34500 | E: 69 | L: 1000 | R: 0.0000 | BS: 34500 | FPS: 132.3336 | T: 0:09:53
| train          | F: 70000 | S: 35000 | E: 70 | L: 1000 | R: 0.0000 | BS: 35000 | FPS: 135.7572 | T: 0:10:01
| eval           | F: 70000 | S: 35000 | E: 70 | L: 1000 | R: 13.1219 | T: 0:10:01
| train          | F: 71000 | S: 35500 | E: 71 | L: 1000 | R: 30.5581 | BS: 35500 | FPS: 41.4117 | T: 0:10:25
| train          | F: 72000 | S: 36000 | E: 72 | L: 1000 | R: 28.9236 | BS: 36000 | FPS: 137.9944 | T: 0:10:32
| train          | F: 73000 | S: 36500 | E: 73 | L: 1000 | R: 53.7159 | BS: 36500 | FPS: 139.8103 | T: 0:10:39
| train          | F: 74000 | S: 37000 | E: 74 | L: 1000 | R: 5.7220 | BS: 37000 | FPS: 135.3784 | T: 0:10:47
| train          | F: 75000 | S: 37500 | E: 75 | L: 1000 | R: 59.4608 | BS: 37500 | FPS: 142.2547 | T: 0:10:54
| train          | F: 76000 | S: 38000 | E: 76 | L: 1000 | R: 29.9038 | BS: 38000 | FPS: 138.8500 | T: 0:11:01
| train          | F: 77000 | S: 38500 | E: 77 | L: 1000 | R: 81.1390 | BS: 38500 | FPS: 139.1804 | T: 0:11:08
| train          | F: 78000 | S: 39000 | E: 78 | L: 1000 | R: 71.9874 | BS: 39000 | FPS: 128.6140 | T: 0:11:16
| train          | F: 79000 | S: 39500 | E: 79 | L: 1000 | R: 61.0549 | BS: 39500 | FPS: 132.0887 | T: 0:11:23
| train          | F: 80000 | S: 40000 | E: 80 | L: 1000 | R: 47.2488 | BS: 40000 | FPS: 127.5491 | T: 0:11:31
| eval           | F: 80000 | S: 40000 | E: 80 | L: 1000 | R: 59.4625 | T: 0:11:31
| train          | F: 81000 | S: 40500 | E: 81 | L: 1000 | R: 26.2193 | BS: 40500 | FPS: 40.5359 | T: 0:11:56
| train          | F: 82000 | S: 41000 | E: 82 | L: 1000 | R: 222.5845 | BS: 41000 | FPS: 135.8749 | T: 0:12:03
| train          | F: 83000 | S: 41500 | E: 83 | L: 1000 | R: 0.0000 | BS: 41500 | FPS: 141.0079 | T: 0:12:10
| train          | F: 84000 | S: 42000 | E: 84 | L: 1000 | R: 5.6762 | BS: 42000 | FPS: 134.9603 | T: 0:12:18
| train          | F: 85000 | S: 42500 | E: 85 | L: 1000 | R: 0.0000 | BS: 42500 | FPS: 135.2740 | T: 0:12:25
| train          | F: 86000 | S: 43000 | E: 86 | L: 1000 | R: 0.0000 | BS: 43000 | FPS: 135.7506 | T: 0:12:33
| train          | F: 87000 | S: 43500 | E: 87 | L: 1000 | R: 43.1130 | BS: 43500 | FPS: 133.9419 | T: 0:12:40
| train          | F: 88000 | S: 44000 | E: 88 | L: 1000 | R: 42.1413 | BS: 44000 | FPS: 139.8750 | T: 0:12:47
| train          | F: 89000 | S: 44500 | E: 89 | L: 1000 | R: 48.2655 | BS: 44500 | FPS: 135.7182 | T: 0:12:55
| train          | F: 90000 | S: 45000 | E: 90 | L: 1000 | R: 0.0000 | BS: 45000 | FPS: 128.7128 | T: 0:13:02
| eval           | F: 90000 | S: 45000 | E: 90 | L: 1000 | R: 57.7766 | T: 0:13:02
| train          | F: 91000 | S: 45500 | E: 91 | L: 1000 | R: 16.5722 | BS: 45500 | FPS: 38.0269 | T: 0:13:29
| train          | F: 92000 | S: 46000 | E: 92 | L: 1000 | R: 60.6195 | BS: 46000 | FPS: 137.9373 | T: 0:13:36
| train          | F: 93000 | S: 46500 | E: 93 | L: 1000 | R: 69.7004 | BS: 46500 | FPS: 140.7276 | T: 0:13:43
| train          | F: 94000 | S: 47000 | E: 94 | L: 1000 | R: 21.5800 | BS: 47000 | FPS: 140.6216 | T: 0:13:50
| train          | F: 95000 | S: 47500 | E: 95 | L: 1000 | R: 36.6534 | BS: 47500 | FPS: 129.8742 | T: 0:13:58
| train          | F: 96000 | S: 48000 | E: 96 | L: 1000 | R: 50.8154 | BS: 48000 | FPS: 122.6321 | T: 0:14:06
| train          | F: 97000 | S: 48500 | E: 97 | L: 1000 | R: 116.6668 | BS: 48500 | FPS: 125.4858 | T: 0:14:14
| train          | F: 98000 | S: 49000 | E: 98 | L: 1000 | R: 29.5921 | BS: 49000 | FPS: 127.1776 | T: 0:14:22
| train          | F: 99000 | S: 49500 | E: 99 | L: 1000 | R: 87.9554 | BS: 49500 | FPS: 137.5285 | T: 0:14:29
| train          | F: 100000 | S: 50000 | E: 100 | L: 1000 | R: 90.0109 | BS: 50000 | FPS: 135.2548 | T: 0:14:36
| eval           | F: 100000 | S: 50000 | E: 100 | L: 1000 | R: 64.4033 | T: 0:14:36
| train          | F: 101000 | S: 50500 | E: 101 | L: 1000 | R: 0.0000 | BS: 50500 | FPS: 41.2298 | T: 0:15:01
| train          | F: 102000 | S: 51000 | E: 102 | L: 1000 | R: 81.8813 | BS: 51000 | FPS: 139.4326 | T: 0:15:08
| train          | F: 103000 | S: 51500 | E: 103 | L: 1000 | R: 40.4881 | BS: 51500 | FPS: 128.4012 | T: 0:15:16
| train          | F: 104000 | S: 52000 | E: 104 | L: 1000 | R: 0.0000 | BS: 52000 | FPS: 139.3469 | T: 0:15:23
| train          | F: 105000 | S: 52500 | E: 105 | L: 1000 | R: 51.8962 | BS: 52500 | FPS: 133.6292 | T: 0:15:30
| train          | F: 106000 | S: 53000 | E: 106 | L: 1000 | R: 132.0018 | BS: 53000 | FPS: 132.2385 | T: 0:15:38
| train          | F: 107000 | S: 53500 | E: 107 | L: 1000 | R: 58.2350 | BS: 53500 | FPS: 139.7166 | T: 0:15:45
| train          | F: 108000 | S: 54000 | E: 108 | L: 1000 | R: 125.5852 | BS: 54000 | FPS: 137.4059 | T: 0:15:52
| train          | F: 109000 | S: 54500 | E: 109 | L: 1000 | R: 156.7317 | BS: 54500 | FPS: 135.6204 | T: 0:16:00
| train          | F: 110000 | S: 55000 | E: 110 | L: 1000 | R: 96.1958 | BS: 55000 | FPS: 128.6495 | T: 0:16:08
| eval           | F: 110000 | S: 55000 | E: 110 | L: 1000 | R: 99.7616 | T: 0:16:08
| train          | F: 111000 | S: 55500 | E: 111 | L: 1000 | R: 254.2896 | BS: 55500 | FPS: 36.9712 | T: 0:16:35
| train          | F: 112000 | S: 56000 | E: 112 | L: 1000 | R: 49.4570 | BS: 56000 | FPS: 141.6633 | T: 0:16:42
| train          | F: 113000 | S: 56500 | E: 113 | L: 1000 | R: 64.5030 | BS: 56500 | FPS: 143.2677 | T: 0:16:49
| train          | F: 114000 | S: 57000 | E: 114 | L: 1000 | R: 66.9838 | BS: 57000 | FPS: 141.9835 | T: 0:16:56
| train          | F: 115000 | S: 57500 | E: 115 | L: 1000 | R: 15.9593 | BS: 57500 | FPS: 140.1700 | T: 0:17:03
| train          | F: 116000 | S: 58000 | E: 116 | L: 1000 | R: 48.0715 | BS: 58000 | FPS: 130.7229 | T: 0:17:10
| train          | F: 117000 | S: 58500 | E: 117 | L: 1000 | R: 117.8608 | BS: 58500 | FPS: 125.4655 | T: 0:17:18
| train          | F: 118000 | S: 59000 | E: 118 | L: 1000 | R: 131.6034 | BS: 59000 | FPS: 128.5475 | T: 0:17:26
| train          | F: 119000 | S: 59500 | E: 119 | L: 1000 | R: 0.0000 | BS: 59500 | FPS: 131.1171 | T: 0:17:34
| train          | F: 120000 | S: 60000 | E: 120 | L: 1000 | R: 86.4063 | BS: 60000 | FPS: 132.9973 | T: 0:17:41
| eval           | F: 120000 | S: 60000 | E: 120 | L: 1000 | R: 113.7689 | T: 0:17:41
| train          | F: 121000 | S: 60500 | E: 121 | L: 1000 | R: 53.8921 | BS: 60500 | FPS: 36.7719 | T: 0:18:09
| train          | F: 122000 | S: 61000 | E: 122 | L: 1000 | R: 25.8358 | BS: 61000 | FPS: 138.0386 | T: 0:18:16
| train          | F: 123000 | S: 61500 | E: 123 | L: 1000 | R: 137.2862 | BS: 61500 | FPS: 134.4565 | T: 0:18:23
| train          | F: 124000 | S: 62000 | E: 124 | L: 1000 | R: 0.0000 | BS: 62000 | FPS: 141.6102 | T: 0:18:30
| train          | F: 125000 | S: 62500 | E: 125 | L: 1000 | R: 91.5062 | BS: 62500 | FPS: 136.0762 | T: 0:18:38
| train          | F: 126000 | S: 63000 | E: 126 | L: 1000 | R: 131.1700 | BS: 63000 | FPS: 136.4187 | T: 0:18:45
| train          | F: 127000 | S: 63500 | E: 127 | L: 1000 | R: 89.6340 | BS: 63500 | FPS: 131.9534 | T: 0:18:53
| train          | F: 128000 | S: 64000 | E: 128 | L: 1000 | R: 0.0000 | BS: 64000 | FPS: 140.4948 | T: 0:19:00
| train          | F: 129000 | S: 64500 | E: 129 | L: 1000 | R: 177.5257 | BS: 64500 | FPS: 137.2183 | T: 0:19:07
| train          | F: 130000 | S: 65000 | E: 130 | L: 1000 | R: 48.0001 | BS: 65000 | FPS: 131.5743 | T: 0:19:15
| eval           | F: 130000 | S: 65000 | E: 130 | L: 1000 | R: 109.0438 | T: 0:19:15
| train          | F: 131000 | S: 65500 | E: 131 | L: 1000 | R: 91.0167 | BS: 65500 | FPS: 38.5321 | T: 0:19:40
| train          | F: 132000 | S: 66000 | E: 132 | L: 1000 | R: 7.3959 | BS: 66000 | FPS: 135.7104 | T: 0:19:48
| train          | F: 133000 | S: 66500 | E: 133 | L: 1000 | R: 129.9043 | BS: 66500 | FPS: 130.3303 | T: 0:19:56
| train          | F: 134000 | S: 67000 | E: 134 | L: 1000 | R: 132.8626 | BS: 67000 | FPS: 128.3965 | T: 0:20:03
| train          | F: 135000 | S: 67500 | E: 135 | L: 1000 | R: 125.6174 | BS: 67500 | FPS: 129.5286 | T: 0:20:11
| train          | F: 136000 | S: 68000 | E: 136 | L: 1000 | R: 32.2901 | BS: 68000 | FPS: 128.5592 | T: 0:20:19
| train          | F: 137000 | S: 68500 | E: 137 | L: 1000 | R: 116.5536 | BS: 68500 | FPS: 128.2768 | T: 0:20:27
| train          | F: 138000 | S: 69000 | E: 138 | L: 1000 | R: 14.9403 | BS: 69000 | FPS: 128.2810 | T: 0:20:34
| train          | F: 139000 | S: 69500 | E: 139 | L: 1000 | R: 82.7831 | BS: 69500 | FPS: 126.1192 | T: 0:20:42
| train          | F: 140000 | S: 70000 | E: 140 | L: 1000 | R: 65.2349 | BS: 70000 | FPS: 127.4057 | T: 0:20:50
| eval           | F: 140000 | S: 70000 | E: 140 | L: 1000 | R: 102.1727 | T: 0:20:50
| train          | F: 141000 | S: 70500 | E: 141 | L: 1000 | R: 84.2575 | BS: 70500 | FPS: 41.5829 | T: 0:21:14
| train          | F: 142000 | S: 71000 | E: 142 | L: 1000 | R: 159.7709 | BS: 71000 | FPS: 137.1562 | T: 0:21:22
| train          | F: 143000 | S: 71500 | E: 143 | L: 1000 | R: 43.9278 | BS: 71500 | FPS: 140.4681 | T: 0:21:29
| train          | F: 144000 | S: 72000 | E: 144 | L: 1000 | R: 130.2336 | BS: 72000 | FPS: 133.5849 | T: 0:21:36
| train          | F: 145000 | S: 72500 | E: 145 | L: 1000 | R: 141.4507 | BS: 72500 | FPS: 139.1341 | T: 0:21:43
| train          | F: 146000 | S: 73000 | E: 146 | L: 1000 | R: 110.0562 | BS: 73000 | FPS: 139.7708 | T: 0:21:50
| train          | F: 147000 | S: 73500 | E: 147 | L: 1000 | R: 145.4498 | BS: 73500 | FPS: 139.7014 | T: 0:21:58
| train          | F: 148000 | S: 74000 | E: 148 | L: 1000 | R: 75.4996 | BS: 74000 | FPS: 138.8358 | T: 0:22:05
| train          | F: 149000 | S: 74500 | E: 149 | L: 1000 | R: 59.7018 | BS: 74500 | FPS: 132.9147 | T: 0:22:12
| train          | F: 150000 | S: 75000 | E: 150 | L: 1000 | R: 154.4699 | BS: 75000 | FPS: 133.2247 | T: 0:22:20
| eval           | F: 150000 | S: 75000 | E: 150 | L: 1000 | R: 92.0805 | T: 0:22:20
| train          | F: 151000 | S: 75500 | E: 151 | L: 1000 | R: 120.1105 | BS: 75500 | FPS: 36.8438 | T: 0:22:47
| train          | F: 152000 | S: 76000 | E: 152 | L: 1000 | R: 152.6665 | BS: 76000 | FPS: 142.2154 | T: 0:22:54
| train          | F: 153000 | S: 76500 | E: 153 | L: 1000 | R: 129.7683 | BS: 76500 | FPS: 139.4998 | T: 0:23:01
| train          | F: 154000 | S: 77000 | E: 154 | L: 1000 | R: 54.9699 | BS: 77000 | FPS: 137.2546 | T: 0:23:08
| train          | F: 155000 | S: 77500 | E: 155 | L: 1000 | R: 88.7953 | BS: 77500 | FPS: 139.5934 | T: 0:23:16
| train          | F: 156000 | S: 78000 | E: 156 | L: 1000 | R: 14.8630 | BS: 78000 | FPS: 139.4427 | T: 0:23:23
| train          | F: 157000 | S: 78500 | E: 157 | L: 1000 | R: 125.0077 | BS: 78500 | FPS: 138.0005 | T: 0:23:30
| train          | F: 158000 | S: 79000 | E: 158 | L: 1000 | R: 47.6975 | BS: 79000 | FPS: 141.7231 | T: 0:23:37
| train          | F: 159000 | S: 79500 | E: 159 | L: 1000 | R: 117.3437 | BS: 79500 | FPS: 137.9097 | T: 0:23:44
| train          | F: 160000 | S: 80000 | E: 160 | L: 1000 | R: 116.1914 | BS: 80000 | FPS: 139.5428 | T: 0:23:52
| eval           | F: 160000 | S: 80000 | E: 160 | L: 1000 | R: 115.9200 | T: 0:23:52
| train          | F: 161000 | S: 80500 | E: 161 | L: 1000 | R: 13.9298 | BS: 80500 | FPS: 41.9879 | T: 0:24:15
| train          | F: 162000 | S: 81000 | E: 162 | L: 1000 | R: 89.5495 | BS: 81000 | FPS: 137.8447 | T: 0:24:23
| train          | F: 163000 | S: 81500 | E: 163 | L: 1000 | R: 91.9529 | BS: 81500 | FPS: 134.1275 | T: 0:24:30
| train          | F: 164000 | S: 82000 | E: 164 | L: 1000 | R: 28.8489 | BS: 82000 | FPS: 134.1389 | T: 0:24:38
| train          | F: 165000 | S: 82500 | E: 165 | L: 1000 | R: 71.2435 | BS: 82500 | FPS: 130.2327 | T: 0:24:45
| train          | F: 166000 | S: 83000 | E: 166 | L: 1000 | R: 17.2630 | BS: 83000 | FPS: 136.1824 | T: 0:24:53
| train          | F: 167000 | S: 83500 | E: 167 | L: 1000 | R: 113.4791 | BS: 83500 | FPS: 135.3848 | T: 0:25:00
| train          | F: 168000 | S: 84000 | E: 168 | L: 1000 | R: 123.4849 | BS: 84000 | FPS: 138.5593 | T: 0:25:07
| train          | F: 169000 | S: 84500 | E: 169 | L: 1000 | R: 102.9226 | BS: 84500 | FPS: 137.5208 | T: 0:25:14
| train          | F: 170000 | S: 85000 | E: 170 | L: 1000 | R: 103.5996 | BS: 85000 | FPS: 134.4436 | T: 0:25:22
| eval           | F: 170000 | S: 85000 | E: 170 | L: 1000 | R: 137.6008 | T: 0:25:22
| train          | F: 171000 | S: 85500 | E: 171 | L: 1000 | R: 100.4138 | BS: 85500 | FPS: 35.2950 | T: 0:25:50
| train          | F: 172000 | S: 86000 | E: 172 | L: 1000 | R: 147.3904 | BS: 86000 | FPS: 130.4191 | T: 0:25:58
| train          | F: 173000 | S: 86500 | E: 173 | L: 1000 | R: 53.7678 | BS: 86500 | FPS: 138.2625 | T: 0:26:05
| train          | F: 174000 | S: 87000 | E: 174 | L: 1000 | R: 47.5411 | BS: 87000 | FPS: 134.4058 | T: 0:26:13
| train          | F: 175000 | S: 87500 | E: 175 | L: 1000 | R: 81.5408 | BS: 87500 | FPS: 131.5942 | T: 0:26:20
| train          | F: 176000 | S: 88000 | E: 176 | L: 1000 | R: 125.4777 | BS: 88000 | FPS: 140.3730 | T: 0:26:27
| train          | F: 177000 | S: 88500 | E: 177 | L: 1000 | R: 75.4228 | BS: 88500 | FPS: 128.9149 | T: 0:26:35
| train          | F: 178000 | S: 89000 | E: 178 | L: 1000 | R: 110.0206 | BS: 89000 | FPS: 129.4488 | T: 0:26:43
| train          | F: 179000 | S: 89500 | E: 179 | L: 1000 | R: 104.2487 | BS: 89500 | FPS: 139.2874 | T: 0:26:50
| train          | F: 180000 | S: 90000 | E: 180 | L: 1000 | R: 60.5009 | BS: 90000 | FPS: 135.0223 | T: 0:26:57
| eval           | F: 180000 | S: 90000 | E: 180 | L: 1000 | R: 116.6401 | T: 0:26:57
| train          | F: 181000 | S: 90500 | E: 181 | L: 1000 | R: 23.2368 | BS: 90500 | FPS: 36.3983 | T: 0:27:25
| train          | F: 182000 | S: 91000 | E: 182 | L: 1000 | R: 72.2225 | BS: 91000 | FPS: 137.1087 | T: 0:27:32
| train          | F: 183000 | S: 91500 | E: 183 | L: 1000 | R: 36.0315 | BS: 91500 | FPS: 133.1926 | T: 0:27:40
| train          | F: 184000 | S: 92000 | E: 184 | L: 1000 | R: 84.4345 | BS: 92000 | FPS: 137.2936 | T: 0:27:47
| train          | F: 185000 | S: 92500 | E: 185 | L: 1000 | R: 46.2330 | BS: 92500 | FPS: 132.5528 | T: 0:27:54
| train          | F: 186000 | S: 93000 | E: 186 | L: 1000 | R: 127.7494 | BS: 93000 | FPS: 141.2477 | T: 0:28:01
| train          | F: 187000 | S: 93500 | E: 187 | L: 1000 | R: 122.4158 | BS: 93500 | FPS: 136.2344 | T: 0:28:09
| train          | F: 188000 | S: 94000 | E: 188 | L: 1000 | R: 210.3439 | BS: 94000 | FPS: 132.6392 | T: 0:28:16
| train          | F: 189000 | S: 94500 | E: 189 | L: 1000 | R: 136.3673 | BS: 94500 | FPS: 129.7271 | T: 0:28:24
| train          | F: 190000 | S: 95000 | E: 190 | L: 1000 | R: 143.1667 | BS: 95000 | FPS: 128.0040 | T: 0:28:32
| eval           | F: 190000 | S: 95000 | E: 190 | L: 1000 | R: 130.0887 | T: 0:28:32
| train          | F: 191000 | S: 95500 | E: 191 | L: 1000 | R: 33.0594 | BS: 95500 | FPS: 40.7024 | T: 0:28:56
| train          | F: 192000 | S: 96000 | E: 192 | L: 1000 | R: 75.6590 | BS: 96000 | FPS: 139.0708 | T: 0:29:04
| train          | F: 193000 | S: 96500 | E: 193 | L: 1000 | R: 25.7008 | BS: 96500 | FPS: 133.6701 | T: 0:29:11
| train          | F: 194000 | S: 97000 | E: 194 | L: 1000 | R: 134.1620 | BS: 97000 | FPS: 136.2789 | T: 0:29:18
| train          | F: 195000 | S: 97500 | E: 195 | L: 1000 | R: 225.2782 | BS: 97500 | FPS: 137.8459 | T: 0:29:26
| train          | F: 196000 | S: 98000 | E: 196 | L: 1000 | R: 40.8362 | BS: 98000 | FPS: 133.7809 | T: 0:29:33
| train          | F: 197000 | S: 98500 | E: 197 | L: 1000 | R: 110.1027 | BS: 98500 | FPS: 127.2730 | T: 0:29:41
| train          | F: 198000 | S: 99000 | E: 198 | L: 1000 | R: 101.1828 | BS: 99000 | FPS: 125.0081 | T: 0:29:49
| train          | F: 199000 | S: 99500 | E: 199 | L: 1000 | R: 205.5523 | BS: 99500 | FPS: 130.6595 | T: 0:29:57
| train          | F: 200000 | S: 100000 | E: 200 | L: 1000 | R: 55.6353 | BS: 100000 | FPS: 124.5289 | T: 0:30:05
| eval           | F: 200000 | S: 100000 | E: 200 | L: 1000 | R: 154.0000 | T: 0:30:05
| train          | F: 201000 | S: 100500 | E: 201 | L: 1000 | R: 81.1936 | BS: 100500 | FPS: 36.4886 | T: 0:30:32
| train          | F: 202000 | S: 101000 | E: 202 | L: 1000 | R: 170.0368 | BS: 101000 | FPS: 129.5015 | T: 0:30:40
| train          | F: 203000 | S: 101500 | E: 203 | L: 1000 | R: 190.3406 | BS: 101500 | FPS: 126.9961 | T: 0:30:48
| train          | F: 204000 | S: 102000 | E: 204 | L: 1000 | R: 132.7589 | BS: 102000 | FPS: 126.8460 | T: 0:30:56
| train          | F: 205000 | S: 102500 | E: 205 | L: 1000 | R: 205.5177 | BS: 102500 | FPS: 126.5701 | T: 0:31:04
| train          | F: 206000 | S: 103000 | E: 206 | L: 1000 | R: 179.0490 | BS: 103000 | FPS: 129.6017 | T: 0:31:11
| train          | F: 207000 | S: 103500 | E: 207 | L: 1000 | R: 105.5517 | BS: 103500 | FPS: 134.4354 | T: 0:31:19
| train          | F: 208000 | S: 104000 | E: 208 | L: 1000 | R: 100.1000 | BS: 104000 | FPS: 133.4906 | T: 0:31:26
| train          | F: 209000 | S: 104500 | E: 209 | L: 1000 | R: 158.9876 | BS: 104500 | FPS: 127.8648 | T: 0:31:34
| train          | F: 210000 | S: 105000 | E: 210 | L: 1000 | R: 34.6629 | BS: 105000 | FPS: 126.2359 | T: 0:31:42
| eval           | F: 210000 | S: 105000 | E: 210 | L: 1000 | R: 155.9298 | T: 0:31:42
| train          | F: 211000 | S: 105500 | E: 211 | L: 1000 | R: 89.4617 | BS: 105500 | FPS: 36.3796 | T: 0:32:09
| train          | F: 212000 | S: 106000 | E: 212 | L: 1000 | R: 82.1895 | BS: 106000 | FPS: 132.3498 | T: 0:32:17
| train          | F: 213000 | S: 106500 | E: 213 | L: 1000 | R: 73.0578 | BS: 106500 | FPS: 130.2274 | T: 0:32:25
| train          | F: 214000 | S: 107000 | E: 214 | L: 1000 | R: 72.0136 | BS: 107000 | FPS: 130.5016 | T: 0:32:32
| train          | F: 215000 | S: 107500 | E: 215 | L: 1000 | R: 69.5532 | BS: 107500 | FPS: 129.6973 | T: 0:32:40
| train          | F: 216000 | S: 108000 | E: 216 | L: 1000 | R: 94.7988 | BS: 108000 | FPS: 131.1206 | T: 0:32:48
| train          | F: 217000 | S: 108500 | E: 217 | L: 1000 | R: 95.0204 | BS: 108500 | FPS: 126.1371 | T: 0:32:56
| train          | F: 218000 | S: 109000 | E: 218 | L: 1000 | R: 145.1296 | BS: 109000 | FPS: 129.6899 | T: 0:33:03
| train          | F: 219000 | S: 109500 | E: 219 | L: 1000 | R: 117.5343 | BS: 109500 | FPS: 128.5472 | T: 0:33:11
| train          | F: 220000 | S: 110000 | E: 220 | L: 1000 | R: 185.9441 | BS: 110000 | FPS: 125.3160 | T: 0:33:19
| eval           | F: 220000 | S: 110000 | E: 220 | L: 1000 | R: 132.7322 | T: 0:33:19
| train          | F: 221000 | S: 110500 | E: 221 | L: 1000 | R: 181.3729 | BS: 110500 | FPS: 35.5414 | T: 0:33:47
| train          | F: 222000 | S: 111000 | E: 222 | L: 1000 | R: 123.7159 | BS: 111000 | FPS: 136.1884 | T: 0:33:55
| train          | F: 223000 | S: 111500 | E: 223 | L: 1000 | R: 173.3680 | BS: 111500 | FPS: 130.3291 | T: 0:34:02
| train          | F: 224000 | S: 112000 | E: 224 | L: 1000 | R: 169.1802 | BS: 112000 | FPS: 128.7025 | T: 0:34:10
| train          | F: 225000 | S: 112500 | E: 225 | L: 1000 | R: 83.5110 | BS: 112500 | FPS: 128.4351 | T: 0:34:18
| train          | F: 226000 | S: 113000 | E: 226 | L: 1000 | R: 60.8573 | BS: 113000 | FPS: 126.1954 | T: 0:34:26
| train          | F: 227000 | S: 113500 | E: 227 | L: 1000 | R: 106.4471 | BS: 113500 | FPS: 130.7612 | T: 0:34:33
| train          | F: 228000 | S: 114000 | E: 228 | L: 1000 | R: 39.7081 | BS: 114000 | FPS: 129.0236 | T: 0:34:41
| train          | F: 229000 | S: 114500 | E: 229 | L: 1000 | R: 97.8591 | BS: 114500 | FPS: 127.1546 | T: 0:34:49
| train          | F: 230000 | S: 115000 | E: 230 | L: 1000 | R: 154.4406 | BS: 115000 | FPS: 129.9668 | T: 0:34:57
| eval           | F: 230000 | S: 115000 | E: 230 | L: 1000 | R: 119.2897 | T: 0:34:57
| train          | F: 231000 | S: 115500 | E: 231 | L: 1000 | R: 197.5577 | BS: 115500 | FPS: 40.0357 | T: 0:35:22
| train          | F: 232000 | S: 116000 | E: 232 | L: 1000 | R: 178.7763 | BS: 116000 | FPS: 132.9601 | T: 0:35:29
| train          | F: 233000 | S: 116500 | E: 233 | L: 1000 | R: 102.5522 | BS: 116500 | FPS: 132.5575 | T: 0:35:37
| train          | F: 234000 | S: 117000 | E: 234 | L: 1000 | R: 76.1359 | BS: 117000 | FPS: 135.2556 | T: 0:35:44
| train          | F: 235000 | S: 117500 | E: 235 | L: 1000 | R: 180.2312 | BS: 117500 | FPS: 124.7153 | T: 0:35:52
| train          | F: 236000 | S: 118000 | E: 236 | L: 1000 | R: 41.5586 | BS: 118000 | FPS: 126.3006 | T: 0:36:00
| train          | F: 237000 | S: 118500 | E: 237 | L: 1000 | R: 181.8317 | BS: 118500 | FPS: 133.5118 | T: 0:36:07
| train          | F: 238000 | S: 119000 | E: 238 | L: 1000 | R: 156.9194 | BS: 119000 | FPS: 140.3709 | T: 0:36:15
| train          | F: 239000 | S: 119500 | E: 239 | L: 1000 | R: 75.1868 | BS: 119500 | FPS: 133.9966 | T: 0:36:22
| train          | F: 240000 | S: 120000 | E: 240 | L: 1000 | R: 125.6283 | BS: 120000 | FPS: 127.2248 | T: 0:36:30
| eval           | F: 240000 | S: 120000 | E: 240 | L: 1000 | R: 125.3641 | T: 0:36:30
| train          | F: 241000 | S: 120500 | E: 241 | L: 1000 | R: 197.4860 | BS: 120500 | FPS: 41.0531 | T: 0:36:54
| train          | F: 242000 | S: 121000 | E: 242 | L: 1000 | R: 144.0518 | BS: 121000 | FPS: 137.9565 | T: 0:37:02
| train          | F: 243000 | S: 121500 | E: 243 | L: 1000 | R: 173.0468 | BS: 121500 | FPS: 129.1509 | T: 0:37:09
| train          | F: 244000 | S: 122000 | E: 244 | L: 1000 | R: 115.7146 | BS: 122000 | FPS: 125.0266 | T: 0:37:17
| train          | F: 245000 | S: 122500 | E: 245 | L: 1000 | R: 80.2113 | BS: 122500 | FPS: 124.6520 | T: 0:37:25
| train          | F: 246000 | S: 123000 | E: 246 | L: 1000 | R: 196.7277 | BS: 123000 | FPS: 129.7632 | T: 0:37:33
| train          | F: 247000 | S: 123500 | E: 247 | L: 1000 | R: 89.6909 | BS: 123500 | FPS: 128.2325 | T: 0:37:41
| train          | F: 248000 | S: 124000 | E: 248 | L: 1000 | R: 25.8061 | BS: 124000 | FPS: 129.6422 | T: 0:37:49
| train          | F: 249000 | S: 124500 | E: 249 | L: 1000 | R: 157.2079 | BS: 124500 | FPS: 129.8223 | T: 0:37:56
