Gym has been unmaintained since 2022 and does not support NumPy 2.0 amongst other critical functionality.
Please upgrade to Gymnasium, the maintained drop-in replacement of Gym, or contact the authors of your software and request that they upgrade.
Users of this version of Gym should be able to simply replace 'import gym' with 'import gymnasium as gym' in the vast majority of cases.
See the migration guide at https://gymnasium.farama.org/introduction/migration_guide/ for additional information.
/workspace/learn-si2e/base-vcse/VCSE_A2C/rl-starter-files/rl-starter-files/scripts/train.py --algo a2c --env MiniGrid-UnlockPickup-v0 --model up-vcse-s3 --frames 3000000 --use_batch --save-interval 100 --log-interval 500 --seed 3 --use_entropy_reward --use_value_condition --beta 0.005

Namespace(algo='a2c', env='MiniGrid-UnlockPickup-v0', model='up-vcse-s3', seed=3, log_interval=500, save_interval=100, procs=16, frames=3000000, epochs=4, batch_size=256, frames_per_proc=None, discount=0.99, lr=0.001, gae_lambda=0.95, entropy_coef=0.01, value_loss_coef=0.5, max_grad_norm=0.5, optim_eps=1e-08, optim_alpha=0.99, clip_eps=0.2, recurrence=1, text=False, use_entropy_reward=True, use_value_condition=True, beta=0.005, use_batch=True, mem=False)

Device: cuda

Environments loaded

Training status loaded

Observations preprocessor loaded
Model loaded

ACModel(
  (image_conv): Sequential(
    (0): Conv2d(3, 16, kernel_size=(2, 2), stride=(1, 1))
    (1): ReLU()
    (2): MaxPool2d(kernel_size=(2, 2), stride=(2, 2), padding=0, dilation=1, ceil_mode=False)
    (3): Conv2d(16, 32, kernel_size=(2, 2), stride=(1, 1))
    (4): ReLU()
    (5): Conv2d(32, 64, kernel_size=(2, 2), stride=(1, 1))
    (6): ReLU()
  )
  (actor): Sequential(
    (0): Linear(in_features=64, out_features=64, bias=True)
    (1): Tanh()
    (2): Linear(in_features=64, out_features=7, bias=True)
  )
  (critic): Sequential(
    (0): Linear(in_features=64, out_features=64, bias=True)
    (1): Tanh()
    (2): Linear(in_features=64, out_features=1, bias=True)
  )
  (extr_critic): Sequential(
    (0): Linear(in_features=64, out_features=64, bias=True)
    (1): Tanh()
    (2): Linear(in_features=64, out_features=1, bias=True)
  )
)

Optimizer loaded

Status saved
Status saved
Status saved
Status saved
U 500 | F 064000 | FPS 1473 | D 46 | rR:μσmM 0.00 0.00 0.00 0.00 | F:μσmM 288.0 0.0 288.0 288.0 | H 1.814 | V -0.362 | pL -0.020 | vL 0.001 | ∇ 0.018
Status saved
Status saved
Status saved
Status saved
Status saved
U 1000 | F 128000 | FPS 1456 | D 92 | rR:μσmM 0.00 0.00 0.00 0.00 | F:μσmM 288.0 0.0 288.0 288.0 | H 1.831 | V -0.330 | pL -0.023 | vL 0.001 | ∇ 0.018
Status saved
Status saved
Status saved
Status saved
Status saved
U 1500 | F 192000 | FPS 1318 | D 137 | rR:μσmM 0.00 0.00 0.00 0.00 | F:μσmM 288.0 0.0 288.0 288.0 | H 1.785 | V -0.353 | pL 0.002 | vL 0.004 | ∇ 0.025
Status saved
Status saved
Status saved
Status saved
Status saved
U 2000 | F 256000 | FPS 1424 | D 183 | rR:μσmM 0.00 0.00 0.00 0.00 | F:μσmM 288.0 0.0 288.0 288.0 | H 1.785 | V -0.334 | pL 0.003 | vL 0.000 | ∇ 0.006
Status saved
Status saved
Status saved
Status saved
Status saved
U 2500 | F 320000 | FPS 1445 | D 228 | rR:μσmM 0.00 0.00 0.00 0.00 | F:μσmM 288.0 0.0 288.0 288.0 | H 1.794 | V -0.292 | pL -0.012 | vL 0.001 | ∇ 0.009
Status saved
Status saved
Status saved
Status saved
Status saved
U 3000 | F 384000 | FPS 1445 | D 274 | rR:μσmM 0.00 0.00 0.00 0.00 | F:μσmM 288.0 0.0 288.0 288.0 | H 1.803 | V -0.308 | pL -0.019 | vL 0.001 | ∇ 0.013
Status saved
Status saved
Status saved
Status saved
Status saved
U 3500 | F 448000 | FPS 1425 | D 320 | rR:μσmM 0.00 0.00 0.00 0.00 | F:μσmM 288.0 0.0 288.0 288.0 | H 1.828 | V -0.313 | pL -0.015 | vL 0.001 | ∇ 0.011
Status saved
Status saved
Status saved
Status saved
Status saved
U 4000 | F 512000 | FPS 0996 | D 365 | rR:μσmM 0.00 0.00 0.00 0.00 | F:μσmM 288.0 0.0 288.0 288.0 | H 1.807 | V -0.286 | pL -0.025 | vL 0.001 | ∇ 0.017
Status saved
Status saved
Status saved
Status saved
Status saved
U 4500 | F 576000 | FPS 1442 | D 410 | rR:μσmM 0.00 0.00 0.00 0.00 | F:μσmM 288.0 0.0 288.0 288.0 | H 1.802 | V -0.320 | pL 0.307 | vL 0.041 | ∇ 0.224
Status saved
Status saved
Status saved
Status saved
Status saved
U 5000 | F 640000 | FPS 1499 | D 455 | rR:μσmM 0.00 0.00 0.00 0.00 | F:μσmM 288.0 0.0 288.0 288.0 | H 1.799 | V -0.315 | pL -0.011 | vL 0.000 | ∇ 0.009
Status saved
Status saved
Status saved
Status saved
Status saved
U 5500 | F 704000 | FPS 1505 | D 501 | rR:μσmM 0.00 0.00 0.00 0.00 | F:μσmM 288.0 0.0 288.0 288.0 | H 1.767 | V -0.298 | pL -0.016 | vL 0.001 | ∇ 0.028
Status saved
Status saved
Status saved
Status saved
Status saved
U 6000 | F 768000 | FPS 1357 | D 546 | rR:μσmM 0.00 0.00 0.00 0.00 | F:μσmM 288.0 0.0 288.0 288.0 | H 1.799 | V -0.308 | pL 0.006 | vL 0.003 | ∇ 0.019
Status saved
Status saved
Status saved
Status saved
Status saved
U 6500 | F 832000 | FPS 1348 | D 592 | rR:μσmM 0.02 0.06 0.00 0.25 | F:μσmM 285.0 11.6 240.0 288.0 | H 1.772 | V -0.288 | pL -0.013 | vL 0.001 | ∇ 0.009
Status saved
Status saved
Status saved
Status saved
Status saved
U 7000 | F 896000 | FPS 1473 | D 637 | rR:μσmM 0.00 0.00 0.00 0.00 | F:μσmM 288.0 0.0 288.0 288.0 | H 1.788 | V -0.325 | pL -0.008 | vL 0.000 | ∇ 0.008
Status saved
Status saved
Status saved
Status saved
Status saved
U 7500 | F 960000 | FPS 1356 | D 682 | rR:μσmM 0.00 0.00 0.00 0.00 | F:μσmM 288.0 0.0 288.0 288.0 | H 1.798 | V -0.285 | pL -0.014 | vL 0.001 | ∇ 0.010
Status saved
Status saved
Status saved
Status saved
Status saved
U 8000 | F 1024000 | FPS 1538 | D 727 | rR:μσmM 0.00 0.00 0.00 0.00 | F:μσmM 288.0 0.0 288.0 288.0 | H 1.770 | V -0.325 | pL -0.011 | vL 0.001 | ∇ 0.027
Status saved
Status saved
Status saved
Status saved
Status saved
U 8500 | F 1088000 | FPS 1484 | D 773 | rR:μσmM 0.00 0.00 0.00 0.00 | F:μσmM 288.0 0.0 288.0 288.0 | H 1.770 | V -0.298 | pL -0.003 | vL 0.000 | ∇ 0.007
Status saved
Status saved
Status saved
Status saved
Status saved
U 9000 | F 1152000 | FPS 1465 | D 818 | rR:μσmM 0.02 0.10 0.00 0.39 | F:μσmM 282.1 22.8 194.0 288.0 | H 1.792 | V -0.288 | pL 0.068 | vL 0.008 | ∇ 0.086
Status saved
Status saved
Status saved
Status saved
Status saved
U 9500 | F 1216000 | FPS 1300 | D 865 | rR:μσmM 0.00 0.00 0.00 0.00 | F:μσmM 288.0 0.0 288.0 288.0 | H 1.757 | V -0.289 | pL -0.018 | vL 0.001 | ∇ 0.011
Status saved
Status saved
Status saved
Status saved
Status saved
U 10000 | F 1280000 | FPS 1471 | D 910 | rR:μσmM 0.00 0.00 0.00 0.00 | F:μσmM 288.0 0.0 288.0 288.0 | H 1.794 | V -0.279 | pL 0.022 | vL 0.003 | ∇ 0.023
Status saved
Status saved
Status saved
Status saved
Status saved
U 10500 | F 1344000 | FPS 1355 | D 956 | rR:μσmM 0.00 0.00 0.00 0.00 | F:μσmM 288.0 0.0 288.0 288.0 | H 1.780 | V -0.280 | pL 0.049 | vL 0.007 | ∇ 0.037
Status saved
Status saved
Status saved
Status saved
Status saved
U 11000 | F 1408000 | FPS 1485 | D 1001 | rR:μσmM 0.00 0.00 0.00 0.00 | F:μσmM 288.0 0.0 288.0 288.0 | H 1.773 | V -0.313 | pL -0.009 | vL 0.001 | ∇ 0.009
Status saved
Status saved
Status saved
Status saved
Status saved
U 11500 | F 1472000 | FPS 1444 | D 1047 | rR:μσmM 0.00 0.00 0.00 0.00 | F:μσmM 288.0 0.0 288.0 288.0 | H 1.810 | V -0.307 | pL -0.009 | vL 0.000 | ∇ 0.007
Status saved
Status saved
Status saved
Status saved
Status saved
U 12000 | F 1536000 | FPS 1440 | D 1092 | rR:μσmM 0.00 0.00 0.00 0.00 | F:μσmM 288.0 0.0 288.0 288.0 | H 1.776 | V -0.300 | pL -0.017 | vL 0.001 | ∇ 0.010
Status saved
Status saved
Status saved
Status saved
Status saved
U 12500 | F 1600000 | FPS 1497 | D 1137 | rR:μσmM 0.04 0.15 0.00 0.62 | F:μσmM 277.7 39.9 123.0 288.0 | H 1.785 | V -0.302 | pL 0.001 | vL 0.000 | ∇ 0.008
Status saved
Status saved
Status saved
Status saved
Status saved
U 13000 | F 1664000 | FPS 1471 | D 1183 | rR:μσmM 0.02 0.08 0.00 0.34 | F:μσmM 283.1 18.9 210.0 288.0 | H 1.747 | V -0.292 | pL 0.002 | vL 0.002 | ∇ 0.013
Status saved
Status saved
Status saved
Status saved
Status saved
U 13500 | F 1728000 | FPS 1425 | D 1228 | rR:μσmM 0.00 0.00 0.00 0.00 | F:μσmM 288.0 0.0 288.0 288.0 | H 1.778 | V -0.329 | pL -0.005 | vL 0.000 | ∇ 0.006
Status saved
Status saved
Status saved
Status saved
Status saved
U 14000 | F 1792000 | FPS 1361 | D 1274 | rR:μσmM 0.00 0.00 0.00 0.00 | F:μσmM 288.0 0.0 288.0 288.0 | H 1.801 | V -0.311 | pL -0.018 | vL 0.001 | ∇ 0.012
Status saved
Status saved
Status saved
Status saved
Status saved
U 14500 | F 1856000 | FPS 1278 | D 1320 | rR:μσmM 0.02 0.09 0.00 0.37 | F:μσmM 282.6 21.1 201.0 288.0 | H 1.802 | V -0.288 | pL -0.009 | vL 0.000 | ∇ 0.011
Status saved
Status saved
Status saved
Status saved
Status saved
U 15000 | F 1920000 | FPS 1361 | D 1365 | rR:μσmM 0.00 0.00 0.00 0.00 | F:μσmM 288.0 0.0 288.0 288.0 | H 1.775 | V -0.255 | pL -0.010 | vL 0.001 | ∇ 0.013
Status saved
Status saved
Status saved
Status saved
Status saved
U 15500 | F 1984000 | FPS 1439 | D 1411 | rR:μσmM 0.00 0.00 0.00 0.00 | F:μσmM 288.0 0.0 288.0 288.0 | H 1.755 | V -0.278 | pL -0.009 | vL 0.001 | ∇ 0.010
Status saved
Status saved
Status saved
Status saved
Status saved
U 16000 | F 2048000 | FPS 1472 | D 1457 | rR:μσmM 0.00 0.00 0.00 0.00 | F:μσmM 288.0 0.0 288.0 288.0 | H 1.790 | V -0.318 | pL -0.007 | vL 0.000 | ∇ 0.009
Status saved
Status saved
Status saved
Status saved
Status saved
U 16500 | F 2112000 | FPS 1424 | D 1502 | rR:μσmM 0.00 0.00 0.00 0.00 | F:μσmM 288.0 0.0 288.0 288.0 | H 1.782 | V -0.327 | pL -0.011 | vL 0.001 | ∇ 0.013
Status saved
Status saved
Status saved
Status saved
Status saved
U 17000 | F 2176000 | FPS 1462 | D 1548 | rR:μσmM 0.06 0.15 0.00 0.46 | F:μσmM 273.6 38.2 172.0 288.0 | H 1.801 | V -0.289 | pL -0.021 | vL 0.001 | ∇ 0.017
Status saved
Status saved
Status saved
Status saved
Status saved
U 17500 | F 2240000 | FPS 1443 | D 1594 | rR:μσmM 0.00 0.00 0.00 0.00 | F:μσmM 288.0 0.0 288.0 288.0 | H 1.788 | V -0.277 | pL 0.022 | vL 0.004 | ∇ 0.031
Status saved
Status saved
Status saved
Status saved
Status saved
U 18000 | F 2304000 | FPS 1420 | D 1640 | rR:μσmM 0.00 0.00 0.00 0.00 | F:μσmM 288.0 0.0 288.0 288.0 | H 1.774 | V -0.296 | pL -0.000 | vL 0.000 | ∇ 0.007
Status saved
Status saved
Status saved
Status saved
Status saved
U 18500 | F 2368000 | FPS 1013 | D 1685 | rR:μσmM 0.04 0.15 0.00 0.62 | F:μσmM 277.7 39.9 123.0 288.0 | H 1.761 | V -0.267 | pL -0.017 | vL 0.001 | ∇ 0.017
Status saved
Status saved
Status saved
Status saved
Status saved
U 19000 | F 2432000 | FPS 1515 | D 1731 | rR:μσmM 0.03 0.11 0.00 0.45 | F:μσmM 280.9 27.4 175.0 288.0 | H 1.759 | V -0.278 | pL -0.011 | vL 0.000 | ∇ 0.011
Status saved
Status saved
Status saved
Status saved
Status saved
U 19500 | F 2496000 | FPS 1375 | D 1777 | rR:μσmM 0.00 0.00 0.00 0.00 | F:μσmM 288.0 0.0 288.0 288.0 | H 1.761 | V -0.283 | pL 0.020 | vL 0.005 | ∇ 0.038
Status saved
Status saved
Status saved
Status saved
Status saved
U 20000 | F 2560000 | FPS 1385 | D 1822 | rR:μσmM 0.04 0.17 0.00 0.70 | F:μσmM 276.0 46.5 96.0 288.0 | H 1.803 | V -0.290 | pL -0.017 | vL 0.001 | ∇ 0.016
Status saved
Status saved
Status saved
Status saved
Status saved
U 20500 | F 2624000 | FPS 1512 | D 1867 | rR:μσmM 0.00 0.00 0.00 0.00 | F:μσmM 288.0 0.0 288.0 288.0 | H 1.782 | V -0.289 | pL -0.014 | vL 0.001 | ∇ 0.012
Status saved
Status saved
Status saved
Status saved
Status saved
U 21000 | F 2688000 | FPS 1517 | D 1912 | rR:μσmM 0.00 0.00 0.00 0.00 | F:μσmM 288.0 0.0 288.0 288.0 | H 1.755 | V -0.273 | pL -0.007 | vL 0.000 | ∇ 0.006
Status saved
Status saved
Status saved
Status saved
Status saved
U 21500 | F 2752000 | FPS 1496 | D 1957 | rR:μσmM 0.01 0.05 0.00 0.22 | F:μσmM 285.6 9.4 249.0 288.0 | H 1.781 | V -0.286 | pL -0.025 | vL 0.001 | ∇ 0.019
Status saved
Status saved
Status saved
Status saved
Status saved
U 22000 | F 2816000 | FPS 1340 | D 2003 | rR:μσmM 0.00 0.00 0.00 0.00 | F:μσmM 288.0 0.0 288.0 288.0 | H 1.741 | V -0.273 | pL 0.032 | vL 0.005 | ∇ 0.052
Status saved
Status saved
Status saved
Status saved
Status saved
U 22500 | F 2880000 | FPS 1549 | D 2048 | rR:μσmM 0.00 0.00 0.00 0.00 | F:μσmM 288.0 0.0 288.0 288.0 | H 1.802 | V -0.281 | pL -0.021 | vL 0.001 | ∇ 0.021
Status saved
Status saved
Status saved
Status saved
Status saved
U 23000 | F 2944000 | FPS 1286 | D 2093 | rR:μσmM 0.00 0.00 0.00 0.00 | F:μσmM 288.0 0.0 288.0 288.0 | H 1.790 | V -0.291 | pL -0.021 | vL 0.001 | ∇ 0.021
Status saved
Status saved
Status saved
Status saved
Status saved
