/workspace/learn-si2e/SI2E/SI2E_DrQv2/train.py:210: UserWarning: 
The version_base parameter is not specified.
Please specify a compatability version level, or None.
Will assume defaults for version 1.1
  @hydra.main(config_path='cfgs', config_name='config')
/usr/local/lib/python3.10/dist-packages/hydra/_internal/hydra.py:119: UserWarning: Future Hydra versions will no longer change working directory at job runtime by default.
See https://hydra.cc/docs/1.2/upgrades/1.1_to_1.2/changes_to_job_working_dir/ for more information.
  ret = run_job(
/workspace/learn-si2e/SI2E/SI2E_DrQv2/train.py:210: UserWarning: 
The version_base parameter is not specified.
Please specify a compatability version level, or None.
Will assume defaults for version 1.1
  @hydra.main(config_path='cfgs', config_name='config')
workspace: /workspace/learn-si2e/results/drqv2-full/se
| eval           | F: 0 | S: 0 | E: 0 | L: 1000 | R: 9.3777 | T: 0:00:00
| train          | F: 5000 | S: 2500 | E: 5 | L: 1000 | R: 75.8515 | BS: 2500 | FPS: 31.0778 | T: 0:00:32
| train          | F: 6000 | S: 3000 | E: 6 | L: 1000 | R: 71.9194 | BS: 3000 | FPS: 126.5558 | T: 0:00:40
| train          | F: 7000 | S: 3500 | E: 7 | L: 1000 | R: 71.4950 | BS: 3500 | FPS: 125.9626 | T: 0:00:48
| train          | F: 8000 | S: 4000 | E: 8 | L: 1000 | R: 73.1287 | BS: 4000 | FPS: 121.0000 | T: 0:00:56
| train          | F: 9000 | S: 4500 | E: 9 | L: 1000 | R: 74.3247 | BS: 4500 | FPS: 120.4466 | T: 0:01:04
| train          | F: 10000 | S: 5000 | E: 10 | L: 1000 | R: 72.1816 | BS: 5000 | FPS: 117.4179 | T: 0:01:13
| eval           | F: 10000 | S: 5000 | E: 10 | L: 1000 | R: 74.8325 | T: 0:01:13
| train          | F: 11000 | S: 5500 | E: 11 | L: 1000 | R: 72.8639 | BS: 5500 | FPS: 40.0031 | T: 0:01:38
| train          | F: 12000 | S: 6000 | E: 12 | L: 1000 | R: 73.9895 | BS: 6000 | FPS: 109.9091 | T: 0:01:47
| train          | F: 13000 | S: 6500 | E: 13 | L: 1000 | R: 72.5162 | BS: 6500 | FPS: 111.3575 | T: 0:01:56
| train          | F: 14000 | S: 7000 | E: 14 | L: 1000 | R: 71.8893 | BS: 7000 | FPS: 119.0963 | T: 0:02:04
| train          | F: 15000 | S: 7500 | E: 15 | L: 1000 | R: 135.9182 | BS: 7500 | FPS: 118.0607 | T: 0:02:13
| train          | F: 16000 | S: 8000 | E: 16 | L: 1000 | R: 211.9321 | BS: 8000 | FPS: 115.6453 | T: 0:02:21
| train          | F: 17000 | S: 8500 | E: 17 | L: 1000 | R: 121.1826 | BS: 8500 | FPS: 107.2121 | T: 0:02:31
| train          | F: 18000 | S: 9000 | E: 18 | L: 1000 | R: 178.7005 | BS: 9000 | FPS: 105.2604 | T: 0:02:40
| train          | F: 19000 | S: 9500 | E: 19 | L: 1000 | R: 130.3692 | BS: 9500 | FPS: 108.6630 | T: 0:02:49
| train          | F: 20000 | S: 10000 | E: 20 | L: 1000 | R: 123.8488 | BS: 10000 | FPS: 107.0043 | T: 0:02:59
| eval           | F: 20000 | S: 10000 | E: 20 | L: 1000 | R: 181.5435 | T: 0:02:59
| train          | F: 21000 | S: 10500 | E: 21 | L: 1000 | R: 139.0743 | BS: 10500 | FPS: 34.3513 | T: 0:03:28
| train          | F: 22000 | S: 11000 | E: 22 | L: 1000 | R: 212.9410 | BS: 11000 | FPS: 107.7826 | T: 0:03:37
| train          | F: 23000 | S: 11500 | E: 23 | L: 1000 | R: 227.0744 | BS: 11500 | FPS: 106.4239 | T: 0:03:46
| train          | F: 24000 | S: 12000 | E: 24 | L: 1000 | R: 218.7524 | BS: 12000 | FPS: 105.8832 | T: 0:03:56
| train          | F: 25000 | S: 12500 | E: 25 | L: 1000 | R: 203.1039 | BS: 12500 | FPS: 110.7484 | T: 0:04:05
| train          | F: 26000 | S: 13000 | E: 26 | L: 1000 | R: 266.0883 | BS: 13000 | FPS: 107.7011 | T: 0:04:14
| train          | F: 27000 | S: 13500 | E: 27 | L: 1000 | R: 220.4090 | BS: 13500 | FPS: 105.9756 | T: 0:04:24
| train          | F: 28000 | S: 14000 | E: 28 | L: 1000 | R: 171.6093 | BS: 14000 | FPS: 103.5956 | T: 0:04:33
| train          | F: 29000 | S: 14500 | E: 29 | L: 1000 | R: 183.9424 | BS: 14500 | FPS: 102.9587 | T: 0:04:43
| train          | F: 30000 | S: 15000 | E: 30 | L: 1000 | R: 163.3331 | BS: 15000 | FPS: 103.0607 | T: 0:04:53
| eval           | F: 30000 | S: 15000 | E: 30 | L: 1000 | R: 160.2808 | T: 0:04:53
| train          | F: 31000 | S: 15500 | E: 31 | L: 1000 | R: 159.4026 | BS: 15500 | FPS: 34.4830 | T: 0:05:22
| train          | F: 32000 | S: 16000 | E: 32 | L: 1000 | R: 198.8395 | BS: 16000 | FPS: 105.7103 | T: 0:05:31
| train          | F: 33000 | S: 16500 | E: 33 | L: 1000 | R: 202.4368 | BS: 16500 | FPS: 104.3630 | T: 0:05:41
| train          | F: 34000 | S: 17000 | E: 34 | L: 1000 | R: 244.4539 | BS: 17000 | FPS: 104.4759 | T: 0:05:50
| train          | F: 35000 | S: 17500 | E: 35 | L: 1000 | R: 248.8197 | BS: 17500 | FPS: 105.1878 | T: 0:06:00
| train          | F: 36000 | S: 18000 | E: 36 | L: 1000 | R: 214.7648 | BS: 18000 | FPS: 108.2796 | T: 0:06:09
| train          | F: 37000 | S: 18500 | E: 37 | L: 1000 | R: 226.1876 | BS: 18500 | FPS: 105.6255 | T: 0:06:18
| train          | F: 38000 | S: 19000 | E: 38 | L: 1000 | R: 225.2876 | BS: 19000 | FPS: 105.0510 | T: 0:06:28
| train          | F: 39000 | S: 19500 | E: 39 | L: 1000 | R: 217.0676 | BS: 19500 | FPS: 104.0125 | T: 0:06:38
| train          | F: 40000 | S: 20000 | E: 40 | L: 1000 | R: 230.4638 | BS: 20000 | FPS: 103.8788 | T: 0:06:47
| eval           | F: 40000 | S: 20000 | E: 40 | L: 1000 | R: 219.8881 | T: 0:06:47
| train          | F: 41000 | S: 20500 | E: 41 | L: 1000 | R: 208.3709 | BS: 20500 | FPS: 37.7664 | T: 0:07:14
| train          | F: 42000 | S: 21000 | E: 42 | L: 1000 | R: 199.0831 | BS: 21000 | FPS: 107.0117 | T: 0:07:23
| train          | F: 43000 | S: 21500 | E: 43 | L: 1000 | R: 199.5034 | BS: 21500 | FPS: 108.2592 | T: 0:07:32
| train          | F: 44000 | S: 22000 | E: 44 | L: 1000 | R: 193.6284 | BS: 22000 | FPS: 110.8904 | T: 0:07:41
| train          | F: 45000 | S: 22500 | E: 45 | L: 1000 | R: 206.5895 | BS: 22500 | FPS: 109.6674 | T: 0:07:50
| train          | F: 46000 | S: 23000 | E: 46 | L: 1000 | R: 262.4612 | BS: 23000 | FPS: 106.8983 | T: 0:08:00
| train          | F: 47000 | S: 23500 | E: 47 | L: 1000 | R: 201.8971 | BS: 23500 | FPS: 103.6576 | T: 0:08:09
| train          | F: 48000 | S: 24000 | E: 48 | L: 1000 | R: 198.6433 | BS: 24000 | FPS: 107.6797 | T: 0:08:19
| train          | F: 49000 | S: 24500 | E: 49 | L: 1000 | R: 217.0235 | BS: 24500 | FPS: 107.1939 | T: 0:08:28
| train          | F: 50000 | S: 25000 | E: 50 | L: 1000 | R: 256.0231 | BS: 25000 | FPS: 101.4368 | T: 0:08:38
| eval           | F: 50000 | S: 25000 | E: 50 | L: 1000 | R: 200.6410 | T: 0:08:38
| train          | F: 51000 | S: 25500 | E: 51 | L: 1000 | R: 221.3031 | BS: 25500 | FPS: 35.1323 | T: 0:09:06
| train          | F: 52000 | S: 26000 | E: 52 | L: 1000 | R: 208.2671 | BS: 26000 | FPS: 114.3135 | T: 0:09:15
| train          | F: 53000 | S: 26500 | E: 53 | L: 1000 | R: 245.9369 | BS: 26500 | FPS: 113.9227 | T: 0:09:24
| train          | F: 54000 | S: 27000 | E: 54 | L: 1000 | R: 220.7942 | BS: 27000 | FPS: 112.4568 | T: 0:09:33
| train          | F: 55000 | S: 27500 | E: 55 | L: 1000 | R: 254.0176 | BS: 27500 | FPS: 112.1236 | T: 0:09:42
| train          | F: 56000 | S: 28000 | E: 56 | L: 1000 | R: 241.9687 | BS: 28000 | FPS: 111.2799 | T: 0:09:51
| train          | F: 57000 | S: 28500 | E: 57 | L: 1000 | R: 271.5100 | BS: 28500 | FPS: 110.3296 | T: 0:10:00
| train          | F: 58000 | S: 29000 | E: 58 | L: 1000 | R: 220.2761 | BS: 29000 | FPS: 109.7574 | T: 0:10:09
| train          | F: 59000 | S: 29500 | E: 59 | L: 1000 | R: 243.4034 | BS: 29500 | FPS: 111.4768 | T: 0:10:18
| train          | F: 60000 | S: 30000 | E: 60 | L: 1000 | R: 226.3772 | BS: 30000 | FPS: 105.5986 | T: 0:10:27
| eval           | F: 60000 | S: 30000 | E: 60 | L: 1000 | R: 210.3593 | T: 0:10:27
| train          | F: 61000 | S: 30500 | E: 61 | L: 1000 | R: 244.9294 | BS: 30500 | FPS: 38.3409 | T: 0:10:53
| train          | F: 62000 | S: 31000 | E: 62 | L: 1000 | R: 245.1437 | BS: 31000 | FPS: 104.3632 | T: 0:11:03
| train          | F: 63000 | S: 31500 | E: 63 | L: 1000 | R: 242.6959 | BS: 31500 | FPS: 101.2657 | T: 0:11:13
| train          | F: 64000 | S: 32000 | E: 64 | L: 1000 | R: 235.1271 | BS: 32000 | FPS: 101.6738 | T: 0:11:23
| train          | F: 65000 | S: 32500 | E: 65 | L: 1000 | R: 220.4383 | BS: 32500 | FPS: 105.5400 | T: 0:11:32
| train          | F: 66000 | S: 33000 | E: 66 | L: 1000 | R: 223.9675 | BS: 33000 | FPS: 111.9320 | T: 0:11:41
| train          | F: 67000 | S: 33500 | E: 67 | L: 1000 | R: 221.3882 | BS: 33500 | FPS: 103.5345 | T: 0:11:51
| train          | F: 68000 | S: 34000 | E: 68 | L: 1000 | R: 218.8687 | BS: 34000 | FPS: 108.4297 | T: 0:12:00
| train          | F: 69000 | S: 34500 | E: 69 | L: 1000 | R: 222.3636 | BS: 34500 | FPS: 101.5432 | T: 0:12:10
| train          | F: 70000 | S: 35000 | E: 70 | L: 1000 | R: 221.2123 | BS: 35000 | FPS: 101.3550 | T: 0:12:20
| eval           | F: 70000 | S: 35000 | E: 70 | L: 1000 | R: 215.5386 | T: 0:12:20
| train          | F: 71000 | S: 35500 | E: 71 | L: 1000 | R: 233.2587 | BS: 35500 | FPS: 34.3476 | T: 0:12:49
| train          | F: 72000 | S: 36000 | E: 72 | L: 1000 | R: 238.1965 | BS: 36000 | FPS: 104.7426 | T: 0:12:58
| train          | F: 73000 | S: 36500 | E: 73 | L: 1000 | R: 249.0486 | BS: 36500 | FPS: 102.9966 | T: 0:13:08
| train          | F: 74000 | S: 37000 | E: 74 | L: 1000 | R: 303.7930 | BS: 37000 | FPS: 101.0925 | T: 0:13:18
| train          | F: 75000 | S: 37500 | E: 75 | L: 1000 | R: 258.1096 | BS: 37500 | FPS: 102.6906 | T: 0:13:28
| train          | F: 76000 | S: 38000 | E: 76 | L: 1000 | R: 221.7137 | BS: 38000 | FPS: 106.0940 | T: 0:13:37
| train          | F: 77000 | S: 38500 | E: 77 | L: 1000 | R: 225.6575 | BS: 38500 | FPS: 100.3492 | T: 0:13:47
| train          | F: 78000 | S: 39000 | E: 78 | L: 1000 | R: 225.1032 | BS: 39000 | FPS: 100.7765 | T: 0:13:57
| train          | F: 79000 | S: 39500 | E: 79 | L: 1000 | R: 224.9260 | BS: 39500 | FPS: 97.7775 | T: 0:14:07
| train          | F: 80000 | S: 40000 | E: 80 | L: 1000 | R: 224.8849 | BS: 40000 | FPS: 100.5954 | T: 0:14:17
| eval           | F: 80000 | S: 40000 | E: 80 | L: 1000 | R: 209.9731 | T: 0:14:17
| train          | F: 81000 | S: 40500 | E: 81 | L: 1000 | R: 228.5380 | BS: 40500 | FPS: 38.6661 | T: 0:14:43
| train          | F: 82000 | S: 41000 | E: 82 | L: 1000 | R: 219.0579 | BS: 41000 | FPS: 111.0235 | T: 0:14:52
| train          | F: 83000 | S: 41500 | E: 83 | L: 1000 | R: 277.0916 | BS: 41500 | FPS: 108.4955 | T: 0:15:01
| train          | F: 84000 | S: 42000 | E: 84 | L: 1000 | R: 265.7192 | BS: 42000 | FPS: 108.9390 | T: 0:15:10
| train          | F: 85000 | S: 42500 | E: 85 | L: 1000 | R: 231.1491 | BS: 42500 | FPS: 109.2198 | T: 0:15:20
| train          | F: 86000 | S: 43000 | E: 86 | L: 1000 | R: 232.0303 | BS: 43000 | FPS: 105.0555 | T: 0:15:29
| train          | F: 87000 | S: 43500 | E: 87 | L: 1000 | R: 217.1833 | BS: 43500 | FPS: 104.0248 | T: 0:15:39
| train          | F: 88000 | S: 44000 | E: 88 | L: 1000 | R: 246.6280 | BS: 44000 | FPS: 98.6817 | T: 0:15:49
| train          | F: 89000 | S: 44500 | E: 89 | L: 1000 | R: 326.1514 | BS: 44500 | FPS: 109.0112 | T: 0:15:58
| train          | F: 90000 | S: 45000 | E: 90 | L: 1000 | R: 334.0593 | BS: 45000 | FPS: 100.3395 | T: 0:16:08
| eval           | F: 90000 | S: 45000 | E: 90 | L: 1000 | R: 225.2034 | T: 0:16:08
| train          | F: 91000 | S: 45500 | E: 91 | L: 1000 | R: 295.2437 | BS: 45500 | FPS: 32.8661 | T: 0:16:38
| train          | F: 92000 | S: 46000 | E: 92 | L: 1000 | R: 263.6759 | BS: 46000 | FPS: 101.4369 | T: 0:16:48
| train          | F: 93000 | S: 46500 | E: 93 | L: 1000 | R: 292.4986 | BS: 46500 | FPS: 100.3721 | T: 0:16:58
| train          | F: 94000 | S: 47000 | E: 94 | L: 1000 | R: 265.9079 | BS: 47000 | FPS: 99.3414 | T: 0:17:08
| train          | F: 95000 | S: 47500 | E: 95 | L: 1000 | R: 311.0192 | BS: 47500 | FPS: 99.6609 | T: 0:17:18
| train          | F: 96000 | S: 48000 | E: 96 | L: 1000 | R: 287.5889 | BS: 48000 | FPS: 100.6205 | T: 0:17:28
| train          | F: 97000 | S: 48500 | E: 97 | L: 1000 | R: 320.7185 | BS: 48500 | FPS: 99.7334 | T: 0:17:38
| train          | F: 98000 | S: 49000 | E: 98 | L: 1000 | R: 227.1272 | BS: 49000 | FPS: 99.8972 | T: 0:17:48
| train          | F: 99000 | S: 49500 | E: 99 | L: 1000 | R: 319.5709 | BS: 49500 | FPS: 100.2063 | T: 0:17:58
| train          | F: 100000 | S: 50000 | E: 100 | L: 1000 | R: 334.9128 | BS: 50000 | FPS: 99.5695 | T: 0:18:08
| eval           | F: 100000 | S: 50000 | E: 100 | L: 1000 | R: 285.8798 | T: 0:18:08
| train          | F: 101000 | S: 50500 | E: 101 | L: 1000 | R: 332.6902 | BS: 50500 | FPS: 38.1705 | T: 0:18:35
| train          | F: 102000 | S: 51000 | E: 102 | L: 1000 | R: 317.3531 | BS: 51000 | FPS: 106.7985 | T: 0:18:44
| train          | F: 103000 | S: 51500 | E: 103 | L: 1000 | R: 297.3783 | BS: 51500 | FPS: 109.1486 | T: 0:18:53
| train          | F: 104000 | S: 52000 | E: 104 | L: 1000 | R: 352.3175 | BS: 52000 | FPS: 100.3306 | T: 0:19:03
| train          | F: 105000 | S: 52500 | E: 105 | L: 1000 | R: 347.6938 | BS: 52500 | FPS: 99.5497 | T: 0:19:13
| train          | F: 106000 | S: 53000 | E: 106 | L: 1000 | R: 376.3412 | BS: 53000 | FPS: 99.9456 | T: 0:19:23
| train          | F: 107000 | S: 53500 | E: 107 | L: 1000 | R: 451.9469 | BS: 53500 | FPS: 103.8638 | T: 0:19:33
| train          | F: 108000 | S: 54000 | E: 108 | L: 1000 | R: 231.1899 | BS: 54000 | FPS: 102.0258 | T: 0:19:42
| train          | F: 109000 | S: 54500 | E: 109 | L: 1000 | R: 416.3383 | BS: 54500 | FPS: 99.2098 | T: 0:19:53
| train          | F: 110000 | S: 55000 | E: 110 | L: 1000 | R: 375.3290 | BS: 55000 | FPS: 97.5755 | T: 0:20:03
| eval           | F: 110000 | S: 55000 | E: 110 | L: 1000 | R: 283.4283 | T: 0:20:03
| train          | F: 111000 | S: 55500 | E: 111 | L: 1000 | R: 413.4026 | BS: 55500 | FPS: 34.1449 | T: 0:20:32
| train          | F: 112000 | S: 56000 | E: 112 | L: 1000 | R: 447.8402 | BS: 56000 | FPS: 112.1856 | T: 0:20:41
| train          | F: 113000 | S: 56500 | E: 113 | L: 1000 | R: 338.6838 | BS: 56500 | FPS: 108.0016 | T: 0:20:50
| train          | F: 114000 | S: 57000 | E: 114 | L: 1000 | R: 188.7384 | BS: 57000 | FPS: 107.1738 | T: 0:21:00
| train          | F: 115000 | S: 57500 | E: 115 | L: 1000 | R: 435.8380 | BS: 57500 | FPS: 102.5378 | T: 0:21:09
| train          | F: 116000 | S: 58000 | E: 116 | L: 1000 | R: 331.9815 | BS: 58000 | FPS: 101.2696 | T: 0:21:19
| train          | F: 117000 | S: 58500 | E: 117 | L: 1000 | R: 245.2810 | BS: 58500 | FPS: 101.1415 | T: 0:21:29
| train          | F: 118000 | S: 59000 | E: 118 | L: 1000 | R: 398.5670 | BS: 59000 | FPS: 99.0026 | T: 0:21:39
| train          | F: 119000 | S: 59500 | E: 119 | L: 1000 | R: 410.2170 | BS: 59500 | FPS: 106.6644 | T: 0:21:49
| train          | F: 120000 | S: 60000 | E: 120 | L: 1000 | R: 452.2603 | BS: 60000 | FPS: 107.1288 | T: 0:21:58
| eval           | F: 120000 | S: 60000 | E: 120 | L: 1000 | R: 262.2741 | T: 0:21:58
| train          | F: 121000 | S: 60500 | E: 121 | L: 1000 | R: 340.5076 | BS: 60500 | FPS: 38.0727 | T: 0:22:24
| train          | F: 122000 | S: 61000 | E: 122 | L: 1000 | R: 393.4670 | BS: 61000 | FPS: 106.4746 | T: 0:22:34
| train          | F: 123000 | S: 61500 | E: 123 | L: 1000 | R: 361.9566 | BS: 61500 | FPS: 105.1974 | T: 0:22:43
| train          | F: 124000 | S: 62000 | E: 124 | L: 1000 | R: 382.3587 | BS: 62000 | FPS: 105.5883 | T: 0:22:53
| train          | F: 125000 | S: 62500 | E: 125 | L: 1000 | R: 487.0543 | BS: 62500 | FPS: 107.4429 | T: 0:23:02
| train          | F: 126000 | S: 63000 | E: 126 | L: 1000 | R: 560.0103 | BS: 63000 | FPS: 106.9552 | T: 0:23:11
| train          | F: 127000 | S: 63500 | E: 127 | L: 1000 | R: 321.3210 | BS: 63500 | FPS: 106.7488 | T: 0:23:21
| train          | F: 128000 | S: 64000 | E: 128 | L: 1000 | R: 348.0762 | BS: 64000 | FPS: 107.7867 | T: 0:23:30
| train          | F: 129000 | S: 64500 | E: 129 | L: 1000 | R: 431.1331 | BS: 64500 | FPS: 106.0277 | T: 0:23:39
| train          | F: 130000 | S: 65000 | E: 130 | L: 1000 | R: 408.5856 | BS: 65000 | FPS: 101.9603 | T: 0:23:49
| eval           | F: 130000 | S: 65000 | E: 130 | L: 1000 | R: 542.1297 | T: 0:23:49
| train          | F: 131000 | S: 65500 | E: 131 | L: 1000 | R: 440.6604 | BS: 65500 | FPS: 36.8959 | T: 0:24:16
| train          | F: 132000 | S: 66000 | E: 132 | L: 1000 | R: 554.3903 | BS: 66000 | FPS: 100.5246 | T: 0:24:26
| train          | F: 133000 | S: 66500 | E: 133 | L: 1000 | R: 599.2646 | BS: 66500 | FPS: 101.4265 | T: 0:24:36
| train          | F: 134000 | S: 67000 | E: 134 | L: 1000 | R: 636.7966 | BS: 67000 | FPS: 99.8840 | T: 0:24:46
| train          | F: 135000 | S: 67500 | E: 135 | L: 1000 | R: 424.2343 | BS: 67500 | FPS: 100.0928 | T: 0:24:56
| train          | F: 136000 | S: 68000 | E: 136 | L: 1000 | R: 587.9106 | BS: 68000 | FPS: 99.1122 | T: 0:25:06
| train          | F: 137000 | S: 68500 | E: 137 | L: 1000 | R: 685.1027 | BS: 68500 | FPS: 100.6814 | T: 0:25:16
| train          | F: 138000 | S: 69000 | E: 138 | L: 1000 | R: 485.2052 | BS: 69000 | FPS: 99.4467 | T: 0:25:26
| train          | F: 139000 | S: 69500 | E: 139 | L: 1000 | R: 468.7287 | BS: 69500 | FPS: 99.6555 | T: 0:25:36
| train          | F: 140000 | S: 70000 | E: 140 | L: 1000 | R: 688.9535 | BS: 70000 | FPS: 100.1672 | T: 0:25:46
| eval           | F: 140000 | S: 70000 | E: 140 | L: 1000 | R: 654.7872 | T: 0:25:46
| train          | F: 141000 | S: 70500 | E: 141 | L: 1000 | R: 515.5744 | BS: 70500 | FPS: 37.7786 | T: 0:26:13
| train          | F: 142000 | S: 71000 | E: 142 | L: 1000 | R: 592.4301 | BS: 71000 | FPS: 101.8849 | T: 0:26:22
| train          | F: 143000 | S: 71500 | E: 143 | L: 1000 | R: 530.5764 | BS: 71500 | FPS: 104.0401 | T: 0:26:32
| train          | F: 144000 | S: 72000 | E: 144 | L: 1000 | R: 668.7961 | BS: 72000 | FPS: 105.1024 | T: 0:26:42
| train          | F: 145000 | S: 72500 | E: 145 | L: 1000 | R: 581.3339 | BS: 72500 | FPS: 101.2996 | T: 0:26:51
| train          | F: 146000 | S: 73000 | E: 146 | L: 1000 | R: 701.6240 | BS: 73000 | FPS: 106.2192 | T: 0:27:01
| train          | F: 147000 | S: 73500 | E: 147 | L: 1000 | R: 490.0142 | BS: 73500 | FPS: 109.1781 | T: 0:27:10
| train          | F: 148000 | S: 74000 | E: 148 | L: 1000 | R: 494.1384 | BS: 74000 | FPS: 109.9294 | T: 0:27:19
| train          | F: 149000 | S: 74500 | E: 149 | L: 1000 | R: 629.5532 | BS: 74500 | FPS: 110.0389 | T: 0:27:28
| train          | F: 150000 | S: 75000 | E: 150 | L: 1000 | R: 632.1882 | BS: 75000 | FPS: 108.9367 | T: 0:27:37
| eval           | F: 150000 | S: 75000 | E: 150 | L: 1000 | R: 607.1528 | T: 0:27:37
| train          | F: 151000 | S: 75500 | E: 151 | L: 1000 | R: 550.8501 | BS: 75500 | FPS: 33.0373 | T: 0:28:08
| train          | F: 152000 | S: 76000 | E: 152 | L: 1000 | R: 670.1048 | BS: 76000 | FPS: 100.5172 | T: 0:28:18
| train          | F: 153000 | S: 76500 | E: 153 | L: 1000 | R: 546.7483 | BS: 76500 | FPS: 103.7909 | T: 0:28:27
| train          | F: 154000 | S: 77000 | E: 154 | L: 1000 | R: 652.8468 | BS: 77000 | FPS: 107.8851 | T: 0:28:36
| train          | F: 155000 | S: 77500 | E: 155 | L: 1000 | R: 618.0173 | BS: 77500 | FPS: 104.7293 | T: 0:28:46
| train          | F: 156000 | S: 78000 | E: 156 | L: 1000 | R: 589.9333 | BS: 78000 | FPS: 109.0197 | T: 0:28:55
| train          | F: 157000 | S: 78500 | E: 157 | L: 1000 | R: 674.0942 | BS: 78500 | FPS: 107.3060 | T: 0:29:04
| train          | F: 158000 | S: 79000 | E: 158 | L: 1000 | R: 670.4183 | BS: 79000 | FPS: 109.1863 | T: 0:29:14
| train          | F: 159000 | S: 79500 | E: 159 | L: 1000 | R: 688.8157 | BS: 79500 | FPS: 107.9228 | T: 0:29:23
| train          | F: 160000 | S: 80000 | E: 160 | L: 1000 | R: 690.7623 | BS: 80000 | FPS: 106.2596 | T: 0:29:32
| eval           | F: 160000 | S: 80000 | E: 160 | L: 1000 | R: 664.0138 | T: 0:29:32
| train          | F: 161000 | S: 80500 | E: 161 | L: 1000 | R: 359.4109 | BS: 80500 | FPS: 34.8770 | T: 0:30:01
| train          | F: 162000 | S: 81000 | E: 162 | L: 1000 | R: 692.5686 | BS: 81000 | FPS: 108.4563 | T: 0:30:10
| train          | F: 163000 | S: 81500 | E: 163 | L: 1000 | R: 682.5677 | BS: 81500 | FPS: 108.7712 | T: 0:30:19
| train          | F: 164000 | S: 82000 | E: 164 | L: 1000 | R: 699.9652 | BS: 82000 | FPS: 108.7617 | T: 0:30:29
| train          | F: 165000 | S: 82500 | E: 165 | L: 1000 | R: 702.8524 | BS: 82500 | FPS: 109.4795 | T: 0:30:38
| train          | F: 166000 | S: 83000 | E: 166 | L: 1000 | R: 695.5301 | BS: 83000 | FPS: 107.6160 | T: 0:30:47
| train          | F: 167000 | S: 83500 | E: 167 | L: 1000 | R: 640.4394 | BS: 83500 | FPS: 107.9974 | T: 0:30:56
| train          | F: 168000 | S: 84000 | E: 168 | L: 1000 | R: 698.7820 | BS: 84000 | FPS: 108.9873 | T: 0:31:05
| train          | F: 169000 | S: 84500 | E: 169 | L: 1000 | R: 461.9859 | BS: 84500 | FPS: 104.6932 | T: 0:31:15
| train          | F: 170000 | S: 85000 | E: 170 | L: 1000 | R: 514.2769 | BS: 85000 | FPS: 106.2398 | T: 0:31:24
| eval           | F: 170000 | S: 85000 | E: 170 | L: 1000 | R: 672.5703 | T: 0:31:24
| train          | F: 171000 | S: 85500 | E: 171 | L: 1000 | R: 692.2077 | BS: 85500 | FPS: 34.3622 | T: 0:31:54
| train          | F: 172000 | S: 86000 | E: 172 | L: 1000 | R: 680.1991 | BS: 86000 | FPS: 100.9843 | T: 0:32:03
| train          | F: 173000 | S: 86500 | E: 173 | L: 1000 | R: 695.6063 | BS: 86500 | FPS: 99.7169 | T: 0:32:13
| train          | F: 174000 | S: 87000 | E: 174 | L: 1000 | R: 679.2118 | BS: 87000 | FPS: 98.7087 | T: 0:32:24
| train          | F: 175000 | S: 87500 | E: 175 | L: 1000 | R: 514.1325 | BS: 87500 | FPS: 101.1941 | T: 0:32:33
| train          | F: 176000 | S: 88000 | E: 176 | L: 1000 | R: 489.4533 | BS: 88000 | FPS: 109.3069 | T: 0:32:43
| train          | F: 177000 | S: 88500 | E: 177 | L: 1000 | R: 514.2927 | BS: 88500 | FPS: 102.3744 | T: 0:32:52
| train          | F: 178000 | S: 89000 | E: 178 | L: 1000 | R: 632.4661 | BS: 89000 | FPS: 108.2468 | T: 0:33:02
| train          | F: 179000 | S: 89500 | E: 179 | L: 1000 | R: 619.9578 | BS: 89500 | FPS: 102.0323 | T: 0:33:11
| train          | F: 180000 | S: 90000 | E: 180 | L: 1000 | R: 611.6632 | BS: 90000 | FPS: 108.2695 | T: 0:33:21
| eval           | F: 180000 | S: 90000 | E: 180 | L: 1000 | R: 625.1437 | T: 0:33:21
| train          | F: 181000 | S: 90500 | E: 181 | L: 1000 | R: 625.1957 | BS: 90500 | FPS: 37.8901 | T: 0:33:47
| train          | F: 182000 | S: 91000 | E: 182 | L: 1000 | R: 674.0353 | BS: 91000 | FPS: 102.8643 | T: 0:33:57
| train          | F: 183000 | S: 91500 | E: 183 | L: 1000 | R: 570.0925 | BS: 91500 | FPS: 108.3479 | T: 0:34:06
| train          | F: 184000 | S: 92000 | E: 184 | L: 1000 | R: 649.5881 | BS: 92000 | FPS: 107.8531 | T: 0:34:15
| train          | F: 185000 | S: 92500 | E: 185 | L: 1000 | R: 641.4077 | BS: 92500 | FPS: 108.0982 | T: 0:34:25
| train          | F: 186000 | S: 93000 | E: 186 | L: 1000 | R: 635.3658 | BS: 93000 | FPS: 107.9667 | T: 0:34:34
| train          | F: 187000 | S: 93500 | E: 187 | L: 1000 | R: 606.2698 | BS: 93500 | FPS: 107.6112 | T: 0:34:43
| train          | F: 188000 | S: 94000 | E: 188 | L: 1000 | R: 579.3632 | BS: 94000 | FPS: 106.9897 | T: 0:34:52
| train          | F: 189000 | S: 94500 | E: 189 | L: 1000 | R: 691.5114 | BS: 94500 | FPS: 106.6576 | T: 0:35:02
| train          | F: 190000 | S: 95000 | E: 190 | L: 1000 | R: 651.2938 | BS: 95000 | FPS: 106.7593 | T: 0:35:11
| eval           | F: 190000 | S: 95000 | E: 190 | L: 1000 | R: 614.6697 | T: 0:35:11
| train          | F: 191000 | S: 95500 | E: 191 | L: 1000 | R: 705.6305 | BS: 95500 | FPS: 37.7435 | T: 0:35:38
| train          | F: 192000 | S: 96000 | E: 192 | L: 1000 | R: 576.1876 | BS: 96000 | FPS: 104.1471 | T: 0:35:47
| train          | F: 193000 | S: 96500 | E: 193 | L: 1000 | R: 688.9593 | BS: 96500 | FPS: 104.7806 | T: 0:35:57
| train          | F: 194000 | S: 97000 | E: 194 | L: 1000 | R: 685.5461 | BS: 97000 | FPS: 107.9905 | T: 0:36:06
| train          | F: 195000 | S: 97500 | E: 195 | L: 1000 | R: 682.4448 | BS: 97500 | FPS: 104.6817 | T: 0:36:16
| train          | F: 196000 | S: 98000 | E: 196 | L: 1000 | R: 705.7178 | BS: 98000 | FPS: 105.4133 | T: 0:36:25
| train          | F: 197000 | S: 98500 | E: 197 | L: 1000 | R: 695.2927 | BS: 98500 | FPS: 99.9393 | T: 0:36:35
| train          | F: 198000 | S: 99000 | E: 198 | L: 1000 | R: 714.1937 | BS: 99000 | FPS: 106.9971 | T: 0:36:44
| train          | F: 199000 | S: 99500 | E: 199 | L: 1000 | R: 703.4083 | BS: 99500 | FPS: 108.3061 | T: 0:36:54
| train          | F: 200000 | S: 100000 | E: 200 | L: 1000 | R: 701.9622 | BS: 100000 | FPS: 108.1077 | T: 0:37:03
| eval           | F: 200000 | S: 100000 | E: 200 | L: 1000 | R: 683.2147 | T: 0:37:03
| train          | F: 201000 | S: 100500 | E: 201 | L: 1000 | R: 711.3721 | BS: 100500 | FPS: 35.1298 | T: 0:37:31
| train          | F: 202000 | S: 101000 | E: 202 | L: 1000 | R: 685.5397 | BS: 101000 | FPS: 103.6767 | T: 0:37:41
| train          | F: 203000 | S: 101500 | E: 203 | L: 1000 | R: 706.1256 | BS: 101500 | FPS: 105.2256 | T: 0:37:51
| train          | F: 204000 | S: 102000 | E: 204 | L: 1000 | R: 580.3720 | BS: 102000 | FPS: 103.9550 | T: 0:38:00
| train          | F: 205000 | S: 102500 | E: 205 | L: 1000 | R: 705.8696 | BS: 102500 | FPS: 101.2225 | T: 0:38:10
| train          | F: 206000 | S: 103000 | E: 206 | L: 1000 | R: 690.8171 | BS: 103000 | FPS: 103.2148 | T: 0:38:20
| train          | F: 207000 | S: 103500 | E: 207 | L: 1000 | R: 679.6042 | BS: 103500 | FPS: 106.4081 | T: 0:38:29
| train          | F: 208000 | S: 104000 | E: 208 | L: 1000 | R: 637.5912 | BS: 104000 | FPS: 99.2507 | T: 0:38:39
| train          | F: 209000 | S: 104500 | E: 209 | L: 1000 | R: 616.4842 | BS: 104500 | FPS: 98.8585 | T: 0:38:49
| train          | F: 210000 | S: 105000 | E: 210 | L: 1000 | R: 621.5682 | BS: 105000 | FPS: 101.7020 | T: 0:38:59
| eval           | F: 210000 | S: 105000 | E: 210 | L: 1000 | R: 680.8650 | T: 0:38:59
| train          | F: 211000 | S: 105500 | E: 211 | L: 1000 | R: 638.0537 | BS: 105500 | FPS: 37.8052 | T: 0:39:26
| train          | F: 212000 | S: 106000 | E: 212 | L: 1000 | R: 685.4057 | BS: 106000 | FPS: 104.4162 | T: 0:39:35
| train          | F: 213000 | S: 106500 | E: 213 | L: 1000 | R: 630.9623 | BS: 106500 | FPS: 102.9768 | T: 0:39:45
| train          | F: 214000 | S: 107000 | E: 214 | L: 1000 | R: 621.9176 | BS: 107000 | FPS: 100.4884 | T: 0:39:55
| train          | F: 215000 | S: 107500 | E: 215 | L: 1000 | R: 678.1820 | BS: 107500 | FPS: 100.6036 | T: 0:40:05
| train          | F: 216000 | S: 108000 | E: 216 | L: 1000 | R: 688.7066 | BS: 108000 | FPS: 101.0508 | T: 0:40:15
| train          | F: 217000 | S: 108500 | E: 217 | L: 1000 | R: 705.8984 | BS: 108500 | FPS: 100.4653 | T: 0:40:25
| train          | F: 218000 | S: 109000 | E: 218 | L: 1000 | R: 656.1741 | BS: 109000 | FPS: 97.7579 | T: 0:40:35
| train          | F: 219000 | S: 109500 | E: 219 | L: 1000 | R: 680.6986 | BS: 109500 | FPS: 100.3013 | T: 0:40:45
| train          | F: 220000 | S: 110000 | E: 220 | L: 1000 | R: 682.0384 | BS: 110000 | FPS: 99.0258 | T: 0:40:55
| eval           | F: 220000 | S: 110000 | E: 220 | L: 1000 | R: 643.3784 | T: 0:40:55
| train          | F: 221000 | S: 110500 | E: 221 | L: 1000 | R: 669.3395 | BS: 110500 | FPS: 38.3339 | T: 0:41:21
| train          | F: 222000 | S: 111000 | E: 222 | L: 1000 | R: 682.6756 | BS: 111000 | FPS: 110.4206 | T: 0:41:30
| train          | F: 223000 | S: 111500 | E: 223 | L: 1000 | R: 694.7673 | BS: 111500 | FPS: 109.7338 | T: 0:41:39
| train          | F: 224000 | S: 112000 | E: 224 | L: 1000 | R: 695.5502 | BS: 112000 | FPS: 110.2222 | T: 0:41:48
| train          | F: 225000 | S: 112500 | E: 225 | L: 1000 | R: 700.3742 | BS: 112500 | FPS: 108.5721 | T: 0:41:57
| train          | F: 226000 | S: 113000 | E: 226 | L: 1000 | R: 654.0872 | BS: 113000 | FPS: 108.8374 | T: 0:42:07
| train          | F: 227000 | S: 113500 | E: 227 | L: 1000 | R: 705.9633 | BS: 113500 | FPS: 109.0671 | T: 0:42:16
| train          | F: 228000 | S: 114000 | E: 228 | L: 1000 | R: 652.3272 | BS: 114000 | FPS: 108.6379 | T: 0:42:25
| train          | F: 229000 | S: 114500 | E: 229 | L: 1000 | R: 627.9225 | BS: 114500 | FPS: 108.3036 | T: 0:42:34
| train          | F: 230000 | S: 115000 | E: 230 | L: 1000 | R: 706.3836 | BS: 115000 | FPS: 108.4040 | T: 0:42:44
| eval           | F: 230000 | S: 115000 | E: 230 | L: 1000 | R: 679.1032 | T: 0:42:44
| train          | F: 231000 | S: 115500 | E: 231 | L: 1000 | R: 696.8760 | BS: 115500 | FPS: 33.3661 | T: 0:43:13
| train          | F: 232000 | S: 116000 | E: 232 | L: 1000 | R: 700.1738 | BS: 116000 | FPS: 107.7679 | T: 0:43:23
| train          | F: 233000 | S: 116500 | E: 233 | L: 1000 | R: 707.6374 | BS: 116500 | FPS: 106.5612 | T: 0:43:32
| train          | F: 234000 | S: 117000 | E: 234 | L: 1000 | R: 681.6525 | BS: 117000 | FPS: 102.3219 | T: 0:43:42
| train          | F: 235000 | S: 117500 | E: 235 | L: 1000 | R: 710.1923 | BS: 117500 | FPS: 97.0531 | T: 0:43:52
| train          | F: 236000 | S: 118000 | E: 236 | L: 1000 | R: 645.3940 | BS: 118000 | FPS: 98.2760 | T: 0:44:02
| train          | F: 237000 | S: 118500 | E: 237 | L: 1000 | R: 699.1512 | BS: 118500 | FPS: 98.1108 | T: 0:44:13
| train          | F: 238000 | S: 119000 | E: 238 | L: 1000 | R: 695.1896 | BS: 119000 | FPS: 99.1362 | T: 0:44:23
| train          | F: 239000 | S: 119500 | E: 239 | L: 1000 | R: 692.3317 | BS: 119500 | FPS: 100.9678 | T: 0:44:33
| train          | F: 240000 | S: 120000 | E: 240 | L: 1000 | R: 669.7602 | BS: 120000 | FPS: 102.8664 | T: 0:44:42
| eval           | F: 240000 | S: 120000 | E: 240 | L: 1000 | R: 660.0291 | T: 0:44:42
| train          | F: 241000 | S: 120500 | E: 241 | L: 1000 | R: 573.0637 | BS: 120500 | FPS: 34.4751 | T: 0:45:11
| train          | F: 242000 | S: 121000 | E: 242 | L: 1000 | R: 700.0147 | BS: 121000 | FPS: 101.5801 | T: 0:45:21
| train          | F: 243000 | S: 121500 | E: 243 | L: 1000 | R: 694.5060 | BS: 121500 | FPS: 110.3454 | T: 0:45:30
| train          | F: 244000 | S: 122000 | E: 244 | L: 1000 | R: 695.1968 | BS: 122000 | FPS: 108.1162 | T: 0:45:39
| train          | F: 245000 | S: 122500 | E: 245 | L: 1000 | R: 580.2239 | BS: 122500 | FPS: 110.9629 | T: 0:45:48
| train          | F: 246000 | S: 123000 | E: 246 | L: 1000 | R: 676.1036 | BS: 123000 | FPS: 109.2086 | T: 0:45:58
| train          | F: 247000 | S: 123500 | E: 247 | L: 1000 | R: 686.1248 | BS: 123500 | FPS: 109.8812 | T: 0:46:07
| train          | F: 248000 | S: 124000 | E: 248 | L: 1000 | R: 709.2663 | BS: 124000 | FPS: 108.1481 | T: 0:46:16
| train          | F: 249000 | S: 124500 | E: 249 | L: 1000 | R: 690.8560 | BS: 124500 | FPS: 108.3020 | T: 0:46:25
