Gym has been unmaintained since 2022 and does not support NumPy 2.0 amongst other critical functionality.
Please upgrade to Gymnasium, the maintained drop-in replacement of Gym, or contact the authors of your software and request that they upgrade.
Users of this version of Gym should be able to simply replace 'import gym' with 'import gymnasium as gym' in the vast majority of cases.
See the migration guide at https://gymnasium.farama.org/introduction/migration_guide/ for additional information.
/workspace/learn-si2e/SI2E/SI2E_A2C/rl-starter-files/rl-starter-files/scripts/train.py --algo a2c --env MiniGrid-KeyCorridorS3R2-v0 --model kc-si2e-s3 --frames 3000000 --use_batch --save-interval 100 --log-interval 500 --seed 3 --use_entropy_reward --use_value_condition --beta 0.005

Namespace(algo='a2c', env='MiniGrid-KeyCorridorS3R2-v0', model='kc-si2e-s3', seed=3, log_interval=500, save_interval=100, procs=16, frames=3000000, epochs=4, batch_size=256, frames_per_proc=None, discount=0.99, lr=0.001, gae_lambda=0.95, entropy_coef=0.01, value_loss_coef=0.5, max_grad_norm=0.5, optim_eps=1e-08, optim_alpha=0.99, clip_eps=0.2, recurrence=1, text=False, use_entropy_reward=True, use_value_condition=True, beta=0.005, use_batch=True, mem=False)

Device: cuda:0

Environments loaded

Training status loaded

Observations preprocessor loaded
Model loaded

ACModel(
  (image_conv): Sequential(
    (0): Conv2d(3, 16, kernel_size=(2, 2), stride=(1, 1))
    (1): ReLU()
    (2): MaxPool2d(kernel_size=(2, 2), stride=(2, 2), padding=0, dilation=1, ceil_mode=False)
    (3): Conv2d(16, 32, kernel_size=(2, 2), stride=(1, 1))
    (4): ReLU()
    (5): Conv2d(32, 64, kernel_size=(2, 2), stride=(1, 1))
    (6): ReLU()
  )
  (actor): Sequential(
    (0): Linear(in_features=64, out_features=64, bias=True)
    (1): Tanh()
    (2): Linear(in_features=64, out_features=7, bias=True)
  )
  (critic): Sequential(
    (0): Linear(in_features=64, out_features=64, bias=True)
    (1): Tanh()
    (2): Linear(in_features=64, out_features=1, bias=True)
  )
  (extr_critic): Sequential(
    (0): Linear(in_features=64, out_features=64, bias=True)
    (1): Tanh()
    (2): Linear(in_features=64, out_features=1, bias=True)
  )
)

Optimizer loaded

Status saved
Status saved
Status saved
Status saved
U 500 | F 064000 | FPS 0405 | D 180 | rR:μσmM 0.00 0.00 0.00 0.00 | F:μσmM 270.0 0.0 270.0 270.0 | H 1.806 | V -0.391 | pL -0.010 | vL 0.001 | ∇ 0.011
Status saved
Status saved
Status saved
Status saved
Status saved
U 1000 | F 128000 | FPS 0362 | D 353 | rR:μσmM 0.00 0.00 0.00 0.00 | F:μσmM 270.0 0.0 270.0 270.0 | H 1.843 | V -0.420 | pL -0.028 | vL 0.001 | ∇ 0.024
Status saved
Status saved
Status saved
Status saved
Status saved
U 1500 | F 192000 | FPS 0328 | D 527 | rR:μσmM 0.00 0.00 0.00 0.00 | F:μσmM 270.0 0.0 270.0 270.0 | H 1.773 | V -0.328 | pL -0.010 | vL 0.001 | ∇ 0.009
Status saved
Status saved
Status saved
Status saved
Status saved
U 2000 | F 256000 | FPS 0238 | D 702 | rR:μσmM 0.05 0.18 0.00 0.76 | F:μσmM 257.7 47.7 73.0 270.0 | H 1.799 | V -0.361 | pL -0.003 | vL 0.001 | ∇ 0.007
Status saved
Status saved
Status saved
Status saved
Status saved
U 2500 | F 320000 | FPS 0349 | D 876 | rR:μσmM 0.00 0.00 0.00 0.00 | F:μσmM 270.0 0.0 270.0 270.0 | H 1.798 | V -0.355 | pL -0.013 | vL 0.001 | ∇ 0.010
Status saved
Status saved
Status saved
Status saved
Status saved
U 3000 | F 384000 | FPS 0399 | D 1051 | rR:μσmM 0.00 0.00 0.00 0.00 | F:μσmM 270.0 0.0 270.0 270.0 | H 1.763 | V -0.370 | pL -0.023 | vL 0.001 | ∇ 0.019
Status saved
Status saved
Status saved
Status saved
Status saved
U 3500 | F 448000 | FPS 0319 | D 1223 | rR:μσmM 0.00 0.00 0.00 0.00 | F:μσmM 270.0 0.0 270.0 270.0 | H 1.799 | V -0.370 | pL -0.008 | vL 0.001 | ∇ 0.007
Status saved
Status saved
Status saved
Status saved
Status saved
U 4000 | F 512000 | FPS 0410 | D 1400 | rR:μσmM 0.03 0.11 0.00 0.45 | F:μσmM 263.4 25.4 165.0 270.0 | H 1.761 | V -0.369 | pL 0.076 | vL 0.027 | ∇ 0.086
Status saved
Status saved
Status saved
Status saved
Status saved
U 4500 | F 576000 | FPS 0411 | D 1575 | rR:μσmM 0.00 0.00 0.00 0.00 | F:μσmM 270.0 0.0 270.0 270.0 | H 1.785 | V -0.353 | pL -0.018 | vL 0.001 | ∇ 0.015
Status saved
Status saved
Status saved
Status saved
Status saved
U 5000 | F 640000 | FPS 0352 | D 1750 | rR:μσmM 0.00 0.00 0.00 0.00 | F:μσmM 270.0 0.0 270.0 270.0 | H 1.811 | V -0.323 | pL 0.002 | vL 0.003 | ∇ 0.027
Status saved
Status saved
Status saved
Status saved
Status saved
U 5500 | F 704000 | FPS 0402 | D 1922 | rR:μσmM 0.00 0.00 0.00 0.00 | F:μσmM 270.0 0.0 270.0 270.0 | H 1.783 | V -0.361 | pL -0.010 | vL 0.000 | ∇ 0.011
Status saved
Status saved
Status saved
Status saved
Status saved
U 6000 | F 768000 | FPS 0402 | D 2096 | rR:μσmM 0.03 0.11 0.00 0.43 | F:μσmM 263.6 23.9 171.0 270.0 | H 1.747 | V -0.315 | pL -0.019 | vL 0.002 | ∇ 0.021
Status saved
Status saved
Status saved
Status saved
Status saved
U 6500 | F 832000 | FPS 0382 | D 2268 | rR:μσmM 0.00 0.00 0.00 0.00 | F:μσmM 270.0 0.0 270.0 270.0 | H 1.763 | V -0.331 | pL -0.009 | vL 0.001 | ∇ 0.012
Status saved
Status saved
Status saved
Status saved
Status saved
U 7000 | F 896000 | FPS 0391 | D 2444 | rR:μσmM 0.00 0.00 0.00 0.00 | F:μσmM 270.0 0.0 270.0 270.0 | H 1.752 | V -0.348 | pL -0.009 | vL 0.001 | ∇ 0.011
Status saved
Status saved
Status saved
Status saved
Status saved
U 7500 | F 960000 | FPS 0380 | D 2625 | rR:μσmM 0.03 0.13 0.00 0.54 | F:μσmM 261.7 32.2 137.0 270.0 | H 1.779 | V -0.324 | pL 0.002 | vL 0.003 | ∇ 0.023
Status saved
Status saved
Status saved
Status saved
Status saved
U 8000 | F 1024000 | FPS 0345 | D 2800 | rR:μσmM 0.00 0.00 0.00 0.00 | F:μσmM 270.0 0.0 270.0 270.0 | H 1.778 | V -0.309 | pL 0.010 | vL 0.003 | ∇ 0.021
Status saved
Status saved
Status saved
Status saved
Status saved
U 8500 | F 1088000 | FPS 0324 | D 2976 | rR:μσmM 0.00 0.00 0.00 0.00 | F:μσmM 270.0 0.0 270.0 270.0 | H 1.758 | V -0.365 | pL -0.001 | vL 0.001 | ∇ 0.007
Status saved
Status saved
Status saved
Status saved
Status saved
U 9000 | F 1152000 | FPS 0328 | D 3152 | rR:μσmM 0.00 0.00 0.00 0.00 | F:μσmM 270.0 0.0 270.0 270.0 | H 1.749 | V -0.341 | pL 0.013 | vL 0.003 | ∇ 0.022
Status saved
Status saved
Status saved
Status saved
Status saved
U 9500 | F 1216000 | FPS 0382 | D 3326 | rR:μσmM 0.00 0.00 0.00 0.00 | F:μσmM 270.0 0.0 270.0 270.0 | H 1.807 | V -0.346 | pL -0.000 | vL 0.003 | ∇ 0.030
Status saved
Status saved
Status saved
Status saved
Status saved
U 10000 | F 1280000 | FPS 0370 | D 3500 | rR:μσmM 0.07 0.19 0.00 0.64 | F:μσmM 252.6 46.7 107.0 270.0 | H 1.770 | V -0.294 | pL 0.005 | vL 0.005 | ∇ 0.034
Status saved
Status saved
Status saved
Status saved
Status saved
U 10500 | F 1344000 | FPS 0391 | D 3677 | rR:μσmM 0.00 0.00 0.00 0.00 | F:μσmM 270.0 0.0 270.0 270.0 | H 1.741 | V -0.334 | pL -0.011 | vL 0.000 | ∇ 0.010
Status saved
Status saved
Status saved
Status saved
Status saved
U 11000 | F 1408000 | FPS 0397 | D 3850 | rR:μσmM 0.01 0.03 0.00 0.13 | F:μσmM 269.4 2.4 260.0 270.0 | H 1.736 | V -0.304 | pL 0.001 | vL 0.000 | ∇ 0.008
Status saved
Status saved
Status saved
Status saved
Status saved
U 11500 | F 1472000 | FPS 0424 | D 4023 | rR:μσmM 0.02 0.08 0.00 0.35 | F:μσmM 265.3 18.2 195.0 270.0 | H 1.781 | V -0.302 | pL -0.023 | vL 0.001 | ∇ 0.020
Status saved
Status saved
Status saved
Status saved
Status saved
U 12000 | F 1536000 | FPS 0370 | D 4198 | rR:μσmM 0.12 0.21 0.00 0.56 | F:μσmM 241.4 50.7 132.0 270.0 | H 1.738 | V -0.294 | pL 0.005 | vL 0.003 | ∇ 0.019
Status saved
Status saved
Status saved
Status saved
Status saved
U 12500 | F 1600000 | FPS 0387 | D 4371 | rR:μσmM 0.00 0.00 0.00 0.00 | F:μσmM 270.0 0.0 270.0 270.0 | H 1.780 | V -0.308 | pL 0.046 | vL 0.007 | ∇ 0.050
Status saved
Status saved
Status saved
Status saved
Status saved
U 13000 | F 1664000 | FPS 0358 | D 4547 | rR:μσmM 0.03 0.10 0.00 0.43 | F:μσmM 263.8 24.0 171.0 270.0 | H 1.711 | V -0.309 | pL -0.008 | vL 0.001 | ∇ 0.014
Status saved
Status saved
Status saved
Status saved
Status saved
U 13500 | F 1728000 | FPS 0379 | D 4721 | rR:μσmM 0.02 0.05 0.00 0.16 | F:μσmM 268.3 4.6 253.0 270.0 | H 1.803 | V -0.274 | pL 0.006 | vL 0.004 | ∇ 0.025
Status saved
Status saved
Status saved
Status saved
Status saved
U 14000 | F 1792000 | FPS 0314 | D 4895 | rR:μσmM 0.08 0.20 0.00 0.65 | F:μσmM 250.6 51.4 105.0 270.0 | H 1.774 | V -0.296 | pL -0.015 | vL 0.001 | ∇ 0.024
Status saved
Status saved
Status saved
Status saved
Status saved
U 14500 | F 1856000 | FPS 0417 | D 5071 | rR:μσmM 0.07 0.20 0.00 0.80 | F:μσmM 254.1 51.2 60.0 270.0 | H 1.739 | V -0.336 | pL -0.015 | vL 0.001 | ∇ 0.021
Status saved
Status saved
Status saved
Status saved
Status saved
U 15000 | F 1920000 | FPS 0398 | D 5244 | rR:μσmM 0.01 0.05 0.00 0.19 | F:μσmM 268.4 6.3 244.0 270.0 | H 1.780 | V -0.294 | pL -0.001 | vL 0.000 | ∇ 0.012
Status saved
Status saved
Status saved
Status saved
Status saved
U 15500 | F 1984000 | FPS 0377 | D 5422 | rR:μσmM 0.03 0.13 0.00 0.52 | F:μσmM 262.2 30.3 145.0 270.0 | H 1.734 | V -0.287 | pL -0.008 | vL 0.002 | ∇ 0.013
Status saved
Status saved
Status saved
Status saved
Status saved
U 16000 | F 2048000 | FPS 0367 | D 5594 | rR:μσmM 0.04 0.14 0.00 0.57 | F:μσmM 261.2 34.1 129.0 270.0 | H 1.777 | V -0.286 | pL -0.001 | vL 0.002 | ∇ 0.020
Status saved
Status saved
Status saved
Status saved
Status saved
U 16500 | F 2112000 | FPS 0417 | D 5767 | rR:μσmM 0.15 0.22 0.00 0.62 | F:μσmM 235.3 54.1 113.0 270.0 | H 1.733 | V -0.283 | pL -0.004 | vL 0.001 | ∇ 0.014
Status saved
Status saved
Status saved
Status saved
Status saved
U 17000 | F 2176000 | FPS 0348 | D 5939 | rR:μσmM 0.10 0.21 0.00 0.69 | F:μσmM 245.8 52.7 92.0 270.0 | H 1.792 | V -0.247 | pL -0.008 | vL 0.001 | ∇ 0.019
Status saved
Status saved
Status saved
Status saved
Status saved
U 17500 | F 2240000 | FPS 0430 | D 6113 | rR:μσmM 0.10 0.15 0.00 0.50 | F:μσmM 250.6 33.3 151.0 270.0 | H 1.706 | V -0.265 | pL 0.015 | vL 0.010 | ∇ 0.056
Status saved
Status saved
Status saved
Status saved
Status saved
U 18000 | F 2304000 | FPS 0414 | D 6289 | rR:μσmM 0.06 0.19 0.00 0.74 | F:μσmM 254.3 47.7 78.0 270.0 | H 1.745 | V -0.269 | pL -0.012 | vL 0.001 | ∇ 0.033
Status saved
Status saved
Status saved
Status saved
Status saved
U 18500 | F 2368000 | FPS 0412 | D 6464 | rR:μσmM 0.10 0.24 0.00 0.89 | F:μσmM 245.1 62.0 32.0 270.0 | H 1.734 | V -0.272 | pL -0.000 | vL 0.000 | ∇ 0.014
Status saved
Status saved
Status saved
Status saved
Status saved
U 19000 | F 2432000 | FPS 0431 | D 6637 | rR:μσmM 0.25 0.30 0.00 0.81 | F:μσmM 208.6 75.2 57.0 270.0 | H 1.750 | V -0.204 | pL -0.020 | vL 0.002 | ∇ 0.024
Status saved
Status saved
Status saved
Status saved
Status saved
U 19500 | F 2496000 | FPS 0370 | D 6811 | rR:μσmM 0.07 0.20 0.00 0.78 | F:μσmM 253.9 50.0 67.0 270.0 | H 1.721 | V -0.233 | pL -0.027 | vL 0.002 | ∇ 0.031
Status saved
Status saved
Status saved
Status saved
Status saved
U 20000 | F 2560000 | FPS 0401 | D 6983 | rR:μσmM 0.25 0.34 0.00 0.92 | F:μσmM 205.4 87.9 23.0 270.0 | H 1.564 | V -0.132 | pL 0.017 | vL 0.004 | ∇ 0.070
Status saved
Status saved
Status saved
Status saved
Status saved
U 20500 | F 2624000 | FPS 0372 | D 7155 | rR:μσmM 0.39 0.35 0.00 0.91 | F:μσmM 173.8 94.2 26.0 270.0 | H 1.599 | V -0.082 | pL -0.013 | vL 0.007 | ∇ 0.086
Status saved
Status saved
Status saved
Status saved
Status saved
U 21000 | F 2688000 | FPS 0423 | D 7329 | rR:μσmM 0.35 0.35 0.00 0.91 | F:μσmM 180.6 93.3 26.0 270.0 | H 1.599 | V -0.196 | pL 0.009 | vL 0.002 | ∇ 0.037
Status saved
Status saved
Status saved
Status saved
Status saved
U 21500 | F 2752000 | FPS 0392 | D 7500 | rR:μσmM 0.39 0.40 0.00 0.92 | F:μσmM 167.6 104.5 25.0 270.0 | H 1.543 | V -0.122 | pL -0.031 | vL 0.003 | ∇ 0.106
Status saved
Status saved
Status saved
Status saved
Status saved
U 22000 | F 2816000 | FPS 0339 | D 7674 | rR:μσmM 0.21 0.33 0.00 0.81 | F:μσmM 216.3 84.4 58.0 270.0 | H 1.582 | V -0.083 | pL -0.022 | vL 0.002 | ∇ 0.078
Status saved
Status saved
Status saved
Status saved
Status saved
U 22500 | F 2880000 | FPS 0373 | D 7848 | rR:μσmM 0.53 0.39 0.00 0.93 | F:μσmM 133.1 106.0 20.0 270.0 | H 1.499 | V 0.014 | pL -0.023 | vL 0.005 | ∇ 0.085
Status saved
Status saved
Status saved
Status saved
Status saved
U 23000 | F 2944000 | FPS 0385 | D 8022 | rR:μσmM 0.63 0.22 0.00 0.88 | F:μσmM 109.4 60.4 37.0 270.0 | H 1.622 | V -0.117 | pL -0.027 | vL 0.002 | ∇ 0.055
Status saved
Status saved
Status saved
Status saved
Status saved
