Gym has been unmaintained since 2022 and does not support NumPy 2.0 amongst other critical functionality.
Please upgrade to Gymnasium, the maintained drop-in replacement of Gym, or contact the authors of your software and request that they upgrade.
Users of this version of Gym should be able to simply replace 'import gym' with 'import gymnasium as gym' in the vast majority of cases.
See the migration guide at https://gymnasium.farama.org/introduction/migration_guide/ for additional information.
/workspace/learn-si2e/SI2E/SI2E_A2C/rl-starter-files/rl-starter-files/scripts/train.py --env MiniGrid-RedBlueDoors-6x6-v0 --model cm-infomap-si2e-RedBlueDoors-6x6-s1 --frames 3000000 --use_batch --save-interval 0 --log-interval 500 --seed 1 --algo a2c --use_entropy_reward --use_value_condition --beta 0.005 --fast_se --cluster_method infomap

Namespace(algo='a2c', env='MiniGrid-RedBlueDoors-6x6-v0', model='cm-infomap-si2e-RedBlueDoors-6x6-s1', seed=1, log_interval=500, save_interval=0, procs=16, frames=3000000, epochs=4, batch_size=256, frames_per_proc=None, discount=0.99, lr=0.001, gae_lambda=0.95, entropy_coef=0.01, value_loss_coef=0.5, max_grad_norm=0.5, optim_eps=1e-08, optim_alpha=0.99, clip_eps=0.2, recurrence=1, text=False, use_entropy_reward=True, use_value_condition=True, beta=0.005, beta_adaptive=False, fast_se=True, cluster_method='infomap', use_batch=True, ablation=None, mem=False)

Device: cuda:0

Environments loaded

Training status loaded

Observations preprocessor loaded
Model loaded

ACModel(
  (image_conv): Sequential(
    (0): Conv2d(3, 16, kernel_size=(2, 2), stride=(1, 1))
    (1): ReLU()
    (2): MaxPool2d(kernel_size=(2, 2), stride=(2, 2), padding=0, dilation=1, ceil_mode=False)
    (3): Conv2d(16, 32, kernel_size=(2, 2), stride=(1, 1))
    (4): ReLU()
    (5): Conv2d(32, 64, kernel_size=(2, 2), stride=(1, 1))
    (6): ReLU()
  )
  (actor): Sequential(
    (0): Linear(in_features=64, out_features=64, bias=True)
    (1): Tanh()
    (2): Linear(in_features=64, out_features=7, bias=True)
  )
  (critic): Sequential(
    (0): Linear(in_features=64, out_features=64, bias=True)
    (1): Tanh()
    (2): Linear(in_features=64, out_features=1, bias=True)
  )
  (extr_critic): Sequential(
    (0): Linear(in_features=64, out_features=64, bias=True)
    (1): Tanh()
    (2): Linear(in_features=64, out_features=1, bias=True)
  )
)

Optimizer loaded

U 500 | F 064000 | FPS 1190 | D 49 | rR:μσmM 0.24 0.36 0.00 0.93 | F:μσmM 90.0 99.5 8.0 340.0 | H 1.708 | V -0.100 | pL -0.047 | vL 0.002 | ∇ 0.056
U 1000 | F 128000 | FPS 1322 | D 97 | rR:μσmM 0.41 0.46 0.00 0.96 | F:μσmM 37.1 26.1 2.0 105.0 | H 1.636 | V 0.114 | pL -0.025 | vL 0.015 | ∇ 0.046
U 1500 | F 192000 | FPS 1385 | D 145 | rR:μσmM 0.39 0.45 0.00 0.98 | F:μσmM 40.6 47.8 2.0 181.0 | H 1.564 | V 0.198 | pL -0.021 | vL 0.016 | ∇ 0.097
U 2000 | F 256000 | FPS 1319 | D 194 | rR:μσmM 0.50 0.45 0.00 0.98 | F:μσmM 51.4 72.6 4.0 311.0 | H 1.429 | V 0.219 | pL 0.089 | vL 0.045 | ∇ 0.207
U 2500 | F 320000 | FPS 1536 | D 243 | rR:μσmM 0.54 0.48 0.00 0.98 | F:μσmM 20.8 12.4 4.0 43.0 | H 1.226 | V 0.262 | pL 0.009 | vL 0.038 | ∇ 0.124
U 3000 | F 384000 | FPS 1293 | D 292 | rR:μσmM 0.35 0.45 0.00 0.97 | F:μσmM 34.7 29.6 3.0 130.0 | H 1.467 | V 0.120 | pL 0.005 | vL 0.022 | ∇ 0.124
U 3500 | F 448000 | FPS 1245 | D 342 | rR:μσmM 0.48 0.48 0.00 0.98 | F:μσmM 22.2 18.1 1.0 61.0 | H 1.226 | V 0.286 | pL -0.013 | vL 0.034 | ∇ 0.076
U 4000 | F 512000 | FPS 1253 | D 396 | rR:μσmM 0.48 0.48 0.00 0.98 | F:μσmM 17.6 11.2 3.0 41.0 | H 1.107 | V 0.374 | pL 0.040 | vL 0.057 | ∇ 0.175
U 4500 | F 576000 | FPS 1241 | D 452 | rR:μσmM 0.42 0.48 0.00 0.98 | F:μσmM 25.2 20.4 1.0 86.0 | H 1.510 | V 0.285 | pL -0.006 | vL 0.028 | ∇ 0.113
U 5000 | F 640000 | FPS 1260 | D 507 | rR:μσmM 0.73 0.42 0.00 0.99 | F:μσmM 15.2 7.4 1.0 27.0 | H 0.966 | V 0.398 | pL 0.021 | vL 0.047 | ∇ 0.135
U 5500 | F 704000 | FPS 1075 | D 562 | rR:μσmM 0.49 0.49 0.00 0.98 | F:μσmM 13.5 7.3 2.0 29.0 | H 1.277 | V 0.339 | pL -0.055 | vL 0.044 | ∇ 0.127
U 6000 | F 768000 | FPS 1276 | D 617 | rR:μσmM 0.54 0.48 0.00 0.98 | F:μσmM 20.7 13.7 1.0 54.0 | H 1.203 | V 0.418 | pL 0.017 | vL 0.038 | ∇ 0.108
U 6500 | F 832000 | FPS 1101 | D 671 | rR:μσmM 0.79 0.38 0.00 0.99 | F:μσmM 18.1 7.6 3.0 31.0 | H 0.788 | V 0.595 | pL -0.034 | vL 0.037 | ∇ 0.217
U 7000 | F 896000 | FPS 0908 | D 727 | rR:μσmM 0.79 0.38 0.00 0.99 | F:μσmM 17.1 6.6 1.0 27.0 | H 0.811 | V 0.692 | pL -0.022 | vL 0.032 | ∇ 0.056
U 7500 | F 960000 | FPS 1039 | D 781 | rR:μσmM 0.79 0.38 0.00 0.99 | F:μσmM 20.1 8.8 5.0 41.0 | H 0.837 | V 0.626 | pL -0.038 | vL 0.037 | ∇ 0.092
U 8000 | F 1024000 | FPS 1139 | D 837 | rR:μσmM 0.67 0.45 0.00 0.99 | F:μσmM 14.2 6.2 3.0 23.0 | H 0.700 | V 0.631 | pL -0.049 | vL 0.039 | ∇ 0.220
U 8500 | F 1088000 | FPS 1235 | D 892 | rR:μσmM 0.61 0.47 0.00 0.99 | F:μσmM 16.4 9.1 4.0 35.0 | H 1.034 | V 0.602 | pL 0.011 | vL 0.030 | ∇ 0.077
U 9000 | F 1152000 | FPS 1085 | D 947 | rR:μσmM 0.67 0.45 0.00 0.98 | F:μσmM 15.9 7.3 4.0 28.0 | H 0.885 | V 0.651 | pL -0.024 | vL 0.036 | ∇ 0.130
U 9500 | F 1216000 | FPS 1102 | D 1002 | rR:μσmM 0.91 0.24 0.00 0.99 | F:μσmM 18.7 8.1 2.0 39.0 | H 0.859 | V 0.681 | pL 0.034 | vL 0.023 | ∇ 0.144
U 10000 | F 1280000 | FPS 1143 | D 1057 | rR:μσmM 0.86 0.32 0.00 0.99 | F:μσmM 14.0 5.4 1.0 22.0 | H 0.722 | V 0.681 | pL 0.014 | vL 0.012 | ∇ 0.137
U 10500 | F 1344000 | FPS 1115 | D 1112 | rR:μσmM 0.80 0.38 0.00 0.99 | F:μσmM 14.2 6.1 3.0 25.0 | H 0.969 | V 0.645 | pL 0.004 | vL 0.026 | ∇ 0.128
U 11000 | F 1408000 | FPS 1228 | D 1167 | rR:μσmM 0.73 0.42 0.00 0.98 | F:μσmM 17.1 8.0 4.0 30.0 | H 0.845 | V 0.668 | pL 0.012 | vL 0.016 | ∇ 0.075
U 11500 | F 1472000 | FPS 1089 | D 1222 | rR:μσmM 0.79 0.38 0.00 0.98 | F:μσmM 19.6 7.7 3.0 33.0 | H 0.972 | V 0.694 | pL -0.043 | vL 0.031 | ∇ 0.078
U 12000 | F 1536000 | FPS 1329 | D 1277 | rR:μσmM 0.91 0.24 0.00 0.99 | F:μσmM 21.2 8.1 7.0 43.0 | H 1.010 | V 0.656 | pL 0.035 | vL 0.010 | ∇ 0.144
U 12500 | F 1600000 | FPS 1283 | D 1332 | rR:μσmM 0.73 0.42 0.00 0.99 | F:μσmM 18.8 7.1 4.0 27.0 | H 0.881 | V 0.745 | pL -0.020 | vL 0.073 | ∇ 0.227
U 13000 | F 1664000 | FPS 1149 | D 1389 | rR:μσmM 0.79 0.38 0.00 0.99 | F:μσmM 17.5 7.0 3.0 27.0 | H 0.973 | V 0.714 | pL -0.015 | vL 0.025 | ∇ 0.077
U 13500 | F 1728000 | FPS 1347 | D 1444 | rR:μσmM 0.67 0.45 0.00 0.99 | F:μσmM 17.2 9.8 3.0 42.0 | H 1.154 | V 0.604 | pL -0.060 | vL 0.032 | ∇ 0.168
U 14000 | F 1792000 | FPS 1159 | D 1499 | rR:μσmM 0.73 0.42 0.00 0.99 | F:μσmM 15.9 5.3 5.0 25.0 | H 0.965 | V 0.725 | pL -0.048 | vL 0.063 | ∇ 0.220
U 14500 | F 1856000 | FPS 1105 | D 1554 | rR:μσmM 0.85 0.32 0.00 0.98 | F:μσmM 17.9 6.8 3.0 28.0 | H 1.067 | V 0.709 | pL -0.005 | vL 0.019 | ∇ 0.061
U 15000 | F 1920000 | FPS 1011 | D 1609 | rR:μσmM 0.73 0.42 0.00 0.98 | F:μσmM 16.7 6.2 7.0 30.0 | H 1.016 | V 0.650 | pL 0.014 | vL 0.005 | ∇ 0.065
U 15500 | F 1984000 | FPS 1285 | D 1664 | rR:μσmM 0.79 0.38 0.00 0.99 | F:μσmM 17.3 7.4 4.0 29.0 | H 0.961 | V 0.663 | pL 0.017 | vL 0.036 | ∇ 0.087
U 16000 | F 2048000 | FPS 1066 | D 1719 | rR:μσmM 0.85 0.32 0.00 0.98 | F:μσmM 18.4 6.0 3.0 27.0 | H 0.860 | V 0.744 | pL -0.073 | vL 0.050 | ∇ 0.233
U 16500 | F 2112000 | FPS 1068 | D 1773 | rR:μσmM 0.85 0.32 0.00 0.98 | F:μσmM 20.9 6.4 10.0 33.0 | H 0.822 | V 0.713 | pL -0.002 | vL 0.016 | ∇ 0.049
U 17000 | F 2176000 | FPS 1205 | D 1828 | rR:μσmM 0.67 0.45 0.00 0.99 | F:μσmM 15.1 7.0 2.0 24.0 | H 0.952 | V 0.676 | pL -0.024 | vL 0.055 | ∇ 0.150
U 17500 | F 2240000 | FPS 1308 | D 1882 | rR:μσmM 0.79 0.38 0.00 0.98 | F:μσmM 19.4 8.1 4.0 37.0 | H 0.978 | V 0.734 | pL -0.034 | vL 0.038 | ∇ 0.115
U 18000 | F 2304000 | FPS 1070 | D 1937 | rR:μσmM 0.85 0.32 0.00 0.99 | F:μσmM 18.8 6.2 7.0 28.0 | H 0.947 | V 0.759 | pL 0.001 | vL 0.013 | ∇ 0.043
U 18500 | F 2368000 | FPS 0996 | D 1992 | rR:μσmM 0.98 0.01 0.95 0.99 | F:μσmM 18.5 6.1 12.0 36.0 | H 0.893 | V 0.771 | pL -0.026 | vL 0.005 | ∇ 0.148
U 19000 | F 2432000 | FPS 1057 | D 2047 | rR:μσmM 0.79 0.38 0.00 0.99 | F:μσmM 21.2 14.5 3.0 69.0 | H 1.008 | V 0.729 | pL -0.054 | vL 0.039 | ∇ 0.119
U 19500 | F 2496000 | FPS 1384 | D 2103 | rR:μσmM 0.97 0.01 0.95 0.98 | F:μσmM 20.7 5.7 14.0 37.0 | H 0.975 | V 0.756 | pL -0.013 | vL 0.002 | ∇ 0.037
U 20000 | F 2560000 | FPS 1079 | D 2158 | rR:μσmM 0.91 0.23 0.00 0.99 | F:μσmM 25.3 10.3 1.0 41.0 | H 1.098 | V 0.652 | pL 0.006 | vL 0.017 | ∇ 0.132
U 20500 | F 2624000 | FPS 1235 | D 2212 | rR:μσmM 0.98 0.00 0.97 0.99 | F:μσmM 18.4 3.3 12.0 23.0 | H 0.872 | V 0.774 | pL 0.009 | vL 0.003 | ∇ 0.072
U 21000 | F 2688000 | FPS 1086 | D 2267 | rR:μσmM 0.92 0.24 0.00 0.99 | F:μσmM 17.8 6.9 4.0 30.0 | H 0.824 | V 0.735 | pL -0.004 | vL 0.019 | ∇ 0.042
U 21500 | F 2752000 | FPS 1284 | D 2322 | rR:μσmM 0.85 0.32 0.00 0.99 | F:μσmM 18.0 5.8 6.0 26.0 | H 0.810 | V 0.702 | pL -0.002 | vL 0.026 | ∇ 0.045
U 22000 | F 2816000 | FPS 1271 | D 2377 | rR:μσmM 0.67 0.45 0.00 0.98 | F:μσmM 15.7 7.4 4.0 26.0 | H 0.879 | V 0.703 | pL -0.013 | vL 0.016 | ∇ 0.024
U 22500 | F 2880000 | FPS 1257 | D 2431 | rR:μσmM 0.73 0.42 0.00 0.99 | F:μσmM 15.2 8.2 1.0 31.0 | H 0.871 | V 0.702 | pL -0.020 | vL 0.040 | ∇ 0.059
U 23000 | F 2944000 | FPS 1298 | D 2486 | rR:μσmM 0.85 0.32 0.00 0.99 | F:μσmM 19.6 7.9 2.0 31.0 | H 0.906 | V 0.727 | pL -0.001 | vL 0.020 | ∇ 0.043
Final model saved
