Gym has been unmaintained since 2022 and does not support NumPy 2.0 amongst other critical functionality.
Please upgrade to Gymnasium, the maintained drop-in replacement of Gym, or contact the authors of your software and request that they upgrade.
Users of this version of Gym should be able to simply replace 'import gym' with 'import gymnasium as gym' in the vast majority of cases.
See the migration guide at https://gymnasium.farama.org/introduction/migration_guide/ for additional information.
/workspace/learn-si2e/SI2E/SI2E_A2C/rl-starter-files/rl-starter-files/scripts/train.py --algo a2c --env MiniGrid-UnlockPickup-v0 --model up-baseline-s3 --frames 3000000 --use_batch --save-interval 100 --log-interval 500 --seed 3

Namespace(algo='a2c', env='MiniGrid-UnlockPickup-v0', model='up-baseline-s3', seed=3, log_interval=500, save_interval=100, procs=16, frames=3000000, epochs=4, batch_size=256, frames_per_proc=None, discount=0.99, lr=0.001, gae_lambda=0.95, entropy_coef=0.01, value_loss_coef=0.5, max_grad_norm=0.5, optim_eps=1e-08, optim_alpha=0.99, clip_eps=0.2, recurrence=1, text=False, use_entropy_reward=False, use_value_condition=False, beta=1e-05, use_batch=True, ablation=None, mem=False)

Device: cuda:0

Environments loaded

Training status loaded

Observations preprocessor loaded
Model loaded

ACModel(
  (image_conv): Sequential(
    (0): Conv2d(3, 16, kernel_size=(2, 2), stride=(1, 1))
    (1): ReLU()
    (2): MaxPool2d(kernel_size=(2, 2), stride=(2, 2), padding=0, dilation=1, ceil_mode=False)
    (3): Conv2d(16, 32, kernel_size=(2, 2), stride=(1, 1))
    (4): ReLU()
    (5): Conv2d(32, 64, kernel_size=(2, 2), stride=(1, 1))
    (6): ReLU()
  )
  (actor): Sequential(
    (0): Linear(in_features=64, out_features=64, bias=True)
    (1): Tanh()
    (2): Linear(in_features=64, out_features=7, bias=True)
  )
  (critic): Sequential(
    (0): Linear(in_features=64, out_features=64, bias=True)
    (1): Tanh()
    (2): Linear(in_features=64, out_features=1, bias=True)
  )
  (extr_critic): Sequential(
    (0): Linear(in_features=64, out_features=64, bias=True)
    (1): Tanh()
    (2): Linear(in_features=64, out_features=1, bias=True)
  )
)

Optimizer loaded

Status saved
Status saved
Status saved
Status saved
U 500 | F 064000 | FPS 2485 | D 28 | rR:μσmM 0.00 0.00 0.00 0.00 | F:μσmM 288.0 0.0 288.0 288.0 | H 1.946 | V 0.001 | pL -0.000 | vL 0.000 | ∇ 0.000
Status saved
Status saved
Status saved
Status saved
Status saved
U 1000 | F 128000 | FPS 2534 | D 56 | rR:μσmM 0.00 0.00 0.00 0.00 | F:μσmM 288.0 0.0 288.0 288.0 | H 1.946 | V 0.001 | pL -0.000 | vL 0.000 | ∇ 0.000
Status saved
Status saved
Status saved
Status saved
Status saved
U 1500 | F 192000 | FPS 2299 | D 84 | rR:μσmM 0.00 0.00 0.00 0.00 | F:μσmM 288.0 0.0 288.0 288.0 | H 1.946 | V -0.000 | pL 0.000 | vL 0.000 | ∇ 0.000
Status saved
Status saved
Status saved
Status saved
Status saved
U 2000 | F 256000 | FPS 2612 | D 112 | rR:μσmM 0.00 0.00 0.00 0.00 | F:μσmM 288.0 0.0 288.0 288.0 | H 1.946 | V 0.003 | pL 0.000 | vL 0.000 | ∇ 0.000
Status saved
Status saved
Status saved
Status saved
Status saved
U 2500 | F 320000 | FPS 2505 | D 140 | rR:μσmM 0.00 0.00 0.00 0.00 | F:μσmM 288.0 0.0 288.0 288.0 | H 1.946 | V 0.000 | pL -0.000 | vL 0.000 | ∇ 0.000
Status saved
Status saved
Status saved
Status saved
Status saved
U 3000 | F 384000 | FPS 2242 | D 168 | rR:μσmM 0.00 0.00 0.00 0.00 | F:μσmM 288.0 0.0 288.0 288.0 | H 1.946 | V -0.000 | pL 0.000 | vL 0.000 | ∇ 0.000
Status saved
Status saved
Status saved
Status saved
Status saved
U 3500 | F 448000 | FPS 2306 | D 196 | rR:μσmM 0.00 0.00 0.00 0.00 | F:μσmM 288.0 0.0 288.0 288.0 | H 1.946 | V 0.000 | pL -0.000 | vL 0.000 | ∇ 0.000
Status saved
Status saved
Status saved
Status saved
Status saved
U 4000 | F 512000 | FPS 2218 | D 224 | rR:μσmM 0.00 0.00 0.00 0.00 | F:μσmM 288.0 0.0 288.0 288.0 | H 1.946 | V 0.001 | pL 0.000 | vL 0.000 | ∇ 0.000
Status saved
Status saved
Status saved
Status saved
Status saved
U 4500 | F 576000 | FPS 2312 | D 253 | rR:μσmM 0.00 0.00 0.00 0.00 | F:μσmM 288.0 0.0 288.0 288.0 | H 1.946 | V -0.000 | pL 0.000 | vL 0.000 | ∇ 0.000
Status saved
Status saved
Status saved
Status saved
Status saved
U 5000 | F 640000 | FPS 1795 | D 281 | rR:μσmM 0.00 0.00 0.00 0.00 | F:μσmM 288.0 0.0 288.0 288.0 | H 1.946 | V -0.000 | pL 0.000 | vL 0.000 | ∇ 0.000
Status saved
Status saved
Status saved
Status saved
Status saved
U 5500 | F 704000 | FPS 2467 | D 309 | rR:μσmM 0.00 0.00 0.00 0.00 | F:μσmM 288.0 0.0 288.0 288.0 | H 1.946 | V -0.000 | pL 0.000 | vL 0.000 | ∇ 0.000
Status saved
Status saved
Status saved
Status saved
Status saved
U 6000 | F 768000 | FPS 2645 | D 337 | rR:μσmM 0.00 0.00 0.00 0.00 | F:μσmM 288.0 0.0 288.0 288.0 | H 1.946 | V -0.002 | pL 0.000 | vL 0.000 | ∇ 0.000
Status saved
Status saved
Status saved
Status saved
Status saved
U 6500 | F 832000 | FPS 2310 | D 366 | rR:μσmM 0.00 0.00 0.00 0.00 | F:μσmM 288.0 0.0 288.0 288.0 | H 1.946 | V 0.001 | pL -0.000 | vL 0.000 | ∇ 0.000
Status saved
Status saved
Status saved
Status saved
Status saved
U 7000 | F 896000 | FPS 2096 | D 394 | rR:μσmM 0.00 0.00 0.00 0.00 | F:μσmM 288.0 0.0 288.0 288.0 | H 1.946 | V 0.001 | pL -0.000 | vL 0.000 | ∇ 0.000
Status saved
Status saved
Status saved
Status saved
Status saved
U 7500 | F 960000 | FPS 2229 | D 422 | rR:μσmM 0.00 0.00 0.00 0.00 | F:μσmM 288.0 0.0 288.0 288.0 | H 1.946 | V 0.001 | pL -0.000 | vL 0.000 | ∇ 0.000
Status saved
Status saved
Status saved
Status saved
Status saved
U 8000 | F 1024000 | FPS 2045 | D 450 | rR:μσmM 0.00 0.00 0.00 0.00 | F:μσmM 288.0 0.0 288.0 288.0 | H 1.946 | V 0.000 | pL -0.000 | vL 0.000 | ∇ 0.000
Status saved
Status saved
Status saved
Status saved
Status saved
U 8500 | F 1088000 | FPS 2373 | D 478 | rR:μσmM 0.00 0.00 0.00 0.00 | F:μσmM 288.0 0.0 288.0 288.0 | H 1.946 | V -0.001 | pL 0.000 | vL 0.000 | ∇ 0.000
Status saved
Status saved
Status saved
Status saved
Status saved
U 9000 | F 1152000 | FPS 2542 | D 506 | rR:μσmM 0.00 0.00 0.00 0.00 | F:μσmM 288.0 0.0 288.0 288.0 | H 1.946 | V 0.000 | pL -0.000 | vL 0.000 | ∇ 0.000
Status saved
Status saved
Status saved
Status saved
Status saved
U 9500 | F 1216000 | FPS 2083 | D 535 | rR:μσmM 0.00 0.00 0.00 0.00 | F:μσmM 288.0 0.0 288.0 288.0 | H 1.946 | V 0.000 | pL -0.000 | vL 0.000 | ∇ 0.000
Status saved
Status saved
Status saved
Status saved
Status saved
U 10000 | F 1280000 | FPS 2401 | D 563 | rR:μσmM 0.00 0.00 0.00 0.00 | F:μσmM 288.0 0.0 288.0 288.0 | H 1.946 | V 0.000 | pL 0.000 | vL 0.000 | ∇ 0.000
Status saved
Status saved
Status saved
Status saved
Status saved
U 10500 | F 1344000 | FPS 2822 | D 591 | rR:μσmM 0.00 0.00 0.00 0.00 | F:μσmM 288.0 0.0 288.0 288.0 | H 1.946 | V -0.000 | pL -0.000 | vL 0.000 | ∇ 0.000
Status saved
Status saved
Status saved
Status saved
Status saved
U 11000 | F 1408000 | FPS 2357 | D 619 | rR:μσmM 0.00 0.00 0.00 0.00 | F:μσmM 288.0 0.0 288.0 288.0 | H 1.946 | V -0.000 | pL 0.000 | vL 0.000 | ∇ 0.000
Status saved
Status saved
Status saved
Status saved
Status saved
U 11500 | F 1472000 | FPS 1973 | D 647 | rR:μσmM 0.00 0.00 0.00 0.00 | F:μσmM 288.0 0.0 288.0 288.0 | H 1.946 | V -0.000 | pL 0.000 | vL 0.000 | ∇ 0.000
Status saved
Status saved
Status saved
Status saved
Status saved
U 12000 | F 1536000 | FPS 2258 | D 676 | rR:μσmM 0.00 0.00 0.00 0.00 | F:μσmM 288.0 0.0 288.0 288.0 | H 1.946 | V 0.000 | pL -0.000 | vL 0.000 | ∇ 0.000
Status saved
Status saved
Status saved
Status saved
Status saved
U 12500 | F 1600000 | FPS 2366 | D 705 | rR:μσmM 0.00 0.00 0.00 0.00 | F:μσmM 288.0 0.0 288.0 288.0 | H 1.946 | V -0.000 | pL 0.000 | vL 0.000 | ∇ 0.000
Status saved
Status saved
Status saved
Status saved
Status saved
U 13000 | F 1664000 | FPS 2015 | D 733 | rR:μσmM 0.00 0.00 0.00 0.00 | F:μσmM 288.0 0.0 288.0 288.0 | H 1.946 | V -0.000 | pL 0.000 | vL 0.000 | ∇ 0.000
Status saved
Status saved
Status saved
Status saved
Status saved
U 13500 | F 1728000 | FPS 2041 | D 761 | rR:μσmM 0.00 0.00 0.00 0.00 | F:μσmM 288.0 0.0 288.0 288.0 | H 1.946 | V -0.000 | pL 0.000 | vL 0.000 | ∇ 0.001
Status saved
Status saved
Status saved
Status saved
Status saved
U 14000 | F 1792000 | FPS 2128 | D 789 | rR:μσmM 0.04 0.14 0.00 0.57 | F:μσmM 278.5 36.8 136.0 288.0 | H 1.946 | V 0.000 | pL -0.000 | vL 0.000 | ∇ 0.000
Status saved
Status saved
Status saved
Status saved
Status saved
U 14500 | F 1856000 | FPS 2156 | D 817 | rR:μσmM 0.00 0.00 0.00 0.00 | F:μσmM 288.0 0.0 288.0 288.0 | H 1.946 | V 0.000 | pL -0.000 | vL 0.000 | ∇ 0.000
Status saved
Status saved
Status saved
Status saved
Status saved
U 15000 | F 1920000 | FPS 2408 | D 845 | rR:μσmM 0.01 0.04 0.00 0.18 | F:μσmM 286.4 6.1 263.0 288.0 | H 1.946 | V -0.000 | pL -0.000 | vL 0.000 | ∇ 0.000
Status saved
Status saved
Status saved
Status saved
Status saved
U 15500 | F 1984000 | FPS 1924 | D 873 | rR:μσmM 0.00 0.00 0.00 0.00 | F:μσmM 288.0 0.0 288.0 288.0 | H 1.946 | V 0.000 | pL -0.000 | vL 0.000 | ∇ 0.000
Status saved
Status saved
Status saved
Status saved
Status saved
U 16000 | F 2048000 | FPS 3030 | D 901 | rR:μσmM 0.00 0.00 0.00 0.00 | F:μσmM 288.0 0.0 288.0 288.0 | H 1.946 | V -0.000 | pL 0.000 | vL 0.000 | ∇ 0.000
Status saved
Status saved
Status saved
Status saved
Status saved
U 16500 | F 2112000 | FPS 2453 | D 929 | rR:μσmM 0.00 0.00 0.00 0.00 | F:μσmM 288.0 0.0 288.0 288.0 | H 1.946 | V 0.000 | pL -0.000 | vL 0.000 | ∇ 0.000
Status saved
Status saved
Status saved
Status saved
Status saved
U 17000 | F 2176000 | FPS 2223 | D 958 | rR:μσmM 0.00 0.00 0.00 0.00 | F:μσmM 288.0 0.0 288.0 288.0 | H 1.946 | V 0.000 | pL -0.000 | vL 0.000 | ∇ 0.000
Status saved
Status saved
Status saved
Status saved
Status saved
U 17500 | F 2240000 | FPS 2746 | D 986 | rR:μσmM 0.00 0.00 0.00 0.00 | F:μσmM 288.0 0.0 288.0 288.0 | H 1.946 | V 0.000 | pL -0.000 | vL 0.000 | ∇ 0.000
Status saved
Status saved
Status saved
Status saved
Status saved
U 18000 | F 2304000 | FPS 2124 | D 1014 | rR:μσmM 0.00 0.00 0.00 0.00 | F:μσmM 288.0 0.0 288.0 288.0 | H 1.946 | V 0.003 | pL -0.002 | vL 0.000 | ∇ 0.001
Status saved
Status saved
Status saved
Status saved
Status saved
U 18500 | F 2368000 | FPS 2434 | D 1042 | rR:μσmM 0.00 0.00 0.00 0.00 | F:μσmM 288.0 0.0 288.0 288.0 | H 1.946 | V -0.002 | pL 0.000 | vL 0.000 | ∇ 0.000
Status saved
Status saved
Status saved
Status saved
Status saved
U 19000 | F 2432000 | FPS 2484 | D 1070 | rR:μσmM 0.00 0.00 0.00 0.00 | F:μσmM 288.0 0.0 288.0 288.0 | H 1.946 | V 0.000 | pL 0.000 | vL 0.000 | ∇ 0.000
Status saved
Status saved
Status saved
Status saved
Status saved
U 19500 | F 2496000 | FPS 1896 | D 1098 | rR:μσmM 0.00 0.00 0.00 0.00 | F:μσmM 288.0 0.0 288.0 288.0 | H 1.946 | V 0.000 | pL 0.000 | vL 0.000 | ∇ 0.000
Status saved
Status saved
Status saved
Status saved
Status saved
U 20000 | F 2560000 | FPS 2271 | D 1126 | rR:μσmM 0.00 0.00 0.00 0.00 | F:μσmM 288.0 0.0 288.0 288.0 | H 1.946 | V 0.000 | pL 0.000 | vL 0.000 | ∇ 0.000
Status saved
Status saved
Status saved
Status saved
Status saved
U 20500 | F 2624000 | FPS 2471 | D 1155 | rR:μσmM 0.00 0.00 0.00 0.00 | F:μσmM 288.0 0.0 288.0 288.0 | H 1.946 | V 0.000 | pL 0.000 | vL 0.000 | ∇ 0.000
Status saved
Status saved
Status saved
Status saved
Status saved
U 21000 | F 2688000 | FPS 2561 | D 1183 | rR:μσmM 0.00 0.00 0.00 0.00 | F:μσmM 288.0 0.0 288.0 288.0 | H 1.946 | V 0.000 | pL 0.000 | vL 0.000 | ∇ 0.000
Status saved
Status saved
Status saved
Status saved
Status saved
U 21500 | F 2752000 | FPS 2654 | D 1211 | rR:μσmM 0.00 0.00 0.00 0.00 | F:μσmM 288.0 0.0 288.0 288.0 | H 1.946 | V 0.000 | pL 0.000 | vL 0.000 | ∇ 0.000
Status saved
Status saved
Status saved
Status saved
Status saved
U 22000 | F 2816000 | FPS 2092 | D 1240 | rR:μσmM 0.00 0.00 0.00 0.00 | F:μσmM 288.0 0.0 288.0 288.0 | H 1.946 | V 0.000 | pL 0.000 | vL 0.000 | ∇ 0.000
Status saved
Status saved
Status saved
Status saved
Status saved
U 22500 | F 2880000 | FPS 2478 | D 1268 | rR:μσmM 0.00 0.00 0.00 0.00 | F:μσmM 288.0 0.0 288.0 288.0 | H 1.946 | V 0.000 | pL 0.000 | vL 0.000 | ∇ 0.000
Status saved
Status saved
Status saved
Status saved
Status saved
U 23000 | F 2944000 | FPS 2094 | D 1296 | rR:μσmM 0.00 0.00 0.00 0.00 | F:μσmM 288.0 0.0 288.0 288.0 | H 1.946 | V 0.000 | pL 0.000 | vL 0.000 | ∇ 0.000
Status saved
Status saved
Status saved
Status saved
Status saved
