nohup: ignoring input
============================================================
ABLATION: no_cluster (H4 — remove cluster-level bonus)
============================================================
============================================================
[RUN] DK-8x8  ablation=no_cluster  seed=1
============================================================
Gym has been unmaintained since 2022 and does not support NumPy 2.0 amongst other critical functionality.
Please upgrade to Gymnasium, the maintained drop-in replacement of Gym, or contact the authors of your software and request that they upgrade.
Users of this version of Gym should be able to simply replace 'import gym' with 'import gymnasium as gym' in the vast majority of cases.
See the migration guide at https://gymnasium.farama.org/introduction/migration_guide/ for additional information.
/workspace/learn-si2e/SI2E/SI2E_A2C/rl-starter-files/rl-starter-files/scripts/train.py --algo a2c --env MiniGrid-DoorKey-8x8-v0 --model abl-no_cluster-s1 --frames 1000000 --use_batch --save-interval 100 --log-interval 500 --seed 1 --use_entropy_reward --use_value_condition --beta 0.005 --ablation no_cluster

Namespace(algo='a2c', env='MiniGrid-DoorKey-8x8-v0', model='abl-no_cluster-s1', seed=1, log_interval=500, save_interval=100, procs=16, frames=1000000, epochs=4, batch_size=256, frames_per_proc=None, discount=0.99, lr=0.001, gae_lambda=0.95, entropy_coef=0.01, value_loss_coef=0.5, max_grad_norm=0.5, optim_eps=1e-08, optim_alpha=0.99, clip_eps=0.2, recurrence=1, text=False, use_entropy_reward=True, use_value_condition=True, beta=0.005, use_batch=True, ablation='no_cluster', mem=False)

Device: cuda:0

Environments loaded

Training status loaded

Observations preprocessor loaded
Model loaded

ACModel(
  (image_conv): Sequential(
    (0): Conv2d(3, 16, kernel_size=(2, 2), stride=(1, 1))
    (1): ReLU()
    (2): MaxPool2d(kernel_size=(2, 2), stride=(2, 2), padding=0, dilation=1, ceil_mode=False)
    (3): Conv2d(16, 32, kernel_size=(2, 2), stride=(1, 1))
    (4): ReLU()
    (5): Conv2d(32, 64, kernel_size=(2, 2), stride=(1, 1))
    (6): ReLU()
  )
  (actor): Sequential(
    (0): Linear(in_features=64, out_features=64, bias=True)
    (1): Tanh()
    (2): Linear(in_features=64, out_features=7, bias=True)
  )
  (critic): Sequential(
    (0): Linear(in_features=64, out_features=64, bias=True)
    (1): Tanh()
    (2): Linear(in_features=64, out_features=1, bias=True)
  )
  (extr_critic): Sequential(
    (0): Linear(in_features=64, out_features=64, bias=True)
    (1): Tanh()
    (2): Linear(in_features=64, out_features=1, bias=True)
  )
)

Optimizer loaded

Status saved
Status saved
Status saved
Status saved
U 500 | F 064000 | FPS 0450 | D 144 | rR:μσmM 0.00 0.00 0.00 0.00 | F:μσmM 640.0 0.0 640.0 640.0 | H 1.777 | V -0.287 | pL -0.006 | vL 0.001 | ∇ 0.009
Status saved
Status saved
Status saved
Status saved
Status saved
U 1000 | F 128000 | FPS 0482 | D 287 | rR:μσmM 0.02 0.09 0.00 0.39 | F:μσmM 627.3 49.1 437.0 640.0 | H 1.757 | V -0.375 | pL -0.003 | vL 0.000 | ∇ 0.008
Status saved
Status saved
Status saved
Status saved
Status saved
U 1500 | F 192000 | FPS 0462 | D 432 | rR:μσmM 0.00 0.00 0.00 0.00 | F:μσmM 640.0 0.0 640.0 640.0 | H 1.719 | V -0.346 | pL -0.003 | vL 0.001 | ∇ 0.010
Status saved
Status saved
Status saved
Status saved
Status saved
U 2000 | F 256000 | FPS 0465 | D 579 | rR:μσmM 0.00 0.00 0.00 0.00 | F:μσmM 640.0 0.0 640.0 640.0 | H 1.795 | V -0.372 | pL 0.322 | vL 0.056 | ∇ 0.299
Status saved
Status saved
Status saved
Status saved
Status saved
U 2500 | F 320000 | FPS 0452 | D 728 | rR:μσmM 0.00 0.00 0.00 0.00 | F:μσmM 640.0 0.0 640.0 640.0 | H 1.765 | V -0.298 | pL -0.013 | vL 0.001 | ∇ 0.011
Status saved
Status saved
Status saved
Status saved
Status saved
U 3000 | F 384000 | FPS 0447 | D 875 | rR:μσmM 0.00 0.00 0.00 0.00 | F:μσmM 640.0 0.0 640.0 640.0 | H 1.773 | V -0.355 | pL 0.000 | vL 0.001 | ∇ 0.008
Status saved
Status saved
Status saved
Status saved
Status saved
U 3500 | F 448000 | FPS 0484 | D 1026 | rR:μσmM 0.00 0.00 0.00 0.00 | F:μσmM 640.0 0.0 640.0 640.0 | H 1.758 | V -0.357 | pL 0.007 | vL 0.000 | ∇ 0.013
Status saved
Status saved
Status saved
Status saved
Status saved
U 4000 | F 512000 | FPS 0336 | D 1176 | rR:μσmM 0.00 0.00 0.00 0.00 | F:μσmM 640.0 0.0 640.0 640.0 | H 1.790 | V -0.354 | pL 0.123 | vL 0.021 | ∇ 0.106
Status saved
Status saved
Status saved
Status saved
Status saved
U 4500 | F 576000 | FPS 0407 | D 1329 | rR:μσmM 0.00 0.00 0.00 0.00 | F:μσmM 640.0 0.0 640.0 640.0 | H 1.804 | V -0.301 | pL -0.014 | vL 0.001 | ∇ 0.013
Status saved
Status saved
Status saved
Status saved
Status saved
U 5000 | F 640000 | FPS 0440 | D 1476 | rR:μσmM 0.10 0.19 0.00 0.64 | F:μσmM 584.0 110.8 259.0 640.0 | H 1.736 | V -0.262 | pL -0.006 | vL 0.001 | ∇ 0.010
Status saved
Status saved
Status saved
Status saved
Status saved
U 5500 | F 704000 | FPS 0485 | D 1616 | rR:μσmM 0.03 0.12 0.00 0.50 | F:μσmM 622.2 68.7 356.0 640.0 | H 1.767 | V -0.298 | pL -0.014 | vL 0.001 | ∇ 0.011
Status saved
Status saved
Status saved
Status saved
Status saved
U 6000 | F 768000 | FPS 0487 | D 1756 | rR:μσmM 0.13 0.28 0.00 0.84 | F:μσmM 557.6 174.7 117.0 640.0 | H 1.805 | V -0.327 | pL -0.026 | vL 0.001 | ∇ 0.021
Status saved
Status saved
Status saved
Status saved
Status saved
U 6500 | F 832000 | FPS 0472 | D 1898 | rR:μσmM 0.03 0.12 0.00 0.49 | F:μσmM 622.9 66.3 366.0 640.0 | H 1.786 | V -0.314 | pL -0.011 | vL 0.001 | ∇ 0.009
Status saved
Status saved
Status saved
Status saved
Status saved
U 7000 | F 896000 | FPS 0478 | D 2043 | rR:μσmM 0.06 0.20 0.00 0.81 | F:μσmM 605.4 122.3 134.0 640.0 | H 1.771 | V -0.325 | pL -0.017 | vL 0.001 | ∇ 0.019
Status saved
Status saved
Status saved
Status saved
Status saved
U 7500 | F 960000 | FPS 0463 | D 2186 | rR:μσmM 0.27 0.36 0.00 0.95 | F:μσmM 477.0 225.5 32.0 640.0 | H 1.750 | V -0.281 | pL -0.005 | vL 0.001 | ∇ 0.008
Status saved
Status saved
Status saved
Status saved
Gym has been unmaintained since 2022 and does not support NumPy 2.0 amongst other critical functionality.
Please upgrade to Gymnasium, the maintained drop-in replacement of Gym, or contact the authors of your software and request that they upgrade.
Users of this version of Gym should be able to simply replace 'import gym' with 'import gymnasium as gym' in the vast majority of cases.
See the migration guide at https://gymnasium.farama.org/introduction/migration_guide/ for additional information.
Episodes evaluated: 208
Successes:          0
Success rate:       0.0%
Mean return:        0.0000
SUCCESS_RATE=0.00
[DONE] abl-no_cluster-s1: success_rate=0.00%
============================================================
[RUN] DK-8x8  ablation=no_cluster  seed=2
============================================================
Gym has been unmaintained since 2022 and does not support NumPy 2.0 amongst other critical functionality.
Please upgrade to Gymnasium, the maintained drop-in replacement of Gym, or contact the authors of your software and request that they upgrade.
Users of this version of Gym should be able to simply replace 'import gym' with 'import gymnasium as gym' in the vast majority of cases.
See the migration guide at https://gymnasium.farama.org/introduction/migration_guide/ for additional information.
/workspace/learn-si2e/SI2E/SI2E_A2C/rl-starter-files/rl-starter-files/scripts/train.py --algo a2c --env MiniGrid-DoorKey-8x8-v0 --model abl-no_cluster-s2 --frames 1000000 --use_batch --save-interval 100 --log-interval 500 --seed 2 --use_entropy_reward --use_value_condition --beta 0.005 --ablation no_cluster

Namespace(algo='a2c', env='MiniGrid-DoorKey-8x8-v0', model='abl-no_cluster-s2', seed=2, log_interval=500, save_interval=100, procs=16, frames=1000000, epochs=4, batch_size=256, frames_per_proc=None, discount=0.99, lr=0.001, gae_lambda=0.95, entropy_coef=0.01, value_loss_coef=0.5, max_grad_norm=0.5, optim_eps=1e-08, optim_alpha=0.99, clip_eps=0.2, recurrence=1, text=False, use_entropy_reward=True, use_value_condition=True, beta=0.005, use_batch=True, ablation='no_cluster', mem=False)

Device: cuda:0

Environments loaded

Training status loaded

Observations preprocessor loaded
Model loaded

ACModel(
  (image_conv): Sequential(
    (0): Conv2d(3, 16, kernel_size=(2, 2), stride=(1, 1))
    (1): ReLU()
    (2): MaxPool2d(kernel_size=(2, 2), stride=(2, 2), padding=0, dilation=1, ceil_mode=False)
    (3): Conv2d(16, 32, kernel_size=(2, 2), stride=(1, 1))
    (4): ReLU()
    (5): Conv2d(32, 64, kernel_size=(2, 2), stride=(1, 1))
    (6): ReLU()
  )
  (actor): Sequential(
    (0): Linear(in_features=64, out_features=64, bias=True)
    (1): Tanh()
    (2): Linear(in_features=64, out_features=7, bias=True)
  )
  (critic): Sequential(
    (0): Linear(in_features=64, out_features=64, bias=True)
    (1): Tanh()
    (2): Linear(in_features=64, out_features=1, bias=True)
  )
  (extr_critic): Sequential(
    (0): Linear(in_features=64, out_features=64, bias=True)
    (1): Tanh()
    (2): Linear(in_features=64, out_features=1, bias=True)
  )
)

Optimizer loaded

Status saved
Status saved
Status saved
Status saved
U 500 | F 064000 | FPS 0439 | D 151 | rR:μσmM 0.00 0.00 0.00 0.00 | F:μσmM 640.0 0.0 640.0 640.0 | H 1.751 | V -0.274 | pL -0.008 | vL 0.001 | ∇ 0.012
Status saved
Status saved
Status saved
Status saved
Status saved
U 1000 | F 128000 | FPS 0437 | D 297 | rR:μσmM 0.00 0.00 0.00 0.00 | F:μσmM 640.0 0.0 640.0 640.0 | H 1.787 | V -0.352 | pL 0.014 | vL 0.003 | ∇ 0.032
Status saved
Status saved
Status saved
Status saved
Status saved
U 1500 | F 192000 | FPS 0436 | D 446 | rR:μσmM 0.01 0.05 0.00 0.22 | F:μσmM 634.6 20.8 554.0 640.0 | H 1.749 | V -0.350 | pL 0.015 | vL 0.004 | ∇ 0.027
Status saved
Status saved
Status saved
Status saved
Status saved
U 2000 | F 256000 | FPS 0458 | D 592 | rR:μσmM 0.00 0.00 0.00 0.00 | F:μσmM 640.0 0.0 640.0 640.0 | H 1.752 | V -0.317 | pL 0.244 | vL 0.036 | ∇ 0.213
Status saved
Status saved
Status saved
Status saved
Status saved
U 2500 | F 320000 | FPS 0403 | D 739 | rR:μσmM 0.00 0.00 0.00 0.00 | F:μσmM 640.0 0.0 640.0 640.0 | H 1.767 | V -0.324 | pL 0.000 | vL 0.001 | ∇ 0.013
Status saved
Status saved
Status saved
Status saved
Status saved
U 3000 | F 384000 | FPS 0392 | D 890 | rR:μσmM 0.06 0.19 0.00 0.78 | F:μσmM 607.1 117.2 155.0 640.0 | H 1.795 | V -0.291 | pL -0.008 | vL 0.002 | ∇ 0.027
Status saved
Status saved
Status saved
Status saved
Status saved
U 3500 | F 448000 | FPS 0433 | D 1041 | rR:μσmM 0.00 0.00 0.00 0.00 | F:μσmM 640.0 0.0 640.0 640.0 | H 1.731 | V -0.362 | pL 0.002 | vL 0.004 | ∇ 0.024
Status saved
Status saved
Status saved
Status saved
Status saved
U 4000 | F 512000 | FPS 0386 | D 1194 | rR:μσmM 0.03 0.11 0.00 0.47 | F:μσmM 623.6 63.4 378.0 640.0 | H 1.786 | V -0.297 | pL 0.083 | vL 0.014 | ∇ 0.066
Status saved
Status saved
Status saved
Status saved
Status saved
U 4500 | F 576000 | FPS 0419 | D 1345 | rR:μσmM 0.06 0.14 0.00 0.51 | F:μσmM 610.4 77.8 347.0 640.0 | H 1.749 | V -0.308 | pL -0.005 | vL 0.001 | ∇ 0.012
Status saved
Status saved
Status saved
Status saved
Status saved
U 5000 | F 640000 | FPS 0420 | D 1497 | rR:μσmM 0.01 0.06 0.00 0.24 | F:μσmM 633.9 23.7 542.0 640.0 | H 1.760 | V -0.313 | pL 0.002 | vL 0.000 | ∇ 0.008
Status saved
Status saved
Status saved
Status saved
Status saved
U 5500 | F 704000 | FPS 0417 | D 1648 | rR:μσmM 0.03 0.11 0.00 0.46 | F:μσmM 624.1 61.7 385.0 640.0 | H 1.739 | V -0.242 | pL -0.010 | vL 0.001 | ∇ 0.012
Status saved
Status saved
Status saved
Status saved
Status saved
U 6000 | F 768000 | FPS 0374 | D 1800 | rR:μσmM 0.00 0.00 0.00 0.00 | F:μσmM 640.0 0.0 640.0 640.0 | H 1.771 | V -0.363 | pL -0.006 | vL 0.001 | ∇ 0.014
Status saved
Status saved
Status saved
Status saved
Status saved
U 6500 | F 832000 | FPS 0432 | D 1952 | rR:μσmM 0.16 0.30 0.00 0.85 | F:μσmM 541.0 185.5 109.0 640.0 | H 1.769 | V -0.252 | pL -0.007 | vL 0.000 | ∇ 0.008
Status saved
Status saved
Status saved
Status saved
Status saved
U 7000 | F 896000 | FPS 0427 | D 2104 | rR:μσmM 0.02 0.05 0.00 0.20 | F:μσmM 634.5 17.0 571.0 640.0 | H 1.776 | V -0.315 | pL -0.009 | vL 0.001 | ∇ 0.014
Status saved
Status saved
Status saved
Status saved
Status saved
U 7500 | F 960000 | FPS 0379 | D 2258 | rR:μσmM 0.00 0.00 0.00 0.00 | F:μσmM 640.0 0.0 640.0 640.0 | H 1.713 | V -0.313 | pL -0.030 | vL 0.001 | ∇ 0.020
Status saved
Status saved
Status saved
Status saved
Gym has been unmaintained since 2022 and does not support NumPy 2.0 amongst other critical functionality.
Please upgrade to Gymnasium, the maintained drop-in replacement of Gym, or contact the authors of your software and request that they upgrade.
Users of this version of Gym should be able to simply replace 'import gym' with 'import gymnasium as gym' in the vast majority of cases.
See the migration guide at https://gymnasium.farama.org/introduction/migration_guide/ for additional information.
Episodes evaluated: 208
Successes:          0
Success rate:       0.0%
Mean return:        0.0000
SUCCESS_RATE=0.00
[DONE] abl-no_cluster-s2: success_rate=0.00%
============================================================
[RUN] DK-8x8  ablation=no_cluster  seed=3
============================================================
Gym has been unmaintained since 2022 and does not support NumPy 2.0 amongst other critical functionality.
Please upgrade to Gymnasium, the maintained drop-in replacement of Gym, or contact the authors of your software and request that they upgrade.
Users of this version of Gym should be able to simply replace 'import gym' with 'import gymnasium as gym' in the vast majority of cases.
See the migration guide at https://gymnasium.farama.org/introduction/migration_guide/ for additional information.
/workspace/learn-si2e/SI2E/SI2E_A2C/rl-starter-files/rl-starter-files/scripts/train.py --algo a2c --env MiniGrid-DoorKey-8x8-v0 --model abl-no_cluster-s3 --frames 1000000 --use_batch --save-interval 100 --log-interval 500 --seed 3 --use_entropy_reward --use_value_condition --beta 0.005 --ablation no_cluster

Namespace(algo='a2c', env='MiniGrid-DoorKey-8x8-v0', model='abl-no_cluster-s3', seed=3, log_interval=500, save_interval=100, procs=16, frames=1000000, epochs=4, batch_size=256, frames_per_proc=None, discount=0.99, lr=0.001, gae_lambda=0.95, entropy_coef=0.01, value_loss_coef=0.5, max_grad_norm=0.5, optim_eps=1e-08, optim_alpha=0.99, clip_eps=0.2, recurrence=1, text=False, use_entropy_reward=True, use_value_condition=True, beta=0.005, use_batch=True, ablation='no_cluster', mem=False)

Device: cuda:0

Environments loaded

Training status loaded

Observations preprocessor loaded
Model loaded

ACModel(
  (image_conv): Sequential(
    (0): Conv2d(3, 16, kernel_size=(2, 2), stride=(1, 1))
    (1): ReLU()
    (2): MaxPool2d(kernel_size=(2, 2), stride=(2, 2), padding=0, dilation=1, ceil_mode=False)
    (3): Conv2d(16, 32, kernel_size=(2, 2), stride=(1, 1))
    (4): ReLU()
    (5): Conv2d(32, 64, kernel_size=(2, 2), stride=(1, 1))
    (6): ReLU()
  )
  (actor): Sequential(
    (0): Linear(in_features=64, out_features=64, bias=True)
    (1): Tanh()
    (2): Linear(in_features=64, out_features=7, bias=True)
  )
  (critic): Sequential(
    (0): Linear(in_features=64, out_features=64, bias=True)
    (1): Tanh()
    (2): Linear(in_features=64, out_features=1, bias=True)
  )
  (extr_critic): Sequential(
    (0): Linear(in_features=64, out_features=64, bias=True)
    (1): Tanh()
    (2): Linear(in_features=64, out_features=1, bias=True)
  )
)

Optimizer loaded

Status saved
Status saved
Status saved
Status saved
U 500 | F 064000 | FPS 0449 | D 150 | rR:μσmM 0.00 0.00 0.00 0.00 | F:μσmM 640.0 0.0 640.0 640.0 | H 1.812 | V -0.295 | pL -0.009 | vL 0.001 | ∇ 0.010
Status saved
Status saved
Status saved
Status saved
Status saved
U 1000 | F 128000 | FPS 0481 | D 299 | rR:μσmM 0.00 0.00 0.00 0.00 | F:μσmM 640.0 0.0 640.0 640.0 | H 1.789 | V -0.355 | pL -0.017 | vL 0.001 | ∇ 0.018
Status saved
Status saved
Status saved
Status saved
Status saved
U 1500 | F 192000 | FPS 0254 | D 447 | rR:μσmM 0.03 0.08 0.00 0.29 | F:μσmM 629.4 33.8 502.0 640.0 | H 1.774 | V -0.342 | pL -0.005 | vL 0.001 | ∇ 0.008
Status saved
Status saved
Status saved
Status saved
Status saved
U 2000 | F 256000 | FPS 0466 | D 595 | rR:μσmM 0.03 0.11 0.00 0.45 | F:μσmM 624.4 60.3 391.0 640.0 | H 1.755 | V -0.354 | pL 0.179 | vL 0.025 | ∇ 0.164
Status saved
Status saved
Status saved
Status saved
Status saved
U 2500 | F 320000 | FPS 0444 | D 741 | rR:μσmM 0.04 0.14 0.00 0.59 | F:μσmM 618.2 84.5 291.0 640.0 | H 1.778 | V -0.363 | pL -0.006 | vL 0.001 | ∇ 0.011
Status saved
Status saved
Status saved
Status saved
Status saved
U 3000 | F 384000 | FPS 0474 | D 887 | rR:μσmM 0.00 0.00 0.00 0.00 | F:μσmM 640.0 0.0 640.0 640.0 | H 1.775 | V -0.295 | pL -0.023 | vL 0.001 | ∇ 0.017
Status saved
Status saved
Status saved
Status saved
Status saved
U 3500 | F 448000 | FPS 0460 | D 1033 | rR:μσmM 0.04 0.17 0.00 0.71 | F:μσmM 613.0 104.6 208.0 640.0 | H 1.777 | V -0.326 | pL 0.009 | vL 0.002 | ∇ 0.026
Status saved
Status saved
Status saved
Status saved
Status saved
U 4000 | F 512000 | FPS 0436 | D 1179 | rR:μσmM 0.04 0.10 0.00 0.35 | F:μσmM 624.2 45.5 459.0 640.0 | H 1.758 | V -0.373 | pL 0.016 | vL 0.006 | ∇ 0.040
Status saved
Status saved
Status saved
Status saved
Status saved
U 4500 | F 576000 | FPS 0465 | D 1326 | rR:μσmM 0.06 0.16 0.00 0.54 | F:μσmM 607.2 88.7 326.0 640.0 | H 1.783 | V -0.331 | pL -0.005 | vL 0.001 | ∇ 0.013
Status saved
Status saved
Status saved
Status saved
Status saved
U 5000 | F 640000 | FPS 0494 | D 1473 | rR:μσmM 0.02 0.06 0.00 0.25 | F:μσmM 633.1 26.6 530.0 640.0 | H 1.747 | V -0.347 | pL -0.001 | vL 0.000 | ∇ 0.008
Status saved
Status saved
Status saved
Status saved
Status saved
U 5500 | F 704000 | FPS 0442 | D 1621 | rR:μσmM 0.04 0.16 0.00 0.65 | F:μσmM 615.8 93.9 252.0 640.0 | H 1.757 | V -0.267 | pL -0.002 | vL 0.000 | ∇ 0.009
Status saved
Status saved
Status saved
Status saved
Status saved
U 6000 | F 768000 | FPS 0459 | D 1768 | rR:μσmM 0.06 0.15 0.00 0.48 | F:μσmM 608.4 83.9 368.0 640.0 | H 1.764 | V -0.306 | pL -0.025 | vL 0.001 | ∇ 0.027
Status saved
Status saved
Status saved
Status saved
Status saved
U 6500 | F 832000 | FPS 0464 | D 1920 | rR:μσmM 0.05 0.17 0.00 0.68 | F:μσmM 610.3 99.2 231.0 640.0 | H 1.742 | V -0.302 | pL 0.001 | vL 0.000 | ∇ 0.007
Status saved
Status saved
Status saved
Status saved
Status saved
U 7000 | F 896000 | FPS 0265 | D 2068 | rR:μσmM 0.07 0.20 0.00 0.69 | F:μσmM 597.2 116.5 221.0 640.0 | H 1.717 | V -0.280 | pL 0.004 | vL 0.003 | ∇ 0.014
Status saved
Status saved
Status saved
Status saved
Status saved
U 7500 | F 960000 | FPS 0453 | D 2218 | rR:μσmM 0.09 0.25 0.00 0.86 | F:μσmM 582.8 154.0 102.0 640.0 | H 1.763 | V -0.281 | pL -0.013 | vL 0.001 | ∇ 0.013
Status saved
Status saved
Status saved
Status saved
Gym has been unmaintained since 2022 and does not support NumPy 2.0 amongst other critical functionality.
Please upgrade to Gymnasium, the maintained drop-in replacement of Gym, or contact the authors of your software and request that they upgrade.
Users of this version of Gym should be able to simply replace 'import gym' with 'import gymnasium as gym' in the vast majority of cases.
See the migration guide at https://gymnasium.farama.org/introduction/migration_guide/ for additional information.
Episodes evaluated: 208
Successes:          0
Success rate:       0.0%
Mean return:        0.0000
SUCCESS_RATE=0.00
[DONE] abl-no_cluster-s3: success_rate=0.00%
============================================================
ABLATION: no_norm (H3 — remove relative batch-max normalization)
============================================================
============================================================
[RUN] DK-8x8  ablation=no_norm  seed=1
============================================================
Gym has been unmaintained since 2022 and does not support NumPy 2.0 amongst other critical functionality.
Please upgrade to Gymnasium, the maintained drop-in replacement of Gym, or contact the authors of your software and request that they upgrade.
Users of this version of Gym should be able to simply replace 'import gym' with 'import gymnasium as gym' in the vast majority of cases.
See the migration guide at https://gymnasium.farama.org/introduction/migration_guide/ for additional information.
/workspace/learn-si2e/SI2E/SI2E_A2C/rl-starter-files/rl-starter-files/scripts/train.py --algo a2c --env MiniGrid-DoorKey-8x8-v0 --model abl-no_norm-s1 --frames 1000000 --use_batch --save-interval 100 --log-interval 500 --seed 1 --use_entropy_reward --use_value_condition --beta 0.005 --ablation no_norm

Namespace(algo='a2c', env='MiniGrid-DoorKey-8x8-v0', model='abl-no_norm-s1', seed=1, log_interval=500, save_interval=100, procs=16, frames=1000000, epochs=4, batch_size=256, frames_per_proc=None, discount=0.99, lr=0.001, gae_lambda=0.95, entropy_coef=0.01, value_loss_coef=0.5, max_grad_norm=0.5, optim_eps=1e-08, optim_alpha=0.99, clip_eps=0.2, recurrence=1, text=False, use_entropy_reward=True, use_value_condition=True, beta=0.005, use_batch=True, ablation='no_norm', mem=False)

Device: cuda:0

Environments loaded

Training status loaded

Observations preprocessor loaded
Model loaded

ACModel(
  (image_conv): Sequential(
    (0): Conv2d(3, 16, kernel_size=(2, 2), stride=(1, 1))
    (1): ReLU()
    (2): MaxPool2d(kernel_size=(2, 2), stride=(2, 2), padding=0, dilation=1, ceil_mode=False)
    (3): Conv2d(16, 32, kernel_size=(2, 2), stride=(1, 1))
    (4): ReLU()
    (5): Conv2d(32, 64, kernel_size=(2, 2), stride=(1, 1))
    (6): ReLU()
  )
  (actor): Sequential(
    (0): Linear(in_features=64, out_features=64, bias=True)
    (1): Tanh()
    (2): Linear(in_features=64, out_features=7, bias=True)
  )
  (critic): Sequential(
    (0): Linear(in_features=64, out_features=64, bias=True)
    (1): Tanh()
    (2): Linear(in_features=64, out_features=1, bias=True)
  )
  (extr_critic): Sequential(
    (0): Linear(in_features=64, out_features=64, bias=True)
    (1): Tanh()
    (2): Linear(in_features=64, out_features=1, bias=True)
  )
)

Optimizer loaded

Status saved
Status saved
Status saved
Status saved
U 500 | F 064000 | FPS 0422 | D 154 | rR:μσmM 0.04 0.17 0.00 0.69 | F:μσmM 613.8 101.7 220.0 640.0 | H 1.745 | V -0.258 | pL -0.003 | vL 0.000 | ∇ 0.010
Status saved
Status saved
Status saved
Status saved
Status saved
U 1000 | F 128000 | FPS 0455 | D 305 | rR:μσmM 0.01 0.02 0.00 0.10 | F:μσmM 639.9 0.5 638.0 640.0 | H 1.783 | V -0.351 | pL -0.010 | vL 0.001 | ∇ 0.011
Status saved
Status saved
Status saved
Status saved
Status saved
U 1500 | F 192000 | FPS 0483 | D 458 | rR:μσmM 0.00 0.00 0.00 0.00 | F:μσmM 640.0 0.0 640.0 640.0 | H 1.763 | V -0.357 | pL -0.022 | vL 0.001 | ∇ 0.017
Status saved
Status saved
Status saved
Status saved
Status saved
U 2000 | F 256000 | FPS 0469 | D 610 | rR:μσmM 0.05 0.16 0.00 0.66 | F:μσmM 613.6 95.9 243.0 640.0 | H 1.733 | V -0.345 | pL 0.165 | vL 0.028 | ∇ 0.156
Status saved
Status saved
Status saved
Status saved
Status saved
U 2500 | F 320000 | FPS 0452 | D 763 | rR:μσmM 0.00 0.00 0.00 0.00 | F:μσmM 640.0 0.0 640.0 640.0 | H 1.701 | V -0.345 | pL -0.010 | vL 0.001 | ∇ 0.017
Status saved
Status saved
Status saved
Status saved
Status saved
U 3000 | F 384000 | FPS 0406 | D 915 | rR:μσmM 0.03 0.10 0.00 0.43 | F:μσmM 625.2 57.1 404.0 640.0 | H 1.791 | V -0.331 | pL -0.000 | vL 0.001 | ∇ 0.008
Status saved
Status saved
Status saved
Status saved
Status saved
U 3500 | F 448000 | FPS 0474 | D 1066 | rR:μσmM 0.00 0.00 0.00 0.00 | F:μσmM 640.0 0.0 640.0 640.0 | H 1.749 | V -0.321 | pL -0.004 | vL 0.001 | ∇ 0.008
Status saved
Status saved
Status saved
Status saved
Status saved
U 4000 | F 512000 | FPS 0479 | D 1218 | rR:μσmM 0.06 0.15 0.00 0.49 | F:μσmM 609.1 82.4 365.0 640.0 | H 1.779 | V -0.333 | pL -0.015 | vL 0.001 | ∇ 0.012
Status saved
Status saved
Status saved
Status saved
Status saved
U 4500 | F 576000 | FPS 0395 | D 1371 | rR:μσmM 0.03 0.10 0.00 0.40 | F:μσmM 626.5 52.3 424.0 640.0 | H 1.803 | V -0.308 | pL -0.014 | vL 0.001 | ∇ 0.013
Status saved
Status saved
Status saved
Status saved
Status saved
U 5000 | F 640000 | FPS 0444 | D 1526 | rR:μσmM 0.03 0.12 0.00 0.48 | F:μσmM 623.1 65.4 370.0 640.0 | H 1.792 | V -0.316 | pL 0.025 | vL 0.004 | ∇ 0.030
Status saved
Status saved
Status saved
Status saved
Status saved
U 5500 | F 704000 | FPS 0400 | D 1679 | rR:μσmM 0.14 0.29 0.00 0.84 | F:μσmM 555.5 181.1 114.0 640.0 | H 1.750 | V -0.273 | pL -0.004 | vL 0.000 | ∇ 0.008
Status saved
Status saved
Status saved
Status saved
Status saved
U 6000 | F 768000 | FPS 0437 | D 1833 | rR:μσmM 0.10 0.21 0.00 0.75 | F:μσmM 588.2 124.5 176.0 640.0 | H 1.795 | V -0.300 | pL -0.012 | vL 0.001 | ∇ 0.013
Status saved
Status saved
Status saved
Status saved
Status saved
U 6500 | F 832000 | FPS 0452 | D 1986 | rR:μσmM 0.04 0.15 0.00 0.61 | F:μσmM 617.1 88.6 274.0 640.0 | H 1.789 | V -0.281 | pL -0.006 | vL 0.001 | ∇ 0.013
Status saved
Status saved
Status saved
Status saved
Status saved
U 7000 | F 896000 | FPS 0420 | D 2139 | rR:μσmM 0.04 0.10 0.00 0.40 | F:μσmM 623.4 52.9 424.0 640.0 | H 1.756 | V -0.291 | pL -0.014 | vL 0.001 | ∇ 0.012
Status saved
Status saved
Status saved
Status saved
Status saved
U 7500 | F 960000 | FPS 0443 | D 2293 | rR:μσmM 0.15 0.29 0.00 0.85 | F:μσmM 553.5 176.6 108.0 640.0 | H 1.760 | V -0.258 | pL 0.009 | vL 0.000 | ∇ 0.011
Status saved
Status saved
Status saved
Status saved
Gym has been unmaintained since 2022 and does not support NumPy 2.0 amongst other critical functionality.
Please upgrade to Gymnasium, the maintained drop-in replacement of Gym, or contact the authors of your software and request that they upgrade.
Users of this version of Gym should be able to simply replace 'import gym' with 'import gymnasium as gym' in the vast majority of cases.
See the migration guide at https://gymnasium.farama.org/introduction/migration_guide/ for additional information.
Episodes evaluated: 208
Successes:          0
Success rate:       0.0%
Mean return:        0.0000
SUCCESS_RATE=0.00
[DONE] abl-no_norm-s1: success_rate=0.00%
============================================================
[RUN] DK-8x8  ablation=no_norm  seed=2
============================================================
Gym has been unmaintained since 2022 and does not support NumPy 2.0 amongst other critical functionality.
Please upgrade to Gymnasium, the maintained drop-in replacement of Gym, or contact the authors of your software and request that they upgrade.
Users of this version of Gym should be able to simply replace 'import gym' with 'import gymnasium as gym' in the vast majority of cases.
See the migration guide at https://gymnasium.farama.org/introduction/migration_guide/ for additional information.
/workspace/learn-si2e/SI2E/SI2E_A2C/rl-starter-files/rl-starter-files/scripts/train.py --algo a2c --env MiniGrid-DoorKey-8x8-v0 --model abl-no_norm-s2 --frames 1000000 --use_batch --save-interval 100 --log-interval 500 --seed 2 --use_entropy_reward --use_value_condition --beta 0.005 --ablation no_norm

Namespace(algo='a2c', env='MiniGrid-DoorKey-8x8-v0', model='abl-no_norm-s2', seed=2, log_interval=500, save_interval=100, procs=16, frames=1000000, epochs=4, batch_size=256, frames_per_proc=None, discount=0.99, lr=0.001, gae_lambda=0.95, entropy_coef=0.01, value_loss_coef=0.5, max_grad_norm=0.5, optim_eps=1e-08, optim_alpha=0.99, clip_eps=0.2, recurrence=1, text=False, use_entropy_reward=True, use_value_condition=True, beta=0.005, use_batch=True, ablation='no_norm', mem=False)

Device: cuda:0

Environments loaded

Training status loaded

Observations preprocessor loaded
Model loaded

ACModel(
  (image_conv): Sequential(
    (0): Conv2d(3, 16, kernel_size=(2, 2), stride=(1, 1))
    (1): ReLU()
    (2): MaxPool2d(kernel_size=(2, 2), stride=(2, 2), padding=0, dilation=1, ceil_mode=False)
    (3): Conv2d(16, 32, kernel_size=(2, 2), stride=(1, 1))
    (4): ReLU()
    (5): Conv2d(32, 64, kernel_size=(2, 2), stride=(1, 1))
    (6): ReLU()
  )
  (actor): Sequential(
    (0): Linear(in_features=64, out_features=64, bias=True)
    (1): Tanh()
    (2): Linear(in_features=64, out_features=7, bias=True)
  )
  (critic): Sequential(
    (0): Linear(in_features=64, out_features=64, bias=True)
    (1): Tanh()
    (2): Linear(in_features=64, out_features=1, bias=True)
  )
  (extr_critic): Sequential(
    (0): Linear(in_features=64, out_features=64, bias=True)
    (1): Tanh()
    (2): Linear(in_features=64, out_features=1, bias=True)
  )
)

Optimizer loaded

Status saved
Status saved
Status saved
Status saved
U 500 | F 064000 | FPS 0440 | D 154 | rR:μσmM 0.00 0.00 0.00 0.00 | F:μσmM 640.0 0.0 640.0 640.0 | H 1.795 | V -0.261 | pL -0.033 | vL 0.001 | ∇ 0.026
Status saved
Status saved
Status saved
Status saved
Status saved
U 1000 | F 128000 | FPS 0464 | D 303 | rR:μσmM 0.03 0.12 0.00 0.48 | F:μσmM 623.2 64.9 372.0 640.0 | H 1.767 | V -0.424 | pL 0.006 | vL 0.001 | ∇ 0.011
Status saved
Status saved
Status saved
Status saved
Status saved
U 1500 | F 192000 | FPS 0432 | D 452 | rR:μσmM 0.00 0.00 0.00 0.00 | F:μσmM 640.0 0.0 640.0 640.0 | H 1.772 | V -0.378 | pL 0.009 | vL 0.001 | ∇ 0.014
Status saved
Status saved
Status saved
Status saved
Status saved
U 2000 | F 256000 | FPS 0439 | D 603 | rR:μσmM 0.00 0.00 0.00 0.00 | F:μσmM 640.0 0.0 640.0 640.0 | H 1.724 | V -0.288 | pL 0.151 | vL 0.020 | ∇ 0.135
Status saved
Status saved
Status saved
Status saved
Status saved
U 2500 | F 320000 | FPS 0394 | D 751 | rR:μσmM 0.00 0.00 0.00 0.00 | F:μσmM 640.0 0.0 640.0 640.0 | H 1.759 | V -0.271 | pL -0.009 | vL 0.001 | ∇ 0.013
Status saved
Status saved
Status saved
Status saved
Status saved
U 3000 | F 384000 | FPS 0454 | D 900 | rR:μσmM 0.04 0.14 0.00 0.60 | F:μσmM 617.9 85.4 287.0 640.0 | H 1.788 | V -0.282 | pL -0.013 | vL 0.001 | ∇ 0.019
Status saved
Status saved
Status saved
Status saved
Status saved
U 3500 | F 448000 | FPS 0395 | D 1053 | rR:μσmM 0.03 0.11 0.00 0.44 | F:μσmM 625.1 57.9 401.0 640.0 | H 1.742 | V -0.292 | pL -0.012 | vL 0.001 | ∇ 0.011
Status saved
Status saved
Status saved
Status saved
Status saved
U 4000 | F 512000 | FPS 0474 | D 1203 | rR:μσmM 0.08 0.19 0.00 0.61 | F:μσmM 595.6 110.6 275.0 640.0 | H 1.781 | V -0.303 | pL -0.004 | vL 0.001 | ∇ 0.010
Status saved
Status saved
Status saved
Status saved
Status saved
U 4500 | F 576000 | FPS 0482 | D 1356 | rR:μσmM 0.09 0.23 0.00 0.72 | F:μσmM 588.1 137.5 201.0 640.0 | H 1.728 | V -0.292 | pL -0.007 | vL 0.001 | ∇ 0.010
Status saved
Status saved
Status saved
Status saved
Status saved
U 5000 | F 640000 | FPS 0454 | D 1507 | rR:μσmM 0.11 0.24 0.00 0.89 | F:μσmM 576.6 148.7 79.0 640.0 | H 1.767 | V -0.271 | pL 0.001 | vL 0.002 | ∇ 0.029
Status saved
Status saved
Status saved
Status saved
Status saved
U 5500 | F 704000 | FPS 0432 | D 1657 | rR:μσmM 0.04 0.12 0.00 0.37 | F:μσmM 617.9 58.5 451.0 640.0 | H 1.754 | V -0.317 | pL -0.007 | vL 0.001 | ∇ 0.010
Status saved
Status saved
Status saved
Status saved
Status saved
U 6000 | F 768000 | FPS 0420 | D 1807 | rR:μσmM 0.11 0.23 0.00 0.68 | F:μσmM 573.9 138.8 228.0 640.0 | H 1.752 | V -0.295 | pL -0.001 | vL 0.001 | ∇ 0.009
Status saved
Status saved
Status saved
Status saved
Status saved
U 6500 | F 832000 | FPS 0293 | D 1960 | rR:μσmM 0.19 0.32 0.00 0.92 | F:μσmM 523.8 197.5 54.0 640.0 | H 1.713 | V -0.203 | pL -0.004 | vL 0.003 | ∇ 0.031
Status saved
Status saved
Status saved
Status saved
Status saved
U 7000 | F 896000 | FPS 0402 | D 2110 | rR:μσmM 0.36 0.32 0.00 0.86 | F:μσmM 430.5 199.8 102.0 640.0 | H 1.732 | V -0.204 | pL -0.018 | vL 0.001 | ∇ 0.019
Status saved
Status saved
Status saved
Status saved
Status saved
U 7500 | F 960000 | FPS 0454 | D 2260 | rR:μσmM 0.93 0.05 0.83 0.97 | F:μσmM 51.8 36.0 19.0 121.0 | H 1.531 | V 0.333 | pL -0.049 | vL 0.004 | ∇ 0.083
Status saved
Status saved
Status saved
Status saved
Gym has been unmaintained since 2022 and does not support NumPy 2.0 amongst other critical functionality.
Please upgrade to Gymnasium, the maintained drop-in replacement of Gym, or contact the authors of your software and request that they upgrade.
Users of this version of Gym should be able to simply replace 'import gym' with 'import gymnasium as gym' in the vast majority of cases.
See the migration guide at https://gymnasium.farama.org/introduction/migration_guide/ for additional information.
Episodes evaluated: 200
Successes:          133
Success rate:       66.5%
Mean return:        0.6487
SUCCESS_RATE=66.50
[DONE] abl-no_norm-s2: success_rate=66.50%
============================================================
[RUN] DK-8x8  ablation=no_norm  seed=3
============================================================
Gym has been unmaintained since 2022 and does not support NumPy 2.0 amongst other critical functionality.
Please upgrade to Gymnasium, the maintained drop-in replacement of Gym, or contact the authors of your software and request that they upgrade.
Users of this version of Gym should be able to simply replace 'import gym' with 'import gymnasium as gym' in the vast majority of cases.
See the migration guide at https://gymnasium.farama.org/introduction/migration_guide/ for additional information.
/workspace/learn-si2e/SI2E/SI2E_A2C/rl-starter-files/rl-starter-files/scripts/train.py --algo a2c --env MiniGrid-DoorKey-8x8-v0 --model abl-no_norm-s3 --frames 1000000 --use_batch --save-interval 100 --log-interval 500 --seed 3 --use_entropy_reward --use_value_condition --beta 0.005 --ablation no_norm

Namespace(algo='a2c', env='MiniGrid-DoorKey-8x8-v0', model='abl-no_norm-s3', seed=3, log_interval=500, save_interval=100, procs=16, frames=1000000, epochs=4, batch_size=256, frames_per_proc=None, discount=0.99, lr=0.001, gae_lambda=0.95, entropy_coef=0.01, value_loss_coef=0.5, max_grad_norm=0.5, optim_eps=1e-08, optim_alpha=0.99, clip_eps=0.2, recurrence=1, text=False, use_entropy_reward=True, use_value_condition=True, beta=0.005, use_batch=True, ablation='no_norm', mem=False)

Device: cuda:0

Environments loaded

Training status loaded

Observations preprocessor loaded
Model loaded

ACModel(
  (image_conv): Sequential(
    (0): Conv2d(3, 16, kernel_size=(2, 2), stride=(1, 1))
    (1): ReLU()
    (2): MaxPool2d(kernel_size=(2, 2), stride=(2, 2), padding=0, dilation=1, ceil_mode=False)
    (3): Conv2d(16, 32, kernel_size=(2, 2), stride=(1, 1))
    (4): ReLU()
    (5): Conv2d(32, 64, kernel_size=(2, 2), stride=(1, 1))
    (6): ReLU()
  )
  (actor): Sequential(
    (0): Linear(in_features=64, out_features=64, bias=True)
    (1): Tanh()
    (2): Linear(in_features=64, out_features=7, bias=True)
  )
  (critic): Sequential(
    (0): Linear(in_features=64, out_features=64, bias=True)
    (1): Tanh()
    (2): Linear(in_features=64, out_features=1, bias=True)
  )
  (extr_critic): Sequential(
    (0): Linear(in_features=64, out_features=64, bias=True)
    (1): Tanh()
    (2): Linear(in_features=64, out_features=1, bias=True)
  )
)

Optimizer loaded

Status saved
Status saved
Status saved
Status saved
U 500 | F 064000 | FPS 0488 | D 149 | rR:μσmM 0.05 0.20 0.00 0.83 | F:μσmM 607.6 125.6 121.0 640.0 | H 1.815 | V -0.267 | pL -0.019 | vL 0.001 | ∇ 0.021
Status saved
Status saved
Status saved
Status saved
Status saved
U 1000 | F 128000 | FPS 0480 | D 299 | rR:μσmM 0.00 0.00 0.00 0.00 | F:μσmM 640.0 0.0 640.0 640.0 | H 1.818 | V -0.387 | pL -0.005 | vL 0.001 | ∇ 0.009
Status saved
Status saved
Status saved
Status saved
Status saved
U 1500 | F 192000 | FPS 0493 | D 447 | rR:μσmM 0.00 0.00 0.00 0.00 | F:μσmM 640.0 0.0 640.0 640.0 | H 1.781 | V -0.380 | pL -0.007 | vL 0.001 | ∇ 0.011
Status saved
Status saved
Status saved
Status saved
Status saved
U 2000 | F 256000 | FPS 0394 | D 595 | rR:μσmM 0.00 0.00 0.00 0.00 | F:μσmM 640.0 0.0 640.0 640.0 | H 1.738 | V -0.370 | pL 0.245 | vL 0.046 | ∇ 0.228
Status saved
Status saved
Status saved
Status saved
Status saved
U 2500 | F 320000 | FPS 0265 | D 744 | rR:μσmM 0.00 0.00 0.00 0.00 | F:μσmM 640.0 0.0 640.0 640.0 | H 1.782 | V -0.336 | pL -0.015 | vL 0.001 | ∇ 0.011
Status saved
Status saved
Status saved
Status saved
Status saved
U 3000 | F 384000 | FPS 0491 | D 891 | rR:μσmM 0.03 0.11 0.00 0.44 | F:μσmM 624.9 58.6 398.0 640.0 | H 1.785 | V -0.362 | pL -0.010 | vL 0.001 | ∇ 0.009
Status saved
Status saved
Status saved
Status saved
Status saved
U 3500 | F 448000 | FPS 0483 | D 1040 | rR:μσmM 0.00 0.00 0.00 0.00 | F:μσmM 640.0 0.0 640.0 640.0 | H 1.759 | V -0.294 | pL -0.003 | vL 0.000 | ∇ 0.010
Status saved
Status saved
Status saved
Status saved
Status saved
U 4000 | F 512000 | FPS 0399 | D 1189 | rR:μσmM 0.09 0.20 0.00 0.72 | F:μσmM 591.9 114.8 200.0 640.0 | H 1.768 | V -0.308 | pL 0.013 | vL 0.005 | ∇ 0.030
Status saved
Status saved
Status saved
Status saved
Status saved
U 4500 | F 576000 | FPS 0447 | D 1341 | rR:μσmM 0.04 0.12 0.00 0.49 | F:μσmM 620.9 66.5 365.0 640.0 | H 1.776 | V -0.343 | pL 0.037 | vL 0.021 | ∇ 0.075
Status saved
Status saved
Status saved
Status saved
Status saved
U 5000 | F 640000 | FPS 0434 | D 1492 | rR:μσmM 0.07 0.22 0.00 0.89 | F:μσmM 596.8 137.5 78.0 640.0 | H 1.802 | V -0.337 | pL -0.001 | vL 0.000 | ∇ 0.009
Status saved
Status saved
Status saved
Status saved
Status saved
U 5500 | F 704000 | FPS 0459 | D 1640 | rR:μσmM 0.08 0.24 0.00 0.92 | F:μσmM 588.8 148.5 59.0 640.0 | H 1.764 | V -0.301 | pL -0.004 | vL 0.001 | ∇ 0.013
Status saved
Status saved
Status saved
Status saved
Status saved
U 6000 | F 768000 | FPS 0463 | D 1787 | rR:μσmM 0.02 0.09 0.00 0.38 | F:μσmM 627.4 48.7 439.0 640.0 | H 1.756 | V -0.319 | pL -0.011 | vL 0.001 | ∇ 0.010
Status saved
Status saved
Status saved
Status saved
Status saved
U 6500 | F 832000 | FPS 0446 | D 1935 | rR:μσmM 0.00 0.00 0.00 0.00 | F:μσmM 640.0 0.0 640.0 640.0 | H 1.762 | V -0.334 | pL 0.016 | vL 0.006 | ∇ 0.030
Status saved
Status saved
Status saved
Status saved
Status saved
U 7000 | F 896000 | FPS 0409 | D 2087 | rR:μσmM 0.10 0.22 0.00 0.66 | F:μσmM 580.6 132.7 241.0 640.0 | H 1.730 | V -0.322 | pL -0.000 | vL 0.005 | ∇ 0.027
Status saved
Status saved
Status saved
Status saved
Status saved
U 7500 | F 960000 | FPS 0490 | D 2237 | rR:μσmM 0.03 0.07 0.00 0.23 | F:μσmM 630.5 25.6 551.0 640.0 | H 1.778 | V -0.289 | pL -0.020 | vL 0.001 | ∇ 0.015
Status saved
Status saved
Status saved
Status saved
Gym has been unmaintained since 2022 and does not support NumPy 2.0 amongst other critical functionality.
Please upgrade to Gymnasium, the maintained drop-in replacement of Gym, or contact the authors of your software and request that they upgrade.
Users of this version of Gym should be able to simply replace 'import gym' with 'import gymnasium as gym' in the vast majority of cases.
See the migration guide at https://gymnasium.farama.org/introduction/migration_guide/ for additional information.
Episodes evaluated: 208
Successes:          0
Success rate:       0.0%
Mean return:        0.0000
SUCCESS_RATE=0.00
[DONE] abl-no_norm-s3: success_rate=0.00%
============================================================
KC-S3R2 SI2E extra seeds (s4, s5) to confirm s3=35.5% outlier
============================================================
============================================================
[RUN] KC-S3R2 SI2E extra seed=4
============================================================
Gym has been unmaintained since 2022 and does not support NumPy 2.0 amongst other critical functionality.
Please upgrade to Gymnasium, the maintained drop-in replacement of Gym, or contact the authors of your software and request that they upgrade.
Users of this version of Gym should be able to simply replace 'import gym' with 'import gymnasium as gym' in the vast majority of cases.
See the migration guide at https://gymnasium.farama.org/introduction/migration_guide/ for additional information.
/workspace/learn-si2e/SI2E/SI2E_A2C/rl-starter-files/rl-starter-files/scripts/train.py --algo a2c --env MiniGrid-KeyCorridorS3R2-v0 --model kc-si2e-s4 --frames 3000000 --use_batch --save-interval 100 --log-interval 500 --seed 4 --use_entropy_reward --use_value_condition --beta 0.005

Namespace(algo='a2c', env='MiniGrid-KeyCorridorS3R2-v0', model='kc-si2e-s4', seed=4, log_interval=500, save_interval=100, procs=16, frames=3000000, epochs=4, batch_size=256, frames_per_proc=None, discount=0.99, lr=0.001, gae_lambda=0.95, entropy_coef=0.01, value_loss_coef=0.5, max_grad_norm=0.5, optim_eps=1e-08, optim_alpha=0.99, clip_eps=0.2, recurrence=1, text=False, use_entropy_reward=True, use_value_condition=True, beta=0.005, use_batch=True, ablation=None, mem=False)

Device: cuda:0

Environments loaded

Training status loaded

Observations preprocessor loaded
Model loaded

ACModel(
  (image_conv): Sequential(
    (0): Conv2d(3, 16, kernel_size=(2, 2), stride=(1, 1))
    (1): ReLU()
    (2): MaxPool2d(kernel_size=(2, 2), stride=(2, 2), padding=0, dilation=1, ceil_mode=False)
    (3): Conv2d(16, 32, kernel_size=(2, 2), stride=(1, 1))
    (4): ReLU()
    (5): Conv2d(32, 64, kernel_size=(2, 2), stride=(1, 1))
    (6): ReLU()
  )
  (actor): Sequential(
    (0): Linear(in_features=64, out_features=64, bias=True)
    (1): Tanh()
    (2): Linear(in_features=64, out_features=7, bias=True)
  )
  (critic): Sequential(
    (0): Linear(in_features=64, out_features=64, bias=True)
    (1): Tanh()
    (2): Linear(in_features=64, out_features=1, bias=True)
  )
  (extr_critic): Sequential(
    (0): Linear(in_features=64, out_features=64, bias=True)
    (1): Tanh()
    (2): Linear(in_features=64, out_features=1, bias=True)
  )
)

Optimizer loaded

Status saved
Status saved
Status saved
Status saved
U 500 | F 064000 | FPS 0460 | D 154 | rR:μσmM 0.01 0.04 0.00 0.17 | F:μσmM 268.8 4.8 250.0 270.0 | H 1.799 | V -0.407 | pL 0.033 | vL 0.006 | ∇ 0.047
Status saved
Status saved
Status saved
Status saved
Status saved
U 1000 | F 128000 | FPS 0476 | D 302 | rR:μσmM 0.00 0.00 0.00 0.00 | F:μσmM 270.0 0.0 270.0 270.0 | H 1.764 | V -0.318 | pL -0.029 | vL 0.001 | ∇ 0.024
Status saved
Status saved
Status saved
Status saved
Status saved
U 1500 | F 192000 | FPS 0258 | D 452 | rR:μσmM 0.00 0.00 0.00 0.00 | F:μσmM 270.0 0.0 270.0 270.0 | H 1.781 | V -0.325 | pL -0.007 | vL 0.001 | ∇ 0.009
Status saved
Status saved
Status saved
Status saved
Status saved
U 2000 | F 256000 | FPS 0457 | D 602 | rR:μσmM 0.00 0.00 0.00 0.00 | F:μσmM 270.0 0.0 270.0 270.0 | H 1.700 | V -0.359 | pL -0.014 | vL 0.001 | ∇ 0.014
Status saved
Status saved
Status saved
Status saved
Status saved
U 2500 | F 320000 | FPS 0449 | D 752 | rR:μσmM 0.00 0.00 0.00 0.00 | F:μσmM 270.0 0.0 270.0 270.0 | H 1.794 | V -0.297 | pL -0.035 | vL 0.001 | ∇ 0.027
Status saved
Status saved
Status saved
Status saved
Status saved
U 3000 | F 384000 | FPS 0406 | D 904 | rR:μσmM 0.00 0.00 0.00 0.00 | F:μσmM 270.0 0.0 270.0 270.0 | H 1.752 | V -0.343 | pL -0.008 | vL 0.001 | ∇ 0.011
Status saved
Status saved
Status saved
Status saved
Status saved
U 3500 | F 448000 | FPS 0390 | D 1057 | rR:μσmM 0.00 0.00 0.00 0.00 | F:μσmM 270.0 0.0 270.0 270.0 | H 1.752 | V -0.350 | pL -0.003 | vL 0.001 | ∇ 0.012
Status saved
Status saved
Status saved
Status saved
Status saved
U 4000 | F 512000 | FPS 0475 | D 1206 | rR:μσmM 0.00 0.00 0.00 0.00 | F:μσmM 270.0 0.0 270.0 270.0 | H 1.777 | V -0.280 | pL -0.017 | vL 0.001 | ∇ 0.016
Status saved
Status saved
Status saved
Status saved
Status saved
U 4500 | F 576000 | FPS 0471 | D 1357 | rR:μσmM 0.01 0.04 0.00 0.18 | F:μσmM 268.5 5.8 246.0 270.0 | H 1.739 | V -0.346 | pL -0.012 | vL 0.002 | ∇ 0.018
Status saved
Status saved
Status saved
Status saved
Status saved
U 5000 | F 640000 | FPS 0464 | D 1508 | rR:μσmM 0.00 0.00 0.00 0.00 | F:μσmM 270.0 0.0 270.0 270.0 | H 1.768 | V -0.302 | pL 0.002 | vL 0.000 | ∇ 0.010
Status saved
Status saved
Status saved
Status saved
Status saved
U 5500 | F 704000 | FPS 0456 | D 1657 | rR:μσmM 0.00 0.00 0.00 0.00 | F:μσmM 270.0 0.0 270.0 270.0 | H 1.771 | V -0.291 | pL -0.009 | vL 0.001 | ∇ 0.012
Status saved
Status saved
Status saved
Status saved
Status saved
U 6000 | F 768000 | FPS 0383 | D 1807 | rR:μσmM 0.00 0.00 0.00 0.00 | F:μσmM 270.0 0.0 270.0 270.0 | H 1.747 | V -0.313 | pL 0.000 | vL 0.000 | ∇ 0.014
Status saved
Status saved
Status saved
Status saved
Status saved
U 6500 | F 832000 | FPS 0443 | D 1958 | rR:μσmM 0.03 0.09 0.00 0.28 | F:μσmM 263.9 16.2 216.0 270.0 | H 1.801 | V -0.286 | pL -0.021 | vL 0.001 | ∇ 0.017
Status saved
Status saved
Status saved
Status saved
Status saved
U 7000 | F 896000 | FPS 0456 | D 2111 | rR:μσmM 0.03 0.10 0.00 0.43 | F:μσmM 263.9 23.7 172.0 270.0 | H 1.750 | V -0.309 | pL -0.009 | vL 0.001 | ∇ 0.023
Status saved
Status saved
Status saved
Status saved
Status saved
U 7500 | F 960000 | FPS 0422 | D 2263 | rR:μσmM 0.03 0.11 0.00 0.44 | F:μσmM 263.6 24.9 167.0 270.0 | H 1.694 | V -0.265 | pL -0.014 | vL 0.001 | ∇ 0.015
Status saved
Status saved
Status saved
Status saved
Status saved
U 8000 | F 1024000 | FPS 0411 | D 2414 | rR:μσmM 0.00 0.00 0.00 0.00 | F:μσmM 270.0 0.0 270.0 270.0 | H 1.735 | V -0.287 | pL -0.012 | vL 0.001 | ∇ 0.011
Status saved
Status saved
Status saved
nohup: ignoring input
============================================================
ABLATION: no_cluster (H4 — remove cluster-level bonus)
============================================================
[SKIP] abl-no_cluster-s1 already complete
[SKIP] abl-no_cluster-s2 already complete
[SKIP] abl-no_cluster-s3 already complete
============================================================
ABLATION: no_norm (H3 — remove relative batch-max normalization)
============================================================
[SKIP] abl-no_norm-s1 already complete
[SKIP] abl-no_norm-s2 already complete
[SKIP] abl-no_norm-s3 already complete
============================================================
KC-S3R2 SI2E extra seeds (s4, s5) to confirm s3=35.5% outlier
============================================================
============================================================
[RUN] KC-S3R2 SI2E extra seed=4
============================================================
Gym has been unmaintained since 2022 and does not support NumPy 2.0 amongst other critical functionality.
Please upgrade to Gymnasium, the maintained drop-in replacement of Gym, or contact the authors of your software and request that they upgrade.
Users of this version of Gym should be able to simply replace 'import gym' with 'import gymnasium as gym' in the vast majority of cases.
See the migration guide at https://gymnasium.farama.org/introduction/migration_guide/ for additional information.
/workspace/learn-si2e/SI2E/SI2E_A2C/rl-starter-files/rl-starter-files/scripts/train.py --algo a2c --env MiniGrid-KeyCorridorS3R2-v0 --model kc-si2e-s4 --frames 3000000 --use_batch --save-interval 100 --log-interval 500 --seed 4 --use_entropy_reward --use_value_condition --beta 0.005

Namespace(algo='a2c', env='MiniGrid-KeyCorridorS3R2-v0', model='kc-si2e-s4', seed=4, log_interval=500, save_interval=100, procs=16, frames=3000000, epochs=4, batch_size=256, frames_per_proc=None, discount=0.99, lr=0.001, gae_lambda=0.95, entropy_coef=0.01, value_loss_coef=0.5, max_grad_norm=0.5, optim_eps=1e-08, optim_alpha=0.99, clip_eps=0.2, recurrence=1, text=False, use_entropy_reward=True, use_value_condition=True, beta=0.005, use_batch=True, ablation=None, mem=False)

Device: cuda:0

Environments loaded

Training status loaded

Observations preprocessor loaded
Model loaded

ACModel(
  (image_conv): Sequential(
    (0): Conv2d(3, 16, kernel_size=(2, 2), stride=(1, 1))
    (1): ReLU()
    (2): MaxPool2d(kernel_size=(2, 2), stride=(2, 2), padding=0, dilation=1, ceil_mode=False)
    (3): Conv2d(16, 32, kernel_size=(2, 2), stride=(1, 1))
    (4): ReLU()
    (5): Conv2d(32, 64, kernel_size=(2, 2), stride=(1, 1))
    (6): ReLU()
  )
  (actor): Sequential(
    (0): Linear(in_features=64, out_features=64, bias=True)
    (1): Tanh()
    (2): Linear(in_features=64, out_features=7, bias=True)
  )
  (critic): Sequential(
    (0): Linear(in_features=64, out_features=64, bias=True)
    (1): Tanh()
    (2): Linear(in_features=64, out_features=1, bias=True)
  )
  (extr_critic): Sequential(
    (0): Linear(in_features=64, out_features=64, bias=True)
    (1): Tanh()
    (2): Linear(in_features=64, out_features=1, bias=True)
  )
)

Optimizer loaded

Status saved
Status saved
U 8500 | F 1088000 | FPS 0457 | D 84 | rR:μσmM 0.00 0.00 0.00 0.00 | F:μσmM 270.0 0.0 270.0 270.0 | H 1.776 | V -0.294 | pL -0.009 | vL 0.001 | ∇ 0.011
Status saved
Status saved
Status saved
Status saved
Status saved
U 9000 | F 1152000 | FPS 0473 | D 231 | rR:μσmM 0.00 0.00 0.00 0.00 | F:μσmM 270.0 0.0 270.0 270.0 | H 1.736 | V -0.285 | pL -0.001 | vL 0.001 | ∇ 0.024
Status saved
Status saved
Status saved
Status saved
Status saved
U 9500 | F 1216000 | FPS 0454 | D 383 | rR:μσmM 0.00 0.00 0.00 0.00 | F:μσmM 270.0 0.0 270.0 270.0 | H 1.772 | V -0.278 | pL -0.005 | vL 0.001 | ∇ 0.012
Status saved
Status saved
Status saved
Status saved
Status saved
U 10000 | F 1280000 | FPS 0430 | D 541 | rR:μσmM 0.00 0.00 0.00 0.00 | F:μσmM 270.0 0.0 270.0 270.0 | H 1.744 | V -0.257 | pL 0.029 | vL 0.004 | ∇ 0.038
Status saved
Status saved
Status saved
Status saved
Status saved
U 10500 | F 1344000 | FPS 0440 | D 697 | rR:μσmM 0.00 0.00 0.00 0.00 | F:μσmM 270.0 0.0 270.0 270.0 | H 1.754 | V -0.271 | pL 0.001 | vL 0.001 | ∇ 0.015
Status saved
Status saved
Status saved
Status saved
Status saved
U 11000 | F 1408000 | FPS 0378 | D 857 | rR:μσmM 0.01 0.05 0.00 0.19 | F:μσmM 268.2 6.8 242.0 270.0 | H 1.735 | V -0.294 | pL 0.011 | vL 0.002 | ∇ 0.025
Status saved
Status saved
Status saved
Status saved
Status saved
U 11500 | F 1472000 | FPS 0453 | D 1015 | rR:μσmM 0.01 0.04 0.00 0.17 | F:μσmM 268.7 5.1 249.0 270.0 | H 1.708 | V -0.268 | pL -0.008 | vL 0.001 | ∇ 0.013
Status saved
Status saved
Status saved
Status saved
Status saved
U 12000 | F 1536000 | FPS 0418 | D 1174 | rR:μσmM 0.00 0.00 0.00 0.00 | F:μσmM 270.0 0.0 270.0 270.0 | H 1.774 | V -0.287 | pL 0.003 | vL 0.001 | ∇ 0.013
Status saved
Status saved
Status saved
Status saved
Status saved
U 12500 | F 1600000 | FPS 0442 | D 1337 | rR:μσmM 0.05 0.19 0.00 0.78 | F:μσmM 257.3 49.1 67.0 270.0 | H 1.756 | V -0.260 | pL -0.020 | vL 0.001 | ∇ 0.017
Status saved
Status saved
Status saved
Status saved
Status saved
U 13000 | F 1664000 | FPS 0428 | D 1502 | rR:μσmM 0.05 0.13 0.00 0.49 | F:μσmM 259.9 29.4 154.0 270.0 | H 1.710 | V -0.246 | pL -0.001 | vL 0.000 | ∇ 0.009
Status saved
Status saved
Status saved
Status saved
Status saved
U 13500 | F 1728000 | FPS 0369 | D 1665 | rR:μσmM 0.09 0.19 0.00 0.60 | F:μσmM 251.1 46.1 119.0 270.0 | H 1.768 | V -0.238 | pL -0.032 | vL 0.001 | ∇ 0.021
Status saved
Status saved
Status saved
Status saved
Status saved
U 14000 | F 1792000 | FPS 0397 | D 1834 | rR:μσmM 0.11 0.25 0.00 0.77 | F:μσmM 241.5 63.4 68.0 270.0 | H 1.717 | V -0.231 | pL 0.012 | vL 0.003 | ∇ 0.026
Status saved
Status saved
Status saved
Status saved
Status saved
U 14500 | F 1856000 | FPS 0396 | D 2008 | rR:μσmM 0.12 0.21 0.00 0.70 | F:μσmM 243.7 52.4 91.0 270.0 | H 1.741 | V -0.218 | pL 0.002 | vL 0.003 | ∇ 0.045
Status saved
Status saved
Status saved
Status saved
Status saved
U 15000 | F 1920000 | FPS 0399 | D 2174 | rR:μσmM 0.08 0.17 0.00 0.62 | F:μσmM 252.8 41.0 115.0 270.0 | H 1.712 | V -0.256 | pL 0.001 | vL 0.001 | ∇ 0.013
Status saved
Status saved
Status saved
Status saved
Status saved
U 15500 | F 1984000 | FPS 0367 | D 2340 | rR:μσmM 0.15 0.31 0.00 0.89 | F:μσmM 230.8 82.2 32.0 270.0 | H 1.722 | V -0.207 | pL -0.032 | vL 0.001 | ∇ 0.026
Status saved
Status saved
Status saved
Status saved
Status saved
U 16000 | F 2048000 | FPS 0367 | D 2506 | rR:μσmM 0.12 0.26 0.00 0.81 | F:μσmM 239.9 65.7 57.0 270.0 | H 1.735 | V -0.226 | pL -0.004 | vL 0.001 | ∇ 0.025
Status saved
Status saved
Status saved
Status saved
Status saved
U 16500 | F 2112000 | FPS 0394 | D 2671 | rR:μσmM 0.22 0.28 0.00 0.88 | F:μσmM 216.1 71.0 37.0 270.0 | H 1.662 | V -0.203 | pL 0.020 | vL 0.010 | ∇ 0.078
Status saved
Status saved
Status saved
Status saved
Status saved
U 17000 | F 2176000 | FPS 0441 | D 2837 | rR:μσmM 0.16 0.27 0.00 0.77 | F:μσmM 229.9 68.6 68.0 270.0 | H 1.715 | V -0.222 | pL -0.021 | vL 0.001 | ∇ 0.022
Status saved
Status saved
Status saved
Status saved
Status saved
U 17500 | F 2240000 | FPS 0375 | D 3004 | rR:μσmM 0.33 0.37 0.00 0.87 | F:μσmM 186.2 97.2 39.0 270.0 | H 1.689 | V -0.124 | pL -0.007 | vL 0.001 | ∇ 0.033
Status saved
Status saved
Status saved
Status saved
Status saved
U 18000 | F 2304000 | FPS 0374 | D 3168 | rR:μσmM 0.25 0.32 0.00 0.85 | F:μσmM 209.2 81.8 46.0 270.0 | H 1.707 | V -0.231 | pL -0.001 | vL 0.001 | ∇ 0.029
Status saved
Status saved
Status saved
Status saved
Status saved
U 18500 | F 2368000 | FPS 0446 | D 3333 | rR:μσmM 0.41 0.35 0.00 0.90 | F:μσmM 166.9 93.3 29.0 270.0 | H 1.662 | V -0.112 | pL -0.037 | vL 0.002 | ∇ 0.052
Status saved
Status saved
Status saved
Status saved
Status saved
U 19000 | F 2432000 | FPS 0404 | D 3498 | rR:μσmM 0.57 0.36 0.00 0.91 | F:μσmM 122.9 96.1 27.0 270.0 | H 1.505 | V 0.039 | pL -0.015 | vL 0.002 | ∇ 0.041
Status saved
Status saved
Status saved
Status saved
Status saved
U 19500 | F 2496000 | FPS 0450 | D 3666 | rR:μσmM 0.39 0.39 0.00 0.90 | F:μσmM 169.9 105.5 31.0 270.0 | H 1.563 | V -0.082 | pL 0.017 | vL 0.015 | ∇ 0.082
Status saved
Status saved
Status saved
Status saved
Status saved
U 20000 | F 2560000 | FPS 0385 | D 3834 | rR:μσmM 0.37 0.37 0.00 0.91 | F:μσmM 174.8 97.6 28.0 270.0 | H 1.608 | V -0.039 | pL 0.014 | vL 0.020 | ∇ 0.280
Status saved
Status saved
Status saved
Status saved
Status saved
U 20500 | F 2624000 | FPS 0258 | D 4000 | rR:μσmM 0.27 0.34 0.00 0.93 | F:μσmM 202.7 89.0 22.0 270.0 | H 1.484 | V -0.063 | pL 0.028 | vL 0.013 | ∇ 0.095
Status saved
Status saved
Status saved
Status saved
Status saved
U 21000 | F 2688000 | FPS 0360 | D 4170 | rR:μσmM 0.44 0.35 0.00 0.87 | F:μσmM 159.3 94.8 38.0 270.0 | H 1.547 | V 0.009 | pL -0.021 | vL 0.007 | ∇ 0.123
Status saved
Status saved
Status saved
Status saved
Status saved
U 21500 | F 2752000 | FPS 0383 | D 4338 | rR:μσmM 0.54 0.35 0.00 0.91 | F:μσmM 130.8 92.1 27.0 270.0 | H 1.545 | V -0.022 | pL 0.002 | vL 0.009 | ∇ 0.095
Status saved
Status saved
Status saved
Status saved
Status saved
U 22000 | F 2816000 | FPS 0268 | D 4504 | rR:μσmM 0.35 0.32 0.00 0.91 | F:μσmM 183.2 85.3 27.0 270.0 | H 1.559 | V -0.033 | pL -0.031 | vL 0.003 | ∇ 0.050
Status saved
Status saved
Status saved
Status saved
Status saved
U 22500 | F 2880000 | FPS 0403 | D 4673 | rR:μσmM 0.65 0.29 0.00 0.93 | F:μσmM 101.4 78.7 21.0 270.0 | H 1.418 | V 0.139 | pL 0.007 | vL 0.029 | ∇ 0.154
Status saved
Status saved
Status saved
Status saved
Status saved
U 23000 | F 2944000 | FPS 0391 | D 4840 | rR:μσmM 0.72 0.28 0.00 0.92 | F:μσmM 79.9 74.9 24.0 270.0 | H 1.286 | V 0.244 | pL -0.004 | vL 0.022 | ∇ 0.157
Status saved
Status saved
Status saved
Status saved
Status saved
Gym has been unmaintained since 2022 and does not support NumPy 2.0 amongst other critical functionality.
Please upgrade to Gymnasium, the maintained drop-in replacement of Gym, or contact the authors of your software and request that they upgrade.
Users of this version of Gym should be able to simply replace 'import gym' with 'import gymnasium as gym' in the vast majority of cases.
See the migration guide at https://gymnasium.farama.org/introduction/migration_guide/ for additional information.
Episodes evaluated: 200
Successes:          80
Success rate:       40.0%
Mean return:        0.3683
SUCCESS_RATE=40.00
[DONE] kc-si2e-s4: success_rate=40.00%
============================================================
[RUN] KC-S3R2 SI2E extra seed=5
============================================================
Gym has been unmaintained since 2022 and does not support NumPy 2.0 amongst other critical functionality.
Please upgrade to Gymnasium, the maintained drop-in replacement of Gym, or contact the authors of your software and request that they upgrade.
Users of this version of Gym should be able to simply replace 'import gym' with 'import gymnasium as gym' in the vast majority of cases.
See the migration guide at https://gymnasium.farama.org/introduction/migration_guide/ for additional information.
/workspace/learn-si2e/SI2E/SI2E_A2C/rl-starter-files/rl-starter-files/scripts/train.py --algo a2c --env MiniGrid-KeyCorridorS3R2-v0 --model kc-si2e-s5 --frames 3000000 --use_batch --save-interval 100 --log-interval 500 --seed 5 --use_entropy_reward --use_value_condition --beta 0.005

Namespace(algo='a2c', env='MiniGrid-KeyCorridorS3R2-v0', model='kc-si2e-s5', seed=5, log_interval=500, save_interval=100, procs=16, frames=3000000, epochs=4, batch_size=256, frames_per_proc=None, discount=0.99, lr=0.001, gae_lambda=0.95, entropy_coef=0.01, value_loss_coef=0.5, max_grad_norm=0.5, optim_eps=1e-08, optim_alpha=0.99, clip_eps=0.2, recurrence=1, text=False, use_entropy_reward=True, use_value_condition=True, beta=0.005, use_batch=True, ablation=None, mem=False)

Device: cuda:0

Environments loaded

Training status loaded

Observations preprocessor loaded
Model loaded

ACModel(
  (image_conv): Sequential(
    (0): Conv2d(3, 16, kernel_size=(2, 2), stride=(1, 1))
    (1): ReLU()
    (2): MaxPool2d(kernel_size=(2, 2), stride=(2, 2), padding=0, dilation=1, ceil_mode=False)
    (3): Conv2d(16, 32, kernel_size=(2, 2), stride=(1, 1))
    (4): ReLU()
    (5): Conv2d(32, 64, kernel_size=(2, 2), stride=(1, 1))
    (6): ReLU()
  )
  (actor): Sequential(
    (0): Linear(in_features=64, out_features=64, bias=True)
    (1): Tanh()
    (2): Linear(in_features=64, out_features=7, bias=True)
  )
  (critic): Sequential(
    (0): Linear(in_features=64, out_features=64, bias=True)
    (1): Tanh()
    (2): Linear(in_features=64, out_features=1, bias=True)
  )
  (extr_critic): Sequential(
    (0): Linear(in_features=64, out_features=64, bias=True)
    (1): Tanh()
    (2): Linear(in_features=64, out_features=1, bias=True)
  )
)

Optimizer loaded

Status saved
Status saved
Status saved
Status saved
U 500 | F 064000 | FPS 0440 | D 167 | rR:μσmM 0.01 0.05 0.00 0.22 | F:μσmM 267.8 8.5 235.0 270.0 | H 1.786 | V -0.446 | pL 0.011 | vL 0.001 | ∇ 0.018
Status saved
Status saved
Status saved
Status saved
Status saved
U 1000 | F 128000 | FPS 0326 | D 361 | rR:μσmM 0.03 0.13 0.00 0.53 | F:μσmM 261.9 31.2 141.0 270.0 | H 1.802 | V -0.325 | pL 0.020 | vL 0.006 | ∇ 0.031
Status saved
Status saved
Status saved
Status saved
Status saved
U 1500 | F 192000 | FPS 0337 | D 560 | rR:μσmM 0.00 0.00 0.00 0.00 | F:μσmM 270.0 0.0 270.0 270.0 | H 1.775 | V -0.345 | pL 0.034 | vL 0.005 | ∇ 0.035
Status saved
Status saved
Status saved
Status saved
Status saved
U 2000 | F 256000 | FPS 0374 | D 758 | rR:μσmM 0.00 0.00 0.00 0.00 | F:μσmM 270.0 0.0 270.0 270.0 | H 1.741 | V -0.394 | pL -0.025 | vL 0.001 | ∇ 0.019
Status saved
Status saved
Status saved
Status saved
Status saved
U 2500 | F 320000 | FPS 0304 | D 958 | rR:μσmM 0.00 0.00 0.00 0.00 | F:μσmM 270.0 0.0 270.0 270.0 | H 1.811 | V -0.330 | pL -0.023 | vL 0.001 | ∇ 0.019
Status saved
Status saved
Status saved
Status saved
Status saved
U 3000 | F 384000 | FPS 0361 | D 1156 | rR:μσmM 0.01 0.03 0.00 0.14 | F:μσmM 269.2 2.9 258.0 270.0 | H 1.756 | V -0.296 | pL -0.002 | vL 0.000 | ∇ 0.008
Status saved
Status saved
Status saved
Status saved
Status saved
U 3500 | F 448000 | FPS 0315 | D 1356 | rR:μσmM 0.00 0.00 0.00 0.00 | F:μσmM 270.0 0.0 270.0 270.0 | H 1.807 | V -0.356 | pL 0.002 | vL 0.003 | ∇ 0.023
Status saved
Status saved
Status saved
Status saved
Status saved
U 4000 | F 512000 | FPS 0332 | D 1554 | rR:μσmM 0.01 0.05 0.00 0.21 | F:μσmM 267.9 8.2 236.0 270.0 | H 1.787 | V -0.341 | pL -0.005 | vL 0.001 | ∇ 0.013
Status saved
Status saved
Status saved
Status saved
Status saved
U 4500 | F 576000 | FPS 0306 | D 1751 | rR:μσmM 0.00 0.00 0.00 0.00 | F:μσmM 270.0 0.0 270.0 270.0 | H 1.808 | V -0.306 | pL -0.019 | vL 0.001 | ∇ 0.017
Status saved
Status saved
Status saved
Status saved
Status saved
U 5000 | F 640000 | FPS 0348 | D 1950 | rR:μσmM 0.00 0.00 0.00 0.00 | F:μσmM 270.0 0.0 270.0 270.0 | H 1.787 | V -0.319 | pL -0.014 | vL 0.001 | ∇ 0.013
Status saved
Status saved
Status saved
Status saved
Status saved
U 5500 | F 704000 | FPS 0328 | D 2148 | rR:μσmM 0.06 0.17 0.00 0.66 | F:μσmM 256.6 41.7 101.0 270.0 | H 1.784 | V -0.232 | pL -0.022 | vL 0.001 | ∇ 0.021
Status saved
Status saved
Status saved
Status saved
Status saved
U 6000 | F 768000 | FPS 0318 | D 2345 | rR:μσmM 0.09 0.18 0.00 0.53 | F:μσmM 249.7 42.8 140.0 270.0 | H 1.746 | V -0.265 | pL -0.015 | vL 0.002 | ∇ 0.028
Status saved
Status saved
Status saved
Status saved
Status saved
U 6500 | F 832000 | FPS 0288 | D 2542 | rR:μσmM 0.00 0.00 0.00 0.00 | F:μσmM 270.0 0.0 270.0 270.0 | H 1.717 | V -0.273 | pL 0.019 | vL 0.003 | ∇ 0.035
Status saved
Status saved
Status saved
Status saved
Status saved
U 7000 | F 896000 | FPS 0318 | D 2741 | rR:μσmM 0.11 0.20 0.00 0.55 | F:μσmM 244.4 46.2 134.0 270.0 | H 1.748 | V -0.232 | pL 0.023 | vL 0.004 | ∇ 0.054
Status saved
Status saved
Status saved
Status saved
Status saved
U 7500 | F 960000 | FPS 0355 | D 2941 | rR:μσmM 0.13 0.22 0.00 0.61 | F:μσmM 240.9 53.1 118.0 270.0 | H 1.732 | V -0.224 | pL -0.004 | vL 0.001 | ∇ 0.017
Status saved
Status saved
Status saved
Status saved
Status saved
U 8000 | F 1024000 | FPS 0330 | D 3140 | rR:μσmM 0.06 0.16 0.00 0.63 | F:μσmM 257.1 39.2 112.0 270.0 | H 1.766 | V -0.329 | pL 0.014 | vL 0.005 | ∇ 0.034
Status saved
Status saved
Status saved
Status saved
Status saved
U 8500 | F 1088000 | FPS 0304 | D 3339 | rR:μσmM 0.07 0.20 0.00 0.80 | F:μσmM 253.7 50.9 59.0 270.0 | H 1.733 | V -0.280 | pL -0.015 | vL 0.004 | ∇ 0.050
Status saved
Status saved
Status saved
Status saved
Status saved
U 9000 | F 1152000 | FPS 0312 | D 3537 | rR:μσmM 0.08 0.16 0.00 0.56 | F:μσmM 252.7 36.0 133.0 270.0 | H 1.710 | V -0.227 | pL -0.025 | vL 0.001 | ∇ 0.028
Status saved
Status saved
Status saved
Status saved
Status saved
U 9500 | F 1216000 | FPS 0353 | D 3736 | rR:μσmM 0.18 0.23 0.00 0.74 | F:μσmM 229.6 57.6 77.0 270.0 | H 1.739 | V -0.187 | pL -0.001 | vL 0.001 | ∇ 0.020
Status saved
Status saved
Status saved
Status saved
Status saved
U 10000 | F 1280000 | FPS 0330 | D 3933 | rR:μσmM 0.19 0.24 0.00 0.77 | F:μσmM 229.1 59.6 70.0 270.0 | H 1.714 | V -0.199 | pL -0.015 | vL 0.002 | ∇ 0.036
Status saved
Status saved
Status saved
Status saved
Status saved
U 10500 | F 1344000 | FPS 0216 | D 4131 | rR:μσmM 0.28 0.32 0.00 0.79 | F:μσmM 199.6 83.6 64.0 270.0 | H 1.699 | V -0.191 | pL -0.005 | vL 0.004 | ∇ 0.066
Status saved
Status saved
Status saved
Status saved
Status saved
U 11000 | F 1408000 | FPS 0391 | D 4319 | rR:μσmM 0.50 0.32 0.00 0.82 | F:μσmM 141.1 84.5 54.0 270.0 | H 1.667 | V -0.131 | pL -0.032 | vL 0.001 | ∇ 0.049
Status saved
Status saved
Status saved
Status saved
Status saved
U 11500 | F 1472000 | FPS 0349 | D 4501 | rR:μσmM 0.43 0.37 0.00 0.92 | F:μσmM 158.4 96.4 23.0 270.0 | H 1.581 | V -0.066 | pL -0.012 | vL 0.002 | ∇ 0.053
Status saved
Status saved
Status saved
Status saved
Status saved
U 12000 | F 1536000 | FPS 0371 | D 4683 | rR:μσmM 0.40 0.38 0.00 0.89 | F:μσmM 168.1 102.0 33.0 270.0 | H 1.540 | V 0.045 | pL -0.035 | vL 0.003 | ∇ 0.077
Status saved
Status saved
Status saved
Status saved
Status saved
U 12500 | F 1600000 | FPS 0346 | D 4866 | rR:μσmM 0.75 0.14 0.41 0.90 | F:μσmM 75.8 43.4 29.0 176.0 | H 1.484 | V 0.166 | pL -0.014 | vL 0.006 | ∇ 0.122
Status saved
Status saved
Status saved
Status saved
Status saved
U 13000 | F 1664000 | FPS 0394 | D 5050 | rR:μσmM 0.76 0.12 0.44 0.89 | F:μσmM 70.6 37.0 32.0 168.0 | H 1.340 | V 0.461 | pL -0.014 | vL 0.005 | ∇ 0.089
Status saved
Status saved
Status saved
Status saved
Status saved
U 13500 | F 1728000 | FPS 0404 | D 5231 | rR:μσmM 0.77 0.24 0.00 0.92 | F:μσmM 66.1 65.0 23.0 270.0 | H 1.290 | V 0.479 | pL -0.040 | vL 0.014 | ∇ 0.181
Status saved
Status saved
Status saved
Status saved
Status saved
U 14000 | F 1792000 | FPS 0356 | D 5415 | rR:μσmM 0.88 0.04 0.80 0.93 | F:μσmM 36.5 10.9 22.0 61.0 | H 1.129 | V 0.636 | pL 0.004 | vL 0.005 | ∇ 0.137
Status saved
Status saved
Status saved
Status saved
Status saved
U 14500 | F 1856000 | FPS 0333 | D 5598 | rR:μσmM 0.85 0.04 0.72 0.89 | F:μσmM 45.2 11.9 32.0 83.0 | H 1.223 | V 0.604 | pL -0.035 | vL 0.002 | ∇ 0.097
Status saved
Status saved
Status saved
Status saved
Status saved
U 15000 | F 1920000 | FPS 0359 | D 5781 | rR:μσmM 0.88 0.06 0.71 0.92 | F:μσmM 37.2 16.6 24.0 88.0 | H 1.193 | V 0.629 | pL -0.002 | vL 0.004 | ∇ 0.184
Status saved
Status saved
Status saved
Status saved
Status saved
U 15500 | F 1984000 | FPS 0228 | D 5964 | rR:μσmM 0.87 0.07 0.66 0.94 | F:μσmM 40.2 19.7 19.0 103.0 | H 1.187 | V 0.645 | pL -0.003 | vL 0.004 | ∇ 0.077
Status saved
Status saved
Status saved
Status saved
Status saved
U 16000 | F 2048000 | FPS 0339 | D 6145 | rR:μσmM 0.88 0.05 0.69 0.92 | F:μσmM 37.2 15.7 25.0 93.0 | H 1.076 | V 0.690 | pL -0.034 | vL 0.006 | ∇ 0.102
Status saved
Status saved
Status saved
Status saved
Status saved
U 16500 | F 2112000 | FPS 0395 | D 6328 | rR:μσmM 0.89 0.03 0.80 0.93 | F:μσmM 33.6 9.4 21.0 59.0 | H 1.223 | V 0.675 | pL 0.001 | vL 0.002 | ∇ 0.060
Status saved
Status saved
Status saved
Status saved
Status saved
U 17000 | F 2176000 | FPS 0366 | D 6510 | rR:μσmM 0.89 0.03 0.82 0.93 | F:μσmM 33.9 8.7 20.0 53.0 | H 1.094 | V 0.675 | pL -0.005 | vL 0.002 | ∇ 0.179
Status saved
Status saved
Status saved
Status saved
Status saved
U 17500 | F 2240000 | FPS 0380 | D 6695 | rR:μσmM 0.87 0.04 0.77 0.94 | F:μσmM 37.8 12.6 18.0 69.0 | H 1.173 | V 0.650 | pL -0.002 | vL 0.002 | ∇ 0.053
Status saved
Status saved
Status saved
Status saved
Status saved
U 18000 | F 2304000 | FPS 0240 | D 6878 | rR:μσmM 0.88 0.06 0.67 0.93 | F:μσmM 37.0 18.7 21.0 99.0 | H 1.199 | V 0.656 | pL -0.004 | vL 0.003 | ∇ 0.247
Status saved
Status saved
Status saved
Status saved
Status saved
U 18500 | F 2368000 | FPS 0331 | D 7062 | rR:μσmM 0.88 0.03 0.83 0.94 | F:μσmM 36.6 9.4 19.0 51.0 | H 1.158 | V 0.681 | pL -0.025 | vL 0.003 | ∇ 0.072
Status saved
Status saved
Status saved
Status saved
Status saved
U 19000 | F 2432000 | FPS 0348 | D 7246 | rR:μσmM 0.85 0.17 0.21 0.93 | F:μσmM 45.2 50.5 22.0 238.0 | H 1.124 | V 0.671 | pL -0.019 | vL 0.003 | ∇ 0.062
Status saved
Status saved
Status saved
Status saved
Status saved
U 19500 | F 2496000 | FPS 0368 | D 7428 | rR:μσmM 0.88 0.04 0.80 0.94 | F:μσmM 35.3 10.9 17.0 60.0 | H 1.179 | V 0.705 | pL -0.029 | vL 0.003 | ∇ 0.080
Status saved
Status saved
Status saved
Status saved
Status saved
U 20000 | F 2560000 | FPS 0352 | D 7612 | rR:μσmM 0.89 0.04 0.80 0.94 | F:μσmM 33.7 11.6 17.0 59.0 | H 1.101 | V 0.683 | pL -0.014 | vL 0.002 | ∇ 0.073
Status saved
Status saved
Status saved
Status saved
Status saved
U 20500 | F 2624000 | FPS 0372 | D 7796 | rR:μσmM 0.90 0.03 0.83 0.94 | F:μσmM 28.9 9.0 17.0 50.0 | H 1.069 | V 0.640 | pL -0.007 | vL 0.002 | ∇ 0.077
Status saved
Status saved
Status saved
Status saved
Status saved
U 21000 | F 2688000 | FPS 0372 | D 7979 | rR:μσmM 0.89 0.02 0.86 0.95 | F:μσmM 32.0 7.4 15.0 43.0 | H 1.071 | V 0.733 | pL -0.007 | vL 0.002 | ∇ 0.061
Status saved
Status saved
Status saved
Status saved
Status saved
U 21500 | F 2752000 | FPS 0361 | D 8165 | rR:μσmM 0.87 0.03 0.82 0.92 | F:μσmM 37.7 10.5 23.0 55.0 | H 1.278 | V 0.656 | pL -0.038 | vL 0.003 | ∇ 0.092
Status saved
Status saved
Status saved
Status saved
Status saved
U 22000 | F 2816000 | FPS 0335 | D 8348 | rR:μσmM 0.89 0.04 0.79 0.94 | F:μσmM 32.1 12.2 19.0 64.0 | H 1.139 | V 0.738 | pL -0.014 | vL 0.002 | ∇ 0.062
Status saved
Status saved
Status saved
Status saved
Status saved
U 22500 | F 2880000 | FPS 0395 | D 8532 | rR:μσmM 0.89 0.04 0.81 0.94 | F:μσmM 32.5 13.0 17.0 58.0 | H 1.201 | V 0.699 | pL -0.021 | vL 0.003 | ∇ 0.060
Status saved
Status saved
Status saved
Status saved
Status saved
U 23000 | F 2944000 | FPS 0403 | D 8719 | rR:μσmM 0.88 0.05 0.77 0.94 | F:μσmM 35.5 15.7 19.0 70.0 | H 1.289 | V 0.630 | pL -0.030 | vL 0.003 | ∇ 0.079
Status saved
Status saved
Status saved
Status saved
Status saved
Gym has been unmaintained since 2022 and does not support NumPy 2.0 amongst other critical functionality.
Please upgrade to Gymnasium, the maintained drop-in replacement of Gym, or contact the authors of your software and request that they upgrade.
Users of this version of Gym should be able to simply replace 'import gym' with 'import gymnasium as gym' in the vast majority of cases.
See the migration guide at https://gymnasium.farama.org/introduction/migration_guide/ for additional information.
Episodes evaluated: 200
Successes:          200
Success rate:       100.0%
Mean return:        0.9256
SUCCESS_RATE=100.00
[DONE] kc-si2e-s5: success_rate=100.00%

============================================================
ABLATION SUMMARY
============================================================
ablation,seed,success_rate_pct,mean_return,frames
no_cluster,1,0.00,0.0000,960000
no_cluster,2,0.00,0.0000,960000
no_cluster,3,0.00,0.0000,960000
no_norm,1,0.00,0.0000,960000
no_norm,2,66.50,0.6487,960000
no_norm,3,0.00,0.0000,960000

=== DK-8x8 Ablation Results (1M frames, 3 seeds each) ===
Baseline reference (from results/a2c-multiseed/summary.csv):
  VCSE:  97.8% mean, std=3.1  (5 seeds, 3M frames)
  SI2E: 100.0% mean, std=0.0  (5 seeds, 3M frames)

Ablations (1M frames — expect slightly lower absolute values):
Ablation      | Seeds | Mean SR%  | Std   | Interpretation
--------------|-------|-----------|-------|---------------
no_cluster    |     3 |      0.00 |  0.00 | low variance  → this component NOT key
no_norm       |     3 |     22.17 | 38.39 | HIGH variance → this component matters

=== KC-S3R2 SI2E Extended Seeds ===
  seed=1: 62.5%
  seed=2: 99.5%
  seed=3: 35.5%
  seed=4: 40.0%
  seed=5: 100.0%
  Mean: 67.5%  Std: 31.2
