=== DK-8x8: original SI2E vs FastSI2E  (seeds 2 at a time) ===
========================================================
[RUN] method=si2e  env=DoorKey-8x8  seed=1  frames=1000000
========================================================
========================================================
[RUN] method=si2e  env=DoorKey-8x8  seed=2  frames=1000000
========================================================
Gym has been unmaintained since 2022 and does not support NumPy 2.0 amongst other critical functionality.
Please upgrade to Gymnasium, the maintained drop-in replacement of Gym, or contact the authors of your software and request that they upgrade.
Users of this version of Gym should be able to simply replace 'import gym' with 'import gymnasium as gym' in the vast majority of cases.
See the migration guide at https://gymnasium.farama.org/introduction/migration_guide/ for additional information.
Gym has been unmaintained since 2022 and does not support NumPy 2.0 amongst other critical functionality.
Please upgrade to Gymnasium, the maintained drop-in replacement of Gym, or contact the authors of your software and request that they upgrade.
Users of this version of Gym should be able to simply replace 'import gym' with 'import gymnasium as gym' in the vast majority of cases.
See the migration guide at https://gymnasium.farama.org/introduction/migration_guide/ for additional information.
/workspace/learn-si2e/SI2E/SI2E_A2C/rl-starter-files/rl-starter-files/scripts/train.py --env MiniGrid-DoorKey-8x8-v0 --model fastse-si2e-DoorKey-8x8-s1 --frames 1000000 --use_batch --save-interval 0 --log-interval 500 --seed 1 --algo a2c --use_entropy_reward --use_value_condition --beta 0.005

Namespace(algo='a2c', env='MiniGrid-DoorKey-8x8-v0', model='fastse-si2e-DoorKey-8x8-s1', seed=1, log_interval=500, save_interval=0, procs=16, frames=1000000, epochs=4, batch_size=256, frames_per_proc=None, discount=0.99, lr=0.001, gae_lambda=0.95, entropy_coef=0.01, value_loss_coef=0.5, max_grad_norm=0.5, optim_eps=1e-08, optim_alpha=0.99, clip_eps=0.2, recurrence=1, text=False, use_entropy_reward=True, use_value_condition=True, beta=0.005, beta_adaptive=False, fast_se=False, use_batch=True, ablation=None, mem=False)

Device: cuda:0

Environments loaded

Training status loaded

Observations preprocessor loaded
/workspace/learn-si2e/SI2E/SI2E_A2C/rl-starter-files/rl-starter-files/scripts/train.py --env MiniGrid-DoorKey-8x8-v0 --model fastse-si2e-DoorKey-8x8-s2 --frames 1000000 --use_batch --save-interval 0 --log-interval 500 --seed 2 --algo a2c --use_entropy_reward --use_value_condition --beta 0.005

Namespace(algo='a2c', env='MiniGrid-DoorKey-8x8-v0', model='fastse-si2e-DoorKey-8x8-s2', seed=2, log_interval=500, save_interval=0, procs=16, frames=1000000, epochs=4, batch_size=256, frames_per_proc=None, discount=0.99, lr=0.001, gae_lambda=0.95, entropy_coef=0.01, value_loss_coef=0.5, max_grad_norm=0.5, optim_eps=1e-08, optim_alpha=0.99, clip_eps=0.2, recurrence=1, text=False, use_entropy_reward=True, use_value_condition=True, beta=0.005, beta_adaptive=False, fast_se=False, use_batch=True, ablation=None, mem=False)

Device: cuda:0

Environments loaded

Training status loaded

Observations preprocessor loaded
Model loaded

ACModel(
  (image_conv): Sequential(
    (0): Conv2d(3, 16, kernel_size=(2, 2), stride=(1, 1))
    (1): ReLU()
    (2): MaxPool2d(kernel_size=(2, 2), stride=(2, 2), padding=0, dilation=1, ceil_mode=False)
    (3): Conv2d(16, 32, kernel_size=(2, 2), stride=(1, 1))
    (4): ReLU()
    (5): Conv2d(32, 64, kernel_size=(2, 2), stride=(1, 1))
    (6): ReLU()
  )
  (actor): Sequential(
    (0): Linear(in_features=64, out_features=64, bias=True)
    (1): Tanh()
    (2): Linear(in_features=64, out_features=7, bias=True)
  )
  (critic): Sequential(
    (0): Linear(in_features=64, out_features=64, bias=True)
    (1): Tanh()
    (2): Linear(in_features=64, out_features=1, bias=True)
  )
  (extr_critic): Sequential(
    (0): Linear(in_features=64, out_features=64, bias=True)
    (1): Tanh()
    (2): Linear(in_features=64, out_features=1, bias=True)
  )
)

Model loaded

ACModel(
  (image_conv): Sequential(
    (0): Conv2d(3, 16, kernel_size=(2, 2), stride=(1, 1))
    (1): ReLU()
    (2): MaxPool2d(kernel_size=(2, 2), stride=(2, 2), padding=0, dilation=1, ceil_mode=False)
    (3): Conv2d(16, 32, kernel_size=(2, 2), stride=(1, 1))
    (4): ReLU()
    (5): Conv2d(32, 64, kernel_size=(2, 2), stride=(1, 1))
    (6): ReLU()
  )
  (actor): Sequential(
    (0): Linear(in_features=64, out_features=64, bias=True)
    (1): Tanh()
    (2): Linear(in_features=64, out_features=7, bias=True)
  )
  (critic): Sequential(
    (0): Linear(in_features=64, out_features=64, bias=True)
    (1): Tanh()
    (2): Linear(in_features=64, out_features=1, bias=True)
  )
  (extr_critic): Sequential(
    (0): Linear(in_features=64, out_features=64, bias=True)
    (1): Tanh()
    (2): Linear(in_features=64, out_features=1, bias=True)
  )
)

Optimizer loaded

Optimizer loaded

U 500 | F 064000 | FPS 0408 | D 162 | rR:μσmM 0.00 0.00 0.00 0.00 | F:μσmM 640.0 0.0 640.0 640.0 | H 1.776 | V -0.268 | pL -0.038 | vL 0.001 | ∇ 0.032
U 500 | F 064000 | FPS 0454 | D 166 | rR:μσmM 0.00 0.00 0.00 0.00 | F:μσmM 640.0 0.0 640.0 640.0 | H 1.682 | V -0.341 | pL 0.000 | vL 0.001 | ∇ 0.016
U 1000 | F 128000 | FPS 0338 | D 320 | rR:μσmM 0.00 0.00 0.00 0.00 | F:μσmM 640.0 0.0 640.0 640.0 | H 1.775 | V -0.347 | pL -0.005 | vL 0.001 | ∇ 0.010
U 1000 | F 128000 | FPS 0450 | D 326 | rR:μσmM 0.01 0.05 0.00 0.22 | F:μσmM 634.6 20.8 554.0 640.0 | H 1.811 | V -0.379 | pL -0.007 | vL 0.001 | ∇ 0.009
U 1500 | F 192000 | FPS 0478 | D 474 | rR:μσmM 0.01 0.04 0.00 0.18 | F:μσmM 636.4 14.0 582.0 640.0 | H 1.771 | V -0.358 | pL 0.003 | vL 0.001 | ∇ 0.008
U 1500 | F 192000 | FPS 0431 | D 481 | rR:μσmM 0.00 0.00 0.00 0.00 | F:μσmM 640.0 0.0 640.0 640.0 | H 1.770 | V -0.351 | pL -0.009 | vL 0.001 | ∇ 0.011
U 2000 | F 256000 | FPS 0444 | D 630 | rR:μσmM 0.00 0.00 0.00 0.00 | F:μσmM 640.0 0.0 640.0 640.0 | H 1.744 | V -0.282 | pL 0.159 | vL 0.022 | ∇ 0.140
U 2000 | F 256000 | FPS 0465 | D 637 | rR:μσmM 0.02 0.07 0.00 0.27 | F:μσmM 632.4 29.3 519.0 640.0 | H 1.796 | V -0.362 | pL 0.225 | vL 0.038 | ∇ 0.199
U 2500 | F 320000 | FPS 0473 | D 784 | rR:μσmM 0.03 0.13 0.00 0.52 | F:μσmM 621.4 72.1 342.0 640.0 | H 1.779 | V -0.317 | pL 0.001 | vL 0.003 | ∇ 0.017
U 2500 | F 320000 | FPS 0497 | D 795 | rR:μσmM 0.05 0.12 0.00 0.42 | F:μσmM 616.3 63.9 415.0 640.0 | H 1.763 | V -0.364 | pL -0.004 | vL 0.000 | ∇ 0.007
U 3000 | F 384000 | FPS 0471 | D 940 | rR:μσmM 0.00 0.00 0.00 0.00 | F:μσmM 640.0 0.0 640.0 640.0 | H 1.763 | V -0.305 | pL -0.002 | vL 0.001 | ∇ 0.009
U 3000 | F 384000 | FPS 0381 | D 951 | rR:μσmM 0.02 0.08 0.00 0.32 | F:μσmM 630.1 38.5 481.0 640.0 | H 1.775 | V -0.255 | pL -0.022 | vL 0.001 | ∇ 0.016
U 3500 | F 448000 | FPS 0270 | D 1095 | rR:μσmM 0.09 0.22 0.00 0.73 | F:μσmM 589.9 131.6 191.0 640.0 | H 1.774 | V -0.329 | pL 0.013 | vL 0.004 | ∇ 0.026
U 3500 | F 448000 | FPS 0480 | D 1108 | rR:μσmM 0.00 0.00 0.00 0.00 | F:μσmM 640.0 0.0 640.0 640.0 | H 1.753 | V -0.310 | pL -0.011 | vL 0.001 | ∇ 0.009
U 4000 | F 512000 | FPS 0446 | D 1250 | rR:μσmM 0.03 0.10 0.00 0.43 | F:μσmM 625.2 57.4 403.0 640.0 | H 1.773 | V -0.304 | pL 0.098 | vL 0.015 | ∇ 0.095
U 4000 | F 512000 | FPS 0402 | D 1263 | rR:μσmM 0.02 0.09 0.00 0.36 | F:μσmM 628.6 44.1 458.0 640.0 | H 1.757 | V -0.324 | pL 0.020 | vL 0.004 | ∇ 0.028
U 4500 | F 576000 | FPS 0397 | D 1405 | rR:μσmM 0.08 0.21 0.00 0.75 | F:μσmM 595.1 124.1 180.0 640.0 | H 1.767 | V -0.324 | pL 0.022 | vL 0.003 | ∇ 0.026
U 4500 | F 576000 | FPS 0419 | D 1419 | rR:μσmM 0.06 0.17 0.00 0.57 | F:μσmM 602.8 99.4 305.0 640.0 | H 1.792 | V -0.312 | pL -0.018 | vL 0.001 | ∇ 0.013
U 5000 | F 640000 | FPS 0468 | D 1559 | rR:μσmM 0.06 0.15 0.00 0.55 | F:μσmM 609.8 81.8 318.0 640.0 | H 1.784 | V -0.269 | pL -0.008 | vL 0.001 | ∇ 0.009
U 5000 | F 640000 | FPS 0424 | D 1574 | rR:μσmM 0.05 0.12 0.00 0.50 | F:μσmM 619.9 69.2 353.0 640.0 | H 1.774 | V -0.286 | pL -0.015 | vL 0.001 | ∇ 0.012
U 5500 | F 704000 | FPS 0424 | D 1712 | rR:μσmM 0.09 0.22 0.00 0.73 | F:μσmM 588.9 130.2 190.0 640.0 | H 1.761 | V -0.346 | pL -0.007 | vL 0.001 | ∇ 0.007
U 5500 | F 704000 | FPS 0388 | D 1729 | rR:μσmM 0.09 0.24 0.00 0.85 | F:μσmM 587.4 144.5 110.0 640.0 | H 1.698 | V -0.330 | pL -0.007 | vL 0.023 | ∇ 0.091
U 6000 | F 768000 | FPS 0401 | D 1867 | rR:μσmM 0.00 0.00 0.00 0.00 | F:μσmM 640.0 0.0 640.0 640.0 | H 1.752 | V -0.330 | pL 0.025 | vL 0.004 | ∇ 0.036
U 6000 | F 768000 | FPS 0417 | D 1885 | rR:μσmM 0.20 0.29 0.00 0.93 | F:μσmM 525.0 179.9 48.0 640.0 | H 1.775 | V -0.280 | pL -0.010 | vL 0.001 | ∇ 0.012
U 6500 | F 832000 | FPS 0391 | D 2023 | rR:μσmM 0.06 0.16 0.00 0.58 | F:μσmM 605.6 94.2 296.0 640.0 | H 1.729 | V -0.278 | pL -0.013 | vL 0.001 | ∇ 0.012
U 6500 | F 832000 | FPS 0355 | D 2042 | rR:μσmM 0.09 0.23 0.00 0.79 | F:μσmM 586.4 143.6 148.0 640.0 | H 1.776 | V -0.276 | pL -0.001 | vL 0.000 | ∇ 0.007
U 7000 | F 896000 | FPS 0400 | D 2180 | rR:μσmM 0.10 0.23 0.00 0.81 | F:μσmM 580.1 137.6 132.0 640.0 | H 1.790 | V -0.283 | pL -0.014 | vL 0.001 | ∇ 0.012
U 7000 | F 896000 | FPS 0419 | D 2199 | rR:μσmM 0.09 0.20 0.00 0.75 | F:μσmM 589.5 120.6 180.0 640.0 | H 1.721 | V -0.281 | pL -0.016 | vL 0.001 | ∇ 0.029
U 7500 | F 960000 | FPS 0477 | D 2335 | rR:μσmM 0.13 0.27 0.00 0.79 | F:μσmM 561.8 165.3 150.0 640.0 | H 1.763 | V -0.266 | pL -0.004 | vL 0.000 | ∇ 0.009
U 7500 | F 960000 | FPS 0491 | D 2357 | rR:μσmM 0.14 0.25 0.00 0.90 | F:μσmM 565.4 154.4 73.0 640.0 | H 1.767 | V -0.251 | pL 0.008 | vL 0.000 | ∇ 0.008
