=== DK-8x8: original SI2E vs FastSI2E  (seeds 2 at a time) ===
========================================================
[RUN] method=si2e  env=DoorKey-8x8  seed=1  frames=1000000
========================================================
========================================================
[RUN] method=si2e  env=DoorKey-8x8  seed=2  frames=1000000
========================================================
Gym has been unmaintained since 2022 and does not support NumPy 2.0 amongst other critical functionality.
Please upgrade to Gymnasium, the maintained drop-in replacement of Gym, or contact the authors of your software and request that they upgrade.
Users of this version of Gym should be able to simply replace 'import gym' with 'import gymnasium as gym' in the vast majority of cases.
See the migration guide at https://gymnasium.farama.org/introduction/migration_guide/ for additional information.
Gym has been unmaintained since 2022 and does not support NumPy 2.0 amongst other critical functionality.
Please upgrade to Gymnasium, the maintained drop-in replacement of Gym, or contact the authors of your software and request that they upgrade.
Users of this version of Gym should be able to simply replace 'import gym' with 'import gymnasium as gym' in the vast majority of cases.
See the migration guide at https://gymnasium.farama.org/introduction/migration_guide/ for additional information.
/workspace/learn-si2e/SI2E/SI2E_A2C/rl-starter-files/rl-starter-files/scripts/train.py --env MiniGrid-DoorKey-8x8-v0 --model fastse-si2e-DoorKey-8x8-s1 --frames 1000000 --use_batch --save-interval 0 --log-interval 500 --seed 1 --algo a2c --use_entropy_reward --use_value_condition --beta 0.005

Namespace(algo='a2c', env='MiniGrid-DoorKey-8x8-v0', model='fastse-si2e-DoorKey-8x8-s1', seed=1, log_interval=500, save_interval=0, procs=16, frames=1000000, epochs=4, batch_size=256, frames_per_proc=None, discount=0.99, lr=0.001, gae_lambda=0.95, entropy_coef=0.01, value_loss_coef=0.5, max_grad_norm=0.5, optim_eps=1e-08, optim_alpha=0.99, clip_eps=0.2, recurrence=1, text=False, use_entropy_reward=True, use_value_condition=True, beta=0.005, beta_adaptive=False, fast_se=False, use_batch=True, ablation=None, mem=False)

Device: cuda:0

Environments loaded

Training status loaded

Observations preprocessor loaded
Model loaded

ACModel(
  (image_conv): Sequential(
    (0): Conv2d(3, 16, kernel_size=(2, 2), stride=(1, 1))
    (1): ReLU()
    (2): MaxPool2d(kernel_size=(2, 2), stride=(2, 2), padding=0, dilation=1, ceil_mode=False)
    (3): Conv2d(16, 32, kernel_size=(2, 2), stride=(1, 1))
    (4): ReLU()
    (5): Conv2d(32, 64, kernel_size=(2, 2), stride=(1, 1))
    (6): ReLU()
  )
  (actor): Sequential(
    (0): Linear(in_features=64, out_features=64, bias=True)
    (1): Tanh()
    (2): Linear(in_features=64, out_features=7, bias=True)
  )
  (critic): Sequential(
    (0): Linear(in_features=64, out_features=64, bias=True)
    (1): Tanh()
    (2): Linear(in_features=64, out_features=1, bias=True)
  )
  (extr_critic): Sequential(
    (0): Linear(in_features=64, out_features=64, bias=True)
    (1): Tanh()
    (2): Linear(in_features=64, out_features=1, bias=True)
  )
)

/workspace/learn-si2e/SI2E/SI2E_A2C/rl-starter-files/rl-starter-files/scripts/train.py --env MiniGrid-DoorKey-8x8-v0 --model fastse-si2e-DoorKey-8x8-s2 --frames 1000000 --use_batch --save-interval 0 --log-interval 500 --seed 2 --algo a2c --use_entropy_reward --use_value_condition --beta 0.005

Namespace(algo='a2c', env='MiniGrid-DoorKey-8x8-v0', model='fastse-si2e-DoorKey-8x8-s2', seed=2, log_interval=500, save_interval=0, procs=16, frames=1000000, epochs=4, batch_size=256, frames_per_proc=None, discount=0.99, lr=0.001, gae_lambda=0.95, entropy_coef=0.01, value_loss_coef=0.5, max_grad_norm=0.5, optim_eps=1e-08, optim_alpha=0.99, clip_eps=0.2, recurrence=1, text=False, use_entropy_reward=True, use_value_condition=True, beta=0.005, beta_adaptive=False, fast_se=False, use_batch=True, ablation=None, mem=False)

Device: cuda:0

Environments loaded

Training status loaded

Observations preprocessor loaded
Model loaded

ACModel(
  (image_conv): Sequential(
    (0): Conv2d(3, 16, kernel_size=(2, 2), stride=(1, 1))
    (1): ReLU()
    (2): MaxPool2d(kernel_size=(2, 2), stride=(2, 2), padding=0, dilation=1, ceil_mode=False)
    (3): Conv2d(16, 32, kernel_size=(2, 2), stride=(1, 1))
    (4): ReLU()
    (5): Conv2d(32, 64, kernel_size=(2, 2), stride=(1, 1))
    (6): ReLU()
  )
  (actor): Sequential(
    (0): Linear(in_features=64, out_features=64, bias=True)
    (1): Tanh()
    (2): Linear(in_features=64, out_features=7, bias=True)
  )
  (critic): Sequential(
    (0): Linear(in_features=64, out_features=64, bias=True)
    (1): Tanh()
    (2): Linear(in_features=64, out_features=1, bias=True)
  )
  (extr_critic): Sequential(
    (0): Linear(in_features=64, out_features=64, bias=True)
    (1): Tanh()
    (2): Linear(in_features=64, out_features=1, bias=True)
  )
)

Optimizer loaded

Optimizer loaded

U 500 | F 064000 | FPS 0275 | D 221 | rR:μσmM 0.00 0.00 0.00 0.00 | F:μσmM 640.0 0.0 640.0 640.0 | H 1.829 | V -0.320 | pL 0.000 | vL 0.000 | ∇ 0.009
U 500 | F 064000 | FPS 0369 | D 222 | rR:μσmM 0.04 0.17 0.00 0.72 | F:μσmM 612.6 106.0 202.0 640.0 | H 1.750 | V -0.281 | pL -0.021 | vL 0.001 | ∇ 0.020
U 1000 | F 128000 | FPS 0344 | D 390 | rR:μσmM 0.00 0.00 0.00 0.00 | F:μσmM 640.0 0.0 640.0 640.0 | H 1.761 | V -0.383 | pL -0.010 | vL 0.001 | ∇ 0.011
U 1000 | F 128000 | FPS 0236 | D 390 | rR:μσmM 0.00 0.00 0.00 0.00 | F:μσmM 640.0 0.0 640.0 640.0 | H 1.796 | V -0.372 | pL -0.003 | vL 0.001 | ∇ 0.009
U 1500 | F 192000 | FPS 0299 | D 607 | rR:μσmM 0.00 0.00 0.00 0.00 | F:μσmM 640.0 0.0 640.0 640.0 | H 1.767 | V -0.392 | pL -0.016 | vL 0.001 | ∇ 0.016
U 1500 | F 192000 | FPS 0253 | D 609 | rR:μσmM 0.01 0.05 0.00 0.20 | F:μσmM 635.6 16.9 570.0 640.0 | H 1.781 | V -0.329 | pL -0.011 | vL 0.001 | ∇ 0.012
U 2000 | F 256000 | FPS 0356 | D 839 | rR:μσmM 0.00 0.00 0.00 0.00 | F:μσmM 640.0 0.0 640.0 640.0 | H 1.786 | V -0.361 | pL 0.286 | vL 0.048 | ∇ 0.259
U 2000 | F 256000 | FPS 0370 | D 844 | rR:μσmM 0.02 0.09 0.00 0.38 | F:μσmM 627.4 48.7 439.0 640.0 | H 1.772 | V -0.324 | pL 0.245 | vL 0.036 | ∇ 0.199
U 2500 | F 320000 | FPS 0399 | D 1007 | rR:μσmM 0.00 0.00 0.00 0.00 | F:μσmM 640.0 0.0 640.0 640.0 | H 1.789 | V -0.337 | pL -0.014 | vL 0.001 | ∇ 0.010
U 2500 | F 320000 | FPS 0451 | D 1014 | rR:μσmM 0.00 0.00 0.00 0.00 | F:μσmM 640.0 0.0 640.0 640.0 | H 1.772 | V -0.318 | pL -0.009 | vL 0.000 | ∇ 0.007
U 3000 | F 384000 | FPS 0406 | D 1167 | rR:μσmM 0.00 0.00 0.00 0.00 | F:μσmM 640.0 0.0 640.0 640.0 | H 1.779 | V -0.316 | pL 0.003 | vL 0.001 | ∇ 0.012
U 3000 | F 384000 | FPS 0457 | D 1177 | rR:μσmM 0.00 0.00 0.00 0.00 | F:μσmM 640.0 0.0 640.0 640.0 | H 1.768 | V -0.285 | pL -0.001 | vL 0.000 | ∇ 0.005
U 3500 | F 448000 | FPS 0437 | D 1332 | rR:μσmM 0.00 0.00 0.00 0.00 | F:μσmM 640.0 0.0 640.0 640.0 | H 1.754 | V -0.347 | pL 0.032 | vL 0.007 | ∇ 0.038
U 3500 | F 448000 | FPS 0418 | D 1339 | rR:μσmM 0.09 0.24 0.00 0.79 | F:μσmM 585.4 145.6 149.0 640.0 | H 1.763 | V -0.277 | pL -0.018 | vL 0.001 | ∇ 0.014
U 4000 | F 512000 | FPS 0426 | D 1490 | rR:μσmM 0.05 0.15 0.00 0.54 | F:μσmM 610.6 82.2 329.0 640.0 | H 1.764 | V -0.340 | pL 0.195 | vL 0.029 | ∇ 0.162
U 4000 | F 512000 | FPS 0443 | D 1496 | rR:μσmM 0.05 0.19 0.00 0.79 | F:μσmM 609.3 118.9 149.0 640.0 | H 1.745 | V -0.289 | pL -0.004 | vL 0.001 | ∇ 0.009
U 4500 | F 576000 | FPS 0429 | D 1648 | rR:μσmM 0.00 0.00 0.00 0.00 | F:μσmM 640.0 0.0 640.0 640.0 | H 1.812 | V -0.328 | pL -0.008 | vL 0.001 | ∇ 0.007
U 4500 | F 576000 | FPS 0405 | D 1655 | rR:μσmM 0.09 0.24 0.00 0.81 | F:μσmM 584.8 147.9 134.0 640.0 | H 1.754 | V -0.304 | pL -0.013 | vL 0.001 | ∇ 0.017
U 5000 | F 640000 | FPS 0439 | D 1800 | rR:μσmM 0.04 0.14 0.00 0.58 | F:μσmM 618.6 83.0 297.0 640.0 | H 1.742 | V -0.299 | pL 0.001 | vL 0.001 | ∇ 0.010
U 5000 | F 640000 | FPS 0481 | D 1811 | rR:μσmM 0.04 0.11 0.00 0.45 | F:μσmM 623.2 59.7 393.0 640.0 | H 1.775 | V -0.271 | pL 0.005 | vL 0.001 | ∇ 0.009
U 5500 | F 704000 | FPS 0417 | D 1954 | rR:μσmM 0.00 0.00 0.00 0.00 | F:μσmM 640.0 0.0 640.0 640.0 | H 1.756 | V -0.370 | pL 0.011 | vL 0.005 | ∇ 0.034
U 5500 | F 704000 | FPS 0420 | D 1965 | rR:μσmM 0.06 0.13 0.00 0.43 | F:μσmM 613.1 63.8 402.0 640.0 | H 1.761 | V -0.266 | pL -0.023 | vL 0.001 | ∇ 0.019
U 6000 | F 768000 | FPS 0330 | D 2106 | rR:μσmM 0.03 0.13 0.00 0.53 | F:μσmM 620.7 74.8 331.0 640.0 | H 1.799 | V -0.324 | pL 0.055 | vL 0.010 | ∇ 0.044
U 6000 | F 768000 | FPS 0447 | D 2122 | rR:μσmM 0.00 0.00 0.00 0.00 | F:μσmM 640.0 0.0 640.0 640.0 | H 1.771 | V -0.278 | pL 0.005 | vL 0.000 | ∇ 0.009
U 6500 | F 832000 | FPS 0281 | D 2261 | rR:μσmM 0.02 0.09 0.00 0.37 | F:μσmM 628.1 46.0 450.0 640.0 | H 1.768 | V -0.260 | pL -0.015 | vL 0.001 | ∇ 0.010
U 6500 | F 832000 | FPS 0442 | D 2277 | rR:μσmM 0.04 0.16 0.00 0.65 | F:μσmM 615.7 94.2 251.0 640.0 | H 1.756 | V -0.297 | pL 0.004 | vL 0.000 | ∇ 0.025
U 7000 | F 896000 | FPS 0405 | D 2414 | rR:μσmM 0.01 0.05 0.00 0.21 | F:μσmM 635.1 18.9 562.0 640.0 | H 1.793 | V -0.349 | pL -0.015 | vL 0.001 | ∇ 0.016
U 7000 | F 896000 | FPS 0427 | D 2430 | rR:μσmM 0.07 0.15 0.00 0.39 | F:μσmM 603.4 76.3 434.0 640.0 | H 1.756 | V -0.313 | pL -0.014 | vL 0.001 | ∇ 0.014
U 7500 | F 960000 | FPS 0406 | D 2569 | rR:μσmM 0.08 0.21 0.00 0.80 | F:μσmM 594.1 129.5 145.0 640.0 | H 1.760 | V -0.279 | pL 0.065 | vL 0.023 | ∇ 0.086
U 7500 | F 960000 | FPS 0444 | D 2583 | rR:μσmM 0.30 0.29 0.00 0.73 | F:μσmM 467.3 170.8 193.0 640.0 | H 1.768 | V -0.284 | pL 0.043 | vL 0.022 | ∇ 0.202
Final model saved
Final model saved
Gym has been unmaintained since 2022 and does not support NumPy 2.0 amongst other critical functionality.
Please upgrade to Gymnasium, the maintained drop-in replacement of Gym, or contact the authors of your software and request that they upgrade.
Users of this version of Gym should be able to simply replace 'import gym' with 'import gymnasium as gym' in the vast majority of cases.
See the migration guide at https://gymnasium.farama.org/introduction/migration_guide/ for additional information.
Episodes evaluated: 208
Successes:          0
Success rate:       0.0%
Mean return:        0.0000
SUCCESS_RATE=0.00
[DONE] fastse-si2e-DoorKey-8x8-s1: SR=0.00%  FPS=0439
Gym has been unmaintained since 2022 and does not support NumPy 2.0 amongst other critical functionality.
Please upgrade to Gymnasium, the maintained drop-in replacement of Gym, or contact the authors of your software and request that they upgrade.
Users of this version of Gym should be able to simply replace 'import gym' with 'import gymnasium as gym' in the vast majority of cases.
See the migration guide at https://gymnasium.farama.org/introduction/migration_guide/ for additional information.
Episodes evaluated: 208
Successes:          0
Success rate:       0.0%
Mean return:        0.0000
SUCCESS_RATE=0.00
[DONE] fastse-si2e-DoorKey-8x8-s2: SR=0.00%  FPS=0481
========================================================
[RUN] method=si2e  env=DoorKey-8x8  seed=3  frames=1000000
========================================================
Gym has been unmaintained since 2022 and does not support NumPy 2.0 amongst other critical functionality.
Please upgrade to Gymnasium, the maintained drop-in replacement of Gym, or contact the authors of your software and request that they upgrade.
Users of this version of Gym should be able to simply replace 'import gym' with 'import gymnasium as gym' in the vast majority of cases.
See the migration guide at https://gymnasium.farama.org/introduction/migration_guide/ for additional information.
/workspace/learn-si2e/SI2E/SI2E_A2C/rl-starter-files/rl-starter-files/scripts/train.py --env MiniGrid-DoorKey-8x8-v0 --model fastse-si2e-DoorKey-8x8-s3 --frames 1000000 --use_batch --save-interval 0 --log-interval 500 --seed 3 --algo a2c --use_entropy_reward --use_value_condition --beta 0.005

Namespace(algo='a2c', env='MiniGrid-DoorKey-8x8-v0', model='fastse-si2e-DoorKey-8x8-s3', seed=3, log_interval=500, save_interval=0, procs=16, frames=1000000, epochs=4, batch_size=256, frames_per_proc=None, discount=0.99, lr=0.001, gae_lambda=0.95, entropy_coef=0.01, value_loss_coef=0.5, max_grad_norm=0.5, optim_eps=1e-08, optim_alpha=0.99, clip_eps=0.2, recurrence=1, text=False, use_entropy_reward=True, use_value_condition=True, beta=0.005, beta_adaptive=False, fast_se=False, use_batch=True, ablation=None, mem=False)

Device: cuda:0

Environments loaded

Training status loaded

Observations preprocessor loaded
Model loaded

ACModel(
  (image_conv): Sequential(
    (0): Conv2d(3, 16, kernel_size=(2, 2), stride=(1, 1))
    (1): ReLU()
    (2): MaxPool2d(kernel_size=(2, 2), stride=(2, 2), padding=0, dilation=1, ceil_mode=False)
    (3): Conv2d(16, 32, kernel_size=(2, 2), stride=(1, 1))
    (4): ReLU()
    (5): Conv2d(32, 64, kernel_size=(2, 2), stride=(1, 1))
    (6): ReLU()
  )
  (actor): Sequential(
    (0): Linear(in_features=64, out_features=64, bias=True)
    (1): Tanh()
    (2): Linear(in_features=64, out_features=7, bias=True)
  )
  (critic): Sequential(
    (0): Linear(in_features=64, out_features=64, bias=True)
    (1): Tanh()
    (2): Linear(in_features=64, out_features=1, bias=True)
  )
  (extr_critic): Sequential(
    (0): Linear(in_features=64, out_features=64, bias=True)
    (1): Tanh()
    (2): Linear(in_features=64, out_features=1, bias=True)
  )
)

Optimizer loaded

U 500 | F 064000 | FPS 0493 | D 141 | rR:μσmM 0.00 0.00 0.00 0.00 | F:μσmM 640.0 0.0 640.0 640.0 | H 1.770 | V -0.316 | pL -0.023 | vL 0.001 | ∇ 0.027
U 1000 | F 128000 | FPS 0504 | D 276 | rR:μσmM 0.00 0.00 0.00 0.00 | F:μσmM 640.0 0.0 640.0 640.0 | H 1.823 | V -0.367 | pL -0.005 | vL 0.001 | ∇ 0.011
U 1500 | F 192000 | FPS 0500 | D 411 | rR:μσmM 0.02 0.08 0.00 0.32 | F:μσmM 630.2 37.8 484.0 640.0 | H 1.757 | V -0.336 | pL -0.001 | vL 0.000 | ∇ 0.008
U 2000 | F 256000 | FPS 0469 | D 547 | rR:μσmM 0.05 0.18 0.00 0.73 | F:μσmM 612.2 107.7 195.0 640.0 | H 1.741 | V -0.358 | pL 0.258 | vL 0.044 | ∇ 0.228
U 2500 | F 320000 | FPS 0442 | D 685 | rR:μσmM 0.00 0.00 0.00 0.00 | F:μσmM 640.0 0.0 640.0 640.0 | H 1.795 | V -0.336 | pL -0.021 | vL 0.001 | ∇ 0.017
U 3000 | F 384000 | FPS 0493 | D 821 | rR:μσmM 0.00 0.00 0.00 0.00 | F:μσmM 640.0 0.0 640.0 640.0 | H 1.777 | V -0.363 | pL -0.011 | vL 0.001 | ∇ 0.011
U 3500 | F 448000 | FPS 0492 | D 957 | rR:μσmM 0.00 0.00 0.00 0.00 | F:μσmM 640.0 0.0 640.0 640.0 | H 1.795 | V -0.306 | pL -0.016 | vL 0.001 | ∇ 0.017
U 4000 | F 512000 | FPS 0419 | D 1093 | rR:μσmM 0.03 0.12 0.00 0.51 | F:μσmM 621.6 71.2 346.0 640.0 | H 1.781 | V -0.290 | pL 0.009 | vL 0.004 | ∇ 0.045
U 4500 | F 576000 | FPS 0470 | D 1229 | rR:μσmM 0.09 0.21 0.00 0.77 | F:μσmM 585.9 127.4 166.0 640.0 | H 1.787 | V -0.256 | pL -0.014 | vL 0.001 | ∇ 0.013
U 5000 | F 640000 | FPS 0545 | D 1366 | rR:μσmM 0.06 0.14 0.00 0.57 | F:μσmM 614.2 80.4 309.0 640.0 | H 1.781 | V -0.279 | pL -0.004 | vL 0.000 | ∇ 0.007
U 5500 | F 704000 | FPS 0504 | D 1502 | rR:μσmM 0.04 0.12 0.00 0.36 | F:μσmM 616.9 61.0 455.0 640.0 | H 1.770 | V -0.342 | pL -0.001 | vL 0.001 | ∇ 0.011
U 6000 | F 768000 | FPS 0518 | D 1640 | rR:μσmM 0.04 0.14 0.00 0.59 | F:μσmM 618.3 84.0 293.0 640.0 | H 1.769 | V -0.296 | pL 0.005 | vL 0.005 | ∇ 0.030
U 6500 | F 832000 | FPS 0502 | D 1776 | rR:μσmM 0.00 0.00 0.00 0.00 | F:μσmM 640.0 0.0 640.0 640.0 | H 1.768 | V -0.347 | pL -0.008 | vL 0.001 | ∇ 0.010
U 7000 | F 896000 | FPS 0518 | D 1912 | rR:μσmM 0.05 0.14 0.00 0.50 | F:μσmM 614.0 73.7 357.0 640.0 | H 1.763 | V -0.326 | pL -0.006 | vL 0.001 | ∇ 0.008
U 7500 | F 960000 | FPS 0485 | D 2046 | rR:μσmM 0.02 0.07 0.00 0.30 | F:μσmM 630.9 35.1 495.0 640.0 | H 1.768 | V -0.296 | pL -0.015 | vL 0.001 | ∇ 0.011
Final model saved
Gym has been unmaintained since 2022 and does not support NumPy 2.0 amongst other critical functionality.
Please upgrade to Gymnasium, the maintained drop-in replacement of Gym, or contact the authors of your software and request that they upgrade.
Users of this version of Gym should be able to simply replace 'import gym' with 'import gymnasium as gym' in the vast majority of cases.
See the migration guide at https://gymnasium.farama.org/introduction/migration_guide/ for additional information.
Episodes evaluated: 208
Successes:          0
Success rate:       0.0%
Mean return:        0.0000
SUCCESS_RATE=0.00
[DONE] fastse-si2e-DoorKey-8x8-s3: SR=0.00%  FPS=0545
========================================================
[RUN] method=fast-si2e  env=DoorKey-8x8  seed=1  frames=1000000
========================================================
========================================================
[RUN] method=fast-si2e  env=DoorKey-8x8  seed=2  frames=1000000
========================================================
Gym has been unmaintained since 2022 and does not support NumPy 2.0 amongst other critical functionality.
Please upgrade to Gymnasium, the maintained drop-in replacement of Gym, or contact the authors of your software and request that they upgrade.
Users of this version of Gym should be able to simply replace 'import gym' with 'import gymnasium as gym' in the vast majority of cases.
See the migration guide at https://gymnasium.farama.org/introduction/migration_guide/ for additional information.
Gym has been unmaintained since 2022 and does not support NumPy 2.0 amongst other critical functionality.
Please upgrade to Gymnasium, the maintained drop-in replacement of Gym, or contact the authors of your software and request that they upgrade.
Users of this version of Gym should be able to simply replace 'import gym' with 'import gymnasium as gym' in the vast majority of cases.
See the migration guide at https://gymnasium.farama.org/introduction/migration_guide/ for additional information.
/workspace/learn-si2e/SI2E/SI2E_A2C/rl-starter-files/rl-starter-files/scripts/train.py --env MiniGrid-DoorKey-8x8-v0 --model fastse-fast-si2e-DoorKey-8x8-s2 --frames 1000000 --use_batch --save-interval 0 --log-interval 500 --seed 2 --algo a2c --use_entropy_reward --use_value_condition --beta 0.005 --fast_se

Namespace(algo='a2c', env='MiniGrid-DoorKey-8x8-v0', model='fastse-fast-si2e-DoorKey-8x8-s2', seed=2, log_interval=500, save_interval=0, procs=16, frames=1000000, epochs=4, batch_size=256, frames_per_proc=None, discount=0.99, lr=0.001, gae_lambda=0.95, entropy_coef=0.01, value_loss_coef=0.5, max_grad_norm=0.5, optim_eps=1e-08, optim_alpha=0.99, clip_eps=0.2, recurrence=1, text=False, use_entropy_reward=True, use_value_condition=True, beta=0.005, beta_adaptive=False, fast_se=True, use_batch=True, ablation=None, mem=False)

/workspace/learn-si2e/SI2E/SI2E_A2C/rl-starter-files/rl-starter-files/scripts/train.py --env MiniGrid-DoorKey-8x8-v0 --model fastse-fast-si2e-DoorKey-8x8-s1 --frames 1000000 --use_batch --save-interval 0 --log-interval 500 --seed 1 --algo a2c --use_entropy_reward --use_value_condition --beta 0.005 --fast_se

Namespace(algo='a2c', env='MiniGrid-DoorKey-8x8-v0', model='fastse-fast-si2e-DoorKey-8x8-s1', seed=1, log_interval=500, save_interval=0, procs=16, frames=1000000, epochs=4, batch_size=256, frames_per_proc=None, discount=0.99, lr=0.001, gae_lambda=0.95, entropy_coef=0.01, value_loss_coef=0.5, max_grad_norm=0.5, optim_eps=1e-08, optim_alpha=0.99, clip_eps=0.2, recurrence=1, text=False, use_entropy_reward=True, use_value_condition=True, beta=0.005, beta_adaptive=False, fast_se=True, use_batch=True, ablation=None, mem=False)

Device: cuda:0

Device: cuda:0

Environments loaded

Training status loaded

Observations preprocessor loaded
Environments loaded

Training status loaded

Observations preprocessor loaded
Model loaded

ACModel(
  (image_conv): Sequential(
    (0): Conv2d(3, 16, kernel_size=(2, 2), stride=(1, 1))
    (1): ReLU()
    (2): MaxPool2d(kernel_size=(2, 2), stride=(2, 2), padding=0, dilation=1, ceil_mode=False)
    (3): Conv2d(16, 32, kernel_size=(2, 2), stride=(1, 1))
    (4): ReLU()
    (5): Conv2d(32, 64, kernel_size=(2, 2), stride=(1, 1))
    (6): ReLU()
  )
  (actor): Sequential(
    (0): Linear(in_features=64, out_features=64, bias=True)
    (1): Tanh()
    (2): Linear(in_features=64, out_features=7, bias=True)
  )
  (critic): Sequential(
    (0): Linear(in_features=64, out_features=64, bias=True)
    (1): Tanh()
    (2): Linear(in_features=64, out_features=1, bias=True)
  )
  (extr_critic): Sequential(
    (0): Linear(in_features=64, out_features=64, bias=True)
    (1): Tanh()
    (2): Linear(in_features=64, out_features=1, bias=True)
  )
)

Model loaded

ACModel(
  (image_conv): Sequential(
    (0): Conv2d(3, 16, kernel_size=(2, 2), stride=(1, 1))
    (1): ReLU()
    (2): MaxPool2d(kernel_size=(2, 2), stride=(2, 2), padding=0, dilation=1, ceil_mode=False)
    (3): Conv2d(16, 32, kernel_size=(2, 2), stride=(1, 1))
    (4): ReLU()
    (5): Conv2d(32, 64, kernel_size=(2, 2), stride=(1, 1))
    (6): ReLU()
  )
  (actor): Sequential(
    (0): Linear(in_features=64, out_features=64, bias=True)
    (1): Tanh()
    (2): Linear(in_features=64, out_features=7, bias=True)
  )
  (critic): Sequential(
    (0): Linear(in_features=64, out_features=64, bias=True)
    (1): Tanh()
    (2): Linear(in_features=64, out_features=1, bias=True)
  )
  (extr_critic): Sequential(
    (0): Linear(in_features=64, out_features=64, bias=True)
    (1): Tanh()
    (2): Linear(in_features=64, out_features=1, bias=True)
  )
)

Optimizer loaded

Optimizer loaded

U 500 | F 064000 | FPS 1944 | D 37 | rR:μσmM 0.01 0.04 0.00 0.14 | F:μσmM 638.0 7.7 608.0 640.0 | H 1.722 | V -0.298 | pL -0.017 | vL 0.001 | ∇ 0.019
U 500 | F 064000 | FPS 1744 | D 37 | rR:μσmM 0.00 0.00 0.00 0.00 | F:μσmM 640.0 0.0 640.0 640.0 | H 1.756 | V -0.273 | pL -0.027 | vL 0.001 | ∇ 0.024
U 1000 | F 128000 | FPS 1502 | D 76 | rR:μσmM 0.07 0.21 0.00 0.78 | F:μσmM 596.2 124.7 159.0 640.0 | H 1.791 | V -0.342 | pL -0.006 | vL 0.001 | ∇ 0.010
U 1000 | F 128000 | FPS 1486 | D 76 | rR:μσmM 0.00 0.00 0.00 0.00 | F:μσmM 640.0 0.0 640.0 640.0 | H 1.783 | V -0.329 | pL -0.006 | vL 0.001 | ∇ 0.008
U 1500 | F 192000 | FPS 1421 | D 116 | rR:μσmM 0.00 0.00 0.00 0.00 | F:μσmM 640.0 0.0 640.0 640.0 | H 1.734 | V -0.343 | pL -0.012 | vL 0.001 | ∇ 0.012
U 1500 | F 192000 | FPS 1418 | D 116 | rR:μσmM 0.00 0.00 0.00 0.00 | F:μσmM 640.0 0.0 640.0 640.0 | H 1.785 | V -0.350 | pL 0.009 | vL 0.000 | ∇ 0.012
U 2000 | F 256000 | FPS 1311 | D 158 | rR:μσmM 0.01 0.03 0.00 0.13 | F:μσmM 638.7 5.1 619.0 640.0 | H 1.774 | V -0.364 | pL 0.189 | vL 0.033 | ∇ 0.176
U 2000 | F 256000 | FPS 1095 | D 160 | rR:μσmM 0.00 0.00 0.00 0.00 | F:μσmM 640.0 0.0 640.0 640.0 | H 1.781 | V -0.278 | pL 0.186 | vL 0.025 | ∇ 0.158
U 2500 | F 320000 | FPS 1573 | D 202 | rR:μσmM 0.00 0.00 0.00 0.00 | F:μσmM 640.0 0.0 640.0 640.0 | H 1.741 | V -0.322 | pL -0.002 | vL 0.001 | ∇ 0.007
U 2500 | F 320000 | FPS 1492 | D 204 | rR:μσmM 0.00 0.00 0.00 0.00 | F:μσmM 640.0 0.0 640.0 640.0 | H 1.787 | V -0.284 | pL -0.003 | vL 0.000 | ∇ 0.012
U 3000 | F 384000 | FPS 1490 | D 245 | rR:μσmM 0.00 0.00 0.00 0.00 | F:μσmM 640.0 0.0 640.0 640.0 | H 1.769 | V -0.292 | pL -0.002 | vL 0.000 | ∇ 0.008
U 3000 | F 384000 | FPS 1438 | D 247 | rR:μσmM 0.07 0.19 0.00 0.68 | F:μσmM 600.4 110.0 228.0 640.0 | H 1.782 | V -0.332 | pL 0.002 | vL 0.001 | ∇ 0.008
U 3500 | F 448000 | FPS 1565 | D 288 | rR:μσmM 0.00 0.00 0.00 0.00 | F:μσmM 640.0 0.0 640.0 640.0 | H 1.750 | V -0.338 | pL -0.014 | vL 0.001 | ∇ 0.011
U 3500 | F 448000 | FPS 1436 | D 290 | rR:μσmM 0.03 0.12 0.00 0.50 | F:μσmM 622.4 68.3 358.0 640.0 | H 1.724 | V -0.251 | pL -0.013 | vL 0.001 | ∇ 0.016
U 4000 | F 512000 | FPS 1642 | D 331 | rR:μσmM 0.05 0.19 0.00 0.77 | F:μσmM 610.2 115.5 163.0 640.0 | H 1.783 | V -0.303 | pL 0.034 | vL 0.005 | ∇ 0.043
U 4000 | F 512000 | FPS 1565 | D 335 | rR:μσmM 0.03 0.13 0.00 0.53 | F:μσmM 620.8 74.6 332.0 640.0 | H 1.762 | V -0.303 | pL 0.041 | vL 0.008 | ∇ 0.059
U 4500 | F 576000 | FPS 1509 | D 374 | rR:μσmM 0.13 0.27 0.00 0.86 | F:μσmM 561.8 168.3 98.0 640.0 | H 1.821 | V -0.363 | pL -0.011 | vL 0.001 | ∇ 0.013
U 4500 | F 576000 | FPS 1362 | D 378 | rR:μσmM 0.04 0.17 0.00 0.69 | F:μσmM 613.6 102.1 218.0 640.0 | H 1.753 | V -0.279 | pL -0.022 | vL 0.001 | ∇ 0.016
U 5000 | F 640000 | FPS 1313 | D 417 | rR:μσmM 0.14 0.29 0.00 0.87 | F:μσmM 556.8 177.8 89.0 640.0 | H 1.731 | V -0.298 | pL -0.000 | vL 0.000 | ∇ 0.007
U 5000 | F 640000 | FPS 1496 | D 422 | rR:μσmM 0.00 0.00 0.00 0.00 | F:μσmM 640.0 0.0 640.0 640.0 | H 1.771 | V -0.316 | pL -0.009 | vL 0.001 | ∇ 0.020
U 5500 | F 704000 | FPS 1501 | D 460 | rR:μσmM 0.07 0.18 0.00 0.65 | F:μσmM 601.3 101.3 246.0 640.0 | H 1.774 | V -0.281 | pL -0.023 | vL 0.001 | ∇ 0.016
U 5500 | F 704000 | FPS 1438 | D 465 | rR:μσmM 0.06 0.22 0.00 0.90 | F:μσmM 604.6 137.2 73.0 640.0 | H 1.765 | V -0.354 | pL -0.020 | vL 0.001 | ∇ 0.018
U 6000 | F 768000 | FPS 1511 | D 504 | rR:μσmM 0.09 0.18 0.00 0.51 | F:μσmM 592.9 99.0 346.0 640.0 | H 1.798 | V -0.294 | pL -0.022 | vL 0.001 | ∇ 0.015
U 6000 | F 768000 | FPS 1185 | D 509 | rR:μσmM 0.06 0.14 0.00 0.41 | F:μσmM 608.3 71.6 416.0 640.0 | H 1.769 | V -0.269 | pL 0.008 | vL 0.000 | ∇ 0.011
U 6500 | F 832000 | FPS 1460 | D 547 | rR:μσmM 0.12 0.23 0.00 0.80 | F:μσmM 570.9 136.5 144.0 640.0 | H 1.740 | V -0.239 | pL -0.024 | vL 0.001 | ∇ 0.022
U 6500 | F 832000 | FPS 1244 | D 553 | rR:μσmM 0.11 0.24 0.00 0.85 | F:μσmM 574.6 147.0 110.0 640.0 | H 1.696 | V -0.254 | pL 0.002 | vL 0.000 | ∇ 0.013
U 7000 | F 896000 | FPS 1441 | D 591 | rR:μσmM 0.08 0.20 0.00 0.67 | F:μσmM 594.1 122.3 233.0 640.0 | H 1.748 | V -0.321 | pL 0.015 | vL 0.005 | ∇ 0.040
U 7000 | F 896000 | FPS 1334 | D 596 | rR:μσmM 0.20 0.34 0.00 0.93 | F:μσmM 516.5 210.2 52.0 640.0 | H 1.664 | V -0.194 | pL -0.013 | vL 0.001 | ∇ 0.032
U 7500 | F 960000 | FPS 1547 | D 635 | rR:μσmM 0.18 0.24 0.00 0.67 | F:μσmM 541.1 141.4 238.0 640.0 | H 1.762 | V -0.273 | pL 0.026 | vL 0.006 | ∇ 0.046
U 7500 | F 960000 | FPS 1416 | D 641 | rR:μσmM 0.11 0.25 0.00 0.77 | F:μσmM 572.3 153.1 161.0 640.0 | H 1.780 | V -0.240 | pL -0.016 | vL 0.001 | ∇ 0.017
Final model saved
Final model saved
Gym has been unmaintained since 2022 and does not support NumPy 2.0 amongst other critical functionality.
Please upgrade to Gymnasium, the maintained drop-in replacement of Gym, or contact the authors of your software and request that they upgrade.
Users of this version of Gym should be able to simply replace 'import gym' with 'import gymnasium as gym' in the vast majority of cases.
See the migration guide at https://gymnasium.farama.org/introduction/migration_guide/ for additional information.
Episodes evaluated: 200
Successes:          26
Success rate:       13.0%
Mean return:        0.1267
SUCCESS_RATE=13.00
[DONE] fastse-fast-si2e-DoorKey-8x8-s1: SR=13.00%  FPS=1944
Gym has been unmaintained since 2022 and does not support NumPy 2.0 amongst other critical functionality.
Please upgrade to Gymnasium, the maintained drop-in replacement of Gym, or contact the authors of your software and request that they upgrade.
Users of this version of Gym should be able to simply replace 'import gym' with 'import gymnasium as gym' in the vast majority of cases.
See the migration guide at https://gymnasium.farama.org/introduction/migration_guide/ for additional information.
Episodes evaluated: 208
Successes:          0
Success rate:       0.0%
Mean return:        0.0000
SUCCESS_RATE=0.00
[DONE] fastse-fast-si2e-DoorKey-8x8-s2: SR=0.00%  FPS=1744
========================================================
[RUN] method=fast-si2e  env=DoorKey-8x8  seed=3  frames=1000000
========================================================
Gym has been unmaintained since 2022 and does not support NumPy 2.0 amongst other critical functionality.
Please upgrade to Gymnasium, the maintained drop-in replacement of Gym, or contact the authors of your software and request that they upgrade.
Users of this version of Gym should be able to simply replace 'import gym' with 'import gymnasium as gym' in the vast majority of cases.
See the migration guide at https://gymnasium.farama.org/introduction/migration_guide/ for additional information.
/workspace/learn-si2e/SI2E/SI2E_A2C/rl-starter-files/rl-starter-files/scripts/train.py --env MiniGrid-DoorKey-8x8-v0 --model fastse-fast-si2e-DoorKey-8x8-s3 --frames 1000000 --use_batch --save-interval 0 --log-interval 500 --seed 3 --algo a2c --use_entropy_reward --use_value_condition --beta 0.005 --fast_se

Namespace(algo='a2c', env='MiniGrid-DoorKey-8x8-v0', model='fastse-fast-si2e-DoorKey-8x8-s3', seed=3, log_interval=500, save_interval=0, procs=16, frames=1000000, epochs=4, batch_size=256, frames_per_proc=None, discount=0.99, lr=0.001, gae_lambda=0.95, entropy_coef=0.01, value_loss_coef=0.5, max_grad_norm=0.5, optim_eps=1e-08, optim_alpha=0.99, clip_eps=0.2, recurrence=1, text=False, use_entropy_reward=True, use_value_condition=True, beta=0.005, beta_adaptive=False, fast_se=True, use_batch=True, ablation=None, mem=False)

Device: cuda:0

Environments loaded

Training status loaded

Observations preprocessor loaded
Model loaded

ACModel(
  (image_conv): Sequential(
    (0): Conv2d(3, 16, kernel_size=(2, 2), stride=(1, 1))
    (1): ReLU()
    (2): MaxPool2d(kernel_size=(2, 2), stride=(2, 2), padding=0, dilation=1, ceil_mode=False)
    (3): Conv2d(16, 32, kernel_size=(2, 2), stride=(1, 1))
    (4): ReLU()
    (5): Conv2d(32, 64, kernel_size=(2, 2), stride=(1, 1))
    (6): ReLU()
  )
  (actor): Sequential(
    (0): Linear(in_features=64, out_features=64, bias=True)
    (1): Tanh()
    (2): Linear(in_features=64, out_features=7, bias=True)
  )
  (critic): Sequential(
    (0): Linear(in_features=64, out_features=64, bias=True)
    (1): Tanh()
    (2): Linear(in_features=64, out_features=1, bias=True)
  )
  (extr_critic): Sequential(
    (0): Linear(in_features=64, out_features=64, bias=True)
    (1): Tanh()
    (2): Linear(in_features=64, out_features=1, bias=True)
  )
)

Optimizer loaded

U 500 | F 064000 | FPS 1722 | D 31 | rR:μσmM 0.01 0.05 0.00 0.21 | F:μσmM 635.2 18.4 564.0 640.0 | H 1.810 | V -0.320 | pL -0.013 | vL 0.001 | ∇ 0.017
U 1000 | F 128000 | FPS 2385 | D 61 | rR:μσmM 0.00 0.00 0.00 0.00 | F:μσmM 640.0 0.0 640.0 640.0 | H 1.813 | V -0.364 | pL -0.032 | vL 0.001 | ∇ 0.027
U 1500 | F 192000 | FPS 2314 | D 91 | rR:μσmM 0.04 0.14 0.00 0.59 | F:μσmM 618.4 83.5 295.0 640.0 | H 1.761 | V -0.363 | pL -0.003 | vL 0.001 | ∇ 0.016
U 2000 | F 256000 | FPS 2331 | D 121 | rR:μσmM 0.03 0.13 0.00 0.52 | F:μσmM 621.2 72.6 340.0 640.0 | H 1.761 | V -0.354 | pL 0.201 | vL 0.037 | ∇ 0.189
U 2500 | F 320000 | FPS 2007 | D 150 | rR:μσmM 0.00 0.00 0.00 0.00 | F:μσmM 640.0 0.0 640.0 640.0 | H 1.811 | V -0.351 | pL -0.010 | vL 0.001 | ∇ 0.009
U 3000 | F 384000 | FPS 2149 | D 180 | rR:μσmM 0.03 0.11 0.00 0.47 | F:μσmM 623.4 64.1 375.0 640.0 | H 1.747 | V -0.339 | pL -0.020 | vL 0.001 | ∇ 0.016
U 3500 | F 448000 | FPS 2059 | D 209 | rR:μσmM 0.04 0.12 0.00 0.47 | F:μσmM 619.6 64.9 375.0 640.0 | H 1.761 | V -0.307 | pL -0.016 | vL 0.001 | ∇ 0.013
U 4000 | F 512000 | FPS 2130 | D 238 | rR:μσmM 0.04 0.17 0.00 0.71 | F:μσmM 612.9 104.8 207.0 640.0 | H 1.796 | V -0.323 | pL 0.010 | vL 0.006 | ∇ 0.033
U 4500 | F 576000 | FPS 2285 | D 267 | rR:μσmM 0.04 0.16 0.00 0.65 | F:μσmM 615.6 94.4 250.0 640.0 | H 1.754 | V -0.309 | pL -0.016 | vL 0.001 | ∇ 0.012
U 5000 | F 640000 | FPS 2083 | D 296 | rR:μσmM 0.00 0.00 0.00 0.00 | F:μσmM 640.0 0.0 640.0 640.0 | H 1.763 | V -0.368 | pL -0.008 | vL 0.001 | ∇ 0.018
U 5500 | F 704000 | FPS 2446 | D 325 | rR:μσmM 0.00 0.00 0.00 0.00 | F:μσmM 640.0 0.0 640.0 640.0 | H 1.781 | V -0.317 | pL -0.006 | vL 0.001 | ∇ 0.015
U 6000 | F 768000 | FPS 2010 | D 354 | rR:μσmM 0.02 0.06 0.00 0.25 | F:μσmM 633.4 25.4 535.0 640.0 | H 1.750 | V -0.312 | pL -0.010 | vL 0.001 | ∇ 0.018
U 6500 | F 832000 | FPS 2291 | D 383 | rR:μσmM 0.00 0.00 0.00 0.00 | F:μσmM 640.0 0.0 640.0 640.0 | H 1.742 | V -0.324 | pL -0.008 | vL 0.001 | ∇ 0.009
U 7000 | F 896000 | FPS 1654 | D 411 | rR:μσmM 0.02 0.09 0.00 0.39 | F:μσmM 627.1 49.9 434.0 640.0 | H 1.755 | V -0.269 | pL -0.002 | vL 0.000 | ∇ 0.007
U 7500 | F 960000 | FPS 2650 | D 440 | rR:μσmM 0.08 0.23 0.00 0.88 | F:μσmM 590.4 142.7 84.0 640.0 | H 1.791 | V -0.280 | pL 0.024 | vL 0.010 | ∇ 0.037
Final model saved
Gym has been unmaintained since 2022 and does not support NumPy 2.0 amongst other critical functionality.
Please upgrade to Gymnasium, the maintained drop-in replacement of Gym, or contact the authors of your software and request that they upgrade.
Users of this version of Gym should be able to simply replace 'import gym' with 'import gymnasium as gym' in the vast majority of cases.
See the migration guide at https://gymnasium.farama.org/introduction/migration_guide/ for additional information.
Episodes evaluated: 208
Successes:          0
Success rate:       0.0%
Mean return:        0.0000
SUCCESS_RATE=0.00
[DONE] fastse-fast-si2e-DoorKey-8x8-s3: SR=0.00%  FPS=2650
=== KC-S3R2: FastSI2E + PPO-FastSI2E  (seeds 2 at a time) ===
========================================================
[RUN] method=fast-si2e  env=KeyCorridorS3R2  seed=1  frames=3000000
========================================================
========================================================
[RUN] method=fast-si2e  env=KeyCorridorS3R2  seed=2  frames=3000000
========================================================
Gym has been unmaintained since 2022 and does not support NumPy 2.0 amongst other critical functionality.
Please upgrade to Gymnasium, the maintained drop-in replacement of Gym, or contact the authors of your software and request that they upgrade.
Users of this version of Gym should be able to simply replace 'import gym' with 'import gymnasium as gym' in the vast majority of cases.
See the migration guide at https://gymnasium.farama.org/introduction/migration_guide/ for additional information.
Gym has been unmaintained since 2022 and does not support NumPy 2.0 amongst other critical functionality.
Please upgrade to Gymnasium, the maintained drop-in replacement of Gym, or contact the authors of your software and request that they upgrade.
Users of this version of Gym should be able to simply replace 'import gym' with 'import gymnasium as gym' in the vast majority of cases.
See the migration guide at https://gymnasium.farama.org/introduction/migration_guide/ for additional information.
/workspace/learn-si2e/SI2E/SI2E_A2C/rl-starter-files/rl-starter-files/scripts/train.py --env MiniGrid-KeyCorridorS3R2-v0 --model fastse-fast-si2e-KeyCorridorS3R2-s2 --frames 3000000 --use_batch --save-interval 0 --log-interval 500 --seed 2 --algo a2c --use_entropy_reward --use_value_condition --beta 0.005 --fast_se

Namespace(algo='a2c', env='MiniGrid-KeyCorridorS3R2-v0', model='fastse-fast-si2e-KeyCorridorS3R2-s2', seed=2, log_interval=500, save_interval=0, procs=16, frames=3000000, epochs=4, batch_size=256, frames_per_proc=None, discount=0.99, lr=0.001, gae_lambda=0.95, entropy_coef=0.01, value_loss_coef=0.5, max_grad_norm=0.5, optim_eps=1e-08, optim_alpha=0.99, clip_eps=0.2, recurrence=1, text=False, use_entropy_reward=True, use_value_condition=True, beta=0.005, beta_adaptive=False, fast_se=True, use_batch=True, ablation=None, mem=False)

/workspace/learn-si2e/SI2E/SI2E_A2C/rl-starter-files/rl-starter-files/scripts/train.py --env MiniGrid-KeyCorridorS3R2-v0 --model fastse-fast-si2e-KeyCorridorS3R2-s1 --frames 3000000 --use_batch --save-interval 0 --log-interval 500 --seed 1 --algo a2c --use_entropy_reward --use_value_condition --beta 0.005 --fast_se

Namespace(algo='a2c', env='MiniGrid-KeyCorridorS3R2-v0', model='fastse-fast-si2e-KeyCorridorS3R2-s1', seed=1, log_interval=500, save_interval=0, procs=16, frames=3000000, epochs=4, batch_size=256, frames_per_proc=None, discount=0.99, lr=0.001, gae_lambda=0.95, entropy_coef=0.01, value_loss_coef=0.5, max_grad_norm=0.5, optim_eps=1e-08, optim_alpha=0.99, clip_eps=0.2, recurrence=1, text=False, use_entropy_reward=True, use_value_condition=True, beta=0.005, beta_adaptive=False, fast_se=True, use_batch=True, ablation=None, mem=False)

Device: cuda:0

Device: cuda:0

Environments loaded

Environments loaded

Training status loaded

Observations preprocessor loaded
Training status loaded

Observations preprocessor loaded
Model loaded

Model loaded

ACModel(
  (image_conv): Sequential(
    (0): Conv2d(3, 16, kernel_size=(2, 2), stride=(1, 1))
    (1): ReLU()
    (2): MaxPool2d(kernel_size=(2, 2), stride=(2, 2), padding=0, dilation=1, ceil_mode=False)
    (3): Conv2d(16, 32, kernel_size=(2, 2), stride=(1, 1))
    (4): ReLU()
    (5): Conv2d(32, 64, kernel_size=(2, 2), stride=(1, 1))
    (6): ReLU()
  )
  (actor): Sequential(
    (0): Linear(in_features=64, out_features=64, bias=True)
    (1): Tanh()
    (2): Linear(in_features=64, out_features=7, bias=True)
  )
  (critic): Sequential(
    (0): Linear(in_features=64, out_features=64, bias=True)
    (1): Tanh()
    (2): Linear(in_features=64, out_features=1, bias=True)
  )
  (extr_critic): Sequential(
    (0): Linear(in_features=64, out_features=64, bias=True)
    (1): Tanh()
    (2): Linear(in_features=64, out_features=1, bias=True)
  )
)

ACModel(
  (image_conv): Sequential(
    (0): Conv2d(3, 16, kernel_size=(2, 2), stride=(1, 1))
    (1): ReLU()
    (2): MaxPool2d(kernel_size=(2, 2), stride=(2, 2), padding=0, dilation=1, ceil_mode=False)
    (3): Conv2d(16, 32, kernel_size=(2, 2), stride=(1, 1))
    (4): ReLU()
    (5): Conv2d(32, 64, kernel_size=(2, 2), stride=(1, 1))
    (6): ReLU()
  )
  (actor): Sequential(
    (0): Linear(in_features=64, out_features=64, bias=True)
    (1): Tanh()
    (2): Linear(in_features=64, out_features=7, bias=True)
  )
  (critic): Sequential(
    (0): Linear(in_features=64, out_features=64, bias=True)
    (1): Tanh()
    (2): Linear(in_features=64, out_features=1, bias=True)
  )
  (extr_critic): Sequential(
    (0): Linear(in_features=64, out_features=64, bias=True)
    (1): Tanh()
    (2): Linear(in_features=64, out_features=1, bias=True)
  )
)

Optimizer loaded

Optimizer loaded

U 500 | F 064000 | FPS 1678 | D 37 | rR:μσmM 0.00 0.00 0.00 0.00 | F:μσmM 270.0 0.0 270.0 270.0 | H 1.780 | V -0.375 | pL -0.025 | vL 0.001 | ∇ 0.022
U 500 | F 064000 | FPS 1519 | D 37 | rR:μσmM 0.00 0.00 0.00 0.00 | F:μσmM 270.0 0.0 270.0 270.0 | H 1.780 | V -0.421 | pL -0.020 | vL 0.001 | ∇ 0.021
U 1000 | F 128000 | FPS 1645 | D 76 | rR:μσmM 0.05 0.14 0.00 0.55 | F:μσmM 258.8 33.5 136.0 270.0 | H 1.799 | V -0.341 | pL -0.015 | vL 0.002 | ∇ 0.017
U 1000 | F 128000 | FPS 1975 | D 76 | rR:μσmM 0.00 0.00 0.00 0.00 | F:μσmM 270.0 0.0 270.0 270.0 | H 1.813 | V -0.389 | pL -0.014 | vL 0.001 | ∇ 0.014
U 1500 | F 192000 | FPS 1540 | D 116 | rR:μσmM 0.00 0.00 0.00 0.00 | F:μσmM 270.0 0.0 270.0 270.0 | H 1.792 | V -0.330 | pL -0.022 | vL 0.001 | ∇ 0.018
U 1500 | F 192000 | FPS 1586 | D 117 | rR:μσmM 0.00 0.00 0.00 0.00 | F:μσmM 270.0 0.0 270.0 270.0 | H 1.802 | V -0.355 | pL -0.025 | vL 0.001 | ∇ 0.020
U 2000 | F 256000 | FPS 1521 | D 157 | rR:μσmM 0.00 0.00 0.00 0.00 | F:μσmM 270.0 0.0 270.0 270.0 | H 1.799 | V -0.351 | pL -0.028 | vL 0.001 | ∇ 0.022
U 2000 | F 256000 | FPS 1527 | D 158 | rR:μσmM 0.00 0.00 0.00 0.00 | F:μσmM 270.0 0.0 270.0 270.0 | H 1.761 | V -0.416 | pL -0.008 | vL 0.001 | ∇ 0.012
U 2500 | F 320000 | FPS 1812 | D 199 | rR:μσmM 0.00 0.00 0.00 0.00 | F:μσmM 270.0 0.0 270.0 270.0 | H 1.800 | V -0.300 | pL -0.019 | vL 0.001 | ∇ 0.016
U 2500 | F 320000 | FPS 1392 | D 200 | rR:μσmM 0.00 0.00 0.00 0.00 | F:μσmM 270.0 0.0 270.0 270.0 | H 1.757 | V -0.321 | pL -0.020 | vL 0.001 | ∇ 0.015
U 3000 | F 384000 | FPS 1604 | D 242 | rR:μσmM 0.00 0.00 0.00 0.00 | F:μσmM 270.0 0.0 270.0 270.0 | H 1.781 | V -0.313 | pL -0.026 | vL 0.001 | ∇ 0.020
U 3000 | F 384000 | FPS 1625 | D 242 | rR:μσmM 0.00 0.00 0.00 0.00 | F:μσmM 270.0 0.0 270.0 270.0 | H 1.815 | V -0.358 | pL -0.021 | vL 0.001 | ∇ 0.016
U 3500 | F 448000 | FPS 1450 | D 285 | rR:μσmM 0.03 0.10 0.00 0.42 | F:μσmM 264.1 23.0 175.0 270.0 | H 1.723 | V -0.348 | pL -0.004 | vL 0.001 | ∇ 0.016
U 3500 | F 448000 | FPS 1328 | D 286 | rR:μσmM 0.02 0.05 0.00 0.17 | F:μσmM 268.2 5.3 249.0 270.0 | H 1.751 | V -0.374 | pL -0.018 | vL 0.001 | ∇ 0.015
U 4000 | F 512000 | FPS 1398 | D 328 | rR:μσmM 0.04 0.14 0.00 0.57 | F:μσmM 261.1 34.4 128.0 270.0 | H 1.785 | V -0.297 | pL -0.001 | vL 0.001 | ∇ 0.025
U 4000 | F 512000 | FPS 1637 | D 329 | rR:μσmM 0.01 0.03 0.00 0.11 | F:μσmM 269.8 0.7 267.0 270.0 | H 1.758 | V -0.338 | pL -0.011 | vL 0.001 | ∇ 0.015
U 4500 | F 576000 | FPS 1700 | D 371 | rR:μσmM 0.00 0.00 0.00 0.00 | F:μσmM 270.0 0.0 270.0 270.0 | H 1.773 | V -0.325 | pL -0.010 | vL 0.001 | ∇ 0.012
U 4500 | F 576000 | FPS 1591 | D 372 | rR:μσmM 0.00 0.00 0.00 0.00 | F:μσmM 270.0 0.0 270.0 270.0 | H 1.782 | V -0.322 | pL 0.000 | vL 0.001 | ∇ 0.009
U 5000 | F 640000 | FPS 1371 | D 414 | rR:μσmM 0.00 0.00 0.00 0.00 | F:μσmM 270.0 0.0 270.0 270.0 | H 1.736 | V -0.297 | pL -0.005 | vL 0.000 | ∇ 0.014
U 5000 | F 640000 | FPS 1584 | D 415 | rR:μσmM 0.00 0.00 0.00 0.00 | F:μσmM 270.0 0.0 270.0 270.0 | H 1.764 | V -0.305 | pL -0.024 | vL 0.001 | ∇ 0.017
U 5500 | F 704000 | FPS 1392 | D 457 | rR:μσmM 0.05 0.13 0.00 0.53 | F:μσmM 260.1 31.4 140.0 270.0 | H 1.747 | V -0.257 | pL -0.004 | vL 0.001 | ∇ 0.015
U 5500 | F 704000 | FPS 1546 | D 458 | rR:μσmM 0.00 0.00 0.00 0.00 | F:μσmM 270.0 0.0 270.0 270.0 | H 1.720 | V -0.275 | pL -0.035 | vL 0.001 | ∇ 0.025
U 6000 | F 768000 | FPS 1469 | D 500 | rR:μσmM 0.00 0.00 0.00 0.00 | F:μσmM 270.0 0.0 270.0 270.0 | H 1.741 | V -0.326 | pL 0.005 | vL 0.001 | ∇ 0.013
U 6000 | F 768000 | FPS 1240 | D 500 | rR:μσmM 0.00 0.00 0.00 0.00 | F:μσmM 270.0 0.0 270.0 270.0 | H 1.768 | V -0.317 | pL 0.007 | vL 0.004 | ∇ 0.020
U 6500 | F 832000 | FPS 1684 | D 543 | rR:μσmM 0.04 0.17 0.00 0.69 | F:μσmM 258.9 43.1 92.0 270.0 | H 1.742 | V -0.326 | pL -0.012 | vL 0.002 | ∇ 0.013
U 6500 | F 832000 | FPS 1537 | D 543 | rR:μσmM 0.06 0.16 0.00 0.58 | F:μσmM 256.9 37.4 126.0 270.0 | H 1.751 | V -0.281 | pL -0.014 | vL 0.001 | ∇ 0.020
U 7000 | F 896000 | FPS 1543 | D 586 | rR:μσmM 0.00 0.00 0.00 0.00 | F:μσmM 270.0 0.0 270.0 270.0 | H 1.785 | V -0.284 | pL -0.015 | vL 0.001 | ∇ 0.019
U 7000 | F 896000 | FPS 1665 | D 587 | rR:μσmM 0.00 0.00 0.00 0.00 | F:μσmM 270.0 0.0 270.0 270.0 | H 1.755 | V -0.332 | pL -0.028 | vL 0.001 | ∇ 0.023
U 7500 | F 960000 | FPS 1414 | D 630 | rR:μσmM 0.07 0.19 0.00 0.79 | F:μσmM 254.6 49.9 63.0 270.0 | H 1.754 | V -0.278 | pL -0.007 | vL 0.001 | ∇ 0.012
U 7500 | F 960000 | FPS 1468 | D 630 | rR:μσmM 0.03 0.13 0.00 0.54 | F:μσmM 261.8 32.0 138.0 270.0 | H 1.778 | V -0.284 | pL -0.003 | vL 0.000 | ∇ 0.009
U 8000 | F 1024000 | FPS 1328 | D 673 | rR:μσmM 0.02 0.06 0.00 0.19 | F:μσmM 267.5 7.2 242.0 270.0 | H 1.780 | V -0.272 | pL 0.023 | vL 0.007 | ∇ 0.035
U 8000 | F 1024000 | FPS 1431 | D 673 | rR:μσmM 0.00 0.00 0.00 0.00 | F:μσmM 270.0 0.0 270.0 270.0 | H 1.809 | V -0.368 | pL 0.008 | vL 0.000 | ∇ 0.012
U 8500 | F 1088000 | FPS 1515 | D 717 | rR:μσmM 0.10 0.20 0.00 0.53 | F:μσmM 246.6 48.8 141.0 270.0 | H 1.759 | V -0.250 | pL -0.004 | vL 0.001 | ∇ 0.016
U 8500 | F 1088000 | FPS 1395 | D 717 | rR:μσmM 0.00 0.00 0.00 0.00 | F:μσmM 270.0 0.0 270.0 270.0 | H 1.744 | V -0.338 | pL -0.012 | vL 0.001 | ∇ 0.012
U 9000 | F 1152000 | FPS 1275 | D 760 | rR:μσmM 0.04 0.08 0.00 0.27 | F:μσmM 265.1 13.2 218.0 270.0 | H 1.746 | V -0.262 | pL -0.031 | vL 0.001 | ∇ 0.028
U 9000 | F 1152000 | FPS 1460 | D 761 | rR:μσmM 0.00 0.00 0.00 0.00 | F:μσmM 270.0 0.0 270.0 270.0 | H 1.732 | V -0.334 | pL 0.023 | vL 0.007 | ∇ 0.031
U 9500 | F 1216000 | FPS 1379 | D 804 | rR:μσmM 0.02 0.09 0.00 0.37 | F:μσmM 264.9 19.6 189.0 270.0 | H 1.746 | V -0.281 | pL -0.006 | vL 0.003 | ∇ 0.028
U 9500 | F 1216000 | FPS 1316 | D 804 | rR:μσmM 0.05 0.20 0.00 0.83 | F:μσmM 256.4 52.8 52.0 270.0 | H 1.766 | V -0.301 | pL -0.012 | vL 0.000 | ∇ 0.018
U 10000 | F 1280000 | FPS 1596 | D 848 | rR:μσmM 0.01 0.06 0.00 0.23 | F:μσmM 267.5 9.7 230.0 270.0 | H 1.719 | V -0.272 | pL -0.010 | vL 0.001 | ∇ 0.014
U 10000 | F 1280000 | FPS 1407 | D 848 | rR:μσmM 0.03 0.13 0.00 0.55 | F:μσmM 261.6 32.7 135.0 270.0 | H 1.774 | V -0.292 | pL -0.005 | vL 0.001 | ∇ 0.010
U 10500 | F 1344000 | FPS 1502 | D 892 | rR:μσmM 0.06 0.13 0.00 0.40 | F:μσmM 256.6 28.8 179.0 270.0 | H 1.711 | V -0.223 | pL 0.001 | vL 0.000 | ∇ 0.012
U 10500 | F 1344000 | FPS 1679 | D 892 | rR:μσmM 0.07 0.19 0.00 0.76 | F:μσmM 253.7 47.8 73.0 270.0 | H 1.776 | V -0.338 | pL 0.002 | vL 0.001 | ∇ 0.013
U 11000 | F 1408000 | FPS 1613 | D 935 | rR:μσmM 0.15 0.24 0.00 0.65 | F:μσmM 233.9 57.6 105.0 270.0 | H 1.735 | V -0.232 | pL -0.013 | vL 0.001 | ∇ 0.012
U 11000 | F 1408000 | FPS 1500 | D 936 | rR:μσmM 0.04 0.16 0.00 0.66 | F:μσmM 259.4 40.9 101.0 270.0 | H 1.763 | V -0.336 | pL -0.014 | vL 0.001 | ∇ 0.020
U 11500 | F 1472000 | FPS 1577 | D 978 | rR:μσmM 0.01 0.05 0.00 0.20 | F:μσmM 268.1 7.3 240.0 270.0 | H 1.787 | V -0.281 | pL -0.008 | vL 0.002 | ∇ 0.014
U 11500 | F 1472000 | FPS 1510 | D 979 | rR:μσmM 0.06 0.14 0.00 0.42 | F:μσmM 256.1 30.8 174.0 270.0 | H 1.745 | V -0.226 | pL -0.007 | vL 0.001 | ∇ 0.016
U 12000 | F 1536000 | FPS 1647 | D 1021 | rR:μσmM 0.04 0.17 0.00 0.69 | F:μσmM 259.0 42.6 94.0 270.0 | H 1.779 | V -0.274 | pL -0.003 | vL 0.000 | ∇ 0.009
U 12000 | F 1536000 | FPS 1666 | D 1022 | rR:μσmM 0.05 0.14 0.00 0.46 | F:μσmM 258.6 30.8 163.0 270.0 | H 1.746 | V -0.266 | pL 0.011 | vL 0.002 | ∇ 0.037
U 12500 | F 1600000 | FPS 1371 | D 1064 | rR:μσmM 0.07 0.18 0.00 0.59 | F:μσmM 253.9 43.1 123.0 270.0 | H 1.764 | V -0.300 | pL -0.007 | vL 0.001 | ∇ 0.013
U 12500 | F 1600000 | FPS 1746 | D 1065 | rR:μσmM 0.27 0.29 0.00 0.89 | F:μσmM 202.8 74.5 33.0 270.0 | H 1.601 | V -0.176 | pL -0.008 | vL 0.004 | ∇ 0.033
U 13000 | F 1664000 | FPS 1275 | D 1107 | rR:μσmM 0.03 0.10 0.00 0.41 | F:μσmM 264.1 22.8 176.0 270.0 | H 1.770 | V -0.327 | pL -0.002 | vL 0.002 | ∇ 0.022
U 13000 | F 1664000 | FPS 1313 | D 1109 | rR:μσmM 0.25 0.32 0.00 0.90 | F:μσmM 207.9 82.7 30.0 270.0 | H 1.655 | V -0.203 | pL 0.013 | vL 0.007 | ∇ 0.077
U 13500 | F 1728000 | FPS 1532 | D 1151 | rR:μσmM 0.00 0.00 0.00 0.00 | F:μσmM 270.0 0.0 270.0 270.0 | H 1.762 | V -0.288 | pL -0.008 | vL 0.003 | ∇ 0.022
U 13500 | F 1728000 | FPS 1464 | D 1152 | rR:μσmM 0.19 0.27 0.00 0.76 | F:μσmM 223.9 66.8 71.0 270.0 | H 1.631 | V -0.144 | pL -0.005 | vL 0.001 | ∇ 0.043
U 14000 | F 1792000 | FPS 1446 | D 1195 | rR:μσmM 0.00 0.00 0.00 0.00 | F:μσmM 270.0 0.0 270.0 270.0 | H 1.790 | V -0.309 | pL -0.018 | vL 0.001 | ∇ 0.014
U 14000 | F 1792000 | FPS 1316 | D 1196 | rR:μσmM 0.30 0.31 0.00 0.80 | F:μσmM 195.8 79.3 61.0 270.0 | H 1.616 | V -0.132 | pL 0.018 | vL 0.005 | ∇ 0.058
U 14500 | F 1856000 | FPS 1556 | D 1238 | rR:μσmM 0.04 0.14 0.00 0.58 | F:μσmM 261.0 34.9 126.0 270.0 | H 1.747 | V -0.250 | pL -0.007 | vL 0.002 | ∇ 0.021
U 14500 | F 1856000 | FPS 1553 | D 1240 | rR:μσmM 0.50 0.32 0.00 0.85 | F:μσmM 143.7 85.3 44.0 270.0 | H 1.617 | V -0.028 | pL -0.005 | vL 0.002 | ∇ 0.055
U 15000 | F 1920000 | FPS 1385 | D 1282 | rR:μσmM 0.00 0.00 0.00 0.00 | F:μσmM 270.0 0.0 270.0 270.0 | H 1.768 | V -0.284 | pL 0.008 | vL 0.002 | ∇ 0.022
U 15000 | F 1920000 | FPS 1441 | D 1284 | rR:μσmM 0.69 0.21 0.00 0.91 | F:μσmM 90.9 56.6 28.0 270.0 | H 1.456 | V 0.204 | pL -0.003 | vL 0.004 | ∇ 0.110
U 15500 | F 1984000 | FPS 1294 | D 1326 | rR:μσmM 0.05 0.10 0.00 0.31 | F:μσmM 261.3 19.3 206.0 270.0 | H 1.744 | V -0.263 | pL -0.011 | vL 0.002 | ∇ 0.022
U 15500 | F 1984000 | FPS 1345 | D 1329 | rR:μσmM 0.78 0.13 0.55 0.93 | F:μσmM 67.4 38.4 20.0 134.0 | H 1.377 | V 0.357 | pL -0.045 | vL 0.005 | ∇ 0.133
U 16000 | F 2048000 | FPS 1543 | D 1369 | rR:μσmM 0.00 0.00 0.00 0.00 | F:μσmM 270.0 0.0 270.0 270.0 | H 1.783 | V -0.295 | pL -0.023 | vL 0.001 | ∇ 0.025
U 16000 | F 2048000 | FPS 1496 | D 1373 | rR:μσmM 0.85 0.05 0.77 0.91 | F:μσmM 43.6 14.0 26.0 70.0 | H 1.288 | V 0.534 | pL -0.052 | vL 0.007 | ∇ 0.113
U 16500 | F 2112000 | FPS 1503 | D 1413 | rR:μσmM 0.02 0.07 0.00 0.27 | F:μσmM 266.8 12.3 219.0 270.0 | H 1.749 | V -0.283 | pL -0.009 | vL 0.001 | ∇ 0.039
U 16500 | F 2112000 | FPS 1387 | D 1418 | rR:μσmM 0.80 0.11 0.54 0.94 | F:μσmM 60.4 34.3 17.0 139.0 | H 1.301 | V 0.471 | pL 0.005 | vL 0.004 | ∇ 0.084
U 17000 | F 2176000 | FPS 1492 | D 1457 | rR:μσmM 0.06 0.14 0.00 0.52 | F:μσmM 258.6 32.0 143.0 270.0 | H 1.755 | V -0.270 | pL 0.012 | vL 0.002 | ∇ 0.030
U 17000 | F 2176000 | FPS 1431 | D 1463 | rR:μσmM 0.86 0.10 0.50 0.93 | F:μσmM 43.3 28.6 22.0 150.0 | H 1.261 | V 0.550 | pL -0.001 | vL 0.003 | ∇ 0.062
U 17500 | F 2240000 | FPS 1370 | D 1500 | rR:μσmM 0.05 0.13 0.00 0.39 | F:μσmM 259.4 28.0 182.0 270.0 | H 1.743 | V -0.297 | pL -0.004 | vL 0.001 | ∇ 0.012
U 17500 | F 2240000 | FPS 1465 | D 1508 | rR:μσmM 0.83 0.08 0.56 0.92 | F:μσmM 50.9 24.6 23.0 131.0 | H 1.207 | V 0.552 | pL -0.002 | vL 0.004 | ∇ 0.088
U 18000 | F 2304000 | FPS 1309 | D 1545 | rR:μσmM 0.05 0.20 0.00 0.81 | F:μσmM 256.6 51.8 56.0 270.0 | H 1.754 | V -0.285 | pL -0.008 | vL 0.004 | ∇ 0.043
U 18000 | F 2304000 | FPS 1284 | D 1555 | rR:μσmM 0.87 0.07 0.72 0.95 | F:μσmM 38.8 21.4 15.0 83.0 | H 0.998 | V 0.681 | pL 0.021 | vL 0.003 | ∇ 0.082
U 18500 | F 2368000 | FPS 1422 | D 1590 | rR:μσmM 0.19 0.30 0.00 0.86 | F:μσmM 222.6 76.4 42.0 270.0 | H 1.811 | V -0.261 | pL -0.015 | vL 0.001 | ∇ 0.018
U 18500 | F 2368000 | FPS 1347 | D 1600 | rR:μσmM 0.84 0.08 0.59 0.93 | F:μσmM 48.1 23.9 22.0 124.0 | H 1.255 | V 0.589 | pL -0.014 | vL 0.004 | ∇ 0.073
U 19000 | F 2432000 | FPS 1775 | D 1633 | rR:μσmM 0.13 0.23 0.00 0.59 | F:μσmM 237.8 56.9 122.0 270.0 | H 1.746 | V -0.238 | pL 0.018 | vL 0.004 | ∇ 0.060
U 19000 | F 2432000 | FPS 1426 | D 1645 | rR:μσmM 0.88 0.05 0.72 0.94 | F:μσmM 37.4 15.8 18.0 85.0 | H 1.157 | V 0.724 | pL -0.001 | vL 0.002 | ∇ 0.095
U 19500 | F 2496000 | FPS 1751 | D 1676 | rR:μσmM 0.03 0.06 0.00 0.22 | F:μσmM 267.4 8.4 235.0 270.0 | H 1.786 | V -0.270 | pL -0.026 | vL 0.001 | ∇ 0.017
U 19500 | F 2496000 | FPS 1255 | D 1690 | rR:μσmM 0.85 0.05 0.75 0.93 | F:μσmM 44.4 15.8 21.0 76.0 | H 1.276 | V 0.622 | pL -0.031 | vL 0.001 | ∇ 0.078
U 20000 | F 2560000 | FPS 1541 | D 1721 | rR:μσmM 0.10 0.18 0.00 0.54 | F:μσmM 248.2 42.8 138.0 270.0 | H 1.755 | V -0.282 | pL -0.002 | vL 0.001 | ∇ 0.015
U 20000 | F 2560000 | FPS 1327 | D 1735 | rR:μσmM 0.83 0.22 0.00 0.94 | F:μσmM 48.6 58.1 19.0 270.0 | H 1.160 | V 0.613 | pL -0.020 | vL 0.003 | ∇ 0.092
U 20500 | F 2624000 | FPS 1575 | D 1765 | rR:μσmM 0.16 0.25 0.00 0.68 | F:μσmM 232.9 61.8 96.0 270.0 | H 1.756 | V -0.255 | pL -0.025 | vL 0.001 | ∇ 0.024
U 20500 | F 2624000 | FPS 1525 | D 1781 | rR:μσmM 0.87 0.03 0.81 0.92 | F:μσmM 38.6 8.9 23.0 56.0 | H 1.180 | V 0.695 | pL -0.023 | vL 0.002 | ∇ 0.064
U 21000 | F 2688000 | FPS 1379 | D 1809 | rR:μσmM 0.06 0.21 0.00 0.88 | F:μσmM 254.8 56.3 37.0 270.0 | H 1.740 | V -0.215 | pL -0.018 | vL 0.001 | ∇ 0.017
U 21000 | F 2688000 | FPS 1320 | D 1826 | rR:μσmM 0.89 0.04 0.79 0.93 | F:μσmM 33.8 12.9 20.0 62.0 | H 1.091 | V 0.713 | pL -0.017 | vL 0.002 | ∇ 0.058
U 21500 | F 2752000 | FPS 1296 | D 1853 | rR:μσmM 0.20 0.26 0.00 0.81 | F:μσmM 222.2 65.3 56.0 270.0 | H 1.696 | V -0.201 | pL -0.010 | vL 0.001 | ∇ 0.020
U 21500 | F 2752000 | FPS 1304 | D 1871 | rR:μσmM 0.83 0.22 0.00 0.93 | F:μσmM 48.4 57.8 21.0 270.0 | H 1.119 | V 0.675 | pL -0.015 | vL 0.003 | ∇ 0.087
U 22000 | F 2816000 | FPS 1551 | D 1896 | rR:μσmM 0.13 0.20 0.00 0.55 | F:μσmM 241.5 46.8 134.0 270.0 | H 1.707 | V -0.236 | pL -0.017 | vL 0.001 | ∇ 0.015
U 22000 | F 2816000 | FPS 1404 | D 1916 | rR:μσmM 0.88 0.03 0.81 0.94 | F:μσmM 37.1 10.1 19.0 57.0 | H 1.133 | V 0.736 | pL -0.008 | vL 0.001 | ∇ 0.044
U 22500 | F 2880000 | FPS 1387 | D 1940 | rR:μσmM 0.19 0.26 0.00 0.76 | F:μσmM 225.7 66.7 72.0 270.0 | H 1.754 | V -0.240 | pL 0.029 | vL 0.003 | ∇ 0.044
U 22500 | F 2880000 | FPS 1521 | D 1962 | rR:μσmM 0.88 0.05 0.78 0.95 | F:μσmM 35.6 15.2 15.0 67.0 | H 1.010 | V 0.738 | pL -0.015 | vL 0.002 | ∇ 0.084
U 23000 | F 2944000 | FPS 1602 | D 1984 | rR:μσmM 0.25 0.31 0.00 0.87 | F:μσmM 209.6 80.1 38.0 270.0 | H 1.716 | V -0.164 | pL -0.016 | vL 0.002 | ∇ 0.058
U 23000 | F 2944000 | FPS 1501 | D 2007 | rR:μσmM 0.90 0.03 0.83 0.94 | F:μσmM 30.1 8.3 17.0 51.0 | H 1.180 | V 0.704 | pL -0.028 | vL 0.003 | ∇ 0.133
Final model saved
Gym has been unmaintained since 2022 and does not support NumPy 2.0 amongst other critical functionality.
Please upgrade to Gymnasium, the maintained drop-in replacement of Gym, or contact the authors of your software and request that they upgrade.
Users of this version of Gym should be able to simply replace 'import gym' with 'import gymnasium as gym' in the vast majority of cases.
See the migration guide at https://gymnasium.farama.org/introduction/migration_guide/ for additional information.
Episodes evaluated: 200
Successes:          51
Success rate:       25.5%
Mean return:        0.2352
SUCCESS_RATE=25.50
[DONE] fastse-fast-si2e-KeyCorridorS3R2-s1: SR=25.50%  FPS=1975
Final model saved
Gym has been unmaintained since 2022 and does not support NumPy 2.0 amongst other critical functionality.
Please upgrade to Gymnasium, the maintained drop-in replacement of Gym, or contact the authors of your software and request that they upgrade.
Users of this version of Gym should be able to simply replace 'import gym' with 'import gymnasium as gym' in the vast majority of cases.
See the migration guide at https://gymnasium.farama.org/introduction/migration_guide/ for additional information.
Episodes evaluated: 200
Successes:          200
Success rate:       100.0%
Mean return:        0.9283
SUCCESS_RATE=100.00
[DONE] fastse-fast-si2e-KeyCorridorS3R2-s2: SR=100.00%  FPS=1812
========================================================
[RUN] method=fast-si2e  env=KeyCorridorS3R2  seed=3  frames=3000000
========================================================
Gym has been unmaintained since 2022 and does not support NumPy 2.0 amongst other critical functionality.
Please upgrade to Gymnasium, the maintained drop-in replacement of Gym, or contact the authors of your software and request that they upgrade.
Users of this version of Gym should be able to simply replace 'import gym' with 'import gymnasium as gym' in the vast majority of cases.
See the migration guide at https://gymnasium.farama.org/introduction/migration_guide/ for additional information.
/workspace/learn-si2e/SI2E/SI2E_A2C/rl-starter-files/rl-starter-files/scripts/train.py --env MiniGrid-KeyCorridorS3R2-v0 --model fastse-fast-si2e-KeyCorridorS3R2-s3 --frames 3000000 --use_batch --save-interval 0 --log-interval 500 --seed 3 --algo a2c --use_entropy_reward --use_value_condition --beta 0.005 --fast_se

Namespace(algo='a2c', env='MiniGrid-KeyCorridorS3R2-v0', model='fastse-fast-si2e-KeyCorridorS3R2-s3', seed=3, log_interval=500, save_interval=0, procs=16, frames=3000000, epochs=4, batch_size=256, frames_per_proc=None, discount=0.99, lr=0.001, gae_lambda=0.95, entropy_coef=0.01, value_loss_coef=0.5, max_grad_norm=0.5, optim_eps=1e-08, optim_alpha=0.99, clip_eps=0.2, recurrence=1, text=False, use_entropy_reward=True, use_value_condition=True, beta=0.005, beta_adaptive=False, fast_se=True, use_batch=True, ablation=None, mem=False)

Device: cuda:0

Environments loaded

Training status loaded

Observations preprocessor loaded
Model loaded

ACModel(
  (image_conv): Sequential(
    (0): Conv2d(3, 16, kernel_size=(2, 2), stride=(1, 1))
    (1): ReLU()
    (2): MaxPool2d(kernel_size=(2, 2), stride=(2, 2), padding=0, dilation=1, ceil_mode=False)
    (3): Conv2d(16, 32, kernel_size=(2, 2), stride=(1, 1))
    (4): ReLU()
    (5): Conv2d(32, 64, kernel_size=(2, 2), stride=(1, 1))
    (6): ReLU()
  )
  (actor): Sequential(
    (0): Linear(in_features=64, out_features=64, bias=True)
    (1): Tanh()
    (2): Linear(in_features=64, out_features=7, bias=True)
  )
  (critic): Sequential(
    (0): Linear(in_features=64, out_features=64, bias=True)
    (1): Tanh()
    (2): Linear(in_features=64, out_features=1, bias=True)
  )
  (extr_critic): Sequential(
    (0): Linear(in_features=64, out_features=64, bias=True)
    (1): Tanh()
    (2): Linear(in_features=64, out_features=1, bias=True)
  )
)

Optimizer loaded

U 500 | F 064000 | FPS 1839 | D 33 | rR:μσmM 0.00 0.00 0.00 0.00 | F:μσmM 270.0 0.0 270.0 270.0 | H 1.805 | V -0.465 | pL -0.017 | vL 0.001 | ∇ 0.016
U 1000 | F 128000 | FPS 2202 | D 64 | rR:μσmM 0.00 0.00 0.00 0.00 | F:μσmM 270.0 0.0 270.0 270.0 | H 1.803 | V -0.400 | pL -0.024 | vL 0.001 | ∇ 0.023
U 1500 | F 192000 | FPS 1991 | D 94 | rR:μσmM 0.00 0.00 0.00 0.00 | F:μσmM 270.0 0.0 270.0 270.0 | H 1.810 | V -0.395 | pL -0.014 | vL 0.001 | ∇ 0.012
U 2000 | F 256000 | FPS 2351 | D 124 | rR:μσmM 0.00 0.00 0.00 0.00 | F:μσmM 270.0 0.0 270.0 270.0 | H 1.772 | V -0.379 | pL -0.010 | vL 0.001 | ∇ 0.008
U 2500 | F 320000 | FPS 2379 | D 153 | rR:μσmM 0.00 0.00 0.00 0.00 | F:μσmM 270.0 0.0 270.0 270.0 | H 1.753 | V -0.334 | pL -0.024 | vL 0.001 | ∇ 0.018
U 3000 | F 384000 | FPS 2261 | D 183 | rR:μσmM 0.00 0.00 0.00 0.00 | F:μσmM 270.0 0.0 270.0 270.0 | H 1.799 | V -0.352 | pL -0.017 | vL 0.001 | ∇ 0.014
U 3500 | F 448000 | FPS 2382 | D 212 | rR:μσmM 0.00 0.00 0.00 0.00 | F:μσmM 270.0 0.0 270.0 270.0 | H 1.775 | V -0.366 | pL -0.014 | vL 0.001 | ∇ 0.011
U 4000 | F 512000 | FPS 1900 | D 242 | rR:μσmM 0.00 0.00 0.00 0.00 | F:μσmM 270.0 0.0 270.0 270.0 | H 1.769 | V -0.365 | pL 0.063 | vL 0.011 | ∇ 0.055
U 4500 | F 576000 | FPS 1751 | D 272 | rR:μσmM 0.00 0.00 0.00 0.00 | F:μσmM 270.0 0.0 270.0 270.0 | H 1.779 | V -0.346 | pL -0.020 | vL 0.001 | ∇ 0.016
U 5000 | F 640000 | FPS 2361 | D 303 | rR:μσmM 0.03 0.10 0.00 0.43 | F:μσmM 263.8 24.0 171.0 270.0 | H 1.794 | V -0.325 | pL -0.014 | vL 0.001 | ∇ 0.014
U 5500 | F 704000 | FPS 1937 | D 333 | rR:μσmM 0.01 0.03 0.00 0.12 | F:μσmM 269.6 1.5 264.0 270.0 | H 1.795 | V -0.351 | pL -0.000 | vL 0.002 | ∇ 0.010
U 6000 | F 768000 | FPS 2186 | D 363 | rR:μσmM 0.00 0.00 0.00 0.00 | F:μσmM 270.0 0.0 270.0 270.0 | H 1.774 | V -0.377 | pL -0.015 | vL 0.001 | ∇ 0.016
U 6500 | F 832000 | FPS 2426 | D 393 | rR:μσmM 0.00 0.00 0.00 0.00 | F:μσmM 270.0 0.0 270.0 270.0 | H 1.748 | V -0.335 | pL -0.007 | vL 0.001 | ∇ 0.014
U 7000 | F 896000 | FPS 1702 | D 423 | rR:μσmM 0.00 0.00 0.00 0.00 | F:μσmM 270.0 0.0 270.0 270.0 | H 1.778 | V -0.373 | pL -0.006 | vL 0.001 | ∇ 0.010
U 7500 | F 960000 | FPS 2090 | D 453 | rR:μσmM 0.00 0.00 0.00 0.00 | F:μσmM 270.0 0.0 270.0 270.0 | H 1.788 | V -0.330 | pL -0.016 | vL 0.001 | ∇ 0.014
U 8000 | F 1024000 | FPS 2179 | D 483 | rR:μσmM 0.00 0.00 0.00 0.00 | F:μσmM 270.0 0.0 270.0 270.0 | H 1.721 | V -0.343 | pL 0.028 | vL 0.005 | ∇ 0.028
U 8500 | F 1088000 | FPS 2357 | D 512 | rR:μσmM 0.00 0.00 0.00 0.00 | F:μσmM 270.0 0.0 270.0 270.0 | H 1.781 | V -0.346 | pL -0.002 | vL 0.000 | ∇ 0.010
U 9000 | F 1152000 | FPS 2446 | D 541 | rR:μσmM 0.00 0.00 0.00 0.00 | F:μσmM 270.0 0.0 270.0 270.0 | H 1.746 | V -0.355 | pL -0.013 | vL 0.001 | ∇ 0.013
U 9500 | F 1216000 | FPS 2488 | D 570 | rR:μσmM 0.00 0.00 0.00 0.00 | F:μσmM 270.0 0.0 270.0 270.0 | H 1.765 | V -0.324 | pL -0.024 | vL 0.001 | ∇ 0.017
U 10000 | F 1280000 | FPS 2446 | D 599 | rR:μσmM 0.00 0.00 0.00 0.00 | F:μσmM 270.0 0.0 270.0 270.0 | H 1.788 | V -0.351 | pL -0.014 | vL 0.001 | ∇ 0.011
U 10500 | F 1344000 | FPS 2066 | D 628 | rR:μσmM 0.00 0.00 0.00 0.00 | F:μσmM 270.0 0.0 270.0 270.0 | H 1.772 | V -0.353 | pL 0.012 | vL 0.003 | ∇ 0.037
U 11000 | F 1408000 | FPS 2012 | D 657 | rR:μσmM 0.00 0.00 0.00 0.00 | F:μσmM 270.0 0.0 270.0 270.0 | H 1.728 | V -0.329 | pL 0.017 | vL 0.005 | ∇ 0.031
U 11500 | F 1472000 | FPS 1924 | D 686 | rR:μσmM 0.03 0.13 0.00 0.54 | F:μσmM 261.8 32.0 138.0 270.0 | H 1.780 | V -0.319 | pL -0.011 | vL 0.001 | ∇ 0.012
U 12000 | F 1536000 | FPS 2396 | D 715 | rR:μσmM 0.00 0.00 0.00 0.00 | F:μσmM 270.0 0.0 270.0 270.0 | H 1.729 | V -0.336 | pL -0.021 | vL 0.001 | ∇ 0.014
U 12500 | F 1600000 | FPS 2287 | D 744 | rR:μσmM 0.00 0.00 0.00 0.00 | F:μσmM 270.0 0.0 270.0 270.0 | H 1.785 | V -0.311 | pL -0.028 | vL 0.001 | ∇ 0.029
U 13000 | F 1664000 | FPS 1851 | D 772 | rR:μσmM 0.01 0.04 0.00 0.15 | F:μσmM 269.0 3.9 254.0 270.0 | H 1.745 | V -0.304 | pL 0.034 | vL 0.005 | ∇ 0.099
U 13500 | F 1728000 | FPS 2453 | D 801 | rR:μσmM 0.00 0.00 0.00 0.00 | F:μσmM 270.0 0.0 270.0 270.0 | H 1.763 | V -0.298 | pL 0.008 | vL 0.005 | ∇ 0.029
U 14000 | F 1792000 | FPS 2339 | D 829 | rR:μσmM 0.09 0.21 0.00 0.65 | F:μσmM 248.9 54.6 104.0 270.0 | H 1.778 | V -0.263 | pL -0.030 | vL 0.001 | ∇ 0.024
U 14500 | F 1856000 | FPS 2399 | D 858 | rR:μσmM 0.05 0.16 0.00 0.62 | F:μσmM 257.7 38.6 113.0 270.0 | H 1.791 | V -0.288 | pL -0.007 | vL 0.000 | ∇ 0.011
U 15000 | F 1920000 | FPS 2034 | D 887 | rR:μσmM 0.11 0.22 0.00 0.65 | F:μσmM 243.6 55.6 105.0 270.0 | H 1.758 | V -0.270 | pL 0.001 | vL 0.003 | ∇ 0.042
U 15500 | F 1984000 | FPS 2427 | D 917 | rR:μσmM 0.00 0.00 0.00 0.00 | F:μσmM 270.0 0.0 270.0 270.0 | H 1.750 | V -0.300 | pL 0.022 | vL 0.003 | ∇ 0.028
U 16000 | F 2048000 | FPS 2279 | D 945 | rR:μσmM 0.03 0.10 0.00 0.43 | F:μσmM 263.8 24.0 171.0 270.0 | H 1.738 | V -0.301 | pL -0.019 | vL 0.001 | ∇ 0.018
U 16500 | F 2112000 | FPS 2118 | D 974 | rR:μσmM 0.05 0.14 0.00 0.56 | F:μσmM 259.8 33.4 133.0 270.0 | H 1.782 | V -0.251 | pL -0.022 | vL 0.002 | ∇ 0.030
U 17000 | F 2176000 | FPS 2162 | D 1002 | rR:μσmM 0.04 0.16 0.00 0.67 | F:μσmM 259.4 41.2 100.0 270.0 | H 1.781 | V -0.289 | pL 0.008 | vL 0.003 | ∇ 0.020
U 17500 | F 2240000 | FPS 2184 | D 1031 | rR:μσmM 0.16 0.25 0.00 0.72 | F:μσmM 232.4 63.5 83.0 270.0 | H 1.748 | V -0.253 | pL 0.015 | vL 0.003 | ∇ 0.034
U 18000 | F 2304000 | FPS 2137 | D 1060 | rR:μσmM 0.02 0.07 0.00 0.28 | F:μσmM 266.6 13.1 216.0 270.0 | H 1.758 | V -0.286 | pL -0.003 | vL 0.000 | ∇ 0.014
U 18500 | F 2368000 | FPS 2347 | D 1089 | rR:μσmM 0.03 0.11 0.00 0.47 | F:μσmM 263.1 26.9 159.0 270.0 | H 1.714 | V -0.285 | pL -0.019 | vL 0.001 | ∇ 0.017
U 19000 | F 2432000 | FPS 2508 | D 1118 | rR:μσmM 0.02 0.06 0.00 0.27 | F:μσmM 266.9 12.1 220.0 270.0 | H 1.772 | V -0.317 | pL 0.008 | vL 0.003 | ∇ 0.025
U 19500 | F 2496000 | FPS 2674 | D 1146 | rR:μσmM 0.00 0.00 0.00 0.00 | F:μσmM 270.0 0.0 270.0 270.0 | H 1.718 | V -0.290 | pL -0.013 | vL 0.001 | ∇ 0.022
U 20000 | F 2560000 | FPS 2035 | D 1175 | rR:μσmM 0.10 0.17 0.00 0.48 | F:μσmM 247.9 38.1 155.0 270.0 | H 1.753 | V -0.259 | pL 0.005 | vL 0.011 | ∇ 0.059
U 20500 | F 2624000 | FPS 1817 | D 1204 | rR:μσmM 0.10 0.22 0.00 0.74 | F:μσmM 245.4 54.9 77.0 270.0 | H 1.719 | V -0.215 | pL 0.025 | vL 0.019 | ∇ 0.112
U 21000 | F 2688000 | FPS 1996 | D 1233 | rR:μσmM 0.07 0.16 0.00 0.53 | F:μσmM 255.2 37.4 140.0 270.0 | H 1.677 | V -0.223 | pL 0.025 | vL 0.002 | ∇ 0.046
U 21500 | F 2752000 | FPS 2382 | D 1262 | rR:μσmM 0.25 0.26 0.00 0.76 | F:μσmM 212.9 65.2 71.0 270.0 | H 1.658 | V -0.205 | pL -0.016 | vL 0.006 | ∇ 0.060
U 22000 | F 2816000 | FPS 2163 | D 1291 | rR:μσmM 0.38 0.36 0.00 0.89 | F:μσmM 174.2 93.3 34.0 270.0 | H 1.621 | V -0.107 | pL -0.046 | vL 0.004 | ∇ 0.138
U 22500 | F 2880000 | FPS 2234 | D 1320 | rR:μσmM 0.25 0.32 0.00 0.83 | F:μσmM 207.3 83.4 51.0 270.0 | H 1.586 | V -0.182 | pL -0.023 | vL 0.002 | ∇ 0.047
U 23000 | F 2944000 | FPS 2294 | D 1349 | rR:μσmM 0.31 0.35 0.00 0.89 | F:μσmM 190.5 91.8 33.0 270.0 | H 1.600 | V -0.157 | pL -0.033 | vL 0.001 | ∇ 0.043
Final model saved
Gym has been unmaintained since 2022 and does not support NumPy 2.0 amongst other critical functionality.
Please upgrade to Gymnasium, the maintained drop-in replacement of Gym, or contact the authors of your software and request that they upgrade.
Users of this version of Gym should be able to simply replace 'import gym' with 'import gymnasium as gym' in the vast majority of cases.
See the migration guide at https://gymnasium.farama.org/introduction/migration_guide/ for additional information.
Episodes evaluated: 201
Successes:          22
Success rate:       10.9%
Mean return:        0.1021
SUCCESS_RATE=10.95
[DONE] fastse-fast-si2e-KeyCorridorS3R2-s3: SR=10.95%  FPS=2674
========================================================
[RUN] method=ppo-fast-si2e  env=KeyCorridorS3R2  seed=1  frames=3000000
========================================================
========================================================
[RUN] method=ppo-fast-si2e  env=KeyCorridorS3R2  seed=2  frames=3000000
========================================================
Gym has been unmaintained since 2022 and does not support NumPy 2.0 amongst other critical functionality.
Please upgrade to Gymnasium, the maintained drop-in replacement of Gym, or contact the authors of your software and request that they upgrade.
Users of this version of Gym should be able to simply replace 'import gym' with 'import gymnasium as gym' in the vast majority of cases.
See the migration guide at https://gymnasium.farama.org/introduction/migration_guide/ for additional information.
Gym has been unmaintained since 2022 and does not support NumPy 2.0 amongst other critical functionality.
Please upgrade to Gymnasium, the maintained drop-in replacement of Gym, or contact the authors of your software and request that they upgrade.
Users of this version of Gym should be able to simply replace 'import gym' with 'import gymnasium as gym' in the vast majority of cases.
See the migration guide at https://gymnasium.farama.org/introduction/migration_guide/ for additional information.
/workspace/learn-si2e/SI2E/SI2E_A2C/rl-starter-files/rl-starter-files/scripts/train.py --env MiniGrid-KeyCorridorS3R2-v0 --model fastse-ppo-fast-si2e-KeyCorridorS3R2-s2 --frames 3000000 --use_batch --save-interval 0 --log-interval 500 --seed 2 --algo ppo --use_entropy_reward --use_value_condition --beta 0.005 --fast_se

Namespace(algo='ppo', env='MiniGrid-KeyCorridorS3R2-v0', model='fastse-ppo-fast-si2e-KeyCorridorS3R2-s2', seed=2, log_interval=500, save_interval=0, procs=16, frames=3000000, epochs=4, batch_size=256, frames_per_proc=None, discount=0.99, lr=0.001, gae_lambda=0.95, entropy_coef=0.01, value_loss_coef=0.5, max_grad_norm=0.5, optim_eps=1e-08, optim_alpha=0.99, clip_eps=0.2, recurrence=1, text=False, use_entropy_reward=True, use_value_condition=True, beta=0.005, beta_adaptive=False, fast_se=True, use_batch=True, ablation=None, mem=False)

Device: cuda:0

Environments loaded

Training status loaded

Observations preprocessor loaded
Model loaded

ACModel(
  (image_conv): Sequential(
    (0): Conv2d(3, 16, kernel_size=(2, 2), stride=(1, 1))
    (1): ReLU()
    (2): MaxPool2d(kernel_size=(2, 2), stride=(2, 2), padding=0, dilation=1, ceil_mode=False)
    (3): Conv2d(16, 32, kernel_size=(2, 2), stride=(1, 1))
    (4): ReLU()
    (5): Conv2d(32, 64, kernel_size=(2, 2), stride=(1, 1))
    (6): ReLU()
  )
  (actor): Sequential(
    (0): Linear(in_features=64, out_features=64, bias=True)
    (1): Tanh()
    (2): Linear(in_features=64, out_features=7, bias=True)
  )
  (critic): Sequential(
    (0): Linear(in_features=64, out_features=64, bias=True)
    (1): Tanh()
    (2): Linear(in_features=64, out_features=1, bias=True)
  )
  (extr_critic): Sequential(
    (0): Linear(in_features=64, out_features=64, bias=True)
    (1): Tanh()
    (2): Linear(in_features=64, out_features=1, bias=True)
  )
)

/workspace/learn-si2e/SI2E/SI2E_A2C/rl-starter-files/rl-starter-files/scripts/train.py --env MiniGrid-KeyCorridorS3R2-v0 --model fastse-ppo-fast-si2e-KeyCorridorS3R2-s1 --frames 3000000 --use_batch --save-interval 0 --log-interval 500 --seed 1 --algo ppo --use_entropy_reward --use_value_condition --beta 0.005 --fast_se

Namespace(algo='ppo', env='MiniGrid-KeyCorridorS3R2-v0', model='fastse-ppo-fast-si2e-KeyCorridorS3R2-s1', seed=1, log_interval=500, save_interval=0, procs=16, frames=3000000, epochs=4, batch_size=256, frames_per_proc=None, discount=0.99, lr=0.001, gae_lambda=0.95, entropy_coef=0.01, value_loss_coef=0.5, max_grad_norm=0.5, optim_eps=1e-08, optim_alpha=0.99, clip_eps=0.2, recurrence=1, text=False, use_entropy_reward=True, use_value_condition=True, beta=0.005, beta_adaptive=False, fast_se=True, use_batch=True, ablation=None, mem=False)

Device: cuda:0

Environments loaded

Training status loaded

Observations preprocessor loaded
Model loaded

ACModel(
  (image_conv): Sequential(
    (0): Conv2d(3, 16, kernel_size=(2, 2), stride=(1, 1))
    (1): ReLU()
    (2): MaxPool2d(kernel_size=(2, 2), stride=(2, 2), padding=0, dilation=1, ceil_mode=False)
    (3): Conv2d(16, 32, kernel_size=(2, 2), stride=(1, 1))
    (4): ReLU()
    (5): Conv2d(32, 64, kernel_size=(2, 2), stride=(1, 1))
    (6): ReLU()
  )
  (actor): Sequential(
    (0): Linear(in_features=64, out_features=64, bias=True)
    (1): Tanh()
    (2): Linear(in_features=64, out_features=7, bias=True)
  )
  (critic): Sequential(
    (0): Linear(in_features=64, out_features=64, bias=True)
    (1): Tanh()
    (2): Linear(in_features=64, out_features=1, bias=True)
  )
  (extr_critic): Sequential(
    (0): Linear(in_features=64, out_features=64, bias=True)
    (1): Tanh()
    (2): Linear(in_features=64, out_features=1, bias=True)
  )
)

Optimizer loaded

Optimizer loaded

U 500 | F 064000 | FPS 1102 | D 55 | rR:μσmM 0.00 0.00 0.00 0.00 | F:μσmM 270.0 0.0 270.0 270.0 | H 1.780 | V -0.398 | pL 0.009 | vL 0.001 | ∇ 0.017
U 500 | F 064000 | FPS 0982 | D 55 | rR:μσmM 0.00 0.00 0.00 0.00 | F:μσmM 270.0 0.0 270.0 270.0 | H 1.731 | V -0.377 | pL 0.009 | vL 0.001 | ∇ 0.009
U 1000 | F 128000 | FPS 1078 | D 113 | rR:μσmM 0.00 0.00 0.00 0.00 | F:μσmM 270.0 0.0 270.0 270.0 | H 1.768 | V -0.344 | pL -0.000 | vL 0.001 | ∇ 0.006
U 1000 | F 128000 | FPS 0927 | D 113 | rR:μσmM 0.00 0.00 0.00 0.00 | F:μσmM 270.0 0.0 270.0 270.0 | H 1.803 | V -0.317 | pL 0.003 | vL 0.001 | ∇ 0.008
U 1500 | F 192000 | FPS 1101 | D 174 | rR:μσmM 0.00 0.00 0.00 0.00 | F:μσmM 270.0 0.0 270.0 270.0 | H 1.776 | V -0.346 | pL 0.012 | vL 0.001 | ∇ 0.012
U 1500 | F 192000 | FPS 1114 | D 174 | rR:μσmM 0.01 0.05 0.00 0.19 | F:μσmM 268.4 6.3 244.0 270.0 | H 1.772 | V -0.305 | pL -0.004 | vL 0.002 | ∇ 0.015
U 2000 | F 256000 | FPS 0955 | D 235 | rR:μσmM 0.04 0.10 0.00 0.30 | F:μσmM 262.8 19.0 211.0 270.0 | H 1.805 | V -0.350 | pL 0.010 | vL 0.001 | ∇ 0.011
U 2000 | F 256000 | FPS 0953 | D 235 | rR:μσmM 0.00 0.00 0.00 0.00 | F:μσmM 270.0 0.0 270.0 270.0 | H 1.790 | V -0.346 | pL 0.002 | vL 0.001 | ∇ 0.004
U 2500 | F 320000 | FPS 1024 | D 296 | rR:μσmM 0.00 0.00 0.00 0.00 | F:μσmM 270.0 0.0 270.0 270.0 | H 1.737 | V -0.353 | pL 0.008 | vL 0.001 | ∇ 0.019
U 2500 | F 320000 | FPS 1101 | D 296 | rR:μσmM 0.00 0.00 0.00 0.00 | F:μσmM 270.0 0.0 270.0 270.0 | H 1.738 | V -0.318 | pL 0.011 | vL 0.001 | ∇ 0.021
U 3000 | F 384000 | FPS 1035 | D 357 | rR:μσmM 0.00 0.00 0.00 0.00 | F:μσmM 270.0 0.0 270.0 270.0 | H 1.717 | V -0.354 | pL 0.002 | vL 0.001 | ∇ 0.005
U 3000 | F 384000 | FPS 1084 | D 358 | rR:μσmM 0.00 0.00 0.00 0.00 | F:μσmM 270.0 0.0 270.0 270.0 | H 1.703 | V -0.339 | pL 0.002 | vL 0.000 | ∇ 0.008
U 3500 | F 448000 | FPS 1059 | D 420 | rR:μσmM 0.00 0.00 0.00 0.00 | F:μσmM 270.0 0.0 270.0 270.0 | H 1.766 | V -0.355 | pL 0.009 | vL 0.001 | ∇ 0.013
U 3500 | F 448000 | FPS 0971 | D 420 | rR:μσmM 0.00 0.00 0.00 0.00 | F:μσmM 270.0 0.0 270.0 270.0 | H 1.737 | V -0.467 | pL -0.002 | vL 0.001 | ∇ 0.011
U 4000 | F 512000 | FPS 0892 | D 482 | rR:μσmM 0.00 0.00 0.00 0.00 | F:μσmM 270.0 0.0 270.0 270.0 | H 1.770 | V -0.340 | pL 0.010 | vL 0.001 | ∇ 0.011
U 4000 | F 512000 | FPS 1229 | D 482 | rR:μσmM 0.00 0.00 0.00 0.00 | F:μσmM 270.0 0.0 270.0 270.0 | H 1.765 | V -0.352 | pL 0.010 | vL 0.001 | ∇ 0.013
U 4500 | F 576000 | FPS 0987 | D 545 | rR:μσmM 0.00 0.00 0.00 0.00 | F:μσmM 270.0 0.0 270.0 270.0 | H 1.773 | V -0.326 | pL -0.001 | vL 0.000 | ∇ 0.023
U 4500 | F 576000 | FPS 1141 | D 546 | rR:μσmM 0.00 0.00 0.00 0.00 | F:μσmM 270.0 0.0 270.0 270.0 | H 1.798 | V -0.384 | pL -0.003 | vL 0.005 | ∇ 0.019
U 5000 | F 640000 | FPS 0976 | D 609 | rR:μσmM 0.00 0.00 0.00 0.00 | F:μσmM 270.0 0.0 270.0 270.0 | H 1.690 | V -0.320 | pL 0.006 | vL 0.001 | ∇ 0.008
U 5000 | F 640000 | FPS 0940 | D 609 | rR:μσmM 0.00 0.00 0.00 0.00 | F:μσmM 270.0 0.0 270.0 270.0 | H 1.730 | V -0.347 | pL 0.005 | vL 0.001 | ∇ 0.005
U 5500 | F 704000 | FPS 1116 | D 671 | rR:μσmM 0.00 0.00 0.00 0.00 | F:μσmM 270.0 0.0 270.0 270.0 | H 1.755 | V -0.349 | pL 0.000 | vL 0.001 | ∇ 0.005
U 5500 | F 704000 | FPS 0902 | D 672 | rR:μσmM 0.00 0.00 0.00 0.00 | F:μσmM 270.0 0.0 270.0 270.0 | H 1.768 | V -0.373 | pL -0.014 | vL 0.004 | ∇ 0.019
U 6000 | F 768000 | FPS 0879 | D 735 | rR:μσmM 0.00 0.00 0.00 0.00 | F:μσmM 270.0 0.0 270.0 270.0 | H 1.731 | V -0.346 | pL 0.006 | vL 0.001 | ∇ 0.007
U 6000 | F 768000 | FPS 1043 | D 735 | rR:μσmM 0.00 0.00 0.00 0.00 | F:μσmM 270.0 0.0 270.0 270.0 | H 1.768 | V -0.350 | pL 0.002 | vL 0.001 | ∇ 0.006
U 6500 | F 832000 | FPS 0915 | D 798 | rR:μσmM 0.00 0.00 0.00 0.00 | F:μσmM 270.0 0.0 270.0 270.0 | H 1.720 | V -0.339 | pL 0.012 | vL 0.001 | ∇ 0.013
U 6500 | F 832000 | FPS 1074 | D 798 | rR:μσmM 0.00 0.00 0.00 0.00 | F:μσmM 270.0 0.0 270.0 270.0 | H 1.758 | V -0.363 | pL -0.007 | vL 0.005 | ∇ 0.014
U 7000 | F 896000 | FPS 1053 | D 861 | rR:μσmM 0.04 0.15 0.00 0.64 | F:μσmM 259.9 39.2 108.0 270.0 | H 1.785 | V -0.343 | pL -0.018 | vL 0.024 | ∇ 0.038
U 7000 | F 896000 | FPS 1056 | D 861 | rR:μσmM 0.00 0.00 0.00 0.00 | F:μσmM 270.0 0.0 270.0 270.0 | H 1.746 | V -0.369 | pL 0.005 | vL 0.001 | ∇ 0.007
U 7500 | F 960000 | FPS 0905 | D 923 | rR:μσmM 0.00 0.00 0.00 0.00 | F:μσmM 270.0 0.0 270.0 270.0 | H 1.770 | V -0.346 | pL 0.003 | vL 0.001 | ∇ 0.004
U 7500 | F 960000 | FPS 1229 | D 924 | rR:μσmM 0.00 0.00 0.00 0.00 | F:μσmM 270.0 0.0 270.0 270.0 | H 1.737 | V -0.336 | pL 0.011 | vL 0.001 | ∇ 0.012
U 8000 | F 1024000 | FPS 1135 | D 986 | rR:μσmM 0.00 0.00 0.00 0.00 | F:μσmM 270.0 0.0 270.0 270.0 | H 1.658 | V -0.340 | pL 0.001 | vL 0.001 | ∇ 0.017
U 8000 | F 1024000 | FPS 1090 | D 987 | rR:μσmM 0.00 0.00 0.00 0.00 | F:μσmM 270.0 0.0 270.0 270.0 | H 1.738 | V -0.346 | pL 0.003 | vL 0.001 | ∇ 0.013
U 8500 | F 1088000 | FPS 1065 | D 1049 | rR:μσmM 0.00 0.00 0.00 0.00 | F:μσmM 270.0 0.0 270.0 270.0 | H 1.785 | V -0.377 | pL -0.005 | vL 0.003 | ∇ 0.011
U 8500 | F 1088000 | FPS 0928 | D 1050 | rR:μσmM 0.00 0.00 0.00 0.00 | F:μσmM 270.0 0.0 270.0 270.0 | H 1.731 | V -0.340 | pL 0.010 | vL 0.001 | ∇ 0.014
U 9000 | F 1152000 | FPS 0978 | D 1112 | rR:μσmM 0.00 0.00 0.00 0.00 | F:μσmM 270.0 0.0 270.0 270.0 | H 1.798 | V -0.397 | pL 0.005 | vL 0.001 | ∇ 0.012
U 9000 | F 1152000 | FPS 1022 | D 1112 | rR:μσmM 0.00 0.00 0.00 0.00 | F:μσmM 270.0 0.0 270.0 270.0 | H 1.778 | V -0.375 | pL 0.010 | vL 0.001 | ∇ 0.011
U 9500 | F 1216000 | FPS 0977 | D 1175 | rR:μσmM 0.00 0.00 0.00 0.00 | F:μσmM 270.0 0.0 270.0 270.0 | H 1.746 | V -0.350 | pL -0.005 | vL 0.005 | ∇ 0.018
U 9500 | F 1216000 | FPS 1018 | D 1175 | rR:μσmM 0.00 0.00 0.00 0.00 | F:μσmM 270.0 0.0 270.0 270.0 | H 1.739 | V -0.340 | pL 0.003 | vL 0.001 | ∇ 0.003
U 10000 | F 1280000 | FPS 0969 | D 1238 | rR:μσmM 0.00 0.00 0.00 0.00 | F:μσmM 270.0 0.0 270.0 270.0 | H 1.760 | V -0.362 | pL -0.027 | vL 0.007 | ∇ 0.039
U 10000 | F 1280000 | FPS 1125 | D 1238 | rR:μσmM 0.00 0.00 0.00 0.00 | F:μσmM 270.0 0.0 270.0 270.0 | H 1.745 | V -0.350 | pL -0.018 | vL 0.005 | ∇ 0.022
U 10500 | F 1344000 | FPS 1154 | D 1301 | rR:μσmM 0.00 0.00 0.00 0.00 | F:μσmM 270.0 0.0 270.0 270.0 | H 1.768 | V -0.346 | pL 0.010 | vL 0.001 | ∇ 0.008
U 10500 | F 1344000 | FPS 1114 | D 1301 | rR:μσmM 0.00 0.00 0.00 0.00 | F:μσmM 270.0 0.0 270.0 270.0 | H 1.793 | V -0.361 | pL 0.000 | vL 0.001 | ∇ 0.004
U 11000 | F 1408000 | FPS 1147 | D 1363 | rR:μσmM 0.00 0.00 0.00 0.00 | F:μσmM 270.0 0.0 270.0 270.0 | H 1.731 | V -0.369 | pL 0.015 | vL 0.001 | ∇ 0.016
U 11000 | F 1408000 | FPS 1002 | D 1364 | rR:μσmM 0.00 0.00 0.00 0.00 | F:μσmM 270.0 0.0 270.0 270.0 | H 1.740 | V -0.334 | pL 0.006 | vL 0.001 | ∇ 0.009
U 11500 | F 1472000 | FPS 1115 | D 1425 | rR:μσmM 0.00 0.00 0.00 0.00 | F:μσmM 270.0 0.0 270.0 270.0 | H 1.744 | V -0.371 | pL 0.006 | vL 0.001 | ∇ 0.009
U 11500 | F 1472000 | FPS 1018 | D 1426 | rR:μσmM 0.00 0.00 0.00 0.00 | F:μσmM 270.0 0.0 270.0 270.0 | H 1.703 | V -0.325 | pL -0.001 | vL 0.001 | ∇ 0.004
U 12000 | F 1536000 | FPS 1042 | D 1487 | rR:μσmM 0.00 0.00 0.00 0.00 | F:μσmM 270.0 0.0 270.0 270.0 | H 1.761 | V -0.369 | pL -0.002 | vL 0.000 | ∇ 0.006
U 12000 | F 1536000 | FPS 1055 | D 1489 | rR:μσmM 0.00 0.00 0.00 0.00 | F:μσmM 270.0 0.0 270.0 270.0 | H 1.776 | V -0.366 | pL -0.004 | vL 0.002 | ∇ 0.012
U 12500 | F 1600000 | FPS 1090 | D 1549 | rR:μσmM 0.00 0.00 0.00 0.00 | F:μσmM 270.0 0.0 270.0 270.0 | H 1.734 | V -0.321 | pL 0.005 | vL 0.001 | ∇ 0.007
U 12500 | F 1600000 | FPS 1044 | D 1551 | rR:μσmM 0.00 0.00 0.00 0.00 | F:μσmM 270.0 0.0 270.0 270.0 | H 1.750 | V -0.335 | pL 0.007 | vL 0.001 | ∇ 0.012
U 13000 | F 1664000 | FPS 0997 | D 1610 | rR:μσmM 0.03 0.13 0.00 0.52 | F:μσmM 262.1 30.7 143.0 270.0 | H 1.742 | V -0.339 | pL -0.004 | vL 0.005 | ∇ 0.016
U 13000 | F 1664000 | FPS 0883 | D 1613 | rR:μσmM 0.00 0.00 0.00 0.00 | F:μσmM 270.0 0.0 270.0 270.0 | H 1.724 | V -0.321 | pL -0.011 | vL 0.005 | ∇ 0.016
U 13500 | F 1728000 | FPS 0739 | D 1672 | rR:μσmM 0.00 0.00 0.00 0.00 | F:μσmM 270.0 0.0 270.0 270.0 | H 1.755 | V -0.329 | pL -0.041 | vL 0.012 | ∇ 0.044
U 13500 | F 1728000 | FPS 1008 | D 1674 | rR:μσmM 0.00 0.00 0.00 0.00 | F:μσmM 270.0 0.0 270.0 270.0 | H 1.702 | V -0.339 | pL -0.040 | vL 0.014 | ∇ 0.041
U 14000 | F 1792000 | FPS 1121 | D 1735 | rR:μσmM 0.00 0.00 0.00 0.00 | F:μσmM 270.0 0.0 270.0 270.0 | H 1.748 | V -0.345 | pL -0.014 | vL 0.006 | ∇ 0.021
U 14000 | F 1792000 | FPS 1030 | D 1736 | rR:μσmM 0.00 0.00 0.00 0.00 | F:μσmM 270.0 0.0 270.0 270.0 | H 1.757 | V -0.328 | pL -0.003 | vL 0.004 | ∇ 0.011
U 14500 | F 1856000 | FPS 1000 | D 1797 | rR:μσmM 0.00 0.00 0.00 0.00 | F:μσmM 270.0 0.0 270.0 270.0 | H 1.725 | V -0.345 | pL 0.004 | vL 0.001 | ∇ 0.007
U 14500 | F 1856000 | FPS 0866 | D 1799 | rR:μσmM 0.00 0.00 0.00 0.00 | F:μσmM 270.0 0.0 270.0 270.0 | H 1.775 | V -0.338 | pL -0.012 | vL 0.003 | ∇ 0.016
U 15000 | F 1920000 | FPS 0937 | D 1858 | rR:μσmM 0.00 0.00 0.00 0.00 | F:μσmM 270.0 0.0 270.0 270.0 | H 1.778 | V -0.367 | pL -0.007 | vL 0.000 | ∇ 0.009
U 15000 | F 1920000 | FPS 0943 | D 1861 | rR:μσmM 0.00 0.00 0.00 0.00 | F:μσmM 270.0 0.0 270.0 270.0 | H 1.751 | V -0.337 | pL -0.009 | vL 0.004 | ∇ 0.016
U 15500 | F 1984000 | FPS 0984 | D 1921 | rR:μσmM 0.00 0.00 0.00 0.00 | F:μσmM 270.0 0.0 270.0 270.0 | H 1.769 | V -0.348 | pL 0.009 | vL 0.001 | ∇ 0.010
U 15500 | F 1984000 | FPS 1051 | D 1923 | rR:μσmM 0.00 0.00 0.00 0.00 | F:μσmM 270.0 0.0 270.0 270.0 | H 1.729 | V -0.338 | pL 0.004 | vL 0.001 | ∇ 0.007
U 16000 | F 2048000 | FPS 0997 | D 1983 | rR:μσmM 0.00 0.00 0.00 0.00 | F:μσmM 270.0 0.0 270.0 270.0 | H 1.734 | V -0.342 | pL 0.005 | vL 0.000 | ∇ 0.008
U 16000 | F 2048000 | FPS 0907 | D 1985 | rR:μσmM 0.00 0.00 0.00 0.00 | F:μσmM 270.0 0.0 270.0 270.0 | H 1.777 | V -0.317 | pL 0.005 | vL 0.001 | ∇ 0.008
U 16500 | F 2112000 | FPS 0960 | D 2045 | rR:μσmM 0.00 0.00 0.00 0.00 | F:μσmM 270.0 0.0 270.0 270.0 | H 1.722 | V -0.347 | pL 0.001 | vL 0.001 | ∇ 0.012
U 16500 | F 2112000 | FPS 0939 | D 2048 | rR:μσmM 0.00 0.00 0.00 0.00 | F:μσmM 270.0 0.0 270.0 270.0 | H 1.741 | V -0.342 | pL -0.023 | vL 0.010 | ∇ 0.029
U 17000 | F 2176000 | FPS 1035 | D 2108 | rR:μσmM 0.00 0.00 0.00 0.00 | F:μσmM 270.0 0.0 270.0 270.0 | H 1.757 | V -0.367 | pL -0.024 | vL 0.008 | ∇ 0.026
U 17000 | F 2176000 | FPS 0834 | D 2110 | rR:μσmM 0.00 0.00 0.00 0.00 | F:μσmM 270.0 0.0 270.0 270.0 | H 1.769 | V -0.348 | pL -0.012 | vL 0.002 | ∇ 0.014
U 17500 | F 2240000 | FPS 1101 | D 2171 | rR:μσmM 0.00 0.00 0.00 0.00 | F:μσmM 270.0 0.0 270.0 270.0 | H 1.759 | V -0.348 | pL 0.002 | vL 0.001 | ∇ 0.004
U 17500 | F 2240000 | FPS 0996 | D 2173 | rR:μσmM 0.00 0.00 0.00 0.00 | F:μσmM 270.0 0.0 270.0 270.0 | H 1.739 | V -0.325 | pL 0.007 | vL 0.001 | ∇ 0.010
U 18000 | F 2304000 | FPS 0895 | D 2234 | rR:μσmM 0.01 0.03 0.00 0.12 | F:μσmM 269.6 1.7 263.0 270.0 | H 1.746 | V -0.325 | pL 0.005 | vL 0.001 | ∇ 0.006
U 18000 | F 2304000 | FPS 1053 | D 2237 | rR:μσmM 0.00 0.00 0.00 0.00 | F:μσmM 270.0 0.0 270.0 270.0 | H 1.785 | V -0.346 | pL 0.008 | vL 0.001 | ∇ 0.010
U 18500 | F 2368000 | FPS 1165 | D 2296 | rR:μσmM 0.00 0.00 0.00 0.00 | F:μσmM 270.0 0.0 270.0 270.0 | H 1.768 | V -0.345 | pL -0.051 | vL 0.014 | ∇ 0.052
U 18500 | F 2368000 | FPS 0995 | D 2299 | rR:μσmM 0.00 0.00 0.00 0.00 | F:μσmM 270.0 0.0 270.0 270.0 | H 1.714 | V -0.313 | pL 0.003 | vL 0.001 | ∇ 0.008
U 19000 | F 2432000 | FPS 1015 | D 2359 | rR:μσmM 0.00 0.00 0.00 0.00 | F:μσmM 270.0 0.0 270.0 270.0 | H 1.767 | V -0.329 | pL -0.009 | vL 0.003 | ∇ 0.016
U 19000 | F 2432000 | FPS 1024 | D 2361 | rR:μσmM 0.04 0.11 0.00 0.42 | F:μσmM 262.0 24.2 173.0 270.0 | H 1.736 | V -0.296 | pL 0.005 | vL 0.002 | ∇ 0.013
U 19500 | F 2496000 | FPS 1075 | D 2422 | rR:μσmM 0.04 0.17 0.00 0.71 | F:μσmM 258.6 44.3 87.0 270.0 | H 1.766 | V -0.357 | pL 0.008 | vL 0.001 | ∇ 0.006
U 19500 | F 2496000 | FPS 0998 | D 2425 | rR:μσmM 0.00 0.00 0.00 0.00 | F:μσmM 270.0 0.0 270.0 270.0 | H 1.698 | V -0.349 | pL -0.000 | vL 0.002 | ∇ 0.011
U 20000 | F 2560000 | FPS 0934 | D 2484 | rR:μσmM 0.02 0.09 0.00 0.36 | F:μσmM 265.2 18.6 193.0 270.0 | H 1.732 | V -0.322 | pL 0.010 | vL 0.001 | ∇ 0.011
U 20000 | F 2560000 | FPS 1002 | D 2487 | rR:μσmM 0.00 0.00 0.00 0.00 | F:μσmM 270.0 0.0 270.0 270.0 | H 1.728 | V -0.315 | pL -0.001 | vL 0.000 | ∇ 0.007
U 20500 | F 2624000 | FPS 1055 | D 2547 | rR:μσmM 0.00 0.00 0.00 0.00 | F:μσmM 270.0 0.0 270.0 270.0 | H 1.746 | V -0.328 | pL -0.001 | vL 0.000 | ∇ 0.005
U 20500 | F 2624000 | FPS 0964 | D 2550 | rR:μσmM 0.00 0.00 0.00 0.00 | F:μσmM 270.0 0.0 270.0 270.0 | H 1.733 | V -0.338 | pL -0.008 | vL 0.005 | ∇ 0.010
U 21000 | F 2688000 | FPS 0918 | D 2609 | rR:μσmM 0.00 0.00 0.00 0.00 | F:μσmM 270.0 0.0 270.0 270.0 | H 1.736 | V -0.304 | pL 0.006 | vL 0.001 | ∇ 0.008
U 21000 | F 2688000 | FPS 1012 | D 2612 | rR:μσmM 0.00 0.00 0.00 0.00 | F:μσmM 270.0 0.0 270.0 270.0 | H 1.737 | V -0.316 | pL 0.007 | vL 0.001 | ∇ 0.009
U 21500 | F 2752000 | FPS 1194 | D 2671 | rR:μσmM 0.00 0.00 0.00 0.00 | F:μσmM 270.0 0.0 270.0 270.0 | H 1.732 | V -0.321 | pL 0.010 | vL 0.001 | ∇ 0.013
U 21500 | F 2752000 | FPS 1059 | D 2674 | rR:μσmM 0.00 0.00 0.00 0.00 | F:μσmM 270.0 0.0 270.0 270.0 | H 1.757 | V -0.336 | pL 0.015 | vL 0.001 | ∇ 0.020
U 22000 | F 2816000 | FPS 0904 | D 2733 | rR:μσmM 0.00 0.00 0.00 0.00 | F:μσmM 270.0 0.0 270.0 270.0 | H 1.793 | V -0.336 | pL 0.001 | vL 0.001 | ∇ 0.006
U 22000 | F 2816000 | FPS 0979 | D 2736 | rR:μσmM 0.00 0.00 0.00 0.00 | F:μσmM 270.0 0.0 270.0 270.0 | H 1.764 | V -0.318 | pL 0.010 | vL 0.001 | ∇ 0.014
U 22500 | F 2880000 | FPS 1039 | D 2796 | rR:μσmM 0.00 0.00 0.00 0.00 | F:μσmM 270.0 0.0 270.0 270.0 | H 1.748 | V -0.353 | pL 0.004 | vL 0.001 | ∇ 0.008
U 22500 | F 2880000 | FPS 1111 | D 2799 | rR:μσmM 0.01 0.03 0.00 0.12 | F:μσmM 269.6 1.7 263.0 270.0 | H 1.732 | V -0.365 | pL -0.017 | vL 0.006 | ∇ 0.019
U 23000 | F 2944000 | FPS 0982 | D 2859 | rR:μσmM 0.00 0.00 0.00 0.00 | F:μσmM 270.0 0.0 270.0 270.0 | H 1.725 | V -0.318 | pL 0.001 | vL 0.001 | ∇ 0.006
U 23000 | F 2944000 | FPS 1055 | D 2862 | rR:μσmM 0.00 0.00 0.00 0.00 | F:μσmM 270.0 0.0 270.0 270.0 | H 1.752 | V -0.363 | pL 0.006 | vL 0.001 | ∇ 0.006
Final model saved
Final model saved
Gym has been unmaintained since 2022 and does not support NumPy 2.0 amongst other critical functionality.
Please upgrade to Gymnasium, the maintained drop-in replacement of Gym, or contact the authors of your software and request that they upgrade.
Users of this version of Gym should be able to simply replace 'import gym' with 'import gymnasium as gym' in the vast majority of cases.
See the migration guide at https://gymnasium.farama.org/introduction/migration_guide/ for additional information.
Episodes evaluated: 208
Successes:          0
Success rate:       0.0%
Mean return:        0.0000
SUCCESS_RATE=0.00
[DONE] fastse-ppo-fast-si2e-KeyCorridorS3R2-s1: SR=0.00%  FPS=1229
Gym has been unmaintained since 2022 and does not support NumPy 2.0 amongst other critical functionality.
Please upgrade to Gymnasium, the maintained drop-in replacement of Gym, or contact the authors of your software and request that they upgrade.
Users of this version of Gym should be able to simply replace 'import gym' with 'import gymnasium as gym' in the vast majority of cases.
See the migration guide at https://gymnasium.farama.org/introduction/migration_guide/ for additional information.
Episodes evaluated: 208
Successes:          0
Success rate:       0.0%
Mean return:        0.0000
SUCCESS_RATE=0.00
[DONE] fastse-ppo-fast-si2e-KeyCorridorS3R2-s2: SR=0.00%  FPS=1135
========================================================
[RUN] method=ppo-fast-si2e  env=KeyCorridorS3R2  seed=3  frames=3000000
========================================================
Gym has been unmaintained since 2022 and does not support NumPy 2.0 amongst other critical functionality.
Please upgrade to Gymnasium, the maintained drop-in replacement of Gym, or contact the authors of your software and request that they upgrade.
Users of this version of Gym should be able to simply replace 'import gym' with 'import gymnasium as gym' in the vast majority of cases.
See the migration guide at https://gymnasium.farama.org/introduction/migration_guide/ for additional information.
/workspace/learn-si2e/SI2E/SI2E_A2C/rl-starter-files/rl-starter-files/scripts/train.py --env MiniGrid-KeyCorridorS3R2-v0 --model fastse-ppo-fast-si2e-KeyCorridorS3R2-s3 --frames 3000000 --use_batch --save-interval 0 --log-interval 500 --seed 3 --algo ppo --use_entropy_reward --use_value_condition --beta 0.005 --fast_se

Namespace(algo='ppo', env='MiniGrid-KeyCorridorS3R2-v0', model='fastse-ppo-fast-si2e-KeyCorridorS3R2-s3', seed=3, log_interval=500, save_interval=0, procs=16, frames=3000000, epochs=4, batch_size=256, frames_per_proc=None, discount=0.99, lr=0.001, gae_lambda=0.95, entropy_coef=0.01, value_loss_coef=0.5, max_grad_norm=0.5, optim_eps=1e-08, optim_alpha=0.99, clip_eps=0.2, recurrence=1, text=False, use_entropy_reward=True, use_value_condition=True, beta=0.005, beta_adaptive=False, fast_se=True, use_batch=True, ablation=None, mem=False)

Device: cuda:0

Environments loaded

Training status loaded

Observations preprocessor loaded
Model loaded

ACModel(
  (image_conv): Sequential(
    (0): Conv2d(3, 16, kernel_size=(2, 2), stride=(1, 1))
    (1): ReLU()
    (2): MaxPool2d(kernel_size=(2, 2), stride=(2, 2), padding=0, dilation=1, ceil_mode=False)
    (3): Conv2d(16, 32, kernel_size=(2, 2), stride=(1, 1))
    (4): ReLU()
    (5): Conv2d(32, 64, kernel_size=(2, 2), stride=(1, 1))
    (6): ReLU()
  )
  (actor): Sequential(
    (0): Linear(in_features=64, out_features=64, bias=True)
    (1): Tanh()
    (2): Linear(in_features=64, out_features=7, bias=True)
  )
  (critic): Sequential(
    (0): Linear(in_features=64, out_features=64, bias=True)
    (1): Tanh()
    (2): Linear(in_features=64, out_features=1, bias=True)
  )
  (extr_critic): Sequential(
    (0): Linear(in_features=64, out_features=64, bias=True)
    (1): Tanh()
    (2): Linear(in_features=64, out_features=1, bias=True)
  )
)

Optimizer loaded

U 500 | F 064000 | FPS 1598 | D 44 | rR:μσmM 0.00 0.00 0.00 0.00 | F:μσmM 270.0 0.0 270.0 270.0 | H 1.757 | V -0.411 | pL 0.003 | vL 0.001 | ∇ 0.003
U 1000 | F 128000 | FPS 1509 | D 87 | rR:μσmM 0.00 0.00 0.00 0.00 | F:μσmM 270.0 0.0 270.0 270.0 | H 1.776 | V -0.361 | pL 0.005 | vL 0.001 | ∇ 0.012
U 1500 | F 192000 | FPS 1485 | D 129 | rR:μσmM 0.00 0.00 0.00 0.00 | F:μσmM 270.0 0.0 270.0 270.0 | H 1.769 | V -0.331 | pL 0.004 | vL 0.000 | ∇ 0.009
U 2000 | F 256000 | FPS 1303 | D 171 | rR:μσmM 0.00 0.00 0.00 0.00 | F:μσmM 270.0 0.0 270.0 270.0 | H 1.770 | V -0.344 | pL 0.008 | vL 0.001 | ∇ 0.008
U 2500 | F 320000 | FPS 1856 | D 213 | rR:μσmM 0.00 0.00 0.00 0.00 | F:μσmM 270.0 0.0 270.0 270.0 | H 1.802 | V -0.332 | pL 0.012 | vL 0.001 | ∇ 0.027
U 3000 | F 384000 | FPS 1474 | D 254 | rR:μσmM 0.00 0.00 0.00 0.00 | F:μσmM 270.0 0.0 270.0 270.0 | H 1.768 | V -0.416 | pL 0.009 | vL 0.001 | ∇ 0.010
U 3500 | F 448000 | FPS 1918 | D 296 | rR:μσmM 0.00 0.00 0.00 0.00 | F:μσmM 270.0 0.0 270.0 270.0 | H 1.773 | V -0.482 | pL 0.005 | vL 0.001 | ∇ 0.010
U 4000 | F 512000 | FPS 1645 | D 337 | rR:μσmM 0.00 0.00 0.00 0.00 | F:μσmM 270.0 0.0 270.0 270.0 | H 1.734 | V -0.350 | pL 0.006 | vL 0.001 | ∇ 0.012
U 4500 | F 576000 | FPS 1720 | D 378 | rR:μσmM 0.00 0.00 0.00 0.00 | F:μσmM 270.0 0.0 270.0 270.0 | H 1.784 | V -0.328 | pL 0.003 | vL 0.001 | ∇ 0.007
U 5000 | F 640000 | FPS 1766 | D 420 | rR:μσmM 0.00 0.00 0.00 0.00 | F:μσmM 270.0 0.0 270.0 270.0 | H 1.775 | V -0.314 | pL 0.003 | vL 0.001 | ∇ 0.009
U 5500 | F 704000 | FPS 1703 | D 461 | rR:μσmM 0.01 0.05 0.00 0.20 | F:μσmM 268.2 7.0 241.0 270.0 | H 1.774 | V -0.330 | pL 0.007 | vL 0.001 | ∇ 0.008
U 6000 | F 768000 | FPS 1419 | D 502 | rR:μσmM 0.00 0.00 0.00 0.00 | F:μσmM 270.0 0.0 270.0 270.0 | H 1.750 | V -0.357 | pL -0.008 | vL 0.006 | ∇ 0.030
U 6500 | F 832000 | FPS 1574 | D 542 | rR:μσmM 0.00 0.00 0.00 0.00 | F:μσmM 270.0 0.0 270.0 270.0 | H 1.729 | V -0.345 | pL -0.002 | vL 0.000 | ∇ 0.007
U 7000 | F 896000 | FPS 1408 | D 582 | rR:μσmM 0.00 0.00 0.00 0.00 | F:μσmM 270.0 0.0 270.0 270.0 | H 1.749 | V -0.327 | pL -0.009 | vL 0.004 | ∇ 0.016
U 7500 | F 960000 | FPS 1563 | D 623 | rR:μσmM 0.00 0.00 0.00 0.00 | F:μσmM 270.0 0.0 270.0 270.0 | H 1.749 | V -0.310 | pL 0.008 | vL 0.001 | ∇ 0.013
U 8000 | F 1024000 | FPS 1435 | D 664 | rR:μσmM 0.03 0.13 0.00 0.52 | F:μσmM 262.2 30.3 145.0 270.0 | H 1.710 | V -0.284 | pL -0.016 | vL 0.003 | ∇ 0.013
U 8500 | F 1088000 | FPS 1525 | D 704 | rR:μσmM 0.00 0.00 0.00 0.00 | F:μσmM 270.0 0.0 270.0 270.0 | H 1.738 | V -0.344 | pL 0.000 | vL 0.000 | ∇ 0.007
U 9000 | F 1152000 | FPS 1875 | D 744 | rR:μσmM 0.02 0.09 0.00 0.35 | F:μσmM 265.2 18.4 194.0 270.0 | H 1.722 | V -0.298 | pL 0.001 | vL 0.004 | ∇ 0.029
U 9500 | F 1216000 | FPS 1612 | D 785 | rR:μσmM 0.01 0.05 0.00 0.21 | F:μσmM 268.0 7.7 238.0 270.0 | H 1.738 | V -0.344 | pL 0.009 | vL 0.001 | ∇ 0.012
U 10000 | F 1280000 | FPS 1531 | D 825 | rR:μσmM 0.00 0.00 0.00 0.00 | F:μσmM 270.0 0.0 270.0 270.0 | H 1.753 | V -0.308 | pL -0.006 | vL 0.005 | ∇ 0.030
U 10500 | F 1344000 | FPS 1810 | D 865 | rR:μσmM 0.00 0.00 0.00 0.00 | F:μσmM 270.0 0.0 270.0 270.0 | H 1.794 | V -0.317 | pL 0.007 | vL 0.001 | ∇ 0.017
U 11000 | F 1408000 | FPS 1860 | D 906 | rR:μσmM 0.00 0.00 0.00 0.00 | F:μσmM 270.0 0.0 270.0 270.0 | H 1.756 | V -0.340 | pL 0.002 | vL 0.001 | ∇ 0.007
U 11500 | F 1472000 | FPS 1707 | D 946 | rR:μσmM 0.05 0.15 0.00 0.60 | F:μσmM 258.4 37.0 119.0 270.0 | H 1.736 | V -0.305 | pL 0.007 | vL 0.001 | ∇ 0.014
U 12000 | F 1536000 | FPS 1668 | D 986 | rR:μσmM 0.00 0.00 0.00 0.00 | F:μσmM 270.0 0.0 270.0 270.0 | H 1.721 | V -0.304 | pL 0.004 | vL 0.001 | ∇ 0.007
U 12500 | F 1600000 | FPS 1800 | D 1027 | rR:μσmM 0.00 0.00 0.00 0.00 | F:μσmM 270.0 0.0 270.0 270.0 | H 1.770 | V -0.296 | pL 0.008 | vL 0.001 | ∇ 0.009
U 13000 | F 1664000 | FPS 1604 | D 1068 | rR:μσmM 0.04 0.11 0.00 0.40 | F:μσmM 262.4 22.4 181.0 270.0 | H 1.771 | V -0.296 | pL 0.011 | vL 0.001 | ∇ 0.016
U 13500 | F 1728000 | FPS 1534 | D 1109 | rR:μσmM 0.04 0.15 0.00 0.61 | F:μσmM 260.4 37.3 116.0 270.0 | H 1.782 | V -0.296 | pL 0.002 | vL 0.001 | ∇ 0.013
U 14000 | F 1792000 | FPS 1844 | D 1148 | rR:μσmM 0.02 0.06 0.00 0.25 | F:μσmM 267.2 10.7 226.0 270.0 | H 1.757 | V -0.308 | pL 0.000 | vL 0.001 | ∇ 0.009
U 14500 | F 1856000 | FPS 1861 | D 1189 | rR:μσmM 0.00 0.00 0.00 0.00 | F:μσmM 270.0 0.0 270.0 270.0 | H 1.761 | V -0.341 | pL 0.003 | vL 0.001 | ∇ 0.013
U 15000 | F 1920000 | FPS 1416 | D 1229 | rR:μσmM 0.03 0.10 0.00 0.37 | F:μσmM 263.6 20.1 188.0 270.0 | H 1.746 | V -0.288 | pL 0.009 | vL 0.001 | ∇ 0.008
U 15500 | F 1984000 | FPS 1829 | D 1269 | rR:μσmM 0.00 0.00 0.00 0.00 | F:μσmM 270.0 0.0 270.0 270.0 | H 1.701 | V -0.308 | pL -0.001 | vL 0.001 | ∇ 0.009
U 16000 | F 2048000 | FPS 1842 | D 1309 | rR:μσmM 0.00 0.00 0.00 0.00 | F:μσmM 270.0 0.0 270.0 270.0 | H 1.747 | V -0.318 | pL -0.031 | vL 0.008 | ∇ 0.038
U 16500 | F 2112000 | FPS 1358 | D 1349 | rR:μσmM 0.00 0.00 0.00 0.00 | F:μσmM 270.0 0.0 270.0 270.0 | H 1.731 | V -0.303 | pL -0.016 | vL 0.005 | ∇ 0.025
U 17000 | F 2176000 | FPS 1711 | D 1389 | rR:μσmM 0.00 0.00 0.00 0.00 | F:μσmM 270.0 0.0 270.0 270.0 | H 1.749 | V -0.277 | pL -0.006 | vL 0.002 | ∇ 0.037
U 17500 | F 2240000 | FPS 1513 | D 1430 | rR:μσmM 0.00 0.00 0.00 0.00 | F:μσmM 270.0 0.0 270.0 270.0 | H 1.776 | V -0.324 | pL 0.008 | vL 0.001 | ∇ 0.010
U 18000 | F 2304000 | FPS 1352 | D 1470 | rR:μσmM 0.00 0.00 0.00 0.00 | F:μσmM 270.0 0.0 270.0 270.0 | H 1.732 | V -0.304 | pL 0.003 | vL 0.001 | ∇ 0.009
U 18500 | F 2368000 | FPS 1612 | D 1510 | rR:μσmM 0.00 0.00 0.00 0.00 | F:μσmM 270.0 0.0 270.0 270.0 | H 1.761 | V -0.270 | pL 0.005 | vL 0.001 | ∇ 0.008
U 19000 | F 2432000 | FPS 1769 | D 1550 | rR:μσmM 0.04 0.13 0.00 0.49 | F:μσmM 260.8 28.8 153.0 270.0 | H 1.730 | V -0.315 | pL -0.009 | vL 0.003 | ∇ 0.011
U 19500 | F 2496000 | FPS 1348 | D 1590 | rR:μσmM 0.00 0.00 0.00 0.00 | F:μσmM 270.0 0.0 270.0 270.0 | H 1.753 | V -0.322 | pL 0.008 | vL 0.001 | ∇ 0.011
U 20000 | F 2560000 | FPS 1743 | D 1630 | rR:μσmM 0.00 0.00 0.00 0.00 | F:μσmM 270.0 0.0 270.0 270.0 | H 1.742 | V -0.328 | pL -0.013 | vL 0.003 | ∇ 0.020
U 20500 | F 2624000 | FPS 1392 | D 1675 | rR:μσmM 0.04 0.14 0.00 0.59 | F:μσmM 260.8 35.8 122.0 270.0 | H 1.756 | V -0.304 | pL -0.001 | vL 0.000 | ∇ 0.006
U 21000 | F 2688000 | FPS 1364 | D 1716 | rR:μσmM 0.00 0.00 0.00 0.00 | F:μσmM 270.0 0.0 270.0 270.0 | H 1.742 | V -0.332 | pL -0.010 | vL 0.002 | ∇ 0.034
U 21500 | F 2752000 | FPS 1179 | D 1757 | rR:μσmM 0.02 0.08 0.00 0.32 | F:μσmM 265.8 16.2 203.0 270.0 | H 1.756 | V -0.311 | pL -0.011 | vL 0.003 | ∇ 0.024
U 22000 | F 2816000 | FPS 1843 | D 1797 | rR:μσmM 0.02 0.06 0.00 0.25 | F:μσmM 267.2 10.7 226.0 270.0 | H 1.701 | V -0.310 | pL 0.016 | vL 0.001 | ∇ 0.028
U 22500 | F 2880000 | FPS 1235 | D 1837 | rR:μσmM 0.03 0.10 0.00 0.42 | F:μσmM 264.0 23.2 174.0 270.0 | H 1.731 | V -0.275 | pL 0.009 | vL 0.001 | ∇ 0.015
U 23000 | F 2944000 | FPS 1744 | D 1877 | rR:μσmM 0.00 0.00 0.00 0.00 | F:μσmM 270.0 0.0 270.0 270.0 | H 1.759 | V -0.336 | pL 0.006 | vL 0.001 | ∇ 0.011
Final model saved
Gym has been unmaintained since 2022 and does not support NumPy 2.0 amongst other critical functionality.
Please upgrade to Gymnasium, the maintained drop-in replacement of Gym, or contact the authors of your software and request that they upgrade.
Users of this version of Gym should be able to simply replace 'import gym' with 'import gymnasium as gym' in the vast majority of cases.
See the migration guide at https://gymnasium.farama.org/introduction/migration_guide/ for additional information.
Episodes evaluated: 208
Successes:          0
Success rate:       0.0%
Mean return:        0.0000
SUCCESS_RATE=0.00
[DONE] fastse-ppo-fast-si2e-KeyCorridorS3R2-s3: SR=0.00%  FPS=1918

=== FAST-SI2E SUMMARY ===

MiniGrid-DoorKey-8x8-v0:
  fast-si2e                N= 3  4.3% ± 6.1
  si2e                     N= 3  0.0% ± 0.0

MiniGrid-KeyCorridorS3R2-v0:
  fast-si2e                N= 3  45.5% ± 39.0
  ppo-fast-si2e            N= 3  0.0% ± 0.0
