=== DK-8x8: FastSI2E at 3M frames (paper-comparable) ===
========================================================
[RUN] method=fast-si2e  env=DoorKey-8x8  seed=1  frames=3000000  (resuming from checkpoint)
========================================================
========================================================
[RUN] method=fast-si2e  env=DoorKey-8x8  seed=2  frames=3000000  (resuming from checkpoint)
========================================================
Gym has been unmaintained since 2022 and does not support NumPy 2.0 amongst other critical functionality.
Please upgrade to Gymnasium, the maintained drop-in replacement of Gym, or contact the authors of your software and request that they upgrade.
Users of this version of Gym should be able to simply replace 'import gym' with 'import gymnasium as gym' in the vast majority of cases.
See the migration guide at https://gymnasium.farama.org/introduction/migration_guide/ for additional information.
/workspace/learn-si2e/SI2E/SI2E_A2C/rl-starter-files/rl-starter-files/scripts/train.py --env MiniGrid-DoorKey-8x8-v0 --model fastse-fast-si2e-DoorKey-8x8-s1 --frames 3000000 --use_batch --save-interval 0 --log-interval 500 --seed 1 --algo a2c --use_entropy_reward --use_value_condition --beta 0.005 --fast_se

Namespace(algo='a2c', env='MiniGrid-DoorKey-8x8-v0', model='fastse-fast-si2e-DoorKey-8x8-s1', seed=1, log_interval=500, save_interval=0, procs=16, frames=3000000, epochs=4, batch_size=256, frames_per_proc=None, discount=0.99, lr=0.001, gae_lambda=0.95, entropy_coef=0.01, value_loss_coef=0.5, max_grad_norm=0.5, optim_eps=1e-08, optim_alpha=0.99, clip_eps=0.2, recurrence=1, text=False, use_entropy_reward=True, use_value_condition=True, beta=0.005, beta_adaptive=False, fast_se=True, use_batch=True, ablation=None, mem=False)

Device: cuda:0

Environments loaded

Training status loaded

Observations preprocessor loaded
Model loaded

ACModel(
  (image_conv): Sequential(
    (0): Conv2d(3, 16, kernel_size=(2, 2), stride=(1, 1))
    (1): ReLU()
    (2): MaxPool2d(kernel_size=(2, 2), stride=(2, 2), padding=0, dilation=1, ceil_mode=False)
    (3): Conv2d(16, 32, kernel_size=(2, 2), stride=(1, 1))
    (4): ReLU()
    (5): Conv2d(32, 64, kernel_size=(2, 2), stride=(1, 1))
    (6): ReLU()
  )
  (actor): Sequential(
    (0): Linear(in_features=64, out_features=64, bias=True)
    (1): Tanh()
    (2): Linear(in_features=64, out_features=7, bias=True)
  )
  (critic): Sequential(
    (0): Linear(in_features=64, out_features=64, bias=True)
    (1): Tanh()
    (2): Linear(in_features=64, out_features=1, bias=True)
  )
  (extr_critic): Sequential(
    (0): Linear(in_features=64, out_features=64, bias=True)
    (1): Tanh()
    (2): Linear(in_features=64, out_features=1, bias=True)
  )
)

Gym has been unmaintained since 2022 and does not support NumPy 2.0 amongst other critical functionality.
Please upgrade to Gymnasium, the maintained drop-in replacement of Gym, or contact the authors of your software and request that they upgrade.
Users of this version of Gym should be able to simply replace 'import gym' with 'import gymnasium as gym' in the vast majority of cases.
See the migration guide at https://gymnasium.farama.org/introduction/migration_guide/ for additional information.
/workspace/learn-si2e/SI2E/SI2E_A2C/rl-starter-files/rl-starter-files/scripts/train.py --env MiniGrid-DoorKey-8x8-v0 --model fastse-fast-si2e-DoorKey-8x8-s2 --frames 3000000 --use_batch --save-interval 0 --log-interval 500 --seed 2 --algo a2c --use_entropy_reward --use_value_condition --beta 0.005 --fast_se

Namespace(algo='a2c', env='MiniGrid-DoorKey-8x8-v0', model='fastse-fast-si2e-DoorKey-8x8-s2', seed=2, log_interval=500, save_interval=0, procs=16, frames=3000000, epochs=4, batch_size=256, frames_per_proc=None, discount=0.99, lr=0.001, gae_lambda=0.95, entropy_coef=0.01, value_loss_coef=0.5, max_grad_norm=0.5, optim_eps=1e-08, optim_alpha=0.99, clip_eps=0.2, recurrence=1, text=False, use_entropy_reward=True, use_value_condition=True, beta=0.005, beta_adaptive=False, fast_se=True, use_batch=True, ablation=None, mem=False)

Device: cuda:0

Environments loaded

Training status loaded

Observations preprocessor loaded
Model loaded

ACModel(
  (image_conv): Sequential(
    (0): Conv2d(3, 16, kernel_size=(2, 2), stride=(1, 1))
    (1): ReLU()
    (2): MaxPool2d(kernel_size=(2, 2), stride=(2, 2), padding=0, dilation=1, ceil_mode=False)
    (3): Conv2d(16, 32, kernel_size=(2, 2), stride=(1, 1))
    (4): ReLU()
    (5): Conv2d(32, 64, kernel_size=(2, 2), stride=(1, 1))
    (6): ReLU()
  )
  (actor): Sequential(
    (0): Linear(in_features=64, out_features=64, bias=True)
    (1): Tanh()
    (2): Linear(in_features=64, out_features=7, bias=True)
  )
  (critic): Sequential(
    (0): Linear(in_features=64, out_features=64, bias=True)
    (1): Tanh()
    (2): Linear(in_features=64, out_features=1, bias=True)
  )
  (extr_critic): Sequential(
    (0): Linear(in_features=64, out_features=64, bias=True)
    (1): Tanh()
    (2): Linear(in_features=64, out_features=1, bias=True)
  )
)

Optimizer loaded

Optimizer loaded

U 8000 | F 1024000 | FPS 1418 | D 16 | rR:μσmM 0.56 0.36 0.00 0.96 | F:μσmM 296.1 230.4 29.0 640.0 | H 1.712 | V -0.105 | pL -0.014 | vL 0.001 | ∇ 0.036
U 8000 | F 1024000 | FPS 1382 | D 16 | rR:μσmM 0.18 0.32 0.00 0.89 | F:μσmM 531.0 200.5 77.0 640.0 | H 1.696 | V -0.243 | pL 0.023 | vL 0.003 | ∇ 0.036
U 8500 | F 1088000 | FPS 1456 | D 59 | rR:μσmM 0.65 0.38 0.00 0.95 | F:μσmM 234.5 238.8 39.0 640.0 | H 1.575 | V 0.036 | pL -0.022 | vL 0.014 | ∇ 0.087
U 8500 | F 1088000 | FPS 1398 | D 58 | rR:μσmM 0.45 0.34 0.00 0.94 | F:μσmM 376.1 222.9 46.0 640.0 | H 1.710 | V -0.214 | pL 0.036 | vL 0.020 | ∇ 0.175
U 9000 | F 1152000 | FPS 1611 | D 105 | rR:μσmM 0.94 0.02 0.89 0.98 | F:μσmM 44.4 16.4 16.0 75.0 | H 1.214 | V 0.660 | pL -0.031 | vL 0.008 | ∇ 0.094
U 9000 | F 1152000 | FPS 1403 | D 104 | rR:μσmM 0.93 0.05 0.82 0.98 | F:μσmM 51.4 32.4 14.0 127.0 | H 1.121 | V 0.650 | pL -0.038 | vL 0.007 | ∇ 0.147
U 9500 | F 1216000 | FPS 1439 | D 151 | rR:μσmM 0.95 0.04 0.81 0.97 | F:μσmM 39.1 27.7 18.0 136.0 | H 0.903 | V 0.789 | pL -0.010 | vL 0.002 | ∇ 0.069
U 9500 | F 1216000 | FPS 1384 | D 150 | rR:μσmM 0.96 0.02 0.93 0.98 | F:μσmM 31.3 10.9 12.0 48.0 | H 1.187 | V 0.660 | pL -0.048 | vL 0.005 | ∇ 0.139
U 10000 | F 1280000 | FPS 1471 | D 198 | rR:μσmM 0.96 0.01 0.94 0.98 | F:μσmM 26.5 8.9 16.0 45.0 | H 0.910 | V 0.793 | pL -0.008 | vL 0.002 | ∇ 0.058
U 10000 | F 1280000 | FPS 1140 | D 197 | rR:μσmM 0.96 0.01 0.92 0.98 | F:μσmM 31.2 10.2 17.0 54.0 | H 1.029 | V 0.783 | pL -0.004 | vL 0.003 | ∇ 0.094
U 10500 | F 1344000 | FPS 1204 | D 245 | rR:μσmM 0.96 0.02 0.93 0.98 | F:μσmM 30.8 10.8 14.0 51.0 | H 0.861 | V 0.849 | pL -0.030 | vL 0.002 | ∇ 0.074
U 10500 | F 1344000 | FPS 1382 | D 245 | rR:μσmM 0.96 0.02 0.91 0.98 | F:μσmM 28.2 13.2 12.0 64.0 | H 1.054 | V 0.749 | pL -0.016 | vL 0.002 | ∇ 0.064
U 11000 | F 1408000 | FPS 1309 | D 293 | rR:μσmM 0.96 0.01 0.94 0.98 | F:μσmM 26.2 7.3 15.0 41.0 | H 1.055 | V 0.796 | pL -0.014 | vL 0.002 | ∇ 0.059
U 11000 | F 1408000 | FPS 1292 | D 292 | rR:μσmM 0.96 0.02 0.92 0.98 | F:μσmM 27.9 12.4 13.0 54.0 | H 1.004 | V 0.779 | pL -0.003 | vL 0.002 | ∇ 0.057
U 11500 | F 1472000 | FPS 1367 | D 341 | rR:μσmM 0.96 0.01 0.94 0.98 | F:μσmM 29.6 6.9 17.0 41.0 | H 1.046 | V 0.795 | pL -0.002 | vL 0.001 | ∇ 0.033
U 11500 | F 1472000 | FPS 1225 | D 340 | rR:μσmM 0.96 0.01 0.94 0.98 | F:μσmM 26.8 10.4 12.0 45.0 | H 0.970 | V 0.765 | pL -0.002 | vL 0.001 | ∇ 0.052
U 12000 | F 1536000 | FPS 1350 | D 388 | rR:μσmM 0.96 0.01 0.92 0.97 | F:μσmM 31.1 10.3 18.0 56.0 | H 1.012 | V 0.788 | pL -0.006 | vL 0.001 | ∇ 0.032
U 12000 | F 1536000 | FPS 1337 | D 388 | rR:μσmM 0.96 0.02 0.92 0.98 | F:μσmM 31.3 11.9 14.0 55.0 | H 1.050 | V 0.763 | pL 0.001 | vL 0.002 | ∇ 0.054
U 12500 | F 1600000 | FPS 1354 | D 435 | rR:μσmM 0.96 0.01 0.94 0.98 | F:μσmM 27.1 8.1 11.0 42.0 | H 1.007 | V 0.774 | pL -0.005 | vL 0.002 | ∇ 0.082
U 12500 | F 1600000 | FPS 1468 | D 436 | rR:μσmM 0.96 0.02 0.90 0.97 | F:μσmM 31.3 13.5 18.0 72.0 | H 0.987 | V 0.815 | pL -0.000 | vL 0.001 | ∇ 0.036
U 13000 | F 1664000 | FPS 1306 | D 482 | rR:μσmM 0.95 0.03 0.89 0.99 | F:μσmM 33.4 18.1 10.0 78.0 | H 1.001 | V 0.794 | pL 0.003 | vL 0.002 | ∇ 0.108
U 13000 | F 1664000 | FPS 1195 | D 483 | rR:μσmM 0.96 0.01 0.94 0.98 | F:μσmM 26.6 7.6 15.0 45.0 | H 0.860 | V 0.831 | pL -0.019 | vL 0.001 | ∇ 0.033
U 13500 | F 1728000 | FPS 1362 | D 531 | rR:μσmM 0.96 0.01 0.94 0.98 | F:μσmM 27.2 6.7 16.0 40.0 | H 1.117 | V 0.771 | pL -0.009 | vL 0.001 | ∇ 0.052
U 13500 | F 1728000 | FPS 1503 | D 532 | rR:μσmM 0.97 0.01 0.95 0.98 | F:μσmM 21.2 6.1 12.0 35.0 | H 0.979 | V 0.824 | pL -0.006 | vL 0.001 | ∇ 0.032
U 14000 | F 1792000 | FPS 1440 | D 579 | rR:μσmM 0.95 0.02 0.89 0.98 | F:μσmM 34.6 16.8 16.0 76.0 | H 1.156 | V 0.712 | pL -0.031 | vL 0.002 | ∇ 0.065
U 14000 | F 1792000 | FPS 1242 | D 581 | rR:μσmM 0.96 0.02 0.92 0.98 | F:μσmM 28.9 11.1 13.0 59.0 | H 0.945 | V 0.808 | pL -0.000 | vL 0.003 | ∇ 0.072
U 14500 | F 1856000 | FPS 1520 | D 628 | rR:μσmM 0.96 0.02 0.90 0.97 | F:μσmM 28.2 12.0 18.0 68.0 | H 1.044 | V 0.788 | pL -0.003 | vL 0.001 | ∇ 0.043
U 14500 | F 1856000 | FPS 1147 | D 629 | rR:μσmM 0.96 0.01 0.95 0.97 | F:μσmM 25.9 5.8 18.0 38.0 | H 1.104 | V 0.787 | pL -0.020 | vL 0.001 | ∇ 0.052
U 15000 | F 1920000 | FPS 1470 | D 677 | rR:μσmM 0.96 0.02 0.91 0.98 | F:μσmM 28.0 12.8 12.0 65.0 | H 1.086 | V 0.807 | pL -0.015 | vL 0.002 | ∇ 0.048
U 15000 | F 1920000 | FPS 1407 | D 678 | rR:μσmM 0.96 0.01 0.93 0.97 | F:μσmM 28.2 9.7 18.0 48.0 | H 1.013 | V 0.803 | pL -0.014 | vL 0.001 | ∇ 0.073
U 15500 | F 1984000 | FPS 1193 | D 725 | rR:μσmM 0.96 0.01 0.94 0.97 | F:μσmM 30.5 6.5 21.0 43.0 | H 1.111 | V 0.774 | pL -0.010 | vL 0.001 | ∇ 0.046
U 15500 | F 1984000 | FPS 1160 | D 727 | rR:μσmM 0.96 0.01 0.93 0.98 | F:μσmM 27.5 8.7 16.0 53.0 | H 1.028 | V 0.810 | pL -0.016 | vL 0.002 | ∇ 0.060
U 16000 | F 2048000 | FPS 1538 | D 773 | rR:μσmM 0.96 0.01 0.94 0.98 | F:μσmM 27.1 7.4 17.0 40.0 | H 1.127 | V 0.756 | pL -0.011 | vL 0.001 | ∇ 0.031
U 16000 | F 2048000 | FPS 1362 | D 776 | rR:μσmM 0.97 0.01 0.95 0.98 | F:μσmM 24.0 6.2 16.0 38.0 | H 0.886 | V 0.813 | pL -0.002 | vL 0.001 | ∇ 0.030
U 16500 | F 2112000 | FPS 1534 | D 821 | rR:μσmM 0.96 0.01 0.93 0.98 | F:μσmM 25.7 8.6 15.0 47.0 | H 0.925 | V 0.868 | pL -0.021 | vL 0.001 | ∇ 0.046
U 16500 | F 2112000 | FPS 1411 | D 824 | rR:μσmM 0.96 0.01 0.93 0.98 | F:μσmM 29.2 9.3 14.0 47.0 | H 1.013 | V 0.821 | pL -0.012 | vL 0.001 | ∇ 0.051
U 17000 | F 2176000 | FPS 1292 | D 870 | rR:μσmM 0.96 0.01 0.94 0.98 | F:μσmM 26.8 6.7 17.0 43.0 | H 0.964 | V 0.868 | pL -0.040 | vL 0.002 | ∇ 0.081
U 17000 | F 2176000 | FPS 1268 | D 872 | rR:μσmM 0.96 0.01 0.93 0.98 | F:μσmM 27.1 7.6 17.0 47.0 | H 1.025 | V 0.787 | pL -0.013 | vL 0.001 | ∇ 0.033
U 17500 | F 2240000 | FPS 1515 | D 918 | rR:μσmM 0.96 0.02 0.91 0.98 | F:μσmM 27.0 11.8 14.0 63.0 | H 1.042 | V 0.752 | pL 0.001 | vL 0.002 | ∇ 0.056
U 17500 | F 2240000 | FPS 1352 | D 921 | rR:μσmM 0.96 0.02 0.91 0.98 | F:μσmM 27.7 10.8 15.0 65.0 | H 1.022 | V 0.796 | pL -0.022 | vL 0.003 | ∇ 0.049
U 18000 | F 2304000 | FPS 1209 | D 966 | rR:μσmM 0.95 0.02 0.91 0.98 | F:μσmM 32.2 13.0 14.0 62.0 | H 1.039 | V 0.775 | pL -0.011 | vL 0.002 | ∇ 0.097
U 18000 | F 2304000 | FPS 1331 | D 970 | rR:μσmM 0.96 0.01 0.94 0.98 | F:μσmM 27.6 7.2 17.0 45.0 | H 1.007 | V 0.823 | pL -0.013 | vL 0.002 | ∇ 0.052
U 18500 | F 2368000 | FPS 1414 | D 1014 | rR:μσmM 0.96 0.01 0.93 0.97 | F:μσmM 29.9 8.2 18.0 53.0 | H 1.035 | V 0.812 | pL -0.013 | vL 0.001 | ∇ 0.052
U 18500 | F 2368000 | FPS 1459 | D 1018 | rR:μσmM 0.96 0.01 0.94 0.98 | F:μσmM 25.6 9.1 14.0 45.0 | H 0.938 | V 0.811 | pL -0.010 | vL 0.002 | ∇ 0.038
U 19000 | F 2432000 | FPS 1424 | D 1062 | rR:μσmM 0.96 0.01 0.95 0.98 | F:μσmM 25.5 6.6 12.0 36.0 | H 0.984 | V 0.818 | pL -0.008 | vL 0.001 | ∇ 0.023
U 19000 | F 2432000 | FPS 1330 | D 1066 | rR:μσmM 0.97 0.01 0.94 0.98 | F:μσmM 24.9 8.0 14.0 45.0 | H 1.062 | V 0.797 | pL -0.033 | vL 0.002 | ∇ 0.072
U 19500 | F 2496000 | FPS 1306 | D 1112 | rR:μσmM 0.96 0.01 0.93 0.98 | F:μσmM 29.3 9.7 14.0 48.0 | H 1.088 | V 0.809 | pL -0.013 | vL 0.001 | ∇ 0.031
U 19500 | F 2496000 | FPS 1644 | D 1117 | rR:μσmM 0.95 0.04 0.80 0.98 | F:μσmM 34.4 29.1 15.0 139.0 | H 1.101 | V 0.767 | pL -0.003 | vL 0.002 | ∇ 0.083
U 20000 | F 2560000 | FPS 1416 | D 1160 | rR:μσmM 0.96 0.01 0.93 0.98 | F:μσmM 31.0 9.0 15.0 52.0 | H 1.141 | V 0.771 | pL -0.004 | vL 0.001 | ∇ 0.048
U 20000 | F 2560000 | FPS 1270 | D 1165 | rR:μσmM 0.96 0.02 0.93 0.98 | F:μσmM 29.0 10.9 14.0 53.0 | H 1.017 | V 0.791 | pL -0.008 | vL 0.001 | ∇ 0.057
U 20500 | F 2624000 | FPS 1454 | D 1208 | rR:μσmM 0.96 0.01 0.95 0.98 | F:μσmM 25.8 6.1 16.0 36.0 | H 1.019 | V 0.895 | pL -0.016 | vL 0.002 | ∇ 0.056
U 20500 | F 2624000 | FPS 1469 | D 1213 | rR:μσmM 0.96 0.01 0.94 0.97 | F:μσmM 29.2 7.0 18.0 42.0 | H 1.036 | V 0.803 | pL -0.004 | vL 0.002 | ∇ 0.055
U 21000 | F 2688000 | FPS 1425 | D 1255 | rR:μσmM 0.96 0.01 0.95 0.98 | F:μσmM 25.2 8.0 13.0 37.0 | H 1.110 | V 0.815 | pL -0.011 | vL 0.001 | ∇ 0.043
U 21000 | F 2688000 | FPS 1599 | D 1260 | rR:μσmM 0.95 0.04 0.82 0.98 | F:μσmM 34.9 26.4 16.0 130.0 | H 1.113 | V 0.785 | pL -0.030 | vL 0.002 | ∇ 0.061
U 21500 | F 2752000 | FPS 1431 | D 1303 | rR:μσmM 0.96 0.01 0.94 0.98 | F:μσmM 25.2 9.2 12.0 45.0 | H 1.100 | V 0.786 | pL -0.017 | vL 0.002 | ∇ 0.047
U 21500 | F 2752000 | FPS 1617 | D 1308 | rR:μσmM 0.97 0.01 0.95 0.98 | F:μσmM 22.5 6.4 14.0 33.0 | H 1.062 | V 0.782 | pL -0.030 | vL 0.002 | ∇ 0.054
U 22000 | F 2816000 | FPS 1378 | D 1350 | rR:μσmM 0.96 0.01 0.95 0.98 | F:μσmM 26.2 6.1 17.0 36.0 | H 0.978 | V 0.811 | pL -0.028 | vL 0.001 | ∇ 0.065
U 22000 | F 2816000 | FPS 1601 | D 1356 | rR:μσmM 0.96 0.01 0.94 0.98 | F:μσmM 27.4 7.8 15.0 46.0 | H 1.122 | V 0.770 | pL -0.006 | vL 0.001 | ∇ 0.035
U 22500 | F 2880000 | FPS 1250 | D 1398 | rR:μσmM 0.96 0.01 0.93 0.98 | F:μσmM 27.8 9.6 13.0 47.0 | H 1.128 | V 0.791 | pL -0.013 | vL 0.002 | ∇ 0.043
U 22500 | F 2880000 | FPS 1664 | D 1404 | rR:μσmM 0.96 0.01 0.94 0.98 | F:μσmM 26.5 8.4 13.0 44.0 | H 1.023 | V 0.790 | pL -0.009 | vL 0.001 | ∇ 0.076
U 23000 | F 2944000 | FPS 1297 | D 1445 | rR:μσmM 0.97 0.01 0.95 0.98 | F:μσmM 23.6 5.6 14.0 33.0 | H 1.059 | V 0.808 | pL -0.029 | vL 0.002 | ∇ 0.069
U 23000 | F 2944000 | FPS 1170 | D 1452 | rR:μσmM 0.97 0.01 0.95 0.98 | F:μσmM 23.1 3.8 16.0 32.0 | H 0.959 | V 0.843 | pL -0.004 | vL 0.001 | ∇ 0.029
Final model saved
Final model saved
Gym has been unmaintained since 2022 and does not support NumPy 2.0 amongst other critical functionality.
Please upgrade to Gymnasium, the maintained drop-in replacement of Gym, or contact the authors of your software and request that they upgrade.
Users of this version of Gym should be able to simply replace 'import gym' with 'import gymnasium as gym' in the vast majority of cases.
See the migration guide at https://gymnasium.farama.org/introduction/migration_guide/ for additional information.
Episodes evaluated: 200
Successes:          200
Success rate:       100.0%
Mean return:        0.9758
SUCCESS_RATE=100.00
[DONE] fastse-fast-si2e-DoorKey-8x8-s2: SR=100.00%  FPS=1538
Gym has been unmaintained since 2022 and does not support NumPy 2.0 amongst other critical functionality.
Please upgrade to Gymnasium, the maintained drop-in replacement of Gym, or contact the authors of your software and request that they upgrade.
Users of this version of Gym should be able to simply replace 'import gym' with 'import gymnasium as gym' in the vast majority of cases.
See the migration guide at https://gymnasium.farama.org/introduction/migration_guide/ for additional information.
Episodes evaluated: 200
Successes:          200
Success rate:       100.0%
Mean return:        0.9755
SUCCESS_RATE=100.00
[DONE] fastse-fast-si2e-DoorKey-8x8-s1: SR=100.00%  FPS=1664
========================================================
[RUN] method=fast-si2e  env=DoorKey-8x8  seed=3  frames=3000000  (resuming from checkpoint)
========================================================
Gym has been unmaintained since 2022 and does not support NumPy 2.0 amongst other critical functionality.
Please upgrade to Gymnasium, the maintained drop-in replacement of Gym, or contact the authors of your software and request that they upgrade.
Users of this version of Gym should be able to simply replace 'import gym' with 'import gymnasium as gym' in the vast majority of cases.
See the migration guide at https://gymnasium.farama.org/introduction/migration_guide/ for additional information.
/workspace/learn-si2e/SI2E/SI2E_A2C/rl-starter-files/rl-starter-files/scripts/train.py --env MiniGrid-DoorKey-8x8-v0 --model fastse-fast-si2e-DoorKey-8x8-s3 --frames 3000000 --use_batch --save-interval 0 --log-interval 500 --seed 3 --algo a2c --use_entropy_reward --use_value_condition --beta 0.005 --fast_se

Namespace(algo='a2c', env='MiniGrid-DoorKey-8x8-v0', model='fastse-fast-si2e-DoorKey-8x8-s3', seed=3, log_interval=500, save_interval=0, procs=16, frames=3000000, epochs=4, batch_size=256, frames_per_proc=None, discount=0.99, lr=0.001, gae_lambda=0.95, entropy_coef=0.01, value_loss_coef=0.5, max_grad_norm=0.5, optim_eps=1e-08, optim_alpha=0.99, clip_eps=0.2, recurrence=1, text=False, use_entropy_reward=True, use_value_condition=True, beta=0.005, beta_adaptive=False, fast_se=True, use_batch=True, ablation=None, mem=False)

Device: cuda:0

Environments loaded

Training status loaded

Observations preprocessor loaded
Model loaded

ACModel(
  (image_conv): Sequential(
    (0): Conv2d(3, 16, kernel_size=(2, 2), stride=(1, 1))
    (1): ReLU()
    (2): MaxPool2d(kernel_size=(2, 2), stride=(2, 2), padding=0, dilation=1, ceil_mode=False)
    (3): Conv2d(16, 32, kernel_size=(2, 2), stride=(1, 1))
    (4): ReLU()
    (5): Conv2d(32, 64, kernel_size=(2, 2), stride=(1, 1))
    (6): ReLU()
  )
  (actor): Sequential(
    (0): Linear(in_features=64, out_features=64, bias=True)
    (1): Tanh()
    (2): Linear(in_features=64, out_features=7, bias=True)
  )
  (critic): Sequential(
    (0): Linear(in_features=64, out_features=64, bias=True)
    (1): Tanh()
    (2): Linear(in_features=64, out_features=1, bias=True)
  )
  (extr_critic): Sequential(
    (0): Linear(in_features=64, out_features=64, bias=True)
    (1): Tanh()
    (2): Linear(in_features=64, out_features=1, bias=True)
  )
)

Optimizer loaded

U 8000 | F 1024000 | FPS 1822 | D 13 | rR:μσmM 0.00 0.00 0.00 0.00 | F:μσmM 640.0 0.0 640.0 640.0 | H 1.769 | V -0.283 | pL -0.003 | vL 0.000 | ∇ 0.012
U 8500 | F 1088000 | FPS 1821 | D 48 | rR:μσmM 0.00 0.00 0.00 0.00 | F:μσmM 640.0 0.0 640.0 640.0 | H 1.784 | V -0.333 | pL -0.015 | vL 0.001 | ∇ 0.014
U 9000 | F 1152000 | FPS 1760 | D 82 | rR:μσmM 0.07 0.17 0.00 0.60 | F:μσmM 602.5 100.1 281.0 640.0 | H 1.764 | V -0.285 | pL -0.010 | vL 0.001 | ∇ 0.008
U 9500 | F 1216000 | FPS 2274 | D 116 | rR:μσmM 0.13 0.29 0.00 0.91 | F:μσmM 559.4 181.1 63.0 640.0 | H 1.751 | V -0.284 | pL 0.008 | vL 0.004 | ∇ 0.141
U 10000 | F 1280000 | FPS 1662 | D 149 | rR:μσmM 0.05 0.20 0.00 0.83 | F:μσmM 607.5 125.9 120.0 640.0 | H 1.729 | V -0.281 | pL -0.009 | vL 0.001 | ∇ 0.008
U 10500 | F 1344000 | FPS 2074 | D 182 | rR:μσmM 0.00 0.00 0.00 0.00 | F:μσmM 640.0 0.0 640.0 640.0 | H 1.751 | V -0.316 | pL -0.005 | vL 0.001 | ∇ 0.008
U 11000 | F 1408000 | FPS 2082 | D 215 | rR:μσmM 0.19 0.31 0.00 0.94 | F:μσmM 526.4 194.8 42.0 640.0 | H 1.750 | V -0.256 | pL -0.003 | vL 0.000 | ∇ 0.009
U 11500 | F 1472000 | FPS 2105 | D 248 | rR:μσmM 0.00 0.00 0.00 0.00 | F:μσmM 640.0 0.0 640.0 640.0 | H 1.723 | V -0.300 | pL 0.008 | vL 0.000 | ∇ 0.011
U 12000 | F 1536000 | FPS 2021 | D 280 | rR:μσmM 0.07 0.18 0.00 0.72 | F:μσmM 600.9 109.4 201.0 640.0 | H 1.724 | V -0.291 | pL 0.022 | vL 0.014 | ∇ 0.066
U 12500 | F 1600000 | FPS 1663 | D 313 | rR:μσmM 0.11 0.24 0.00 0.74 | F:μσmM 578.6 142.9 183.0 640.0 | H 1.745 | V -0.264 | pL 0.023 | vL 0.003 | ∇ 0.029
U 13000 | F 1664000 | FPS 1992 | D 345 | rR:μσmM 0.22 0.30 0.00 0.78 | F:μσmM 509.5 180.2 157.0 640.0 | H 1.724 | V -0.260 | pL -0.017 | vL 0.002 | ∇ 0.029
U 13500 | F 1728000 | FPS 2138 | D 377 | rR:μσmM 0.50 0.32 0.00 0.97 | F:μσmM 345.1 206.2 22.0 640.0 | H 1.704 | V -0.295 | pL -0.004 | vL 0.001 | ∇ 0.016
U 14000 | F 1792000 | FPS 2170 | D 410 | rR:μσmM 0.76 0.18 0.25 0.98 | F:μσmM 173.4 129.9 16.0 530.0 | H 1.696 | V -0.132 | pL -0.008 | vL 0.001 | ∇ 0.032
U 14500 | F 1856000 | FPS 2036 | D 442 | rR:μσmM 0.95 0.02 0.92 0.98 | F:μσmM 36.7 12.9 15.0 55.0 | H 1.031 | V 0.754 | pL -0.016 | vL 0.006 | ∇ 0.126
U 15000 | F 1920000 | FPS 1820 | D 476 | rR:μσmM 0.95 0.02 0.89 0.98 | F:μσmM 33.5 17.3 16.0 78.0 | H 0.898 | V 0.784 | pL -0.005 | vL 0.002 | ∇ 0.071
U 15500 | F 1984000 | FPS 1689 | D 509 | rR:μσmM 0.96 0.02 0.91 0.98 | F:μσmM 31.7 13.1 14.0 63.0 | H 0.959 | V 0.728 | pL -0.013 | vL 0.003 | ∇ 0.076
U 16000 | F 2048000 | FPS 1794 | D 542 | rR:μσmM 0.95 0.02 0.89 0.98 | F:μσmM 32.5 17.5 15.0 76.0 | H 0.978 | V 0.804 | pL -0.002 | vL 0.001 | ∇ 0.065
U 16500 | F 2112000 | FPS 2168 | D 576 | rR:μσmM 0.96 0.01 0.92 0.97 | F:μσmM 29.0 10.2 19.0 60.0 | H 1.007 | V 0.716 | pL -0.002 | vL 0.002 | ∇ 0.060
U 17000 | F 2176000 | FPS 1599 | D 610 | rR:μσmM 0.97 0.01 0.94 0.98 | F:μσmM 24.8 7.2 15.0 43.0 | H 1.037 | V 0.786 | pL -0.024 | vL 0.002 | ∇ 0.084
U 17500 | F 2240000 | FPS 1758 | D 644 | rR:μσmM 0.96 0.01 0.91 0.98 | F:μσmM 28.1 10.6 15.0 61.0 | H 1.092 | V 0.756 | pL -0.024 | vL 0.003 | ∇ 0.058
U 18000 | F 2304000 | FPS 2099 | D 677 | rR:μσmM 0.95 0.03 0.87 0.98 | F:μσmM 34.8 19.4 14.0 91.0 | H 1.000 | V 0.805 | pL 0.001 | vL 0.002 | ∇ 0.058
U 18500 | F 2368000 | FPS 2397 | D 709 | rR:μσmM 0.97 0.01 0.92 0.98 | F:μσmM 24.4 10.0 14.0 58.0 | H 1.001 | V 0.819 | pL -0.002 | vL 0.001 | ∇ 0.056
U 19000 | F 2432000 | FPS 1951 | D 741 | rR:μσmM 0.96 0.01 0.95 0.97 | F:μσmM 27.3 6.0 18.0 39.0 | H 1.040 | V 0.832 | pL -0.027 | vL 0.001 | ∇ 0.071
U 19500 | F 2496000 | FPS 1981 | D 773 | rR:μσmM 0.96 0.01 0.95 0.97 | F:μσmM 27.4 5.5 18.0 38.0 | H 0.996 | V 0.816 | pL 0.000 | vL 0.002 | ∇ 0.111
U 20000 | F 2560000 | FPS 1651 | D 805 | rR:μσmM 0.96 0.02 0.90 0.98 | F:μσmM 28.4 12.5 16.0 70.0 | H 1.026 | V 0.759 | pL -0.005 | vL 0.003 | ∇ 0.049
U 20500 | F 2624000 | FPS 1722 | D 838 | rR:μσmM 0.96 0.02 0.93 0.98 | F:μσmM 29.9 11.4 12.0 50.0 | H 1.074 | V 0.804 | pL -0.020 | vL 0.002 | ∇ 0.062
U 21000 | F 2688000 | FPS 1729 | D 870 | rR:μσmM 0.96 0.01 0.93 0.98 | F:μσmM 25.3 10.1 12.0 48.0 | H 1.051 | V 0.800 | pL 0.011 | vL 0.002 | ∇ 0.084
U 21500 | F 2752000 | FPS 2254 | D 903 | rR:μσmM 0.96 0.01 0.93 0.98 | F:μσmM 27.3 8.7 17.0 48.0 | H 1.031 | V 0.839 | pL -0.008 | vL 0.001 | ∇ 0.058
U 22000 | F 2816000 | FPS 1922 | D 935 | rR:μσmM 0.96 0.01 0.94 0.98 | F:μσmM 29.6 9.4 13.0 45.0 | H 0.986 | V 0.806 | pL -0.004 | vL 0.001 | ∇ 0.061
U 22500 | F 2880000 | FPS 1444 | D 970 | rR:μσmM 0.96 0.01 0.93 0.97 | F:μσmM 31.5 8.7 21.0 47.0 | H 1.043 | V 0.809 | pL -0.001 | vL 0.001 | ∇ 0.038
U 23000 | F 2944000 | FPS 1972 | D 1004 | rR:μσmM 0.96 0.01 0.92 0.98 | F:μσmM 28.9 9.4 17.0 56.0 | H 1.101 | V 0.805 | pL -0.018 | vL 0.002 | ∇ 0.064
Final model saved
Gym has been unmaintained since 2022 and does not support NumPy 2.0 amongst other critical functionality.
Please upgrade to Gymnasium, the maintained drop-in replacement of Gym, or contact the authors of your software and request that they upgrade.
Users of this version of Gym should be able to simply replace 'import gym' with 'import gymnasium as gym' in the vast majority of cases.
See the migration guide at https://gymnasium.farama.org/introduction/migration_guide/ for additional information.
Episodes evaluated: 200
Successes:          200
Success rate:       100.0%
Mean return:        0.9753
SUCCESS_RATE=100.00
[DONE] fastse-fast-si2e-DoorKey-8x8-s3: SR=100.00%  FPS=2397

=== FAST-SI2E DK-8x8 3M SUMMARY ===

MiniGrid-DoorKey-8x8-v0:
  fast-si2e                N= 6  52.2% ± 48.0
  si2e                     N= 3  0.0% ± 0.0

MiniGrid-KeyCorridorS3R2-v0:
  fast-si2e                N= 3  45.5% ± 39.0
  ppo-fast-si2e            N= 3  0.0% ± 0.0
