nohup: ignoring input
tee: /workspace/learn-si2e/results/a2c-multiseed/si2e-s5/train.log: No such file or directory
Gym has been unmaintained since 2022 and does not support NumPy 2.0 amongst other critical functionality.
Please upgrade to Gymnasium, the maintained drop-in replacement of Gym, or contact the authors of your software and request that they upgrade.
Users of this version of Gym should be able to simply replace 'import gym' with 'import gymnasium as gym' in the vast majority of cases.
See the migration guide at https://gymnasium.farama.org/introduction/migration_guide/ for additional information.
/workspace/learn-si2e/SI2E/SI2E_A2C/rl-starter-files/rl-starter-files/scripts/train.py --algo a2c --env MiniGrid-DoorKey-8x8-v0 --model multiseed-vcse-s5 --frames 3000000 --use_batch --save-interval 100 --log-interval 500 --seed 5 --use_entropy_reward --use_value_condition --beta 0.005

Namespace(algo='a2c', env='MiniGrid-DoorKey-8x8-v0', model='multiseed-vcse-s5', seed=5, log_interval=500, save_interval=100, procs=16, frames=3000000, epochs=4, batch_size=256, frames_per_proc=None, discount=0.99, lr=0.001, gae_lambda=0.95, entropy_coef=0.01, value_loss_coef=0.5, max_grad_norm=0.5, optim_eps=1e-08, optim_alpha=0.99, clip_eps=0.2, recurrence=1, text=False, use_entropy_reward=True, use_value_condition=True, beta=0.005, use_batch=True, mem=False)

Device: cuda:0

Environments loaded

Training status loaded

Observations preprocessor loaded
Model loaded

ACModel(
  (image_conv): Sequential(
    (0): Conv2d(3, 16, kernel_size=(2, 2), stride=(1, 1))
    (1): ReLU()
    (2): MaxPool2d(kernel_size=(2, 2), stride=(2, 2), padding=0, dilation=1, ceil_mode=False)
    (3): Conv2d(16, 32, kernel_size=(2, 2), stride=(1, 1))
    (4): ReLU()
    (5): Conv2d(32, 64, kernel_size=(2, 2), stride=(1, 1))
    (6): ReLU()
  )
  (actor): Sequential(
    (0): Linear(in_features=64, out_features=64, bias=True)
    (1): Tanh()
    (2): Linear(in_features=64, out_features=7, bias=True)
  )
  (critic): Sequential(
    (0): Linear(in_features=64, out_features=64, bias=True)
    (1): Tanh()
    (2): Linear(in_features=64, out_features=1, bias=True)
  )
  (extr_critic): Sequential(
    (0): Linear(in_features=64, out_features=64, bias=True)
    (1): Tanh()
    (2): Linear(in_features=64, out_features=1, bias=True)
  )
)

Optimizer loaded

Status saved
Status saved
Status saved
U 10000 | F 1280000 | FPS 0408 | D 125 | rR:μσmM 0.01 0.05 0.00 0.20 | F:μσmM 635.6 16.9 570.0 640.0 | H 1.776 | V -0.273 | pL 0.263 | vL 0.035 | ∇ 0.206
Status saved
Status saved
Status saved
Status saved
Status saved
U 10500 | F 1344000 | FPS 0401 | D 280 | rR:μσmM 0.07 0.18 0.00 0.66 | F:μσmM 602.4 105.3 242.0 640.0 | H 1.760 | V -0.261 | pL -0.023 | vL 0.001 | ∇ 0.018
Status saved
Status saved
Status saved
Status saved
Status saved
U 11000 | F 1408000 | FPS 0397 | D 437 | rR:μσmM 0.01 0.03 0.00 0.14 | F:μσmM 638.4 6.3 614.0 640.0 | H 1.753 | V -0.245 | pL -0.004 | vL 0.001 | ∇ 0.008
Status saved
Status saved
Status saved
Status saved
Status saved
U 11500 | F 1472000 | FPS 0433 | D 593 | rR:μσmM 0.03 0.12 0.00 0.50 | F:μσmM 622.1 69.2 354.0 640.0 | H 1.750 | V -0.276 | pL -0.022 | vL 0.001 | ∇ 0.015
Status saved
Status saved
Status saved
Status saved
Status saved
U 12000 | F 1536000 | FPS 0454 | D 750 | rR:μσmM 0.13 0.20 0.00 0.58 | F:μσmM 569.8 113.4 297.0 640.0 | H 1.779 | V -0.231 | pL 0.003 | vL 0.003 | ∇ 0.024
Status saved
Status saved
Status saved
Status saved
Status saved
U 12500 | F 1600000 | FPS 0372 | D 907 | rR:μσmM 0.33 0.35 0.00 0.88 | F:μσmM 447.8 222.7 87.0 640.0 | H 1.721 | V -0.223 | pL -0.023 | vL 0.001 | ∇ 0.017
Status saved
Status saved
Status saved
Status saved
Status saved
U 13000 | F 1664000 | FPS 0376 | D 1063 | rR:μσmM 0.63 0.32 0.00 0.93 | F:μσmM 250.9 208.6 53.0 640.0 | H 1.699 | V -0.068 | pL 0.004 | vL 0.003 | ∇ 0.038
Status saved
Status saved
Status saved
Status saved
Status saved
U 13500 | F 1728000 | FPS 0426 | D 1219 | rR:μσmM 0.96 0.01 0.94 0.97 | F:μσmM 28.1 6.6 18.0 40.0 | H 1.006 | V 0.734 | pL -0.025 | vL 0.005 | ∇ 0.115
Status saved
Status saved
Status saved
Status saved
Status saved
U 14000 | F 1792000 | FPS 0455 | D 1373 | rR:μσmM 0.96 0.01 0.92 0.98 | F:μσmM 28.7 8.9 14.0 54.0 | H 1.034 | V 0.775 | pL -0.002 | vL 0.002 | ∇ 0.077
Status saved
Status saved
Status saved
Status saved
Status saved
U 14500 | F 1856000 | FPS 0434 | D 1527 | rR:μσmM 0.95 0.01 0.94 0.97 | F:μσmM 32.0 4.7 24.0 42.0 | H 1.136 | V 0.669 | pL -0.001 | vL 0.006 | ∇ 0.080
Status saved
Status saved
Status saved
Status saved
Status saved
U 15000 | F 1920000 | FPS 0479 | D 1683 | rR:μσmM 0.96 0.01 0.94 0.98 | F:μσmM 26.6 7.3 16.0 44.0 | H 0.881 | V 0.877 | pL -0.006 | vL 0.001 | ∇ 0.058
Status saved
Status saved
Status saved
Status saved
Status saved
U 15500 | F 1984000 | FPS 0471 | D 1840 | rR:μσmM 0.96 0.02 0.91 0.97 | F:μσmM 29.6 11.3 18.0 66.0 | H 1.005 | V 0.785 | pL 0.005 | vL 0.002 | ∇ 0.061
Status saved
Status saved
Status saved
Status saved
Status saved
U 16000 | F 2048000 | FPS 0430 | D 1996 | rR:μσmM 0.96 0.02 0.92 0.98 | F:μσmM 31.1 11.6 14.0 54.0 | H 0.993 | V 0.804 | pL 0.000 | vL 0.002 | ∇ 0.051
Status saved
Status saved
Status saved
Status saved
Status saved
U 16500 | F 2112000 | FPS 0359 | D 2152 | rR:μσmM 0.96 0.01 0.94 0.98 | F:μσmM 25.2 8.2 14.0 44.0 | H 0.907 | V 0.826 | pL -0.010 | vL 0.001 | ∇ 0.029
Status saved
Status saved
Status saved
Status saved
Status saved
U 17000 | F 2176000 | FPS 0398 | D 2309 | rR:μσmM 0.96 0.01 0.95 0.98 | F:μσmM 26.1 5.7 16.0 35.0 | H 1.160 | V 0.762 | pL -0.010 | vL 0.002 | ∇ 0.111
Status saved
Status saved
Status saved
Status saved
Status saved
U 17500 | F 2240000 | FPS 0404 | D 2466 | rR:μσmM 0.97 0.01 0.95 0.98 | F:μσmM 23.9 6.4 15.0 36.0 | H 0.998 | V 0.804 | pL -0.010 | vL 0.001 | ∇ 0.064
Status saved
Status saved
Status saved
Status saved
Status saved
U 18000 | F 2304000 | FPS 0464 | D 2624 | rR:μσmM 0.96 0.01 0.92 0.98 | F:μσmM 28.2 10.4 12.0 55.0 | H 1.105 | V 0.770 | pL -0.013 | vL 0.002 | ∇ 0.057
Status saved
Status saved
Status saved
Status saved
Status saved
U 18500 | F 2368000 | FPS 0451 | D 2782 | rR:μσmM 0.97 0.01 0.95 0.98 | F:μσmM 23.2 6.4 11.0 37.0 | H 1.150 | V 0.774 | pL -0.017 | vL 0.002 | ∇ 0.070
Status saved
Status saved
Status saved
Status saved
Status saved
U 19000 | F 2432000 | FPS 0159 | D 3001 | rR:μσmM 0.96 0.01 0.94 0.98 | F:μσmM 26.1 8.1 11.0 40.0 | H 1.043 | V 0.786 | pL -0.016 | vL 0.001 | ∇ 0.046
Status saved
Status saved
Status saved
Status saved
Status saved
U 19500 | F 2496000 | FPS 0447 | D 3198 | rR:μσmM 0.96 0.01 0.94 0.98 | F:μσmM 25.5 9.1 11.0 46.0 | H 1.148 | V 0.752 | pL -0.006 | vL 0.001 | ∇ 0.060
Status saved
Status saved
Status saved
Status saved
Status saved
U 20000 | F 2560000 | FPS 0446 | D 3369 | rR:μσmM 0.95 0.02 0.87 0.98 | F:μσmM 32.6 17.0 16.0 89.0 | H 1.156 | V 0.786 | pL -0.027 | vL 0.002 | ∇ 0.094
Status saved
Status saved
Status saved
Status saved
Status saved
U 20500 | F 2624000 | FPS 0399 | D 3550 | rR:μσmM 0.96 0.02 0.91 0.98 | F:μσmM 28.6 12.2 13.0 63.0 | H 0.954 | V 0.800 | pL -0.000 | vL 0.003 | ∇ 0.069
Status saved
Status saved
Status saved
Status saved
Status saved
U 21000 | F 2688000 | FPS 0416 | D 3731 | rR:μσmM 0.95 0.03 0.82 0.97 | F:μσmM 37.1 24.7 18.0 126.0 | H 1.099 | V 0.765 | pL -0.008 | vL 0.002 | ∇ 0.064
Status saved
Status saved
Status saved
Status saved
Status saved
U 21500 | F 2752000 | FPS 0459 | D 3914 | rR:μσmM 0.96 0.01 0.95 0.97 | F:μσmM 26.1 5.6 19.0 38.0 | H 0.969 | V 0.817 | pL 0.004 | vL 0.002 | ∇ 0.059
Status saved
Status saved
Status saved
Status saved
Status saved
U 22000 | F 2816000 | FPS 0376 | D 4090 | rR:μσmM 0.96 0.01 0.94 0.98 | F:μσmM 26.9 7.2 17.0 43.0 | H 1.022 | V 0.818 | pL -0.016 | vL 0.001 | ∇ 0.058
Status saved
Status saved
Status saved
Status saved
Status saved
U 22500 | F 2880000 | FPS 0423 | D 4256 | rR:μσmM 0.97 0.01 0.95 0.98 | F:μσmM 22.8 6.5 11.0 38.0 | H 1.057 | V 0.817 | pL -0.026 | vL 0.001 | ∇ 0.047
Status saved
Status saved
Status saved
Status saved
Status saved
U 23000 | F 2944000 | FPS 0491 | D 6091 | rR:μσmM 0.97 0.01 0.95 0.98 | F:μσmM 23.8 5.7 16.0 37.0 | H 1.109 | V 0.826 | pL -0.024 | vL 0.002 | ∇ 0.057
Status saved
Status saved
Status saved
Status saved
Status saved
Gym has been unmaintained since 2022 and does not support NumPy 2.0 amongst other critical functionality.
Please upgrade to Gymnasium, the maintained drop-in replacement of Gym, or contact the authors of your software and request that they upgrade.
Users of this version of Gym should be able to simply replace 'import gym' with 'import gymnasium as gym' in the vast majority of cases.
See the migration guide at https://gymnasium.farama.org/introduction/migration_guide/ for additional information.
Episodes evaluated: 201
Successes:          201
Success rate:       100.0%
Mean return:        0.9754
SUCCESS_RATE=100.00
[DONE] si2e s5: 100.00%
