nohup: ignoring input
============================================================
[RUN] original VCSE  seed=1  model=multiseed-vcse-orig-s1
============================================================
Gym has been unmaintained since 2022 and does not support NumPy 2.0 amongst other critical functionality.
Please upgrade to Gymnasium, the maintained drop-in replacement of Gym, or contact the authors of your software and request that they upgrade.
Users of this version of Gym should be able to simply replace 'import gym' with 'import gymnasium as gym' in the vast majority of cases.
See the migration guide at https://gymnasium.farama.org/introduction/migration_guide/ for additional information.
/workspace/learn-si2e/base-vcse/VCSE_A2C/rl-starter-files/rl-starter-files/scripts/train.py --algo a2c --env MiniGrid-DoorKey-8x8-v0 --model multiseed-vcse-orig-s1 --frames 3000000 --use_batch --save-interval 100 --log-interval 500 --seed 1 --use_entropy_reward --use_value_condition --beta 0.005

Namespace(algo='a2c', env='MiniGrid-DoorKey-8x8-v0', model='multiseed-vcse-orig-s1', seed=1, log_interval=500, save_interval=100, procs=16, frames=3000000, epochs=4, batch_size=256, frames_per_proc=None, discount=0.99, lr=0.001, gae_lambda=0.95, entropy_coef=0.01, value_loss_coef=0.5, max_grad_norm=0.5, optim_eps=1e-08, optim_alpha=0.99, clip_eps=0.2, recurrence=1, text=False, use_entropy_reward=True, use_value_condition=True, beta=0.005, use_batch=True, mem=False)

Device: cuda

Environments loaded

Training status loaded

Observations preprocessor loaded
Model loaded

ACModel(
  (image_conv): Sequential(
    (0): Conv2d(3, 16, kernel_size=(2, 2), stride=(1, 1))
    (1): ReLU()
    (2): MaxPool2d(kernel_size=(2, 2), stride=(2, 2), padding=0, dilation=1, ceil_mode=False)
    (3): Conv2d(16, 32, kernel_size=(2, 2), stride=(1, 1))
    (4): ReLU()
    (5): Conv2d(32, 64, kernel_size=(2, 2), stride=(1, 1))
    (6): ReLU()
  )
  (actor): Sequential(
    (0): Linear(in_features=64, out_features=64, bias=True)
    (1): Tanh()
    (2): Linear(in_features=64, out_features=7, bias=True)
  )
  (critic): Sequential(
    (0): Linear(in_features=64, out_features=64, bias=True)
    (1): Tanh()
    (2): Linear(in_features=64, out_features=1, bias=True)
  )
  (extr_critic): Sequential(
    (0): Linear(in_features=64, out_features=64, bias=True)
    (1): Tanh()
    (2): Linear(in_features=64, out_features=1, bias=True)
  )
)

Optimizer loaded

Status saved
Status saved
Status saved
Status saved
U 500 | F 064000 | FPS 1249 | D 54 | rR:μσmM 0.00 0.00 0.00 0.00 | F:μσmM 640.0 0.0 640.0 640.0 | H 1.764 | V -0.264 | pL -0.002 | vL 0.001 | ∇ 0.011
Status saved
Status saved
Status saved
Status saved
Status saved
U 1000 | F 128000 | FPS 1132 | D 111 | rR:μσmM 0.00 0.00 0.00 0.00 | F:μσmM 640.0 0.0 640.0 640.0 | H 1.796 | V -0.383 | pL -0.000 | vL 0.000 | ∇ 0.009
Status saved
Status saved
Status saved
Status saved
Status saved
U 1500 | F 192000 | FPS 1211 | D 170 | rR:μσmM 0.00 0.00 0.00 0.00 | F:μσmM 640.0 0.0 640.0 640.0 | H 1.732 | V -0.368 | pL 0.033 | vL 0.006 | ∇ 0.045
Status saved
Status saved
Status saved
Status saved
Status saved
U 2000 | F 256000 | FPS 0969 | D 229 | rR:μσmM 0.00 0.00 0.00 0.00 | F:μσmM 640.0 0.0 640.0 640.0 | H 1.806 | V -0.384 | pL 0.401 | vL 0.072 | ∇ 0.352
Status saved
Status saved
Status saved
Status saved
Status saved
U 2500 | F 320000 | FPS 1243 | D 290 | rR:μσmM 0.00 0.00 0.00 0.00 | F:μσmM 640.0 0.0 640.0 640.0 | H 1.767 | V -0.302 | pL -0.004 | vL 0.000 | ∇ 0.009
Status saved
Status saved
Status saved
Status saved
Status saved
U 3000 | F 384000 | FPS 1091 | D 350 | rR:μσmM 0.04 0.14 0.00 0.57 | F:μσmM 619.2 80.6 307.0 640.0 | H 1.794 | V -0.309 | pL -0.001 | vL 0.000 | ∇ 0.007
Status saved
Status saved
Status saved
Status saved
Status saved
U 3500 | F 448000 | FPS 1164 | D 410 | rR:μσmM 0.00 0.00 0.00 0.00 | F:μσmM 640.0 0.0 640.0 640.0 | H 1.756 | V -0.370 | pL -0.005 | vL 0.001 | ∇ 0.009
Status saved
Status saved
Status saved
Status saved
Status saved
U 4000 | F 512000 | FPS 0934 | D 471 | rR:μσmM 0.00 0.00 0.00 0.00 | F:μσmM 640.0 0.0 640.0 640.0 | H 1.766 | V -0.317 | pL 0.219 | vL 0.033 | ∇ 0.180
Status saved
Status saved
Status saved
Status saved
Status saved
U 4500 | F 576000 | FPS 0988 | D 532 | rR:μσmM 0.00 0.00 0.00 0.00 | F:μσmM 640.0 0.0 640.0 640.0 | H 1.786 | V -0.320 | pL -0.012 | vL 0.001 | ∇ 0.010
Status saved
Status saved
Status saved
Status saved
Status saved
U 5000 | F 640000 | FPS 1003 | D 593 | rR:μσmM 0.00 0.00 0.00 0.00 | F:μσmM 640.0 0.0 640.0 640.0 | H 1.796 | V -0.284 | pL -0.007 | vL 0.001 | ∇ 0.008
Status saved
Status saved
Status saved
Status saved
Status saved
U 5500 | F 704000 | FPS 0808 | D 655 | rR:μσmM 0.02 0.07 0.00 0.30 | F:μσmM 631.3 33.6 501.0 640.0 | H 1.782 | V -0.289 | pL -0.018 | vL 0.001 | ∇ 0.013
Status saved
Status saved
Status saved
Status saved
Status saved
U 6000 | F 768000 | FPS 1220 | D 716 | rR:μσmM 0.00 0.00 0.00 0.00 | F:μσmM 640.0 0.0 640.0 640.0 | H 1.769 | V -0.392 | pL -0.008 | vL 0.001 | ∇ 0.012
Status saved
Status saved
Status saved
Status saved
Status saved
U 6500 | F 832000 | FPS 1104 | D 777 | rR:μσmM 0.00 0.00 0.00 0.00 | F:μσmM 640.0 0.0 640.0 640.0 | H 1.765 | V -0.309 | pL -0.012 | vL 0.001 | ∇ 0.012
Status saved
Status saved
Status saved
Status saved
Status saved
U 7000 | F 896000 | FPS 1030 | D 839 | rR:μσmM 0.03 0.12 0.00 0.48 | F:μσmM 623.2 64.9 372.0 640.0 | H 1.762 | V -0.308 | pL -0.022 | vL 0.001 | ∇ 0.013
Status saved
Status saved
Status saved
Status saved
Status saved
U 7500 | F 960000 | FPS 0999 | D 901 | rR:μσmM 0.00 0.00 0.00 0.00 | F:μσmM 640.0 0.0 640.0 640.0 | H 1.759 | V -0.309 | pL 0.003 | vL 0.000 | ∇ 0.010
Status saved
Status saved
Status saved
Status saved
Status saved
U 8000 | F 1024000 | FPS 0712 | D 963 | rR:μσmM 0.04 0.14 0.00 0.56 | F:μσmM 619.4 79.9 310.0 640.0 | H 1.743 | V -0.357 | pL 0.001 | vL 0.000 | ∇ 0.008
Status saved
Status saved
Status saved
Status saved
Status saved
U 8500 | F 1088000 | FPS 1155 | D 1029 | rR:μσmM 0.16 0.27 0.00 0.69 | F:μσmM 546.9 162.4 220.0 640.0 | H 1.710 | V -0.246 | pL -0.017 | vL 0.001 | ∇ 0.015
Status saved
Status saved
Status saved
Status saved
Status saved
U 9000 | F 1152000 | FPS 0994 | D 1092 | rR:μσmM 0.06 0.20 0.00 0.79 | F:μσmM 602.7 120.1 148.0 640.0 | H 1.771 | V -0.297 | pL 0.017 | vL 0.004 | ∇ 0.017
Status saved
Status saved
Status saved
Status saved
Status saved
U 9500 | F 1216000 | FPS 1054 | D 1154 | rR:μσmM 0.00 0.00 0.00 0.00 | F:μσmM 640.0 0.0 640.0 640.0 | H 1.763 | V -0.342 | pL -0.002 | vL 0.004 | ∇ 0.027
Status saved
Status saved
Status saved
Status saved
Status saved
U 10000 | F 1280000 | FPS 0938 | D 1214 | rR:μσmM 0.00 0.00 0.00 0.00 | F:μσmM 640.0 0.0 640.0 640.0 | H 1.757 | V -0.394 | pL -0.002 | vL 0.001 | ∇ 0.008
Status saved
Status saved
Status saved
Status saved
Status saved
U 10500 | F 1344000 | FPS 1137 | D 1276 | rR:μσmM 0.00 0.00 0.00 0.00 | F:μσmM 640.0 0.0 640.0 640.0 | H 1.777 | V -0.311 | pL 0.013 | vL 0.005 | ∇ 0.029
Status saved
Status saved
Status saved
Status saved
Status saved
U 11000 | F 1408000 | FPS 1071 | D 1338 | rR:μσmM 0.05 0.15 0.00 0.58 | F:μσmM 614.4 83.3 298.0 640.0 | H 1.774 | V -0.296 | pL 0.009 | vL 0.002 | ∇ 0.010
Status saved
Status saved
Status saved
Status saved
Status saved
U 11500 | F 1472000 | FPS 1207 | D 1399 | rR:μσmM 0.04 0.16 0.00 0.68 | F:μσmM 614.4 99.0 231.0 640.0 | H 1.759 | V -0.307 | pL -0.014 | vL 0.001 | ∇ 0.012
Status saved
Status saved
Status saved
Status saved
Status saved
U 12000 | F 1536000 | FPS 0956 | D 1459 | rR:μσmM 0.00 0.00 0.00 0.00 | F:μσmM 640.0 0.0 640.0 640.0 | H 1.746 | V -0.318 | pL -0.015 | vL 0.001 | ∇ 0.011
Status saved
Status saved
Status saved
Status saved
Status saved
U 12500 | F 1600000 | FPS 1313 | D 1521 | rR:μσmM 0.01 0.03 0.00 0.13 | F:μσmM 638.7 5.1 619.0 640.0 | H 1.772 | V -0.346 | pL -0.006 | vL 0.001 | ∇ 0.007
Status saved
Status saved
Status saved
Status saved
Status saved
U 13000 | F 1664000 | FPS 1038 | D 1582 | rR:μσmM 0.07 0.20 0.00 0.77 | F:μσmM 601.3 118.1 164.0 640.0 | H 1.749 | V -0.285 | pL 0.011 | vL 0.003 | ∇ 0.016
Status saved
Status saved
Status saved
Status saved
Status saved
U 13500 | F 1728000 | FPS 1086 | D 1643 | rR:μσmM 0.01 0.03 0.00 0.12 | F:μσmM 638.9 4.1 623.0 640.0 | H 1.768 | V -0.316 | pL -0.015 | vL 0.001 | ∇ 0.012
Status saved
Status saved
Status saved
Status saved
Status saved
U 14000 | F 1792000 | FPS 1315 | D 1705 | rR:μσmM 0.05 0.15 0.00 0.61 | F:μσmM 614.9 87.7 277.0 640.0 | H 1.789 | V -0.305 | pL -0.007 | vL 0.001 | ∇ 0.011
Status saved
Status saved
Status saved
Status saved
Status saved
U 14500 | F 1856000 | FPS 1101 | D 1766 | rR:μσmM 0.03 0.08 0.00 0.25 | F:μσmM 627.3 33.6 535.0 640.0 | H 1.766 | V -0.316 | pL 0.005 | vL 0.001 | ∇ 0.010
Status saved
Status saved
Status saved
Status saved
Status saved
U 15000 | F 1920000 | FPS 1255 | D 1828 | rR:μσmM 0.12 0.23 0.00 0.80 | F:μσmM 570.4 137.9 142.0 640.0 | H 1.771 | V -0.267 | pL -0.009 | vL 0.001 | ∇ 0.009
Status saved
Status saved
Status saved
Status saved
Status saved
U 15500 | F 1984000 | FPS 1123 | D 1890 | rR:μσmM 0.06 0.21 0.00 0.84 | F:μσmM 603.1 127.2 114.0 640.0 | H 1.760 | V -0.327 | pL -0.005 | vL 0.000 | ∇ 0.008
Status saved
Status saved
Status saved
Status saved
Status saved
U 16000 | F 2048000 | FPS 0952 | D 1951 | rR:μσmM 0.17 0.27 0.00 0.73 | F:μσmM 541.9 165.9 191.0 640.0 | H 1.731 | V -0.259 | pL -0.010 | vL 0.000 | ∇ 0.011
Status saved
Status saved
Status saved
Status saved
Status saved
U 16500 | F 2112000 | FPS 1089 | D 2012 | rR:μσmM 0.07 0.20 0.00 0.78 | F:μσmM 601.0 120.0 155.0 640.0 | H 1.747 | V -0.283 | pL -0.017 | vL 0.001 | ∇ 0.020
Status saved
Status saved
Status saved
Status saved
Status saved
U 17000 | F 2176000 | FPS 1251 | D 2075 | rR:μσmM 0.08 0.23 0.00 0.89 | F:μσmM 594.1 139.6 78.0 640.0 | H 1.781 | V -0.258 | pL 0.017 | vL 0.003 | ∇ 0.029
Status saved
Status saved
Status saved
Status saved
Status saved
U 17500 | F 2240000 | FPS 0994 | D 2137 | rR:μσmM 0.23 0.36 0.00 0.94 | F:μσmM 501.4 224.5 46.0 640.0 | H 1.743 | V -0.280 | pL -0.004 | vL 0.001 | ∇ 0.014
Status saved
Status saved
Status saved
Status saved
Status saved
U 18000 | F 2304000 | FPS 0976 | D 2197 | rR:μσmM 0.74 0.26 0.00 0.97 | F:μσmM 180.0 172.0 21.0 640.0 | H 1.601 | V -0.047 | pL -0.043 | vL 0.004 | ∇ 0.065
Status saved
Status saved
Status saved
Status saved
Status saved
U 18500 | F 2368000 | FPS 1096 | D 2258 | rR:μσmM 0.86 0.06 0.72 0.98 | F:μσmM 99.8 46.0 16.0 198.0 | H 1.520 | V 0.132 | pL -0.006 | vL 0.009 | ∇ 0.075
Status saved
Status saved
Status saved
Status saved
Status saved
U 19000 | F 2432000 | FPS 1196 | D 2320 | rR:μσmM 0.78 0.16 0.46 0.97 | F:μσmM 153.0 113.3 19.0 383.0 | H 1.490 | V 0.147 | pL -0.011 | vL 0.020 | ∇ 0.133
Status saved
Status saved
Status saved
Status saved
Status saved
U 19500 | F 2496000 | FPS 1060 | D 2382 | rR:μσmM 0.95 0.03 0.90 0.98 | F:μσmM 36.2 20.3 13.0 73.0 | H 1.227 | V 0.677 | pL -0.019 | vL 0.004 | ∇ 0.089
Status saved
Status saved
Status saved
Status saved
Status saved
U 20000 | F 2560000 | FPS 1031 | D 2443 | rR:μσmM 0.94 0.03 0.83 0.97 | F:μσmM 40.8 23.5 21.0 122.0 | H 1.251 | V 0.687 | pL -0.030 | vL 0.003 | ∇ 0.098
Status saved
Status saved
Status saved
Status saved
Status saved
U 20500 | F 2624000 | FPS 1159 | D 2504 | rR:μσmM 0.95 0.02 0.91 0.98 | F:μσmM 32.4 15.5 16.0 66.0 | H 0.973 | V 0.720 | pL -0.010 | vL 0.003 | ∇ 0.048
Status saved
Status saved
Status saved
Status saved
Status saved
U 21000 | F 2688000 | FPS 1210 | D 2565 | rR:μσmM 0.96 0.03 0.88 0.98 | F:μσmM 31.2 20.2 14.0 85.0 | H 1.138 | V 0.768 | pL -0.010 | vL 0.002 | ∇ 0.058
Status saved
Status saved
Status saved
Status saved
Status saved
U 21500 | F 2752000 | FPS 1130 | D 2626 | rR:μσmM 0.96 0.01 0.94 0.98 | F:μσmM 29.9 8.0 17.0 46.0 | H 1.028 | V 0.827 | pL -0.009 | vL 0.002 | ∇ 0.073
Status saved
Status saved
Status saved
Status saved
Status saved
U 22000 | F 2816000 | FPS 1165 | D 2689 | rR:μσmM 0.97 0.01 0.95 0.98 | F:μσmM 24.9 6.3 17.0 39.0 | H 1.080 | V 0.825 | pL -0.021 | vL 0.002 | ∇ 0.096
Status saved
Status saved
Status saved
Status saved
Status saved
U 22500 | F 2880000 | FPS 1315 | D 2750 | rR:μσmM 0.96 0.02 0.91 0.98 | F:μσmM 30.2 13.7 15.0 63.0 | H 0.985 | V 0.745 | pL 0.002 | vL 0.004 | ∇ 0.238
Status saved
Status saved
Status saved
Status saved
Status saved
U 23000 | F 2944000 | FPS 1098 | D 2812 | rR:μσmM 0.96 0.01 0.94 0.98 | F:μσmM 26.2 8.5 17.0 46.0 | H 0.977 | V 0.818 | pL -0.015 | vL 0.002 | ∇ 0.060
Status saved
Status saved
Status saved
Status saved
Status saved
[EVAL] Running 200-episode greedy evaluation...
Gym has been unmaintained since 2022 and does not support NumPy 2.0 amongst other critical functionality.
Please upgrade to Gymnasium, the maintained drop-in replacement of Gym, or contact the authors of your software and request that they upgrade.
Users of this version of Gym should be able to simply replace 'import gym' with 'import gymnasium as gym' in the vast majority of cases.
See the migration guide at https://gymnasium.farama.org/introduction/migration_guide/ for additional information.
Episodes evaluated: 200
Successes:          187
Success rate:       93.5%
Mean return:        0.9121
SUCCESS_RATE=93.50
[DONE] multiseed-vcse-orig-s1: success_rate=93.50%
============================================================
[RUN] original VCSE  seed=2  model=multiseed-vcse-orig-s2
============================================================
Gym has been unmaintained since 2022 and does not support NumPy 2.0 amongst other critical functionality.
Please upgrade to Gymnasium, the maintained drop-in replacement of Gym, or contact the authors of your software and request that they upgrade.
Users of this version of Gym should be able to simply replace 'import gym' with 'import gymnasium as gym' in the vast majority of cases.
See the migration guide at https://gymnasium.farama.org/introduction/migration_guide/ for additional information.
/workspace/learn-si2e/base-vcse/VCSE_A2C/rl-starter-files/rl-starter-files/scripts/train.py --algo a2c --env MiniGrid-DoorKey-8x8-v0 --model multiseed-vcse-orig-s2 --frames 3000000 --use_batch --save-interval 100 --log-interval 500 --seed 2 --use_entropy_reward --use_value_condition --beta 0.005

Namespace(algo='a2c', env='MiniGrid-DoorKey-8x8-v0', model='multiseed-vcse-orig-s2', seed=2, log_interval=500, save_interval=100, procs=16, frames=3000000, epochs=4, batch_size=256, frames_per_proc=None, discount=0.99, lr=0.001, gae_lambda=0.95, entropy_coef=0.01, value_loss_coef=0.5, max_grad_norm=0.5, optim_eps=1e-08, optim_alpha=0.99, clip_eps=0.2, recurrence=1, text=False, use_entropy_reward=True, use_value_condition=True, beta=0.005, use_batch=True, mem=False)

Device: cuda

Environments loaded

Training status loaded

Observations preprocessor loaded
Model loaded

ACModel(
  (image_conv): Sequential(
    (0): Conv2d(3, 16, kernel_size=(2, 2), stride=(1, 1))
    (1): ReLU()
    (2): MaxPool2d(kernel_size=(2, 2), stride=(2, 2), padding=0, dilation=1, ceil_mode=False)
    (3): Conv2d(16, 32, kernel_size=(2, 2), stride=(1, 1))
    (4): ReLU()
    (5): Conv2d(32, 64, kernel_size=(2, 2), stride=(1, 1))
    (6): ReLU()
  )
  (actor): Sequential(
    (0): Linear(in_features=64, out_features=64, bias=True)
    (1): Tanh()
    (2): Linear(in_features=64, out_features=7, bias=True)
  )
  (critic): Sequential(
    (0): Linear(in_features=64, out_features=64, bias=True)
    (1): Tanh()
    (2): Linear(in_features=64, out_features=1, bias=True)
  )
  (extr_critic): Sequential(
    (0): Linear(in_features=64, out_features=64, bias=True)
    (1): Tanh()
    (2): Linear(in_features=64, out_features=1, bias=True)
  )
)

Optimizer loaded

Status saved
Status saved
Status saved
Status saved
U 500 | F 064000 | FPS 1015 | D 62 | rR:μσmM 0.00 0.00 0.00 0.00 | F:μσmM 640.0 0.0 640.0 640.0 | H 1.754 | V -0.319 | pL -0.012 | vL 0.001 | ∇ 0.012
Status saved
Status saved
Status saved
Status saved
Status saved
U 1000 | F 128000 | FPS 0986 | D 124 | rR:μσmM 0.00 0.00 0.00 0.00 | F:μσmM 640.0 0.0 640.0 640.0 | H 1.765 | V -0.374 | pL -0.001 | vL 0.001 | ∇ 0.014
Status saved
Status saved
Status saved
Status saved
Status saved
U 1500 | F 192000 | FPS 1069 | D 186 | rR:μσmM 0.00 0.00 0.00 0.00 | F:μσmM 640.0 0.0 640.0 640.0 | H 1.785 | V -0.354 | pL 0.013 | vL 0.000 | ∇ 0.015
Status saved
Status saved
Status saved
Status saved
Status saved
U 2000 | F 256000 | FPS 0708 | D 259 | rR:μσmM 0.03 0.12 0.00 0.48 | F:μσmM 623.1 65.4 370.0 640.0 | H 1.787 | V -0.324 | pL 0.259 | vL 0.042 | ∇ 0.243
Status saved
Status saved
Status saved
Status saved
Status saved
U 2500 | F 320000 | FPS 0609 | D 340 | rR:μσmM 0.06 0.16 0.00 0.55 | F:μσmM 605.8 92.0 319.0 640.0 | H 1.752 | V -0.299 | pL -0.022 | vL 0.001 | ∇ 0.017
Status saved
Status saved
Status saved
Status saved
Status saved
U 3000 | F 384000 | FPS 0794 | D 420 | rR:μσmM 0.00 0.00 0.00 0.00 | F:μσmM 640.0 0.0 640.0 640.0 | H 1.783 | V -0.353 | pL -0.015 | vL 0.001 | ∇ 0.013
Status saved
Status saved
Status saved
Status saved
Status saved
U 3500 | F 448000 | FPS 0841 | D 501 | rR:μσmM 0.00 0.00 0.00 0.00 | F:μσmM 640.0 0.0 640.0 640.0 | H 1.791 | V -0.302 | pL -0.008 | vL 0.001 | ∇ 0.009
Status saved
Status saved
Status saved
Status saved
Status saved
U 4000 | F 512000 | FPS 0793 | D 582 | rR:μσmM 0.02 0.05 0.00 0.16 | F:μσmM 635.1 13.1 594.0 640.0 | H 1.714 | V -0.330 | pL 0.045 | vL 0.010 | ∇ 0.054
Status saved
Status saved
Status saved
Status saved
Status saved
U 4500 | F 576000 | FPS 0912 | D 664 | rR:μσmM 0.01 0.03 0.00 0.14 | F:μσmM 638.2 7.0 611.0 640.0 | H 1.771 | V -0.314 | pL -0.002 | vL 0.000 | ∇ 0.018
Status saved
Status saved
Status saved
Status saved
Status saved
U 5000 | F 640000 | FPS 0918 | D 746 | rR:μσmM 0.00 0.00 0.00 0.00 | F:μσmM 640.0 0.0 640.0 640.0 | H 1.753 | V -0.374 | pL 0.004 | vL 0.000 | ∇ 0.012
Status saved
Status saved
Status saved
Status saved
Status saved
U 5500 | F 704000 | FPS 0726 | D 827 | rR:μσmM 0.05 0.13 0.00 0.54 | F:μσmM 616.9 75.4 328.0 640.0 | H 1.718 | V -0.250 | pL -0.009 | vL 0.001 | ∇ 0.012
Status saved
Status saved
Status saved
Status saved
Status saved
U 6000 | F 768000 | FPS 0826 | D 911 | rR:μσmM 0.10 0.20 0.00 0.69 | F:μσmM 584.1 117.8 217.0 640.0 | H 1.731 | V -0.267 | pL 0.021 | vL 0.003 | ∇ 0.055
Status saved
Status saved
Status saved
Status saved
Status saved
U 6500 | F 832000 | FPS 0910 | D 993 | rR:μσmM 0.00 0.00 0.00 0.00 | F:μσmM 640.0 0.0 640.0 640.0 | H 1.751 | V -0.283 | pL 0.003 | vL 0.000 | ∇ 0.010
Status saved
Status saved
Status saved
Status saved
Status saved
U 7000 | F 896000 | FPS 0861 | D 1075 | rR:μσmM 0.08 0.20 0.00 0.75 | F:μσmM 593.4 122.0 176.0 640.0 | H 1.765 | V -0.280 | pL -0.024 | vL 0.001 | ∇ 0.018
Status saved
Status saved
Status saved
Status saved
Status saved
U 7500 | F 960000 | FPS 0689 | D 1156 | rR:μσmM 0.04 0.15 0.00 0.60 | F:μσmM 617.6 86.7 282.0 640.0 | H 1.786 | V -0.304 | pL -0.018 | vL 0.001 | ∇ 0.014
Status saved
Status saved
Status saved
Status saved
Status saved
U 8000 | F 1024000 | FPS 0784 | D 1238 | rR:μσmM 0.11 0.28 0.00 0.90 | F:μσmM 573.6 172.8 72.0 640.0 | H 1.767 | V -0.274 | pL -0.003 | vL 0.000 | ∇ 0.024
Status saved
Status saved
Status saved
Status saved
Status saved
U 8500 | F 1088000 | FPS 0863 | D 1319 | rR:μσmM 0.09 0.15 0.00 0.56 | F:μσmM 599.2 84.0 314.0 640.0 | H 1.766 | V -0.329 | pL 0.011 | vL 0.005 | ∇ 0.035
Status saved
Status saved
Status saved
Status saved
Status saved
U 9000 | F 1152000 | FPS 0783 | D 1400 | rR:μσmM 0.14 0.26 0.00 0.86 | F:μσmM 560.0 157.3 101.0 640.0 | H 1.785 | V -0.258 | pL -0.011 | vL 0.001 | ∇ 0.010
Status saved
Status saved
Status saved
Status saved
Status saved
U 9500 | F 1216000 | FPS 0891 | D 1482 | rR:μσmM 0.66 0.32 0.00 0.97 | F:μσmM 235.2 206.5 20.0 640.0 | H 1.424 | V 0.157 | pL -0.022 | vL 0.010 | ∇ 0.079
Status saved
Status saved
Status saved
Status saved
Status saved
U 10000 | F 1280000 | FPS 0793 | D 1564 | rR:μσmM 0.94 0.04 0.85 0.98 | F:μσmM 45.9 27.8 17.0 108.0 | H 1.026 | V 0.755 | pL -0.018 | vL 0.007 | ∇ 0.137
Status saved
Status saved
Status saved
Status saved
Status saved
U 10500 | F 1344000 | FPS 0809 | D 1645 | rR:μσmM 0.95 0.02 0.90 0.97 | F:μσmM 35.4 16.2 18.0 70.0 | H 1.056 | V 0.729 | pL -0.010 | vL 0.004 | ∇ 0.107
Status saved
Status saved
Status saved
Status saved
Status saved
U 11000 | F 1408000 | FPS 0920 | D 1728 | rR:μσmM 0.95 0.01 0.92 0.98 | F:μσmM 32.0 10.4 17.0 58.0 | H 0.982 | V 0.779 | pL -0.008 | vL 0.002 | ∇ 0.118
Status saved
Status saved
Status saved
Status saved
Status saved
U 11500 | F 1472000 | FPS 0590 | D 1810 | rR:μσmM 0.96 0.02 0.92 0.98 | F:μσmM 27.8 12.0 14.0 60.0 | H 1.150 | V 0.758 | pL -0.024 | vL 0.002 | ∇ 0.098
Status saved
Status saved
Status saved
Status saved
Status saved
U 12000 | F 1536000 | FPS 0760 | D 1893 | rR:μσmM 0.96 0.01 0.94 0.98 | F:μσmM 26.6 8.8 14.0 44.0 | H 1.080 | V 0.750 | pL -0.011 | vL 0.002 | ∇ 0.081
Status saved
Status saved
Status saved
Status saved
Status saved
U 12500 | F 1600000 | FPS 0735 | D 1979 | rR:μσmM 0.96 0.01 0.94 0.98 | F:μσmM 27.5 7.7 15.0 41.0 | H 0.914 | V 0.807 | pL -0.029 | vL 0.002 | ∇ 0.097
Status saved
Status saved
Status saved
Status saved
Status saved
U 13000 | F 1664000 | FPS 0704 | D 2067 | rR:μσmM 0.96 0.01 0.92 0.98 | F:μσmM 30.6 10.0 15.0 55.0 | H 1.027 | V 0.749 | pL 0.003 | vL 0.002 | ∇ 0.056
Status saved
Status saved
Status saved
Status saved
Status saved
U 13500 | F 1728000 | FPS 0789 | D 2152 | rR:μσmM 0.96 0.02 0.91 0.98 | F:μσmM 31.0 12.9 16.0 61.0 | H 1.106 | V 0.757 | pL -0.018 | vL 0.002 | ∇ 0.046
Status saved
Status saved
Status saved
Status saved
Status saved
U 14000 | F 1792000 | FPS 0864 | D 2235 | rR:μσmM 0.96 0.01 0.95 0.98 | F:μσmM 25.1 6.4 16.0 39.0 | H 1.008 | V 0.791 | pL 0.005 | vL 0.001 | ∇ 0.068
Status saved
Status saved
Status saved
Status saved
Status saved
U 14500 | F 1856000 | FPS 0893 | D 2318 | rR:μσmM 0.95 0.01 0.93 0.97 | F:μσmM 32.4 8.5 21.0 48.0 | H 1.200 | V 0.760 | pL -0.004 | vL 0.002 | ∇ 0.046
Status saved
Status saved
Status saved
Status saved
Status saved
U 15000 | F 1920000 | FPS 0615 | D 2401 | rR:μσmM 0.96 0.01 0.93 0.98 | F:μσmM 25.8 8.9 16.0 49.0 | H 1.122 | V 0.757 | pL -0.028 | vL 0.002 | ∇ 0.069
Status saved
Status saved
Status saved
Status saved
Status saved
U 15500 | F 1984000 | FPS 0647 | D 2484 | rR:μσmM 0.96 0.01 0.95 0.98 | F:μσmM 25.9 7.6 16.0 38.0 | H 0.951 | V 0.796 | pL -0.004 | vL 0.001 | ∇ 0.032
Status saved
Status saved
Status saved
Status saved
Status saved
U 16000 | F 2048000 | FPS 0788 | D 2566 | rR:μσmM 0.96 0.01 0.94 0.99 | F:μσmM 25.1 8.3 10.0 43.0 | H 0.981 | V 0.809 | pL -0.014 | vL 0.002 | ∇ 0.071
Status saved
Status saved
Status saved
Status saved
Status saved
U 16500 | F 2112000 | FPS 0821 | D 2648 | rR:μσmM 0.96 0.02 0.92 0.98 | F:μσmM 26.9 11.4 13.0 54.0 | H 1.104 | V 0.785 | pL -0.005 | vL 0.002 | ∇ 0.057
Status saved
Status saved
Status saved
Status saved
Status saved
U 17000 | F 2176000 | FPS 0815 | D 2731 | rR:μσmM 0.96 0.01 0.93 0.97 | F:μσmM 31.6 9.3 18.0 53.0 | H 0.945 | V 0.825 | pL -0.010 | vL 0.001 | ∇ 0.027
Status saved
Status saved
Status saved
Status saved
Status saved
U 17500 | F 2240000 | FPS 0755 | D 2813 | rR:μσmM 0.96 0.01 0.94 0.97 | F:μσmM 28.5 7.1 18.0 42.0 | H 1.001 | V 0.802 | pL -0.019 | vL 0.002 | ∇ 0.050
Status saved
Status saved
Status saved
Status saved
Status saved
U 18000 | F 2304000 | FPS 0764 | D 2896 | rR:μσmM 0.96 0.01 0.94 0.98 | F:μσmM 25.9 8.6 11.0 40.0 | H 1.013 | V 0.805 | pL -0.041 | vL 0.003 | ∇ 0.118
Status saved
Status saved
Status saved
Status saved
Status saved
U 18500 | F 2368000 | FPS 0783 | D 2980 | rR:μσmM 0.96 0.01 0.95 0.98 | F:μσmM 27.0 5.0 17.0 36.0 | H 0.961 | V 0.809 | pL -0.007 | vL 0.001 | ∇ 0.020
Status saved
Status saved
Status saved
Status saved
Status saved
U 19000 | F 2432000 | FPS 0767 | D 3062 | rR:μσmM 0.96 0.02 0.91 0.98 | F:μσmM 28.6 10.8 15.0 61.0 | H 1.123 | V 0.760 | pL -0.022 | vL 0.002 | ∇ 0.076
Status saved
Status saved
Status saved
Status saved
Status saved
U 19500 | F 2496000 | FPS 0626 | D 3145 | rR:μσmM 0.96 0.01 0.95 0.98 | F:μσmM 25.7 6.0 16.0 36.0 | H 1.015 | V 0.810 | pL -0.008 | vL 0.002 | ∇ 0.061
Status saved
Status saved
Status saved
Status saved
Status saved
U 20000 | F 2560000 | FPS 0902 | D 3228 | rR:μσmM 0.95 0.02 0.88 0.98 | F:μσmM 32.5 16.3 15.0 84.0 | H 1.037 | V 0.793 | pL -0.012 | vL 0.001 | ∇ 0.054
Status saved
Status saved
Status saved
Status saved
Status saved
U 20500 | F 2624000 | FPS 0662 | D 3310 | rR:μσmM 0.96 0.01 0.93 0.98 | F:μσmM 27.2 8.0 15.0 48.0 | H 1.120 | V 0.803 | pL -0.018 | vL 0.001 | ∇ 0.051
Status saved
Status saved
Status saved
Status saved
Status saved
U 21000 | F 2688000 | FPS 0627 | D 3392 | rR:μσmM 0.96 0.01 0.95 0.97 | F:μσmM 27.0 5.2 19.0 38.0 | H 1.019 | V 0.806 | pL 0.002 | vL 0.002 | ∇ 0.074
Status saved
Status saved
Status saved
Status saved
Status saved
U 21500 | F 2752000 | FPS 0753 | D 3474 | rR:μσmM 0.96 0.01 0.94 0.98 | F:μσmM 26.5 10.3 11.0 44.0 | H 0.966 | V 0.782 | pL -0.001 | vL 0.002 | ∇ 0.042
Status saved
Status saved
Status saved
Status saved
Status saved
U 22000 | F 2816000 | FPS 0728 | D 3558 | rR:μσmM 0.97 0.01 0.94 0.98 | F:μσmM 24.7 6.8 15.0 40.0 | H 0.972 | V 0.835 | pL -0.016 | vL 0.001 | ∇ 0.046
Status saved
Status saved
Status saved
Status saved
Status saved
U 22500 | F 2880000 | FPS 0849 | D 3640 | rR:μσmM 0.96 0.01 0.94 0.97 | F:μσmM 27.9 5.6 19.0 40.0 | H 1.068 | V 0.811 | pL -0.016 | vL 0.002 | ∇ 0.056
Status saved
Status saved
Status saved
Status saved
Status saved
U 23000 | F 2944000 | FPS 0707 | D 3722 | rR:μσmM 0.95 0.04 0.81 0.98 | F:μσmM 32.2 27.3 13.0 135.0 | H 1.072 | V 0.746 | pL -0.024 | vL 0.002 | ∇ 0.084
Status saved
Status saved
Status saved
Status saved
Status saved
[EVAL] Running 200-episode greedy evaluation...
Gym has been unmaintained since 2022 and does not support NumPy 2.0 amongst other critical functionality.
Please upgrade to Gymnasium, the maintained drop-in replacement of Gym, or contact the authors of your software and request that they upgrade.
Users of this version of Gym should be able to simply replace 'import gym' with 'import gymnasium as gym' in the vast majority of cases.
See the migration guide at https://gymnasium.farama.org/introduction/migration_guide/ for additional information.
Episodes evaluated: 200
Successes:          191
Success rate:       95.5%
Mean return:        0.9320
SUCCESS_RATE=95.50
[DONE] multiseed-vcse-orig-s2: success_rate=95.50%
============================================================
[RUN] original VCSE  seed=3  model=multiseed-vcse-orig-s3
============================================================
Gym has been unmaintained since 2022 and does not support NumPy 2.0 amongst other critical functionality.
Please upgrade to Gymnasium, the maintained drop-in replacement of Gym, or contact the authors of your software and request that they upgrade.
Users of this version of Gym should be able to simply replace 'import gym' with 'import gymnasium as gym' in the vast majority of cases.
See the migration guide at https://gymnasium.farama.org/introduction/migration_guide/ for additional information.
/workspace/learn-si2e/base-vcse/VCSE_A2C/rl-starter-files/rl-starter-files/scripts/train.py --algo a2c --env MiniGrid-DoorKey-8x8-v0 --model multiseed-vcse-orig-s3 --frames 3000000 --use_batch --save-interval 100 --log-interval 500 --seed 3 --use_entropy_reward --use_value_condition --beta 0.005

Namespace(algo='a2c', env='MiniGrid-DoorKey-8x8-v0', model='multiseed-vcse-orig-s3', seed=3, log_interval=500, save_interval=100, procs=16, frames=3000000, epochs=4, batch_size=256, frames_per_proc=None, discount=0.99, lr=0.001, gae_lambda=0.95, entropy_coef=0.01, value_loss_coef=0.5, max_grad_norm=0.5, optim_eps=1e-08, optim_alpha=0.99, clip_eps=0.2, recurrence=1, text=False, use_entropy_reward=True, use_value_condition=True, beta=0.005, use_batch=True, mem=False)

Device: cuda

Environments loaded

Training status loaded

Observations preprocessor loaded
Model loaded

ACModel(
  (image_conv): Sequential(
    (0): Conv2d(3, 16, kernel_size=(2, 2), stride=(1, 1))
    (1): ReLU()
    (2): MaxPool2d(kernel_size=(2, 2), stride=(2, 2), padding=0, dilation=1, ceil_mode=False)
    (3): Conv2d(16, 32, kernel_size=(2, 2), stride=(1, 1))
    (4): ReLU()
    (5): Conv2d(32, 64, kernel_size=(2, 2), stride=(1, 1))
    (6): ReLU()
  )
  (actor): Sequential(
    (0): Linear(in_features=64, out_features=64, bias=True)
    (1): Tanh()
    (2): Linear(in_features=64, out_features=7, bias=True)
  )
  (critic): Sequential(
    (0): Linear(in_features=64, out_features=64, bias=True)
    (1): Tanh()
    (2): Linear(in_features=64, out_features=1, bias=True)
  )
  (extr_critic): Sequential(
    (0): Linear(in_features=64, out_features=64, bias=True)
    (1): Tanh()
    (2): Linear(in_features=64, out_features=1, bias=True)
  )
)

Optimizer loaded

Status saved
Status saved
Status saved
Status saved
U 500 | F 064000 | FPS 0749 | D 84 | rR:μσmM 0.00 0.00 0.00 0.00 | F:μσmM 640.0 0.0 640.0 640.0 | H 1.775 | V -0.296 | pL -0.021 | vL 0.001 | ∇ 0.016
Status saved
Status saved
Status saved
Status saved
Status saved
U 1000 | F 128000 | FPS 0762 | D 172 | rR:μσmM 0.00 0.00 0.00 0.00 | F:μσmM 640.0 0.0 640.0 640.0 | H 1.819 | V -0.402 | pL -0.014 | vL 0.001 | ∇ 0.013
Status saved
Status saved
Status saved
Status saved
Status saved
U 1500 | F 192000 | FPS 0815 | D 255 | rR:μσmM 0.02 0.07 0.00 0.31 | F:μσmM 630.7 36.1 491.0 640.0 | H 1.763 | V -0.365 | pL -0.005 | vL 0.001 | ∇ 0.008
Status saved
Status saved
Status saved
Status saved
Status saved
U 2000 | F 256000 | FPS 0740 | D 336 | rR:μσmM 0.00 0.00 0.00 0.00 | F:μσmM 640.0 0.0 640.0 640.0 | H 1.785 | V -0.379 | pL 0.336 | vL 0.059 | ∇ 0.306
Status saved
Status saved
Status saved
Status saved
Status saved
U 2500 | F 320000 | FPS 0737 | D 417 | rR:μσmM 0.00 0.00 0.00 0.00 | F:μσmM 640.0 0.0 640.0 640.0 | H 1.806 | V -0.322 | pL -0.005 | vL 0.000 | ∇ 0.006
Status saved
Status saved
Status saved
Status saved
Status saved
U 3000 | F 384000 | FPS 0709 | D 498 | rR:μσmM 0.01 0.04 0.00 0.18 | F:μσmM 636.4 13.8 583.0 640.0 | H 1.778 | V -0.330 | pL -0.021 | vL 0.001 | ∇ 0.016
Status saved
Status saved
Status saved
Status saved
Status saved
U 3500 | F 448000 | FPS 0733 | D 580 | rR:μσmM 0.00 0.00 0.00 0.00 | F:μσmM 640.0 0.0 640.0 640.0 | H 1.786 | V -0.363 | pL -0.003 | vL 0.001 | ∇ 0.009
Status saved
Status saved
Status saved
Status saved
Status saved
U 4000 | F 512000 | FPS 0819 | D 662 | rR:μσmM 0.00 0.00 0.00 0.00 | F:μσmM 640.0 0.0 640.0 640.0 | H 1.809 | V -0.361 | pL 0.046 | vL 0.011 | ∇ 0.058
Status saved
Status saved
Status saved
Status saved
Status saved
U 4500 | F 576000 | FPS 0845 | D 743 | rR:μσmM 0.09 0.23 0.00 0.70 | F:μσmM 587.6 138.6 213.0 640.0 | H 1.748 | V -0.312 | pL 0.000 | vL 0.001 | ∇ 0.012
Status saved
Status saved
Status saved
Status saved
Status saved
U 5000 | F 640000 | FPS 0827 | D 824 | rR:μσmM 0.05 0.19 0.00 0.79 | F:μσmM 609.5 118.1 152.0 640.0 | H 1.764 | V -0.330 | pL -0.008 | vL 0.001 | ∇ 0.012
Status saved
Status saved
Status saved
Status saved
Status saved
U 5500 | F 704000 | FPS 0743 | D 904 | rR:μσmM 0.04 0.16 0.00 0.67 | F:μσmM 614.6 98.3 234.0 640.0 | H 1.756 | V -0.352 | pL -0.012 | vL 0.001 | ∇ 0.013
Status saved
Status saved
Status saved
Status saved
Status saved
U 6000 | F 768000 | FPS 0626 | D 985 | rR:μσmM 0.03 0.11 0.00 0.47 | F:μσmM 623.6 63.4 378.0 640.0 | H 1.760 | V -0.278 | pL -0.007 | vL 0.001 | ∇ 0.010
Status saved
Status saved
Status saved
Status saved
Status saved
U 6500 | F 832000 | FPS 0830 | D 1066 | rR:μσmM 0.06 0.14 0.00 0.50 | F:μσmM 612.2 73.9 353.0 640.0 | H 1.736 | V -0.365 | pL 0.040 | vL 0.004 | ∇ 0.041
Status saved
Status saved
Status saved
Status saved
Status saved
U 7000 | F 896000 | FPS 0702 | D 1148 | rR:μσmM 0.02 0.09 0.00 0.37 | F:μσmM 628.1 46.0 450.0 640.0 | H 1.766 | V -0.310 | pL -0.003 | vL 0.000 | ∇ 0.006
Status saved
Status saved
Status saved
Status saved
Status saved
U 7500 | F 960000 | FPS 0859 | D 1229 | rR:μσmM 0.00 0.00 0.00 0.00 | F:μσmM 640.0 0.0 640.0 640.0 | H 1.768 | V -0.284 | pL -0.015 | vL 0.001 | ∇ 0.012
Status saved
Status saved
Status saved
Status saved
Status saved
U 8000 | F 1024000 | FPS 0902 | D 1309 | rR:μσmM 0.03 0.12 0.00 0.50 | F:μσmM 622.2 69.0 355.0 640.0 | H 1.704 | V -0.303 | pL 0.003 | vL 0.000 | ∇ 0.009
Status saved
Status saved
Status saved
Status saved
Status saved
U 8500 | F 1088000 | FPS 0899 | D 1391 | rR:μσmM 0.04 0.12 0.00 0.47 | F:μσmM 617.2 66.8 376.0 640.0 | H 1.742 | V -0.275 | pL 0.018 | vL 0.004 | ∇ 0.026
Status saved
Status saved
Status saved
Status saved
Status saved
U 9000 | F 1152000 | FPS 0881 | D 1472 | rR:μσmM 0.04 0.14 0.00 0.57 | F:μσmM 619.0 81.3 304.0 640.0 | H 1.795 | V -0.315 | pL 0.003 | vL 0.001 | ∇ 0.016
Status saved
Status saved
Status saved
Status saved
Status saved
U 9500 | F 1216000 | FPS 0872 | D 1552 | rR:μσmM 0.07 0.18 0.00 0.56 | F:μσmM 599.2 108.0 312.0 640.0 | H 1.787 | V -0.286 | pL -0.014 | vL 0.001 | ∇ 0.013
Status saved
Status saved
Status saved
Status saved
Status saved
U 10000 | F 1280000 | FPS 0704 | D 1634 | rR:μσmM 0.04 0.12 0.00 0.49 | F:μσmM 621.9 66.9 363.0 640.0 | H 1.768 | V -0.296 | pL 0.005 | vL 0.000 | ∇ 0.007
Status saved
Status saved
Status saved
Status saved
Status saved
U 10500 | F 1344000 | FPS 0828 | D 1715 | rR:μσmM 0.00 0.00 0.00 0.00 | F:μσmM 640.0 0.0 640.0 640.0 | H 1.785 | V -0.275 | pL -0.001 | vL 0.000 | ∇ 0.005
Status saved
Status saved
Status saved
Status saved
Status saved
U 11000 | F 1408000 | FPS 0833 | D 1796 | rR:μσmM 0.07 0.16 0.00 0.64 | F:μσmM 605.8 94.6 255.0 640.0 | H 1.769 | V -0.351 | pL 0.002 | vL 0.001 | ∇ 0.017
Status saved
Status saved
Status saved
Status saved
Status saved
U 11500 | F 1472000 | FPS 0824 | D 1876 | rR:μσmM 0.23 0.33 0.00 0.88 | F:μσmM 502.3 207.4 85.0 640.0 | H 1.751 | V -0.249 | pL -0.017 | vL 0.001 | ∇ 0.020
Status saved
Status saved
Status saved
Status saved
Status saved
U 12000 | F 1536000 | FPS 0668 | D 1959 | rR:μσmM 0.16 0.27 0.00 0.71 | F:μσmM 546.5 164.0 203.0 640.0 | H 1.748 | V -0.301 | pL -0.009 | vL 0.001 | ∇ 0.013
Status saved
Status saved
Status saved
Status saved
Status saved
U 12500 | F 1600000 | FPS 0690 | D 2045 | rR:μσmM 0.00 0.00 0.00 0.00 | F:μσmM 640.0 0.0 640.0 640.0 | H 1.771 | V -0.295 | pL -0.018 | vL 0.001 | ∇ 0.018
Status saved
Status saved
Status saved
Status saved
Status saved
U 13000 | F 1664000 | FPS 0773 | D 2128 | rR:μσmM 0.06 0.17 0.00 0.54 | F:μσmM 604.0 95.7 326.0 640.0 | H 1.759 | V -0.250 | pL 0.003 | vL 0.002 | ∇ 0.026
Status saved
Status saved
Status saved
Status saved
Status saved
U 13500 | F 1728000 | FPS 0881 | D 2205 | rR:μσmM 0.00 0.00 0.00 0.00 | F:μσmM 640.0 0.0 640.0 640.0 | H 1.773 | V -0.285 | pL -0.002 | vL 0.001 | ∇ 0.009
Status saved
Status saved
Status saved
Status saved
Status saved
U 14000 | F 1792000 | FPS 0728 | D 2281 | rR:μσmM 0.13 0.23 0.00 0.66 | F:μσmM 565.5 135.0 245.0 640.0 | H 1.722 | V -0.256 | pL -0.018 | vL 0.001 | ∇ 0.016
Status saved
Status saved
Status saved
Status saved
Status saved
U 14500 | F 1856000 | FPS 0886 | D 2357 | rR:μσmM 0.19 0.31 0.00 0.92 | F:μσmM 529.1 194.7 56.0 640.0 | H 1.780 | V -0.285 | pL -0.014 | vL 0.001 | ∇ 0.011
Status saved
Status saved
Status saved
Status saved
Status saved
U 15000 | F 1920000 | FPS 1048 | D 2432 | rR:μσmM 0.77 0.14 0.54 0.94 | F:μσmM 161.2 102.6 40.0 329.0 | H 1.595 | V 0.024 | pL -0.017 | vL 0.002 | ∇ 0.061
Status saved
Status saved
Status saved
Status saved
Status saved
U 15500 | F 1984000 | FPS 0875 | D 2508 | rR:μσmM 0.96 0.02 0.93 0.98 | F:μσmM 30.8 13.2 13.0 53.0 | H 0.977 | V 0.754 | pL -0.004 | vL 0.004 | ∇ 0.113
Status saved
Status saved
Status saved
Status saved
Status saved
U 16000 | F 2048000 | FPS 0658 | D 2587 | rR:μσmM 0.94 0.02 0.90 0.97 | F:μσmM 39.1 14.0 19.0 68.0 | H 1.022 | V 0.786 | pL -0.014 | vL 0.006 | ∇ 0.088
Status saved
Status saved
Status saved
Status saved
Status saved
U 16500 | F 2112000 | FPS 0676 | D 2666 | rR:μσmM 0.96 0.01 0.94 0.98 | F:μσmM 24.9 8.4 12.0 41.0 | H 1.002 | V 0.873 | pL -0.034 | vL 0.002 | ∇ 0.091
Status saved
Status saved
Status saved
Status saved
Status saved
U 17000 | F 2176000 | FPS 0869 | D 2743 | rR:μσmM 0.96 0.01 0.94 0.97 | F:μσmM 29.9 6.2 20.0 41.0 | H 1.091 | V 0.731 | pL 0.015 | vL 0.003 | ∇ 0.085
Status saved
Status saved
Status saved
Status saved
Status saved
U 17500 | F 2240000 | FPS 0861 | D 2821 | rR:μσmM 0.96 0.01 0.94 0.98 | F:μσmM 25.6 8.4 14.0 42.0 | H 0.953 | V 0.803 | pL 0.002 | vL 0.001 | ∇ 0.070
Status saved
Status saved
Status saved
Status saved
Status saved
U 18000 | F 2304000 | FPS 1069 | D 2892 | rR:μσmM 0.96 0.02 0.89 0.98 | F:μσmM 26.8 14.4 15.0 78.0 | H 0.924 | V 0.820 | pL -0.025 | vL 0.002 | ∇ 0.058
Status saved
Status saved
Status saved
Status saved
Status saved
U 18500 | F 2368000 | FPS 0927 | D 2957 | rR:μσmM 0.96 0.01 0.93 0.97 | F:μσmM 29.2 8.9 19.0 50.0 | H 1.086 | V 0.758 | pL -0.023 | vL 0.003 | ∇ 0.088
Status saved
Status saved
Status saved
Status saved
Status saved
U 19000 | F 2432000 | FPS 0951 | D 3023 | rR:μσmM 0.95 0.02 0.91 0.98 | F:μσmM 32.7 12.2 11.0 67.0 | H 0.996 | V 0.761 | pL -0.004 | vL 0.002 | ∇ 0.044
Status saved
Status saved
Status saved
Status saved
Status saved
U 19500 | F 2496000 | FPS 1015 | D 3088 | rR:μσmM 0.97 0.01 0.95 0.98 | F:μσmM 23.8 5.2 15.0 33.0 | H 1.094 | V 0.795 | pL -0.014 | vL 0.002 | ∇ 0.072
Status saved
Status saved
Status saved
Status saved
Status saved
U 20000 | F 2560000 | FPS 0984 | D 3152 | rR:μσmM 0.96 0.01 0.93 0.97 | F:μσmM 27.8 7.2 18.0 48.0 | H 1.038 | V 0.808 | pL 0.001 | vL 0.002 | ∇ 0.037
Status saved
Status saved
Status saved
Status saved
Status saved
U 20500 | F 2624000 | FPS 1065 | D 3217 | rR:μσmM 0.96 0.01 0.94 0.98 | F:μσmM 27.8 7.5 11.0 43.0 | H 1.063 | V 0.766 | pL -0.014 | vL 0.002 | ∇ 0.070
Status saved
Status saved
Status saved
Status saved
Status saved
U 21000 | F 2688000 | FPS 1024 | D 3282 | rR:μσmM 0.96 0.01 0.95 0.98 | F:μσmM 25.8 7.7 12.0 39.0 | H 1.060 | V 0.768 | pL -0.005 | vL 0.002 | ∇ 0.051
Status saved
Status saved
Status saved
Status saved
Status saved
U 21500 | F 2752000 | FPS 0953 | D 3347 | rR:μσmM 0.96 0.01 0.95 0.98 | F:μσmM 27.1 5.4 17.0 36.0 | H 1.098 | V 0.766 | pL -0.027 | vL 0.002 | ∇ 0.053
Status saved
Status saved
Status saved
Status saved
Status saved
U 22000 | F 2816000 | FPS 0849 | D 3413 | rR:μσmM 0.97 0.01 0.95 0.98 | F:μσmM 22.1 6.2 12.0 32.0 | H 0.996 | V 0.808 | pL -0.038 | vL 0.002 | ∇ 0.071
Status saved
Status saved
Status saved
Status saved
Status saved
U 22500 | F 2880000 | FPS 1040 | D 3481 | rR:μσmM 0.96 0.02 0.92 0.98 | F:μσmM 29.8 12.1 14.0 59.0 | H 1.083 | V 0.825 | pL -0.002 | vL 0.002 | ∇ 0.046
Status saved
Status saved
Status saved
Status saved
Status saved
U 23000 | F 2944000 | FPS 1023 | D 3546 | rR:μσmM 0.97 0.01 0.95 0.98 | F:μσmM 24.4 5.2 16.0 34.0 | H 1.076 | V 0.814 | pL -0.011 | vL 0.001 | ∇ 0.056
Status saved
Status saved
Status saved
Status saved
Status saved
[EVAL] Running 200-episode greedy evaluation...
Gym has been unmaintained since 2022 and does not support NumPy 2.0 amongst other critical functionality.
Please upgrade to Gymnasium, the maintained drop-in replacement of Gym, or contact the authors of your software and request that they upgrade.
Users of this version of Gym should be able to simply replace 'import gym' with 'import gymnasium as gym' in the vast majority of cases.
See the migration guide at https://gymnasium.farama.org/introduction/migration_guide/ for additional information.
Episodes evaluated: 200
Successes:          200
Success rate:       100.0%
Mean return:        0.9743
SUCCESS_RATE=100.00
[DONE] multiseed-vcse-orig-s3: success_rate=100.00%
============================================================
[RUN] original VCSE  seed=4  model=multiseed-vcse-orig-s4
============================================================
Gym has been unmaintained since 2022 and does not support NumPy 2.0 amongst other critical functionality.
Please upgrade to Gymnasium, the maintained drop-in replacement of Gym, or contact the authors of your software and request that they upgrade.
Users of this version of Gym should be able to simply replace 'import gym' with 'import gymnasium as gym' in the vast majority of cases.
See the migration guide at https://gymnasium.farama.org/introduction/migration_guide/ for additional information.
/workspace/learn-si2e/base-vcse/VCSE_A2C/rl-starter-files/rl-starter-files/scripts/train.py --algo a2c --env MiniGrid-DoorKey-8x8-v0 --model multiseed-vcse-orig-s4 --frames 3000000 --use_batch --save-interval 100 --log-interval 500 --seed 4 --use_entropy_reward --use_value_condition --beta 0.005

Namespace(algo='a2c', env='MiniGrid-DoorKey-8x8-v0', model='multiseed-vcse-orig-s4', seed=4, log_interval=500, save_interval=100, procs=16, frames=3000000, epochs=4, batch_size=256, frames_per_proc=None, discount=0.99, lr=0.001, gae_lambda=0.95, entropy_coef=0.01, value_loss_coef=0.5, max_grad_norm=0.5, optim_eps=1e-08, optim_alpha=0.99, clip_eps=0.2, recurrence=1, text=False, use_entropy_reward=True, use_value_condition=True, beta=0.005, use_batch=True, mem=False)

Device: cuda

Environments loaded

Training status loaded

Observations preprocessor loaded
Model loaded

ACModel(
  (image_conv): Sequential(
    (0): Conv2d(3, 16, kernel_size=(2, 2), stride=(1, 1))
    (1): ReLU()
    (2): MaxPool2d(kernel_size=(2, 2), stride=(2, 2), padding=0, dilation=1, ceil_mode=False)
    (3): Conv2d(16, 32, kernel_size=(2, 2), stride=(1, 1))
    (4): ReLU()
    (5): Conv2d(32, 64, kernel_size=(2, 2), stride=(1, 1))
    (6): ReLU()
  )
  (actor): Sequential(
    (0): Linear(in_features=64, out_features=64, bias=True)
    (1): Tanh()
    (2): Linear(in_features=64, out_features=7, bias=True)
  )
  (critic): Sequential(
    (0): Linear(in_features=64, out_features=64, bias=True)
    (1): Tanh()
    (2): Linear(in_features=64, out_features=1, bias=True)
  )
  (extr_critic): Sequential(
    (0): Linear(in_features=64, out_features=64, bias=True)
    (1): Tanh()
    (2): Linear(in_features=64, out_features=1, bias=True)
  )
)

Optimizer loaded

Status saved
Status saved
Status saved
Status saved
U 500 | F 064000 | FPS 0971 | D 64 | rR:μσmM 0.00 0.00 0.00 0.00 | F:μσmM 640.0 0.0 640.0 640.0 | H 1.842 | V -0.309 | pL -0.017 | vL 0.001 | ∇ 0.020
Status saved
Status saved
Status saved
Status saved
Status saved
U 1000 | F 128000 | FPS 1077 | D 129 | rR:μσmM 0.00 0.00 0.00 0.00 | F:μσmM 640.0 0.0 640.0 640.0 | H 1.723 | V -0.331 | pL -0.013 | vL 0.001 | ∇ 0.018
Status saved
Status saved
Status saved
Status saved
Status saved
U 1500 | F 192000 | FPS 0731 | D 195 | rR:μσmM 0.00 0.00 0.00 0.00 | F:μσmM 640.0 0.0 640.0 640.0 | H 1.784 | V -0.352 | pL -0.006 | vL 0.001 | ∇ 0.017
Status saved
Status saved
Status saved
Status saved
Status saved
U 2000 | F 256000 | FPS 0965 | D 259 | rR:μσmM 0.00 0.00 0.00 0.00 | F:μσmM 640.0 0.0 640.0 640.0 | H 1.765 | V -0.308 | pL 0.323 | vL 0.047 | ∇ 0.261
Status saved
Status saved
Status saved
Status saved
Status saved
U 2500 | F 320000 | FPS 0995 | D 323 | rR:μσmM 0.06 0.17 0.00 0.60 | F:μσmM 603.9 98.1 288.0 640.0 | H 1.784 | V -0.287 | pL 0.001 | vL 0.001 | ∇ 0.010
Status saved
Status saved
Status saved
Status saved
Status saved
U 3000 | F 384000 | FPS 0918 | D 387 | rR:μσmM 0.00 0.00 0.00 0.00 | F:μσmM 640.0 0.0 640.0 640.0 | H 1.799 | V -0.307 | pL -0.008 | vL 0.001 | ∇ 0.007
Status saved
Status saved
Status saved
Status saved
Status saved
U 3500 | F 448000 | FPS 0958 | D 452 | rR:μσmM 0.03 0.11 0.00 0.46 | F:μσmM 624.0 62.0 384.0 640.0 | H 1.783 | V -0.307 | pL 0.001 | vL 0.000 | ∇ 0.007
Status saved
Status saved
Status saved
Status saved
Status saved
U 4000 | F 512000 | FPS 0950 | D 516 | rR:μσmM 0.03 0.11 0.00 0.47 | F:μσmM 623.5 63.9 376.0 640.0 | H 1.787 | V -0.310 | pL 0.077 | vL 0.012 | ∇ 0.060
Status saved
Status saved
Status saved
Status saved
Status saved
U 4500 | F 576000 | FPS 0810 | D 580 | rR:μσmM 0.07 0.22 0.00 0.87 | F:μσmM 597.0 134.9 91.0 640.0 | H 1.727 | V -0.336 | pL -0.001 | vL 0.002 | ∇ 0.012
Status saved
Status saved
Status saved
Status saved
Status saved
U 5000 | F 640000 | FPS 0940 | D 644 | rR:μσmM 0.07 0.19 0.00 0.71 | F:μσmM 599.4 113.7 209.0 640.0 | H 1.778 | V -0.314 | pL 0.012 | vL 0.000 | ∇ 0.012
Status saved
Status saved
Status saved
Status saved
Status saved
U 5500 | F 704000 | FPS 1057 | D 710 | rR:μσmM 0.02 0.06 0.00 0.22 | F:μσmM 633.3 21.5 552.0 640.0 | H 1.784 | V -0.284 | pL -0.007 | vL 0.000 | ∇ 0.006
Status saved
Status saved
Status saved
Status saved
Status saved
U 6000 | F 768000 | FPS 0918 | D 775 | rR:μσmM 0.05 0.21 0.00 0.86 | F:μσmM 606.2 130.7 100.0 640.0 | H 1.778 | V -0.291 | pL 0.019 | vL 0.004 | ∇ 0.023
Status saved
Status saved
Status saved
Status saved
Status saved
U 6500 | F 832000 | FPS 1156 | D 839 | rR:μσmM 0.01 0.03 0.00 0.11 | F:μσmM 639.7 1.2 635.0 640.0 | H 1.793 | V -0.287 | pL -0.006 | vL 0.001 | ∇ 0.009
Status saved
Status saved
Status saved
Status saved
Status saved
U 7000 | F 896000 | FPS 1021 | D 904 | rR:μσmM 0.10 0.22 0.00 0.78 | F:μσmM 581.9 134.2 154.0 640.0 | H 1.778 | V -0.308 | pL -0.013 | vL 0.001 | ∇ 0.009
Status saved
Status saved
Status saved
Status saved
Status saved
U 7500 | F 960000 | FPS 1073 | D 969 | rR:μσmM 0.00 0.00 0.00 0.00 | F:μσmM 640.0 0.0 640.0 640.0 | H 1.745 | V -0.310 | pL 0.002 | vL 0.003 | ∇ 0.013
Status saved
Status saved
Status saved
Status saved
Status saved
U 8000 | F 1024000 | FPS 1038 | D 1034 | rR:μσmM 0.02 0.09 0.00 0.38 | F:μσmM 627.6 48.2 441.0 640.0 | H 1.727 | V -0.281 | pL -0.014 | vL 0.001 | ∇ 0.011
Status saved
Status saved
Status saved
Status saved
Status saved
U 8500 | F 1088000 | FPS 0990 | D 1099 | rR:μσmM 0.02 0.06 0.00 0.27 | F:μσmM 632.6 28.8 521.0 640.0 | H 1.768 | V -0.288 | pL -0.006 | vL 0.001 | ∇ 0.009
Status saved
Status saved
Status saved
Status saved
Status saved
U 9000 | F 1152000 | FPS 1111 | D 1164 | rR:μσmM 0.09 0.22 0.00 0.85 | F:μσmM 590.4 132.5 109.0 640.0 | H 1.772 | V -0.316 | pL -0.014 | vL 0.001 | ∇ 0.012
Status saved
Status saved
Status saved
Status saved
Status saved
U 9500 | F 1216000 | FPS 1143 | D 1229 | rR:μσmM 0.19 0.34 0.00 0.90 | F:μσmM 522.1 210.9 68.0 640.0 | H 1.767 | V -0.268 | pL -0.005 | vL 0.001 | ∇ 0.050
Status saved
Status saved
Status saved
Status saved
Status saved
U 10000 | F 1280000 | FPS 1092 | D 1295 | rR:μσmM 0.10 0.22 0.00 0.81 | F:μσmM 585.2 133.8 133.0 640.0 | H 1.703 | V -0.307 | pL 0.001 | vL 0.000 | ∇ 0.011
Status saved
Status saved
Status saved
Status saved
Status saved
U 10500 | F 1344000 | FPS 1075 | D 1360 | rR:μσmM 0.17 0.31 0.00 0.89 | F:μσmM 537.9 188.8 76.0 640.0 | H 1.740 | V -0.263 | pL -0.006 | vL 0.001 | ∇ 0.015
Status saved
Status saved
Status saved
Status saved
Status saved
U 11000 | F 1408000 | FPS 0809 | D 1425 | rR:μσmM 0.05 0.14 0.00 0.52 | F:μσmM 614.8 75.6 338.0 640.0 | H 1.769 | V -0.295 | pL 0.002 | vL 0.002 | ∇ 0.016
Status saved
Status saved
Status saved
Status saved
Status saved
U 11500 | F 1472000 | FPS 0915 | D 1489 | rR:μσmM 0.00 0.00 0.00 0.00 | F:μσmM 640.0 0.0 640.0 640.0 | H 1.784 | V -0.317 | pL 0.003 | vL 0.000 | ∇ 0.009
Status saved
Status saved
Status saved
Status saved
Status saved
U 12000 | F 1536000 | FPS 1079 | D 1554 | rR:μσmM 0.14 0.26 0.00 0.80 | F:μσmM 558.2 159.9 142.0 640.0 | H 1.776 | V -0.252 | pL 0.009 | vL 0.000 | ∇ 0.009
Status saved
Status saved
Status saved
Status saved
Status saved
U 12500 | F 1600000 | FPS 0963 | D 1618 | rR:μσmM 0.94 0.03 0.88 0.98 | F:μσmM 43.3 19.1 16.0 88.0 | H 1.103 | V 0.627 | pL -0.052 | vL 0.008 | ∇ 0.264
Status saved
Status saved
Status saved
Status saved
Status saved
U 13000 | F 1664000 | FPS 0837 | D 1686 | rR:μσmM 0.96 0.02 0.90 0.98 | F:μσmM 30.5 15.6 14.0 74.0 | H 0.987 | V 0.763 | pL -0.008 | vL 0.002 | ∇ 0.070
Status saved
Status saved
Status saved
Status saved
Status saved
U 13500 | F 1728000 | FPS 0859 | D 1763 | rR:μσmM 0.96 0.01 0.94 0.98 | F:μσmM 27.9 7.7 17.0 44.0 | H 1.034 | V 0.780 | pL -0.018 | vL 0.002 | ∇ 0.105
Status saved
Status saved
Status saved
Status saved
Status saved
U 14000 | F 1792000 | FPS 0735 | D 1841 | rR:μσmM 0.96 0.01 0.94 0.98 | F:μσmM 27.2 9.2 13.0 45.0 | H 1.164 | V 0.716 | pL -0.003 | vL 0.001 | ∇ 0.045
Status saved
Status saved
Status saved
Status saved
Status saved
U 14500 | F 1856000 | FPS 1158 | D 1905 | rR:μσmM 0.96 0.02 0.90 0.98 | F:μσmM 28.1 15.0 11.0 72.0 | H 1.003 | V 0.805 | pL -0.002 | vL 0.001 | ∇ 0.063
Status saved
Status saved
Status saved
Status saved
Status saved
U 15000 | F 1920000 | FPS 1082 | D 1971 | rR:μσmM 0.96 0.03 0.87 0.98 | F:μσmM 29.4 18.0 14.0 92.0 | H 1.065 | V 0.768 | pL -0.013 | vL 0.003 | ∇ 0.076
Status saved
Status saved
Status saved
Status saved
Status saved
U 15500 | F 1984000 | FPS 0929 | D 2036 | rR:μσmM 0.96 0.01 0.95 0.97 | F:μσmM 26.5 5.8 18.0 37.0 | H 0.932 | V 0.815 | pL -0.010 | vL 0.001 | ∇ 0.053
Status saved
Status saved
Status saved
Status saved
Status saved
U 16000 | F 2048000 | FPS 1019 | D 2101 | rR:μσmM 0.95 0.03 0.89 0.98 | F:μσmM 37.9 19.9 16.0 77.0 | H 0.957 | V 0.737 | pL 0.004 | vL 0.004 | ∇ 0.082
Status saved
Status saved
Status saved
Status saved
Status saved
U 16500 | F 2112000 | FPS 0839 | D 2167 | rR:μσmM 0.96 0.02 0.89 0.98 | F:μσmM 26.9 14.7 15.0 79.0 | H 0.977 | V 0.842 | pL -0.016 | vL 0.003 | ∇ 0.047
Status saved
Status saved
Status saved
Status saved
Status saved
U 17000 | F 2176000 | FPS 0957 | D 2232 | rR:μσmM 0.96 0.02 0.92 0.98 | F:μσmM 30.8 12.2 15.0 59.0 | H 1.024 | V 0.741 | pL -0.009 | vL 0.002 | ∇ 0.062
Status saved
Status saved
Status saved
Status saved
Status saved
U 17500 | F 2240000 | FPS 1016 | D 2298 | rR:μσmM 0.96 0.01 0.94 0.98 | F:μσmM 29.0 8.5 13.0 45.0 | H 1.046 | V 0.803 | pL -0.007 | vL 0.001 | ∇ 0.038
Status saved
Status saved
Status saved
Status saved
Status saved
U 18000 | F 2304000 | FPS 0981 | D 2363 | rR:μσmM 0.96 0.01 0.93 0.98 | F:μσmM 29.9 10.5 15.0 50.0 | H 1.010 | V 0.828 | pL -0.028 | vL 0.002 | ∇ 0.065
Status saved
Status saved
Status saved
Status saved
Status saved
U 18500 | F 2368000 | FPS 1135 | D 2429 | rR:μσmM 0.96 0.01 0.92 0.97 | F:μσmM 27.2 8.1 19.0 54.0 | H 1.093 | V 0.740 | pL -0.015 | vL 0.002 | ∇ 0.086
Status saved
Status saved
Status saved
Status saved
Status saved
U 19000 | F 2432000 | FPS 1017 | D 2494 | rR:μσmM 0.96 0.01 0.91 0.98 | F:μσmM 27.9 10.0 17.0 61.0 | H 0.968 | V 0.785 | pL -0.006 | vL 0.002 | ∇ 0.045
Status saved
Status saved
Status saved
Status saved
Status saved
U 19500 | F 2496000 | FPS 0945 | D 2560 | rR:μσmM 0.96 0.01 0.95 0.98 | F:μσmM 25.9 6.9 14.0 39.0 | H 1.108 | V 0.798 | pL -0.006 | vL 0.001 | ∇ 0.060
Status saved
Status saved
Status saved
Status saved
Status saved
U 20000 | F 2560000 | FPS 0908 | D 2626 | rR:μσmM 0.97 0.01 0.94 0.98 | F:μσmM 23.6 9.0 14.0 46.0 | H 1.044 | V 0.789 | pL -0.004 | vL 0.001 | ∇ 0.034
Status saved
Status saved
Status saved
Status saved
Status saved
U 20500 | F 2624000 | FPS 0917 | D 2692 | rR:μσmM 0.96 0.01 0.93 0.98 | F:μσmM 28.1 7.5 17.0 47.0 | H 1.134 | V 0.801 | pL -0.018 | vL 0.002 | ∇ 0.061
Status saved
Status saved
Status saved
Status saved
Status saved
U 21000 | F 2688000 | FPS 1021 | D 2759 | rR:μσmM 0.96 0.01 0.94 0.98 | F:μσmM 26.2 7.4 15.0 41.0 | H 1.190 | V 0.791 | pL -0.007 | vL 0.001 | ∇ 0.045
Status saved
Status saved
Status saved
Status saved
Status saved
U 21500 | F 2752000 | FPS 1024 | D 2825 | rR:μσmM 0.96 0.01 0.95 0.98 | F:μσmM 25.0 5.3 16.0 34.0 | H 1.054 | V 0.783 | pL 0.001 | vL 0.001 | ∇ 0.046
Status saved
Status saved
Status saved
Status saved
Status saved
U 22000 | F 2816000 | FPS 0945 | D 2891 | rR:μσmM 0.95 0.02 0.92 0.97 | F:μσmM 35.2 11.7 21.0 60.0 | H 1.065 | V 0.767 | pL -0.031 | vL 0.002 | ∇ 0.096
Status saved
Status saved
Status saved
Status saved
Status saved
U 22500 | F 2880000 | FPS 0944 | D 2958 | rR:μσmM 0.96 0.01 0.95 0.98 | F:μσmM 26.2 6.3 16.0 37.0 | H 0.998 | V 0.801 | pL -0.021 | vL 0.001 | ∇ 0.057
Status saved
Status saved
Status saved
Status saved
Status saved
U 23000 | F 2944000 | FPS 1038 | D 3024 | rR:μσmM 0.96 0.01 0.92 0.98 | F:μσmM 27.8 9.7 16.0 59.0 | H 1.066 | V 0.803 | pL -0.029 | vL 0.001 | ∇ 0.064
Status saved
Status saved
Status saved
Status saved
Status saved
[EVAL] Running 200-episode greedy evaluation...
Gym has been unmaintained since 2022 and does not support NumPy 2.0 amongst other critical functionality.
Please upgrade to Gymnasium, the maintained drop-in replacement of Gym, or contact the authors of your software and request that they upgrade.
Users of this version of Gym should be able to simply replace 'import gym' with 'import gymnasium as gym' in the vast majority of cases.
See the migration guide at https://gymnasium.farama.org/introduction/migration_guide/ for additional information.
Episodes evaluated: 200
Successes:          200
Success rate:       100.0%
Mean return:        0.9755
SUCCESS_RATE=100.00
[DONE] multiseed-vcse-orig-s4: success_rate=100.00%
============================================================
[RUN] original VCSE  seed=5  model=multiseed-vcse-orig-s5
============================================================
Gym has been unmaintained since 2022 and does not support NumPy 2.0 amongst other critical functionality.
Please upgrade to Gymnasium, the maintained drop-in replacement of Gym, or contact the authors of your software and request that they upgrade.
Users of this version of Gym should be able to simply replace 'import gym' with 'import gymnasium as gym' in the vast majority of cases.
See the migration guide at https://gymnasium.farama.org/introduction/migration_guide/ for additional information.
/workspace/learn-si2e/base-vcse/VCSE_A2C/rl-starter-files/rl-starter-files/scripts/train.py --algo a2c --env MiniGrid-DoorKey-8x8-v0 --model multiseed-vcse-orig-s5 --frames 3000000 --use_batch --save-interval 100 --log-interval 500 --seed 5 --use_entropy_reward --use_value_condition --beta 0.005

Namespace(algo='a2c', env='MiniGrid-DoorKey-8x8-v0', model='multiseed-vcse-orig-s5', seed=5, log_interval=500, save_interval=100, procs=16, frames=3000000, epochs=4, batch_size=256, frames_per_proc=None, discount=0.99, lr=0.001, gae_lambda=0.95, entropy_coef=0.01, value_loss_coef=0.5, max_grad_norm=0.5, optim_eps=1e-08, optim_alpha=0.99, clip_eps=0.2, recurrence=1, text=False, use_entropy_reward=True, use_value_condition=True, beta=0.005, use_batch=True, mem=False)

Device: cuda

Environments loaded

Training status loaded

Observations preprocessor loaded
Model loaded

ACModel(
  (image_conv): Sequential(
    (0): Conv2d(3, 16, kernel_size=(2, 2), stride=(1, 1))
    (1): ReLU()
    (2): MaxPool2d(kernel_size=(2, 2), stride=(2, 2), padding=0, dilation=1, ceil_mode=False)
    (3): Conv2d(16, 32, kernel_size=(2, 2), stride=(1, 1))
    (4): ReLU()
    (5): Conv2d(32, 64, kernel_size=(2, 2), stride=(1, 1))
    (6): ReLU()
  )
  (actor): Sequential(
    (0): Linear(in_features=64, out_features=64, bias=True)
    (1): Tanh()
    (2): Linear(in_features=64, out_features=7, bias=True)
  )
  (critic): Sequential(
    (0): Linear(in_features=64, out_features=64, bias=True)
    (1): Tanh()
    (2): Linear(in_features=64, out_features=1, bias=True)
  )
  (extr_critic): Sequential(
    (0): Linear(in_features=64, out_features=64, bias=True)
    (1): Tanh()
    (2): Linear(in_features=64, out_features=1, bias=True)
  )
)

Optimizer loaded

Status saved
Status saved
Status saved
Status saved
U 500 | F 064000 | FPS 0951 | D 66 | rR:μσmM 0.00 0.00 0.00 0.00 | F:μσmM 640.0 0.0 640.0 640.0 | H 1.807 | V -0.272 | pL 0.001 | vL 0.000 | ∇ 0.008
Status saved
Status saved
Status saved
Status saved
Status saved
U 1000 | F 128000 | FPS 1005 | D 132 | rR:μσmM 0.00 0.00 0.00 0.00 | F:μσmM 640.0 0.0 640.0 640.0 | H 1.795 | V -0.357 | pL -0.001 | vL 0.001 | ∇ 0.012
Status saved
Status saved
Status saved
Status saved
Status saved
U 1500 | F 192000 | FPS 1050 | D 197 | rR:μσmM 0.00 0.00 0.00 0.00 | F:μσmM 640.0 0.0 640.0 640.0 | H 1.776 | V -0.313 | pL -0.019 | vL 0.001 | ∇ 0.014
Status saved
Status saved
Status saved
Status saved
Status saved
U 2000 | F 256000 | FPS 1093 | D 263 | rR:μσmM 0.02 0.05 0.00 0.15 | F:μσmM 636.4 10.2 601.0 640.0 | H 1.722 | V -0.353 | pL 0.256 | vL 0.037 | ∇ 0.235
Status saved
Status saved
Status saved
Status saved
Status saved
U 2500 | F 320000 | FPS 1062 | D 328 | rR:μσmM 0.00 0.00 0.00 0.00 | F:μσmM 640.0 0.0 640.0 640.0 | H 1.772 | V -0.279 | pL -0.007 | vL 0.000 | ∇ 0.008
Status saved
Status saved
Status saved
Status saved
Status saved
U 3000 | F 384000 | FPS 1052 | D 392 | rR:μσmM 0.00 0.00 0.00 0.00 | F:μσmM 640.0 0.0 640.0 640.0 | H 1.772 | V -0.332 | pL 0.012 | vL 0.000 | ∇ 0.013
Status saved
Status saved
Status saved
Status saved
Status saved
U 3500 | F 448000 | FPS 1005 | D 457 | rR:μσmM 0.02 0.08 0.00 0.33 | F:μσmM 629.8 39.5 477.0 640.0 | H 1.773 | V -0.325 | pL -0.002 | vL 0.001 | ∇ 0.009
Status saved
Status saved
Status saved
Status saved
Status saved
U 4000 | F 512000 | FPS 1114 | D 522 | rR:μσmM 0.03 0.11 0.00 0.46 | F:μσmM 623.8 62.7 381.0 640.0 | H 1.757 | V -0.255 | pL 0.058 | vL 0.007 | ∇ 0.049
Status saved
Status saved
Status saved
Status saved
Status saved
U 4500 | F 576000 | FPS 0984 | D 588 | rR:μσmM 0.00 0.00 0.00 0.00 | F:μσmM 640.0 0.0 640.0 640.0 | H 1.749 | V -0.298 | pL -0.009 | vL 0.001 | ∇ 0.011
Status saved
Status saved
Status saved
Status saved
Status saved
U 5000 | F 640000 | FPS 1028 | D 652 | rR:μσmM 0.00 0.00 0.00 0.00 | F:μσmM 640.0 0.0 640.0 640.0 | H 1.767 | V -0.281 | pL -0.001 | vL 0.000 | ∇ 0.005
Status saved
Status saved
Status saved
Status saved
Status saved
U 5500 | F 704000 | FPS 1053 | D 717 | rR:μσmM 0.00 0.00 0.00 0.00 | F:μσmM 640.0 0.0 640.0 640.0 | H 1.768 | V -0.310 | pL -0.009 | vL 0.001 | ∇ 0.010
Status saved
Status saved
Status saved
Status saved
Status saved
U 6000 | F 768000 | FPS 0994 | D 782 | rR:μσmM 0.03 0.10 0.00 0.43 | F:μσmM 625.5 56.2 408.0 640.0 | H 1.757 | V -0.234 | pL 0.045 | vL 0.005 | ∇ 0.040
Status saved
Status saved
Status saved
Status saved
Status saved
U 6500 | F 832000 | FPS 1034 | D 847 | rR:μσmM 0.00 0.00 0.00 0.00 | F:μσmM 640.0 0.0 640.0 640.0 | H 1.783 | V -0.268 | pL 0.014 | vL 0.004 | ∇ 0.033
Status saved
Status saved
Status saved
Status saved
Status saved
U 7000 | F 896000 | FPS 0995 | D 912 | rR:μσmM 0.04 0.14 0.00 0.57 | F:μσmM 619.1 80.8 306.0 640.0 | H 1.786 | V -0.289 | pL -0.005 | vL 0.000 | ∇ 0.006
Status saved
Status saved
Status saved
Status saved
Status saved
U 7500 | F 960000 | FPS 0978 | D 978 | rR:μσmM 0.00 0.00 0.00 0.00 | F:μσmM 640.0 0.0 640.0 640.0 | H 1.756 | V -0.311 | pL -0.004 | vL 0.001 | ∇ 0.010
Status saved
Status saved
Status saved
Status saved
Status saved
U 8000 | F 1024000 | FPS 0897 | D 1044 | rR:μσmM 0.01 0.04 0.00 0.15 | F:μσmM 637.9 8.0 607.0 640.0 | H 1.774 | V -0.272 | pL 0.022 | vL 0.004 | ∇ 0.024
Status saved
Status saved
Status saved
Status saved
Status saved
U 8500 | F 1088000 | FPS 1054 | D 1109 | rR:μσmM 0.01 0.04 0.00 0.16 | F:μσmM 637.3 10.4 597.0 640.0 | H 1.701 | V -0.291 | pL 0.002 | vL 0.001 | ∇ 0.017
Status saved
Status saved
Status saved
Status saved
Status saved
U 9000 | F 1152000 | FPS 1070 | D 1175 | rR:μσmM 0.12 0.26 0.00 0.78 | F:μσmM 565.6 157.0 158.0 640.0 | H 1.740 | V -0.285 | pL 0.012 | vL 0.000 | ∇ 0.014
Status saved
Status saved
Status saved
Status saved
Status saved
U 9500 | F 1216000 | FPS 1047 | D 1240 | rR:μσmM 0.06 0.14 0.00 0.49 | F:μσmM 609.6 77.1 362.0 640.0 | H 1.775 | V -0.281 | pL -0.026 | vL 0.001 | ∇ 0.019
Status saved
Status saved
Status saved
Status saved
Status saved
U 10000 | F 1280000 | FPS 0915 | D 1306 | rR:μσmM 0.04 0.16 0.00 0.67 | F:μσmM 614.8 97.6 237.0 640.0 | H 1.768 | V -0.263 | pL -0.000 | vL 0.000 | ∇ 0.006
Status saved
Status saved
Status saved
Status saved
Status saved
U 10500 | F 1344000 | FPS 1082 | D 1370 | rR:μσmM 0.01 0.04 0.00 0.15 | F:μσmM 637.7 9.0 603.0 640.0 | H 1.772 | V -0.284 | pL -0.004 | vL 0.001 | ∇ 0.007
Status saved
Status saved
Status saved
Status saved
Status saved
U 11000 | F 1408000 | FPS 1016 | D 1435 | rR:μσmM 0.04 0.15 0.00 0.60 | F:μσmM 617.7 86.4 283.0 640.0 | H 1.778 | V -0.276 | pL -0.012 | vL 0.001 | ∇ 0.011
Status saved
Status saved
Status saved
Status saved
Status saved
U 11500 | F 1472000 | FPS 0907 | D 1501 | rR:μσmM 0.03 0.11 0.00 0.45 | F:μσmM 624.6 59.5 394.0 640.0 | H 1.765 | V -0.326 | pL -0.023 | vL 0.001 | ∇ 0.018
Status saved
Status saved
Status saved
Status saved
Status saved
U 12000 | F 1536000 | FPS 1001 | D 1566 | rR:μσmM 0.05 0.19 0.00 0.80 | F:μσmM 609.1 119.8 145.0 640.0 | H 1.749 | V -0.274 | pL 0.030 | vL 0.007 | ∇ 0.035
Status saved
Status saved
Status saved
Status saved
Status saved
U 12500 | F 1600000 | FPS 0954 | D 1633 | rR:μσmM 0.01 0.05 0.00 0.20 | F:μσmM 635.6 17.2 569.0 640.0 | H 1.731 | V -0.260 | pL -0.013 | vL 0.001 | ∇ 0.009
Status saved
Status saved
Status saved
Status saved
Status saved
U 13000 | F 1664000 | FPS 0960 | D 1699 | rR:μσmM 0.08 0.22 0.00 0.82 | F:μσmM 594.4 131.6 127.0 640.0 | H 1.808 | V -0.258 | pL -0.005 | vL 0.001 | ∇ 0.007
Status saved
Status saved
Status saved
Status saved
Status saved
U 13500 | F 1728000 | FPS 1049 | D 1764 | rR:μσmM 0.23 0.33 0.00 0.90 | F:μσmM 500.6 204.7 74.0 640.0 | H 1.694 | V -0.152 | pL 0.016 | vL 0.011 | ∇ 0.099
Status saved
Status saved
Status saved
Status saved
Status saved
U 14000 | F 1792000 | FPS 1136 | D 1829 | rR:μσmM 0.32 0.28 0.00 0.75 | F:μσmM 464.3 176.0 176.0 640.0 | H 1.745 | V -0.241 | pL -0.012 | vL 0.001 | ∇ 0.016
Status saved
Status saved
Status saved
Status saved
Status saved
U 14500 | F 1856000 | FPS 0828 | D 1905 | rR:μσmM 0.92 0.08 0.68 0.98 | F:μσmM 55.0 56.1 14.0 230.0 | H 1.214 | V 0.554 | pL -0.014 | vL 0.009 | ∇ 0.124
Status saved
Status saved
Status saved
Status saved
Status saved
U 15000 | F 1920000 | FPS 0897 | D 1981 | rR:μσmM 0.96 0.02 0.92 0.99 | F:μσmM 26.9 11.9 10.0 56.0 | H 1.003 | V 0.748 | pL -0.008 | vL 0.006 | ∇ 0.182
Status saved
Status saved
Status saved
Status saved
Status saved
U 15500 | F 1984000 | FPS 0929 | D 2049 | rR:μσmM 0.96 0.01 0.94 0.98 | F:μσmM 27.3 8.3 17.0 46.0 | H 1.098 | V 0.721 | pL -0.024 | vL 0.003 | ∇ 0.074
Status saved
Status saved
Status saved
Status saved
Status saved
U 16000 | F 2048000 | FPS 0938 | D 2114 | rR:μσmM 0.96 0.02 0.90 0.98 | F:μσmM 29.2 13.6 13.0 68.0 | H 1.063 | V 0.828 | pL -0.011 | vL 0.003 | ∇ 0.065
Status saved
Status saved
Status saved
Status saved
Status saved
U 16500 | F 2112000 | FPS 0856 | D 2179 | rR:μσmM 0.96 0.01 0.93 0.97 | F:μσmM 27.6 9.7 19.0 52.0 | H 1.003 | V 0.790 | pL -0.003 | vL 0.002 | ∇ 0.051
Status saved
Status saved
Status saved
Status saved
Status saved
U 17000 | F 2176000 | FPS 1039 | D 2244 | rR:μσmM 0.97 0.01 0.95 0.98 | F:μσmM 23.4 8.1 12.0 39.0 | H 1.044 | V 0.822 | pL -0.021 | vL 0.001 | ∇ 0.064
Status saved
Status saved
Status saved
Status saved
Status saved
U 17500 | F 2240000 | FPS 1068 | D 2310 | rR:μσmM 0.96 0.02 0.88 0.98 | F:μσmM 29.0 16.1 15.0 88.0 | H 0.949 | V 0.850 | pL -0.010 | vL 0.002 | ∇ 0.045
Status saved
Status saved
Status saved
Status saved
Status saved
U 18000 | F 2304000 | FPS 1091 | D 2375 | rR:μσmM 0.97 0.01 0.95 0.98 | F:μσmM 24.6 5.6 16.0 38.0 | H 0.965 | V 0.854 | pL -0.001 | vL 0.001 | ∇ 0.098
Status saved
Status saved
Status saved
Status saved
Status saved
U 18500 | F 2368000 | FPS 1037 | D 2441 | rR:μσmM 0.96 0.02 0.93 0.98 | F:μσmM 30.9 12.0 17.0 53.0 | H 1.031 | V 0.769 | pL -0.002 | vL 0.002 | ∇ 0.059
Status saved
Status saved
Status saved
Status saved
Status saved
U 19000 | F 2432000 | FPS 0944 | D 2507 | rR:μσmM 0.97 0.01 0.95 0.98 | F:μσmM 24.9 7.2 15.0 39.0 | H 0.962 | V 0.834 | pL -0.015 | vL 0.001 | ∇ 0.037
Status saved
Status saved
Status saved
Status saved
Status saved
U 19500 | F 2496000 | FPS 0718 | D 2581 | rR:μσmM 0.96 0.02 0.91 0.98 | F:μσmM 28.4 12.4 14.0 62.0 | H 0.982 | V 0.826 | pL 0.006 | vL 0.001 | ∇ 0.041
Status saved
Status saved
Status saved
Status saved
Status saved
U 20000 | F 2560000 | FPS 0843 | D 2669 | rR:μσmM 0.96 0.02 0.91 0.98 | F:μσmM 28.4 11.4 16.0 66.0 | H 1.220 | V 0.757 | pL -0.007 | vL 0.002 | ∇ 0.036
Status saved
Status saved
Status saved
Status saved
Status saved
U 20500 | F 2624000 | FPS 0881 | D 2750 | rR:μσmM 0.96 0.02 0.90 0.98 | F:μσmM 30.1 14.3 16.0 73.0 | H 1.012 | V 0.733 | pL -0.024 | vL 0.002 | ∇ 0.079
Status saved
Status saved
Status saved
Status saved
Status saved
U 21000 | F 2688000 | FPS 0841 | D 2830 | rR:μσmM 0.96 0.01 0.95 0.97 | F:μσmM 24.9 5.1 18.0 36.0 | H 1.032 | V 0.817 | pL -0.026 | vL 0.002 | ∇ 0.091
Status saved
Status saved
Status saved
Status saved
Status saved
U 21500 | F 2752000 | FPS 0836 | D 2911 | rR:μσmM 0.96 0.01 0.94 0.98 | F:μσmM 27.3 7.8 16.0 41.0 | H 1.007 | V 0.826 | pL -0.019 | vL 0.001 | ∇ 0.038
Status saved
Status saved
Status saved
Status saved
Status saved
U 22000 | F 2816000 | FPS 0852 | D 2992 | rR:μσmM 0.97 0.01 0.95 0.98 | F:μσmM 23.1 6.1 12.0 33.0 | H 0.994 | V 0.850 | pL -0.016 | vL 0.001 | ∇ 0.056
Status saved
Status saved
Status saved
Status saved
Status saved
U 22500 | F 2880000 | FPS 0838 | D 3073 | rR:μσmM 0.96 0.01 0.93 0.98 | F:μσmM 27.1 9.1 14.0 52.0 | H 1.045 | V 0.815 | pL -0.019 | vL 0.001 | ∇ 0.063
Status saved
Status saved
Status saved
Status saved
Status saved
U 23000 | F 2944000 | FPS 0861 | D 3140 | rR:μσmM 0.96 0.01 0.94 0.98 | F:μσmM 26.3 6.1 17.0 41.0 | H 1.153 | V 0.781 | pL -0.024 | vL 0.002 | ∇ 0.073
Status saved
Status saved
Status saved
Status saved
Status saved
[EVAL] Running 200-episode greedy evaluation...
Gym has been unmaintained since 2022 and does not support NumPy 2.0 amongst other critical functionality.
Please upgrade to Gymnasium, the maintained drop-in replacement of Gym, or contact the authors of your software and request that they upgrade.
Users of this version of Gym should be able to simply replace 'import gym' with 'import gymnasium as gym' in the vast majority of cases.
See the migration guide at https://gymnasium.farama.org/introduction/migration_guide/ for additional information.
Episodes evaluated: 203
Successes:          203
Success rate:       100.0%
Mean return:        0.9756
SUCCESS_RATE=100.00
[DONE] multiseed-vcse-orig-s5: success_rate=100.00%

============================================================
VCSE (original kNN) DONE — summary:
============================================================
Method         N   Mean SR    Std SR     Paper target
baseline       5      0.0%      0.0%           — (0%)
se             5     43.2%     44.2%    72.60 ± 20.32
vcse           5     97.8%      2.8%    94.32 ± 11.09
si2e           4    100.0%      0.0%     98.58 ± 3.11
