Gym has been unmaintained since 2022 and does not support NumPy 2.0 amongst other critical functionality.
Please upgrade to Gymnasium, the maintained drop-in replacement of Gym, or contact the authors of your software and request that they upgrade.
Users of this version of Gym should be able to simply replace 'import gym' with 'import gymnasium as gym' in the vast majority of cases.
See the migration guide at https://gymnasium.farama.org/introduction/migration_guide/ for additional information.
/workspace/learn-si2e/SI2E/SI2E_A2C/rl-starter-files/rl-starter-files/scripts/train.py --env MiniGrid-RedBlueDoors-6x6-v0 --model abeta-si2e-adaptive-RedBlueDoors-6x6-s5 --frames 3000000 --use_batch --save-interval 0 --log-interval 500 --seed 5 --algo a2c --use_entropy_reward --use_value_condition --beta 0.005 --beta_adaptive --fast_se

Namespace(algo='a2c', env='MiniGrid-RedBlueDoors-6x6-v0', model='abeta-si2e-adaptive-RedBlueDoors-6x6-s5', seed=5, log_interval=500, save_interval=0, procs=16, frames=3000000, epochs=4, batch_size=256, frames_per_proc=None, discount=0.99, lr=0.001, gae_lambda=0.95, entropy_coef=0.01, value_loss_coef=0.5, max_grad_norm=0.5, optim_eps=1e-08, optim_alpha=0.99, clip_eps=0.2, recurrence=1, text=False, use_entropy_reward=True, use_value_condition=True, beta=0.005, beta_adaptive=True, fast_se=True, use_batch=True, ablation=None, mem=False)

Device: cuda:0

Environments loaded

Training status loaded

Observations preprocessor loaded
Model loaded

ACModel(
  (image_conv): Sequential(
    (0): Conv2d(3, 16, kernel_size=(2, 2), stride=(1, 1))
    (1): ReLU()
    (2): MaxPool2d(kernel_size=(2, 2), stride=(2, 2), padding=0, dilation=1, ceil_mode=False)
    (3): Conv2d(16, 32, kernel_size=(2, 2), stride=(1, 1))
    (4): ReLU()
    (5): Conv2d(32, 64, kernel_size=(2, 2), stride=(1, 1))
    (6): ReLU()
  )
  (actor): Sequential(
    (0): Linear(in_features=64, out_features=64, bias=True)
    (1): Tanh()
    (2): Linear(in_features=64, out_features=7, bias=True)
  )
  (critic): Sequential(
    (0): Linear(in_features=64, out_features=64, bias=True)
    (1): Tanh()
    (2): Linear(in_features=64, out_features=1, bias=True)
  )
  (extr_critic): Sequential(
    (0): Linear(in_features=64, out_features=64, bias=True)
    (1): Tanh()
    (2): Linear(in_features=64, out_features=1, bias=True)
  )
)

Optimizer loaded

U 500 | F 064000 | FPS 1702 | D 33 | rR:μσmM 0.39 0.44 0.00 0.95 | F:μσmM 51.4 47.2 5.0 178.0 | H 1.694 | V 0.078 | pL -0.013 | vL 0.014 | ∇ 0.146
U 1000 | F 128000 | FPS 2038 | D 66 | rR:μσmM 0.15 0.31 0.00 0.89 | F:μσmM 91.6 180.5 4.0 720.0 | H 1.508 | V -0.036 | pL 0.019 | vL 0.002 | ∇ 0.039
U 1500 | F 192000 | FPS 2239 | D 98 | rR:μσmM 0.00 0.00 0.00 0.00 | F:μσmM 69.7 169.3 3.0 720.0 | H 1.631 | V -0.114 | pL -0.008 | vL 0.002 | ∇ 0.022
U 2000 | F 256000 | FPS 2177 | D 130 | rR:μσmM 0.00 0.00 0.00 0.00 | F:μσmM 25.6 19.9 3.0 71.0 | H 1.593 | V -0.006 | pL -0.038 | vL 0.002 | ∇ 0.040
U 2500 | F 320000 | FPS 2198 | D 162 | rR:μσmM 0.00 0.00 0.00 0.00 | F:μσmM 23.1 13.1 1.0 53.0 | H 1.620 | V -0.038 | pL -0.008 | vL 0.001 | ∇ 0.031
U 3000 | F 384000 | FPS 1820 | D 194 | rR:μσmM 0.06 0.23 0.00 0.96 | F:μσmM 21.8 22.2 3.0 101.0 | H 1.416 | V 0.039 | pL 0.014 | vL 0.017 | ∇ 0.118
U 3500 | F 448000 | FPS 1994 | D 226 | rR:μσmM 0.12 0.31 0.00 0.97 | F:μσmM 19.2 16.9 3.0 69.0 | H 1.498 | V 0.011 | pL -0.017 | vL 0.001 | ∇ 0.034
U 4000 | F 512000 | FPS 1909 | D 258 | rR:μσmM 0.11 0.29 0.00 0.92 | F:μσmM 25.8 30.9 4.0 127.0 | H 1.386 | V 0.001 | pL 0.021 | vL 0.028 | ∇ 0.145
U 4500 | F 576000 | FPS 1550 | D 289 | rR:μσmM 0.00 0.00 0.00 0.00 | F:μσmM 10.8 3.3 4.0 16.0 | H 1.282 | V 0.028 | pL -0.006 | vL 0.002 | ∇ 0.054
U 5000 | F 640000 | FPS 2260 | D 320 | rR:μσmM 0.06 0.24 0.00 0.97 | F:μσmM 11.6 5.9 4.0 23.0 | H 1.455 | V 0.029 | pL -0.043 | vL 0.003 | ∇ 0.055
U 5500 | F 704000 | FPS 1850 | D 351 | rR:μσmM 0.00 0.00 0.00 0.00 | F:μσmM 18.1 11.4 3.0 43.0 | H 1.574 | V -0.046 | pL -0.008 | vL 0.001 | ∇ 0.019
U 6000 | F 768000 | FPS 2131 | D 383 | rR:μσmM 0.00 0.00 0.00 0.00 | F:μσmM 22.4 10.4 5.0 41.0 | H 1.494 | V -0.032 | pL -0.023 | vL 0.001 | ∇ 0.032
U 6500 | F 832000 | FPS 1855 | D 414 | rR:μσmM 0.06 0.23 0.00 0.94 | F:μσmM 22.1 23.3 3.0 100.0 | H 1.358 | V -0.031 | pL -0.001 | vL 0.024 | ∇ 0.080
U 7000 | F 896000 | FPS 2222 | D 445 | rR:μσmM 0.24 0.42 0.00 0.98 | F:μσmM 14.4 9.2 2.0 33.0 | H 1.309 | V 0.221 | pL 0.017 | vL 0.053 | ∇ 0.099
U 7500 | F 960000 | FPS 2030 | D 476 | rR:μσmM 0.36 0.46 0.00 0.97 | F:μσmM 27.8 11.3 8.0 53.0 | H 1.465 | V 0.286 | pL 0.012 | vL 0.021 | ∇ 0.046
U 8000 | F 1024000 | FPS 1656 | D 507 | rR:μσmM 0.72 0.42 0.00 0.98 | F:μσmM 24.1 12.5 4.0 50.0 | H 1.206 | V 0.580 | pL 0.025 | vL 0.022 | ∇ 0.088
U 8500 | F 1088000 | FPS 1624 | D 538 | rR:μσmM 0.66 0.45 0.00 0.98 | F:μσmM 22.5 9.8 6.0 45.0 | H 1.241 | V 0.646 | pL -0.011 | vL 0.050 | ∇ 0.147
U 9000 | F 1152000 | FPS 2325 | D 568 | rR:μσmM 0.42 0.47 0.00 0.98 | F:μσmM 23.2 17.2 3.0 75.0 | H 1.479 | V 0.418 | pL -0.040 | vL 0.011 | ∇ 0.082
U 9500 | F 1216000 | FPS 2418 | D 599 | rR:μσmM 0.60 0.46 0.00 0.98 | F:μσmM 25.1 17.2 3.0 68.0 | H 1.476 | V 0.495 | pL -0.021 | vL 0.018 | ∇ 0.084
U 10000 | F 1280000 | FPS 1969 | D 629 | rR:μσmM 0.60 0.47 0.00 0.98 | F:μσmM 20.4 8.8 7.0 38.0 | H 1.392 | V 0.513 | pL -0.075 | vL 0.046 | ∇ 0.152
U 10500 | F 1344000 | FPS 1893 | D 660 | rR:μσmM 0.54 0.48 0.00 0.98 | F:μσmM 21.6 11.9 1.0 55.0 | H 1.223 | V 0.500 | pL -0.006 | vL 0.019 | ∇ 0.109
U 11000 | F 1408000 | FPS 1980 | D 691 | rR:μσmM 0.79 0.38 0.00 0.98 | F:μσmM 22.1 9.9 3.0 37.0 | H 1.203 | V 0.623 | pL -0.011 | vL 0.038 | ∇ 0.075
U 11500 | F 1472000 | FPS 2265 | D 722 | rR:μσmM 0.79 0.38 0.00 0.98 | F:μσmM 19.4 7.2 5.0 28.0 | H 1.294 | V 0.715 | pL -0.075 | vL 0.059 | ∇ 0.220
U 12000 | F 1536000 | FPS 1904 | D 753 | rR:μσmM 0.79 0.38 0.00 0.98 | F:μσmM 22.0 8.5 7.0 35.0 | H 1.159 | V 0.604 | pL 0.010 | vL 0.025 | ∇ 0.084
U 12500 | F 1600000 | FPS 2142 | D 785 | rR:μσmM 0.66 0.44 0.00 0.97 | F:μσmM 29.7 16.6 6.0 61.0 | H 1.485 | V 0.489 | pL -0.015 | vL 0.050 | ∇ 0.151
U 13000 | F 1664000 | FPS 1829 | D 817 | rR:μσmM 0.78 0.37 0.00 0.98 | F:μσmM 30.1 12.2 12.0 57.0 | H 1.526 | V 0.554 | pL 0.043 | vL 0.016 | ∇ 0.134
U 13500 | F 1728000 | FPS 2013 | D 847 | rR:μσmM 0.54 0.48 0.00 0.97 | F:μσmM 20.8 11.5 6.0 55.0 | H 1.451 | V 0.599 | pL -0.013 | vL 0.013 | ∇ 0.039
U 14000 | F 1792000 | FPS 2072 | D 878 | rR:μσmM 0.63 0.44 0.00 0.99 | F:μσmM 46.8 85.7 8.0 375.0 | H 1.395 | V 0.559 | pL -0.019 | vL 0.032 | ∇ 0.069
U 14500 | F 1856000 | FPS 1755 | D 909 | rR:μσmM 0.61 0.47 0.00 0.98 | F:μσmM 18.9 10.6 6.0 41.0 | H 1.161 | V 0.615 | pL -0.036 | vL 0.037 | ∇ 0.127
U 15000 | F 1920000 | FPS 2183 | D 940 | rR:μσmM 0.54 0.48 0.00 0.98 | F:μσmM 25.3 11.0 5.0 52.0 | H 1.364 | V 0.551 | pL -0.019 | vL 0.045 | ∇ 0.133
U 15500 | F 1984000 | FPS 1848 | D 971 | rR:μσmM 0.78 0.38 0.00 0.98 | F:μσmM 24.9 12.3 2.0 46.0 | H 1.231 | V 0.602 | pL 0.026 | vL 0.023 | ∇ 0.203
U 16000 | F 2048000 | FPS 2235 | D 1002 | rR:μσmM 0.48 0.48 0.00 0.98 | F:μσmM 20.4 8.9 3.0 35.0 | H 1.514 | V 0.536 | pL -0.055 | vL 0.020 | ∇ 0.138
U 16500 | F 2112000 | FPS 2398 | D 1033 | rR:μσmM 0.73 0.42 0.00 0.98 | F:μσmM 20.1 8.8 2.0 44.0 | H 1.232 | V 0.663 | pL -0.035 | vL 0.041 | ∇ 0.085
U 17000 | F 2176000 | FPS 1435 | D 1065 | rR:μσmM 0.48 0.48 0.00 0.98 | F:μσmM 24.6 16.7 4.0 61.0 | H 1.348 | V 0.472 | pL 0.006 | vL 0.052 | ∇ 0.105
U 17500 | F 2240000 | FPS 2154 | D 1098 | rR:μσmM 0.48 0.48 0.00 0.97 | F:μσmM 23.9 12.0 4.0 50.0 | H 1.557 | V 0.522 | pL -0.047 | vL 0.002 | ∇ 0.066
U 18000 | F 2304000 | FPS 2003 | D 1129 | rR:μσmM 0.72 0.42 0.00 0.99 | F:μσmM 24.9 12.2 6.0 43.0 | H 1.309 | V 0.585 | pL 0.013 | vL 0.028 | ∇ 0.113
U 18500 | F 2368000 | FPS 2401 | D 1160 | rR:μσmM 0.78 0.38 0.00 0.99 | F:μσmM 27.2 11.6 12.0 59.0 | H 1.446 | V 0.537 | pL -0.111 | vL 0.034 | ∇ 0.199
U 19000 | F 2432000 | FPS 2125 | D 1191 | rR:μσmM 0.66 0.45 0.00 0.98 | F:μσmM 20.9 11.2 6.0 48.0 | H 1.385 | V 0.601 | pL 0.019 | vL 0.009 | ∇ 0.087
U 19500 | F 2496000 | FPS 1959 | D 1222 | rR:μσmM 0.60 0.47 0.00 0.99 | F:μσmM 21.2 14.4 2.0 52.0 | H 1.368 | V 0.597 | pL -0.055 | vL 0.038 | ∇ 0.124
U 20000 | F 2560000 | FPS 2086 | D 1252 | rR:μσmM 0.79 0.38 0.00 0.98 | F:μσmM 20.9 10.9 1.0 40.0 | H 1.307 | V 0.628 | pL 0.019 | vL 0.036 | ∇ 0.125
U 20500 | F 2624000 | FPS 2509 | D 1283 | rR:μσmM 0.66 0.44 0.00 0.97 | F:μσmM 29.1 13.5 4.0 49.0 | H 1.461 | V 0.619 | pL -0.085 | vL 0.061 | ∇ 0.133
U 21000 | F 2688000 | FPS 1418 | D 1315 | rR:μσmM 0.60 0.47 0.00 0.98 | F:μσmM 27.6 10.4 6.0 43.0 | H 1.463 | V 0.486 | pL 0.020 | vL 0.030 | ∇ 0.097
U 21500 | F 2752000 | FPS 1992 | D 1347 | rR:μσmM 0.42 0.48 0.00 0.98 | F:μσmM 17.4 11.5 1.0 36.0 | H 1.331 | V 0.580 | pL -0.073 | vL 0.041 | ∇ 0.176
U 22000 | F 2816000 | FPS 2527 | D 1378 | rR:μσmM 0.67 0.45 0.00 0.98 | F:μσmM 21.4 10.7 6.0 47.0 | H 1.308 | V 0.615 | pL -0.048 | vL 0.033 | ∇ 0.145
U 22500 | F 2880000 | FPS 2058 | D 1409 | rR:μσmM 0.73 0.42 0.00 0.99 | F:μσmM 24.1 11.8 8.0 51.0 | H 1.486 | V 0.507 | pL -0.004 | vL 0.015 | ∇ 0.070
U 23000 | F 2944000 | FPS 1621 | D 1442 | rR:μσmM 0.60 0.47 0.00 0.98 | F:μσmM 27.8 13.5 6.0 65.0 | H 1.532 | V 0.524 | pL -0.048 | vL 0.030 | ∇ 0.223
Final model saved
