Gym has been unmaintained since 2022 and does not support NumPy 2.0 amongst other critical functionality.
Please upgrade to Gymnasium, the maintained drop-in replacement of Gym, or contact the authors of your software and request that they upgrade.
Users of this version of Gym should be able to simply replace 'import gym' with 'import gymnasium as gym' in the vast majority of cases.
See the migration guide at https://gymnasium.farama.org/introduction/migration_guide/ for additional information.
/workspace/learn-si2e/SI2E/SI2E_A2C/rl-starter-files/rl-starter-files/scripts/train.py --algo a2c --env MiniGrid-DoorKey-16x16-v0 --model dk16-si2e-s1 --frames 3000000 --use_batch --save-interval 100 --log-interval 500 --seed 1 --use_entropy_reward --use_value_condition --beta 0.005

Namespace(algo='a2c', env='MiniGrid-DoorKey-16x16-v0', model='dk16-si2e-s1', seed=1, log_interval=500, save_interval=100, procs=16, frames=3000000, epochs=4, batch_size=256, frames_per_proc=None, discount=0.99, lr=0.001, gae_lambda=0.95, entropy_coef=0.01, value_loss_coef=0.5, max_grad_norm=0.5, optim_eps=1e-08, optim_alpha=0.99, clip_eps=0.2, recurrence=1, text=False, use_entropy_reward=True, use_value_condition=True, beta=0.005, use_batch=True, mem=False)

Device: cuda:0

Environments loaded

Training status loaded

Observations preprocessor loaded
Model loaded

ACModel(
  (image_conv): Sequential(
    (0): Conv2d(3, 16, kernel_size=(2, 2), stride=(1, 1))
    (1): ReLU()
    (2): MaxPool2d(kernel_size=(2, 2), stride=(2, 2), padding=0, dilation=1, ceil_mode=False)
    (3): Conv2d(16, 32, kernel_size=(2, 2), stride=(1, 1))
    (4): ReLU()
    (5): Conv2d(32, 64, kernel_size=(2, 2), stride=(1, 1))
    (6): ReLU()
  )
  (actor): Sequential(
    (0): Linear(in_features=64, out_features=64, bias=True)
    (1): Tanh()
    (2): Linear(in_features=64, out_features=7, bias=True)
  )
  (critic): Sequential(
    (0): Linear(in_features=64, out_features=64, bias=True)
    (1): Tanh()
    (2): Linear(in_features=64, out_features=1, bias=True)
  )
  (extr_critic): Sequential(
    (0): Linear(in_features=64, out_features=64, bias=True)
    (1): Tanh()
    (2): Linear(in_features=64, out_features=1, bias=True)
  )
)

Optimizer loaded

Status saved
Status saved
Status saved
Status saved
U 500 | F 064000 | FPS 0257 | D 135 | rR:μσmM 0.00 0.00 0.00 0.00 | F:μσmM 2560.0 0.0 2560.0 2560.0 | H 1.810 | V -0.716 | pL -0.006 | vL 0.001 | ∇ 0.014
Status saved
Status saved
Status saved
Status saved
Status saved
U 1000 | F 128000 | FPS 0467 | D 283 | rR:μσmM 0.00 0.00 0.00 0.00 | F:μσmM 2560.0 0.0 2560.0 2560.0 | H 1.816 | V -0.472 | pL 0.003 | vL 0.001 | ∇ 0.016
Status saved
Status saved
Status saved
Status saved
Status saved
U 1500 | F 192000 | FPS 0436 | D 435 | rR:μσmM 0.00 0.00 0.00 0.00 | F:μσmM 2560.0 0.0 2560.0 2560.0 | H 1.796 | V -0.532 | pL 0.002 | vL 0.001 | ∇ 0.011
Status saved
Status saved
Status saved
Status saved
Status saved
U 2000 | F 256000 | FPS 0408 | D 587 | rR:μσmM 0.02 0.08 0.00 0.31 | F:μσmM 2522.6 144.8 1962.0 2560.0 | H 1.854 | V -0.515 | pL -0.004 | vL 0.001 | ∇ 0.011
Status saved
Status saved
Status saved
Status saved
Status saved
U 2500 | F 320000 | FPS 0462 | D 741 | rR:μσmM 0.00 0.00 0.00 0.00 | F:μσmM 2560.0 0.0 2560.0 2560.0 | H 1.720 | V -0.520 | pL -0.003 | vL 0.001 | ∇ 0.010
Status saved
Status saved
Status saved
Status saved
Status saved
U 3000 | F 384000 | FPS 0437 | D 894 | rR:μσmM 0.00 0.00 0.00 0.00 | F:μσmM 2560.0 0.0 2560.0 2560.0 | H 1.800 | V -0.480 | pL 0.000 | vL 0.001 | ∇ 0.010
Status saved
Status saved
Status saved
Status saved
Status saved
U 3500 | F 448000 | FPS 0425 | D 1050 | rR:μσmM 0.01 0.03 0.00 0.13 | F:μσmM 2554.0 23.2 2464.0 2560.0 | H 1.767 | V -0.539 | pL 0.000 | vL 0.001 | ∇ 0.012
Status saved
Status saved
Status saved
Status saved
Status saved
U 4000 | F 512000 | FPS 0432 | D 1207 | rR:μσmM 0.00 0.00 0.00 0.00 | F:μσmM 2560.0 0.0 2560.0 2560.0 | H 1.749 | V -0.492 | pL -0.002 | vL 0.001 | ∇ 0.010
Status saved
Status saved
Status saved
Status saved
Status saved
U 4500 | F 576000 | FPS 0392 | D 1363 | rR:μσmM 0.03 0.14 0.00 0.56 | F:μσmM 2478.6 315.2 1258.0 2560.0 | H 1.808 | V -0.391 | pL -0.002 | vL 0.001 | ∇ 0.007
Status saved
Status saved
Status saved
Status saved
Status saved
U 5000 | F 640000 | FPS 0426 | D 1517 | rR:μσmM 0.00 0.00 0.00 0.00 | F:μσmM 2560.0 0.0 2560.0 2560.0 | H 1.754 | V -0.555 | pL -0.002 | vL 0.002 | ∇ 0.011
Status saved
Status saved
Status saved
Status saved
Status saved
U 5500 | F 704000 | FPS 0448 | D 1671 | rR:μσmM 0.00 0.00 0.00 0.00 | F:μσmM 2560.0 0.0 2560.0 2560.0 | H 1.800 | V -0.444 | pL -0.023 | vL 0.001 | ∇ 0.024
Status saved
Status saved
Status saved
Status saved
Status saved
U 6000 | F 768000 | FPS 0416 | D 1826 | rR:μσmM 0.01 0.04 0.00 0.14 | F:μσmM 2552.1 30.7 2433.0 2560.0 | H 1.774 | V -0.446 | pL -0.004 | vL 0.001 | ∇ 0.008
Status saved
Status saved
Status saved
Status saved
Status saved
U 6500 | F 832000 | FPS 0428 | D 1980 | rR:μσmM 0.04 0.12 0.00 0.45 | F:μσmM 2472.8 252.8 1570.0 2560.0 | H 1.773 | V -0.477 | pL -0.001 | vL 0.001 | ∇ 0.009
Status saved
Status saved
Status saved
Status saved
Status saved
U 7000 | F 896000 | FPS 0407 | D 2134 | rR:μσmM 0.01 0.05 0.00 0.20 | F:μσmM 2541.6 71.4 2265.0 2560.0 | H 1.757 | V -0.401 | pL 0.006 | vL 0.001 | ∇ 0.008
Status saved
Status saved
Status saved
Status saved
Status saved
U 7500 | F 960000 | FPS 0385 | D 2288 | rR:μσmM 0.07 0.18 0.00 0.54 | F:μσmM 2401.0 405.2 1308.0 2560.0 | H 1.762 | V -0.454 | pL -0.003 | vL 0.001 | ∇ 0.013
Status saved
Status saved
Status saved
Status saved
Status saved
U 8000 | F 1024000 | FPS 0422 | D 2443 | rR:μσmM 0.03 0.12 0.00 0.49 | F:μσmM 2490.6 268.9 1449.0 2560.0 | H 1.733 | V -0.430 | pL 0.264 | vL 0.055 | ∇ 0.250
Status saved
Status saved
Status saved
Status saved
Status saved
U 8500 | F 1088000 | FPS 0444 | D 2599 | rR:μσmM 0.00 0.00 0.00 0.00 | F:μσmM 2560.0 0.0 2560.0 2560.0 | H 1.774 | V -0.392 | pL -0.011 | vL 0.001 | ∇ 0.010
Status saved
Status saved
Status saved
Status saved
Status saved
U 9000 | F 1152000 | FPS 0418 | D 2757 | rR:μσmM 0.00 0.00 0.00 0.00 | F:μσmM 2560.0 0.0 2560.0 2560.0 | H 1.730 | V -0.432 | pL -0.002 | vL 0.001 | ∇ 0.008
Status saved
Status saved
Status saved
Status saved
Status saved
U 9500 | F 1216000 | FPS 0381 | D 2914 | rR:μσmM 0.05 0.21 0.00 0.86 | F:μσmM 2424.1 526.5 385.0 2560.0 | H 1.758 | V -0.400 | pL -0.009 | vL 0.001 | ∇ 0.010
Status saved
Status saved
Status saved
Status saved
Status saved
U 10000 | F 1280000 | FPS 0411 | D 3071 | rR:μσmM 0.10 0.24 0.00 0.83 | F:μσmM 2315.8 569.3 483.0 2560.0 | H 1.733 | V -0.532 | pL 0.003 | vL 0.001 | ∇ 0.019
Status saved
Status saved
Status saved
Status saved
Status saved
U 10500 | F 1344000 | FPS 0418 | D 3330 | rR:μσmM 0.00 0.00 0.00 0.00 | F:μσmM 2560.0 0.0 2560.0 2560.0 | H 1.778 | V -0.457 | pL -0.002 | vL 0.001 | ∇ 0.010
Status saved
Status saved
Status saved
Status saved
Status saved
U 11000 | F 1408000 | FPS 0432 | D 3496 | rR:μσmM 0.02 0.06 0.00 0.25 | F:μσmM 2534.2 100.0 2147.0 2560.0 | H 1.743 | V -0.461 | pL -0.006 | vL 0.001 | ∇ 0.012
Status saved
Status saved
Status saved
Status saved
Status saved
U 11500 | F 1472000 | FPS 0368 | D 3667 | rR:μσmM 0.01 0.03 0.00 0.11 | F:μσmM 2557.4 10.2 2518.0 2560.0 | H 1.761 | V -0.484 | pL -0.009 | vL 0.001 | ∇ 0.008
Status saved
Status saved
Status saved
Status saved
Status saved
U 12000 | F 1536000 | FPS 0423 | D 3849 | rR:μσmM 0.06 0.17 0.00 0.57 | F:μσmM 2412.2 394.4 1232.0 2560.0 | H 1.775 | V -0.438 | pL 0.004 | vL 0.001 | ∇ 0.012
Status saved
Status saved
Status saved
Status saved
Status saved
U 12500 | F 1600000 | FPS 0361 | D 4035 | rR:μσmM 0.05 0.18 0.00 0.75 | F:μσmM 2443.9 449.5 703.0 2560.0 | H 1.791 | V -0.440 | pL -0.012 | vL 0.001 | ∇ 0.011
Status saved
Status saved
Status saved
Status saved
Status saved
U 13000 | F 1664000 | FPS 0382 | D 4206 | rR:μσmM 0.01 0.03 0.00 0.11 | F:μσmM 2558.5 5.8 2536.0 2560.0 | H 1.784 | V -0.371 | pL -0.009 | vL 0.001 | ∇ 0.012
Status saved
Status saved
Status saved
Status saved
Status saved
U 13500 | F 1728000 | FPS 0275 | D 4378 | rR:μσmM 0.05 0.20 0.00 0.81 | F:μσmM 2434.2 487.0 548.0 2560.0 | H 1.790 | V -0.368 | pL -0.009 | vL 0.001 | ∇ 0.011
Status saved
Status saved
Status saved
Status saved
Status saved
U 14000 | F 1792000 | FPS 0418 | D 6218 | rR:μσmM 0.00 0.00 0.00 0.00 | F:μσmM 2560.0 0.0 2560.0 2560.0 | H 1.752 | V -0.383 | pL 0.027 | vL 0.006 | ∇ 0.037
Status saved
Status saved
Status saved
Status saved
Status saved
U 14500 | F 1856000 | FPS 0440 | D 6362 | rR:μσmM 0.01 0.04 0.00 0.18 | F:μσmM 2545.8 54.9 2333.0 2560.0 | H 1.757 | V -0.447 | pL -0.006 | vL 0.001 | ∇ 0.008
Status saved
Status saved
Status saved
Status saved
Status saved
U 15000 | F 1920000 | FPS 0475 | D 6499 | rR:μσmM 0.00 0.00 0.00 0.00 | F:μσmM 2560.0 0.0 2560.0 2560.0 | H 1.766 | V -0.384 | pL -0.009 | vL 0.001 | ∇ 0.011
Status saved
Status saved
Status saved
Status saved
Status saved
U 15500 | F 1984000 | FPS 0549 | D 6630 | rR:μσmM 0.18 0.31 0.00 0.87 | F:μσmM 2122.7 773.1 356.0 2560.0 | H 1.794 | V -0.394 | pL -0.009 | vL 0.001 | ∇ 0.008
Status saved
Status saved
Status saved
Status saved
Status saved
U 16000 | F 2048000 | FPS 0525 | D 6762 | rR:μσmM 0.07 0.20 0.00 0.79 | F:μσmM 2396.6 491.8 590.0 2560.0 | H 1.784 | V -0.510 | pL 0.049 | vL 0.010 | ∇ 0.049
Status saved
Status saved
Status saved
Status saved
Status saved
U 16500 | F 2112000 | FPS 0362 | D 6910 | rR:μσmM 0.07 0.19 0.00 0.58 | F:μσmM 2392.5 443.2 1199.0 2560.0 | H 1.755 | V -0.438 | pL -0.004 | vL 0.001 | ∇ 0.013
Status saved
Status saved
Status saved
Status saved
Status saved
U 17000 | F 2176000 | FPS 0362 | D 7082 | rR:μσmM 0.00 0.00 0.00 0.00 | F:μσmM 2560.0 0.0 2560.0 2560.0 | H 1.796 | V -0.478 | pL -0.014 | vL 0.001 | ∇ 0.012
Status saved
Status saved
Status saved
Status saved
Status saved
U 17500 | F 2240000 | FPS 0355 | D 7257 | rR:μσmM 0.00 0.00 0.00 0.00 | F:μσmM 2560.0 0.0 2560.0 2560.0 | H 1.796 | V -0.423 | pL 0.002 | vL 0.001 | ∇ 0.010
Status saved
Status saved
Status saved
Status saved
Status saved
U 18000 | F 2304000 | FPS 0198 | D 7436 | rR:μσmM 0.00 0.00 0.00 0.00 | F:μσmM 2560.0 0.0 2560.0 2560.0 | H 1.765 | V -0.404 | pL -0.025 | vL 0.001 | ∇ 0.016
Status saved
Status saved
Status saved
Status saved
Status saved
U 18500 | F 2368000 | FPS 0328 | D 7630 | rR:μσmM 0.06 0.19 0.00 0.76 | F:μσmM 2414.5 459.2 688.0 2560.0 | H 1.775 | V -0.445 | pL 0.005 | vL 0.001 | ∇ 0.010
Status saved
Status saved
Status saved
Status saved
Status saved
U 19000 | F 2432000 | FPS 0339 | D 7842 | rR:μσmM 0.01 0.05 0.00 0.20 | F:μσmM 2541.7 70.9 2267.0 2560.0 | H 1.755 | V -0.461 | pL -0.021 | vL 0.001 | ∇ 0.018
Status saved
Status saved
Status saved
Status saved
Status saved
U 19500 | F 2496000 | FPS 0326 | D 8050 | rR:μσmM 0.00 0.00 0.00 0.00 | F:μσmM 2560.0 0.0 2560.0 2560.0 | H 1.791 | V -0.460 | pL -0.015 | vL 0.001 | ∇ 0.014
Status saved
Status saved
Status saved
Status saved
Status saved
U 20000 | F 2560000 | FPS 0322 | D 8255 | rR:μσmM 0.00 0.00 0.00 0.00 | F:μσmM 2560.0 0.0 2560.0 2560.0 | H 1.784 | V -0.462 | pL -0.004 | vL 0.001 | ∇ 0.008
Status saved
Status saved
Status saved
Status saved
Status saved
U 20500 | F 2624000 | FPS 0319 | D 8466 | rR:μσmM 0.08 0.19 0.00 0.74 | F:μσmM 2399.6 455.9 731.0 2560.0 | H 1.785 | V -0.423 | pL 0.000 | vL 0.001 | ∇ 0.010
Status saved
Status saved
Status saved
Status saved
Status saved
U 21000 | F 2688000 | FPS 0313 | D 8678 | rR:μσmM 0.01 0.04 0.00 0.16 | F:μσmM 2549.0 42.6 2384.0 2560.0 | H 1.774 | V -0.458 | pL -0.014 | vL 0.001 | ∇ 0.011
Status saved
Status saved
Status saved
Status saved
Status saved
U 21500 | F 2752000 | FPS 0332 | D 8888 | rR:μσmM 0.03 0.13 0.00 0.53 | F:μσmM 2484.4 292.9 1350.0 2560.0 | H 1.750 | V -0.452 | pL -0.000 | vL 0.001 | ∇ 0.010
Status saved
Status saved
Status saved
Status saved
Status saved
U 22000 | F 2816000 | FPS 0339 | D 9096 | rR:μσmM 0.01 0.04 0.00 0.18 | F:μσmM 2546.6 51.8 2346.0 2560.0 | H 1.779 | V -0.380 | pL -0.005 | vL 0.001 | ∇ 0.011
Status saved
Status saved
Status saved
Status saved
Status saved
U 22500 | F 2880000 | FPS 0295 | D 9309 | rR:μσmM 0.00 0.00 0.00 0.00 | F:μσmM 2560.0 0.0 2560.0 2560.0 | H 1.757 | V -0.353 | pL 0.007 | vL 0.000 | ∇ 0.009
Status saved
Status saved
Status saved
Status saved
Status saved
U 23000 | F 2944000 | FPS 0323 | D 9521 | rR:μσmM 0.01 0.04 0.00 0.17 | F:μσmM 2547.4 48.7 2359.0 2560.0 | H 1.775 | V -0.422 | pL 0.002 | vL 0.001 | ∇ 0.008
Status saved
Status saved
Status saved
Status saved
Status saved
