Gym has been unmaintained since 2022 and does not support NumPy 2.0 amongst other critical functionality.
Please upgrade to Gymnasium, the maintained drop-in replacement of Gym, or contact the authors of your software and request that they upgrade.
Users of this version of Gym should be able to simply replace 'import gym' with 'import gymnasium as gym' in the vast majority of cases.
See the migration guide at https://gymnasium.farama.org/introduction/migration_guide/ for additional information.
/workspace/learn-si2e/SI2E/SI2E_A2C/rl-starter-files/rl-starter-files/scripts/train.py --env MiniGrid-DoorKey-8x8-v0 --model ppo-exp-ppo-si2e-DoorKey-8x8-s3 --frames 3000000 --use_batch --save-interval 100 --log-interval 500 --seed 3 --algo ppo --use_entropy_reward --use_value_condition --beta 0.005

Namespace(algo='ppo', env='MiniGrid-DoorKey-8x8-v0', model='ppo-exp-ppo-si2e-DoorKey-8x8-s3', seed=3, log_interval=500, save_interval=100, procs=16, frames=3000000, epochs=4, batch_size=256, frames_per_proc=None, discount=0.99, lr=0.001, gae_lambda=0.95, entropy_coef=0.01, value_loss_coef=0.5, max_grad_norm=0.5, optim_eps=1e-08, optim_alpha=0.99, clip_eps=0.2, recurrence=1, text=False, use_entropy_reward=True, use_value_condition=True, beta=0.005, beta_adaptive=False, fast_se=False, use_batch=True, ablation=None, mem=False)

Device: cuda:0

Environments loaded

Training status loaded

Observations preprocessor loaded
Model loaded

ACModel(
  (image_conv): Sequential(
    (0): Conv2d(3, 16, kernel_size=(2, 2), stride=(1, 1))
    (1): ReLU()
    (2): MaxPool2d(kernel_size=(2, 2), stride=(2, 2), padding=0, dilation=1, ceil_mode=False)
    (3): Conv2d(16, 32, kernel_size=(2, 2), stride=(1, 1))
    (4): ReLU()
    (5): Conv2d(32, 64, kernel_size=(2, 2), stride=(1, 1))
    (6): ReLU()
  )
  (actor): Sequential(
    (0): Linear(in_features=64, out_features=64, bias=True)
    (1): Tanh()
    (2): Linear(in_features=64, out_features=7, bias=True)
  )
  (critic): Sequential(
    (0): Linear(in_features=64, out_features=64, bias=True)
    (1): Tanh()
    (2): Linear(in_features=64, out_features=1, bias=True)
  )
  (extr_critic): Sequential(
    (0): Linear(in_features=64, out_features=64, bias=True)
    (1): Tanh()
    (2): Linear(in_features=64, out_features=1, bias=True)
  )
)

Optimizer loaded

Status saved
Status saved
Status saved
Status saved
U 500 | F 064000 | FPS 0486 | D 126 | rR:μσmM 0.03 0.11 0.00 0.47 | F:μσmM 623.4 64.4 374.0 640.0 | H 1.700 | V -0.279 | pL -0.001 | vL 0.001 | ∇ 0.014
Status saved
Status saved
Status saved
Status saved
Status saved
U 1000 | F 128000 | FPS 0577 | D 250 | rR:μσmM 0.00 0.00 0.00 0.00 | F:μσmM 640.0 0.0 640.0 640.0 | H 1.739 | V -0.362 | pL 0.004 | vL 0.001 | ∇ 0.010
Status saved
Status saved
Status saved
Status saved
Status saved
U 1500 | F 192000 | FPS 0502 | D 375 | rR:μσmM 0.03 0.13 0.00 0.54 | F:μσmM 620.6 75.3 329.0 640.0 | H 1.778 | V -0.359 | pL -0.001 | vL 0.001 | ∇ 0.013
Status saved
Status saved
Status saved
Status saved
Status saved
U 2000 | F 256000 | FPS 0585 | D 496 | rR:μσmM 0.00 0.00 0.00 0.00 | F:μσmM 640.0 0.0 640.0 640.0 | H 1.762 | V -0.329 | pL -0.074 | vL 0.020 | ∇ 0.091
Status saved
Status saved
Status saved
Status saved
Status saved
U 2500 | F 320000 | FPS 0592 | D 621 | rR:μσmM 0.03 0.13 0.00 0.53 | F:μσmM 621.1 73.3 337.0 640.0 | H 1.790 | V -0.369 | pL -0.030 | vL 0.009 | ∇ 0.025
Status saved
Status saved
Status saved
Status saved
Status saved
U 3000 | F 384000 | FPS 0519 | D 745 | rR:μσmM 0.01 0.05 0.00 0.22 | F:μσmM 634.8 20.3 556.0 640.0 | H 1.766 | V -0.339 | pL 0.004 | vL 0.001 | ∇ 0.010
Status saved
Status saved
Status saved
Status saved
Status saved
U 3500 | F 448000 | FPS 0570 | D 870 | rR:μσmM 0.05 0.21 0.00 0.86 | F:μσmM 606.4 130.2 102.0 640.0 | H 1.707 | V -0.320 | pL 0.003 | vL 0.001 | ∇ 0.014
Status saved
Status saved
Status saved
Status saved
Status saved
U 4000 | F 512000 | FPS 0510 | D 993 | rR:μσmM 0.02 0.06 0.00 0.17 | F:μσmM 634.1 15.7 590.0 640.0 | H 1.739 | V -0.380 | pL -0.029 | vL 0.012 | ∇ 0.035
Status saved
Status saved
Status saved
Status saved
Status saved
U 4500 | F 576000 | FPS 0569 | D 1115 | rR:μσmM 0.00 0.00 0.00 0.00 | F:μσmM 640.0 0.0 640.0 640.0 | H 1.747 | V -0.326 | pL 0.016 | vL 0.002 | ∇ 0.022
Status saved
Status saved
Status saved
Status saved
Status saved
U 5000 | F 640000 | FPS 0584 | D 1241 | rR:μσmM 0.00 0.00 0.00 0.00 | F:μσmM 640.0 0.0 640.0 640.0 | H 1.761 | V -0.323 | pL -0.005 | vL 0.000 | ∇ 0.006
Status saved
Status saved
Status saved
Status saved
Status saved
U 5500 | F 704000 | FPS 0569 | D 1365 | rR:μσmM 0.00 0.00 0.00 0.00 | F:μσmM 640.0 0.0 640.0 640.0 | H 1.744 | V -0.299 | pL -0.002 | vL 0.000 | ∇ 0.008
Status saved
Status saved
Status saved
Status saved
Status saved
U 6000 | F 768000 | FPS 0576 | D 1488 | rR:μσmM 0.06 0.16 0.00 0.50 | F:μσmM 604.6 93.6 354.0 640.0 | H 1.770 | V -0.320 | pL 0.008 | vL 0.001 | ∇ 0.015
Status saved
Status saved
Status saved
Status saved
Status saved
U 6500 | F 832000 | FPS 0571 | D 1610 | rR:μσmM 0.13 0.25 0.00 0.85 | F:μσmM 564.5 149.5 110.0 640.0 | H 1.770 | V -0.337 | pL 0.004 | vL 0.001 | ∇ 0.011
Status saved
Status saved
Status saved
Status saved
Status saved
U 7000 | F 896000 | FPS 0556 | D 1733 | rR:μσmM 0.06 0.16 0.00 0.54 | F:μσmM 605.6 91.9 330.0 640.0 | H 1.684 | V -0.244 | pL -0.019 | vL 0.011 | ∇ 0.032
Status saved
Status saved
Status saved
Status saved
Status saved
U 7500 | F 960000 | FPS 0491 | D 1857 | rR:μσmM 0.04 0.17 0.00 0.70 | F:μσmM 613.1 104.1 210.0 640.0 | H 1.773 | V -0.306 | pL 0.007 | vL 0.001 | ∇ 0.012
Status saved
Status saved
Status saved
Status saved
Status saved
U 8000 | F 1024000 | FPS 0589 | D 1979 | rR:μσmM 0.06 0.21 0.00 0.85 | F:μσmM 604.4 128.0 110.0 640.0 | H 1.758 | V -0.282 | pL 0.003 | vL 0.000 | ∇ 0.010
Status saved
Status saved
Status saved
Status saved
Status saved
U 8500 | F 1088000 | FPS 0560 | D 2105 | rR:μσmM 0.00 0.00 0.00 0.00 | F:μσmM 640.0 0.0 640.0 640.0 | H 1.750 | V -0.340 | pL -0.004 | vL 0.000 | ∇ 0.006
Status saved
Status saved
Status saved
Status saved
Status saved
U 9000 | F 1152000 | FPS 0517 | D 2227 | rR:μσmM 0.05 0.20 0.00 0.83 | F:μσmM 607.6 125.6 121.0 640.0 | H 1.730 | V -0.352 | pL 0.001 | vL 0.001 | ∇ 0.006
Status saved
Status saved
Status saved
Status saved
Status saved
U 9500 | F 1216000 | FPS 0572 | D 2352 | rR:μσmM 0.03 0.12 0.00 0.51 | F:μσmM 621.7 70.9 347.0 640.0 | H 1.748 | V -0.293 | pL 0.003 | vL 0.001 | ∇ 0.009
Status saved
Status saved
Status saved
Status saved
Status saved
U 10000 | F 1280000 | FPS 0579 | D 2477 | rR:μσmM 0.03 0.12 0.00 0.49 | F:μσmM 622.6 67.5 361.0 640.0 | H 1.769 | V -0.298 | pL -0.001 | vL 0.000 | ∇ 0.007
Status saved
Status saved
Status saved
Status saved
Status saved
U 10500 | F 1344000 | FPS 0580 | D 2599 | rR:μσmM 0.00 0.00 0.00 0.00 | F:μσmM 640.0 0.0 640.0 640.0 | H 1.776 | V -0.304 | pL 0.005 | vL 0.001 | ∇ 0.011
Status saved
Status saved
Status saved
Status saved
Status saved
U 11000 | F 1408000 | FPS 0321 | D 2723 | rR:μσmM 0.13 0.28 0.00 0.90 | F:μσmM 559.6 172.6 73.0 640.0 | H 1.771 | V -0.291 | pL -0.000 | vL 0.001 | ∇ 0.004
Status saved
Status saved
Status saved
Status saved
Status saved
U 11500 | F 1472000 | FPS 0521 | D 2846 | rR:μσmM 0.09 0.22 0.00 0.74 | F:μσmM 588.3 130.3 183.0 640.0 | H 1.759 | V -0.319 | pL 0.003 | vL 0.001 | ∇ 0.008
Status saved
Status saved
Status saved
Status saved
Status saved
U 12000 | F 1536000 | FPS 0583 | D 2971 | rR:μσmM 0.04 0.15 0.00 0.63 | F:μσmM 616.4 91.3 263.0 640.0 | H 1.740 | V -0.314 | pL 0.003 | vL 0.001 | ∇ 0.006
Status saved
Status saved
Status saved
Status saved
Status saved
U 12500 | F 1600000 | FPS 0586 | D 3093 | rR:μσmM 0.06 0.17 0.00 0.57 | F:μσmM 604.6 95.5 303.0 640.0 | H 1.771 | V -0.265 | pL 0.004 | vL 0.001 | ∇ 0.012
Status saved
Status saved
Status saved
Status saved
Status saved
U 13000 | F 1664000 | FPS 0495 | D 3217 | rR:μσmM 0.15 0.27 0.00 0.77 | F:μσmM 548.9 161.8 160.0 640.0 | H 1.741 | V -0.353 | pL 0.008 | vL 0.001 | ∇ 0.009
Status saved
Status saved
Status saved
Status saved
Status saved
U 13500 | F 1728000 | FPS 0556 | D 3339 | rR:μσmM 0.00 0.00 0.00 0.00 | F:μσmM 640.0 0.0 640.0 640.0 | H 1.734 | V -0.335 | pL 0.011 | vL 0.001 | ∇ 0.015
Status saved
Status saved
Status saved
Status saved
Status saved
U 14000 | F 1792000 | FPS 0476 | D 3461 | rR:μσmM 0.15 0.28 0.00 0.81 | F:μσmM 552.7 170.9 133.0 640.0 | H 1.721 | V -0.281 | pL 0.006 | vL 0.001 | ∇ 0.011
Status saved
Status saved
Status saved
Status saved
Status saved
U 14500 | F 1856000 | FPS 0558 | D 3582 | rR:μσmM 0.02 0.08 0.00 0.33 | F:μσmM 629.9 39.0 479.0 640.0 | H 1.768 | V -0.362 | pL 0.004 | vL 0.001 | ∇ 0.006
Status saved
Status saved
Status saved
Status saved
Status saved
U 15000 | F 1920000 | FPS 0518 | D 3703 | rR:μσmM 0.08 0.23 0.00 0.93 | F:μσmM 595.1 144.3 49.0 640.0 | H 1.721 | V -0.348 | pL 0.001 | vL 0.001 | ∇ 0.013
Status saved
Status saved
Status saved
Status saved
Status saved
U 15500 | F 1984000 | FPS 0578 | D 3825 | rR:μσmM 0.05 0.16 0.00 0.65 | F:μσmM 611.1 95.5 247.0 640.0 | H 1.789 | V -0.296 | pL 0.003 | vL 0.001 | ∇ 0.005
Status saved
Status saved
Status saved
Status saved
Status saved
U 16000 | F 2048000 | FPS 0545 | D 3948 | rR:μσmM 0.04 0.15 0.00 0.64 | F:μσmM 616.0 93.0 256.0 640.0 | H 1.750 | V -0.323 | pL 0.005 | vL 0.001 | ∇ 0.007
Status saved
Status saved
Status saved
Status saved
Status saved
U 16500 | F 2112000 | FPS 0567 | D 4070 | rR:μσmM 0.02 0.10 0.00 0.40 | F:μσmM 626.9 50.8 430.0 640.0 | H 1.748 | V -0.308 | pL 0.003 | vL 0.001 | ∇ 0.008
Status saved
Status saved
Status saved
Status saved
Status saved
U 17000 | F 2176000 | FPS 0542 | D 4192 | rR:μσmM 0.03 0.12 0.00 0.48 | F:μσmM 623.1 65.6 369.0 640.0 | H 1.768 | V -0.312 | pL 0.006 | vL 0.001 | ∇ 0.010
Status saved
Status saved
Status saved
Status saved
Status saved
U 17500 | F 2240000 | FPS 0576 | D 4314 | rR:μσmM 0.06 0.13 0.00 0.51 | F:μσmM 614.2 71.5 350.0 640.0 | H 1.775 | V -0.311 | pL -0.007 | vL 0.002 | ∇ 0.018
Status saved
Status saved
Status saved
Status saved
Status saved
U 18000 | F 2304000 | FPS 0598 | D 4440 | rR:μσmM 0.12 0.23 0.00 0.74 | F:μσmM 575.1 139.9 187.0 640.0 | H 1.704 | V -0.238 | pL -0.038 | vL 0.021 | ∇ 0.052
Status saved
Status saved
Status saved
Status saved
Status saved
U 18500 | F 2368000 | FPS 0507 | D 4562 | rR:μσmM 0.06 0.19 0.00 0.77 | F:μσmM 608.6 115.0 164.0 640.0 | H 1.714 | V -0.314 | pL 0.002 | vL 0.001 | ∇ 0.014
Status saved
Status saved
Status saved
Status saved
Status saved
U 19000 | F 2432000 | FPS 0504 | D 4684 | rR:μσmM 0.04 0.11 0.00 0.39 | F:μσmM 620.1 54.9 437.0 640.0 | H 1.772 | V -0.318 | pL -0.002 | vL 0.000 | ∇ 0.008
Status saved
Status saved
Status saved
Status saved
Status saved
U 19500 | F 2496000 | FPS 0513 | D 4806 | rR:μσmM 0.08 0.20 0.00 0.77 | F:μσmM 597.2 119.6 165.0 640.0 | H 1.642 | V -0.290 | pL 0.000 | vL 0.000 | ∇ 0.007
Status saved
Status saved
Status saved
Status saved
Status saved
U 20000 | F 2560000 | FPS 0593 | D 4928 | rR:μσmM 0.11 0.24 0.00 0.84 | F:μσmM 576.7 148.2 116.0 640.0 | H 1.776 | V -0.306 | pL 0.004 | vL 0.001 | ∇ 0.009
Status saved
Status saved
Status saved
Status saved
Status saved
U 20500 | F 2624000 | FPS 0563 | D 5049 | rR:μσmM 0.09 0.24 0.00 0.88 | F:μσmM 585.6 150.1 84.0 640.0 | H 1.765 | V -0.328 | pL -0.003 | vL 0.001 | ∇ 0.009
Status saved
Status saved
Status saved
Status saved
Status saved
U 21000 | F 2688000 | FPS 0563 | D 5171 | rR:μσmM 0.00 0.00 0.00 0.00 | F:μσmM 640.0 0.0 640.0 640.0 | H 1.743 | V -0.313 | pL -0.013 | vL 0.003 | ∇ 0.017
Status saved
Status saved
Status saved
Status saved
Status saved
U 21500 | F 2752000 | FPS 0588 | D 5292 | rR:μσmM 0.02 0.06 0.00 0.25 | F:μσmM 633.1 26.6 530.0 640.0 | H 1.794 | V -0.296 | pL 0.003 | vL 0.001 | ∇ 0.009
Status saved
Status saved
Status saved
Status saved
Status saved
U 22000 | F 2816000 | FPS 0598 | D 5415 | rR:μσmM 0.03 0.11 0.00 0.44 | F:μσmM 624.9 58.3 399.0 640.0 | H 1.754 | V -0.332 | pL -0.007 | vL 0.005 | ∇ 0.017
Status saved
Status saved
Status saved
Status saved
Status saved
U 22500 | F 2880000 | FPS 0596 | D 5538 | rR:μσmM 0.05 0.19 0.00 0.80 | F:μσmM 609.0 120.1 144.0 640.0 | H 1.753 | V -0.306 | pL 0.003 | vL 0.001 | ∇ 0.010
Status saved
Status saved
Status saved
Status saved
Status saved
U 23000 | F 2944000 | FPS 0639 | D 5658 | rR:μσmM 0.03 0.12 0.00 0.51 | F:μσmM 621.7 70.9 347.0 640.0 | H 1.749 | V -0.351 | pL 0.003 | vL 0.002 | ∇ 0.017
Status saved
Status saved
Status saved
Status saved
Status saved
