Gym has been unmaintained since 2022 and does not support NumPy 2.0 amongst other critical functionality.
Please upgrade to Gymnasium, the maintained drop-in replacement of Gym, or contact the authors of your software and request that they upgrade.
Users of this version of Gym should be able to simply replace 'import gym' with 'import gymnasium as gym' in the vast majority of cases.
See the migration guide at https://gymnasium.farama.org/introduction/migration_guide/ for additional information.
/workspace/learn-si2e/SI2E/SI2E_A2C/rl-starter-files/rl-starter-files/scripts/train.py --algo a2c --env MiniGrid-DoorKey-8x8-v0 --model multiseed-baseline-s4 --frames 3000000 --use_batch --save-interval 100 --log-interval 500 --seed 4

Namespace(algo='a2c', env='MiniGrid-DoorKey-8x8-v0', model='multiseed-baseline-s4', seed=4, log_interval=500, save_interval=100, procs=16, frames=3000000, epochs=4, batch_size=256, frames_per_proc=None, discount=0.99, lr=0.001, gae_lambda=0.95, entropy_coef=0.01, value_loss_coef=0.5, max_grad_norm=0.5, optim_eps=1e-08, optim_alpha=0.99, clip_eps=0.2, recurrence=1, text=False, use_entropy_reward=False, use_value_condition=False, beta=1e-05, use_batch=True, mem=False)

Device: cuda:0

Environments loaded

Training status loaded

Observations preprocessor loaded
Model loaded

ACModel(
  (image_conv): Sequential(
    (0): Conv2d(3, 16, kernel_size=(2, 2), stride=(1, 1))
    (1): ReLU()
    (2): MaxPool2d(kernel_size=(2, 2), stride=(2, 2), padding=0, dilation=1, ceil_mode=False)
    (3): Conv2d(16, 32, kernel_size=(2, 2), stride=(1, 1))
    (4): ReLU()
    (5): Conv2d(32, 64, kernel_size=(2, 2), stride=(1, 1))
    (6): ReLU()
  )
  (actor): Sequential(
    (0): Linear(in_features=64, out_features=64, bias=True)
    (1): Tanh()
    (2): Linear(in_features=64, out_features=7, bias=True)
  )
  (critic): Sequential(
    (0): Linear(in_features=64, out_features=64, bias=True)
    (1): Tanh()
    (2): Linear(in_features=64, out_features=1, bias=True)
  )
  (extr_critic): Sequential(
    (0): Linear(in_features=64, out_features=64, bias=True)
    (1): Tanh()
    (2): Linear(in_features=64, out_features=1, bias=True)
  )
)

Optimizer loaded

Status saved
Status saved
Status saved
Status saved
U 500 | F 064000 | FPS 3326 | D 19 | rR:μσmM 0.00 0.00 0.00 0.00 | F:μσmM 640.0 0.0 640.0 640.0 | H 1.946 | V -0.001 | pL 0.000 | vL 0.000 | ∇ 0.000
Status saved
Status saved
Status saved
Status saved
Status saved
U 1000 | F 128000 | FPS 3345 | D 39 | rR:μσmM 0.00 0.00 0.00 0.00 | F:μσmM 640.0 0.0 640.0 640.0 | H 1.946 | V 0.001 | pL -0.000 | vL 0.000 | ∇ 0.000
Status saved
Status saved
Status saved
Status saved
Status saved
U 1500 | F 192000 | FPS 3198 | D 59 | rR:μσmM 0.03 0.12 0.00 0.48 | F:μσmM 623.0 65.8 368.0 640.0 | H 1.946 | V 0.001 | pL 0.004 | vL 0.000 | ∇ 0.004
Status saved
Status saved
Status saved
Status saved
Status saved
U 2000 | F 256000 | FPS 2881 | D 78 | rR:μσmM 0.03 0.11 0.00 0.47 | F:μσmM 623.6 63.4 378.0 640.0 | H 1.946 | V 0.000 | pL -0.000 | vL 0.000 | ∇ 0.000
Status saved
Status saved
Status saved
Status saved
Status saved
U 2500 | F 320000 | FPS 3409 | D 98 | rR:μσmM 0.00 0.00 0.00 0.00 | F:μσmM 640.0 0.0 640.0 640.0 | H 1.946 | V -0.000 | pL 0.000 | vL 0.000 | ∇ 0.000
Status saved
Status saved
Status saved
Status saved
Status saved
U 3000 | F 384000 | FPS 3163 | D 117 | rR:μσmM 0.00 0.00 0.00 0.00 | F:μσmM 640.0 0.0 640.0 640.0 | H 1.946 | V -0.000 | pL 0.000 | vL 0.000 | ∇ 0.000
Status saved
Status saved
Status saved
Status saved
Status saved
U 3500 | F 448000 | FPS 3418 | D 137 | rR:μσmM 0.00 0.00 0.00 0.00 | F:μσmM 640.0 0.0 640.0 640.0 | H 1.946 | V 0.000 | pL 0.000 | vL 0.000 | ∇ 0.000
Status saved
Status saved
Status saved
Status saved
Status saved
U 4000 | F 512000 | FPS 3144 | D 157 | rR:μσmM 0.05 0.18 0.00 0.75 | F:μσmM 610.4 111.4 179.0 640.0 | H 1.946 | V 0.002 | pL -0.000 | vL 0.000 | ∇ 0.000
Status saved
Status saved
Status saved
Status saved
Status saved
U 4500 | F 576000 | FPS 3280 | D 177 | rR:μσmM 0.00 0.00 0.00 0.00 | F:μσmM 640.0 0.0 640.0 640.0 | H 1.946 | V -0.000 | pL 0.000 | vL 0.000 | ∇ 0.000
Status saved
Status saved
Status saved
Status saved
Status saved
U 5000 | F 640000 | FPS 3402 | D 196 | rR:μσmM 0.00 0.00 0.00 0.00 | F:μσmM 640.0 0.0 640.0 640.0 | H 1.946 | V -0.000 | pL -0.000 | vL 0.000 | ∇ 0.000
Status saved
Status saved
Status saved
Status saved
Status saved
U 5500 | F 704000 | FPS 3029 | D 216 | rR:μσmM 0.06 0.18 0.00 0.66 | F:μσmM 604.0 102.6 244.0 640.0 | H 1.943 | V 0.018 | pL -0.001 | vL 0.000 | ∇ 0.001
Status saved
Status saved
Status saved
Status saved
Status saved
U 6000 | F 768000 | FPS 3524 | D 236 | rR:μσmM 0.00 0.00 0.00 0.00 | F:μσmM 640.0 0.0 640.0 640.0 | H 1.946 | V -0.000 | pL -0.000 | vL 0.000 | ∇ 0.000
Status saved
Status saved
Status saved
Status saved
Status saved
U 6500 | F 832000 | FPS 2869 | D 256 | rR:μσmM 0.05 0.15 0.00 0.60 | F:μσmM 612.1 86.9 287.0 640.0 | H 1.946 | V 0.001 | pL 0.000 | vL 0.000 | ∇ 0.000
Status saved
Status saved
Status saved
Status saved
Status saved
U 7000 | F 896000 | FPS 3448 | D 275 | rR:μσmM 0.00 0.00 0.00 0.00 | F:μσmM 640.0 0.0 640.0 640.0 | H 1.946 | V 0.000 | pL 0.000 | vL 0.000 | ∇ 0.000
Status saved
Status saved
Status saved
Status saved
Status saved
U 7500 | F 960000 | FPS 3486 | D 295 | rR:μσmM 0.00 0.00 0.00 0.00 | F:μσmM 640.0 0.0 640.0 640.0 | H 1.946 | V 0.000 | pL -0.000 | vL 0.000 | ∇ 0.000
Status saved
Status saved
Status saved
Status saved
Status saved
U 8000 | F 1024000 | FPS 3430 | D 315 | rR:μσmM 0.08 0.21 0.00 0.81 | F:μσmM 594.8 126.7 138.0 640.0 | H 1.946 | V 0.036 | pL -0.003 | vL 0.000 | ∇ 0.003
Status saved
Status saved
Status saved
Status saved
Status saved
U 8500 | F 1088000 | FPS 3190 | D 334 | rR:μσmM 0.02 0.07 0.00 0.30 | F:μσmM 631.3 33.6 501.0 640.0 | H 1.946 | V 0.001 | pL -0.000 | vL 0.000 | ∇ 0.000
Status saved
Status saved
Status saved
Status saved
Status saved
U 9000 | F 1152000 | FPS 3553 | D 354 | rR:μσmM 0.00 0.00 0.00 0.00 | F:μσmM 640.0 0.0 640.0 640.0 | H 1.946 | V -0.000 | pL 0.000 | vL 0.000 | ∇ 0.000
Status saved
Status saved
Status saved
Status saved
Status saved
U 9500 | F 1216000 | FPS 3335 | D 373 | rR:μσmM 0.09 0.22 0.00 0.68 | F:μσmM 589.6 130.1 229.0 640.0 | H 1.946 | V 0.005 | pL -0.000 | vL 0.000 | ∇ 0.000
Status saved
Status saved
Status saved
Status saved
Status saved
U 10000 | F 1280000 | FPS 3412 | D 393 | rR:μσmM 0.00 0.00 0.00 0.00 | F:μσmM 640.0 0.0 640.0 640.0 | H 1.946 | V 0.000 | pL -0.000 | vL 0.000 | ∇ 0.000
Status saved
Status saved
Status saved
Status saved
Status saved
U 10500 | F 1344000 | FPS 3254 | D 413 | rR:μσmM 0.03 0.13 0.00 0.54 | F:μσmM 620.2 76.5 324.0 640.0 | H 1.946 | V 0.009 | pL -0.001 | vL 0.000 | ∇ 0.001
Status saved
Status saved
Status saved
Status saved
Status saved
U 11000 | F 1408000 | FPS 3253 | D 433 | rR:μσmM 0.00 0.00 0.00 0.00 | F:μσmM 640.0 0.0 640.0 640.0 | H 1.946 | V 0.000 | pL -0.000 | vL 0.000 | ∇ 0.000
Status saved
Status saved
Status saved
Status saved
Status saved
U 11500 | F 1472000 | FPS 3229 | D 452 | rR:μσmM 0.04 0.17 0.00 0.71 | F:μσmM 613.1 104.3 209.0 640.0 | H 1.946 | V 0.023 | pL -0.002 | vL 0.000 | ∇ 0.001
Status saved
Status saved
Status saved
Status saved
Status saved
U 12000 | F 1536000 | FPS 3080 | D 472 | rR:μσmM 0.00 0.00 0.00 0.00 | F:μσmM 640.0 0.0 640.0 640.0 | H 1.946 | V 0.000 | pL -0.000 | vL 0.000 | ∇ 0.000
Status saved
Status saved
Status saved
Status saved
Status saved
U 12500 | F 1600000 | FPS 3562 | D 492 | rR:μσmM 0.02 0.08 0.00 0.32 | F:μσmM 630.4 37.0 487.0 640.0 | H 1.946 | V 0.000 | pL -0.000 | vL 0.000 | ∇ 0.000
Status saved
Status saved
Status saved
Status saved
Status saved
U 13000 | F 1664000 | FPS 3320 | D 511 | rR:μσmM 0.03 0.07 0.00 0.24 | F:μσmM 630.2 27.3 537.0 640.0 | H 1.946 | V 0.000 | pL -0.000 | vL 0.000 | ∇ 0.000
Status saved
Status saved
Status saved
Status saved
Status saved
U 13500 | F 1728000 | FPS 3113 | D 532 | rR:μσmM 0.00 0.00 0.00 0.00 | F:μσmM 640.0 0.0 640.0 640.0 | H 1.946 | V 0.000 | pL -0.000 | vL 0.000 | ∇ 0.000
Status saved
Status saved
Status saved
Status saved
Status saved
U 14000 | F 1792000 | FPS 3431 | D 551 | rR:μσmM 0.00 0.00 0.00 0.00 | F:μσmM 640.0 0.0 640.0 640.0 | H 1.946 | V -0.000 | pL 0.000 | vL 0.000 | ∇ 0.000
Status saved
Status saved
Status saved
Status saved
Status saved
U 14500 | F 1856000 | FPS 3272 | D 571 | rR:μσmM 0.03 0.10 0.00 0.42 | F:μσmM 625.9 54.5 415.0 640.0 | H 1.946 | V 0.001 | pL -0.000 | vL 0.000 | ∇ 0.000
Status saved
Status saved
Status saved
Status saved
Status saved
U 15000 | F 1920000 | FPS 3174 | D 591 | rR:μσmM 0.03 0.09 0.00 0.30 | F:μσmM 625.8 38.8 499.0 640.0 | H 1.946 | V 0.001 | pL -0.000 | vL 0.000 | ∇ 0.000
Status saved
Status saved
Status saved
Status saved
Status saved
U 15500 | F 1984000 | FPS 2860 | D 610 | rR:μσmM 0.00 0.00 0.00 0.00 | F:μσmM 640.0 0.0 640.0 640.0 | H 1.946 | V -0.000 | pL 0.000 | vL 0.000 | ∇ 0.000
Status saved
Status saved
Status saved
Status saved
Status saved
U 16000 | F 2048000 | FPS 3405 | D 630 | rR:μσmM 0.00 0.00 0.00 0.00 | F:μσmM 640.0 0.0 640.0 640.0 | H 1.946 | V 0.000 | pL -0.000 | vL 0.000 | ∇ 0.000
Status saved
Status saved
Status saved
Status saved
Status saved
U 16500 | F 2112000 | FPS 3378 | D 650 | rR:μσmM 0.00 0.00 0.00 0.00 | F:μσmM 640.0 0.0 640.0 640.0 | H 1.946 | V 0.001 | pL -0.000 | vL 0.000 | ∇ 0.000
Status saved
Status saved
Status saved
Status saved
Status saved
U 17000 | F 2176000 | FPS 3193 | D 669 | rR:μσmM 0.01 0.05 0.00 0.19 | F:μσmM 635.8 16.2 573.0 640.0 | H 1.946 | V 0.021 | pL -0.002 | vL 0.000 | ∇ 0.001
Status saved
Status saved
Status saved
Status saved
Status saved
U 17500 | F 2240000 | FPS 3412 | D 689 | rR:μσmM 0.02 0.06 0.00 0.25 | F:μσmM 633.5 25.2 536.0 640.0 | H 1.946 | V -0.000 | pL 0.000 | vL 0.000 | ∇ 0.000
Status saved
Status saved
Status saved
Status saved
Status saved
U 18000 | F 2304000 | FPS 2896 | D 709 | rR:μσmM 0.00 0.00 0.00 0.00 | F:μσmM 640.0 0.0 640.0 640.0 | H 1.946 | V 0.000 | pL -0.000 | vL 0.000 | ∇ 0.000
Status saved
Status saved
Status saved
Status saved
Status saved
U 18500 | F 2368000 | FPS 3169 | D 729 | rR:μσmM 0.00 0.00 0.00 0.00 | F:μσmM 640.0 0.0 640.0 640.0 | H 1.946 | V -0.000 | pL 0.000 | vL 0.000 | ∇ 0.000
Status saved
Status saved
Status saved
Status saved
Status saved
U 19000 | F 2432000 | FPS 3162 | D 748 | rR:μσmM 0.03 0.09 0.00 0.36 | F:μσmM 625.1 45.3 458.0 640.0 | H 1.946 | V 0.003 | pL -0.000 | vL 0.000 | ∇ 0.000
Status saved
Status saved
Status saved
Status saved
Status saved
U 19500 | F 2496000 | FPS 3177 | D 768 | rR:μσmM 0.00 0.00 0.00 0.00 | F:μσmM 640.0 0.0 640.0 640.0 | H 1.946 | V 0.000 | pL 0.000 | vL 0.000 | ∇ 0.000
Status saved
Status saved
Status saved
Status saved
Status saved
U 20000 | F 2560000 | FPS 2727 | D 788 | rR:μσmM 0.01 0.03 0.00 0.13 | F:μσmM 638.6 5.3 618.0 640.0 | H 1.946 | V -0.000 | pL 0.000 | vL 0.000 | ∇ 0.000
Status saved
Status saved
Status saved
Status saved
Status saved
U 20500 | F 2624000 | FPS 3384 | D 807 | rR:μσmM 0.00 0.00 0.00 0.00 | F:μσmM 640.0 0.0 640.0 640.0 | H 1.946 | V 0.000 | pL 0.000 | vL 0.000 | ∇ 0.000
Status saved
Status saved
Status saved
Status saved
Status saved
U 21000 | F 2688000 | FPS 3436 | D 827 | rR:μσmM 0.00 0.00 0.00 0.00 | F:μσmM 640.0 0.0 640.0 640.0 | H 1.946 | V 0.000 | pL -0.000 | vL 0.000 | ∇ 0.000
Status saved
Status saved
Status saved
Status saved
Status saved
U 21500 | F 2752000 | FPS 3578 | D 847 | rR:μσmM 0.00 0.00 0.00 0.00 | F:μσmM 640.0 0.0 640.0 640.0 | H 1.946 | V 0.001 | pL -0.000 | vL 0.000 | ∇ 0.000
Status saved
Status saved
Status saved
Status saved
Status saved
U 22000 | F 2816000 | FPS 3333 | D 866 | rR:μσmM 0.00 0.00 0.00 0.00 | F:μσmM 640.0 0.0 640.0 640.0 | H 1.946 | V 0.000 | pL 0.000 | vL 0.000 | ∇ 0.000
Status saved
Status saved
Status saved
Status saved
Status saved
U 22500 | F 2880000 | FPS 3469 | D 886 | rR:μσmM 0.04 0.16 0.00 0.64 | F:μσmM 615.9 93.2 255.0 640.0 | H 1.946 | V 0.004 | pL -0.000 | vL 0.000 | ∇ 0.000
Status saved
Status saved
Status saved
Status saved
Status saved
U 23000 | F 2944000 | FPS 3250 | D 906 | rR:μσmM 0.04 0.15 0.00 0.64 | F:μσmM 616.0 93.0 256.0 640.0 | H 1.946 | V 0.008 | pL -0.001 | vL 0.000 | ∇ 0.001
Status saved
Status saved
Status saved
Status saved
Status saved
