/workspace/learn-si2e/SI2E/SI2E_DrQv2/train.py:210: UserWarning: 
The version_base parameter is not specified.
Please specify a compatability version level, or None.
Will assume defaults for version 1.1
  @hydra.main(config_path='cfgs', config_name='config')
/usr/local/lib/python3.10/dist-packages/hydra/_internal/hydra.py:119: UserWarning: Future Hydra versions will no longer change working directory at job runtime by default.
See https://hydra.cc/docs/1.2/upgrades/1.1_to_1.2/changes_to_job_working_dir/ for more information.
  ret = run_job(
/workspace/learn-si2e/SI2E/SI2E_DrQv2/train.py:210: UserWarning: 
The version_base parameter is not specified.
Please specify a compatability version level, or None.
Will assume defaults for version 1.1
  @hydra.main(config_path='cfgs', config_name='config')
workspace: /workspace/learn-si2e/results/drqv2-se-rerun/hopper_stand_se_seed1
| eval           | F: 0 | S: 0 | E: 0 | L: 1000 | R: 1.4988 | T: 0:00:00
| train          | F: 5000 | S: 2500 | E: 5 | L: 1000 | R: 0.0000 | BS: 2500 | FPS: 18.6845 | T: 0:00:53
| train          | F: 6000 | S: 3000 | E: 6 | L: 1000 | R: 0.0000 | BS: 3000 | FPS: 74.2674 | T: 0:01:06
| train          | F: 7000 | S: 3500 | E: 7 | L: 1000 | R: 0.0000 | BS: 3500 | FPS: 72.3413 | T: 0:01:20
| train          | F: 8000 | S: 4000 | E: 8 | L: 1000 | R: 0.0000 | BS: 4000 | FPS: 73.5491 | T: 0:01:34
| train          | F: 9000 | S: 4500 | E: 9 | L: 1000 | R: 0.0000 | BS: 4500 | FPS: 74.1681 | T: 0:01:47
| train          | F: 10000 | S: 5000 | E: 10 | L: 1000 | R: 0.0000 | BS: 5000 | FPS: 74.3370 | T: 0:02:01
| eval           | F: 10000 | S: 5000 | E: 10 | L: 1000 | R: 1.6000 | T: 0:02:01
| train          | F: 11000 | S: 5500 | E: 11 | L: 1000 | R: 0.0000 | BS: 5500 | FPS: 26.8966 | T: 0:02:38
| train          | F: 12000 | S: 6000 | E: 12 | L: 1000 | R: 0.0000 | BS: 6000 | FPS: 74.4995 | T: 0:02:51
| train          | F: 13000 | S: 6500 | E: 13 | L: 1000 | R: 0.0000 | BS: 6500 | FPS: 71.9003 | T: 0:03:05
| train          | F: 14000 | S: 7000 | E: 14 | L: 1000 | R: 17.4154 | BS: 7000 | FPS: 72.3451 | T: 0:03:19
| train          | F: 15000 | S: 7500 | E: 15 | L: 1000 | R: 0.0000 | BS: 7500 | FPS: 72.0774 | T: 0:03:33
| train          | F: 16000 | S: 8000 | E: 16 | L: 1000 | R: 0.0000 | BS: 8000 | FPS: 67.8777 | T: 0:03:48
| train          | F: 17000 | S: 8500 | E: 17 | L: 1000 | R: 0.0000 | BS: 8500 | FPS: 73.4388 | T: 0:04:01
| train          | F: 18000 | S: 9000 | E: 18 | L: 1000 | R: 0.0000 | BS: 9000 | FPS: 69.6329 | T: 0:04:16
| train          | F: 19000 | S: 9500 | E: 19 | L: 1000 | R: 0.0000 | BS: 9500 | FPS: 72.1446 | T: 0:04:30
| train          | F: 20000 | S: 10000 | E: 20 | L: 1000 | R: 0.0000 | BS: 10000 | FPS: 74.4238 | T: 0:04:43
| eval           | F: 20000 | S: 10000 | E: 20 | L: 1000 | R: 5.1137 | T: 0:04:43
| train          | F: 21000 | S: 10500 | E: 21 | L: 1000 | R: 2.5684 | BS: 10500 | FPS: 25.8918 | T: 0:05:22
| train          | F: 22000 | S: 11000 | E: 22 | L: 1000 | R: 5.8773 | BS: 11000 | FPS: 69.0515 | T: 0:05:36
| train          | F: 23000 | S: 11500 | E: 23 | L: 1000 | R: 0.0000 | BS: 11500 | FPS: 73.6323 | T: 0:05:50
| train          | F: 24000 | S: 12000 | E: 24 | L: 1000 | R: 0.0000 | BS: 12000 | FPS: 70.9291 | T: 0:06:04
| train          | F: 25000 | S: 12500 | E: 25 | L: 1000 | R: 0.0000 | BS: 12500 | FPS: 71.3671 | T: 0:06:18
| train          | F: 26000 | S: 13000 | E: 26 | L: 1000 | R: 21.4750 | BS: 13000 | FPS: 71.4173 | T: 0:06:32
| train          | F: 27000 | S: 13500 | E: 27 | L: 1000 | R: 23.0844 | BS: 13500 | FPS: 71.9237 | T: 0:06:46
| train          | F: 28000 | S: 14000 | E: 28 | L: 1000 | R: 0.0000 | BS: 14000 | FPS: 69.2518 | T: 0:07:00
| train          | F: 29000 | S: 14500 | E: 29 | L: 1000 | R: 0.0000 | BS: 14500 | FPS: 70.3797 | T: 0:07:14
| train          | F: 30000 | S: 15000 | E: 30 | L: 1000 | R: 0.0000 | BS: 15000 | FPS: 73.0616 | T: 0:07:28
| eval           | F: 30000 | S: 15000 | E: 30 | L: 1000 | R: 3.7600 | T: 0:07:28
| train          | F: 31000 | S: 15500 | E: 31 | L: 1000 | R: 0.0000 | BS: 15500 | FPS: 25.0387 | T: 0:08:08
| train          | F: 32000 | S: 16000 | E: 32 | L: 1000 | R: 0.0000 | BS: 16000 | FPS: 72.1151 | T: 0:08:22
| train          | F: 33000 | S: 16500 | E: 33 | L: 1000 | R: 0.0000 | BS: 16500 | FPS: 72.2763 | T: 0:08:36
| train          | F: 34000 | S: 17000 | E: 34 | L: 1000 | R: 0.0000 | BS: 17000 | FPS: 72.2500 | T: 0:08:50
| train          | F: 35000 | S: 17500 | E: 35 | L: 1000 | R: 0.0000 | BS: 17500 | FPS: 73.7235 | T: 0:09:03
| train          | F: 36000 | S: 18000 | E: 36 | L: 1000 | R: 20.9316 | BS: 18000 | FPS: 73.0434 | T: 0:09:17
| train          | F: 37000 | S: 18500 | E: 37 | L: 1000 | R: 23.1963 | BS: 18500 | FPS: 73.0914 | T: 0:09:31
| train          | F: 38000 | S: 19000 | E: 38 | L: 1000 | R: 0.0000 | BS: 19000 | FPS: 72.1594 | T: 0:09:44
| train          | F: 39000 | S: 19500 | E: 39 | L: 1000 | R: 0.0000 | BS: 19500 | FPS: 74.6336 | T: 0:09:58
| train          | F: 40000 | S: 20000 | E: 40 | L: 1000 | R: 0.0000 | BS: 20000 | FPS: 69.3277 | T: 0:10:12
| eval           | F: 40000 | S: 20000 | E: 40 | L: 1000 | R: 16.8000 | T: 0:10:12
| train          | F: 41000 | S: 20500 | E: 41 | L: 1000 | R: 0.0000 | BS: 20500 | FPS: 26.8990 | T: 0:10:49
| train          | F: 42000 | S: 21000 | E: 42 | L: 1000 | R: 24.0384 | BS: 21000 | FPS: 64.0753 | T: 0:11:05
| train          | F: 43000 | S: 21500 | E: 43 | L: 1000 | R: 0.0000 | BS: 21500 | FPS: 66.8409 | T: 0:11:20
| train          | F: 44000 | S: 22000 | E: 44 | L: 1000 | R: 22.9130 | BS: 22000 | FPS: 72.0112 | T: 0:11:34
| train          | F: 45000 | S: 22500 | E: 45 | L: 1000 | R: 0.0000 | BS: 22500 | FPS: 70.9451 | T: 0:11:48
| train          | F: 46000 | S: 23000 | E: 46 | L: 1000 | R: 0.0000 | BS: 23000 | FPS: 71.6104 | T: 0:12:02
| train          | F: 47000 | S: 23500 | E: 47 | L: 1000 | R: 37.2556 | BS: 23500 | FPS: 70.1630 | T: 0:12:16
| train          | F: 48000 | S: 24000 | E: 48 | L: 1000 | R: 60.3766 | BS: 24000 | FPS: 68.9993 | T: 0:12:31
| train          | F: 49000 | S: 24500 | E: 49 | L: 1000 | R: 0.0000 | BS: 24500 | FPS: 71.9187 | T: 0:12:45
| train          | F: 50000 | S: 25000 | E: 50 | L: 1000 | R: 41.1624 | BS: 25000 | FPS: 71.5477 | T: 0:12:59
| eval           | F: 50000 | S: 25000 | E: 50 | L: 1000 | R: 5.8400 | T: 0:12:59
| train          | F: 51000 | S: 25500 | E: 51 | L: 1000 | R: 0.0000 | BS: 25500 | FPS: 24.6592 | T: 0:13:39
| train          | F: 52000 | S: 26000 | E: 52 | L: 1000 | R: 0.0000 | BS: 26000 | FPS: 70.4846 | T: 0:13:53
| train          | F: 53000 | S: 26500 | E: 53 | L: 1000 | R: 0.0000 | BS: 26500 | FPS: 71.7572 | T: 0:14:07
| train          | F: 54000 | S: 27000 | E: 54 | L: 1000 | R: 0.0000 | BS: 27000 | FPS: 67.3486 | T: 0:14:22
| train          | F: 55000 | S: 27500 | E: 55 | L: 1000 | R: 0.0000 | BS: 27500 | FPS: 69.2052 | T: 0:14:36
| train          | F: 56000 | S: 28000 | E: 56 | L: 1000 | R: 29.9540 | BS: 28000 | FPS: 62.3637 | T: 0:14:53
| train          | F: 57000 | S: 28500 | E: 57 | L: 1000 | R: 0.0000 | BS: 28500 | FPS: 58.9379 | T: 0:15:09
| train          | F: 58000 | S: 29000 | E: 58 | L: 1000 | R: 0.0000 | BS: 29000 | FPS: 60.0732 | T: 0:15:26
| train          | F: 59000 | S: 29500 | E: 59 | L: 1000 | R: 34.9353 | BS: 29500 | FPS: 68.1917 | T: 0:15:41
| train          | F: 60000 | S: 30000 | E: 60 | L: 1000 | R: 0.0000 | BS: 30000 | FPS: 69.7570 | T: 0:15:55
| eval           | F: 60000 | S: 30000 | E: 60 | L: 1000 | R: 1.3600 | T: 0:15:55
| train          | F: 61000 | S: 30500 | E: 61 | L: 1000 | R: 0.0000 | BS: 30500 | FPS: 26.5289 | T: 0:16:33
| train          | F: 62000 | S: 31000 | E: 62 | L: 1000 | R: 0.0000 | BS: 31000 | FPS: 72.6181 | T: 0:16:47
| train          | F: 63000 | S: 31500 | E: 63 | L: 1000 | R: 0.0000 | BS: 31500 | FPS: 71.4119 | T: 0:17:01
| train          | F: 64000 | S: 32000 | E: 64 | L: 1000 | R: 0.0000 | BS: 32000 | FPS: 72.8600 | T: 0:17:14
| train          | F: 65000 | S: 32500 | E: 65 | L: 1000 | R: 0.0000 | BS: 32500 | FPS: 65.5218 | T: 0:17:30
| train          | F: 66000 | S: 33000 | E: 66 | L: 1000 | R: 13.4625 | BS: 33000 | FPS: 70.2669 | T: 0:17:44
| train          | F: 67000 | S: 33500 | E: 67 | L: 1000 | R: 0.0000 | BS: 33500 | FPS: 68.1763 | T: 0:17:58
| train          | F: 68000 | S: 34000 | E: 68 | L: 1000 | R: 0.0000 | BS: 34000 | FPS: 70.1884 | T: 0:18:13
| train          | F: 69000 | S: 34500 | E: 69 | L: 1000 | R: 0.0000 | BS: 34500 | FPS: 68.4877 | T: 0:18:27
| train          | F: 70000 | S: 35000 | E: 70 | L: 1000 | R: 0.0000 | BS: 35000 | FPS: 66.6351 | T: 0:18:42
| eval           | F: 70000 | S: 35000 | E: 70 | L: 1000 | R: 5.9200 | T: 0:18:42
| train          | F: 71000 | S: 35500 | E: 71 | L: 1000 | R: 9.0647 | BS: 35500 | FPS: 24.3339 | T: 0:19:23
| train          | F: 72000 | S: 36000 | E: 72 | L: 1000 | R: 0.0000 | BS: 36000 | FPS: 68.8418 | T: 0:19:38
| train          | F: 73000 | S: 36500 | E: 73 | L: 1000 | R: 0.0000 | BS: 36500 | FPS: 73.4419 | T: 0:19:52
| train          | F: 74000 | S: 37000 | E: 74 | L: 1000 | R: 0.0000 | BS: 37000 | FPS: 71.0701 | T: 0:20:06
| train          | F: 75000 | S: 37500 | E: 75 | L: 1000 | R: 0.0000 | BS: 37500 | FPS: 71.9503 | T: 0:20:20
| train          | F: 76000 | S: 38000 | E: 76 | L: 1000 | R: 16.6196 | BS: 38000 | FPS: 69.6793 | T: 0:20:34
| train          | F: 77000 | S: 38500 | E: 77 | L: 1000 | R: 35.6117 | BS: 38500 | FPS: 67.4205 | T: 0:20:49
| train          | F: 78000 | S: 39000 | E: 78 | L: 1000 | R: 0.0000 | BS: 39000 | FPS: 69.6097 | T: 0:21:03
| train          | F: 79000 | S: 39500 | E: 79 | L: 1000 | R: 0.0000 | BS: 39500 | FPS: 60.7786 | T: 0:21:20
| train          | F: 80000 | S: 40000 | E: 80 | L: 1000 | R: 0.0000 | BS: 40000 | FPS: 65.5298 | T: 0:21:35
| eval           | F: 80000 | S: 40000 | E: 80 | L: 1000 | R: 1.8400 | T: 0:21:35
| train          | F: 81000 | S: 40500 | E: 81 | L: 1000 | R: 0.0000 | BS: 40500 | FPS: 26.5434 | T: 0:22:12
| train          | F: 82000 | S: 41000 | E: 82 | L: 1000 | R: 0.0000 | BS: 41000 | FPS: 66.7392 | T: 0:22:27
| train          | F: 83000 | S: 41500 | E: 83 | L: 1000 | R: 0.0000 | BS: 41500 | FPS: 68.0812 | T: 0:22:42
| train          | F: 84000 | S: 42000 | E: 84 | L: 1000 | R: 0.0000 | BS: 42000 | FPS: 68.9688 | T: 0:22:57
| train          | F: 85000 | S: 42500 | E: 85 | L: 1000 | R: 0.0000 | BS: 42500 | FPS: 67.5372 | T: 0:23:11
| train          | F: 86000 | S: 43000 | E: 86 | L: 1000 | R: 0.0000 | BS: 43000 | FPS: 73.5147 | T: 0:23:25
| train          | F: 87000 | S: 43500 | E: 87 | L: 1000 | R: 4.1716 | BS: 43500 | FPS: 70.2054 | T: 0:23:39
| train          | F: 88000 | S: 44000 | E: 88 | L: 1000 | R: 0.0000 | BS: 44000 | FPS: 68.5610 | T: 0:23:54
| train          | F: 89000 | S: 44500 | E: 89 | L: 1000 | R: 14.8641 | BS: 44500 | FPS: 71.0345 | T: 0:24:08
| train          | F: 90000 | S: 45000 | E: 90 | L: 1000 | R: 0.0000 | BS: 45000 | FPS: 60.4133 | T: 0:24:25
| eval           | F: 90000 | S: 45000 | E: 90 | L: 1000 | R: 1.4400 | T: 0:24:25
| train          | F: 91000 | S: 45500 | E: 91 | L: 1000 | R: 0.0000 | BS: 45500 | FPS: 24.2450 | T: 0:25:06
| train          | F: 92000 | S: 46000 | E: 92 | L: 1000 | R: 0.0000 | BS: 46000 | FPS: 72.0185 | T: 0:25:20
| train          | F: 93000 | S: 46500 | E: 93 | L: 1000 | R: 0.0000 | BS: 46500 | FPS: 68.7101 | T: 0:25:34
| train          | F: 94000 | S: 47000 | E: 94 | L: 1000 | R: 0.0000 | BS: 47000 | FPS: 71.1125 | T: 0:25:48
| train          | F: 95000 | S: 47500 | E: 95 | L: 1000 | R: 0.0000 | BS: 47500 | FPS: 70.3685 | T: 0:26:02
| train          | F: 96000 | S: 48000 | E: 96 | L: 1000 | R: 0.0000 | BS: 48000 | FPS: 68.3157 | T: 0:26:17
| train          | F: 97000 | S: 48500 | E: 97 | L: 1000 | R: 0.0000 | BS: 48500 | FPS: 69.1490 | T: 0:26:32
| train          | F: 98000 | S: 49000 | E: 98 | L: 1000 | R: 0.0000 | BS: 49000 | FPS: 53.9059 | T: 0:26:50
| train          | F: 99000 | S: 49500 | E: 99 | L: 1000 | R: 13.4049 | BS: 49500 | FPS: 66.2859 | T: 0:27:05
| train          | F: 100000 | S: 50000 | E: 100 | L: 1000 | R: 0.0000 | BS: 50000 | FPS: 69.7496 | T: 0:27:20
| eval           | F: 100000 | S: 50000 | E: 100 | L: 1000 | R: 5.6000 | T: 0:27:20
| train          | F: 101000 | S: 50500 | E: 101 | L: 1000 | R: 0.0000 | BS: 50500 | FPS: 19.7005 | T: 0:28:10
| train          | F: 102000 | S: 51000 | E: 102 | L: 1000 | R: 0.0000 | BS: 51000 | FPS: 70.1568 | T: 0:28:25
| train          | F: 103000 | S: 51500 | E: 103 | L: 1000 | R: 0.0000 | BS: 51500 | FPS: 69.2957 | T: 0:28:39
| train          | F: 104000 | S: 52000 | E: 104 | L: 1000 | R: 0.0000 | BS: 52000 | FPS: 68.8704 | T: 0:28:54
| train          | F: 105000 | S: 52500 | E: 105 | L: 1000 | R: 0.0000 | BS: 52500 | FPS: 69.9253 | T: 0:29:08
| train          | F: 106000 | S: 53000 | E: 106 | L: 1000 | R: 0.0000 | BS: 53000 | FPS: 69.1432 | T: 0:29:22
| train          | F: 107000 | S: 53500 | E: 107 | L: 1000 | R: 0.0000 | BS: 53500 | FPS: 70.5719 | T: 0:29:36
| train          | F: 108000 | S: 54000 | E: 108 | L: 1000 | R: 40.8215 | BS: 54000 | FPS: 70.5922 | T: 0:29:51
| train          | F: 109000 | S: 54500 | E: 109 | L: 1000 | R: 16.4004 | BS: 54500 | FPS: 70.5731 | T: 0:30:05
| train          | F: 110000 | S: 55000 | E: 110 | L: 1000 | R: 0.0000 | BS: 55000 | FPS: 61.4575 | T: 0:30:21
| eval           | F: 110000 | S: 55000 | E: 110 | L: 1000 | R: 4.3200 | T: 0:30:21
| train          | F: 111000 | S: 55500 | E: 111 | L: 1000 | R: 0.0000 | BS: 55500 | FPS: 23.2152 | T: 0:31:04
| train          | F: 112000 | S: 56000 | E: 112 | L: 1000 | R: 0.0000 | BS: 56000 | FPS: 69.9944 | T: 0:31:18
| train          | F: 113000 | S: 56500 | E: 113 | L: 1000 | R: 0.0000 | BS: 56500 | FPS: 72.1185 | T: 0:31:32
| train          | F: 114000 | S: 57000 | E: 114 | L: 1000 | R: 0.0000 | BS: 57000 | FPS: 67.6967 | T: 0:31:47
| train          | F: 115000 | S: 57500 | E: 115 | L: 1000 | R: 17.2971 | BS: 57500 | FPS: 67.7129 | T: 0:32:02
| train          | F: 116000 | S: 58000 | E: 116 | L: 1000 | R: 27.0912 | BS: 58000 | FPS: 69.6666 | T: 0:32:16
| train          | F: 117000 | S: 58500 | E: 117 | L: 1000 | R: 0.0000 | BS: 58500 | FPS: 72.0530 | T: 0:32:30
| train          | F: 118000 | S: 59000 | E: 118 | L: 1000 | R: 0.0000 | BS: 59000 | FPS: 71.1669 | T: 0:32:44
| train          | F: 119000 | S: 59500 | E: 119 | L: 1000 | R: 0.0000 | BS: 59500 | FPS: 68.6305 | T: 0:32:59
| train          | F: 120000 | S: 60000 | E: 120 | L: 1000 | R: 0.0000 | BS: 60000 | FPS: 69.1169 | T: 0:33:13
| eval           | F: 120000 | S: 60000 | E: 120 | L: 1000 | R: 6.5600 | T: 0:33:13
| train          | F: 121000 | S: 60500 | E: 121 | L: 1000 | R: 11.5354 | BS: 60500 | FPS: 25.3985 | T: 0:33:53
| train          | F: 122000 | S: 61000 | E: 122 | L: 1000 | R: 0.0000 | BS: 61000 | FPS: 68.9139 | T: 0:34:07
| train          | F: 123000 | S: 61500 | E: 123 | L: 1000 | R: 45.3736 | BS: 61500 | FPS: 58.0085 | T: 0:34:24
| train          | F: 124000 | S: 62000 | E: 124 | L: 1000 | R: 0.0000 | BS: 62000 | FPS: 54.7408 | T: 0:34:43
| train          | F: 125000 | S: 62500 | E: 125 | L: 1000 | R: 0.0000 | BS: 62500 | FPS: 60.8874 | T: 0:34:59
| train          | F: 126000 | S: 63000 | E: 126 | L: 1000 | R: 0.0000 | BS: 63000 | FPS: 69.2674 | T: 0:35:13
| train          | F: 127000 | S: 63500 | E: 127 | L: 1000 | R: 10.6556 | BS: 63500 | FPS: 70.3743 | T: 0:35:28
| train          | F: 128000 | S: 64000 | E: 128 | L: 1000 | R: 0.0000 | BS: 64000 | FPS: 68.1359 | T: 0:35:42
| train          | F: 129000 | S: 64500 | E: 129 | L: 1000 | R: 0.0000 | BS: 64500 | FPS: 67.1569 | T: 0:35:57
| train          | F: 130000 | S: 65000 | E: 130 | L: 1000 | R: 0.0000 | BS: 65000 | FPS: 68.4162 | T: 0:36:12
| eval           | F: 130000 | S: 65000 | E: 130 | L: 1000 | R: 0.6400 | T: 0:36:12
| train          | F: 131000 | S: 65500 | E: 131 | L: 1000 | R: 0.0000 | BS: 65500 | FPS: 24.6196 | T: 0:36:52
| train          | F: 132000 | S: 66000 | E: 132 | L: 1000 | R: 0.0000 | BS: 66000 | FPS: 68.6519 | T: 0:37:07
| train          | F: 133000 | S: 66500 | E: 133 | L: 1000 | R: 5.0631 | BS: 66500 | FPS: 69.1058 | T: 0:37:21
| train          | F: 134000 | S: 67000 | E: 134 | L: 1000 | R: 0.0000 | BS: 67000 | FPS: 70.1724 | T: 0:37:36
| train          | F: 135000 | S: 67500 | E: 135 | L: 1000 | R: 0.0000 | BS: 67500 | FPS: 69.7375 | T: 0:37:50
| train          | F: 136000 | S: 68000 | E: 136 | L: 1000 | R: 0.0000 | BS: 68000 | FPS: 69.8035 | T: 0:38:04
| train          | F: 137000 | S: 68500 | E: 137 | L: 1000 | R: 0.0000 | BS: 68500 | FPS: 68.0732 | T: 0:38:19
| train          | F: 138000 | S: 69000 | E: 138 | L: 1000 | R: 0.0000 | BS: 69000 | FPS: 68.1401 | T: 0:38:34
| train          | F: 139000 | S: 69500 | E: 139 | L: 1000 | R: 0.0000 | BS: 69500 | FPS: 67.5497 | T: 0:38:49
| train          | F: 140000 | S: 70000 | E: 140 | L: 1000 | R: 0.0000 | BS: 70000 | FPS: 66.1226 | T: 0:39:04
| eval           | F: 140000 | S: 70000 | E: 140 | L: 1000 | R: 11.2000 | T: 0:39:04
| train          | F: 141000 | S: 70500 | E: 141 | L: 1000 | R: 0.0000 | BS: 70500 | FPS: 24.8594 | T: 0:39:44
| train          | F: 142000 | S: 71000 | E: 142 | L: 1000 | R: 6.5493 | BS: 71000 | FPS: 68.2169 | T: 0:39:59
| train          | F: 143000 | S: 71500 | E: 143 | L: 1000 | R: 0.0000 | BS: 71500 | FPS: 69.8601 | T: 0:40:13
| train          | F: 144000 | S: 72000 | E: 144 | L: 1000 | R: 16.5758 | BS: 72000 | FPS: 70.3102 | T: 0:40:27
| train          | F: 145000 | S: 72500 | E: 145 | L: 1000 | R: 37.9853 | BS: 72500 | FPS: 70.0306 | T: 0:40:41
| train          | F: 146000 | S: 73000 | E: 146 | L: 1000 | R: 0.0000 | BS: 73000 | FPS: 69.2870 | T: 0:40:56
| train          | F: 147000 | S: 73500 | E: 147 | L: 1000 | R: 43.7303 | BS: 73500 | FPS: 70.3913 | T: 0:41:10
| train          | F: 148000 | S: 74000 | E: 148 | L: 1000 | R: 11.5628 | BS: 74000 | FPS: 69.3541 | T: 0:41:24
| train          | F: 149000 | S: 74500 | E: 149 | L: 1000 | R: 0.0000 | BS: 74500 | FPS: 69.0771 | T: 0:41:39
| train          | F: 150000 | S: 75000 | E: 150 | L: 1000 | R: 0.0000 | BS: 75000 | FPS: 65.9070 | T: 0:41:54
| eval           | F: 150000 | S: 75000 | E: 150 | L: 1000 | R: 3.8400 | T: 0:41:54
| train          | F: 151000 | S: 75500 | E: 151 | L: 1000 | R: 23.0257 | BS: 75500 | FPS: 24.3971 | T: 0:42:35
| train          | F: 152000 | S: 76000 | E: 152 | L: 1000 | R: 0.0000 | BS: 76000 | FPS: 73.2930 | T: 0:42:49
| train          | F: 153000 | S: 76500 | E: 153 | L: 1000 | R: 0.0000 | BS: 76500 | FPS: 69.1892 | T: 0:43:03
| train          | F: 154000 | S: 77000 | E: 154 | L: 1000 | R: 0.0000 | BS: 77000 | FPS: 69.5461 | T: 0:43:18
| train          | F: 155000 | S: 77500 | E: 155 | L: 1000 | R: 0.0000 | BS: 77500 | FPS: 70.6750 | T: 0:43:32
| train          | F: 156000 | S: 78000 | E: 156 | L: 1000 | R: 0.0000 | BS: 78000 | FPS: 66.8899 | T: 0:43:47
| train          | F: 157000 | S: 78500 | E: 157 | L: 1000 | R: 18.1161 | BS: 78500 | FPS: 66.9166 | T: 0:44:02
| train          | F: 158000 | S: 79000 | E: 158 | L: 1000 | R: 0.0000 | BS: 79000 | FPS: 64.1824 | T: 0:44:17
| train          | F: 159000 | S: 79500 | E: 159 | L: 1000 | R: 0.0000 | BS: 79500 | FPS: 54.3452 | T: 0:44:36
| train          | F: 160000 | S: 80000 | E: 160 | L: 1000 | R: 0.0000 | BS: 80000 | FPS: 65.9945 | T: 0:44:51
| eval           | F: 160000 | S: 80000 | E: 160 | L: 1000 | R: 2.1600 | T: 0:44:51
| train          | F: 161000 | S: 80500 | E: 161 | L: 1000 | R: 0.0000 | BS: 80500 | FPS: 25.2421 | T: 0:45:30
| train          | F: 162000 | S: 81000 | E: 162 | L: 1000 | R: 0.0000 | BS: 81000 | FPS: 67.1806 | T: 0:45:45
| train          | F: 163000 | S: 81500 | E: 163 | L: 1000 | R: 0.0000 | BS: 81500 | FPS: 69.9652 | T: 0:46:00
| train          | F: 164000 | S: 82000 | E: 164 | L: 1000 | R: 0.0000 | BS: 82000 | FPS: 71.2301 | T: 0:46:14
| train          | F: 165000 | S: 82500 | E: 165 | L: 1000 | R: 14.7698 | BS: 82500 | FPS: 71.1753 | T: 0:46:28
| train          | F: 166000 | S: 83000 | E: 166 | L: 1000 | R: 0.0000 | BS: 83000 | FPS: 73.3380 | T: 0:46:41
| train          | F: 167000 | S: 83500 | E: 167 | L: 1000 | R: 7.4848 | BS: 83500 | FPS: 65.9020 | T: 0:46:56
| train          | F: 168000 | S: 84000 | E: 168 | L: 1000 | R: 0.0000 | BS: 84000 | FPS: 65.4797 | T: 0:47:12
| train          | F: 169000 | S: 84500 | E: 169 | L: 1000 | R: 0.0000 | BS: 84500 | FPS: 69.7646 | T: 0:47:26
| train          | F: 170000 | S: 85000 | E: 170 | L: 1000 | R: 0.0000 | BS: 85000 | FPS: 66.3420 | T: 0:47:41
| eval           | F: 170000 | S: 85000 | E: 170 | L: 1000 | R: 4.8000 | T: 0:47:41
| train          | F: 171000 | S: 85500 | E: 171 | L: 1000 | R: 0.0000 | BS: 85500 | FPS: 24.4556 | T: 0:48:22
| train          | F: 172000 | S: 86000 | E: 172 | L: 1000 | R: 0.0000 | BS: 86000 | FPS: 64.7200 | T: 0:48:37
| train          | F: 173000 | S: 86500 | E: 173 | L: 1000 | R: 41.3042 | BS: 86500 | FPS: 67.1620 | T: 0:48:52
| train          | F: 174000 | S: 87000 | E: 174 | L: 1000 | R: 0.0000 | BS: 87000 | FPS: 70.6353 | T: 0:49:06
| train          | F: 175000 | S: 87500 | E: 175 | L: 1000 | R: 0.0000 | BS: 87500 | FPS: 69.7778 | T: 0:49:21
| train          | F: 176000 | S: 88000 | E: 176 | L: 1000 | R: 0.0000 | BS: 88000 | FPS: 71.5369 | T: 0:49:35
| train          | F: 177000 | S: 88500 | E: 177 | L: 1000 | R: 0.0000 | BS: 88500 | FPS: 68.9153 | T: 0:49:49
| train          | F: 178000 | S: 89000 | E: 178 | L: 1000 | R: 0.0000 | BS: 89000 | FPS: 66.5775 | T: 0:50:04
| train          | F: 179000 | S: 89500 | E: 179 | L: 1000 | R: 0.0000 | BS: 89500 | FPS: 68.8071 | T: 0:50:19
| train          | F: 180000 | S: 90000 | E: 180 | L: 1000 | R: 5.8883 | BS: 90000 | FPS: 66.8789 | T: 0:50:34
| eval           | F: 180000 | S: 90000 | E: 180 | L: 1000 | R: 9.2000 | T: 0:50:34
| train          | F: 181000 | S: 90500 | E: 181 | L: 1000 | R: 0.0000 | BS: 90500 | FPS: 25.7005 | T: 0:51:13
| train          | F: 182000 | S: 91000 | E: 182 | L: 1000 | R: 0.0000 | BS: 91000 | FPS: 72.8896 | T: 0:51:26
| train          | F: 183000 | S: 91500 | E: 183 | L: 1000 | R: 10.6111 | BS: 91500 | FPS: 64.9059 | T: 0:51:42
| train          | F: 184000 | S: 92000 | E: 184 | L: 1000 | R: 32.8272 | BS: 92000 | FPS: 54.1069 | T: 0:52:00
| train          | F: 185000 | S: 92500 | E: 185 | L: 1000 | R: 0.0000 | BS: 92500 | FPS: 70.6893 | T: 0:52:14
| train          | F: 186000 | S: 93000 | E: 186 | L: 1000 | R: 18.2646 | BS: 93000 | FPS: 59.1385 | T: 0:52:31
| train          | F: 187000 | S: 93500 | E: 187 | L: 1000 | R: 0.0000 | BS: 93500 | FPS: 62.6369 | T: 0:52:47
| train          | F: 188000 | S: 94000 | E: 188 | L: 1000 | R: 0.0000 | BS: 94000 | FPS: 70.2598 | T: 0:53:02
| train          | F: 189000 | S: 94500 | E: 189 | L: 1000 | R: 0.0000 | BS: 94500 | FPS: 69.8276 | T: 0:53:16
| train          | F: 190000 | S: 95000 | E: 190 | L: 1000 | R: 27.1346 | BS: 95000 | FPS: 66.6270 | T: 0:53:31
| eval           | F: 190000 | S: 95000 | E: 190 | L: 1000 | R: 3.6800 | T: 0:53:31
| train          | F: 191000 | S: 95500 | E: 191 | L: 1000 | R: 0.0000 | BS: 95500 | FPS: 24.3539 | T: 0:54:12
| train          | F: 192000 | S: 96000 | E: 192 | L: 1000 | R: 0.0000 | BS: 96000 | FPS: 66.8751 | T: 0:54:27
| train          | F: 193000 | S: 96500 | E: 193 | L: 1000 | R: 0.0000 | BS: 96500 | FPS: 67.5776 | T: 0:54:42
| train          | F: 194000 | S: 97000 | E: 194 | L: 1000 | R: 0.0000 | BS: 97000 | FPS: 67.3506 | T: 0:54:57
| train          | F: 195000 | S: 97500 | E: 195 | L: 1000 | R: 19.6959 | BS: 97500 | FPS: 71.4859 | T: 0:55:11
| train          | F: 196000 | S: 98000 | E: 196 | L: 1000 | R: 0.0000 | BS: 98000 | FPS: 63.6781 | T: 0:55:26
| train          | F: 197000 | S: 98500 | E: 197 | L: 1000 | R: 0.0000 | BS: 98500 | FPS: 66.5474 | T: 0:55:41
| train          | F: 198000 | S: 99000 | E: 198 | L: 1000 | R: 29.9104 | BS: 99000 | FPS: 71.9111 | T: 0:55:55
| train          | F: 199000 | S: 99500 | E: 199 | L: 1000 | R: 0.0000 | BS: 99500 | FPS: 67.8235 | T: 0:56:10
| train          | F: 200000 | S: 100000 | E: 200 | L: 1000 | R: 0.0000 | BS: 100000 | FPS: 68.3126 | T: 0:56:25
| eval           | F: 200000 | S: 100000 | E: 200 | L: 1000 | R: 5.7600 | T: 0:56:25
| train          | F: 201000 | S: 100500 | E: 201 | L: 1000 | R: 11.5364 | BS: 100500 | FPS: 26.1498 | T: 0:57:03
| train          | F: 202000 | S: 101000 | E: 202 | L: 1000 | R: 0.0000 | BS: 101000 | FPS: 71.0446 | T: 0:57:17
| train          | F: 203000 | S: 101500 | E: 203 | L: 1000 | R: 0.0000 | BS: 101500 | FPS: 72.8361 | T: 0:57:31
| train          | F: 204000 | S: 102000 | E: 204 | L: 1000 | R: 0.0000 | BS: 102000 | FPS: 69.3515 | T: 0:57:45
| train          | F: 205000 | S: 102500 | E: 205 | L: 1000 | R: 35.6940 | BS: 102500 | FPS: 70.4145 | T: 0:57:59
| train          | F: 206000 | S: 103000 | E: 206 | L: 1000 | R: 0.0000 | BS: 103000 | FPS: 68.5504 | T: 0:58:14
| train          | F: 207000 | S: 103500 | E: 207 | L: 1000 | R: 0.0000 | BS: 103500 | FPS: 70.1240 | T: 0:58:28
| train          | F: 208000 | S: 104000 | E: 208 | L: 1000 | R: 0.0000 | BS: 104000 | FPS: 70.1248 | T: 0:58:42
| train          | F: 209000 | S: 104500 | E: 209 | L: 1000 | R: 0.0000 | BS: 104500 | FPS: 68.7472 | T: 0:58:57
| train          | F: 210000 | S: 105000 | E: 210 | L: 1000 | R: 9.9072 | BS: 105000 | FPS: 64.9292 | T: 0:59:12
| eval           | F: 210000 | S: 105000 | E: 210 | L: 1000 | R: 7.7600 | T: 0:59:12
| train          | F: 211000 | S: 105500 | E: 211 | L: 1000 | R: 0.0000 | BS: 105500 | FPS: 24.8336 | T: 0:59:53
| train          | F: 212000 | S: 106000 | E: 212 | L: 1000 | R: 0.0000 | BS: 106000 | FPS: 68.7451 | T: 1:00:07
| train          | F: 213000 | S: 106500 | E: 213 | L: 1000 | R: 3.3362 | BS: 106500 | FPS: 64.7248 | T: 1:00:23
| train          | F: 214000 | S: 107000 | E: 214 | L: 1000 | R: 13.3797 | BS: 107000 | FPS: 59.7965 | T: 1:00:39
| train          | F: 215000 | S: 107500 | E: 215 | L: 1000 | R: 0.0000 | BS: 107500 | FPS: 56.1834 | T: 1:00:57
| train          | F: 216000 | S: 108000 | E: 216 | L: 1000 | R: 32.1654 | BS: 108000 | FPS: 68.1998 | T: 1:01:12
| train          | F: 217000 | S: 108500 | E: 217 | L: 1000 | R: 0.0000 | BS: 108500 | FPS: 67.9539 | T: 1:01:26
| train          | F: 218000 | S: 109000 | E: 218 | L: 1000 | R: 0.0000 | BS: 109000 | FPS: 69.1999 | T: 1:01:41
| train          | F: 219000 | S: 109500 | E: 219 | L: 1000 | R: 19.6905 | BS: 109500 | FPS: 66.4500 | T: 1:01:56
| train          | F: 220000 | S: 110000 | E: 220 | L: 1000 | R: 9.2807 | BS: 110000 | FPS: 67.7341 | T: 1:02:11
| eval           | F: 220000 | S: 110000 | E: 220 | L: 1000 | R: 1.5200 | T: 1:02:11
| train          | F: 221000 | S: 110500 | E: 221 | L: 1000 | R: 0.0000 | BS: 110500 | FPS: 23.6660 | T: 1:02:53
| train          | F: 222000 | S: 111000 | E: 222 | L: 1000 | R: 5.7116 | BS: 111000 | FPS: 68.6740 | T: 1:03:08
| train          | F: 223000 | S: 111500 | E: 223 | L: 1000 | R: 0.0000 | BS: 111500 | FPS: 69.2121 | T: 1:03:22
| train          | F: 224000 | S: 112000 | E: 224 | L: 1000 | R: 8.3824 | BS: 112000 | FPS: 69.0400 | T: 1:03:36
| train          | F: 225000 | S: 112500 | E: 225 | L: 1000 | R: 0.0000 | BS: 112500 | FPS: 66.6743 | T: 1:03:51
| train          | F: 226000 | S: 113000 | E: 226 | L: 1000 | R: 0.0000 | BS: 113000 | FPS: 67.8298 | T: 1:04:06
| train          | F: 227000 | S: 113500 | E: 227 | L: 1000 | R: 0.0000 | BS: 113500 | FPS: 70.3601 | T: 1:04:20
| train          | F: 228000 | S: 114000 | E: 228 | L: 1000 | R: 0.0000 | BS: 114000 | FPS: 67.7254 | T: 1:04:35
| train          | F: 229000 | S: 114500 | E: 229 | L: 1000 | R: 0.0000 | BS: 114500 | FPS: 67.5350 | T: 1:04:50
| train          | F: 230000 | S: 115000 | E: 230 | L: 1000 | R: 0.0000 | BS: 115000 | FPS: 63.6813 | T: 1:05:06
| eval           | F: 230000 | S: 115000 | E: 230 | L: 1000 | R: 9.4400 | T: 1:05:06
| train          | F: 231000 | S: 115500 | E: 231 | L: 1000 | R: 0.0000 | BS: 115500 | FPS: 18.0264 | T: 1:06:01
| train          | F: 232000 | S: 116000 | E: 232 | L: 1000 | R: 14.1430 | BS: 116000 | FPS: 66.3478 | T: 1:06:16
| train          | F: 233000 | S: 116500 | E: 233 | L: 1000 | R: 0.0000 | BS: 116500 | FPS: 65.1818 | T: 1:06:32
| train          | F: 234000 | S: 117000 | E: 234 | L: 1000 | R: 0.0000 | BS: 117000 | FPS: 67.4721 | T: 1:06:46
| train          | F: 235000 | S: 117500 | E: 235 | L: 1000 | R: 0.0000 | BS: 117500 | FPS: 68.8791 | T: 1:07:01
| train          | F: 236000 | S: 118000 | E: 236 | L: 1000 | R: 0.0000 | BS: 118000 | FPS: 69.7083 | T: 1:07:15
| train          | F: 237000 | S: 118500 | E: 237 | L: 1000 | R: 34.9564 | BS: 118500 | FPS: 68.8371 | T: 1:07:30
| train          | F: 238000 | S: 119000 | E: 238 | L: 1000 | R: 11.6420 | BS: 119000 | FPS: 70.6914 | T: 1:07:44
| train          | F: 239000 | S: 119500 | E: 239 | L: 1000 | R: 0.0000 | BS: 119500 | FPS: 70.6174 | T: 1:07:58
| train          | F: 240000 | S: 120000 | E: 240 | L: 1000 | R: 33.9691 | BS: 120000 | FPS: 69.7391 | T: 1:08:12
| eval           | F: 240000 | S: 120000 | E: 240 | L: 1000 | R: 5.3600 | T: 1:08:12
| train          | F: 241000 | S: 120500 | E: 241 | L: 1000 | R: 0.0000 | BS: 120500 | FPS: 25.6640 | T: 1:08:51
| train          | F: 242000 | S: 121000 | E: 242 | L: 1000 | R: 37.8930 | BS: 121000 | FPS: 68.1427 | T: 1:09:06
| train          | F: 243000 | S: 121500 | E: 243 | L: 1000 | R: 0.0000 | BS: 121500 | FPS: 71.3967 | T: 1:09:20
| train          | F: 244000 | S: 122000 | E: 244 | L: 1000 | R: 0.0000 | BS: 122000 | FPS: 69.5229 | T: 1:09:34
| train          | F: 245000 | S: 122500 | E: 245 | L: 1000 | R: 4.9534 | BS: 122500 | FPS: 62.3389 | T: 1:09:51
| train          | F: 246000 | S: 123000 | E: 246 | L: 1000 | R: 10.6338 | BS: 123000 | FPS: 55.6282 | T: 1:10:08
| train          | F: 247000 | S: 123500 | E: 247 | L: 1000 | R: 0.0000 | BS: 123500 | FPS: 65.6436 | T: 1:10:24
| train          | F: 248000 | S: 124000 | E: 248 | L: 1000 | R: 0.0000 | BS: 124000 | FPS: 67.4961 | T: 1:10:39
| train          | F: 249000 | S: 124500 | E: 249 | L: 1000 | R: 0.0000 | BS: 124500 | FPS: 55.3268 | T: 1:10:57
| train          | F: 250000 | S: 125000 | E: 250 | L: 1000 | R: 0.0000 | BS: 125000 | FPS: 57.3462 | T: 1:11:14
| eval           | F: 250000 | S: 125000 | E: 250 | L: 1000 | R: 2.4800 | T: 1:11:14
| train          | F: 251000 | S: 125500 | E: 251 | L: 1000 | R: 0.0000 | BS: 125500 | FPS: 23.1878 | T: 1:11:57
| train          | F: 252000 | S: 126000 | E: 252 | L: 1000 | R: 0.0000 | BS: 126000 | FPS: 64.9930 | T: 1:12:13
| train          | F: 253000 | S: 126500 | E: 253 | L: 1000 | R: 0.0000 | BS: 126500 | FPS: 71.6185 | T: 1:12:27
| train          | F: 254000 | S: 127000 | E: 254 | L: 1000 | R: 21.7260 | BS: 127000 | FPS: 70.7929 | T: 1:12:41
| train          | F: 255000 | S: 127500 | E: 255 | L: 1000 | R: 0.0000 | BS: 127500 | FPS: 71.0539 | T: 1:12:55
| train          | F: 256000 | S: 128000 | E: 256 | L: 1000 | R: 0.0000 | BS: 128000 | FPS: 68.1104 | T: 1:13:09
| train          | F: 257000 | S: 128500 | E: 257 | L: 1000 | R: 0.0000 | BS: 128500 | FPS: 66.0861 | T: 1:13:25
| train          | F: 258000 | S: 129000 | E: 258 | L: 1000 | R: 0.0000 | BS: 129000 | FPS: 70.1365 | T: 1:13:39
| train          | F: 259000 | S: 129500 | E: 259 | L: 1000 | R: 0.0000 | BS: 129500 | FPS: 68.5844 | T: 1:13:53
| train          | F: 260000 | S: 130000 | E: 260 | L: 1000 | R: 0.0000 | BS: 130000 | FPS: 69.1455 | T: 1:14:08
| eval           | F: 260000 | S: 130000 | E: 260 | L: 1000 | R: 4.6400 | T: 1:14:08
| train          | F: 261000 | S: 130500 | E: 261 | L: 1000 | R: 23.1040 | BS: 130500 | FPS: 23.5046 | T: 1:14:50
| train          | F: 262000 | S: 131000 | E: 262 | L: 1000 | R: 12.3160 | BS: 131000 | FPS: 69.8912 | T: 1:15:05
| train          | F: 263000 | S: 131500 | E: 263 | L: 1000 | R: 0.0000 | BS: 131500 | FPS: 69.0994 | T: 1:15:19
| train          | F: 264000 | S: 132000 | E: 264 | L: 1000 | R: 0.0000 | BS: 132000 | FPS: 69.5597 | T: 1:15:34
| train          | F: 265000 | S: 132500 | E: 265 | L: 1000 | R: 0.0000 | BS: 132500 | FPS: 71.4970 | T: 1:15:48
| train          | F: 266000 | S: 133000 | E: 266 | L: 1000 | R: 0.0000 | BS: 133000 | FPS: 69.4864 | T: 1:16:02
| train          | F: 267000 | S: 133500 | E: 267 | L: 1000 | R: 0.0000 | BS: 133500 | FPS: 69.7219 | T: 1:16:16
| train          | F: 268000 | S: 134000 | E: 268 | L: 1000 | R: 0.0000 | BS: 134000 | FPS: 63.8212 | T: 1:16:32
| train          | F: 269000 | S: 134500 | E: 269 | L: 1000 | R: 12.3269 | BS: 134500 | FPS: 61.6146 | T: 1:16:48
| train          | F: 270000 | S: 135000 | E: 270 | L: 1000 | R: 0.0000 | BS: 135000 | FPS: 69.9140 | T: 1:17:02
| eval           | F: 270000 | S: 135000 | E: 270 | L: 1000 | R: 3.0400 | T: 1:17:02
| train          | F: 271000 | S: 135500 | E: 271 | L: 1000 | R: 0.0000 | BS: 135500 | FPS: 25.8813 | T: 1:17:41
| train          | F: 272000 | S: 136000 | E: 272 | L: 1000 | R: 3.3871 | BS: 136000 | FPS: 72.1943 | T: 1:17:55
| train          | F: 273000 | S: 136500 | E: 273 | L: 1000 | R: 22.3131 | BS: 136500 | FPS: 68.1787 | T: 1:18:10
| train          | F: 274000 | S: 137000 | E: 274 | L: 1000 | R: 0.0000 | BS: 137000 | FPS: 59.0406 | T: 1:18:27
| train          | F: 275000 | S: 137500 | E: 275 | L: 1000 | R: 0.0000 | BS: 137500 | FPS: 65.7402 | T: 1:18:42
| train          | F: 276000 | S: 138000 | E: 276 | L: 1000 | R: 0.0000 | BS: 138000 | FPS: 65.4178 | T: 1:18:57
| train          | F: 277000 | S: 138500 | E: 277 | L: 1000 | R: 0.0000 | BS: 138500 | FPS: 69.4562 | T: 1:19:11
| train          | F: 278000 | S: 139000 | E: 278 | L: 1000 | R: 0.0000 | BS: 139000 | FPS: 68.4796 | T: 1:19:26
| train          | F: 279000 | S: 139500 | E: 279 | L: 1000 | R: 0.0000 | BS: 139500 | FPS: 69.9887 | T: 1:19:40
| train          | F: 280000 | S: 140000 | E: 280 | L: 1000 | R: 0.0000 | BS: 140000 | FPS: 68.0578 | T: 1:19:55
| eval           | F: 280000 | S: 140000 | E: 280 | L: 1000 | R: 6.2400 | T: 1:19:55
| train          | F: 281000 | S: 140500 | E: 281 | L: 1000 | R: 40.4439 | BS: 140500 | FPS: 23.9125 | T: 1:20:37
| train          | F: 282000 | S: 141000 | E: 282 | L: 1000 | R: 0.0000 | BS: 141000 | FPS: 71.5956 | T: 1:20:51
| train          | F: 283000 | S: 141500 | E: 283 | L: 1000 | R: 14.0291 | BS: 141500 | FPS: 71.2740 | T: 1:21:05
| train          | F: 284000 | S: 142000 | E: 284 | L: 1000 | R: 0.0000 | BS: 142000 | FPS: 68.8503 | T: 1:21:19
| train          | F: 285000 | S: 142500 | E: 285 | L: 1000 | R: 0.0000 | BS: 142500 | FPS: 67.7722 | T: 1:21:34
| train          | F: 286000 | S: 143000 | E: 286 | L: 1000 | R: 0.0000 | BS: 143000 | FPS: 70.9819 | T: 1:21:48
| train          | F: 287000 | S: 143500 | E: 287 | L: 1000 | R: 0.0000 | BS: 143500 | FPS: 70.2470 | T: 1:22:02
| train          | F: 288000 | S: 144000 | E: 288 | L: 1000 | R: 0.0000 | BS: 144000 | FPS: 67.6509 | T: 1:22:17
| train          | F: 289000 | S: 144500 | E: 289 | L: 1000 | R: 8.2547 | BS: 144500 | FPS: 66.1630 | T: 1:22:32
| train          | F: 290000 | S: 145000 | E: 290 | L: 1000 | R: 0.0000 | BS: 145000 | FPS: 68.0980 | T: 1:22:47
| eval           | F: 290000 | S: 145000 | E: 290 | L: 1000 | R: 6.6400 | T: 1:22:47
| train          | F: 291000 | S: 145500 | E: 291 | L: 1000 | R: 0.0000 | BS: 145500 | FPS: 24.2153 | T: 1:23:28
| train          | F: 292000 | S: 146000 | E: 292 | L: 1000 | R: 19.0122 | BS: 146000 | FPS: 69.4001 | T: 1:23:43
| train          | F: 293000 | S: 146500 | E: 293 | L: 1000 | R: 15.6647 | BS: 146500 | FPS: 68.3891 | T: 1:23:57
| train          | F: 294000 | S: 147000 | E: 294 | L: 1000 | R: 0.0000 | BS: 147000 | FPS: 69.4184 | T: 1:24:12
| train          | F: 295000 | S: 147500 | E: 295 | L: 1000 | R: 0.0000 | BS: 147500 | FPS: 65.4463 | T: 1:24:27
| train          | F: 296000 | S: 148000 | E: 296 | L: 1000 | R: 0.0000 | BS: 148000 | FPS: 69.9462 | T: 1:24:41
| train          | F: 297000 | S: 148500 | E: 297 | L: 1000 | R: 0.0000 | BS: 148500 | FPS: 71.1787 | T: 1:24:55
| train          | F: 298000 | S: 149000 | E: 298 | L: 1000 | R: 0.0000 | BS: 149000 | FPS: 67.4222 | T: 1:25:10
| train          | F: 299000 | S: 149500 | E: 299 | L: 1000 | R: 5.8265 | BS: 149500 | FPS: 66.1053 | T: 1:25:25
| train          | F: 300000 | S: 150000 | E: 300 | L: 1000 | R: 23.3226 | BS: 150000 | FPS: 67.5513 | T: 1:25:40
| eval           | F: 300000 | S: 150000 | E: 300 | L: 1000 | R: 6.8000 | T: 1:25:40
| train          | F: 301000 | S: 150500 | E: 301 | L: 1000 | R: 0.0000 | BS: 150500 | FPS: 24.6522 | T: 1:26:21
| train          | F: 302000 | S: 151000 | E: 302 | L: 1000 | R: 49.0629 | BS: 151000 | FPS: 68.0777 | T: 1:26:35
| train          | F: 303000 | S: 151500 | E: 303 | L: 1000 | R: 0.0000 | BS: 151500 | FPS: 70.9914 | T: 1:26:50
| train          | F: 304000 | S: 152000 | E: 304 | L: 1000 | R: 0.0000 | BS: 152000 | FPS: 70.1846 | T: 1:27:04
| train          | F: 305000 | S: 152500 | E: 305 | L: 1000 | R: 10.0354 | BS: 152500 | FPS: 66.1340 | T: 1:27:19
| train          | F: 306000 | S: 153000 | E: 306 | L: 1000 | R: 0.0000 | BS: 153000 | FPS: 66.5904 | T: 1:27:34
| train          | F: 307000 | S: 153500 | E: 307 | L: 1000 | R: 13.4053 | BS: 153500 | FPS: 70.6130 | T: 1:27:48
| train          | F: 308000 | S: 154000 | E: 308 | L: 1000 | R: 0.0000 | BS: 154000 | FPS: 67.3702 | T: 1:28:03
| train          | F: 309000 | S: 154500 | E: 309 | L: 1000 | R: 0.0000 | BS: 154500 | FPS: 68.4886 | T: 1:28:17
| train          | F: 310000 | S: 155000 | E: 310 | L: 1000 | R: 0.0000 | BS: 155000 | FPS: 70.3063 | T: 1:28:32
| eval           | F: 310000 | S: 155000 | E: 310 | L: 1000 | R: 6.4000 | T: 1:28:32
| train          | F: 311000 | S: 155500 | E: 311 | L: 1000 | R: 0.0000 | BS: 155500 | FPS: 24.4656 | T: 1:29:13
| train          | F: 312000 | S: 156000 | E: 312 | L: 1000 | R: 18.1951 | BS: 156000 | FPS: 68.8017 | T: 1:29:27
| train          | F: 313000 | S: 156500 | E: 313 | L: 1000 | R: 23.9417 | BS: 156500 | FPS: 69.4574 | T: 1:29:42
| train          | F: 314000 | S: 157000 | E: 314 | L: 1000 | R: 0.0000 | BS: 157000 | FPS: 70.1473 | T: 1:29:56
| train          | F: 315000 | S: 157500 | E: 315 | L: 1000 | R: 0.0000 | BS: 157500 | FPS: 71.1484 | T: 1:30:10
| train          | F: 316000 | S: 158000 | E: 316 | L: 1000 | R: 0.0000 | BS: 158000 | FPS: 67.9974 | T: 1:30:25
| train          | F: 317000 | S: 158500 | E: 317 | L: 1000 | R: 5.8248 | BS: 158500 | FPS: 68.7471 | T: 1:30:39
| train          | F: 318000 | S: 159000 | E: 318 | L: 1000 | R: 0.0000 | BS: 159000 | FPS: 70.4701 | T: 1:30:53
| train          | F: 319000 | S: 159500 | E: 319 | L: 1000 | R: 0.0000 | BS: 159500 | FPS: 69.4555 | T: 1:31:08
| train          | F: 320000 | S: 160000 | E: 320 | L: 1000 | R: 19.8331 | BS: 160000 | FPS: 70.6829 | T: 1:31:22
| eval           | F: 320000 | S: 160000 | E: 320 | L: 1000 | R: 2.4800 | T: 1:31:22
| train          | F: 321000 | S: 160500 | E: 321 | L: 1000 | R: 0.0000 | BS: 160500 | FPS: 24.4950 | T: 1:32:03
| train          | F: 322000 | S: 161000 | E: 322 | L: 1000 | R: 0.0000 | BS: 161000 | FPS: 71.1058 | T: 1:32:17
| train          | F: 323000 | S: 161500 | E: 323 | L: 1000 | R: 0.0000 | BS: 161500 | FPS: 69.6536 | T: 1:32:31
| train          | F: 324000 | S: 162000 | E: 324 | L: 1000 | R: 0.0000 | BS: 162000 | FPS: 69.6229 | T: 1:32:45
| train          | F: 325000 | S: 162500 | E: 325 | L: 1000 | R: 0.0000 | BS: 162500 | FPS: 64.9824 | T: 1:33:01
| train          | F: 326000 | S: 163000 | E: 326 | L: 1000 | R: 0.0000 | BS: 163000 | FPS: 68.0199 | T: 1:33:16
| train          | F: 327000 | S: 163500 | E: 327 | L: 1000 | R: 17.2599 | BS: 163500 | FPS: 69.9058 | T: 1:33:30
| train          | F: 328000 | S: 164000 | E: 328 | L: 1000 | R: 0.0000 | BS: 164000 | FPS: 71.1355 | T: 1:33:44
| train          | F: 329000 | S: 164500 | E: 329 | L: 1000 | R: 7.3117 | BS: 164500 | FPS: 68.0672 | T: 1:33:59
| train          | F: 330000 | S: 165000 | E: 330 | L: 1000 | R: 0.0000 | BS: 165000 | FPS: 69.9816 | T: 1:34:13
| eval           | F: 330000 | S: 165000 | E: 330 | L: 1000 | R: 3.9200 | T: 1:34:13
| train          | F: 331000 | S: 165500 | E: 331 | L: 1000 | R: 0.0000 | BS: 165500 | FPS: 25.6251 | T: 1:34:52
| train          | F: 332000 | S: 166000 | E: 332 | L: 1000 | R: 0.0000 | BS: 166000 | FPS: 71.3171 | T: 1:35:06
| train          | F: 333000 | S: 166500 | E: 333 | L: 1000 | R: 13.4177 | BS: 166500 | FPS: 70.5654 | T: 1:35:20
| train          | F: 334000 | S: 167000 | E: 334 | L: 1000 | R: 0.0000 | BS: 167000 | FPS: 66.4498 | T: 1:35:35
| train          | F: 335000 | S: 167500 | E: 335 | L: 1000 | R: 0.0000 | BS: 167500 | FPS: 66.3554 | T: 1:35:50
| train          | F: 336000 | S: 168000 | E: 336 | L: 1000 | R: 0.0000 | BS: 168000 | FPS: 63.9573 | T: 1:36:06
| train          | F: 337000 | S: 168500 | E: 337 | L: 1000 | R: 0.0000 | BS: 168500 | FPS: 65.3694 | T: 1:36:21
| train          | F: 338000 | S: 169000 | E: 338 | L: 1000 | R: 6.6431 | BS: 169000 | FPS: 68.6835 | T: 1:36:36
| train          | F: 339000 | S: 169500 | E: 339 | L: 1000 | R: 18.2467 | BS: 169500 | FPS: 67.7482 | T: 1:36:50
| train          | F: 340000 | S: 170000 | E: 340 | L: 1000 | R: 0.0000 | BS: 170000 | FPS: 66.3633 | T: 1:37:06
| eval           | F: 340000 | S: 170000 | E: 340 | L: 1000 | R: 2.5600 | T: 1:37:06
| train          | F: 341000 | S: 170500 | E: 341 | L: 1000 | R: 0.0000 | BS: 170500 | FPS: 26.7342 | T: 1:37:43
| train          | F: 342000 | S: 171000 | E: 342 | L: 1000 | R: 12.5122 | BS: 171000 | FPS: 69.2965 | T: 1:37:57
| train          | F: 343000 | S: 171500 | E: 343 | L: 1000 | R: 0.0000 | BS: 171500 | FPS: 59.2129 | T: 1:38:14
| train          | F: 344000 | S: 172000 | E: 344 | L: 1000 | R: 0.0000 | BS: 172000 | FPS: 55.0880 | T: 1:38:32
| train          | F: 345000 | S: 172500 | E: 345 | L: 1000 | R: 0.0000 | BS: 172500 | FPS: 55.9490 | T: 1:38:50
| train          | F: 346000 | S: 173000 | E: 346 | L: 1000 | R: 0.0000 | BS: 173000 | FPS: 55.8483 | T: 1:39:08
| train          | F: 347000 | S: 173500 | E: 347 | L: 1000 | R: 14.0122 | BS: 173500 | FPS: 54.8920 | T: 1:39:26
| train          | F: 348000 | S: 174000 | E: 348 | L: 1000 | R: 0.0000 | BS: 174000 | FPS: 60.6851 | T: 1:39:43
| train          | F: 349000 | S: 174500 | E: 349 | L: 1000 | R: 0.0000 | BS: 174500 | FPS: 72.0886 | T: 1:39:57
| train          | F: 350000 | S: 175000 | E: 350 | L: 1000 | R: 0.0000 | BS: 175000 | FPS: 69.1388 | T: 1:40:11
| eval           | F: 350000 | S: 175000 | E: 350 | L: 1000 | R: 1.2000 | T: 1:40:11
| train          | F: 351000 | S: 175500 | E: 351 | L: 1000 | R: 0.0000 | BS: 175500 | FPS: 24.2709 | T: 1:40:52
| train          | F: 352000 | S: 176000 | E: 352 | L: 1000 | R: 0.0000 | BS: 176000 | FPS: 71.9269 | T: 1:41:06
| train          | F: 353000 | S: 176500 | E: 353 | L: 1000 | R: 0.0000 | BS: 176500 | FPS: 69.2061 | T: 1:41:21
| train          | F: 354000 | S: 177000 | E: 354 | L: 1000 | R: 0.0000 | BS: 177000 | FPS: 70.2409 | T: 1:41:35
| train          | F: 355000 | S: 177500 | E: 355 | L: 1000 | R: 12.3593 | BS: 177500 | FPS: 70.3790 | T: 1:41:49
| train          | F: 356000 | S: 178000 | E: 356 | L: 1000 | R: 0.0000 | BS: 178000 | FPS: 70.2951 | T: 1:42:03
| train          | F: 357000 | S: 178500 | E: 357 | L: 1000 | R: 0.0000 | BS: 178500 | FPS: 67.1219 | T: 1:42:18
| train          | F: 358000 | S: 179000 | E: 358 | L: 1000 | R: 0.0000 | BS: 179000 | FPS: 70.4800 | T: 1:42:33
| train          | F: 359000 | S: 179500 | E: 359 | L: 1000 | R: 0.0000 | BS: 179500 | FPS: 66.3508 | T: 1:42:48
| train          | F: 360000 | S: 180000 | E: 360 | L: 1000 | R: 0.0000 | BS: 180000 | FPS: 70.5089 | T: 1:43:02
| eval           | F: 360000 | S: 180000 | E: 360 | L: 1000 | R: 9.6000 | T: 1:43:02
| train          | F: 361000 | S: 180500 | E: 361 | L: 1000 | R: 0.0000 | BS: 180500 | FPS: 24.4501 | T: 1:43:43
| train          | F: 362000 | S: 181000 | E: 362 | L: 1000 | R: 0.0000 | BS: 181000 | FPS: 71.5551 | T: 1:43:57
| train          | F: 363000 | S: 181500 | E: 363 | L: 1000 | R: 0.0000 | BS: 181500 | FPS: 69.1049 | T: 1:44:11
| train          | F: 364000 | S: 182000 | E: 364 | L: 1000 | R: 32.9279 | BS: 182000 | FPS: 67.5110 | T: 1:44:26
| train          | F: 365000 | S: 182500 | E: 365 | L: 1000 | R: 0.0000 | BS: 182500 | FPS: 68.1508 | T: 1:44:41
| train          | F: 366000 | S: 183000 | E: 366 | L: 1000 | R: 0.0000 | BS: 183000 | FPS: 66.6785 | T: 1:44:56
| train          | F: 367000 | S: 183500 | E: 367 | L: 1000 | R: 19.0506 | BS: 183500 | FPS: 68.7326 | T: 1:45:10
| train          | F: 368000 | S: 184000 | E: 368 | L: 1000 | R: 0.0000 | BS: 184000 | FPS: 69.1736 | T: 1:45:25
| train          | F: 369000 | S: 184500 | E: 369 | L: 1000 | R: 11.5755 | BS: 184500 | FPS: 64.9713 | T: 1:45:40
| train          | F: 370000 | S: 185000 | E: 370 | L: 1000 | R: 36.5367 | BS: 185000 | FPS: 68.2000 | T: 1:45:55
| eval           | F: 370000 | S: 185000 | E: 370 | L: 1000 | R: 6.0800 | T: 1:45:55
| train          | F: 371000 | S: 185500 | E: 371 | L: 1000 | R: 29.7215 | BS: 185500 | FPS: 25.8961 | T: 1:46:33
| train          | F: 372000 | S: 186000 | E: 372 | L: 1000 | R: 0.0000 | BS: 186000 | FPS: 73.6046 | T: 1:46:47
| train          | F: 373000 | S: 186500 | E: 373 | L: 1000 | R: 0.0000 | BS: 186500 | FPS: 71.3164 | T: 1:47:01
| train          | F: 374000 | S: 187000 | E: 374 | L: 1000 | R: 7.3487 | BS: 187000 | FPS: 68.3007 | T: 1:47:16
| train          | F: 375000 | S: 187500 | E: 375 | L: 1000 | R: 0.0000 | BS: 187500 | FPS: 70.7709 | T: 1:47:30
| train          | F: 376000 | S: 188000 | E: 376 | L: 1000 | R: 9.9186 | BS: 188000 | FPS: 68.0442 | T: 1:47:44
| train          | F: 377000 | S: 188500 | E: 377 | L: 1000 | R: 0.0000 | BS: 188500 | FPS: 69.4113 | T: 1:47:59
| train          | F: 378000 | S: 189000 | E: 378 | L: 1000 | R: 0.0000 | BS: 189000 | FPS: 68.6712 | T: 1:48:13
| train          | F: 379000 | S: 189500 | E: 379 | L: 1000 | R: 13.3721 | BS: 189500 | FPS: 70.4079 | T: 1:48:28
| train          | F: 380000 | S: 190000 | E: 380 | L: 1000 | R: 0.0000 | BS: 190000 | FPS: 67.3284 | T: 1:48:42
| eval           | F: 380000 | S: 190000 | E: 380 | L: 1000 | R: 6.3200 | T: 1:48:42
| train          | F: 381000 | S: 190500 | E: 381 | L: 1000 | R: 0.0000 | BS: 190500 | FPS: 26.1687 | T: 1:49:21
| train          | F: 382000 | S: 191000 | E: 382 | L: 1000 | R: 9.2372 | BS: 191000 | FPS: 71.1118 | T: 1:49:35
| train          | F: 383000 | S: 191500 | E: 383 | L: 1000 | R: 0.0000 | BS: 191500 | FPS: 70.7457 | T: 1:49:49
| train          | F: 384000 | S: 192000 | E: 384 | L: 1000 | R: 0.0000 | BS: 192000 | FPS: 64.2706 | T: 1:50:04
| train          | F: 385000 | S: 192500 | E: 385 | L: 1000 | R: 0.0000 | BS: 192500 | FPS: 69.1607 | T: 1:50:19
| train          | F: 386000 | S: 193000 | E: 386 | L: 1000 | R: 0.0000 | BS: 193000 | FPS: 68.9321 | T: 1:50:33
| train          | F: 387000 | S: 193500 | E: 387 | L: 1000 | R: 13.3877 | BS: 193500 | FPS: 70.7080 | T: 1:50:47
| train          | F: 388000 | S: 194000 | E: 388 | L: 1000 | R: 18.3951 | BS: 194000 | FPS: 67.4057 | T: 1:51:02
| train          | F: 389000 | S: 194500 | E: 389 | L: 1000 | R: 25.8555 | BS: 194500 | FPS: 69.3945 | T: 1:51:17
| train          | F: 390000 | S: 195000 | E: 390 | L: 1000 | R: 0.0000 | BS: 195000 | FPS: 68.1700 | T: 1:51:31
| eval           | F: 390000 | S: 195000 | E: 390 | L: 1000 | R: 1.0400 | T: 1:51:31
| train          | F: 391000 | S: 195500 | E: 391 | L: 1000 | R: 0.0000 | BS: 195500 | FPS: 26.3625 | T: 1:52:09
| train          | F: 392000 | S: 196000 | E: 392 | L: 1000 | R: 0.0000 | BS: 196000 | FPS: 69.0703 | T: 1:52:24
| train          | F: 393000 | S: 196500 | E: 393 | L: 1000 | R: 0.0000 | BS: 196500 | FPS: 59.5991 | T: 1:52:41
| train          | F: 394000 | S: 197000 | E: 394 | L: 1000 | R: 0.0000 | BS: 197000 | FPS: 67.5996 | T: 1:52:55
| train          | F: 395000 | S: 197500 | E: 395 | L: 1000 | R: 0.0000 | BS: 197500 | FPS: 69.3846 | T: 1:53:10
| train          | F: 396000 | S: 198000 | E: 396 | L: 1000 | R: 0.0000 | BS: 198000 | FPS: 70.1404 | T: 1:53:24
| train          | F: 397000 | S: 198500 | E: 397 | L: 1000 | R: 0.0000 | BS: 198500 | FPS: 69.0112 | T: 1:53:39
| train          | F: 398000 | S: 199000 | E: 398 | L: 1000 | R: 0.0000 | BS: 199000 | FPS: 68.7553 | T: 1:53:53
| train          | F: 399000 | S: 199500 | E: 399 | L: 1000 | R: 0.0000 | BS: 199500 | FPS: 69.7664 | T: 1:54:07
| train          | F: 400000 | S: 200000 | E: 400 | L: 1000 | R: 10.9539 | BS: 200000 | FPS: 67.4342 | T: 1:54:22
| eval           | F: 400000 | S: 200000 | E: 400 | L: 1000 | R: 6.6400 | T: 1:54:22
| train          | F: 401000 | S: 200500 | E: 401 | L: 1000 | R: 18.1474 | BS: 200500 | FPS: 26.1047 | T: 1:55:01
| train          | F: 402000 | S: 201000 | E: 402 | L: 1000 | R: 10.0069 | BS: 201000 | FPS: 70.1650 | T: 1:55:15
| train          | F: 403000 | S: 201500 | E: 403 | L: 1000 | R: 0.0000 | BS: 201500 | FPS: 69.7700 | T: 1:55:29
| train          | F: 404000 | S: 202000 | E: 404 | L: 1000 | R: 0.0000 | BS: 202000 | FPS: 69.5738 | T: 1:55:43
| train          | F: 405000 | S: 202500 | E: 405 | L: 1000 | R: 0.0000 | BS: 202500 | FPS: 70.3711 | T: 1:55:58
| train          | F: 406000 | S: 203000 | E: 406 | L: 1000 | R: 15.7588 | BS: 203000 | FPS: 68.2292 | T: 1:56:12
| train          | F: 407000 | S: 203500 | E: 407 | L: 1000 | R: 0.0000 | BS: 203500 | FPS: 70.2497 | T: 1:56:27
| train          | F: 408000 | S: 204000 | E: 408 | L: 1000 | R: 0.0000 | BS: 204000 | FPS: 69.8423 | T: 1:56:41
| train          | F: 409000 | S: 204500 | E: 409 | L: 1000 | R: 25.9500 | BS: 204500 | FPS: 69.1309 | T: 1:56:55
| train          | F: 410000 | S: 205000 | E: 410 | L: 1000 | R: 0.0000 | BS: 205000 | FPS: 65.1745 | T: 1:57:11
| eval           | F: 410000 | S: 205000 | E: 410 | L: 1000 | R: 4.0800 | T: 1:57:11
| train          | F: 411000 | S: 205500 | E: 411 | L: 1000 | R: 0.0000 | BS: 205500 | FPS: 26.1495 | T: 1:57:49
| train          | F: 412000 | S: 206000 | E: 412 | L: 1000 | R: 0.0000 | BS: 206000 | FPS: 68.8184 | T: 1:58:03
| train          | F: 413000 | S: 206500 | E: 413 | L: 1000 | R: 0.0000 | BS: 206500 | FPS: 70.2645 | T: 1:58:18
| train          | F: 414000 | S: 207000 | E: 414 | L: 1000 | R: 0.0000 | BS: 207000 | FPS: 69.9035 | T: 1:58:32
| train          | F: 415000 | S: 207500 | E: 415 | L: 1000 | R: 0.0000 | BS: 207500 | FPS: 68.9351 | T: 1:58:47
| train          | F: 416000 | S: 208000 | E: 416 | L: 1000 | R: 15.7986 | BS: 208000 | FPS: 68.6348 | T: 1:59:01
| train          | F: 417000 | S: 208500 | E: 417 | L: 1000 | R: 28.0624 | BS: 208500 | FPS: 66.1886 | T: 1:59:16
| train          | F: 418000 | S: 209000 | E: 418 | L: 1000 | R: 0.0000 | BS: 209000 | FPS: 69.3138 | T: 1:59:31
| train          | F: 419000 | S: 209500 | E: 419 | L: 1000 | R: 0.0000 | BS: 209500 | FPS: 71.7518 | T: 1:59:45
| train          | F: 420000 | S: 210000 | E: 420 | L: 1000 | R: 0.0000 | BS: 210000 | FPS: 70.7127 | T: 1:59:59
| eval           | F: 420000 | S: 210000 | E: 420 | L: 1000 | R: 15.6000 | T: 1:59:59
| train          | F: 421000 | S: 210500 | E: 421 | L: 1000 | R: 60.9170 | BS: 210500 | FPS: 24.2666 | T: 2:00:40
| train          | F: 422000 | S: 211000 | E: 422 | L: 1000 | R: 0.0000 | BS: 211000 | FPS: 70.9966 | T: 2:00:54
| train          | F: 423000 | S: 211500 | E: 423 | L: 1000 | R: 0.0000 | BS: 211500 | FPS: 70.2282 | T: 2:01:08
| train          | F: 424000 | S: 212000 | E: 424 | L: 1000 | R: 0.0000 | BS: 212000 | FPS: 67.5092 | T: 2:01:23
| train          | F: 425000 | S: 212500 | E: 425 | L: 1000 | R: 0.0000 | BS: 212500 | FPS: 66.1442 | T: 2:01:38
| train          | F: 426000 | S: 213000 | E: 426 | L: 1000 | R: 18.1093 | BS: 213000 | FPS: 67.2318 | T: 2:01:53
| train          | F: 427000 | S: 213500 | E: 427 | L: 1000 | R: 10.0227 | BS: 213500 | FPS: 66.9905 | T: 2:02:08
| train          | F: 428000 | S: 214000 | E: 428 | L: 1000 | R: 29.5783 | BS: 214000 | FPS: 69.3177 | T: 2:02:22
| train          | F: 429000 | S: 214500 | E: 429 | L: 1000 | R: 41.3081 | BS: 214500 | FPS: 68.2733 | T: 2:02:37
| train          | F: 430000 | S: 215000 | E: 430 | L: 1000 | R: 0.0000 | BS: 215000 | FPS: 65.9285 | T: 2:02:52
| eval           | F: 430000 | S: 215000 | E: 430 | L: 1000 | R: 9.8400 | T: 2:02:52
| train          | F: 431000 | S: 215500 | E: 431 | L: 1000 | R: 27.4677 | BS: 215500 | FPS: 24.4818 | T: 2:03:33
| train          | F: 432000 | S: 216000 | E: 432 | L: 1000 | R: 0.0000 | BS: 216000 | FPS: 73.8053 | T: 2:03:47
| train          | F: 433000 | S: 216500 | E: 433 | L: 1000 | R: 0.0000 | BS: 216500 | FPS: 70.3715 | T: 2:04:01
| train          | F: 434000 | S: 217000 | E: 434 | L: 1000 | R: 0.0000 | BS: 217000 | FPS: 61.6069 | T: 2:04:17
| train          | F: 435000 | S: 217500 | E: 435 | L: 1000 | R: 19.0695 | BS: 217500 | FPS: 67.8196 | T: 2:04:32
| train          | F: 436000 | S: 218000 | E: 436 | L: 1000 | R: 0.0000 | BS: 218000 | FPS: 70.6504 | T: 2:04:46
| train          | F: 437000 | S: 218500 | E: 437 | L: 1000 | R: 21.5542 | BS: 218500 | FPS: 68.5399 | T: 2:05:01
| train          | F: 438000 | S: 219000 | E: 438 | L: 1000 | R: 25.0146 | BS: 219000 | FPS: 65.8744 | T: 2:05:16
| train          | F: 439000 | S: 219500 | E: 439 | L: 1000 | R: 0.0000 | BS: 219500 | FPS: 66.6488 | T: 2:05:31
| train          | F: 440000 | S: 220000 | E: 440 | L: 1000 | R: 7.3901 | BS: 220000 | FPS: 66.0543 | T: 2:05:46
| eval           | F: 440000 | S: 220000 | E: 440 | L: 1000 | R: 2.0000 | T: 2:05:46
| train          | F: 441000 | S: 220500 | E: 441 | L: 1000 | R: 0.0000 | BS: 220500 | FPS: 25.1992 | T: 2:06:26
| train          | F: 442000 | S: 221000 | E: 442 | L: 1000 | R: 0.0000 | BS: 221000 | FPS: 71.5651 | T: 2:06:40
| train          | F: 443000 | S: 221500 | E: 443 | L: 1000 | R: 0.0000 | BS: 221500 | FPS: 71.0739 | T: 2:06:54
| train          | F: 444000 | S: 222000 | E: 444 | L: 1000 | R: 0.0000 | BS: 222000 | FPS: 66.8040 | T: 2:07:09
| train          | F: 445000 | S: 222500 | E: 445 | L: 1000 | R: 0.0000 | BS: 222500 | FPS: 66.4001 | T: 2:07:24
| train          | F: 446000 | S: 223000 | E: 446 | L: 1000 | R: 0.0000 | BS: 223000 | FPS: 69.6044 | T: 2:07:38
| train          | F: 447000 | S: 223500 | E: 447 | L: 1000 | R: 0.0000 | BS: 223500 | FPS: 70.5189 | T: 2:07:52
| train          | F: 448000 | S: 224000 | E: 448 | L: 1000 | R: 0.0000 | BS: 224000 | FPS: 70.7472 | T: 2:08:06
| train          | F: 449000 | S: 224500 | E: 449 | L: 1000 | R: 7.3542 | BS: 224500 | FPS: 68.9166 | T: 2:08:21
| train          | F: 450000 | S: 225000 | E: 450 | L: 1000 | R: 11.7024 | BS: 225000 | FPS: 54.5848 | T: 2:08:39
| eval           | F: 450000 | S: 225000 | E: 450 | L: 1000 | R: 4.9600 | T: 2:08:39
| train          | F: 451000 | S: 225500 | E: 451 | L: 1000 | R: 17.3564 | BS: 225500 | FPS: 23.9972 | T: 2:09:21
| train          | F: 452000 | S: 226000 | E: 452 | L: 1000 | R: 0.0000 | BS: 226000 | FPS: 69.5110 | T: 2:09:35
| train          | F: 453000 | S: 226500 | E: 453 | L: 1000 | R: 0.0000 | BS: 226500 | FPS: 68.6693 | T: 2:09:50
| train          | F: 454000 | S: 227000 | E: 454 | L: 1000 | R: 0.0000 | BS: 227000 | FPS: 66.5843 | T: 2:10:05
| train          | F: 455000 | S: 227500 | E: 455 | L: 1000 | R: 4.8902 | BS: 227500 | FPS: 67.3318 | T: 2:10:20
| train          | F: 456000 | S: 228000 | E: 456 | L: 1000 | R: 0.0000 | BS: 228000 | FPS: 68.1009 | T: 2:10:34
| train          | F: 457000 | S: 228500 | E: 457 | L: 1000 | R: 0.0000 | BS: 228500 | FPS: 69.4263 | T: 2:10:49
| train          | F: 458000 | S: 229000 | E: 458 | L: 1000 | R: 0.0000 | BS: 229000 | FPS: 64.1074 | T: 2:11:04
| train          | F: 459000 | S: 229500 | E: 459 | L: 1000 | R: 28.1450 | BS: 229500 | FPS: 67.6585 | T: 2:11:19
| train          | F: 460000 | S: 230000 | E: 460 | L: 1000 | R: 0.0000 | BS: 230000 | FPS: 61.3860 | T: 2:11:35
| eval           | F: 460000 | S: 230000 | E: 460 | L: 1000 | R: 4.2400 | T: 2:11:35
| train          | F: 461000 | S: 230500 | E: 461 | L: 1000 | R: 0.0000 | BS: 230500 | FPS: 25.6480 | T: 2:12:14
| train          | F: 462000 | S: 231000 | E: 462 | L: 1000 | R: 33.0141 | BS: 231000 | FPS: 69.2528 | T: 2:12:29
| train          | F: 463000 | S: 231500 | E: 463 | L: 1000 | R: 7.5023 | BS: 231500 | FPS: 69.2172 | T: 2:12:43
| train          | F: 464000 | S: 232000 | E: 464 | L: 1000 | R: 0.0000 | BS: 232000 | FPS: 67.9731 | T: 2:12:58
| train          | F: 465000 | S: 232500 | E: 465 | L: 1000 | R: 0.0000 | BS: 232500 | FPS: 62.0935 | T: 2:13:14
| train          | F: 466000 | S: 233000 | E: 466 | L: 1000 | R: 0.0000 | BS: 233000 | FPS: 66.3649 | T: 2:13:29
| train          | F: 467000 | S: 233500 | E: 467 | L: 1000 | R: 0.0000 | BS: 233500 | FPS: 68.5896 | T: 2:13:44
| train          | F: 468000 | S: 234000 | E: 468 | L: 1000 | R: 0.0000 | BS: 234000 | FPS: 65.4268 | T: 2:13:59
| train          | F: 469000 | S: 234500 | E: 469 | L: 1000 | R: 0.0000 | BS: 234500 | FPS: 70.0547 | T: 2:14:13
| train          | F: 470000 | S: 235000 | E: 470 | L: 1000 | R: 0.0000 | BS: 235000 | FPS: 67.1771 | T: 2:14:28
| eval           | F: 470000 | S: 235000 | E: 470 | L: 1000 | R: 4.9600 | T: 2:14:28
| train          | F: 471000 | S: 235500 | E: 471 | L: 1000 | R: 0.0000 | BS: 235500 | FPS: 23.7352 | T: 2:15:10
| train          | F: 472000 | S: 236000 | E: 472 | L: 1000 | R: 0.0000 | BS: 236000 | FPS: 67.4523 | T: 2:15:25
| train          | F: 473000 | S: 236500 | E: 473 | L: 1000 | R: 0.0000 | BS: 236500 | FPS: 69.6089 | T: 2:15:40
| train          | F: 474000 | S: 237000 | E: 474 | L: 1000 | R: 18.1953 | BS: 237000 | FPS: 69.1942 | T: 2:15:54
| train          | F: 475000 | S: 237500 | E: 475 | L: 1000 | R: 0.0000 | BS: 237500 | FPS: 67.7446 | T: 2:16:09
| train          | F: 476000 | S: 238000 | E: 476 | L: 1000 | R: 0.0000 | BS: 238000 | FPS: 67.8771 | T: 2:16:23
| train          | F: 477000 | S: 238500 | E: 477 | L: 1000 | R: 0.0000 | BS: 238500 | FPS: 69.0039 | T: 2:16:38
| train          | F: 478000 | S: 239000 | E: 478 | L: 1000 | R: 17.1862 | BS: 239000 | FPS: 65.7384 | T: 2:16:53
| train          | F: 479000 | S: 239500 | E: 479 | L: 1000 | R: 14.7821 | BS: 239500 | FPS: 68.6645 | T: 2:17:08
| train          | F: 480000 | S: 240000 | E: 480 | L: 1000 | R: 0.0000 | BS: 240000 | FPS: 65.9274 | T: 2:17:23
| eval           | F: 480000 | S: 240000 | E: 480 | L: 1000 | R: 7.5200 | T: 2:17:23
| train          | F: 481000 | S: 240500 | E: 481 | L: 1000 | R: 0.0000 | BS: 240500 | FPS: 23.9642 | T: 2:18:05
| train          | F: 482000 | S: 241000 | E: 482 | L: 1000 | R: 14.8840 | BS: 241000 | FPS: 71.6268 | T: 2:18:19
| train          | F: 483000 | S: 241500 | E: 483 | L: 1000 | R: 30.6318 | BS: 241500 | FPS: 68.8741 | T: 2:18:33
| train          | F: 484000 | S: 242000 | E: 484 | L: 1000 | R: 0.0000 | BS: 242000 | FPS: 70.0799 | T: 2:18:47
| train          | F: 485000 | S: 242500 | E: 485 | L: 1000 | R: 0.0000 | BS: 242500 | FPS: 55.6892 | T: 2:19:05
| train          | F: 486000 | S: 243000 | E: 486 | L: 1000 | R: 0.8308 | BS: 243000 | FPS: 58.9587 | T: 2:19:22
| train          | F: 487000 | S: 243500 | E: 487 | L: 1000 | R: 4.1025 | BS: 243500 | FPS: 68.2810 | T: 2:19:37
| train          | F: 488000 | S: 244000 | E: 488 | L: 1000 | R: 16.5238 | BS: 244000 | FPS: 68.0734 | T: 2:19:52
| train          | F: 489000 | S: 244500 | E: 489 | L: 1000 | R: 0.0000 | BS: 244500 | FPS: 67.1722 | T: 2:20:07
| train          | F: 490000 | S: 245000 | E: 490 | L: 1000 | R: 9.8629 | BS: 245000 | FPS: 67.4573 | T: 2:20:21
| eval           | F: 490000 | S: 245000 | E: 490 | L: 1000 | R: 9.9200 | T: 2:20:21
| train          | F: 491000 | S: 245500 | E: 491 | L: 1000 | R: 29.7024 | BS: 245500 | FPS: 23.8567 | T: 2:21:03
| train          | F: 492000 | S: 246000 | E: 492 | L: 1000 | R: 31.4739 | BS: 246000 | FPS: 68.2485 | T: 2:21:18
| train          | F: 493000 | S: 246500 | E: 493 | L: 1000 | R: 0.0000 | BS: 246500 | FPS: 68.1367 | T: 2:21:33
| train          | F: 494000 | S: 247000 | E: 494 | L: 1000 | R: 0.0000 | BS: 247000 | FPS: 71.3352 | T: 2:21:47
| train          | F: 495000 | S: 247500 | E: 495 | L: 1000 | R: 33.1047 | BS: 247500 | FPS: 70.3821 | T: 2:22:01
| train          | F: 496000 | S: 248000 | E: 496 | L: 1000 | R: 0.0000 | BS: 248000 | FPS: 69.1950 | T: 2:22:15
| train          | F: 497000 | S: 248500 | E: 497 | L: 1000 | R: 0.0000 | BS: 248500 | FPS: 70.9789 | T: 2:22:29
| train          | F: 498000 | S: 249000 | E: 498 | L: 1000 | R: 0.0000 | BS: 249000 | FPS: 69.1131 | T: 2:22:44
| train          | F: 499000 | S: 249500 | E: 499 | L: 1000 | R: 0.0000 | BS: 249500 | FPS: 68.7016 | T: 2:22:58
| train          | F: 500000 | S: 250000 | E: 500 | L: 1000 | R: 0.0000 | BS: 250000 | FPS: 64.3863 | T: 2:23:14
| eval           | F: 500000 | S: 250000 | E: 500 | L: 1000 | R: 8.0800 | T: 2:23:14
| train          | F: 501000 | S: 250500 | E: 501 | L: 1000 | R: 0.0000 | BS: 250500 | FPS: 24.3488 | T: 2:23:55
| train          | F: 502000 | S: 251000 | E: 502 | L: 1000 | R: 9.1897 | BS: 251000 | FPS: 70.4557 | T: 2:24:09
| train          | F: 503000 | S: 251500 | E: 503 | L: 1000 | R: 0.0000 | BS: 251500 | FPS: 70.7495 | T: 2:24:23
| train          | F: 504000 | S: 252000 | E: 504 | L: 1000 | R: 0.0000 | BS: 252000 | FPS: 68.9099 | T: 2:24:38
| train          | F: 505000 | S: 252500 | E: 505 | L: 1000 | R: 0.0000 | BS: 252500 | FPS: 66.9629 | T: 2:24:53
| train          | F: 506000 | S: 253000 | E: 506 | L: 1000 | R: 0.0000 | BS: 253000 | FPS: 69.0593 | T: 2:25:07
| train          | F: 507000 | S: 253500 | E: 507 | L: 1000 | R: 40.7054 | BS: 253500 | FPS: 64.9157 | T: 2:25:23
| train          | F: 508000 | S: 254000 | E: 508 | L: 1000 | R: 0.0000 | BS: 254000 | FPS: 64.0068 | T: 2:25:38
| train          | F: 509000 | S: 254500 | E: 509 | L: 1000 | R: 18.9849 | BS: 254500 | FPS: 68.1654 | T: 2:25:53
