Gym has been unmaintained since 2022 and does not support NumPy 2.0 amongst other critical functionality.
Please upgrade to Gymnasium, the maintained drop-in replacement of Gym, or contact the authors of your software and request that they upgrade.
Users of this version of Gym should be able to simply replace 'import gym' with 'import gymnasium as gym' in the vast majority of cases.
See the migration guide at https://gymnasium.farama.org/introduction/migration_guide/ for additional information.
/workspace/learn-si2e/SI2E/SI2E_A2C/rl-starter-files/rl-starter-files/scripts/train.py --algo a2c --env MiniGrid-UnlockPickup-v0 --model up-se-s2 --frames 3000000 --use_batch --save-interval 100 --log-interval 500 --seed 2 --use_entropy_reward --beta 0.005

Namespace(algo='a2c', env='MiniGrid-UnlockPickup-v0', model='up-se-s2', seed=2, log_interval=500, save_interval=100, procs=16, frames=3000000, epochs=4, batch_size=256, frames_per_proc=None, discount=0.99, lr=0.001, gae_lambda=0.95, entropy_coef=0.01, value_loss_coef=0.5, max_grad_norm=0.5, optim_eps=1e-08, optim_alpha=0.99, clip_eps=0.2, recurrence=1, text=False, use_entropy_reward=True, use_value_condition=False, beta=0.005, use_batch=True, ablation=None, mem=False)

Device: cuda:0

Environments loaded

Training status loaded

Observations preprocessor loaded
Model loaded

ACModel(
  (image_conv): Sequential(
    (0): Conv2d(3, 16, kernel_size=(2, 2), stride=(1, 1))
    (1): ReLU()
    (2): MaxPool2d(kernel_size=(2, 2), stride=(2, 2), padding=0, dilation=1, ceil_mode=False)
    (3): Conv2d(16, 32, kernel_size=(2, 2), stride=(1, 1))
    (4): ReLU()
    (5): Conv2d(32, 64, kernel_size=(2, 2), stride=(1, 1))
    (6): ReLU()
  )
  (actor): Sequential(
    (0): Linear(in_features=64, out_features=64, bias=True)
    (1): Tanh()
    (2): Linear(in_features=64, out_features=7, bias=True)
  )
  (critic): Sequential(
    (0): Linear(in_features=64, out_features=64, bias=True)
    (1): Tanh()
    (2): Linear(in_features=64, out_features=1, bias=True)
  )
  (extr_critic): Sequential(
    (0): Linear(in_features=64, out_features=64, bias=True)
    (1): Tanh()
    (2): Linear(in_features=64, out_features=1, bias=True)
  )
)

Optimizer loaded

Status saved
Status saved
Status saved
Status saved
U 500 | F 064000 | FPS 1233 | D 61 | rR:μσmM 0.00 0.00 0.00 0.00 | F:μσmM 288.0 0.0 288.0 288.0 | H 1.937 | V 0.080 | pL -0.000 | vL 0.000 | ∇ 0.001
Status saved
Status saved
Status saved
Status saved
Status saved
U 1000 | F 128000 | FPS 1165 | D 122 | rR:μσmM 0.00 0.00 0.00 0.00 | F:μσmM 288.0 0.0 288.0 288.0 | H 1.936 | V 0.088 | pL -0.001 | vL 0.000 | ∇ 0.001
Status saved
Status saved
Status saved
Status saved
Status saved
U 1500 | F 192000 | FPS 1044 | D 184 | rR:μσmM 0.01 0.05 0.00 0.22 | F:μσmM 285.5 9.7 248.0 288.0 | H 1.935 | V 0.076 | pL 0.004 | vL 0.000 | ∇ 0.003
Status saved
Status saved
Status saved
Status saved
Status saved
U 2000 | F 256000 | FPS 1169 | D 245 | rR:μσmM 0.00 0.00 0.00 0.00 | F:μσmM 288.0 0.0 288.0 288.0 | H 1.933 | V 0.072 | pL 0.001 | vL 0.000 | ∇ 0.001
Status saved
Status saved
Status saved
Status saved
Status saved
U 2500 | F 320000 | FPS 1199 | D 307 | rR:μσmM 0.00 0.00 0.00 0.00 | F:μσmM 288.0 0.0 288.0 288.0 | H 1.935 | V 0.070 | pL 0.004 | vL 0.000 | ∇ 0.003
Status saved
Status saved
Status saved
Status saved
Status saved
U 3000 | F 384000 | FPS 0992 | D 370 | rR:μσmM 0.00 0.00 0.00 0.00 | F:μσmM 288.0 0.0 288.0 288.0 | H 1.935 | V 0.069 | pL 0.004 | vL 0.000 | ∇ 0.003
Status saved
Status saved
Status saved
Status saved
Status saved
U 3500 | F 448000 | FPS 1161 | D 431 | rR:μσmM 0.00 0.00 0.00 0.00 | F:μσmM 288.0 0.0 288.0 288.0 | H 1.934 | V 0.066 | pL 0.003 | vL 0.000 | ∇ 0.002
Status saved
Status saved
Status saved
Status saved
Status saved
U 4000 | F 512000 | FPS 0986 | D 493 | rR:μσmM 0.00 0.00 0.00 0.00 | F:μσmM 288.0 0.0 288.0 288.0 | H 1.932 | V 0.065 | pL 0.001 | vL 0.000 | ∇ 0.001
Status saved
Status saved
Status saved
Status saved
Status saved
U 4500 | F 576000 | FPS 1194 | D 556 | rR:μσmM 0.00 0.00 0.00 0.00 | F:μσmM 288.0 0.0 288.0 288.0 | H 1.934 | V 0.083 | pL -0.103 | vL 0.004 | ∇ 0.058
Status saved
Status saved
Status saved
Status saved
Status saved
U 5000 | F 640000 | FPS 0908 | D 618 | rR:μσmM 0.00 0.00 0.00 0.00 | F:μσmM 288.0 0.0 288.0 288.0 | H 1.934 | V 0.083 | pL 0.001 | vL 0.000 | ∇ 0.001
Status saved
Status saved
Status saved
Status saved
Status saved
U 5500 | F 704000 | FPS 0686 | D 680 | rR:μσmM 0.00 0.00 0.00 0.00 | F:μσmM 288.0 0.0 288.0 288.0 | H 1.934 | V 0.078 | pL 0.006 | vL 0.000 | ∇ 0.004
Status saved
Status saved
Status saved
Status saved
Status saved
U 6000 | F 768000 | FPS 1308 | D 741 | rR:μσmM 0.00 0.00 0.00 0.00 | F:μσmM 288.0 0.0 288.0 288.0 | H 1.934 | V 0.078 | pL 0.005 | vL 0.000 | ∇ 0.003
Status saved
Status saved
Status saved
Status saved
Status saved
U 6500 | F 832000 | FPS 1148 | D 803 | rR:μσmM 0.00 0.00 0.00 0.00 | F:μσmM 288.0 0.0 288.0 288.0 | H 1.936 | V 0.077 | pL 0.004 | vL 0.000 | ∇ 0.002
Status saved
Status saved
Status saved
Status saved
Status saved
U 7000 | F 896000 | FPS 1305 | D 864 | rR:μσmM 0.02 0.07 0.00 0.30 | F:μσmM 283.9 15.7 223.0 288.0 | H 1.931 | V 0.079 | pL 0.003 | vL 0.000 | ∇ 0.002
Status saved
Status saved
Status saved
Status saved
Status saved
U 7500 | F 960000 | FPS 1189 | D 925 | rR:μσmM 0.00 0.00 0.00 0.00 | F:μσmM 288.0 0.0 288.0 288.0 | H 1.931 | V 0.079 | pL 0.005 | vL 0.000 | ∇ 0.003
Status saved
Status saved
Status saved
Status saved
Status saved
U 8000 | F 1024000 | FPS 0997 | D 987 | rR:μσmM 0.00 0.00 0.00 0.00 | F:μσmM 288.0 0.0 288.0 288.0 | H 1.932 | V 0.077 | pL 0.005 | vL 0.000 | ∇ 0.003
Status saved
Status saved
Status saved
Status saved
Status saved
U 8500 | F 1088000 | FPS 1115 | D 1048 | rR:μσmM 0.00 0.00 0.00 0.00 | F:μσmM 288.0 0.0 288.0 288.0 | H 1.925 | V 0.076 | pL 0.003 | vL 0.000 | ∇ 0.002
Status saved
Status saved
Status saved
Status saved
Status saved
U 9000 | F 1152000 | FPS 1111 | D 1109 | rR:μσmM 0.00 0.00 0.00 0.00 | F:μσmM 288.0 0.0 288.0 288.0 | H 1.929 | V 0.087 | pL -0.098 | vL 0.004 | ∇ 0.054
Status saved
Status saved
Status saved
Status saved
Status saved
U 9500 | F 1216000 | FPS 1024 | D 1172 | rR:μσmM 0.00 0.00 0.00 0.00 | F:μσmM 288.0 0.0 288.0 288.0 | H 1.930 | V 0.086 | pL 0.003 | vL 0.000 | ∇ 0.002
Status saved
Status saved
Status saved
Status saved
Status saved
U 10000 | F 1280000 | FPS 1111 | D 1232 | rR:μσmM 0.00 0.00 0.00 0.00 | F:μσmM 288.0 0.0 288.0 288.0 | H 1.933 | V 0.085 | pL -0.005 | vL 0.000 | ∇ 0.004
Status saved
Status saved
Status saved
Status saved
Status saved
U 10500 | F 1344000 | FPS 0968 | D 1294 | rR:μσmM 0.00 0.00 0.00 0.00 | F:μσmM 288.0 0.0 288.0 288.0 | H 1.935 | V 0.080 | pL 0.002 | vL 0.000 | ∇ 0.001
Status saved
Status saved
Status saved
Status saved
Status saved
U 11000 | F 1408000 | FPS 1262 | D 1356 | rR:μσmM 0.00 0.00 0.00 0.00 | F:μσmM 288.0 0.0 288.0 288.0 | H 1.931 | V 0.083 | pL 0.003 | vL 0.000 | ∇ 0.002
Status saved
Status saved
Status saved
Status saved
Status saved
U 11500 | F 1472000 | FPS 1084 | D 1418 | rR:μσmM 0.00 0.00 0.00 0.00 | F:μσmM 288.0 0.0 288.0 288.0 | H 1.935 | V 0.081 | pL 0.003 | vL 0.000 | ∇ 0.002
Status saved
Status saved
Status saved
Status saved
Status saved
U 12000 | F 1536000 | FPS 0980 | D 1481 | rR:μσmM 0.00 0.00 0.00 0.00 | F:μσmM 288.0 0.0 288.0 288.0 | H 1.933 | V 0.080 | pL -0.006 | vL 0.000 | ∇ 0.004
Status saved
Status saved
Status saved
Status saved
Status saved
U 12500 | F 1600000 | FPS 1123 | D 1544 | rR:μσmM 0.01 0.03 0.00 0.12 | F:μσmM 287.5 1.9 280.0 288.0 | H 1.932 | V 0.086 | pL 0.002 | vL 0.000 | ∇ 0.001
Status saved
Status saved
Status saved
Status saved
Status saved
U 13000 | F 1664000 | FPS 1168 | D 1605 | rR:μσmM 0.00 0.00 0.00 0.00 | F:μσmM 288.0 0.0 288.0 288.0 | H 1.933 | V 0.081 | pL 0.002 | vL 0.000 | ∇ 0.001
Status saved
Status saved
Status saved
Status saved
Status saved
U 13500 | F 1728000 | FPS 1166 | D 1667 | rR:μσmM 0.00 0.00 0.00 0.00 | F:μσmM 288.0 0.0 288.0 288.0 | H 1.926 | V 0.092 | pL -0.059 | vL 0.002 | ∇ 0.032
Status saved
Status saved
Status saved
Status saved
Status saved
U 14000 | F 1792000 | FPS 1239 | D 1723 | rR:μσmM 0.00 0.00 0.00 0.00 | F:μσmM 288.0 0.0 288.0 288.0 | H 1.932 | V 0.089 | pL 0.004 | vL 0.000 | ∇ 0.002
Status saved
Status saved
Status saved
Status saved
Status saved
U 14500 | F 1856000 | FPS 1350 | D 1773 | rR:μσmM 0.00 0.00 0.00 0.00 | F:μσmM 288.0 0.0 288.0 288.0 | H 1.932 | V 0.089 | pL -0.003 | vL 0.000 | ∇ 0.003
Status saved
Status saved
Status saved
Status saved
Status saved
U 15000 | F 1920000 | FPS 1347 | D 1822 | rR:μσmM 0.00 0.00 0.00 0.00 | F:μσmM 288.0 0.0 288.0 288.0 | H 1.932 | V 0.091 | pL 0.003 | vL 0.000 | ∇ 0.002
Status saved
Status saved
Status saved
Status saved
Status saved
U 15500 | F 1984000 | FPS 1313 | D 1871 | rR:μσmM 0.04 0.16 0.00 0.67 | F:μσmM 276.6 44.1 106.0 288.0 | H 1.934 | V 0.097 | pL 0.001 | vL 0.000 | ∇ 0.001
Status saved
Status saved
Status saved
Status saved
Status saved
U 16000 | F 2048000 | FPS 1438 | D 1921 | rR:μσmM 0.04 0.17 0.00 0.70 | F:μσmM 275.9 46.7 95.0 288.0 | H 1.932 | V 0.094 | pL -0.001 | vL 0.000 | ∇ 0.002
Status saved
Status saved
Status saved
Status saved
Status saved
U 16500 | F 2112000 | FPS 1315 | D 1968 | rR:μσmM 0.00 0.00 0.00 0.00 | F:μσmM 288.0 0.0 288.0 288.0 | H 1.935 | V 0.088 | pL -0.002 | vL 0.000 | ∇ 0.002
Status saved
Status saved
Status saved
Status saved
Status saved
U 17000 | F 2176000 | FPS 0978 | D 2016 | rR:μσmM 0.00 0.00 0.00 0.00 | F:μσmM 288.0 0.0 288.0 288.0 | H 1.932 | V 0.086 | pL -0.001 | vL 0.000 | ∇ 0.002
Status saved
Status saved
Status saved
Status saved
Status saved
U 17500 | F 2240000 | FPS 1392 | D 2064 | rR:μσmM 0.00 0.00 0.00 0.00 | F:μσmM 288.0 0.0 288.0 288.0 | H 1.934 | V 0.089 | pL 0.003 | vL 0.000 | ∇ 0.002
Status saved
Status saved
Status saved
Status saved
Status saved
U 18000 | F 2304000 | FPS 1391 | D 2111 | rR:μσmM 0.00 0.00 0.00 0.00 | F:μσmM 288.0 0.0 288.0 288.0 | H 1.929 | V 0.098 | pL -0.028 | vL 0.001 | ∇ 0.015
Status saved
Status saved
Status saved
Status saved
Status saved
U 18500 | F 2368000 | FPS 1308 | D 2159 | rR:μσmM 0.00 0.00 0.00 0.00 | F:μσmM 288.0 0.0 288.0 288.0 | H 1.933 | V 0.094 | pL 0.004 | vL 0.000 | ∇ 0.003
Status saved
Status saved
Status saved
Status saved
Status saved
U 19000 | F 2432000 | FPS 1337 | D 2206 | rR:μσmM 0.06 0.15 0.00 0.59 | F:μσmM 274.4 39.7 132.0 288.0 | H 1.931 | V 0.112 | pL -0.009 | vL 0.000 | ∇ 0.005
Status saved
Status saved
Status saved
Status saved
Status saved
U 19500 | F 2496000 | FPS 1380 | D 2253 | rR:μσmM 0.00 0.00 0.00 0.00 | F:μσmM 288.0 0.0 288.0 288.0 | H 1.933 | V 0.095 | pL 0.004 | vL 0.000 | ∇ 0.002
Status saved
Status saved
Status saved
Status saved
Status saved
U 20000 | F 2560000 | FPS 1354 | D 2301 | rR:μσmM 0.00 0.00 0.00 0.00 | F:μσmM 288.0 0.0 288.0 288.0 | H 1.933 | V 0.090 | pL 0.004 | vL 0.000 | ∇ 0.003
Status saved
Status saved
Status saved
Status saved
Status saved
U 20500 | F 2624000 | FPS 1256 | D 2348 | rR:μσmM 0.00 0.00 0.00 0.00 | F:μσmM 288.0 0.0 288.0 288.0 | H 1.933 | V 0.086 | pL -0.002 | vL 0.000 | ∇ 0.002
Status saved
Status saved
Status saved
Status saved
Status saved
U 21000 | F 2688000 | FPS 1348 | D 2395 | rR:μσmM 0.00 0.00 0.00 0.00 | F:μσmM 288.0 0.0 288.0 288.0 | H 1.928 | V 0.091 | pL -0.005 | vL 0.000 | ∇ 0.004
Status saved
Status saved
Status saved
Status saved
Status saved
U 21500 | F 2752000 | FPS 1259 | D 2442 | rR:μσmM 0.00 0.00 0.00 0.00 | F:μσmM 288.0 0.0 288.0 288.0 | H 1.934 | V 0.089 | pL 0.000 | vL 0.000 | ∇ 0.003
Status saved
Status saved
Status saved
Status saved
Status saved
U 22000 | F 2816000 | FPS 1294 | D 2490 | rR:μσmM 0.00 0.00 0.00 0.00 | F:μσmM 288.0 0.0 288.0 288.0 | H 1.932 | V 0.090 | pL 0.003 | vL 0.000 | ∇ 0.002
Status saved
Status saved
Status saved
Status saved
Status saved
U 22500 | F 2880000 | FPS 1507 | D 2537 | rR:μσmM 0.00 0.00 0.00 0.00 | F:μσmM 288.0 0.0 288.0 288.0 | H 1.933 | V 0.095 | pL -0.016 | vL 0.001 | ∇ 0.009
Status saved
Status saved
Status saved
Status saved
Status saved
U 23000 | F 2944000 | FPS 1354 | D 2584 | rR:μσmM 0.00 0.00 0.00 0.00 | F:μσmM 288.0 0.0 288.0 288.0 | H 1.929 | V 0.097 | pL -0.006 | vL 0.000 | ∇ 0.004
Status saved
Status saved
Status saved
Status saved
Status saved
