Gym has been unmaintained since 2022 and does not support NumPy 2.0 amongst other critical functionality.
Please upgrade to Gymnasium, the maintained drop-in replacement of Gym, or contact the authors of your software and request that they upgrade.
Users of this version of Gym should be able to simply replace 'import gym' with 'import gymnasium as gym' in the vast majority of cases.
See the migration guide at https://gymnasium.farama.org/introduction/migration_guide/ for additional information.
/workspace/learn-si2e/SI2E/SI2E_A2C/rl-starter-files/rl-starter-files/scripts/train.py --env MiniGrid-RedBlueDoors-6x6-v0 --model fastse-rbd-fast-si2e-RedBlueDoors-6x6-s1 --frames 3000000 --use_batch --save-interval 0 --log-interval 500 --seed 1 --algo a2c --use_entropy_reward --use_value_condition --beta 0.005 --fast_se

Namespace(algo='a2c', env='MiniGrid-RedBlueDoors-6x6-v0', model='fastse-rbd-fast-si2e-RedBlueDoors-6x6-s1', seed=1, log_interval=500, save_interval=0, procs=16, frames=3000000, epochs=4, batch_size=256, frames_per_proc=None, discount=0.99, lr=0.001, gae_lambda=0.95, entropy_coef=0.01, value_loss_coef=0.5, max_grad_norm=0.5, optim_eps=1e-08, optim_alpha=0.99, clip_eps=0.2, recurrence=1, text=False, use_entropy_reward=True, use_value_condition=True, beta=0.005, beta_adaptive=False, fast_se=True, cluster_method='kmeans', use_batch=True, ablation=None, mem=False)

Device: cuda:0

Environments loaded

Training status loaded

Observations preprocessor loaded
Model loaded

ACModel(
  (image_conv): Sequential(
    (0): Conv2d(3, 16, kernel_size=(2, 2), stride=(1, 1))
    (1): ReLU()
    (2): MaxPool2d(kernel_size=(2, 2), stride=(2, 2), padding=0, dilation=1, ceil_mode=False)
    (3): Conv2d(16, 32, kernel_size=(2, 2), stride=(1, 1))
    (4): ReLU()
    (5): Conv2d(32, 64, kernel_size=(2, 2), stride=(1, 1))
    (6): ReLU()
  )
  (actor): Sequential(
    (0): Linear(in_features=64, out_features=64, bias=True)
    (1): Tanh()
    (2): Linear(in_features=64, out_features=7, bias=True)
  )
  (critic): Sequential(
    (0): Linear(in_features=64, out_features=64, bias=True)
    (1): Tanh()
    (2): Linear(in_features=64, out_features=1, bias=True)
  )
  (extr_critic): Sequential(
    (0): Linear(in_features=64, out_features=64, bias=True)
    (1): Tanh()
    (2): Linear(in_features=64, out_features=1, bias=True)
  )
)

Optimizer loaded

U 500 | F 064000 | FPS 1524 | D 40 | rR:μσmM 0.36 0.40 0.00 0.97 | F:μσmM 124.5 170.6 10.0 587.0 | H 1.450 | V -0.072 | pL 0.056 | vL 0.032 | ∇ 0.144
U 1000 | F 128000 | FPS 1129 | D 81 | rR:μσmM 0.50 0.45 0.00 0.98 | F:μσmM 56.1 57.8 1.0 233.0 | H 1.545 | V 0.078 | pL -0.040 | vL 0.018 | ∇ 0.087
U 1500 | F 192000 | FPS 1741 | D 123 | rR:μσmM 0.77 0.37 0.00 0.99 | F:μσmM 39.8 41.6 11.0 189.0 | H 1.254 | V 0.274 | pL -0.021 | vL 0.017 | ∇ 0.102
U 2000 | F 256000 | FPS 1690 | D 165 | rR:μσmM 0.66 0.45 0.00 0.98 | F:μσmM 22.9 16.1 5.0 64.0 | H 1.185 | V 0.481 | pL 0.009 | vL 0.027 | ∇ 0.105
U 2500 | F 320000 | FPS 1714 | D 206 | rR:μσmM 0.18 0.37 0.00 0.98 | F:μσmM 16.6 14.3 2.0 62.0 | H 1.529 | V 0.098 | pL 0.030 | vL 0.054 | ∇ 0.190
U 3000 | F 384000 | FPS 1692 | D 247 | rR:μσmM 0.12 0.31 0.00 0.96 | F:μσmM 18.5 15.4 1.0 66.0 | H 1.680 | V 0.040 | pL -0.000 | vL 0.023 | ∇ 0.080
U 3500 | F 448000 | FPS 1395 | D 289 | rR:μσmM 0.12 0.31 0.00 0.97 | F:μσmM 27.9 21.8 3.0 79.0 | H 1.503 | V 0.016 | pL 0.041 | vL 0.062 | ∇ 0.170
U 4000 | F 512000 | FPS 1698 | D 330 | rR:μσmM 0.42 0.48 0.00 0.98 | F:μσmM 14.7 9.5 1.0 32.0 | H 1.244 | V 0.306 | pL -0.025 | vL 0.026 | ∇ 0.133
U 4500 | F 576000 | FPS 1560 | D 372 | rR:μσmM 0.31 0.45 0.00 0.99 | F:μσmM 13.1 6.9 4.0 29.0 | H 1.219 | V 0.293 | pL -0.018 | vL 0.037 | ∇ 0.080
U 5000 | F 640000 | FPS 1610 | D 413 | rR:μσmM 0.12 0.31 0.00 0.95 | F:μσmM 25.8 17.8 4.0 58.0 | H 1.712 | V 0.138 | pL -0.053 | vL 0.005 | ∇ 0.082
U 5500 | F 704000 | FPS 1722 | D 454 | rR:μσmM 0.79 0.38 0.00 0.99 | F:μσmM 21.1 8.5 10.0 43.0 | H 1.048 | V 0.432 | pL 0.051 | vL 0.040 | ∇ 0.127
U 6000 | F 768000 | FPS 1623 | D 496 | rR:μσmM 0.48 0.48 0.00 0.98 | F:μσmM 18.4 14.6 1.0 64.0 | H 0.946 | V 0.504 | pL -0.003 | vL 0.046 | ∇ 0.129
U 6500 | F 832000 | FPS 1744 | D 537 | rR:μσmM 0.61 0.47 0.00 0.98 | F:μσmM 16.6 7.1 5.0 30.0 | H 0.867 | V 0.549 | pL -0.008 | vL 0.016 | ∇ 0.065
U 7000 | F 896000 | FPS 1426 | D 579 | rR:μσmM 0.61 0.47 0.00 0.98 | F:μσmM 17.3 10.1 3.0 51.0 | H 0.938 | V 0.669 | pL -0.031 | vL 0.045 | ∇ 0.209
U 7500 | F 960000 | FPS 1511 | D 621 | rR:μσmM 0.79 0.38 0.00 0.98 | F:μσmM 18.8 7.9 1.0 32.0 | H 0.838 | V 0.673 | pL -0.065 | vL 0.055 | ∇ 0.153
U 8000 | F 1024000 | FPS 1387 | D 662 | rR:μσmM 0.67 0.45 0.00 0.98 | F:μσmM 16.5 7.4 4.0 30.0 | H 1.058 | V 0.608 | pL 0.010 | vL 0.008 | ∇ 0.045
U 8500 | F 1088000 | FPS 1465 | D 704 | rR:μσmM 0.67 0.45 0.00 0.98 | F:μσmM 20.9 11.0 3.0 47.0 | H 1.020 | V 0.590 | pL -0.009 | vL 0.044 | ∇ 0.108
U 9000 | F 1152000 | FPS 1635 | D 746 | rR:μσmM 0.73 0.42 0.00 0.99 | F:μσmM 16.0 8.9 1.0 31.0 | H 0.885 | V 0.689 | pL -0.022 | vL 0.016 | ∇ 0.081
U 9500 | F 1216000 | FPS 1545 | D 788 | rR:μσmM 0.80 0.38 0.00 0.99 | F:μσmM 15.3 6.0 6.0 26.0 | H 0.617 | V 0.767 | pL -0.096 | vL 0.055 | ∇ 0.273
U 10000 | F 1280000 | FPS 1526 | D 830 | rR:μσmM 0.73 0.42 0.00 0.98 | F:μσmM 15.9 8.5 1.0 30.0 | H 0.800 | V 0.767 | pL -0.009 | vL 0.030 | ∇ 0.080
U 10500 | F 1344000 | FPS 1553 | D 872 | rR:μσmM 0.91 0.24 0.00 0.98 | F:μσmM 21.9 6.1 9.0 37.0 | H 1.144 | V 0.685 | pL 0.007 | vL 0.026 | ∇ 0.075
U 11000 | F 1408000 | FPS 1723 | D 914 | rR:μσmM 0.85 0.32 0.00 0.99 | F:μσmM 19.5 9.7 5.0 47.0 | H 0.955 | V 0.704 | pL -0.028 | vL 0.005 | ∇ 0.063
U 11500 | F 1472000 | FPS 1420 | D 956 | rR:μσmM 0.73 0.42 0.00 0.98 | F:μσmM 17.8 7.2 1.0 29.0 | H 0.901 | V 0.691 | pL -0.032 | vL 0.041 | ∇ 0.096
U 12000 | F 1536000 | FPS 1336 | D 999 | rR:μσmM 0.67 0.45 0.00 0.98 | F:μσmM 18.6 15.8 2.0 74.0 | H 1.066 | V 0.661 | pL -0.013 | vL 0.038 | ∇ 0.076
U 12500 | F 1600000 | FPS 1618 | D 1042 | rR:μσmM 0.91 0.24 0.00 0.99 | F:μσmM 21.5 7.2 5.0 34.0 | H 0.997 | V 0.706 | pL 0.020 | vL 0.008 | ∇ 0.136
U 13000 | F 1664000 | FPS 1627 | D 1084 | rR:μσmM 0.73 0.42 0.00 0.99 | F:μσmM 15.8 7.7 4.0 29.0 | H 0.987 | V 0.714 | pL -0.034 | vL 0.035 | ∇ 0.132
U 13500 | F 1728000 | FPS 1510 | D 1127 | rR:μσmM 0.61 0.47 0.00 0.98 | F:μσmM 16.5 9.9 3.0 42.0 | H 1.113 | V 0.620 | pL -0.042 | vL 0.030 | ∇ 0.145
U 14000 | F 1792000 | FPS 1617 | D 1170 | rR:μσmM 0.80 0.38 0.00 0.99 | F:μσmM 14.4 5.3 4.0 23.0 | H 0.881 | V 0.757 | pL -0.008 | vL 0.015 | ∇ 0.084
U 14500 | F 1856000 | FPS 1422 | D 1212 | rR:μσmM 0.91 0.24 0.00 0.98 | F:μσmM 21.1 7.9 2.0 40.0 | H 1.015 | V 0.696 | pL -0.003 | vL 0.004 | ∇ 0.059
U 15000 | F 1920000 | FPS 1623 | D 1253 | rR:μσmM 0.79 0.38 0.00 0.98 | F:μσmM 15.9 5.3 4.0 23.0 | H 0.893 | V 0.730 | pL 0.009 | vL 0.006 | ∇ 0.100
U 15500 | F 1984000 | FPS 1478 | D 1295 | rR:μσmM 0.85 0.32 0.00 0.99 | F:μσmM 16.7 7.0 1.0 25.0 | H 0.952 | V 0.720 | pL -0.016 | vL 0.009 | ∇ 0.047
U 16000 | F 2048000 | FPS 1548 | D 1337 | rR:μσmM 0.73 0.42 0.00 0.98 | F:μσmM 18.2 6.8 1.0 31.0 | H 1.003 | V 0.673 | pL -0.018 | vL 0.019 | ∇ 0.058
U 16500 | F 2112000 | FPS 1594 | D 1378 | rR:μσmM 0.85 0.32 0.00 0.99 | F:μσmM 20.3 7.6 3.0 28.0 | H 1.042 | V 0.678 | pL -0.019 | vL 0.023 | ∇ 0.074
U 17000 | F 2176000 | FPS 1394 | D 1420 | rR:μσmM 0.73 0.42 0.00 0.99 | F:μσmM 15.6 4.8 8.0 25.0 | H 0.923 | V 0.715 | pL -0.053 | vL 0.037 | ∇ 0.120
U 17500 | F 2240000 | FPS 1649 | D 1462 | rR:μσmM 0.73 0.42 0.00 0.99 | F:μσmM 17.7 7.5 1.0 30.0 | H 1.158 | V 0.680 | pL -0.028 | vL 0.024 | ∇ 0.081
U 18000 | F 2304000 | FPS 1544 | D 1503 | rR:μσmM 0.85 0.32 0.00 0.98 | F:μσmM 20.6 7.8 6.0 32.0 | H 1.118 | V 0.746 | pL -0.027 | vL 0.004 | ∇ 0.070
U 18500 | F 2368000 | FPS 1444 | D 1547 | rR:μσmM 0.85 0.32 0.00 0.99 | F:μσmM 17.1 6.0 3.0 27.0 | H 0.916 | V 0.738 | pL -0.010 | vL 0.021 | ∇ 0.040
U 19000 | F 2432000 | FPS 1347 | D 1589 | rR:μσmM 0.73 0.42 0.00 0.99 | F:μσmM 15.6 7.6 2.0 26.0 | H 0.776 | V 0.766 | pL -0.082 | vL 0.048 | ∇ 0.170
U 19500 | F 2496000 | FPS 1510 | D 1632 | rR:μσmM 0.91 0.24 0.00 0.99 | F:μσmM 20.9 9.2 8.0 40.0 | H 0.794 | V 0.757 | pL -0.023 | vL 0.024 | ∇ 0.084
U 20000 | F 2560000 | FPS 1521 | D 1673 | rR:μσmM 0.73 0.42 0.00 0.98 | F:μσmM 18.8 7.3 7.0 29.0 | H 1.056 | V 0.721 | pL -0.002 | vL 0.020 | ∇ 0.097
U 20500 | F 2624000 | FPS 1594 | D 1715 | rR:μσmM 0.97 0.01 0.95 0.99 | F:μσmM 21.9 7.6 12.0 42.0 | H 0.919 | V 0.763 | pL 0.010 | vL 0.005 | ∇ 0.108
U 21000 | F 2688000 | FPS 1590 | D 1757 | rR:μσmM 0.86 0.32 0.00 0.99 | F:μσmM 16.8 6.6 4.0 32.0 | H 0.852 | V 0.749 | pL -0.002 | vL 0.026 | ∇ 0.044
U 21500 | F 2752000 | FPS 1387 | D 1798 | rR:μσmM 0.85 0.32 0.00 0.99 | F:μσmM 18.6 6.7 5.0 27.0 | H 0.856 | V 0.786 | pL 0.003 | vL 0.008 | ∇ 0.038
U 22000 | F 2816000 | FPS 1513 | D 1839 | rR:μσmM 0.85 0.32 0.00 0.99 | F:μσmM 17.9 6.6 2.0 27.0 | H 0.800 | V 0.765 | pL 0.003 | vL 0.004 | ∇ 0.064
U 22500 | F 2880000 | FPS 1512 | D 1882 | rR:μσmM 0.79 0.38 0.00 0.98 | F:μσmM 18.0 7.3 1.0 28.0 | H 0.866 | V 0.742 | pL 0.006 | vL 0.013 | ∇ 0.087
U 23000 | F 2944000 | FPS 1310 | D 1927 | rR:μσmM 0.73 0.42 0.00 0.99 | F:μσmM 16.4 9.8 4.0 40.0 | H 0.899 | V 0.755 | pL -0.012 | vL 0.024 | ∇ 0.052
Final model saved
