Gym has been unmaintained since 2022 and does not support NumPy 2.0 amongst other critical functionality.
Please upgrade to Gymnasium, the maintained drop-in replacement of Gym, or contact the authors of your software and request that they upgrade.
Users of this version of Gym should be able to simply replace 'import gym' with 'import gymnasium as gym' in the vast majority of cases.
See the migration guide at https://gymnasium.farama.org/introduction/migration_guide/ for additional information.
/workspace/learn-si2e/base-vcse/VCSE_A2C/rl-starter-files/rl-starter-files/scripts/train.py --algo a2c --env MiniGrid-KeyCorridorS5R3-v0 --model sweep-vcse-KeyCorridorS5R3-s1 --frames 1000000 --use_batch --save-interval 100 --log-interval 500 --seed 1 --use_entropy_reward --use_value_condition --beta 0.005

Namespace(algo='a2c', env='MiniGrid-KeyCorridorS5R3-v0', model='sweep-vcse-KeyCorridorS5R3-s1', seed=1, log_interval=500, save_interval=100, procs=16, frames=1000000, epochs=4, batch_size=256, frames_per_proc=None, discount=0.99, lr=0.001, gae_lambda=0.95, entropy_coef=0.01, value_loss_coef=0.5, max_grad_norm=0.5, optim_eps=1e-08, optim_alpha=0.99, clip_eps=0.2, recurrence=1, text=False, use_entropy_reward=True, use_value_condition=True, beta=0.005, use_batch=True, mem=False)

Device: cuda

Environments loaded

Training status loaded

Observations preprocessor loaded
Model loaded

ACModel(
  (image_conv): Sequential(
    (0): Conv2d(3, 16, kernel_size=(2, 2), stride=(1, 1))
    (1): ReLU()
    (2): MaxPool2d(kernel_size=(2, 2), stride=(2, 2), padding=0, dilation=1, ceil_mode=False)
    (3): Conv2d(16, 32, kernel_size=(2, 2), stride=(1, 1))
    (4): ReLU()
    (5): Conv2d(32, 64, kernel_size=(2, 2), stride=(1, 1))
    (6): ReLU()
  )
  (actor): Sequential(
    (0): Linear(in_features=64, out_features=64, bias=True)
    (1): Tanh()
    (2): Linear(in_features=64, out_features=7, bias=True)
  )
  (critic): Sequential(
    (0): Linear(in_features=64, out_features=64, bias=True)
    (1): Tanh()
    (2): Linear(in_features=64, out_features=1, bias=True)
  )
  (extr_critic): Sequential(
    (0): Linear(in_features=64, out_features=64, bias=True)
    (1): Tanh()
    (2): Linear(in_features=64, out_features=1, bias=True)
  )
)

Optimizer loaded

Status saved
Status saved
Status saved
Status saved
U 500 | F 064000 | FPS 0877 | D 62 | rR:μσmM 0.00 0.00 0.00 0.00 | F:μσmM 750.0 0.0 750.0 750.0 | H 1.812 | V -0.307 | pL 0.006 | vL 0.001 | ∇ 0.015
Status saved
Status saved
Status saved
Status saved
Status saved
U 1000 | F 128000 | FPS 1096 | D 123 | rR:μσmM 0.00 0.00 0.00 0.00 | F:μσmM 750.0 0.0 750.0 750.0 | H 1.792 | V -0.346 | pL -0.003 | vL 0.001 | ∇ 0.008
Status saved
Status saved
Status saved
Status saved
Status saved
U 1500 | F 192000 | FPS 1177 | D 184 | rR:μσmM 0.00 0.00 0.00 0.00 | F:μσmM 750.0 0.0 750.0 750.0 | H 1.796 | V -0.396 | pL 0.584 | vL 0.099 | ∇ 0.491
Status saved
Status saved
Status saved
Status saved
Status saved
U 2000 | F 256000 | FPS 1188 | D 246 | rR:μσmM 0.00 0.00 0.00 0.00 | F:μσmM 750.0 0.0 750.0 750.0 | H 1.775 | V -0.304 | pL -0.001 | vL 0.000 | ∇ 0.009
Status saved
Status saved
Status saved
Status saved
Status saved
U 2500 | F 320000 | FPS 1122 | D 309 | rR:μσmM 0.00 0.00 0.00 0.00 | F:μσmM 750.0 0.0 750.0 750.0 | H 1.757 | V -0.287 | pL -0.019 | vL 0.001 | ∇ 0.014
Status saved
Status saved
Status saved
Status saved
Status saved
U 3000 | F 384000 | FPS 1087 | D 371 | rR:μσmM 0.00 0.00 0.00 0.00 | F:μσmM 750.0 0.0 750.0 750.0 | H 1.801 | V -0.288 | pL 0.405 | vL 0.055 | ∇ 0.321
Status saved
Status saved
Status saved
Status saved
Status saved
U 3500 | F 448000 | FPS 1256 | D 432 | rR:μσmM 0.00 0.00 0.00 0.00 | F:μσmM 750.0 0.0 750.0 750.0 | H 1.780 | V -0.267 | pL -0.007 | vL 0.001 | ∇ 0.006
Status saved
Status saved
Status saved
Status saved
Status saved
U 4000 | F 512000 | FPS 0977 | D 494 | rR:μσmM 0.00 0.00 0.00 0.00 | F:μσmM 750.0 0.0 750.0 750.0 | H 1.780 | V -0.310 | pL -0.006 | vL 0.001 | ∇ 0.006
Status saved
Status saved
Status saved
Status saved
Status saved
U 4500 | F 576000 | FPS 0933 | D 555 | rR:μσmM 0.00 0.00 0.00 0.00 | F:μσmM 750.0 0.0 750.0 750.0 | H 1.799 | V -0.310 | pL 0.433 | vL 0.061 | ∇ 0.329
Status saved
Status saved
Status saved
Status saved
Status saved
U 5000 | F 640000 | FPS 1046 | D 617 | rR:μσmM 0.00 0.00 0.00 0.00 | F:μσmM 750.0 0.0 750.0 750.0 | H 1.768 | V -0.267 | pL -0.011 | vL 0.000 | ∇ 0.007
Status saved
Status saved
Status saved
Status saved
Status saved
U 5500 | F 704000 | FPS 1219 | D 678 | rR:μσmM 0.00 0.00 0.00 0.00 | F:μσmM 750.0 0.0 750.0 750.0 | H 1.751 | V -0.298 | pL -0.020 | vL 0.001 | ∇ 0.013
Status saved
Status saved
Status saved
Status saved
Status saved
U 6000 | F 768000 | FPS 0972 | D 739 | rR:μσmM 0.00 0.00 0.00 0.00 | F:μσmM 750.0 0.0 750.0 750.0 | H 1.785 | V -0.298 | pL 0.435 | vL 0.059 | ∇ 0.326
Status saved
Status saved
Status saved
Status saved
Status saved
U 6500 | F 832000 | FPS 1010 | D 800 | rR:μσmM 0.00 0.00 0.00 0.00 | F:μσmM 750.0 0.0 750.0 750.0 | H 1.774 | V -0.261 | pL -0.004 | vL 0.000 | ∇ 0.004
Status saved
Status saved
Status saved
Status saved
Status saved
U 7000 | F 896000 | FPS 0972 | D 861 | rR:μσmM 0.00 0.00 0.00 0.00 | F:μσmM 750.0 0.0 750.0 750.0 | H 1.768 | V -0.328 | pL -0.007 | vL 0.001 | ∇ 0.008
Status saved
Status saved
Status saved
Status saved
Status saved
U 7500 | F 960000 | FPS 0938 | D 924 | rR:μσmM 0.00 0.00 0.00 0.00 | F:μσmM 750.0 0.0 750.0 750.0 | H 1.793 | V -0.338 | pL 0.489 | vL 0.074 | ∇ 0.362
Status saved
Status saved
Status saved
Status saved
