/workspace/learn-si2e/SI2E/SI2E_DrQv2/train.py:210: UserWarning: 
The version_base parameter is not specified.
Please specify a compatability version level, or None.
Will assume defaults for version 1.1
  @hydra.main(config_path='cfgs', config_name='config')
/usr/local/lib/python3.10/dist-packages/hydra/_internal/hydra.py:119: UserWarning: Future Hydra versions will no longer change working directory at job runtime by default.
See https://hydra.cc/docs/1.2/upgrades/1.1_to_1.2/changes_to_job_working_dir/ for more information.
  ret = run_job(
/workspace/learn-si2e/SI2E/SI2E_DrQv2/train.py:210: UserWarning: 
The version_base parameter is not specified.
Please specify a compatability version level, or None.
Will assume defaults for version 1.1
  @hydra.main(config_path='cfgs', config_name='config')
workspace: /workspace/learn-si2e/results/drqv2-official/cartpole_swingup_se_seed1
| eval           | F: 0 | S: 0 | E: 0 | L: 1000 | R: 9.3777 | T: 0:00:00
| train          | F: 5000 | S: 2500 | E: 5 | L: 1000 | R: 73.5547 | BS: 2500 | FPS: 29.5806 | T: 0:00:33
| train          | F: 6000 | S: 3000 | E: 6 | L: 1000 | R: 71.9181 | BS: 3000 | FPS: 117.9812 | T: 0:00:42
| train          | F: 7000 | S: 3500 | E: 7 | L: 1000 | R: 71.4950 | BS: 3500 | FPS: 117.1342 | T: 0:00:50
| train          | F: 8000 | S: 4000 | E: 8 | L: 1000 | R: 73.1287 | BS: 4000 | FPS: 114.2030 | T: 0:00:59
| train          | F: 9000 | S: 4500 | E: 9 | L: 1000 | R: 74.3247 | BS: 4500 | FPS: 108.5027 | T: 0:01:08
| train          | F: 10000 | S: 5000 | E: 10 | L: 1000 | R: 134.7595 | BS: 5000 | FPS: 112.3223 | T: 0:01:17
| eval           | F: 10000 | S: 5000 | E: 10 | L: 1000 | R: 110.2101 | T: 0:01:17
| train          | F: 11000 | S: 5500 | E: 11 | L: 1000 | R: 123.0942 | BS: 5500 | FPS: 39.4742 | T: 0:01:43
| train          | F: 12000 | S: 6000 | E: 12 | L: 1000 | R: 142.9472 | BS: 6000 | FPS: 114.9382 | T: 0:01:51
| train          | F: 13000 | S: 6500 | E: 13 | L: 1000 | R: 124.6755 | BS: 6500 | FPS: 109.1783 | T: 0:02:00
| train          | F: 14000 | S: 7000 | E: 14 | L: 1000 | R: 137.5235 | BS: 7000 | FPS: 108.0395 | T: 0:02:10
| train          | F: 15000 | S: 7500 | E: 15 | L: 1000 | R: 193.0303 | BS: 7500 | FPS: 113.4633 | T: 0:02:18
| train          | F: 16000 | S: 8000 | E: 16 | L: 1000 | R: 225.7488 | BS: 8000 | FPS: 108.8230 | T: 0:02:28
| train          | F: 17000 | S: 8500 | E: 17 | L: 1000 | R: 200.3932 | BS: 8500 | FPS: 109.2172 | T: 0:02:37
| train          | F: 18000 | S: 9000 | E: 18 | L: 1000 | R: 161.5804 | BS: 9000 | FPS: 109.0016 | T: 0:02:46
| train          | F: 19000 | S: 9500 | E: 19 | L: 1000 | R: 213.2025 | BS: 9500 | FPS: 106.5993 | T: 0:02:55
| train          | F: 20000 | S: 10000 | E: 20 | L: 1000 | R: 206.3932 | BS: 10000 | FPS: 109.5861 | T: 0:03:04
| eval           | F: 20000 | S: 10000 | E: 20 | L: 1000 | R: 172.9593 | T: 0:03:04
| train          | F: 21000 | S: 10500 | E: 21 | L: 1000 | R: 186.8126 | BS: 10500 | FPS: 35.9847 | T: 0:03:32
| train          | F: 22000 | S: 11000 | E: 22 | L: 1000 | R: 237.3029 | BS: 11000 | FPS: 110.4736 | T: 0:03:41
| train          | F: 23000 | S: 11500 | E: 23 | L: 1000 | R: 192.4105 | BS: 11500 | FPS: 104.5720 | T: 0:03:51
| train          | F: 24000 | S: 12000 | E: 24 | L: 1000 | R: 204.9629 | BS: 12000 | FPS: 108.2418 | T: 0:04:00
| train          | F: 25000 | S: 12500 | E: 25 | L: 1000 | R: 176.0069 | BS: 12500 | FPS: 114.0288 | T: 0:04:09
| train          | F: 26000 | S: 13000 | E: 26 | L: 1000 | R: 195.2651 | BS: 13000 | FPS: 112.0425 | T: 0:04:18
| train          | F: 27000 | S: 13500 | E: 27 | L: 1000 | R: 241.1416 | BS: 13500 | FPS: 108.3983 | T: 0:04:27
| train          | F: 28000 | S: 14000 | E: 28 | L: 1000 | R: 197.8737 | BS: 14000 | FPS: 109.3721 | T: 0:04:36
| train          | F: 29000 | S: 14500 | E: 29 | L: 1000 | R: 221.0477 | BS: 14500 | FPS: 112.0371 | T: 0:04:45
| train          | F: 30000 | S: 15000 | E: 30 | L: 1000 | R: 197.4817 | BS: 15000 | FPS: 110.0705 | T: 0:04:54
| eval           | F: 30000 | S: 15000 | E: 30 | L: 1000 | R: 176.6181 | T: 0:04:54
| train          | F: 31000 | S: 15500 | E: 31 | L: 1000 | R: 158.1145 | BS: 15500 | FPS: 35.5230 | T: 0:05:22
| train          | F: 32000 | S: 16000 | E: 32 | L: 1000 | R: 196.4660 | BS: 16000 | FPS: 107.8866 | T: 0:05:32
| train          | F: 33000 | S: 16500 | E: 33 | L: 1000 | R: 177.5471 | BS: 16500 | FPS: 109.5980 | T: 0:05:41
| train          | F: 34000 | S: 17000 | E: 34 | L: 1000 | R: 194.6711 | BS: 17000 | FPS: 106.5461 | T: 0:05:50
| train          | F: 35000 | S: 17500 | E: 35 | L: 1000 | R: 163.0823 | BS: 17500 | FPS: 106.1924 | T: 0:06:00
| train          | F: 36000 | S: 18000 | E: 36 | L: 1000 | R: 180.3374 | BS: 18000 | FPS: 110.0795 | T: 0:06:09
| train          | F: 37000 | S: 18500 | E: 37 | L: 1000 | R: 224.7515 | BS: 18500 | FPS: 107.7810 | T: 0:06:18
| train          | F: 38000 | S: 19000 | E: 38 | L: 1000 | R: 183.9516 | BS: 19000 | FPS: 108.9927 | T: 0:06:27
| train          | F: 39000 | S: 19500 | E: 39 | L: 1000 | R: 183.0069 | BS: 19500 | FPS: 107.7403 | T: 0:06:36
| train          | F: 40000 | S: 20000 | E: 40 | L: 1000 | R: 186.4122 | BS: 20000 | FPS: 109.9353 | T: 0:06:45
| eval           | F: 40000 | S: 20000 | E: 40 | L: 1000 | R: 188.0457 | T: 0:06:45
| train          | F: 41000 | S: 20500 | E: 41 | L: 1000 | R: 214.1868 | BS: 20500 | FPS: 37.5195 | T: 0:07:12
| train          | F: 42000 | S: 21000 | E: 42 | L: 1000 | R: 187.7939 | BS: 21000 | FPS: 102.5163 | T: 0:07:22
| train          | F: 43000 | S: 21500 | E: 43 | L: 1000 | R: 179.8258 | BS: 21500 | FPS: 109.3862 | T: 0:07:31
| train          | F: 44000 | S: 22000 | E: 44 | L: 1000 | R: 205.0272 | BS: 22000 | FPS: 111.5018 | T: 0:07:40
| train          | F: 45000 | S: 22500 | E: 45 | L: 1000 | R: 219.4945 | BS: 22500 | FPS: 108.3529 | T: 0:07:49
| train          | F: 46000 | S: 23000 | E: 46 | L: 1000 | R: 180.5869 | BS: 23000 | FPS: 101.9467 | T: 0:07:59
| train          | F: 47000 | S: 23500 | E: 47 | L: 1000 | R: 180.0095 | BS: 23500 | FPS: 100.9613 | T: 0:08:09
| train          | F: 48000 | S: 24000 | E: 48 | L: 1000 | R: 185.1813 | BS: 24000 | FPS: 96.5154 | T: 0:08:19
| train          | F: 49000 | S: 24500 | E: 49 | L: 1000 | R: 201.7336 | BS: 24500 | FPS: 103.5518 | T: 0:08:29
| train          | F: 50000 | S: 25000 | E: 50 | L: 1000 | R: 202.9645 | BS: 25000 | FPS: 105.9026 | T: 0:08:38
| eval           | F: 50000 | S: 25000 | E: 50 | L: 1000 | R: 189.7892 | T: 0:08:38
| train          | F: 51000 | S: 25500 | E: 51 | L: 1000 | R: 189.9251 | BS: 25500 | FPS: 38.5977 | T: 0:09:04
| train          | F: 52000 | S: 26000 | E: 52 | L: 1000 | R: 194.7828 | BS: 26000 | FPS: 110.4532 | T: 0:09:13
| train          | F: 53000 | S: 26500 | E: 53 | L: 1000 | R: 163.0136 | BS: 26500 | FPS: 110.8957 | T: 0:09:22
| train          | F: 54000 | S: 27000 | E: 54 | L: 1000 | R: 176.6233 | BS: 27000 | FPS: 106.0511 | T: 0:09:32
| train          | F: 55000 | S: 27500 | E: 55 | L: 1000 | R: 199.8265 | BS: 27500 | FPS: 101.9917 | T: 0:09:42
| train          | F: 56000 | S: 28000 | E: 56 | L: 1000 | R: 205.8878 | BS: 28000 | FPS: 102.8231 | T: 0:09:51
| train          | F: 57000 | S: 28500 | E: 57 | L: 1000 | R: 210.9929 | BS: 28500 | FPS: 109.1196 | T: 0:10:00
| train          | F: 58000 | S: 29000 | E: 58 | L: 1000 | R: 201.5640 | BS: 29000 | FPS: 106.6229 | T: 0:10:10
| train          | F: 59000 | S: 29500 | E: 59 | L: 1000 | R: 198.6805 | BS: 29500 | FPS: 109.2370 | T: 0:10:19
| train          | F: 60000 | S: 30000 | E: 60 | L: 1000 | R: 203.8122 | BS: 30000 | FPS: 102.2646 | T: 0:10:29
| eval           | F: 60000 | S: 30000 | E: 60 | L: 1000 | R: 167.4206 | T: 0:10:29
| train          | F: 61000 | S: 30500 | E: 61 | L: 1000 | R: 181.2496 | BS: 30500 | FPS: 33.7921 | T: 0:10:58
| train          | F: 62000 | S: 31000 | E: 62 | L: 1000 | R: 162.0857 | BS: 31000 | FPS: 111.0061 | T: 0:11:07
| train          | F: 63000 | S: 31500 | E: 63 | L: 1000 | R: 259.5817 | BS: 31500 | FPS: 105.8099 | T: 0:11:17
| train          | F: 64000 | S: 32000 | E: 64 | L: 1000 | R: 183.9861 | BS: 32000 | FPS: 110.6959 | T: 0:11:26
| train          | F: 65000 | S: 32500 | E: 65 | L: 1000 | R: 192.7087 | BS: 32500 | FPS: 101.9445 | T: 0:11:36
| train          | F: 66000 | S: 33000 | E: 66 | L: 1000 | R: 190.1423 | BS: 33000 | FPS: 100.8807 | T: 0:11:46
| train          | F: 67000 | S: 33500 | E: 67 | L: 1000 | R: 179.1612 | BS: 33500 | FPS: 102.2241 | T: 0:11:55
| train          | F: 68000 | S: 34000 | E: 68 | L: 1000 | R: 179.7063 | BS: 34000 | FPS: 102.8369 | T: 0:12:05
| train          | F: 69000 | S: 34500 | E: 69 | L: 1000 | R: 245.3267 | BS: 34500 | FPS: 105.7489 | T: 0:12:15
| train          | F: 70000 | S: 35000 | E: 70 | L: 1000 | R: 166.3924 | BS: 35000 | FPS: 107.3949 | T: 0:12:24
| eval           | F: 70000 | S: 35000 | E: 70 | L: 1000 | R: 172.9793 | T: 0:12:24
| train          | F: 71000 | S: 35500 | E: 71 | L: 1000 | R: 248.8147 | BS: 35500 | FPS: 35.3059 | T: 0:12:52
| train          | F: 72000 | S: 36000 | E: 72 | L: 1000 | R: 190.5425 | BS: 36000 | FPS: 105.9182 | T: 0:13:02
| train          | F: 73000 | S: 36500 | E: 73 | L: 1000 | R: 216.5072 | BS: 36500 | FPS: 107.8516 | T: 0:13:11
| train          | F: 74000 | S: 37000 | E: 74 | L: 1000 | R: 209.8566 | BS: 37000 | FPS: 104.8725 | T: 0:13:20
| train          | F: 75000 | S: 37500 | E: 75 | L: 1000 | R: 224.8047 | BS: 37500 | FPS: 102.0023 | T: 0:13:30
| train          | F: 76000 | S: 38000 | E: 76 | L: 1000 | R: 194.2526 | BS: 38000 | FPS: 106.4555 | T: 0:13:40
| train          | F: 77000 | S: 38500 | E: 77 | L: 1000 | R: 207.1375 | BS: 38500 | FPS: 107.0862 | T: 0:13:49
| train          | F: 78000 | S: 39000 | E: 78 | L: 1000 | R: 185.2326 | BS: 39000 | FPS: 106.0024 | T: 0:13:58
| train          | F: 79000 | S: 39500 | E: 79 | L: 1000 | R: 235.5485 | BS: 39500 | FPS: 103.3093 | T: 0:14:08
| train          | F: 80000 | S: 40000 | E: 80 | L: 1000 | R: 184.5116 | BS: 40000 | FPS: 105.7855 | T: 0:14:18
| eval           | F: 80000 | S: 40000 | E: 80 | L: 1000 | R: 185.8972 | T: 0:14:18
| train          | F: 81000 | S: 40500 | E: 81 | L: 1000 | R: 190.2346 | BS: 40500 | FPS: 34.8333 | T: 0:14:46
| train          | F: 82000 | S: 41000 | E: 82 | L: 1000 | R: 219.0533 | BS: 41000 | FPS: 101.2990 | T: 0:14:56
| train          | F: 83000 | S: 41500 | E: 83 | L: 1000 | R: 233.5059 | BS: 41500 | FPS: 100.8070 | T: 0:15:06
| train          | F: 84000 | S: 42000 | E: 84 | L: 1000 | R: 193.4892 | BS: 42000 | FPS: 101.6892 | T: 0:15:16
| train          | F: 85000 | S: 42500 | E: 85 | L: 1000 | R: 200.9750 | BS: 42500 | FPS: 101.8891 | T: 0:15:26
| train          | F: 86000 | S: 43000 | E: 86 | L: 1000 | R: 207.4082 | BS: 43000 | FPS: 100.3729 | T: 0:15:36
| train          | F: 87000 | S: 43500 | E: 87 | L: 1000 | R: 187.2837 | BS: 43500 | FPS: 100.7898 | T: 0:15:46
| train          | F: 88000 | S: 44000 | E: 88 | L: 1000 | R: 199.4174 | BS: 44000 | FPS: 100.5748 | T: 0:15:56
| train          | F: 89000 | S: 44500 | E: 89 | L: 1000 | R: 202.1220 | BS: 44500 | FPS: 102.3261 | T: 0:16:05
| train          | F: 90000 | S: 45000 | E: 90 | L: 1000 | R: 187.0040 | BS: 45000 | FPS: 101.2575 | T: 0:16:15
| eval           | F: 90000 | S: 45000 | E: 90 | L: 1000 | R: 185.7224 | T: 0:16:15
| train          | F: 91000 | S: 45500 | E: 91 | L: 1000 | R: 173.5202 | BS: 45500 | FPS: 38.5753 | T: 0:16:41
| train          | F: 92000 | S: 46000 | E: 92 | L: 1000 | R: 200.2479 | BS: 46000 | FPS: 109.0537 | T: 0:16:50
| train          | F: 93000 | S: 46500 | E: 93 | L: 1000 | R: 215.7054 | BS: 46500 | FPS: 103.6730 | T: 0:17:00
| train          | F: 94000 | S: 47000 | E: 94 | L: 1000 | R: 192.0729 | BS: 47000 | FPS: 105.9062 | T: 0:17:09
| train          | F: 95000 | S: 47500 | E: 95 | L: 1000 | R: 208.0439 | BS: 47500 | FPS: 98.4537 | T: 0:17:20
| train          | F: 96000 | S: 48000 | E: 96 | L: 1000 | R: 200.1141 | BS: 48000 | FPS: 103.7322 | T: 0:17:29
| train          | F: 97000 | S: 48500 | E: 97 | L: 1000 | R: 184.7340 | BS: 48500 | FPS: 104.1967 | T: 0:17:39
| train          | F: 98000 | S: 49000 | E: 98 | L: 1000 | R: 179.8629 | BS: 49000 | FPS: 108.1178 | T: 0:17:48
| train          | F: 99000 | S: 49500 | E: 99 | L: 1000 | R: 181.0485 | BS: 49500 | FPS: 104.2298 | T: 0:17:58
| train          | F: 100000 | S: 50000 | E: 100 | L: 1000 | R: 179.6123 | BS: 50000 | FPS: 104.1887 | T: 0:18:07
| eval           | F: 100000 | S: 50000 | E: 100 | L: 1000 | R: 192.8936 | T: 0:18:07
| train          | F: 101000 | S: 50500 | E: 101 | L: 1000 | R: 170.2074 | BS: 50500 | FPS: 34.4742 | T: 0:18:36
| train          | F: 102000 | S: 51000 | E: 102 | L: 1000 | R: 211.9322 | BS: 51000 | FPS: 100.8581 | T: 0:18:46
| train          | F: 103000 | S: 51500 | E: 103 | L: 1000 | R: 181.4619 | BS: 51500 | FPS: 100.4360 | T: 0:18:56
| train          | F: 104000 | S: 52000 | E: 104 | L: 1000 | R: 199.1941 | BS: 52000 | FPS: 103.1590 | T: 0:19:06
| train          | F: 105000 | S: 52500 | E: 105 | L: 1000 | R: 182.7023 | BS: 52500 | FPS: 101.2684 | T: 0:19:16
| train          | F: 106000 | S: 53000 | E: 106 | L: 1000 | R: 186.6456 | BS: 53000 | FPS: 99.1135 | T: 0:19:26
| train          | F: 107000 | S: 53500 | E: 107 | L: 1000 | R: 233.2073 | BS: 53500 | FPS: 99.3638 | T: 0:19:36
| train          | F: 108000 | S: 54000 | E: 108 | L: 1000 | R: 193.1260 | BS: 54000 | FPS: 99.7344 | T: 0:19:46
| train          | F: 109000 | S: 54500 | E: 109 | L: 1000 | R: 238.6821 | BS: 54500 | FPS: 101.1571 | T: 0:19:56
| train          | F: 110000 | S: 55000 | E: 110 | L: 1000 | R: 175.1711 | BS: 55000 | FPS: 101.9274 | T: 0:20:06
| eval           | F: 110000 | S: 55000 | E: 110 | L: 1000 | R: 179.9516 | T: 0:20:06
| train          | F: 111000 | S: 55500 | E: 111 | L: 1000 | R: 209.3411 | BS: 55500 | FPS: 34.0340 | T: 0:20:35
| train          | F: 112000 | S: 56000 | E: 112 | L: 1000 | R: 238.4633 | BS: 56000 | FPS: 104.6728 | T: 0:20:44
| train          | F: 113000 | S: 56500 | E: 113 | L: 1000 | R: 191.8507 | BS: 56500 | FPS: 105.3101 | T: 0:20:54
| train          | F: 114000 | S: 57000 | E: 114 | L: 1000 | R: 219.7925 | BS: 57000 | FPS: 106.3289 | T: 0:21:03
| train          | F: 115000 | S: 57500 | E: 115 | L: 1000 | R: 240.6310 | BS: 57500 | FPS: 107.0070 | T: 0:21:13
| train          | F: 116000 | S: 58000 | E: 116 | L: 1000 | R: 180.0460 | BS: 58000 | FPS: 104.9724 | T: 0:21:22
| train          | F: 117000 | S: 58500 | E: 117 | L: 1000 | R: 246.6067 | BS: 58500 | FPS: 102.8610 | T: 0:21:32
| train          | F: 118000 | S: 59000 | E: 118 | L: 1000 | R: 208.0870 | BS: 59000 | FPS: 101.0898 | T: 0:21:42
| train          | F: 119000 | S: 59500 | E: 119 | L: 1000 | R: 216.9273 | BS: 59500 | FPS: 102.3966 | T: 0:21:52
| train          | F: 120000 | S: 60000 | E: 120 | L: 1000 | R: 206.4077 | BS: 60000 | FPS: 99.2267 | T: 0:22:02
| eval           | F: 120000 | S: 60000 | E: 120 | L: 1000 | R: 201.9565 | T: 0:22:02
| train          | F: 121000 | S: 60500 | E: 121 | L: 1000 | R: 201.5242 | BS: 60500 | FPS: 35.2216 | T: 0:22:30
| train          | F: 122000 | S: 61000 | E: 122 | L: 1000 | R: 198.6980 | BS: 61000 | FPS: 104.6991 | T: 0:22:40
| train          | F: 123000 | S: 61500 | E: 123 | L: 1000 | R: 241.4785 | BS: 61500 | FPS: 106.5055 | T: 0:22:49
| train          | F: 124000 | S: 62000 | E: 124 | L: 1000 | R: 249.8262 | BS: 62000 | FPS: 107.6663 | T: 0:22:58
| train          | F: 125000 | S: 62500 | E: 125 | L: 1000 | R: 278.4720 | BS: 62500 | FPS: 103.7558 | T: 0:23:08
| train          | F: 126000 | S: 63000 | E: 126 | L: 1000 | R: 211.6664 | BS: 63000 | FPS: 103.7145 | T: 0:23:18
| train          | F: 127000 | S: 63500 | E: 127 | L: 1000 | R: 297.7531 | BS: 63500 | FPS: 103.3178 | T: 0:23:27
| train          | F: 128000 | S: 64000 | E: 128 | L: 1000 | R: 255.6127 | BS: 64000 | FPS: 108.4274 | T: 0:23:36
| train          | F: 129000 | S: 64500 | E: 129 | L: 1000 | R: 258.8788 | BS: 64500 | FPS: 108.0940 | T: 0:23:46
| train          | F: 130000 | S: 65000 | E: 130 | L: 1000 | R: 235.7193 | BS: 65000 | FPS: 104.5374 | T: 0:23:55
| eval           | F: 130000 | S: 65000 | E: 130 | L: 1000 | R: 234.7787 | T: 0:23:55
| train          | F: 131000 | S: 65500 | E: 131 | L: 1000 | R: 209.0132 | BS: 65500 | FPS: 35.0526 | T: 0:24:24
| train          | F: 132000 | S: 66000 | E: 132 | L: 1000 | R: 246.0380 | BS: 66000 | FPS: 104.4968 | T: 0:24:33
| train          | F: 133000 | S: 66500 | E: 133 | L: 1000 | R: 243.7716 | BS: 66500 | FPS: 103.0560 | T: 0:24:43
| train          | F: 134000 | S: 67000 | E: 134 | L: 1000 | R: 188.7216 | BS: 67000 | FPS: 102.3881 | T: 0:24:53
| train          | F: 135000 | S: 67500 | E: 135 | L: 1000 | R: 250.2042 | BS: 67500 | FPS: 101.4730 | T: 0:25:03
| train          | F: 136000 | S: 68000 | E: 136 | L: 1000 | R: 310.4671 | BS: 68000 | FPS: 106.8078 | T: 0:25:12
| train          | F: 137000 | S: 68500 | E: 137 | L: 1000 | R: 283.8131 | BS: 68500 | FPS: 109.0591 | T: 0:25:21
| train          | F: 138000 | S: 69000 | E: 138 | L: 1000 | R: 241.7025 | BS: 69000 | FPS: 102.5839 | T: 0:25:31
| train          | F: 139000 | S: 69500 | E: 139 | L: 1000 | R: 232.8262 | BS: 69500 | FPS: 108.5700 | T: 0:25:40
| train          | F: 140000 | S: 70000 | E: 140 | L: 1000 | R: 292.7021 | BS: 70000 | FPS: 107.8828 | T: 0:25:49
| eval           | F: 140000 | S: 70000 | E: 140 | L: 1000 | R: 243.9071 | T: 0:25:49
| train          | F: 141000 | S: 70500 | E: 141 | L: 1000 | R: 331.5562 | BS: 70500 | FPS: 37.6365 | T: 0:26:16
| train          | F: 142000 | S: 71000 | E: 142 | L: 1000 | R: 257.0377 | BS: 71000 | FPS: 107.0302 | T: 0:26:25
| train          | F: 143000 | S: 71500 | E: 143 | L: 1000 | R: 251.1242 | BS: 71500 | FPS: 105.9207 | T: 0:26:35
| train          | F: 144000 | S: 72000 | E: 144 | L: 1000 | R: 324.2645 | BS: 72000 | FPS: 106.6087 | T: 0:26:44
| train          | F: 145000 | S: 72500 | E: 145 | L: 1000 | R: 223.0033 | BS: 72500 | FPS: 108.4610 | T: 0:26:53
| train          | F: 146000 | S: 73000 | E: 146 | L: 1000 | R: 222.9860 | BS: 73000 | FPS: 103.2019 | T: 0:27:03
| train          | F: 147000 | S: 73500 | E: 147 | L: 1000 | R: 300.1782 | BS: 73500 | FPS: 102.9433 | T: 0:27:13
| train          | F: 148000 | S: 74000 | E: 148 | L: 1000 | R: 289.4765 | BS: 74000 | FPS: 101.4156 | T: 0:27:23
| train          | F: 149000 | S: 74500 | E: 149 | L: 1000 | R: 250.3061 | BS: 74500 | FPS: 101.2367 | T: 0:27:33
| train          | F: 150000 | S: 75000 | E: 150 | L: 1000 | R: 305.3928 | BS: 75000 | FPS: 101.8858 | T: 0:27:42
| eval           | F: 150000 | S: 75000 | E: 150 | L: 1000 | R: 275.8066 | T: 0:27:42
| train          | F: 151000 | S: 75500 | E: 151 | L: 1000 | R: 292.3219 | BS: 75500 | FPS: 34.8892 | T: 0:28:11
| train          | F: 152000 | S: 76000 | E: 152 | L: 1000 | R: 246.9010 | BS: 76000 | FPS: 101.4497 | T: 0:28:21
| train          | F: 153000 | S: 76500 | E: 153 | L: 1000 | R: 387.6929 | BS: 76500 | FPS: 103.6600 | T: 0:28:31
| train          | F: 154000 | S: 77000 | E: 154 | L: 1000 | R: 262.4108 | BS: 77000 | FPS: 105.6155 | T: 0:28:40
| train          | F: 155000 | S: 77500 | E: 155 | L: 1000 | R: 202.1826 | BS: 77500 | FPS: 103.6338 | T: 0:28:50
| train          | F: 156000 | S: 78000 | E: 156 | L: 1000 | R: 320.3723 | BS: 78000 | FPS: 103.9285 | T: 0:28:59
| train          | F: 157000 | S: 78500 | E: 157 | L: 1000 | R: 199.2624 | BS: 78500 | FPS: 107.8800 | T: 0:29:09
| train          | F: 158000 | S: 79000 | E: 158 | L: 1000 | R: 324.9050 | BS: 79000 | FPS: 108.2242 | T: 0:29:18
| train          | F: 159000 | S: 79500 | E: 159 | L: 1000 | R: 242.0971 | BS: 79500 | FPS: 106.9159 | T: 0:29:27
| train          | F: 160000 | S: 80000 | E: 160 | L: 1000 | R: 255.0096 | BS: 80000 | FPS: 105.5172 | T: 0:29:37
| eval           | F: 160000 | S: 80000 | E: 160 | L: 1000 | R: 346.2427 | T: 0:29:37
| train          | F: 161000 | S: 80500 | E: 161 | L: 1000 | R: 285.4406 | BS: 80500 | FPS: 38.3475 | T: 0:30:03
| train          | F: 162000 | S: 81000 | E: 162 | L: 1000 | R: 330.7397 | BS: 81000 | FPS: 107.7926 | T: 0:30:12
| train          | F: 163000 | S: 81500 | E: 163 | L: 1000 | R: 283.7222 | BS: 81500 | FPS: 105.1763 | T: 0:30:22
| train          | F: 164000 | S: 82000 | E: 164 | L: 1000 | R: 299.1487 | BS: 82000 | FPS: 103.0942 | T: 0:30:31
| train          | F: 165000 | S: 82500 | E: 165 | L: 1000 | R: 260.9955 | BS: 82500 | FPS: 96.4436 | T: 0:30:42
| train          | F: 166000 | S: 83000 | E: 166 | L: 1000 | R: 366.3552 | BS: 83000 | FPS: 105.4217 | T: 0:30:51
| train          | F: 167000 | S: 83500 | E: 167 | L: 1000 | R: 331.8973 | BS: 83500 | FPS: 103.8875 | T: 0:31:01
| train          | F: 168000 | S: 84000 | E: 168 | L: 1000 | R: 310.8386 | BS: 84000 | FPS: 104.6964 | T: 0:31:10
| train          | F: 169000 | S: 84500 | E: 169 | L: 1000 | R: 348.3497 | BS: 84500 | FPS: 105.8538 | T: 0:31:20
| train          | F: 170000 | S: 85000 | E: 170 | L: 1000 | R: 123.9504 | BS: 85000 | FPS: 103.5761 | T: 0:31:29
| eval           | F: 170000 | S: 85000 | E: 170 | L: 1000 | R: 353.6148 | T: 0:31:29
| train          | F: 171000 | S: 85500 | E: 171 | L: 1000 | R: 263.0214 | BS: 85500 | FPS: 35.5385 | T: 0:31:57
| train          | F: 172000 | S: 86000 | E: 172 | L: 1000 | R: 299.6379 | BS: 86000 | FPS: 103.9390 | T: 0:32:07
| train          | F: 173000 | S: 86500 | E: 173 | L: 1000 | R: 359.7323 | BS: 86500 | FPS: 109.2264 | T: 0:32:16
| train          | F: 174000 | S: 87000 | E: 174 | L: 1000 | R: 306.6602 | BS: 87000 | FPS: 107.0240 | T: 0:32:26
| train          | F: 175000 | S: 87500 | E: 175 | L: 1000 | R: 343.3657 | BS: 87500 | FPS: 108.0560 | T: 0:32:35
| train          | F: 176000 | S: 88000 | E: 176 | L: 1000 | R: 489.1052 | BS: 88000 | FPS: 107.0258 | T: 0:32:44
| train          | F: 177000 | S: 88500 | E: 177 | L: 1000 | R: 332.0662 | BS: 88500 | FPS: 99.9180 | T: 0:32:54
| train          | F: 178000 | S: 89000 | E: 178 | L: 1000 | R: 431.4111 | BS: 89000 | FPS: 104.4823 | T: 0:33:04
| train          | F: 179000 | S: 89500 | E: 179 | L: 1000 | R: 352.9422 | BS: 89500 | FPS: 104.4098 | T: 0:33:13
| train          | F: 180000 | S: 90000 | E: 180 | L: 1000 | R: 323.1805 | BS: 90000 | FPS: 102.5152 | T: 0:33:23
| eval           | F: 180000 | S: 90000 | E: 180 | L: 1000 | R: 330.0987 | T: 0:33:23
| train          | F: 181000 | S: 90500 | E: 181 | L: 1000 | R: 276.7321 | BS: 90500 | FPS: 38.2211 | T: 0:33:49
| train          | F: 182000 | S: 91000 | E: 182 | L: 1000 | R: 390.0780 | BS: 91000 | FPS: 105.5400 | T: 0:33:59
| train          | F: 183000 | S: 91500 | E: 183 | L: 1000 | R: 464.0521 | BS: 91500 | FPS: 106.2049 | T: 0:34:08
| train          | F: 184000 | S: 92000 | E: 184 | L: 1000 | R: 376.8903 | BS: 92000 | FPS: 104.9131 | T: 0:34:18
| train          | F: 185000 | S: 92500 | E: 185 | L: 1000 | R: 487.7704 | BS: 92500 | FPS: 107.3891 | T: 0:34:27
| train          | F: 186000 | S: 93000 | E: 186 | L: 1000 | R: 368.3065 | BS: 93000 | FPS: 108.0267 | T: 0:34:36
| train          | F: 187000 | S: 93500 | E: 187 | L: 1000 | R: 416.9374 | BS: 93500 | FPS: 104.3911 | T: 0:34:46
| train          | F: 188000 | S: 94000 | E: 188 | L: 1000 | R: 349.4674 | BS: 94000 | FPS: 103.6427 | T: 0:34:55
| train          | F: 189000 | S: 94500 | E: 189 | L: 1000 | R: 427.6607 | BS: 94500 | FPS: 101.6226 | T: 0:35:05
| train          | F: 190000 | S: 95000 | E: 190 | L: 1000 | R: 517.2441 | BS: 95000 | FPS: 106.3767 | T: 0:35:15
| eval           | F: 190000 | S: 95000 | E: 190 | L: 1000 | R: 472.4611 | T: 0:35:15
| train          | F: 191000 | S: 95500 | E: 191 | L: 1000 | R: 439.4185 | BS: 95500 | FPS: 38.0229 | T: 0:35:41
| train          | F: 192000 | S: 96000 | E: 192 | L: 1000 | R: 439.0475 | BS: 96000 | FPS: 105.1539 | T: 0:35:51
| train          | F: 193000 | S: 96500 | E: 193 | L: 1000 | R: 460.5802 | BS: 96500 | FPS: 108.2153 | T: 0:36:00
| train          | F: 194000 | S: 97000 | E: 194 | L: 1000 | R: 524.5078 | BS: 97000 | FPS: 107.9445 | T: 0:36:09
| train          | F: 195000 | S: 97500 | E: 195 | L: 1000 | R: 455.0569 | BS: 97500 | FPS: 104.8533 | T: 0:36:19
| train          | F: 196000 | S: 98000 | E: 196 | L: 1000 | R: 622.1697 | BS: 98000 | FPS: 100.3034 | T: 0:36:29
| train          | F: 197000 | S: 98500 | E: 197 | L: 1000 | R: 505.0509 | BS: 98500 | FPS: 101.4236 | T: 0:36:38
| train          | F: 198000 | S: 99000 | E: 198 | L: 1000 | R: 549.4169 | BS: 99000 | FPS: 108.5838 | T: 0:36:48
| train          | F: 199000 | S: 99500 | E: 199 | L: 1000 | R: 386.6268 | BS: 99500 | FPS: 106.0101 | T: 0:36:57
| train          | F: 200000 | S: 100000 | E: 200 | L: 1000 | R: 632.8136 | BS: 100000 | FPS: 107.3776 | T: 0:37:06
| eval           | F: 200000 | S: 100000 | E: 200 | L: 1000 | R: 570.3661 | T: 0:37:06
| train          | F: 201000 | S: 100500 | E: 201 | L: 1000 | R: 692.6114 | BS: 100500 | FPS: 38.0870 | T: 0:37:33
| train          | F: 202000 | S: 101000 | E: 202 | L: 1000 | R: 594.3093 | BS: 101000 | FPS: 106.9229 | T: 0:37:42
| train          | F: 203000 | S: 101500 | E: 203 | L: 1000 | R: 531.6680 | BS: 101500 | FPS: 108.6228 | T: 0:37:51
| train          | F: 204000 | S: 102000 | E: 204 | L: 1000 | R: 438.4649 | BS: 102000 | FPS: 105.5663 | T: 0:38:01
| train          | F: 205000 | S: 102500 | E: 205 | L: 1000 | R: 547.6778 | BS: 102500 | FPS: 108.1299 | T: 0:38:10
| train          | F: 206000 | S: 103000 | E: 206 | L: 1000 | R: 500.2666 | BS: 103000 | FPS: 108.0821 | T: 0:38:19
| train          | F: 207000 | S: 103500 | E: 207 | L: 1000 | R: 492.2449 | BS: 103500 | FPS: 107.9758 | T: 0:38:28
| train          | F: 208000 | S: 104000 | E: 208 | L: 1000 | R: 652.8532 | BS: 104000 | FPS: 100.9574 | T: 0:38:38
| train          | F: 209000 | S: 104500 | E: 209 | L: 1000 | R: 540.6191 | BS: 104500 | FPS: 94.1889 | T: 0:38:49
| train          | F: 210000 | S: 105000 | E: 210 | L: 1000 | R: 429.1995 | BS: 105000 | FPS: 104.3170 | T: 0:38:59
| eval           | F: 210000 | S: 105000 | E: 210 | L: 1000 | R: 480.2812 | T: 0:38:59
| train          | F: 211000 | S: 105500 | E: 211 | L: 1000 | R: 483.1341 | BS: 105500 | FPS: 37.9830 | T: 0:39:25
| train          | F: 212000 | S: 106000 | E: 212 | L: 1000 | R: 663.8402 | BS: 106000 | FPS: 110.2018 | T: 0:39:34
| train          | F: 213000 | S: 106500 | E: 213 | L: 1000 | R: 619.4315 | BS: 106500 | FPS: 108.7097 | T: 0:39:43
| train          | F: 214000 | S: 107000 | E: 214 | L: 1000 | R: 574.5102 | BS: 107000 | FPS: 108.4892 | T: 0:39:52
| train          | F: 215000 | S: 107500 | E: 215 | L: 1000 | R: 564.9330 | BS: 107500 | FPS: 106.1514 | T: 0:40:02
| train          | F: 216000 | S: 108000 | E: 216 | L: 1000 | R: 636.3611 | BS: 108000 | FPS: 106.9571 | T: 0:40:11
| train          | F: 217000 | S: 108500 | E: 217 | L: 1000 | R: 622.4469 | BS: 108500 | FPS: 106.9712 | T: 0:40:20
| train          | F: 218000 | S: 109000 | E: 218 | L: 1000 | R: 540.5813 | BS: 109000 | FPS: 104.1356 | T: 0:40:30
| train          | F: 219000 | S: 109500 | E: 219 | L: 1000 | R: 706.6138 | BS: 109500 | FPS: 100.8032 | T: 0:40:40
| train          | F: 220000 | S: 110000 | E: 220 | L: 1000 | R: 256.3601 | BS: 110000 | FPS: 101.8374 | T: 0:40:50
| eval           | F: 220000 | S: 110000 | E: 220 | L: 1000 | R: 647.0623 | T: 0:40:50
| train          | F: 221000 | S: 110500 | E: 221 | L: 1000 | R: 570.5271 | BS: 110500 | FPS: 37.7795 | T: 0:41:16
| train          | F: 222000 | S: 111000 | E: 222 | L: 1000 | R: 445.0867 | BS: 111000 | FPS: 108.7699 | T: 0:41:25
| train          | F: 223000 | S: 111500 | E: 223 | L: 1000 | R: 516.7221 | BS: 111500 | FPS: 98.9059 | T: 0:41:36
| train          | F: 224000 | S: 112000 | E: 224 | L: 1000 | R: 483.1089 | BS: 112000 | FPS: 104.6677 | T: 0:41:45
| train          | F: 225000 | S: 112500 | E: 225 | L: 1000 | R: 657.0522 | BS: 112500 | FPS: 97.0922 | T: 0:41:55
| train          | F: 226000 | S: 113000 | E: 226 | L: 1000 | R: 483.7770 | BS: 113000 | FPS: 106.2296 | T: 0:42:05
| train          | F: 227000 | S: 113500 | E: 227 | L: 1000 | R: 658.8931 | BS: 113500 | FPS: 97.8033 | T: 0:42:15
| train          | F: 228000 | S: 114000 | E: 228 | L: 1000 | R: 677.7740 | BS: 114000 | FPS: 106.9989 | T: 0:42:24
| train          | F: 229000 | S: 114500 | E: 229 | L: 1000 | R: 346.5912 | BS: 114500 | FPS: 103.1751 | T: 0:42:34
| train          | F: 230000 | S: 115000 | E: 230 | L: 1000 | R: 612.5337 | BS: 115000 | FPS: 98.6990 | T: 0:42:44
| eval           | F: 230000 | S: 115000 | E: 230 | L: 1000 | R: 495.4640 | T: 0:42:44
| train          | F: 231000 | S: 115500 | E: 231 | L: 1000 | R: 657.6279 | BS: 115500 | FPS: 36.9277 | T: 0:43:11
| train          | F: 232000 | S: 116000 | E: 232 | L: 1000 | R: 647.2319 | BS: 116000 | FPS: 102.4691 | T: 0:43:21
| train          | F: 233000 | S: 116500 | E: 233 | L: 1000 | R: 627.0301 | BS: 116500 | FPS: 104.5826 | T: 0:43:31
| train          | F: 234000 | S: 117000 | E: 234 | L: 1000 | R: 654.2896 | BS: 117000 | FPS: 101.2077 | T: 0:43:41
| train          | F: 235000 | S: 117500 | E: 235 | L: 1000 | R: 471.6378 | BS: 117500 | FPS: 106.7388 | T: 0:43:50
| train          | F: 236000 | S: 118000 | E: 236 | L: 1000 | R: 664.3747 | BS: 118000 | FPS: 106.2249 | T: 0:43:59
| train          | F: 237000 | S: 118500 | E: 237 | L: 1000 | R: 626.0352 | BS: 118500 | FPS: 106.4997 | T: 0:44:09
| train          | F: 238000 | S: 119000 | E: 238 | L: 1000 | R: 662.6303 | BS: 119000 | FPS: 108.3363 | T: 0:44:18
| train          | F: 239000 | S: 119500 | E: 239 | L: 1000 | R: 688.1844 | BS: 119500 | FPS: 106.4005 | T: 0:44:27
| train          | F: 240000 | S: 120000 | E: 240 | L: 1000 | R: 643.8433 | BS: 120000 | FPS: 108.1134 | T: 0:44:37
| eval           | F: 240000 | S: 120000 | E: 240 | L: 1000 | R: 638.8519 | T: 0:44:37
| train          | F: 241000 | S: 120500 | E: 241 | L: 1000 | R: 508.6152 | BS: 120500 | FPS: 38.0287 | T: 0:45:03
| train          | F: 242000 | S: 121000 | E: 242 | L: 1000 | R: 681.1425 | BS: 121000 | FPS: 106.2107 | T: 0:45:12
| train          | F: 243000 | S: 121500 | E: 243 | L: 1000 | R: 696.7032 | BS: 121500 | FPS: 104.9447 | T: 0:45:22
| train          | F: 244000 | S: 122000 | E: 244 | L: 1000 | R: 652.6043 | BS: 122000 | FPS: 103.9305 | T: 0:45:31
| train          | F: 245000 | S: 122500 | E: 245 | L: 1000 | R: 708.5434 | BS: 122500 | FPS: 108.7306 | T: 0:45:41
| train          | F: 246000 | S: 123000 | E: 246 | L: 1000 | R: 699.1880 | BS: 123000 | FPS: 108.0079 | T: 0:45:50
| train          | F: 247000 | S: 123500 | E: 247 | L: 1000 | R: 693.9730 | BS: 123500 | FPS: 107.8380 | T: 0:45:59
| train          | F: 248000 | S: 124000 | E: 248 | L: 1000 | R: 680.9634 | BS: 124000 | FPS: 93.5720 | T: 0:46:10
| train          | F: 249000 | S: 124500 | E: 249 | L: 1000 | R: 648.2198 | BS: 124500 | FPS: 94.8599 | T: 0:46:20
| train          | F: 250000 | S: 125000 | E: 250 | L: 1000 | R: 616.7272 | BS: 125000 | FPS: 99.1987 | T: 0:46:30
| eval           | F: 250000 | S: 125000 | E: 250 | L: 1000 | R: 596.7974 | T: 0:46:30
| train          | F: 251000 | S: 125500 | E: 251 | L: 1000 | R: 660.8121 | BS: 125500 | FPS: 37.5191 | T: 0:46:57
| train          | F: 252000 | S: 126000 | E: 252 | L: 1000 | R: 688.1622 | BS: 126000 | FPS: 99.7131 | T: 0:47:07
| train          | F: 253000 | S: 126500 | E: 253 | L: 1000 | R: 650.1963 | BS: 126500 | FPS: 101.4193 | T: 0:47:17
| train          | F: 254000 | S: 127000 | E: 254 | L: 1000 | R: 673.5314 | BS: 127000 | FPS: 98.5721 | T: 0:47:27
| train          | F: 255000 | S: 127500 | E: 255 | L: 1000 | R: 695.4282 | BS: 127500 | FPS: 104.4967 | T: 0:47:37
| train          | F: 256000 | S: 128000 | E: 256 | L: 1000 | R: 667.3998 | BS: 128000 | FPS: 106.9379 | T: 0:47:46
| train          | F: 257000 | S: 128500 | E: 257 | L: 1000 | R: 673.6741 | BS: 128500 | FPS: 100.0449 | T: 0:47:56
| train          | F: 258000 | S: 129000 | E: 258 | L: 1000 | R: 699.3239 | BS: 129000 | FPS: 107.0984 | T: 0:48:05
| train          | F: 259000 | S: 129500 | E: 259 | L: 1000 | R: 695.4677 | BS: 129500 | FPS: 107.5870 | T: 0:48:15
| train          | F: 260000 | S: 130000 | E: 260 | L: 1000 | R: 669.8784 | BS: 130000 | FPS: 106.4476 | T: 0:48:24
| eval           | F: 260000 | S: 130000 | E: 260 | L: 1000 | R: 666.9330 | T: 0:48:24
| train          | F: 261000 | S: 130500 | E: 261 | L: 1000 | R: 674.2041 | BS: 130500 | FPS: 37.6505 | T: 0:48:51
| train          | F: 262000 | S: 131000 | E: 262 | L: 1000 | R: 659.4163 | BS: 131000 | FPS: 104.5485 | T: 0:49:00
| train          | F: 263000 | S: 131500 | E: 263 | L: 1000 | R: 649.2129 | BS: 131500 | FPS: 99.0733 | T: 0:49:10
| train          | F: 264000 | S: 132000 | E: 264 | L: 1000 | R: 679.6045 | BS: 132000 | FPS: 97.3539 | T: 0:49:21
| train          | F: 265000 | S: 132500 | E: 265 | L: 1000 | R: 687.7906 | BS: 132500 | FPS: 100.6600 | T: 0:49:31
| train          | F: 266000 | S: 133000 | E: 266 | L: 1000 | R: 676.8010 | BS: 133000 | FPS: 106.8260 | T: 0:49:40
| train          | F: 267000 | S: 133500 | E: 267 | L: 1000 | R: 684.6635 | BS: 133500 | FPS: 103.3939 | T: 0:49:50
| train          | F: 268000 | S: 134000 | E: 268 | L: 1000 | R: 689.7380 | BS: 134000 | FPS: 103.8435 | T: 0:49:59
| train          | F: 269000 | S: 134500 | E: 269 | L: 1000 | R: 692.7474 | BS: 134500 | FPS: 105.4687 | T: 0:50:09
| train          | F: 270000 | S: 135000 | E: 270 | L: 1000 | R: 671.5387 | BS: 135000 | FPS: 99.2557 | T: 0:50:19
| eval           | F: 270000 | S: 135000 | E: 270 | L: 1000 | R: 691.8134 | T: 0:50:19
| train          | F: 271000 | S: 135500 | E: 271 | L: 1000 | R: 701.4491 | BS: 135500 | FPS: 37.3521 | T: 0:50:46
| train          | F: 272000 | S: 136000 | E: 272 | L: 1000 | R: 690.1815 | BS: 136000 | FPS: 103.1527 | T: 0:50:55
| train          | F: 273000 | S: 136500 | E: 273 | L: 1000 | R: 665.0065 | BS: 136500 | FPS: 104.1688 | T: 0:51:05
| train          | F: 274000 | S: 137000 | E: 274 | L: 1000 | R: 668.1498 | BS: 137000 | FPS: 105.7551 | T: 0:51:14
| train          | F: 275000 | S: 137500 | E: 275 | L: 1000 | R: 655.2524 | BS: 137500 | FPS: 102.0040 | T: 0:51:24
| train          | F: 276000 | S: 138000 | E: 276 | L: 1000 | R: 679.0069 | BS: 138000 | FPS: 104.6503 | T: 0:51:34
| train          | F: 277000 | S: 138500 | E: 277 | L: 1000 | R: 684.3852 | BS: 138500 | FPS: 100.0343 | T: 0:51:44
| train          | F: 278000 | S: 139000 | E: 278 | L: 1000 | R: 676.2432 | BS: 139000 | FPS: 99.5909 | T: 0:51:54
| train          | F: 279000 | S: 139500 | E: 279 | L: 1000 | R: 676.1203 | BS: 139500 | FPS: 99.3120 | T: 0:52:04
| train          | F: 280000 | S: 140000 | E: 280 | L: 1000 | R: 702.3229 | BS: 140000 | FPS: 103.7902 | T: 0:52:13
| eval           | F: 280000 | S: 140000 | E: 280 | L: 1000 | R: 687.3479 | T: 0:52:13
| train          | F: 281000 | S: 140500 | E: 281 | L: 1000 | R: 676.9469 | BS: 140500 | FPS: 38.5096 | T: 0:52:39
| train          | F: 282000 | S: 141000 | E: 282 | L: 1000 | R: 687.5883 | BS: 141000 | FPS: 102.9196 | T: 0:52:49
| train          | F: 283000 | S: 141500 | E: 283 | L: 1000 | R: 704.1503 | BS: 141500 | FPS: 99.5858 | T: 0:52:59
| train          | F: 284000 | S: 142000 | E: 284 | L: 1000 | R: 506.7527 | BS: 142000 | FPS: 102.5075 | T: 0:53:09
| train          | F: 285000 | S: 142500 | E: 285 | L: 1000 | R: 658.6466 | BS: 142500 | FPS: 106.5462 | T: 0:53:18
| train          | F: 286000 | S: 143000 | E: 286 | L: 1000 | R: 422.4267 | BS: 143000 | FPS: 107.3443 | T: 0:53:28
| train          | F: 287000 | S: 143500 | E: 287 | L: 1000 | R: 574.8795 | BS: 143500 | FPS: 107.3644 | T: 0:53:37
| train          | F: 288000 | S: 144000 | E: 288 | L: 1000 | R: 553.9121 | BS: 144000 | FPS: 107.2740 | T: 0:53:46
| train          | F: 289000 | S: 144500 | E: 289 | L: 1000 | R: 675.3791 | BS: 144500 | FPS: 106.5018 | T: 0:53:56
| train          | F: 290000 | S: 145000 | E: 290 | L: 1000 | R: 559.7190 | BS: 145000 | FPS: 107.1123 | T: 0:54:05
| eval           | F: 290000 | S: 145000 | E: 290 | L: 1000 | R: 670.2260 | T: 0:54:05
| train          | F: 291000 | S: 145500 | E: 291 | L: 1000 | R: 491.6266 | BS: 145500 | FPS: 38.3198 | T: 0:54:31
| train          | F: 292000 | S: 146000 | E: 292 | L: 1000 | R: 680.0279 | BS: 146000 | FPS: 105.8633 | T: 0:54:40
| train          | F: 293000 | S: 146500 | E: 293 | L: 1000 | R: 701.0055 | BS: 146500 | FPS: 102.5100 | T: 0:54:50
| train          | F: 294000 | S: 147000 | E: 294 | L: 1000 | R: 711.7353 | BS: 147000 | FPS: 106.0357 | T: 0:55:00
| train          | F: 295000 | S: 147500 | E: 295 | L: 1000 | R: 676.7776 | BS: 147500 | FPS: 101.3351 | T: 0:55:10
| train          | F: 296000 | S: 148000 | E: 296 | L: 1000 | R: 652.9637 | BS: 148000 | FPS: 98.9685 | T: 0:55:20
| train          | F: 297000 | S: 148500 | E: 297 | L: 1000 | R: 701.2193 | BS: 148500 | FPS: 103.0791 | T: 0:55:29
| train          | F: 298000 | S: 149000 | E: 298 | L: 1000 | R: 709.2698 | BS: 149000 | FPS: 97.9827 | T: 0:55:40
| train          | F: 299000 | S: 149500 | E: 299 | L: 1000 | R: 707.3866 | BS: 149500 | FPS: 102.3292 | T: 0:55:49
| train          | F: 300000 | S: 150000 | E: 300 | L: 1000 | R: 586.6866 | BS: 150000 | FPS: 103.3739 | T: 0:55:59
| eval           | F: 300000 | S: 150000 | E: 300 | L: 1000 | R: 651.7172 | T: 0:55:59
| train          | F: 301000 | S: 150500 | E: 301 | L: 1000 | R: 706.1521 | BS: 150500 | FPS: 37.3121 | T: 0:56:26
| train          | F: 302000 | S: 151000 | E: 302 | L: 1000 | R: 652.4907 | BS: 151000 | FPS: 109.1334 | T: 0:56:35
| train          | F: 303000 | S: 151500 | E: 303 | L: 1000 | R: 691.4623 | BS: 151500 | FPS: 109.2682 | T: 0:56:44
| train          | F: 304000 | S: 152000 | E: 304 | L: 1000 | R: 693.4598 | BS: 152000 | FPS: 108.5027 | T: 0:56:53
| train          | F: 305000 | S: 152500 | E: 305 | L: 1000 | R: 695.7447 | BS: 152500 | FPS: 105.7471 | T: 0:57:03
| train          | F: 306000 | S: 153000 | E: 306 | L: 1000 | R: 704.1098 | BS: 153000 | FPS: 102.6086 | T: 0:57:13
| train          | F: 307000 | S: 153500 | E: 307 | L: 1000 | R: 709.4825 | BS: 153500 | FPS: 96.8035 | T: 0:57:23
| train          | F: 308000 | S: 154000 | E: 308 | L: 1000 | R: 726.9588 | BS: 154000 | FPS: 100.6948 | T: 0:57:33
| train          | F: 309000 | S: 154500 | E: 309 | L: 1000 | R: 717.9251 | BS: 154500 | FPS: 101.6570 | T: 0:57:43
| train          | F: 310000 | S: 155000 | E: 310 | L: 1000 | R: 715.0064 | BS: 155000 | FPS: 101.3305 | T: 0:57:52
| eval           | F: 310000 | S: 155000 | E: 310 | L: 1000 | R: 698.7453 | T: 0:57:52
| train          | F: 311000 | S: 155500 | E: 311 | L: 1000 | R: 560.5994 | BS: 155500 | FPS: 33.9484 | T: 0:58:22
| train          | F: 312000 | S: 156000 | E: 312 | L: 1000 | R: 741.5360 | BS: 156000 | FPS: 101.8398 | T: 0:58:32
| train          | F: 313000 | S: 156500 | E: 313 | L: 1000 | R: 700.9457 | BS: 156500 | FPS: 102.6778 | T: 0:58:41
| train          | F: 314000 | S: 157000 | E: 314 | L: 1000 | R: 819.1469 | BS: 157000 | FPS: 100.3389 | T: 0:58:51
| train          | F: 315000 | S: 157500 | E: 315 | L: 1000 | R: 806.7782 | BS: 157500 | FPS: 100.0628 | T: 0:59:01
| train          | F: 316000 | S: 158000 | E: 316 | L: 1000 | R: 812.3556 | BS: 158000 | FPS: 106.2097 | T: 0:59:11
| train          | F: 317000 | S: 158500 | E: 317 | L: 1000 | R: 823.5457 | BS: 158500 | FPS: 103.3535 | T: 0:59:21
| train          | F: 318000 | S: 159000 | E: 318 | L: 1000 | R: 839.0758 | BS: 159000 | FPS: 103.7804 | T: 0:59:30
| train          | F: 319000 | S: 159500 | E: 319 | L: 1000 | R: 839.1087 | BS: 159500 | FPS: 102.9477 | T: 0:59:40
| train          | F: 320000 | S: 160000 | E: 320 | L: 1000 | R: 828.7857 | BS: 160000 | FPS: 105.2199 | T: 0:59:49
| eval           | F: 320000 | S: 160000 | E: 320 | L: 1000 | R: 782.6319 | T: 0:59:49
| train          | F: 321000 | S: 160500 | E: 321 | L: 1000 | R: 835.5308 | BS: 160500 | FPS: 38.2474 | T: 1:00:16
| train          | F: 322000 | S: 161000 | E: 322 | L: 1000 | R: 825.7242 | BS: 161000 | FPS: 108.9197 | T: 1:00:25
| train          | F: 323000 | S: 161500 | E: 323 | L: 1000 | R: 832.0695 | BS: 161500 | FPS: 101.4104 | T: 1:00:35
| train          | F: 324000 | S: 162000 | E: 324 | L: 1000 | R: 823.5676 | BS: 162000 | FPS: 99.0674 | T: 1:00:45
| train          | F: 325000 | S: 162500 | E: 325 | L: 1000 | R: 837.5644 | BS: 162500 | FPS: 104.4290 | T: 1:00:54
| train          | F: 326000 | S: 163000 | E: 326 | L: 1000 | R: 843.0585 | BS: 163000 | FPS: 108.3003 | T: 1:01:03
| train          | F: 327000 | S: 163500 | E: 327 | L: 1000 | R: 832.7755 | BS: 163500 | FPS: 107.9237 | T: 1:01:13
| train          | F: 328000 | S: 164000 | E: 328 | L: 1000 | R: 838.4685 | BS: 164000 | FPS: 106.7919 | T: 1:01:22
| train          | F: 329000 | S: 164500 | E: 329 | L: 1000 | R: 835.0863 | BS: 164500 | FPS: 100.8087 | T: 1:01:32
| train          | F: 330000 | S: 165000 | E: 330 | L: 1000 | R: 827.4343 | BS: 165000 | FPS: 105.3258 | T: 1:01:42
| eval           | F: 330000 | S: 165000 | E: 330 | L: 1000 | R: 837.0153 | T: 1:01:42
| train          | F: 331000 | S: 165500 | E: 331 | L: 1000 | R: 848.4849 | BS: 165500 | FPS: 38.1868 | T: 1:02:08
| train          | F: 332000 | S: 166000 | E: 332 | L: 1000 | R: 840.9666 | BS: 166000 | FPS: 110.1881 | T: 1:02:17
| train          | F: 333000 | S: 166500 | E: 333 | L: 1000 | R: 826.4085 | BS: 166500 | FPS: 99.2666 | T: 1:02:27
| train          | F: 334000 | S: 167000 | E: 334 | L: 1000 | R: 861.7189 | BS: 167000 | FPS: 98.3776 | T: 1:02:37
| train          | F: 335000 | S: 167500 | E: 335 | L: 1000 | R: 828.6040 | BS: 167500 | FPS: 98.5426 | T: 1:02:47
| train          | F: 336000 | S: 168000 | E: 336 | L: 1000 | R: 832.2968 | BS: 168000 | FPS: 98.6325 | T: 1:02:57
| train          | F: 337000 | S: 168500 | E: 337 | L: 1000 | R: 849.4056 | BS: 168500 | FPS: 100.7300 | T: 1:03:07
| train          | F: 338000 | S: 169000 | E: 338 | L: 1000 | R: 834.5818 | BS: 169000 | FPS: 100.5377 | T: 1:03:17
| train          | F: 339000 | S: 169500 | E: 339 | L: 1000 | R: 842.9304 | BS: 169500 | FPS: 98.0651 | T: 1:03:27
| train          | F: 340000 | S: 170000 | E: 340 | L: 1000 | R: 832.4391 | BS: 170000 | FPS: 102.1697 | T: 1:03:37
| eval           | F: 340000 | S: 170000 | E: 340 | L: 1000 | R: 806.1394 | T: 1:03:37
| train          | F: 341000 | S: 170500 | E: 341 | L: 1000 | R: 825.0935 | BS: 170500 | FPS: 34.6017 | T: 1:04:06
| train          | F: 342000 | S: 171000 | E: 342 | L: 1000 | R: 847.2262 | BS: 171000 | FPS: 111.2657 | T: 1:04:15
| train          | F: 343000 | S: 171500 | E: 343 | L: 1000 | R: 853.4926 | BS: 171500 | FPS: 110.3383 | T: 1:04:24
| train          | F: 344000 | S: 172000 | E: 344 | L: 1000 | R: 840.9049 | BS: 172000 | FPS: 109.3407 | T: 1:04:33
| train          | F: 345000 | S: 172500 | E: 345 | L: 1000 | R: 845.5360 | BS: 172500 | FPS: 110.0305 | T: 1:04:42
| train          | F: 346000 | S: 173000 | E: 346 | L: 1000 | R: 844.7527 | BS: 173000 | FPS: 108.2102 | T: 1:04:52
| train          | F: 347000 | S: 173500 | E: 347 | L: 1000 | R: 838.8608 | BS: 173500 | FPS: 108.8297 | T: 1:05:01
| train          | F: 348000 | S: 174000 | E: 348 | L: 1000 | R: 805.3370 | BS: 174000 | FPS: 108.0179 | T: 1:05:10
| train          | F: 349000 | S: 174500 | E: 349 | L: 1000 | R: 843.8138 | BS: 174500 | FPS: 108.7074 | T: 1:05:19
| train          | F: 350000 | S: 175000 | E: 350 | L: 1000 | R: 834.6614 | BS: 175000 | FPS: 108.0699 | T: 1:05:28
| eval           | F: 350000 | S: 175000 | E: 350 | L: 1000 | R: 857.0742 | T: 1:05:28
| train          | F: 351000 | S: 175500 | E: 351 | L: 1000 | R: 854.9624 | BS: 175500 | FPS: 37.4683 | T: 1:05:55
| train          | F: 352000 | S: 176000 | E: 352 | L: 1000 | R: 850.3895 | BS: 176000 | FPS: 104.7771 | T: 1:06:05
| train          | F: 353000 | S: 176500 | E: 353 | L: 1000 | R: 854.7980 | BS: 176500 | FPS: 100.5619 | T: 1:06:15
| train          | F: 354000 | S: 177000 | E: 354 | L: 1000 | R: 848.8959 | BS: 177000 | FPS: 99.4197 | T: 1:06:25
| train          | F: 355000 | S: 177500 | E: 355 | L: 1000 | R: 838.3640 | BS: 177500 | FPS: 105.5724 | T: 1:06:34
| train          | F: 356000 | S: 178000 | E: 356 | L: 1000 | R: 841.0407 | BS: 178000 | FPS: 107.0588 | T: 1:06:44
| train          | F: 357000 | S: 178500 | E: 357 | L: 1000 | R: 845.7964 | BS: 178500 | FPS: 107.6487 | T: 1:06:53
| train          | F: 358000 | S: 179000 | E: 358 | L: 1000 | R: 850.1197 | BS: 179000 | FPS: 105.5760 | T: 1:07:02
| train          | F: 359000 | S: 179500 | E: 359 | L: 1000 | R: 849.7877 | BS: 179500 | FPS: 102.7961 | T: 1:07:12
| train          | F: 360000 | S: 180000 | E: 360 | L: 1000 | R: 831.9637 | BS: 180000 | FPS: 105.4016 | T: 1:07:22
| eval           | F: 360000 | S: 180000 | E: 360 | L: 1000 | R: 842.6877 | T: 1:07:22
| train          | F: 361000 | S: 180500 | E: 361 | L: 1000 | R: 839.9997 | BS: 180500 | FPS: 34.9415 | T: 1:07:50
| train          | F: 362000 | S: 181000 | E: 362 | L: 1000 | R: 854.8332 | BS: 181000 | FPS: 106.0592 | T: 1:08:00
| train          | F: 363000 | S: 181500 | E: 363 | L: 1000 | R: 854.0858 | BS: 181500 | FPS: 107.6360 | T: 1:08:09
| train          | F: 364000 | S: 182000 | E: 364 | L: 1000 | R: 848.5917 | BS: 182000 | FPS: 104.0213 | T: 1:08:18
| train          | F: 365000 | S: 182500 | E: 365 | L: 1000 | R: 830.9666 | BS: 182500 | FPS: 101.1141 | T: 1:08:28
| train          | F: 366000 | S: 183000 | E: 366 | L: 1000 | R: 857.0508 | BS: 183000 | FPS: 102.6848 | T: 1:08:38
| train          | F: 367000 | S: 183500 | E: 367 | L: 1000 | R: 856.1657 | BS: 183500 | FPS: 101.0028 | T: 1:08:48
| train          | F: 368000 | S: 184000 | E: 368 | L: 1000 | R: 852.0892 | BS: 184000 | FPS: 101.0065 | T: 1:08:58
| train          | F: 369000 | S: 184500 | E: 369 | L: 1000 | R: 846.8842 | BS: 184500 | FPS: 98.2421 | T: 1:09:08
| train          | F: 370000 | S: 185000 | E: 370 | L: 1000 | R: 858.5052 | BS: 185000 | FPS: 103.1357 | T: 1:09:18
| eval           | F: 370000 | S: 185000 | E: 370 | L: 1000 | R: 862.8450 | T: 1:09:18
| train          | F: 371000 | S: 185500 | E: 371 | L: 1000 | R: 853.4180 | BS: 185500 | FPS: 35.4229 | T: 1:09:46
| train          | F: 372000 | S: 186000 | E: 372 | L: 1000 | R: 855.0172 | BS: 186000 | FPS: 110.9320 | T: 1:09:55
| train          | F: 373000 | S: 186500 | E: 373 | L: 1000 | R: 842.2448 | BS: 186500 | FPS: 110.6667 | T: 1:10:04
| train          | F: 374000 | S: 187000 | E: 374 | L: 1000 | R: 841.6949 | BS: 187000 | FPS: 108.7618 | T: 1:10:13
| train          | F: 375000 | S: 187500 | E: 375 | L: 1000 | R: 832.9177 | BS: 187500 | FPS: 109.1160 | T: 1:10:22
| train          | F: 376000 | S: 188000 | E: 376 | L: 1000 | R: 785.8074 | BS: 188000 | FPS: 107.5122 | T: 1:10:32
| train          | F: 377000 | S: 188500 | E: 377 | L: 1000 | R: 856.4336 | BS: 188500 | FPS: 105.4478 | T: 1:10:41
| train          | F: 378000 | S: 189000 | E: 378 | L: 1000 | R: 841.4193 | BS: 189000 | FPS: 106.5936 | T: 1:10:51
| train          | F: 379000 | S: 189500 | E: 379 | L: 1000 | R: 861.0504 | BS: 189500 | FPS: 100.1080 | T: 1:11:01
| train          | F: 380000 | S: 190000 | E: 380 | L: 1000 | R: 847.9356 | BS: 190000 | FPS: 102.0194 | T: 1:11:10
| eval           | F: 380000 | S: 190000 | E: 380 | L: 1000 | R: 869.9433 | T: 1:11:10
| train          | F: 381000 | S: 190500 | E: 381 | L: 1000 | R: 840.0309 | BS: 190500 | FPS: 34.9078 | T: 1:11:39
| train          | F: 382000 | S: 191000 | E: 382 | L: 1000 | R: 847.8800 | BS: 191000 | FPS: 110.5325 | T: 1:11:48
| train          | F: 383000 | S: 191500 | E: 383 | L: 1000 | R: 844.5543 | BS: 191500 | FPS: 104.6454 | T: 1:11:58
| train          | F: 384000 | S: 192000 | E: 384 | L: 1000 | R: 851.0815 | BS: 192000 | FPS: 99.5937 | T: 1:12:08
| train          | F: 385000 | S: 192500 | E: 385 | L: 1000 | R: 846.1486 | BS: 192500 | FPS: 105.0801 | T: 1:12:17
| train          | F: 386000 | S: 193000 | E: 386 | L: 1000 | R: 848.2920 | BS: 193000 | FPS: 108.2331 | T: 1:12:26
| train          | F: 387000 | S: 193500 | E: 387 | L: 1000 | R: 852.3431 | BS: 193500 | FPS: 107.8894 | T: 1:12:36
| train          | F: 388000 | S: 194000 | E: 388 | L: 1000 | R: 856.0199 | BS: 194000 | FPS: 108.1627 | T: 1:12:45
| train          | F: 389000 | S: 194500 | E: 389 | L: 1000 | R: 856.5613 | BS: 194500 | FPS: 106.4627 | T: 1:12:54
| train          | F: 390000 | S: 195000 | E: 390 | L: 1000 | R: 852.4419 | BS: 195000 | FPS: 105.7418 | T: 1:13:04
| eval           | F: 390000 | S: 195000 | E: 390 | L: 1000 | R: 866.3926 | T: 1:13:04
| train          | F: 391000 | S: 195500 | E: 391 | L: 1000 | R: 849.4374 | BS: 195500 | FPS: 37.8901 | T: 1:13:30
| train          | F: 392000 | S: 196000 | E: 392 | L: 1000 | R: 843.8355 | BS: 196000 | FPS: 102.3980 | T: 1:13:40
| train          | F: 393000 | S: 196500 | E: 393 | L: 1000 | R: 848.8020 | BS: 196500 | FPS: 100.8851 | T: 1:13:50
| train          | F: 394000 | S: 197000 | E: 394 | L: 1000 | R: 832.2346 | BS: 197000 | FPS: 103.6336 | T: 1:14:00
| train          | F: 395000 | S: 197500 | E: 395 | L: 1000 | R: 843.3367 | BS: 197500 | FPS: 105.5355 | T: 1:14:09
| train          | F: 396000 | S: 198000 | E: 396 | L: 1000 | R: 839.7542 | BS: 198000 | FPS: 107.2992 | T: 1:14:18
| train          | F: 397000 | S: 198500 | E: 397 | L: 1000 | R: 827.8917 | BS: 198500 | FPS: 99.5518 | T: 1:14:28
| train          | F: 398000 | S: 199000 | E: 398 | L: 1000 | R: 850.4822 | BS: 199000 | FPS: 98.7732 | T: 1:14:38
| train          | F: 399000 | S: 199500 | E: 399 | L: 1000 | R: 838.0054 | BS: 199500 | FPS: 98.8216 | T: 1:14:49
| train          | F: 400000 | S: 200000 | E: 400 | L: 1000 | R: 849.8260 | BS: 200000 | FPS: 98.9179 | T: 1:14:59
| eval           | F: 400000 | S: 200000 | E: 400 | L: 1000 | R: 875.5857 | T: 1:14:59
| train          | F: 401000 | S: 200500 | E: 401 | L: 1000 | R: 847.9573 | BS: 200500 | FPS: 37.8205 | T: 1:15:25
| train          | F: 402000 | S: 201000 | E: 402 | L: 1000 | R: 845.0205 | BS: 201000 | FPS: 103.4576 | T: 1:15:35
| train          | F: 403000 | S: 201500 | E: 403 | L: 1000 | R: 861.1110 | BS: 201500 | FPS: 101.0706 | T: 1:15:45
| train          | F: 404000 | S: 202000 | E: 404 | L: 1000 | R: 846.1080 | BS: 202000 | FPS: 101.3856 | T: 1:15:55
| train          | F: 405000 | S: 202500 | E: 405 | L: 1000 | R: 859.7234 | BS: 202500 | FPS: 106.7011 | T: 1:16:04
| train          | F: 406000 | S: 203000 | E: 406 | L: 1000 | R: 850.9426 | BS: 203000 | FPS: 100.7774 | T: 1:16:14
| train          | F: 407000 | S: 203500 | E: 407 | L: 1000 | R: 826.9278 | BS: 203500 | FPS: 98.4331 | T: 1:16:24
| train          | F: 408000 | S: 204000 | E: 408 | L: 1000 | R: 858.8848 | BS: 204000 | FPS: 98.6243 | T: 1:16:34
| train          | F: 409000 | S: 204500 | E: 409 | L: 1000 | R: 851.8329 | BS: 204500 | FPS: 96.6160 | T: 1:16:45
| train          | F: 410000 | S: 205000 | E: 410 | L: 1000 | R: 847.5358 | BS: 205000 | FPS: 104.3838 | T: 1:16:54
| eval           | F: 410000 | S: 205000 | E: 410 | L: 1000 | R: 793.8672 | T: 1:16:54
| train          | F: 411000 | S: 205500 | E: 411 | L: 1000 | R: 839.4155 | BS: 205500 | FPS: 38.3701 | T: 1:17:20
| train          | F: 412000 | S: 206000 | E: 412 | L: 1000 | R: 853.4271 | BS: 206000 | FPS: 102.7214 | T: 1:17:30
| train          | F: 413000 | S: 206500 | E: 413 | L: 1000 | R: 848.6601 | BS: 206500 | FPS: 104.7170 | T: 1:17:39
| train          | F: 414000 | S: 207000 | E: 414 | L: 1000 | R: 851.1959 | BS: 207000 | FPS: 102.4486 | T: 1:17:49
| train          | F: 415000 | S: 207500 | E: 415 | L: 1000 | R: 839.1654 | BS: 207500 | FPS: 105.3077 | T: 1:17:59
| train          | F: 416000 | S: 208000 | E: 416 | L: 1000 | R: 852.9977 | BS: 208000 | FPS: 103.4532 | T: 1:18:08
| train          | F: 417000 | S: 208500 | E: 417 | L: 1000 | R: 850.6343 | BS: 208500 | FPS: 101.3632 | T: 1:18:18
| train          | F: 418000 | S: 209000 | E: 418 | L: 1000 | R: 848.3394 | BS: 209000 | FPS: 106.2075 | T: 1:18:28
| train          | F: 419000 | S: 209500 | E: 419 | L: 1000 | R: 861.5619 | BS: 209500 | FPS: 104.7036 | T: 1:18:37
| train          | F: 420000 | S: 210000 | E: 420 | L: 1000 | R: 863.7968 | BS: 210000 | FPS: 102.9037 | T: 1:18:47
| eval           | F: 420000 | S: 210000 | E: 420 | L: 1000 | R: 872.3103 | T: 1:18:47
| train          | F: 421000 | S: 210500 | E: 421 | L: 1000 | R: 849.3967 | BS: 210500 | FPS: 33.8442 | T: 1:19:16
| train          | F: 422000 | S: 211000 | E: 422 | L: 1000 | R: 836.6689 | BS: 211000 | FPS: 105.4893 | T: 1:19:26
| train          | F: 423000 | S: 211500 | E: 423 | L: 1000 | R: 705.9403 | BS: 211500 | FPS: 101.6056 | T: 1:19:36
| train          | F: 424000 | S: 212000 | E: 424 | L: 1000 | R: 844.6505 | BS: 212000 | FPS: 100.7636 | T: 1:19:46
| train          | F: 425000 | S: 212500 | E: 425 | L: 1000 | R: 827.7159 | BS: 212500 | FPS: 100.0513 | T: 1:19:56
| train          | F: 426000 | S: 213000 | E: 426 | L: 1000 | R: 850.1139 | BS: 213000 | FPS: 104.0972 | T: 1:20:05
| train          | F: 427000 | S: 213500 | E: 427 | L: 1000 | R: 863.9284 | BS: 213500 | FPS: 100.0694 | T: 1:20:15
| train          | F: 428000 | S: 214000 | E: 428 | L: 1000 | R: 852.9103 | BS: 214000 | FPS: 104.7428 | T: 1:20:25
| train          | F: 429000 | S: 214500 | E: 429 | L: 1000 | R: 847.1043 | BS: 214500 | FPS: 103.7472 | T: 1:20:34
| train          | F: 430000 | S: 215000 | E: 430 | L: 1000 | R: 860.9500 | BS: 215000 | FPS: 105.1406 | T: 1:20:44
| eval           | F: 430000 | S: 215000 | E: 430 | L: 1000 | R: 872.5142 | T: 1:20:44
| train          | F: 431000 | S: 215500 | E: 431 | L: 1000 | R: 851.3038 | BS: 215500 | FPS: 34.2094 | T: 1:21:13
| train          | F: 432000 | S: 216000 | E: 432 | L: 1000 | R: 852.5737 | BS: 216000 | FPS: 103.3597 | T: 1:21:23
| train          | F: 433000 | S: 216500 | E: 433 | L: 1000 | R: 858.6674 | BS: 216500 | FPS: 103.6171 | T: 1:21:33
| train          | F: 434000 | S: 217000 | E: 434 | L: 1000 | R: 844.6707 | BS: 217000 | FPS: 107.9495 | T: 1:21:42
| train          | F: 435000 | S: 217500 | E: 435 | L: 1000 | R: 856.8243 | BS: 217500 | FPS: 107.2836 | T: 1:21:51
| train          | F: 436000 | S: 218000 | E: 436 | L: 1000 | R: 856.2304 | BS: 218000 | FPS: 107.0685 | T: 1:22:00
| train          | F: 437000 | S: 218500 | E: 437 | L: 1000 | R: 861.9153 | BS: 218500 | FPS: 105.7979 | T: 1:22:10
| train          | F: 438000 | S: 219000 | E: 438 | L: 1000 | R: 851.9926 | BS: 219000 | FPS: 103.3039 | T: 1:22:20
| train          | F: 439000 | S: 219500 | E: 439 | L: 1000 | R: 853.2493 | BS: 219500 | FPS: 104.7596 | T: 1:22:29
| train          | F: 440000 | S: 220000 | E: 440 | L: 1000 | R: 861.0708 | BS: 220000 | FPS: 103.0739 | T: 1:22:39
| eval           | F: 440000 | S: 220000 | E: 440 | L: 1000 | R: 875.4445 | T: 1:22:39
| train          | F: 441000 | S: 220500 | E: 441 | L: 1000 | R: 862.1321 | BS: 220500 | FPS: 38.0323 | T: 1:23:05
| train          | F: 442000 | S: 221000 | E: 442 | L: 1000 | R: 856.5593 | BS: 221000 | FPS: 105.5761 | T: 1:23:15
| train          | F: 443000 | S: 221500 | E: 443 | L: 1000 | R: 860.7386 | BS: 221500 | FPS: 101.5704 | T: 1:23:24
| train          | F: 444000 | S: 222000 | E: 444 | L: 1000 | R: 859.0525 | BS: 222000 | FPS: 106.5847 | T: 1:23:34
| train          | F: 445000 | S: 222500 | E: 445 | L: 1000 | R: 861.9545 | BS: 222500 | FPS: 108.0420 | T: 1:23:43
| train          | F: 446000 | S: 223000 | E: 446 | L: 1000 | R: 854.6500 | BS: 223000 | FPS: 107.2601 | T: 1:23:52
| train          | F: 447000 | S: 223500 | E: 447 | L: 1000 | R: 858.5781 | BS: 223500 | FPS: 106.4797 | T: 1:24:02
| train          | F: 448000 | S: 224000 | E: 448 | L: 1000 | R: 865.6238 | BS: 224000 | FPS: 105.9865 | T: 1:24:11
| train          | F: 449000 | S: 224500 | E: 449 | L: 1000 | R: 849.4190 | BS: 224500 | FPS: 98.6354 | T: 1:24:21
| train          | F: 450000 | S: 225000 | E: 450 | L: 1000 | R: 857.8808 | BS: 225000 | FPS: 100.6302 | T: 1:24:31
| eval           | F: 450000 | S: 225000 | E: 450 | L: 1000 | R: 878.1560 | T: 1:24:31
| train          | F: 451000 | S: 225500 | E: 451 | L: 1000 | R: 862.7122 | BS: 225500 | FPS: 36.5795 | T: 1:24:59
| train          | F: 452000 | S: 226000 | E: 452 | L: 1000 | R: 860.6208 | BS: 226000 | FPS: 105.7506 | T: 1:25:08
| train          | F: 453000 | S: 226500 | E: 453 | L: 1000 | R: 843.5938 | BS: 226500 | FPS: 106.6356 | T: 1:25:17
| train          | F: 454000 | S: 227000 | E: 454 | L: 1000 | R: 851.0870 | BS: 227000 | FPS: 101.2067 | T: 1:25:27
| train          | F: 455000 | S: 227500 | E: 455 | L: 1000 | R: 859.7879 | BS: 227500 | FPS: 102.3148 | T: 1:25:37
| train          | F: 456000 | S: 228000 | E: 456 | L: 1000 | R: 860.5071 | BS: 228000 | FPS: 106.4817 | T: 1:25:47
| train          | F: 457000 | S: 228500 | E: 457 | L: 1000 | R: 854.8697 | BS: 228500 | FPS: 106.5037 | T: 1:25:56
| train          | F: 458000 | S: 229000 | E: 458 | L: 1000 | R: 864.5533 | BS: 229000 | FPS: 106.1668 | T: 1:26:05
| train          | F: 459000 | S: 229500 | E: 459 | L: 1000 | R: 855.5612 | BS: 229500 | FPS: 99.9625 | T: 1:26:15
| train          | F: 460000 | S: 230000 | E: 460 | L: 1000 | R: 857.3497 | BS: 230000 | FPS: 104.0581 | T: 1:26:25
| eval           | F: 460000 | S: 230000 | E: 460 | L: 1000 | R: 875.6177 | T: 1:26:25
| train          | F: 461000 | S: 230500 | E: 461 | L: 1000 | R: 854.3897 | BS: 230500 | FPS: 34.0996 | T: 1:26:54
| train          | F: 462000 | S: 231000 | E: 462 | L: 1000 | R: 854.3723 | BS: 231000 | FPS: 107.3355 | T: 1:27:04
| train          | F: 463000 | S: 231500 | E: 463 | L: 1000 | R: 857.1691 | BS: 231500 | FPS: 106.8701 | T: 1:27:13
| train          | F: 464000 | S: 232000 | E: 464 | L: 1000 | R: 855.0190 | BS: 232000 | FPS: 106.9846 | T: 1:27:22
| train          | F: 465000 | S: 232500 | E: 465 | L: 1000 | R: 860.7313 | BS: 232500 | FPS: 107.0557 | T: 1:27:32
| train          | F: 466000 | S: 233000 | E: 466 | L: 1000 | R: 861.6016 | BS: 233000 | FPS: 106.1023 | T: 1:27:41
| train          | F: 467000 | S: 233500 | E: 467 | L: 1000 | R: 847.1079 | BS: 233500 | FPS: 106.7133 | T: 1:27:50
| train          | F: 468000 | S: 234000 | E: 468 | L: 1000 | R: 865.3889 | BS: 234000 | FPS: 106.3563 | T: 1:28:00
| train          | F: 469000 | S: 234500 | E: 469 | L: 1000 | R: 851.5328 | BS: 234500 | FPS: 105.7957 | T: 1:28:09
| train          | F: 470000 | S: 235000 | E: 470 | L: 1000 | R: 863.3271 | BS: 235000 | FPS: 105.6866 | T: 1:28:19
| eval           | F: 470000 | S: 235000 | E: 470 | L: 1000 | R: 865.4387 | T: 1:28:19
| train          | F: 471000 | S: 235500 | E: 471 | L: 1000 | R: 833.2059 | BS: 235500 | FPS: 34.1071 | T: 1:28:48
| train          | F: 472000 | S: 236000 | E: 472 | L: 1000 | R: 834.0680 | BS: 236000 | FPS: 107.8507 | T: 1:28:57
| train          | F: 473000 | S: 236500 | E: 473 | L: 1000 | R: 860.0866 | BS: 236500 | FPS: 105.9859 | T: 1:29:07
| train          | F: 474000 | S: 237000 | E: 474 | L: 1000 | R: 772.3020 | BS: 237000 | FPS: 98.8171 | T: 1:29:17
| train          | F: 475000 | S: 237500 | E: 475 | L: 1000 | R: 843.7246 | BS: 237500 | FPS: 105.5213 | T: 1:29:26
| train          | F: 476000 | S: 238000 | E: 476 | L: 1000 | R: 862.9212 | BS: 238000 | FPS: 106.5680 | T: 1:29:36
| train          | F: 477000 | S: 238500 | E: 477 | L: 1000 | R: 860.7384 | BS: 238500 | FPS: 99.8214 | T: 1:29:46
| train          | F: 478000 | S: 239000 | E: 478 | L: 1000 | R: 861.4080 | BS: 239000 | FPS: 95.9118 | T: 1:29:56
| train          | F: 479000 | S: 239500 | E: 479 | L: 1000 | R: 855.4933 | BS: 239500 | FPS: 99.2501 | T: 1:30:06
| train          | F: 480000 | S: 240000 | E: 480 | L: 1000 | R: 861.8391 | BS: 240000 | FPS: 101.2843 | T: 1:30:16
| eval           | F: 480000 | S: 240000 | E: 480 | L: 1000 | R: 879.5691 | T: 1:30:16
| train          | F: 481000 | S: 240500 | E: 481 | L: 1000 | R: 852.9786 | BS: 240500 | FPS: 33.6592 | T: 1:30:46
| train          | F: 482000 | S: 241000 | E: 482 | L: 1000 | R: 859.6545 | BS: 241000 | FPS: 107.2650 | T: 1:30:55
| train          | F: 483000 | S: 241500 | E: 483 | L: 1000 | R: 854.5303 | BS: 241500 | FPS: 107.7795 | T: 1:31:04
| train          | F: 484000 | S: 242000 | E: 484 | L: 1000 | R: 861.5988 | BS: 242000 | FPS: 104.2557 | T: 1:31:14
| train          | F: 485000 | S: 242500 | E: 485 | L: 1000 | R: 845.1702 | BS: 242500 | FPS: 107.1199 | T: 1:31:23
| train          | F: 486000 | S: 243000 | E: 486 | L: 1000 | R: 851.5287 | BS: 243000 | FPS: 107.2956 | T: 1:31:33
| train          | F: 487000 | S: 243500 | E: 487 | L: 1000 | R: 854.5663 | BS: 243500 | FPS: 107.0822 | T: 1:31:42
| train          | F: 488000 | S: 244000 | E: 488 | L: 1000 | R: 837.6551 | BS: 244000 | FPS: 103.1055 | T: 1:31:52
| train          | F: 489000 | S: 244500 | E: 489 | L: 1000 | R: 833.6097 | BS: 244500 | FPS: 97.1987 | T: 1:32:02
| train          | F: 490000 | S: 245000 | E: 490 | L: 1000 | R: 845.1830 | BS: 245000 | FPS: 97.6481 | T: 1:32:12
| eval           | F: 490000 | S: 245000 | E: 490 | L: 1000 | R: 877.3069 | T: 1:32:12
| train          | F: 491000 | S: 245500 | E: 491 | L: 1000 | R: 856.8127 | BS: 245500 | FPS: 33.7298 | T: 1:32:42
| train          | F: 492000 | S: 246000 | E: 492 | L: 1000 | R: 866.1112 | BS: 246000 | FPS: 99.8544 | T: 1:32:52
| train          | F: 493000 | S: 246500 | E: 493 | L: 1000 | R: 859.1150 | BS: 246500 | FPS: 100.2293 | T: 1:33:02
| train          | F: 494000 | S: 247000 | E: 494 | L: 1000 | R: 854.3252 | BS: 247000 | FPS: 98.3574 | T: 1:33:12
| train          | F: 495000 | S: 247500 | E: 495 | L: 1000 | R: 848.9381 | BS: 247500 | FPS: 99.2336 | T: 1:33:22
| train          | F: 496000 | S: 248000 | E: 496 | L: 1000 | R: 857.9450 | BS: 248000 | FPS: 101.2056 | T: 1:33:32
| train          | F: 497000 | S: 248500 | E: 497 | L: 1000 | R: 851.9879 | BS: 248500 | FPS: 104.3120 | T: 1:33:42
| train          | F: 498000 | S: 249000 | E: 498 | L: 1000 | R: 858.7035 | BS: 249000 | FPS: 97.8564 | T: 1:33:52
| train          | F: 499000 | S: 249500 | E: 499 | L: 1000 | R: 848.9123 | BS: 249500 | FPS: 107.1537 | T: 1:34:01
| train          | F: 500000 | S: 250000 | E: 500 | L: 1000 | R: 861.5184 | BS: 250000 | FPS: 103.1665 | T: 1:34:11
| eval           | F: 500000 | S: 250000 | E: 500 | L: 1000 | R: 870.2389 | T: 1:34:11
| train          | F: 501000 | S: 250500 | E: 501 | L: 1000 | R: 845.4625 | BS: 250500 | FPS: 34.7521 | T: 1:34:40
| train          | F: 502000 | S: 251000 | E: 502 | L: 1000 | R: 738.7634 | BS: 251000 | FPS: 102.5697 | T: 1:34:49
| train          | F: 503000 | S: 251500 | E: 503 | L: 1000 | R: 856.3314 | BS: 251500 | FPS: 102.7130 | T: 1:34:59
| train          | F: 504000 | S: 252000 | E: 504 | L: 1000 | R: 841.5377 | BS: 252000 | FPS: 101.3849 | T: 1:35:09
| train          | F: 505000 | S: 252500 | E: 505 | L: 1000 | R: 862.9083 | BS: 252500 | FPS: 100.0602 | T: 1:35:19
| train          | F: 506000 | S: 253000 | E: 506 | L: 1000 | R: 860.5081 | BS: 253000 | FPS: 98.5922 | T: 1:35:29
| train          | F: 507000 | S: 253500 | E: 507 | L: 1000 | R: 837.4976 | BS: 253500 | FPS: 103.9956 | T: 1:35:39
| train          | F: 508000 | S: 254000 | E: 508 | L: 1000 | R: 848.1699 | BS: 254000 | FPS: 103.4816 | T: 1:35:48
| train          | F: 509000 | S: 254500 | E: 509 | L: 1000 | R: 856.4706 | BS: 254500 | FPS: 100.7076 | T: 1:35:58
