Gym has been unmaintained since 2022 and does not support NumPy 2.0 amongst other critical functionality.
Please upgrade to Gymnasium, the maintained drop-in replacement of Gym, or contact the authors of your software and request that they upgrade.
Users of this version of Gym should be able to simply replace 'import gym' with 'import gymnasium as gym' in the vast majority of cases.
See the migration guide at https://gymnasium.farama.org/introduction/migration_guide/ for additional information.
/workspace/learn-si2e/SI2E/SI2E_A2C/rl-starter-files/rl-starter-files/scripts/train.py --algo a2c --env MiniGrid-KeyCorridorS3R1-v0 --model kcs1-si2e-s2 --frames 3000000 --use_batch --save-interval 100 --log-interval 500 --seed 2 --use_entropy_reward --use_value_condition --beta 0.005

Namespace(algo='a2c', env='MiniGrid-KeyCorridorS3R1-v0', model='kcs1-si2e-s2', seed=2, log_interval=500, save_interval=100, procs=16, frames=3000000, epochs=4, batch_size=256, frames_per_proc=None, discount=0.99, lr=0.001, gae_lambda=0.95, entropy_coef=0.01, value_loss_coef=0.5, max_grad_norm=0.5, optim_eps=1e-08, optim_alpha=0.99, clip_eps=0.2, recurrence=1, text=False, use_entropy_reward=True, use_value_condition=True, beta=0.005, use_batch=True, ablation=None, mem=False)

Device: cuda:0

Environments loaded

Training status loaded

Observations preprocessor loaded
Model loaded

ACModel(
  (image_conv): Sequential(
    (0): Conv2d(3, 16, kernel_size=(2, 2), stride=(1, 1))
    (1): ReLU()
    (2): MaxPool2d(kernel_size=(2, 2), stride=(2, 2), padding=0, dilation=1, ceil_mode=False)
    (3): Conv2d(16, 32, kernel_size=(2, 2), stride=(1, 1))
    (4): ReLU()
    (5): Conv2d(32, 64, kernel_size=(2, 2), stride=(1, 1))
    (6): ReLU()
  )
  (actor): Sequential(
    (0): Linear(in_features=64, out_features=64, bias=True)
    (1): Tanh()
    (2): Linear(in_features=64, out_features=7, bias=True)
  )
  (critic): Sequential(
    (0): Linear(in_features=64, out_features=64, bias=True)
    (1): Tanh()
    (2): Linear(in_features=64, out_features=1, bias=True)
  )
  (extr_critic): Sequential(
    (0): Linear(in_features=64, out_features=64, bias=True)
    (1): Tanh()
    (2): Linear(in_features=64, out_features=1, bias=True)
  )
)

Optimizer loaded

Status saved
Status saved
Status saved
Status saved
U 500 | F 064000 | FPS 0445 | D 159 | rR:μσmM 0.19 0.26 0.00 0.79 | F:μσmM 225.4 65.2 63.0 270.0 | H 1.823 | V -0.271 | pL -0.010 | vL 0.003 | ∇ 0.019
Status saved
Status saved
Status saved
Status saved
Status saved
U 1000 | F 128000 | FPS 0456 | D 311 | rR:μσmM 0.90 0.03 0.81 0.95 | F:μσmM 29.2 10.3 15.0 57.0 | H 1.015 | V 0.669 | pL 0.015 | vL 0.005 | ∇ 0.123
Status saved
Status saved
Status saved
Status saved
Status saved
U 1500 | F 192000 | FPS 0461 | D 465 | rR:μσmM 0.93 0.02 0.87 0.95 | F:μσmM 21.3 5.5 15.0 39.0 | H 1.077 | V 0.755 | pL -0.002 | vL 0.001 | ∇ 0.099
Status saved
Status saved
Status saved
Status saved
Status saved
U 2000 | F 256000 | FPS 0457 | D 618 | rR:μσmM 0.93 0.01 0.92 0.95 | F:μσmM 20.9 3.0 16.0 25.0 | H 1.068 | V 0.771 | pL -0.012 | vL 0.002 | ∇ 0.069
Status saved
Status saved
Status saved
Status saved
Status saved
U 2500 | F 320000 | FPS 0312 | D 773 | rR:μσmM 0.93 0.02 0.88 0.95 | F:μσmM 19.6 5.4 15.0 37.0 | H 0.937 | V 0.818 | pL -0.012 | vL 0.001 | ∇ 0.039
Status saved
Status saved
Status saved
Status saved
Status saved
U 3000 | F 384000 | FPS 0443 | D 928 | rR:μσmM 0.94 0.01 0.92 0.95 | F:μσmM 18.6 2.8 14.0 25.0 | H 0.919 | V 0.855 | pL -0.009 | vL 0.001 | ∇ 0.054
Status saved
Status saved
Status saved
Status saved
Status saved
U 3500 | F 448000 | FPS 0461 | D 1081 | rR:μσmM 0.93 0.01 0.91 0.95 | F:μσmM 20.1 3.2 16.0 27.0 | H 0.933 | V 0.788 | pL -0.004 | vL 0.001 | ∇ 0.049
Status saved
Status saved
Status saved
Status saved
Status saved
U 4000 | F 512000 | FPS 0455 | D 1232 | rR:μσmM 0.93 0.01 0.91 0.94 | F:μσmM 22.2 2.9 18.0 28.0 | H 1.040 | V 0.801 | pL -0.019 | vL 0.001 | ∇ 0.036
Status saved
Status saved
Status saved
Status saved
Status saved
U 4500 | F 576000 | FPS 0445 | D 1386 | rR:μσmM 0.93 0.01 0.91 0.95 | F:μσmM 20.2 2.7 16.0 26.0 | H 1.026 | V 0.820 | pL -0.016 | vL 0.001 | ∇ 0.038
Status saved
Status saved
Status saved
Status saved
Status saved
U 5000 | F 640000 | FPS 0243 | D 1542 | rR:μσmM 0.94 0.01 0.92 0.95 | F:μσmM 18.8 2.4 15.0 24.0 | H 0.989 | V 0.848 | pL -0.013 | vL 0.001 | ∇ 0.024
Status saved
Status saved
Status saved
Status saved
Status saved
U 5500 | F 704000 | FPS 0373 | D 1696 | rR:μσmM 0.93 0.01 0.89 0.94 | F:μσmM 21.1 3.6 17.0 32.0 | H 0.911 | V 0.837 | pL -0.025 | vL 0.001 | ∇ 0.030
Status saved
Status saved
Status saved
Status saved
Status saved
U 6000 | F 768000 | FPS 0262 | D 1851 | rR:μσmM 0.94 0.01 0.92 0.95 | F:μσmM 19.1 2.1 16.0 24.0 | H 0.995 | V 0.797 | pL -0.003 | vL 0.001 | ∇ 0.024
Status saved
Status saved
Status saved
Status saved
Status saved
U 6500 | F 832000 | FPS 0464 | D 2007 | rR:μσmM 0.93 0.01 0.90 0.95 | F:μσmM 20.5 4.2 14.0 30.0 | H 0.956 | V 0.810 | pL -0.006 | vL 0.001 | ∇ 0.019
Status saved
Status saved
Status saved
Status saved
Status saved
U 7000 | F 896000 | FPS 0459 | D 2160 | rR:μσmM 0.93 0.01 0.90 0.95 | F:μσmM 19.9 3.9 16.0 29.0 | H 1.016 | V 0.810 | pL 0.002 | vL 0.001 | ∇ 0.031
Status saved
Status saved
Status saved
Status saved
Status saved
U 7500 | F 960000 | FPS 0421 | D 2317 | rR:μσmM 0.94 0.01 0.92 0.95 | F:μσmM 18.7 3.0 14.0 24.0 | H 1.026 | V 0.811 | pL -0.017 | vL 0.001 | ∇ 0.096
Status saved
Status saved
Status saved
Status saved
Status saved
U 8000 | F 1024000 | FPS 0355 | D 2472 | rR:μσmM 0.93 0.01 0.90 0.95 | F:μσmM 19.9 3.7 15.0 30.0 | H 0.917 | V 0.808 | pL -0.009 | vL 0.001 | ∇ 0.021
Status saved
Status saved
Status saved
Status saved
Status saved
U 8500 | F 1088000 | FPS 0418 | D 2631 | rR:μσmM 0.93 0.01 0.89 0.95 | F:μσmM 20.0 4.5 14.0 33.0 | H 1.012 | V 0.822 | pL -0.015 | vL 0.001 | ∇ 0.026
Status saved
Status saved
Status saved
Status saved
Status saved
U 9000 | F 1152000 | FPS 0381 | D 2785 | rR:μσmM 0.93 0.01 0.92 0.95 | F:μσmM 19.6 2.2 15.0 23.0 | H 0.968 | V 0.809 | pL -0.012 | vL 0.001 | ∇ 0.015
Status saved
Status saved
Status saved
Status saved
Status saved
U 9500 | F 1216000 | FPS 0413 | D 2938 | rR:μσmM 0.93 0.01 0.91 0.95 | F:μσmM 21.9 3.0 16.0 27.0 | H 1.053 | V 0.761 | pL -0.015 | vL 0.001 | ∇ 0.043
Status saved
Status saved
Status saved
Status saved
Status saved
U 10000 | F 1280000 | FPS 0484 | D 3093 | rR:μσmM 0.93 0.01 0.92 0.95 | F:μσmM 19.6 3.1 15.0 25.0 | H 1.040 | V 0.823 | pL -0.031 | vL 0.001 | ∇ 0.061
Status saved
Status saved
Status saved
Status saved
Status saved
U 10500 | F 1344000 | FPS 0390 | D 3245 | rR:μσmM 0.94 0.01 0.92 0.95 | F:μσmM 19.4 3.2 15.0 25.0 | H 0.950 | V 0.826 | pL -0.018 | vL 0.001 | ∇ 0.022
Status saved
Status saved
Status saved
Status saved
Status saved
U 11000 | F 1408000 | FPS 0464 | D 3402 | rR:μσmM 0.93 0.01 0.90 0.95 | F:μσmM 21.7 3.5 15.0 29.0 | H 1.051 | V 0.815 | pL -0.018 | vL 0.001 | ∇ 0.032
Status saved
Status saved
Status saved
Status saved
Status saved
U 11500 | F 1472000 | FPS 0430 | D 3556 | rR:μσmM 0.94 0.01 0.93 0.95 | F:μσmM 17.6 1.9 14.0 22.0 | H 0.934 | V 0.834 | pL -0.003 | vL 0.000 | ∇ 0.017
Status saved
Status saved
Status saved
Status saved
Status saved
U 12000 | F 1536000 | FPS 0457 | D 3712 | rR:μσmM 0.93 0.01 0.91 0.95 | F:μσmM 20.4 2.9 15.0 26.0 | H 0.959 | V 0.791 | pL -0.003 | vL 0.001 | ∇ 0.020
Status saved
Status saved
Status saved
Status saved
Status saved
U 12500 | F 1600000 | FPS 0418 | D 3866 | rR:μσmM 0.94 0.01 0.92 0.95 | F:μσmM 18.9 2.7 16.0 24.0 | H 0.965 | V 0.819 | pL -0.018 | vL 0.001 | ∇ 0.036
Status saved
Status saved
Status saved
Status saved
Status saved
U 13000 | F 1664000 | FPS 0413 | D 4021 | rR:μσmM 0.93 0.01 0.92 0.95 | F:μσmM 19.9 2.6 15.0 25.0 | H 0.974 | V 0.785 | pL -0.011 | vL 0.001 | ∇ 0.029
Status saved
Status saved
Status saved
Status saved
Status saved
U 13500 | F 1728000 | FPS 0440 | D 4175 | rR:μσmM 0.93 0.01 0.92 0.94 | F:μσmM 19.6 1.6 17.0 23.0 | H 1.073 | V 0.786 | pL -0.012 | vL 0.001 | ∇ 0.021
Status saved
Status saved
Status saved
Status saved
Status saved
U 14000 | F 1792000 | FPS 0478 | D 4330 | rR:μσmM 0.94 0.01 0.91 0.95 | F:μσmM 19.2 3.3 15.0 26.0 | H 1.096 | V 0.785 | pL 0.001 | vL 0.001 | ∇ 0.038
Status saved
Status saved
Status saved
Status saved
Status saved
U 14500 | F 1856000 | FPS 0452 | D 4485 | rR:μσmM 0.93 0.01 0.91 0.95 | F:μσmM 20.3 3.7 15.0 28.0 | H 1.041 | V 0.785 | pL -0.016 | vL 0.001 | ∇ 0.024
Status saved
Status saved
Status saved
Status saved
Status saved
U 15000 | F 1920000 | FPS 0469 | D 4639 | rR:μσmM 0.93 0.01 0.89 0.94 | F:μσmM 20.4 3.6 17.0 32.0 | H 1.025 | V 0.772 | pL -0.015 | vL 0.001 | ∇ 0.031
Status saved
Status saved
Status saved
Status saved
Status saved
U 15500 | F 1984000 | FPS 0408 | D 4792 | rR:μσmM 0.93 0.01 0.92 0.95 | F:μσmM 20.6 3.0 14.0 25.0 | H 0.998 | V 0.783 | pL -0.004 | vL 0.001 | ∇ 0.021
Status saved
Status saved
Status saved
Status saved
Status saved
U 16000 | F 2048000 | FPS 0454 | D 4948 | rR:μσmM 0.93 0.01 0.91 0.94 | F:μσmM 20.2 2.7 17.0 26.0 | H 1.043 | V 0.806 | pL -0.014 | vL 0.001 | ∇ 0.027
Status saved
Status saved
Status saved
Status saved
Status saved
U 16500 | F 2112000 | FPS 0425 | D 5101 | rR:μσmM 0.93 0.01 0.92 0.95 | F:μσmM 20.1 2.5 15.0 24.0 | H 0.995 | V 0.799 | pL -0.007 | vL 0.001 | ∇ 0.015
Status saved
Status saved
Status saved
Status saved
Status saved
U 17000 | F 2176000 | FPS 0415 | D 5256 | rR:μσmM 0.93 0.01 0.91 0.95 | F:μσmM 21.4 3.1 16.0 27.0 | H 1.020 | V 0.786 | pL -0.009 | vL 0.001 | ∇ 0.019
Status saved
Status saved
Status saved
Status saved
Status saved
U 17500 | F 2240000 | FPS 0405 | D 5411 | rR:μσmM 0.93 0.01 0.91 0.95 | F:μσmM 20.0 3.5 15.0 26.0 | H 0.952 | V 0.808 | pL -0.015 | vL 0.001 | ∇ 0.060
Status saved
Status saved
Status saved
Status saved
Status saved
U 18000 | F 2304000 | FPS 0451 | D 5567 | rR:μσmM 0.94 0.01 0.91 0.95 | F:μσmM 18.6 3.0 15.0 27.0 | H 0.988 | V 0.790 | pL -0.019 | vL 0.001 | ∇ 0.023
Status saved
Status saved
Status saved
Status saved
Status saved
U 18500 | F 2368000 | FPS 0437 | D 5722 | rR:μσmM 0.93 0.01 0.91 0.95 | F:μσmM 19.6 2.9 16.0 26.0 | H 1.002 | V 0.833 | pL -0.022 | vL 0.001 | ∇ 0.032
Status saved
Status saved
Status saved
Status saved
Status saved
U 19000 | F 2432000 | FPS 0470 | D 5876 | rR:μσmM 0.93 0.01 0.91 0.95 | F:μσmM 20.8 3.3 15.0 26.0 | H 0.937 | V 0.783 | pL -0.014 | vL 0.001 | ∇ 0.018
Status saved
Status saved
Status saved
Status saved
Status saved
U 19500 | F 2496000 | FPS 0402 | D 6030 | rR:μσmM 0.93 0.01 0.90 0.95 | F:μσmM 20.2 3.7 15.0 29.0 | H 0.953 | V 0.809 | pL 0.002 | vL 0.001 | ∇ 0.026
Status saved
Status saved
Status saved
Status saved
Status saved
U 20000 | F 2560000 | FPS 0437 | D 6186 | rR:μσmM 0.93 0.01 0.92 0.95 | F:μσmM 19.6 3.2 15.0 25.0 | H 1.067 | V 0.795 | pL -0.014 | vL 0.001 | ∇ 0.021
Status saved
Status saved
Status saved
Status saved
Status saved
U 20500 | F 2624000 | FPS 0442 | D 6342 | rR:μσmM 0.94 0.01 0.91 0.95 | F:μσmM 18.9 2.9 16.0 26.0 | H 0.992 | V 0.817 | pL -0.016 | vL 0.001 | ∇ 0.013
Status saved
Status saved
Status saved
Status saved
Status saved
U 21000 | F 2688000 | FPS 0426 | D 6495 | rR:μσmM 0.93 0.01 0.92 0.95 | F:μσmM 20.8 2.8 16.0 25.0 | H 0.990 | V 0.816 | pL -0.008 | vL 0.001 | ∇ 0.019
Status saved
Status saved
Status saved
Status saved
Status saved
U 21500 | F 2752000 | FPS 0442 | D 6650 | rR:μσmM 0.93 0.01 0.91 0.95 | F:μσmM 21.1 3.8 15.0 27.0 | H 0.996 | V 0.782 | pL -0.019 | vL 0.001 | ∇ 0.015
Status saved
Status saved
Status saved
Status saved
Status saved
U 22000 | F 2816000 | FPS 0407 | D 6804 | rR:μσmM 0.93 0.01 0.91 0.95 | F:μσmM 19.9 2.8 16.0 26.0 | H 1.091 | V 0.823 | pL -0.027 | vL 0.001 | ∇ 0.030
Status saved
Status saved
Status saved
Status saved
Status saved
U 22500 | F 2880000 | FPS 0338 | D 6961 | rR:μσmM 0.93 0.01 0.89 0.95 | F:μσmM 21.4 4.2 14.0 32.0 | H 0.971 | V 0.812 | pL -0.005 | vL 0.000 | ∇ 0.014
Status saved
Status saved
Status saved
Status saved
Status saved
U 23000 | F 2944000 | FPS 0452 | D 7117 | rR:μσmM 0.93 0.01 0.92 0.95 | F:μσmM 20.2 2.7 16.0 24.0 | H 1.022 | V 0.825 | pL -0.031 | vL 0.001 | ∇ 0.031
Status saved
Status saved
Status saved
Status saved
Status saved
