/workspace/learn-si2e/SI2E/SI2E_DrQv2/train.py:210: UserWarning: 
The version_base parameter is not specified.
Please specify a compatability version level, or None.
Will assume defaults for version 1.1
  @hydra.main(config_path='cfgs', config_name='config')
/usr/local/lib/python3.10/dist-packages/hydra/_internal/hydra.py:119: UserWarning: Future Hydra versions will no longer change working directory at job runtime by default.
See https://hydra.cc/docs/1.2/upgrades/1.1_to_1.2/changes_to_job_working_dir/ for more information.
  ret = run_job(
/workspace/learn-si2e/SI2E/SI2E_DrQv2/train.py:210: UserWarning: 
The version_base parameter is not specified.
Please specify a compatability version level, or None.
Will assume defaults for version 1.1
  @hydra.main(config_path='cfgs', config_name='config')
workspace: /workspace/learn-si2e/results/drqv2-full/baseline
| eval           | F: 0 | S: 0 | E: 0 | L: 1000 | R: 9.3777 | T: 0:00:00
| train          | F: 5000 | S: 2500 | E: 5 | L: 1000 | R: 74.0392 | BS: 2500 | FPS: 35.5346 | T: 0:00:28
| train          | F: 6000 | S: 3000 | E: 6 | L: 1000 | R: 73.6087 | BS: 3000 | FPS: 159.3748 | T: 0:00:34
| train          | F: 7000 | S: 3500 | E: 7 | L: 1000 | R: 70.1055 | BS: 3500 | FPS: 162.6886 | T: 0:00:40
| train          | F: 8000 | S: 4000 | E: 8 | L: 1000 | R: 71.8444 | BS: 4000 | FPS: 151.1570 | T: 0:00:47
| train          | F: 9000 | S: 4500 | E: 9 | L: 1000 | R: 71.3766 | BS: 4500 | FPS: 147.7356 | T: 0:00:53
| train          | F: 10000 | S: 5000 | E: 10 | L: 1000 | R: 73.7625 | BS: 5000 | FPS: 150.6316 | T: 0:01:00
| eval           | F: 10000 | S: 5000 | E: 10 | L: 1000 | R: 74.8325 | T: 0:01:00
| train          | F: 11000 | S: 5500 | E: 11 | L: 1000 | R: 72.0124 | BS: 5500 | FPS: 43.0536 | T: 0:01:23
| train          | F: 12000 | S: 6000 | E: 12 | L: 1000 | R: 73.5865 | BS: 6000 | FPS: 153.9473 | T: 0:01:30
| train          | F: 13000 | S: 6500 | E: 13 | L: 1000 | R: 71.7362 | BS: 6500 | FPS: 146.2936 | T: 0:01:37
| train          | F: 14000 | S: 7000 | E: 14 | L: 1000 | R: 72.5846 | BS: 7000 | FPS: 152.0942 | T: 0:01:43
| train          | F: 15000 | S: 7500 | E: 15 | L: 1000 | R: 71.4812 | BS: 7500 | FPS: 149.5065 | T: 0:01:50
| train          | F: 16000 | S: 8000 | E: 16 | L: 1000 | R: 74.6866 | BS: 8000 | FPS: 150.3003 | T: 0:01:57
| train          | F: 17000 | S: 8500 | E: 17 | L: 1000 | R: 73.2393 | BS: 8500 | FPS: 154.9142 | T: 0:02:03
| train          | F: 18000 | S: 9000 | E: 18 | L: 1000 | R: 70.4914 | BS: 9000 | FPS: 141.8019 | T: 0:02:10
| train          | F: 19000 | S: 9500 | E: 19 | L: 1000 | R: 71.8180 | BS: 9500 | FPS: 145.7035 | T: 0:02:17
| train          | F: 20000 | S: 10000 | E: 20 | L: 1000 | R: 72.9947 | BS: 10000 | FPS: 142.1610 | T: 0:02:24
| eval           | F: 20000 | S: 10000 | E: 20 | L: 1000 | R: 75.0211 | T: 0:02:24
| train          | F: 21000 | S: 10500 | E: 21 | L: 1000 | R: 72.1809 | BS: 10500 | FPS: 39.6810 | T: 0:02:49
| train          | F: 22000 | S: 11000 | E: 22 | L: 1000 | R: 73.4201 | BS: 11000 | FPS: 141.7394 | T: 0:02:56
| train          | F: 23000 | S: 11500 | E: 23 | L: 1000 | R: 72.9081 | BS: 11500 | FPS: 147.9860 | T: 0:03:03
| train          | F: 24000 | S: 12000 | E: 24 | L: 1000 | R: 71.8142 | BS: 12000 | FPS: 140.5352 | T: 0:03:10
| train          | F: 25000 | S: 12500 | E: 25 | L: 1000 | R: 71.8032 | BS: 12500 | FPS: 142.9716 | T: 0:03:17
| train          | F: 26000 | S: 13000 | E: 26 | L: 1000 | R: 174.4911 | BS: 13000 | FPS: 146.4406 | T: 0:03:24
| train          | F: 27000 | S: 13500 | E: 27 | L: 1000 | R: 155.6109 | BS: 13500 | FPS: 150.9813 | T: 0:03:31
| train          | F: 28000 | S: 14000 | E: 28 | L: 1000 | R: 113.0332 | BS: 14000 | FPS: 139.6286 | T: 0:03:38
| train          | F: 29000 | S: 14500 | E: 29 | L: 1000 | R: 158.8147 | BS: 14500 | FPS: 143.2790 | T: 0:03:45
| train          | F: 30000 | S: 15000 | E: 30 | L: 1000 | R: 184.2697 | BS: 15000 | FPS: 144.5177 | T: 0:03:52
| eval           | F: 30000 | S: 15000 | E: 30 | L: 1000 | R: 177.9661 | T: 0:03:52
| train          | F: 31000 | S: 15500 | E: 31 | L: 1000 | R: 196.1339 | BS: 15500 | FPS: 38.9493 | T: 0:04:17
| train          | F: 32000 | S: 16000 | E: 32 | L: 1000 | R: 180.8230 | BS: 16000 | FPS: 138.9072 | T: 0:04:24
| train          | F: 33000 | S: 16500 | E: 33 | L: 1000 | R: 209.1983 | BS: 16500 | FPS: 139.2995 | T: 0:04:32
| train          | F: 34000 | S: 17000 | E: 34 | L: 1000 | R: 170.8684 | BS: 17000 | FPS: 138.2221 | T: 0:04:39
| train          | F: 35000 | S: 17500 | E: 35 | L: 1000 | R: 194.0553 | BS: 17500 | FPS: 136.9391 | T: 0:04:46
| train          | F: 36000 | S: 18000 | E: 36 | L: 1000 | R: 193.2757 | BS: 18000 | FPS: 137.7557 | T: 0:04:53
| train          | F: 37000 | S: 18500 | E: 37 | L: 1000 | R: 191.1249 | BS: 18500 | FPS: 138.0350 | T: 0:05:01
| train          | F: 38000 | S: 19000 | E: 38 | L: 1000 | R: 218.3868 | BS: 19000 | FPS: 136.6128 | T: 0:05:08
| train          | F: 39000 | S: 19500 | E: 39 | L: 1000 | R: 183.2275 | BS: 19500 | FPS: 136.4159 | T: 0:05:15
| train          | F: 40000 | S: 20000 | E: 40 | L: 1000 | R: 190.0125 | BS: 20000 | FPS: 136.9125 | T: 0:05:23
| eval           | F: 40000 | S: 20000 | E: 40 | L: 1000 | R: 187.0167 | T: 0:05:23
| train          | F: 41000 | S: 20500 | E: 41 | L: 1000 | R: 236.9947 | BS: 20500 | FPS: 42.8111 | T: 0:05:46
| train          | F: 42000 | S: 21000 | E: 42 | L: 1000 | R: 185.5748 | BS: 21000 | FPS: 143.1109 | T: 0:05:53
| train          | F: 43000 | S: 21500 | E: 43 | L: 1000 | R: 224.8621 | BS: 21500 | FPS: 139.4602 | T: 0:06:00
| train          | F: 44000 | S: 22000 | E: 44 | L: 1000 | R: 201.4073 | BS: 22000 | FPS: 138.4647 | T: 0:06:07
| train          | F: 45000 | S: 22500 | E: 45 | L: 1000 | R: 173.1193 | BS: 22500 | FPS: 147.0203 | T: 0:06:14
| train          | F: 46000 | S: 23000 | E: 46 | L: 1000 | R: 187.9766 | BS: 23000 | FPS: 146.8021 | T: 0:06:21
| train          | F: 47000 | S: 23500 | E: 47 | L: 1000 | R: 175.5898 | BS: 23500 | FPS: 147.3588 | T: 0:06:28
| train          | F: 48000 | S: 24000 | E: 48 | L: 1000 | R: 210.8209 | BS: 24000 | FPS: 139.5069 | T: 0:06:35
| train          | F: 49000 | S: 24500 | E: 49 | L: 1000 | R: 203.5111 | BS: 24500 | FPS: 130.1159 | T: 0:06:43
| train          | F: 50000 | S: 25000 | E: 50 | L: 1000 | R: 178.5475 | BS: 25000 | FPS: 129.5763 | T: 0:06:50
| eval           | F: 50000 | S: 25000 | E: 50 | L: 1000 | R: 159.3457 | T: 0:06:50
| train          | F: 51000 | S: 25500 | E: 51 | L: 1000 | R: 158.0323 | BS: 25500 | FPS: 42.1459 | T: 0:07:14
| train          | F: 52000 | S: 26000 | E: 52 | L: 1000 | R: 213.6281 | BS: 26000 | FPS: 143.2293 | T: 0:07:21
| train          | F: 53000 | S: 26500 | E: 53 | L: 1000 | R: 190.0140 | BS: 26500 | FPS: 144.4069 | T: 0:07:28
| train          | F: 54000 | S: 27000 | E: 54 | L: 1000 | R: 188.8793 | BS: 27000 | FPS: 142.1064 | T: 0:07:35
| train          | F: 55000 | S: 27500 | E: 55 | L: 1000 | R: 164.4215 | BS: 27500 | FPS: 141.3568 | T: 0:07:42
| train          | F: 56000 | S: 28000 | E: 56 | L: 1000 | R: 211.5760 | BS: 28000 | FPS: 135.3204 | T: 0:07:49
| train          | F: 57000 | S: 28500 | E: 57 | L: 1000 | R: 169.0102 | BS: 28500 | FPS: 137.2261 | T: 0:07:57
| train          | F: 58000 | S: 29000 | E: 58 | L: 1000 | R: 170.0685 | BS: 29000 | FPS: 144.0677 | T: 0:08:04
| train          | F: 59000 | S: 29500 | E: 59 | L: 1000 | R: 179.1194 | BS: 29500 | FPS: 143.1906 | T: 0:08:11
| train          | F: 60000 | S: 30000 | E: 60 | L: 1000 | R: 178.0828 | BS: 30000 | FPS: 144.0067 | T: 0:08:18
| eval           | F: 60000 | S: 30000 | E: 60 | L: 1000 | R: 191.0779 | T: 0:08:18
| train          | F: 61000 | S: 30500 | E: 61 | L: 1000 | R: 203.3783 | BS: 30500 | FPS: 38.7764 | T: 0:08:43
| train          | F: 62000 | S: 31000 | E: 62 | L: 1000 | R: 245.7147 | BS: 31000 | FPS: 140.5990 | T: 0:08:51
| train          | F: 63000 | S: 31500 | E: 63 | L: 1000 | R: 150.3339 | BS: 31500 | FPS: 136.7291 | T: 0:08:58
| train          | F: 64000 | S: 32000 | E: 64 | L: 1000 | R: 187.3383 | BS: 32000 | FPS: 136.3086 | T: 0:09:05
| train          | F: 65000 | S: 32500 | E: 65 | L: 1000 | R: 256.9137 | BS: 32500 | FPS: 134.2973 | T: 0:09:13
| train          | F: 66000 | S: 33000 | E: 66 | L: 1000 | R: 185.6848 | BS: 33000 | FPS: 134.4665 | T: 0:09:20
| train          | F: 67000 | S: 33500 | E: 67 | L: 1000 | R: 204.2088 | BS: 33500 | FPS: 132.9562 | T: 0:09:28
| train          | F: 68000 | S: 34000 | E: 68 | L: 1000 | R: 180.8188 | BS: 34000 | FPS: 133.4838 | T: 0:09:35
| train          | F: 69000 | S: 34500 | E: 69 | L: 1000 | R: 184.1145 | BS: 34500 | FPS: 132.2823 | T: 0:09:43
| train          | F: 70000 | S: 35000 | E: 70 | L: 1000 | R: 174.1371 | BS: 35000 | FPS: 133.5525 | T: 0:09:50
| eval           | F: 70000 | S: 35000 | E: 70 | L: 1000 | R: 169.2174 | T: 0:09:50
| train          | F: 71000 | S: 35500 | E: 71 | L: 1000 | R: 226.4346 | BS: 35500 | FPS: 38.7056 | T: 0:10:16
| train          | F: 72000 | S: 36000 | E: 72 | L: 1000 | R: 166.2232 | BS: 36000 | FPS: 143.6109 | T: 0:10:23
| train          | F: 73000 | S: 36500 | E: 73 | L: 1000 | R: 187.1363 | BS: 36500 | FPS: 139.9692 | T: 0:10:30
| train          | F: 74000 | S: 37000 | E: 74 | L: 1000 | R: 173.6990 | BS: 37000 | FPS: 140.4148 | T: 0:10:37
| train          | F: 75000 | S: 37500 | E: 75 | L: 1000 | R: 224.7933 | BS: 37500 | FPS: 135.5134 | T: 0:10:45
| train          | F: 76000 | S: 38000 | E: 76 | L: 1000 | R: 194.1803 | BS: 38000 | FPS: 138.6232 | T: 0:10:52
| train          | F: 77000 | S: 38500 | E: 77 | L: 1000 | R: 209.6487 | BS: 38500 | FPS: 135.7192 | T: 0:10:59
| train          | F: 78000 | S: 39000 | E: 78 | L: 1000 | R: 227.0009 | BS: 39000 | FPS: 141.0592 | T: 0:11:06
| train          | F: 79000 | S: 39500 | E: 79 | L: 1000 | R: 163.1426 | BS: 39500 | FPS: 145.0766 | T: 0:11:13
| train          | F: 80000 | S: 40000 | E: 80 | L: 1000 | R: 184.1476 | BS: 40000 | FPS: 143.8655 | T: 0:11:20
| eval           | F: 80000 | S: 40000 | E: 80 | L: 1000 | R: 187.3141 | T: 0:11:20
| train          | F: 81000 | S: 40500 | E: 81 | L: 1000 | R: 215.4938 | BS: 40500 | FPS: 41.8899 | T: 0:11:44
| train          | F: 82000 | S: 41000 | E: 82 | L: 1000 | R: 176.4749 | BS: 41000 | FPS: 143.9702 | T: 0:11:51
| train          | F: 83000 | S: 41500 | E: 83 | L: 1000 | R: 200.5676 | BS: 41500 | FPS: 145.5292 | T: 0:11:58
| train          | F: 84000 | S: 42000 | E: 84 | L: 1000 | R: 227.8059 | BS: 42000 | FPS: 144.6331 | T: 0:12:05
| train          | F: 85000 | S: 42500 | E: 85 | L: 1000 | R: 215.4779 | BS: 42500 | FPS: 143.1854 | T: 0:12:12
| train          | F: 86000 | S: 43000 | E: 86 | L: 1000 | R: 191.8719 | BS: 43000 | FPS: 144.3828 | T: 0:12:19
| train          | F: 87000 | S: 43500 | E: 87 | L: 1000 | R: 186.7486 | BS: 43500 | FPS: 138.6117 | T: 0:12:26
| train          | F: 88000 | S: 44000 | E: 88 | L: 1000 | R: 203.0985 | BS: 44000 | FPS: 142.0443 | T: 0:12:33
| train          | F: 89000 | S: 44500 | E: 89 | L: 1000 | R: 199.5429 | BS: 44500 | FPS: 138.5854 | T: 0:12:40
| train          | F: 90000 | S: 45000 | E: 90 | L: 1000 | R: 198.8648 | BS: 45000 | FPS: 142.9657 | T: 0:12:47
| eval           | F: 90000 | S: 45000 | E: 90 | L: 1000 | R: 200.8511 | T: 0:12:47
| train          | F: 91000 | S: 45500 | E: 91 | L: 1000 | R: 257.3793 | BS: 45500 | FPS: 41.9901 | T: 0:13:11
| train          | F: 92000 | S: 46000 | E: 92 | L: 1000 | R: 194.8696 | BS: 46000 | FPS: 144.1884 | T: 0:13:18
| train          | F: 93000 | S: 46500 | E: 93 | L: 1000 | R: 229.4698 | BS: 46500 | FPS: 138.3336 | T: 0:13:25
| train          | F: 94000 | S: 47000 | E: 94 | L: 1000 | R: 180.3001 | BS: 47000 | FPS: 130.5130 | T: 0:13:33
| train          | F: 95000 | S: 47500 | E: 95 | L: 1000 | R: 191.6636 | BS: 47500 | FPS: 138.7335 | T: 0:13:40
| train          | F: 96000 | S: 48000 | E: 96 | L: 1000 | R: 187.2577 | BS: 48000 | FPS: 143.6827 | T: 0:13:47
| train          | F: 97000 | S: 48500 | E: 97 | L: 1000 | R: 228.0332 | BS: 48500 | FPS: 131.0713 | T: 0:13:55
| train          | F: 98000 | S: 49000 | E: 98 | L: 1000 | R: 206.5781 | BS: 49000 | FPS: 131.3775 | T: 0:14:02
| train          | F: 99000 | S: 49500 | E: 99 | L: 1000 | R: 209.0465 | BS: 49500 | FPS: 135.4798 | T: 0:14:10
| train          | F: 100000 | S: 50000 | E: 100 | L: 1000 | R: 207.3141 | BS: 50000 | FPS: 134.2713 | T: 0:14:17
| eval           | F: 100000 | S: 50000 | E: 100 | L: 1000 | R: 210.3907 | T: 0:14:17
| train          | F: 101000 | S: 50500 | E: 101 | L: 1000 | R: 208.1213 | BS: 50500 | FPS: 42.5272 | T: 0:14:40
| train          | F: 102000 | S: 51000 | E: 102 | L: 1000 | R: 212.6565 | BS: 51000 | FPS: 137.2553 | T: 0:14:48
| train          | F: 103000 | S: 51500 | E: 103 | L: 1000 | R: 172.7680 | BS: 51500 | FPS: 137.9409 | T: 0:14:55
| train          | F: 104000 | S: 52000 | E: 104 | L: 1000 | R: 221.0264 | BS: 52000 | FPS: 134.0266 | T: 0:15:02
| train          | F: 105000 | S: 52500 | E: 105 | L: 1000 | R: 193.4051 | BS: 52500 | FPS: 140.2106 | T: 0:15:10
| train          | F: 106000 | S: 53000 | E: 106 | L: 1000 | R: 229.9268 | BS: 53000 | FPS: 136.6882 | T: 0:15:17
| train          | F: 107000 | S: 53500 | E: 107 | L: 1000 | R: 250.4114 | BS: 53500 | FPS: 143.7312 | T: 0:15:24
| train          | F: 108000 | S: 54000 | E: 108 | L: 1000 | R: 195.9983 | BS: 54000 | FPS: 143.2033 | T: 0:15:31
| train          | F: 109000 | S: 54500 | E: 109 | L: 1000 | R: 196.0126 | BS: 54500 | FPS: 142.7433 | T: 0:15:38
| train          | F: 110000 | S: 55000 | E: 110 | L: 1000 | R: 203.5069 | BS: 55000 | FPS: 131.3396 | T: 0:15:45
| eval           | F: 110000 | S: 55000 | E: 110 | L: 1000 | R: 196.7634 | T: 0:15:45
| train          | F: 111000 | S: 55500 | E: 111 | L: 1000 | R: 200.1407 | BS: 55500 | FPS: 37.7131 | T: 0:16:12
| train          | F: 112000 | S: 56000 | E: 112 | L: 1000 | R: 299.8923 | BS: 56000 | FPS: 145.1790 | T: 0:16:19
| train          | F: 113000 | S: 56500 | E: 113 | L: 1000 | R: 209.6394 | BS: 56500 | FPS: 146.7115 | T: 0:16:26
| train          | F: 114000 | S: 57000 | E: 114 | L: 1000 | R: 164.3446 | BS: 57000 | FPS: 140.9982 | T: 0:16:33
| train          | F: 115000 | S: 57500 | E: 115 | L: 1000 | R: 236.2396 | BS: 57500 | FPS: 143.0271 | T: 0:16:40
| train          | F: 116000 | S: 58000 | E: 116 | L: 1000 | R: 199.7908 | BS: 58000 | FPS: 139.4151 | T: 0:16:47
| train          | F: 117000 | S: 58500 | E: 117 | L: 1000 | R: 186.4682 | BS: 58500 | FPS: 138.4051 | T: 0:16:54
| train          | F: 118000 | S: 59000 | E: 118 | L: 1000 | R: 198.3592 | BS: 59000 | FPS: 129.1337 | T: 0:17:02
| train          | F: 119000 | S: 59500 | E: 119 | L: 1000 | R: 212.3620 | BS: 59500 | FPS: 128.8002 | T: 0:17:10
| train          | F: 120000 | S: 60000 | E: 120 | L: 1000 | R: 264.5342 | BS: 60000 | FPS: 130.5273 | T: 0:17:17
| eval           | F: 120000 | S: 60000 | E: 120 | L: 1000 | R: 189.4499 | T: 0:17:17
| train          | F: 121000 | S: 60500 | E: 121 | L: 1000 | R: 226.5004 | BS: 60500 | FPS: 41.6179 | T: 0:17:41
| train          | F: 122000 | S: 61000 | E: 122 | L: 1000 | R: 201.6554 | BS: 61000 | FPS: 139.7797 | T: 0:17:49
| train          | F: 123000 | S: 61500 | E: 123 | L: 1000 | R: 207.5448 | BS: 61500 | FPS: 137.3094 | T: 0:17:56
| train          | F: 124000 | S: 62000 | E: 124 | L: 1000 | R: 204.9889 | BS: 62000 | FPS: 133.1343 | T: 0:18:03
| train          | F: 125000 | S: 62500 | E: 125 | L: 1000 | R: 217.9971 | BS: 62500 | FPS: 132.4229 | T: 0:18:11
| train          | F: 126000 | S: 63000 | E: 126 | L: 1000 | R: 215.4359 | BS: 63000 | FPS: 138.0283 | T: 0:18:18
| train          | F: 127000 | S: 63500 | E: 127 | L: 1000 | R: 245.4876 | BS: 63500 | FPS: 136.9899 | T: 0:18:25
| train          | F: 128000 | S: 64000 | E: 128 | L: 1000 | R: 185.4893 | BS: 64000 | FPS: 141.6154 | T: 0:18:32
| train          | F: 129000 | S: 64500 | E: 129 | L: 1000 | R: 218.8821 | BS: 64500 | FPS: 141.2484 | T: 0:18:40
| train          | F: 130000 | S: 65000 | E: 130 | L: 1000 | R: 216.9565 | BS: 65000 | FPS: 133.1391 | T: 0:18:47
| eval           | F: 130000 | S: 65000 | E: 130 | L: 1000 | R: 218.8282 | T: 0:18:47
| train          | F: 131000 | S: 65500 | E: 131 | L: 1000 | R: 220.0996 | BS: 65500 | FPS: 37.0922 | T: 0:19:14
| train          | F: 132000 | S: 66000 | E: 132 | L: 1000 | R: 194.0200 | BS: 66000 | FPS: 132.9612 | T: 0:19:22
| train          | F: 133000 | S: 66500 | E: 133 | L: 1000 | R: 197.2548 | BS: 66500 | FPS: 133.4139 | T: 0:19:29
| train          | F: 134000 | S: 67000 | E: 134 | L: 1000 | R: 235.1635 | BS: 67000 | FPS: 137.4674 | T: 0:19:36
| train          | F: 135000 | S: 67500 | E: 135 | L: 1000 | R: 239.1437 | BS: 67500 | FPS: 130.4095 | T: 0:19:44
| train          | F: 136000 | S: 68000 | E: 136 | L: 1000 | R: 229.4585 | BS: 68000 | FPS: 142.3849 | T: 0:19:51
| train          | F: 137000 | S: 68500 | E: 137 | L: 1000 | R: 219.1248 | BS: 68500 | FPS: 144.5433 | T: 0:19:58
| train          | F: 138000 | S: 69000 | E: 138 | L: 1000 | R: 256.2706 | BS: 69000 | FPS: 143.3924 | T: 0:20:05
| train          | F: 139000 | S: 69500 | E: 139 | L: 1000 | R: 219.3233 | BS: 69500 | FPS: 142.4424 | T: 0:20:12
| train          | F: 140000 | S: 70000 | E: 140 | L: 1000 | R: 218.3931 | BS: 70000 | FPS: 139.4657 | T: 0:20:19
| eval           | F: 140000 | S: 70000 | E: 140 | L: 1000 | R: 222.7032 | T: 0:20:19
| train          | F: 141000 | S: 70500 | E: 141 | L: 1000 | R: 228.1282 | BS: 70500 | FPS: 37.1012 | T: 0:20:46
| train          | F: 142000 | S: 71000 | E: 142 | L: 1000 | R: 203.5707 | BS: 71000 | FPS: 136.3670 | T: 0:20:53
| train          | F: 143000 | S: 71500 | E: 143 | L: 1000 | R: 235.0953 | BS: 71500 | FPS: 140.7488 | T: 0:21:00
| train          | F: 144000 | S: 72000 | E: 144 | L: 1000 | R: 208.1235 | BS: 72000 | FPS: 140.2265 | T: 0:21:08
| train          | F: 145000 | S: 72500 | E: 145 | L: 1000 | R: 227.9982 | BS: 72500 | FPS: 143.1409 | T: 0:21:15
| train          | F: 146000 | S: 73000 | E: 146 | L: 1000 | R: 196.3282 | BS: 73000 | FPS: 142.1599 | T: 0:21:22
| train          | F: 147000 | S: 73500 | E: 147 | L: 1000 | R: 215.2286 | BS: 73500 | FPS: 141.0630 | T: 0:21:29
| train          | F: 148000 | S: 74000 | E: 148 | L: 1000 | R: 226.5342 | BS: 74000 | FPS: 139.5304 | T: 0:21:36
| train          | F: 149000 | S: 74500 | E: 149 | L: 1000 | R: 254.0660 | BS: 74500 | FPS: 138.7696 | T: 0:21:43
| train          | F: 150000 | S: 75000 | E: 150 | L: 1000 | R: 251.5243 | BS: 75000 | FPS: 132.7360 | T: 0:21:51
| eval           | F: 150000 | S: 75000 | E: 150 | L: 1000 | R: 235.2734 | T: 0:21:51
| train          | F: 151000 | S: 75500 | E: 151 | L: 1000 | R: 219.2720 | BS: 75500 | FPS: 40.7095 | T: 0:22:15
| train          | F: 152000 | S: 76000 | E: 152 | L: 1000 | R: 218.2568 | BS: 76000 | FPS: 130.7011 | T: 0:22:23
| train          | F: 153000 | S: 76500 | E: 153 | L: 1000 | R: 204.3685 | BS: 76500 | FPS: 132.1759 | T: 0:22:30
| train          | F: 154000 | S: 77000 | E: 154 | L: 1000 | R: 227.1337 | BS: 77000 | FPS: 137.2539 | T: 0:22:38
| train          | F: 155000 | S: 77500 | E: 155 | L: 1000 | R: 258.9961 | BS: 77500 | FPS: 135.2332 | T: 0:22:45
| train          | F: 156000 | S: 78000 | E: 156 | L: 1000 | R: 213.4142 | BS: 78000 | FPS: 142.6530 | T: 0:22:52
| train          | F: 157000 | S: 78500 | E: 157 | L: 1000 | R: 208.8819 | BS: 78500 | FPS: 136.6430 | T: 0:22:59
| train          | F: 158000 | S: 79000 | E: 158 | L: 1000 | R: 206.1937 | BS: 79000 | FPS: 132.7499 | T: 0:23:07
| train          | F: 159000 | S: 79500 | E: 159 | L: 1000 | R: 175.8127 | BS: 79500 | FPS: 141.9457 | T: 0:23:14
| train          | F: 160000 | S: 80000 | E: 160 | L: 1000 | R: 232.8537 | BS: 80000 | FPS: 137.4645 | T: 0:23:21
| eval           | F: 160000 | S: 80000 | E: 160 | L: 1000 | R: 211.7536 | T: 0:23:21
| train          | F: 161000 | S: 80500 | E: 161 | L: 1000 | R: 246.5674 | BS: 80500 | FPS: 37.9410 | T: 0:23:48
| train          | F: 162000 | S: 81000 | E: 162 | L: 1000 | R: 184.1768 | BS: 81000 | FPS: 135.6298 | T: 0:23:55
| train          | F: 163000 | S: 81500 | E: 163 | L: 1000 | R: 210.2423 | BS: 81500 | FPS: 135.3266 | T: 0:24:02
| train          | F: 164000 | S: 82000 | E: 164 | L: 1000 | R: 227.0161 | BS: 82000 | FPS: 134.2441 | T: 0:24:10
| train          | F: 165000 | S: 82500 | E: 165 | L: 1000 | R: 225.6514 | BS: 82500 | FPS: 133.2911 | T: 0:24:17
| train          | F: 166000 | S: 83000 | E: 166 | L: 1000 | R: 172.6820 | BS: 83000 | FPS: 131.5782 | T: 0:24:25
| train          | F: 167000 | S: 83500 | E: 167 | L: 1000 | R: 211.4580 | BS: 83500 | FPS: 130.2640 | T: 0:24:33
| train          | F: 168000 | S: 84000 | E: 168 | L: 1000 | R: 287.2161 | BS: 84000 | FPS: 138.7633 | T: 0:24:40
| train          | F: 169000 | S: 84500 | E: 169 | L: 1000 | R: 218.7790 | BS: 84500 | FPS: 132.4328 | T: 0:24:47
| train          | F: 170000 | S: 85000 | E: 170 | L: 1000 | R: 274.0040 | BS: 85000 | FPS: 136.8724 | T: 0:24:55
| eval           | F: 170000 | S: 85000 | E: 170 | L: 1000 | R: 244.0763 | T: 0:24:55
| train          | F: 171000 | S: 85500 | E: 171 | L: 1000 | R: 272.6827 | BS: 85500 | FPS: 37.6015 | T: 0:25:21
| train          | F: 172000 | S: 86000 | E: 172 | L: 1000 | R: 199.5383 | BS: 86000 | FPS: 143.9879 | T: 0:25:28
| train          | F: 173000 | S: 86500 | E: 173 | L: 1000 | R: 207.1584 | BS: 86500 | FPS: 143.4365 | T: 0:25:35
| train          | F: 174000 | S: 87000 | E: 174 | L: 1000 | R: 242.5121 | BS: 87000 | FPS: 143.9265 | T: 0:25:42
| train          | F: 175000 | S: 87500 | E: 175 | L: 1000 | R: 274.5384 | BS: 87500 | FPS: 133.5658 | T: 0:25:50
| train          | F: 176000 | S: 88000 | E: 176 | L: 1000 | R: 246.8272 | BS: 88000 | FPS: 140.8902 | T: 0:25:57
| train          | F: 177000 | S: 88500 | E: 177 | L: 1000 | R: 237.6122 | BS: 88500 | FPS: 133.1311 | T: 0:26:04
| train          | F: 178000 | S: 89000 | E: 178 | L: 1000 | R: 237.5502 | BS: 89000 | FPS: 137.4772 | T: 0:26:12
| train          | F: 179000 | S: 89500 | E: 179 | L: 1000 | R: 234.1968 | BS: 89500 | FPS: 142.4431 | T: 0:26:19
| train          | F: 180000 | S: 90000 | E: 180 | L: 1000 | R: 251.4579 | BS: 90000 | FPS: 143.3232 | T: 0:26:26
| eval           | F: 180000 | S: 90000 | E: 180 | L: 1000 | R: 275.9213 | T: 0:26:26
| train          | F: 181000 | S: 90500 | E: 181 | L: 1000 | R: 278.7507 | BS: 90500 | FPS: 38.4365 | T: 0:26:52
| train          | F: 182000 | S: 91000 | E: 182 | L: 1000 | R: 259.1841 | BS: 91000 | FPS: 136.6235 | T: 0:26:59
| train          | F: 183000 | S: 91500 | E: 183 | L: 1000 | R: 237.5916 | BS: 91500 | FPS: 136.4278 | T: 0:27:06
| train          | F: 184000 | S: 92000 | E: 184 | L: 1000 | R: 275.8649 | BS: 92000 | FPS: 135.5981 | T: 0:27:14
| train          | F: 185000 | S: 92500 | E: 185 | L: 1000 | R: 203.4754 | BS: 92500 | FPS: 137.7658 | T: 0:27:21
| train          | F: 186000 | S: 93000 | E: 186 | L: 1000 | R: 262.2830 | BS: 93000 | FPS: 141.6636 | T: 0:27:28
| train          | F: 187000 | S: 93500 | E: 187 | L: 1000 | R: 293.9300 | BS: 93500 | FPS: 134.2133 | T: 0:27:35
| train          | F: 188000 | S: 94000 | E: 188 | L: 1000 | R: 182.2701 | BS: 94000 | FPS: 131.8144 | T: 0:27:43
| train          | F: 189000 | S: 94500 | E: 189 | L: 1000 | R: 232.1355 | BS: 94500 | FPS: 141.3049 | T: 0:27:50
| train          | F: 190000 | S: 95000 | E: 190 | L: 1000 | R: 228.6808 | BS: 95000 | FPS: 135.1715 | T: 0:27:57
| eval           | F: 190000 | S: 95000 | E: 190 | L: 1000 | R: 226.2511 | T: 0:27:57
| train          | F: 191000 | S: 95500 | E: 191 | L: 1000 | R: 288.9407 | BS: 95500 | FPS: 37.9483 | T: 0:28:24
| train          | F: 192000 | S: 96000 | E: 192 | L: 1000 | R: 154.1937 | BS: 96000 | FPS: 136.2945 | T: 0:28:31
| train          | F: 193000 | S: 96500 | E: 193 | L: 1000 | R: 257.3824 | BS: 96500 | FPS: 130.7611 | T: 0:28:39
| train          | F: 194000 | S: 97000 | E: 194 | L: 1000 | R: 264.1304 | BS: 97000 | FPS: 134.1882 | T: 0:28:46
| train          | F: 195000 | S: 97500 | E: 195 | L: 1000 | R: 278.6674 | BS: 97500 | FPS: 132.1360 | T: 0:28:54
| train          | F: 196000 | S: 98000 | E: 196 | L: 1000 | R: 221.7828 | BS: 98000 | FPS: 132.5274 | T: 0:29:01
| train          | F: 197000 | S: 98500 | E: 197 | L: 1000 | R: 275.8288 | BS: 98500 | FPS: 131.9101 | T: 0:29:09
| train          | F: 198000 | S: 99000 | E: 198 | L: 1000 | R: 260.8040 | BS: 99000 | FPS: 135.2371 | T: 0:29:16
| train          | F: 199000 | S: 99500 | E: 199 | L: 1000 | R: 272.6402 | BS: 99500 | FPS: 140.4713 | T: 0:29:23
| train          | F: 200000 | S: 100000 | E: 200 | L: 1000 | R: 317.4929 | BS: 100000 | FPS: 137.6261 | T: 0:29:31
| eval           | F: 200000 | S: 100000 | E: 200 | L: 1000 | R: 255.6475 | T: 0:29:31
| train          | F: 201000 | S: 100500 | E: 201 | L: 1000 | R: 196.9229 | BS: 100500 | FPS: 41.9285 | T: 0:29:55
| train          | F: 202000 | S: 101000 | E: 202 | L: 1000 | R: 269.8714 | BS: 101000 | FPS: 138.6751 | T: 0:30:02
| train          | F: 203000 | S: 101500 | E: 203 | L: 1000 | R: 284.9556 | BS: 101500 | FPS: 127.2171 | T: 0:30:10
| train          | F: 204000 | S: 102000 | E: 204 | L: 1000 | R: 194.5273 | BS: 102000 | FPS: 128.6308 | T: 0:30:17
| train          | F: 205000 | S: 102500 | E: 205 | L: 1000 | R: 235.8848 | BS: 102500 | FPS: 142.7495 | T: 0:30:24
| train          | F: 206000 | S: 103000 | E: 206 | L: 1000 | R: 371.9683 | BS: 103000 | FPS: 141.2546 | T: 0:30:31
| train          | F: 207000 | S: 103500 | E: 207 | L: 1000 | R: 301.5503 | BS: 103500 | FPS: 138.1799 | T: 0:30:39
| train          | F: 208000 | S: 104000 | E: 208 | L: 1000 | R: 361.1662 | BS: 104000 | FPS: 137.1318 | T: 0:30:46
| train          | F: 209000 | S: 104500 | E: 209 | L: 1000 | R: 317.9081 | BS: 104500 | FPS: 136.1618 | T: 0:30:53
| train          | F: 210000 | S: 105000 | E: 210 | L: 1000 | R: 225.7735 | BS: 105000 | FPS: 129.2263 | T: 0:31:01
| eval           | F: 210000 | S: 105000 | E: 210 | L: 1000 | R: 304.3823 | T: 0:31:01
| train          | F: 211000 | S: 105500 | E: 211 | L: 1000 | R: 215.7690 | BS: 105500 | FPS: 42.0109 | T: 0:31:25
| train          | F: 212000 | S: 106000 | E: 212 | L: 1000 | R: 237.9497 | BS: 106000 | FPS: 146.0365 | T: 0:31:32
| train          | F: 213000 | S: 106500 | E: 213 | L: 1000 | R: 373.1918 | BS: 106500 | FPS: 143.7234 | T: 0:31:39
| train          | F: 214000 | S: 107000 | E: 214 | L: 1000 | R: 287.8830 | BS: 107000 | FPS: 144.5534 | T: 0:31:46
| train          | F: 215000 | S: 107500 | E: 215 | L: 1000 | R: 280.8414 | BS: 107500 | FPS: 144.0860 | T: 0:31:53
| train          | F: 216000 | S: 108000 | E: 216 | L: 1000 | R: 258.7053 | BS: 108000 | FPS: 142.7439 | T: 0:32:00
| train          | F: 217000 | S: 108500 | E: 217 | L: 1000 | R: 348.5410 | BS: 108500 | FPS: 142.6594 | T: 0:32:07
| train          | F: 218000 | S: 109000 | E: 218 | L: 1000 | R: 178.7979 | BS: 109000 | FPS: 142.6797 | T: 0:32:14
| train          | F: 219000 | S: 109500 | E: 219 | L: 1000 | R: 217.3316 | BS: 109500 | FPS: 141.5366 | T: 0:32:21
| train          | F: 220000 | S: 110000 | E: 220 | L: 1000 | R: 206.7623 | BS: 110000 | FPS: 141.0362 | T: 0:32:28
| eval           | F: 220000 | S: 110000 | E: 220 | L: 1000 | R: 288.9549 | T: 0:32:28
| train          | F: 221000 | S: 110500 | E: 221 | L: 1000 | R: 280.5796 | BS: 110500 | FPS: 41.9858 | T: 0:32:52
| train          | F: 222000 | S: 111000 | E: 222 | L: 1000 | R: 370.6144 | BS: 111000 | FPS: 140.9888 | T: 0:32:59
| train          | F: 223000 | S: 111500 | E: 223 | L: 1000 | R: 200.4766 | BS: 111500 | FPS: 137.2184 | T: 0:33:06
| train          | F: 224000 | S: 112000 | E: 224 | L: 1000 | R: 209.9395 | BS: 112000 | FPS: 137.8434 | T: 0:33:13
| train          | F: 225000 | S: 112500 | E: 225 | L: 1000 | R: 400.3252 | BS: 112500 | FPS: 138.4609 | T: 0:33:20
| train          | F: 226000 | S: 113000 | E: 226 | L: 1000 | R: 299.9355 | BS: 113000 | FPS: 143.3778 | T: 0:33:27
| train          | F: 227000 | S: 113500 | E: 227 | L: 1000 | R: 300.8588 | BS: 113500 | FPS: 140.9905 | T: 0:33:34
| train          | F: 228000 | S: 114000 | E: 228 | L: 1000 | R: 426.0000 | BS: 114000 | FPS: 138.9222 | T: 0:33:42
| train          | F: 229000 | S: 114500 | E: 229 | L: 1000 | R: 338.4594 | BS: 114500 | FPS: 128.1905 | T: 0:33:49
| train          | F: 230000 | S: 115000 | E: 230 | L: 1000 | R: 171.3377 | BS: 115000 | FPS: 127.5566 | T: 0:33:57
| eval           | F: 230000 | S: 115000 | E: 230 | L: 1000 | R: 280.3148 | T: 0:33:57
| train          | F: 231000 | S: 115500 | E: 231 | L: 1000 | R: 266.2559 | BS: 115500 | FPS: 38.0299 | T: 0:34:24
| train          | F: 232000 | S: 116000 | E: 232 | L: 1000 | R: 287.0645 | BS: 116000 | FPS: 139.3114 | T: 0:34:31
| train          | F: 233000 | S: 116500 | E: 233 | L: 1000 | R: 233.9151 | BS: 116500 | FPS: 135.0340 | T: 0:34:38
| train          | F: 234000 | S: 117000 | E: 234 | L: 1000 | R: 208.5466 | BS: 117000 | FPS: 131.9740 | T: 0:34:46
| train          | F: 235000 | S: 117500 | E: 235 | L: 1000 | R: 337.5215 | BS: 117500 | FPS: 132.0730 | T: 0:34:53
| train          | F: 236000 | S: 118000 | E: 236 | L: 1000 | R: 279.9603 | BS: 118000 | FPS: 141.9776 | T: 0:35:00
| train          | F: 237000 | S: 118500 | E: 237 | L: 1000 | R: 362.0938 | BS: 118500 | FPS: 141.6105 | T: 0:35:07
| train          | F: 238000 | S: 119000 | E: 238 | L: 1000 | R: 385.3686 | BS: 119000 | FPS: 141.2108 | T: 0:35:14
| train          | F: 239000 | S: 119500 | E: 239 | L: 1000 | R: 255.6858 | BS: 119500 | FPS: 142.8230 | T: 0:35:21
| train          | F: 240000 | S: 120000 | E: 240 | L: 1000 | R: 347.5928 | BS: 120000 | FPS: 140.7904 | T: 0:35:29
| eval           | F: 240000 | S: 120000 | E: 240 | L: 1000 | R: 341.0625 | T: 0:35:29
| train          | F: 241000 | S: 120500 | E: 241 | L: 1000 | R: 262.9592 | BS: 120500 | FPS: 37.2773 | T: 0:35:55
| train          | F: 242000 | S: 121000 | E: 242 | L: 1000 | R: 446.8167 | BS: 121000 | FPS: 134.7936 | T: 0:36:03
| train          | F: 243000 | S: 121500 | E: 243 | L: 1000 | R: 353.3394 | BS: 121500 | FPS: 129.8071 | T: 0:36:11
| train          | F: 244000 | S: 122000 | E: 244 | L: 1000 | R: 285.8298 | BS: 122000 | FPS: 130.8953 | T: 0:36:18
| train          | F: 245000 | S: 122500 | E: 245 | L: 1000 | R: 301.6660 | BS: 122500 | FPS: 139.2901 | T: 0:36:25
| train          | F: 246000 | S: 123000 | E: 246 | L: 1000 | R: 369.9451 | BS: 123000 | FPS: 135.2086 | T: 0:36:33
| train          | F: 247000 | S: 123500 | E: 247 | L: 1000 | R: 234.9365 | BS: 123500 | FPS: 135.9650 | T: 0:36:40
| train          | F: 248000 | S: 124000 | E: 248 | L: 1000 | R: 216.5285 | BS: 124000 | FPS: 136.7155 | T: 0:36:47
| train          | F: 249000 | S: 124500 | E: 249 | L: 1000 | R: 279.1295 | BS: 124500 | FPS: 137.1067 | T: 0:36:55
