Gym has been unmaintained since 2022 and does not support NumPy 2.0 amongst other critical functionality.
Please upgrade to Gymnasium, the maintained drop-in replacement of Gym, or contact the authors of your software and request that they upgrade.
Users of this version of Gym should be able to simply replace 'import gym' with 'import gymnasium as gym' in the vast majority of cases.
See the migration guide at https://gymnasium.farama.org/introduction/migration_guide/ for additional information.
/workspace/learn-si2e/SI2E/SI2E_A2C/rl-starter-files/rl-starter-files/scripts/train.py --env MiniGrid-DoorKey-8x8-v0 --model ppo-exp-ppo-si2e-DoorKey-8x8-s1 --frames 3000000 --use_batch --save-interval 100 --log-interval 500 --seed 1 --algo ppo --use_entropy_reward --use_value_condition --beta 0.005

Namespace(algo='ppo', env='MiniGrid-DoorKey-8x8-v0', model='ppo-exp-ppo-si2e-DoorKey-8x8-s1', seed=1, log_interval=500, save_interval=100, procs=16, frames=3000000, epochs=4, batch_size=256, frames_per_proc=None, discount=0.99, lr=0.001, gae_lambda=0.95, entropy_coef=0.01, value_loss_coef=0.5, max_grad_norm=0.5, optim_eps=1e-08, optim_alpha=0.99, clip_eps=0.2, recurrence=1, text=False, use_entropy_reward=True, use_value_condition=True, beta=0.005, beta_adaptive=False, fast_se=False, use_batch=True, ablation=None, mem=False)

Device: cuda:0

Environments loaded

Training status loaded

Observations preprocessor loaded
Model loaded

ACModel(
  (image_conv): Sequential(
    (0): Conv2d(3, 16, kernel_size=(2, 2), stride=(1, 1))
    (1): ReLU()
    (2): MaxPool2d(kernel_size=(2, 2), stride=(2, 2), padding=0, dilation=1, ceil_mode=False)
    (3): Conv2d(16, 32, kernel_size=(2, 2), stride=(1, 1))
    (4): ReLU()
    (5): Conv2d(32, 64, kernel_size=(2, 2), stride=(1, 1))
    (6): ReLU()
  )
  (actor): Sequential(
    (0): Linear(in_features=64, out_features=64, bias=True)
    (1): Tanh()
    (2): Linear(in_features=64, out_features=7, bias=True)
  )
  (critic): Sequential(
    (0): Linear(in_features=64, out_features=64, bias=True)
    (1): Tanh()
    (2): Linear(in_features=64, out_features=1, bias=True)
  )
  (extr_critic): Sequential(
    (0): Linear(in_features=64, out_features=64, bias=True)
    (1): Tanh()
    (2): Linear(in_features=64, out_features=1, bias=True)
  )
)

Optimizer loaded

Status saved
Status saved
Status saved
Status saved
U 500 | F 064000 | FPS 0437 | D 163 | rR:μσmM 0.03 0.13 0.00 0.56 | F:μσmM 619.7 78.7 315.0 640.0 | H 1.766 | V -0.202 | pL 0.009 | vL 0.001 | ∇ 0.006
Status saved
Status saved
Status saved
Status saved
Status saved
U 1000 | F 128000 | FPS 0403 | D 331 | rR:μσmM 0.02 0.09 0.00 0.37 | F:μσmM 627.9 47.0 446.0 640.0 | H 1.824 | V -0.381 | pL 0.006 | vL 0.001 | ∇ 0.009
Status saved
Status saved
Status saved
Status saved
Status saved
U 1500 | F 192000 | FPS 0405 | D 499 | rR:μσmM 0.01 0.04 0.00 0.16 | F:μσmM 637.4 9.9 599.0 640.0 | H 1.746 | V -0.371 | pL 0.004 | vL 0.001 | ∇ 0.010
Status saved
Status saved
Status saved
Status saved
Status saved
U 2000 | F 256000 | FPS 0414 | D 669 | rR:μσmM 0.00 0.00 0.00 0.00 | F:μσmM 640.0 0.0 640.0 640.0 | H 1.809 | V -0.353 | pL -0.215 | vL 0.050 | ∇ 0.211
Status saved
Status saved
Status saved
Status saved
Status saved
U 2500 | F 320000 | FPS 0391 | D 841 | rR:μσmM 0.02 0.06 0.00 0.26 | F:μσmM 632.9 27.4 527.0 640.0 | H 1.745 | V -0.287 | pL 0.001 | vL 0.001 | ∇ 0.007
Status saved
Status saved
Status saved
Status saved
Status saved
U 3000 | F 384000 | FPS 0392 | D 1012 | rR:μσmM 0.00 0.00 0.00 0.00 | F:μσmM 640.0 0.0 640.0 640.0 | H 1.812 | V -0.295 | pL 0.005 | vL 0.001 | ∇ 0.010
Status saved
Status saved
Status saved
Status saved
Status saved
U 3500 | F 448000 | FPS 0416 | D 1182 | rR:μσmM 0.03 0.11 0.00 0.44 | F:μσmM 624.7 59.3 395.0 640.0 | H 1.739 | V -0.342 | pL -0.001 | vL 0.001 | ∇ 0.006
Status saved
Status saved
Status saved
Status saved
Status saved
U 4000 | F 512000 | FPS 0409 | D 1355 | rR:μσmM 0.03 0.08 0.00 0.32 | F:μσmM 629.8 38.2 482.0 640.0 | H 1.698 | V -0.330 | pL -0.013 | vL 0.006 | ∇ 0.034
Status saved
Status saved
Status saved
Status saved
Status saved
U 4500 | F 576000 | FPS 0383 | D 1530 | rR:μσmM 0.03 0.10 0.00 0.43 | F:μσmM 625.4 56.6 406.0 640.0 | H 1.743 | V -0.300 | pL 0.006 | vL 0.001 | ∇ 0.008
Status saved
Status saved
Status saved
Status saved
Status saved
U 5000 | F 640000 | FPS 0410 | D 1705 | rR:μσmM 0.07 0.20 0.00 0.65 | F:μσmM 596.2 116.8 248.0 640.0 | H 1.732 | V -0.282 | pL 0.010 | vL 0.001 | ∇ 0.008
Status saved
Status saved
Status saved
Status saved
Status saved
U 5500 | F 704000 | FPS 0417 | D 1877 | rR:μσmM 0.16 0.27 0.00 0.67 | F:μσmM 546.7 161.9 238.0 640.0 | H 1.753 | V -0.366 | pL -0.016 | vL 0.006 | ∇ 0.040
Status saved
Status saved
Status saved
Status saved
Status saved
U 6000 | F 768000 | FPS 0392 | D 2051 | rR:μσmM 0.13 0.22 0.00 0.57 | F:μσmM 569.1 124.5 305.0 640.0 | H 1.823 | V -0.301 | pL 0.010 | vL 0.001 | ∇ 0.012
Status saved
Status saved
Status saved
Status saved
Status saved
U 6500 | F 832000 | FPS 0223 | D 2227 | rR:μσmM 0.51 0.32 0.00 0.93 | F:μσmM 333.4 204.0 49.0 640.0 | H 1.515 | V -0.108 | pL 0.016 | vL 0.003 | ∇ 0.093
Status saved
Status saved
Status saved
Status saved
Status saved
U 7000 | F 896000 | FPS 0362 | D 2399 | rR:μσmM 0.58 0.31 0.00 0.97 | F:μσmM 286.4 202.9 22.0 640.0 | H 1.530 | V -0.040 | pL -0.011 | vL 0.009 | ∇ 0.046
Status saved
Status saved
Status saved
Status saved
Status saved
U 7500 | F 960000 | FPS 0385 | D 2573 | rR:μσmM 0.95 0.03 0.87 0.98 | F:μσmM 35.8 21.1 13.0 90.0 | H 0.945 | V 0.725 | pL 0.007 | vL 0.004 | ∇ 0.061
Status saved
Status saved
Status saved
Status saved
Status saved
U 8000 | F 1024000 | FPS 0414 | D 2747 | rR:μσmM 0.93 0.04 0.85 0.96 | F:μσmM 53.1 29.3 27.0 110.0 | H 1.139 | V 0.615 | pL 0.003 | vL 0.004 | ∇ 0.065
Status saved
Status saved
Status saved
Status saved
Status saved
U 8500 | F 1088000 | FPS 0404 | D 2922 | rR:μσmM 0.95 0.02 0.92 0.98 | F:μσmM 37.1 12.8 15.0 60.0 | H 1.022 | V 0.710 | pL -0.008 | vL 0.004 | ∇ 0.061
Status saved
Status saved
Status saved
Status saved
Status saved
U 9000 | F 1152000 | FPS 0406 | D 3094 | rR:μσmM 0.95 0.03 0.83 0.97 | F:μσmM 34.8 23.6 20.0 119.0 | H 0.915 | V 0.700 | pL 0.004 | vL 0.003 | ∇ 0.087
Status saved
Status saved
Status saved
Status saved
Status saved
U 9500 | F 1216000 | FPS 0407 | D 3270 | rR:μσmM 0.95 0.02 0.92 0.98 | F:μσmM 35.5 11.6 12.0 56.0 | H 1.132 | V 0.710 | pL -0.019 | vL 0.004 | ∇ 0.086
Status saved
Status saved
Status saved
Status saved
Status saved
U 10000 | F 1280000 | FPS 0392 | D 3445 | rR:μσmM 0.95 0.04 0.84 0.98 | F:μσmM 35.7 26.0 15.0 115.0 | H 0.770 | V 0.765 | pL -0.013 | vL 0.004 | ∇ 0.057
Status saved
Status saved
Status saved
Status saved
Status saved
U 10500 | F 1344000 | FPS 0248 | D 3618 | rR:μσmM 0.96 0.02 0.91 0.98 | F:μσmM 30.6 11.4 17.0 64.0 | H 1.085 | V 0.731 | pL -0.005 | vL 0.002 | ∇ 0.052
Status saved
Status saved
Status saved
Status saved
Status saved
U 11000 | F 1408000 | FPS 0371 | D 3791 | rR:μσmM 0.96 0.01 0.94 0.98 | F:μσmM 29.9 9.8 16.0 46.0 | H 1.128 | V 0.716 | pL 0.027 | vL 0.004 | ∇ 0.056
Status saved
Status saved
Status saved
Status saved
Status saved
U 11500 | F 1472000 | FPS 0380 | D 3965 | rR:μσmM 0.95 0.01 0.93 0.98 | F:μσmM 33.1 9.6 16.0 51.0 | H 1.047 | V 0.775 | pL 0.002 | vL 0.002 | ∇ 0.041
Status saved
Status saved
Status saved
Status saved
Status saved
U 12000 | F 1536000 | FPS 0345 | D 4137 | rR:μσmM 0.95 0.02 0.90 0.98 | F:μσmM 33.8 16.6 12.0 69.0 | H 1.057 | V 0.759 | pL -0.008 | vL 0.002 | ∇ 0.044
Status saved
Status saved
Status saved
Status saved
Status saved
U 12500 | F 1600000 | FPS 0351 | D 4310 | rR:μσmM 0.96 0.01 0.94 0.98 | F:μσmM 27.9 7.8 16.0 43.0 | H 1.231 | V 0.728 | pL 0.014 | vL 0.003 | ∇ 0.052
Status saved
Status saved
Status saved
Status saved
Status saved
U 13000 | F 1664000 | FPS 0224 | D 4483 | rR:μσmM 0.93 0.04 0.81 0.98 | F:μσmM 46.4 30.1 15.0 138.0 | H 1.150 | V 0.700 | pL 0.003 | vL 0.003 | ∇ 0.045
Status saved
Status saved
Status saved
Status saved
Status saved
U 13500 | F 1728000 | FPS 0344 | D 4654 | rR:μσmM 0.96 0.01 0.93 0.98 | F:μσmM 28.9 10.6 12.0 52.0 | H 1.028 | V 0.797 | pL -0.000 | vL 0.002 | ∇ 0.028
Status saved
Status saved
Status saved
Status saved
Status saved
U 14000 | F 1792000 | FPS 0358 | D 4828 | rR:μσmM 0.96 0.01 0.95 0.98 | F:μσmM 27.2 7.7 13.0 38.0 | H 0.959 | V 0.826 | pL 0.005 | vL 0.003 | ∇ 0.051
Status saved
Status saved
Status saved
Status saved
Status saved
U 14500 | F 1856000 | FPS 0377 | D 5001 | rR:μσmM 0.97 0.01 0.95 0.98 | F:μσmM 22.5 7.0 11.0 36.0 | H 1.018 | V 0.804 | pL 0.001 | vL 0.001 | ∇ 0.046
Status saved
Status saved
Status saved
Status saved
Status saved
U 15000 | F 1920000 | FPS 0414 | D 5177 | rR:μσmM 0.96 0.02 0.89 0.98 | F:μσmM 30.9 15.0 14.0 78.0 | H 0.898 | V 0.811 | pL -0.006 | vL 0.002 | ∇ 0.091
Status saved
Status saved
Status saved
Status saved
Status saved
U 15500 | F 1984000 | FPS 0405 | D 5352 | rR:μσmM 0.96 0.02 0.89 0.98 | F:μσmM 31.6 17.1 16.0 78.0 | H 1.148 | V 0.776 | pL -0.002 | vL 0.003 | ∇ 0.047
Status saved
Status saved
Status saved
Status saved
Status saved
U 16000 | F 2048000 | FPS 0363 | D 5527 | rR:μσmM 0.96 0.02 0.93 0.99 | F:μσmM 28.9 12.1 10.0 51.0 | H 1.230 | V 0.769 | pL 0.005 | vL 0.002 | ∇ 0.057
Status saved
Status saved
Status saved
Status saved
Status saved
U 16500 | F 2112000 | FPS 0238 | D 5707 | rR:μσmM 0.96 0.01 0.93 0.98 | F:μσmM 26.5 9.1 15.0 47.0 | H 0.991 | V 0.771 | pL 0.010 | vL 0.002 | ∇ 0.027
Status saved
Status saved
Status saved
Status saved
Status saved
U 17000 | F 2176000 | FPS 0381 | D 5885 | rR:μσmM 0.96 0.01 0.95 0.98 | F:μσmM 27.2 6.7 17.0 38.0 | H 1.161 | V 0.824 | pL 0.013 | vL 0.002 | ∇ 0.049
Status saved
Status saved
Status saved
Status saved
Status saved
U 17500 | F 2240000 | FPS 0335 | D 6062 | rR:μσmM 0.96 0.02 0.89 0.98 | F:μσmM 30.4 15.4 15.0 75.0 | H 0.826 | V 0.880 | pL -0.022 | vL 0.004 | ∇ 0.046
Status saved
Status saved
Status saved
Status saved
Status saved
U 18000 | F 2304000 | FPS 0411 | D 6237 | rR:μσmM 0.97 0.01 0.92 0.98 | F:μσmM 24.0 9.4 15.0 55.0 | H 0.987 | V 0.827 | pL -0.002 | vL 0.002 | ∇ 0.061
Status saved
Status saved
Status saved
Status saved
Status saved
U 18500 | F 2368000 | FPS 0414 | D 6410 | rR:μσmM 0.96 0.01 0.94 0.98 | F:μσmM 27.7 9.2 16.0 46.0 | H 1.052 | V 0.833 | pL -0.004 | vL 0.001 | ∇ 0.027
Status saved
Status saved
Status saved
Status saved
Status saved
U 19000 | F 2432000 | FPS 0400 | D 6583 | rR:μσmM 0.97 0.01 0.95 0.98 | F:μσmM 23.3 6.0 16.0 35.0 | H 0.918 | V 0.860 | pL 0.010 | vL 0.001 | ∇ 0.023
Status saved
Status saved
Status saved
Status saved
Status saved
U 19500 | F 2496000 | FPS 0300 | D 6760 | rR:μσmM 0.95 0.02 0.90 0.98 | F:μσmM 32.4 16.7 11.0 72.0 | H 1.116 | V 0.762 | pL 0.002 | vL 0.002 | ∇ 0.068
Status saved
Status saved
Status saved
Status saved
Status saved
U 20000 | F 2560000 | FPS 0407 | D 6939 | rR:μσmM 0.96 0.01 0.92 0.98 | F:μσmM 28.9 9.1 16.0 58.0 | H 1.067 | V 0.765 | pL 0.009 | vL 0.003 | ∇ 0.039
Status saved
Status saved
Status saved
Status saved
Status saved
U 20500 | F 2624000 | FPS 0364 | D 7119 | rR:μσmM 0.96 0.01 0.94 0.97 | F:μσmM 26.5 5.9 18.0 41.0 | H 1.101 | V 0.773 | pL -0.001 | vL 0.001 | ∇ 0.022
Status saved
Status saved
Status saved
Status saved
Status saved
U 21000 | F 2688000 | FPS 0389 | D 7297 | rR:μσmM 0.96 0.01 0.93 0.97 | F:μσmM 30.4 9.2 18.0 50.0 | H 1.258 | V 0.748 | pL 0.004 | vL 0.004 | ∇ 0.075
Status saved
Status saved
Status saved
Status saved
Status saved
U 21500 | F 2752000 | FPS 0341 | D 7481 | rR:μσmM 0.96 0.01 0.92 0.97 | F:μσmM 26.6 9.3 18.0 57.0 | H 1.022 | V 0.802 | pL -0.010 | vL 0.002 | ∇ 0.034
Status saved
Status saved
Status saved
Status saved
Status saved
U 22000 | F 2816000 | FPS 0300 | D 7704 | rR:μσmM 0.96 0.02 0.90 0.98 | F:μσmM 28.1 13.7 15.0 70.0 | H 1.053 | V 0.773 | pL 0.010 | vL 0.002 | ∇ 0.027
Status saved
Status saved
Status saved
Status saved
Status saved
U 22500 | F 2880000 | FPS 0291 | D 7936 | rR:μσmM 0.96 0.01 0.94 0.98 | F:μσmM 27.9 8.5 15.0 41.0 | H 1.062 | V 0.807 | pL -0.016 | vL 0.002 | ∇ 0.035
Status saved
Status saved
Status saved
Status saved
Status saved
U 23000 | F 2944000 | FPS 0297 | D 8164 | rR:μσmM 0.96 0.01 0.94 0.98 | F:μσmM 28.8 7.5 13.0 42.0 | H 1.027 | V 0.790 | pL -0.017 | vL 0.001 | ∇ 0.041
Status saved
Status saved
Status saved
Status saved
Status saved
