Gym has been unmaintained since 2022 and does not support NumPy 2.0 amongst other critical functionality.
Please upgrade to Gymnasium, the maintained drop-in replacement of Gym, or contact the authors of your software and request that they upgrade.
Users of this version of Gym should be able to simply replace 'import gym' with 'import gymnasium as gym' in the vast majority of cases.
See the migration guide at https://gymnasium.farama.org/introduction/migration_guide/ for additional information.
/workspace/learn-si2e/SI2E/SI2E_A2C/rl-starter-files/rl-starter-files/scripts/train.py --algo a2c --env MiniGrid-KeyCorridorS3R1-v0 --model kcs1-si2e-s1 --frames 3000000 --use_batch --save-interval 100 --log-interval 500 --seed 1 --use_entropy_reward --use_value_condition --beta 0.005

Namespace(algo='a2c', env='MiniGrid-KeyCorridorS3R1-v0', model='kcs1-si2e-s1', seed=1, log_interval=500, save_interval=100, procs=16, frames=3000000, epochs=4, batch_size=256, frames_per_proc=None, discount=0.99, lr=0.001, gae_lambda=0.95, entropy_coef=0.01, value_loss_coef=0.5, max_grad_norm=0.5, optim_eps=1e-08, optim_alpha=0.99, clip_eps=0.2, recurrence=1, text=False, use_entropy_reward=True, use_value_condition=True, beta=0.005, use_batch=True, ablation=None, mem=False)

Device: cuda:0

Environments loaded

Training status loaded

Observations preprocessor loaded
Model loaded

ACModel(
  (image_conv): Sequential(
    (0): Conv2d(3, 16, kernel_size=(2, 2), stride=(1, 1))
    (1): ReLU()
    (2): MaxPool2d(kernel_size=(2, 2), stride=(2, 2), padding=0, dilation=1, ceil_mode=False)
    (3): Conv2d(16, 32, kernel_size=(2, 2), stride=(1, 1))
    (4): ReLU()
    (5): Conv2d(32, 64, kernel_size=(2, 2), stride=(1, 1))
    (6): ReLU()
  )
  (actor): Sequential(
    (0): Linear(in_features=64, out_features=64, bias=True)
    (1): Tanh()
    (2): Linear(in_features=64, out_features=7, bias=True)
  )
  (critic): Sequential(
    (0): Linear(in_features=64, out_features=64, bias=True)
    (1): Tanh()
    (2): Linear(in_features=64, out_features=1, bias=True)
  )
  (extr_critic): Sequential(
    (0): Linear(in_features=64, out_features=64, bias=True)
    (1): Tanh()
    (2): Linear(in_features=64, out_features=1, bias=True)
  )
)

Optimizer loaded

Status saved
Status saved
Status saved
Status saved
U 500 | F 064000 | FPS 0499 | D 142 | rR:μσmM 0.04 0.12 0.00 0.49 | F:μσmM 262.1 28.0 154.0 270.0 | H 1.656 | V -0.572 | pL -0.015 | vL 0.001 | ∇ 0.020
Status saved
Status saved
Status saved
Status saved
Status saved
U 1000 | F 128000 | FPS 0442 | D 285 | rR:μσmM 0.15 0.24 0.00 0.59 | F:μσmM 235.6 58.1 123.0 270.0 | H 1.788 | V -0.515 | pL 0.069 | vL 0.020 | ∇ 0.115
Status saved
Status saved
Status saved
Status saved
Status saved
U 1500 | F 192000 | FPS 0506 | D 432 | rR:μσmM 0.33 0.31 0.00 0.80 | F:μσmM 192.2 85.1 61.0 270.0 | H 1.535 | V -0.011 | pL 0.007 | vL 0.004 | ∇ 0.063
Status saved
Status saved
Status saved
Status saved
Status saved
U 2000 | F 256000 | FPS 0492 | D 579 | rR:μσmM 0.94 0.01 0.91 0.95 | F:μσmM 18.6 3.0 15.0 27.0 | H 0.913 | V 0.801 | pL -0.021 | vL 0.002 | ∇ 0.045
Status saved
Status saved
Status saved
Status saved
Status saved
U 2500 | F 320000 | FPS 0494 | D 728 | rR:μσmM 0.93 0.01 0.90 0.94 | F:μσmM 22.4 3.7 17.0 29.0 | H 0.911 | V 0.770 | pL -0.015 | vL 0.001 | ∇ 0.035
Status saved
Status saved
Status saved
Status saved
Status saved
U 3000 | F 384000 | FPS 0456 | D 878 | rR:μσmM 0.93 0.02 0.88 0.95 | F:μσmM 20.8 5.3 14.0 35.0 | H 0.942 | V 0.862 | pL -0.023 | vL 0.001 | ∇ 0.067
Status saved
Status saved
Status saved
Status saved
Status saved
U 3500 | F 448000 | FPS 0495 | D 1027 | rR:μσmM 0.93 0.01 0.89 0.95 | F:μσmM 21.1 4.1 14.0 32.0 | H 0.841 | V 0.749 | pL 0.001 | vL 0.002 | ∇ 0.055
Status saved
Status saved
Status saved
Status saved
Status saved
U 4000 | F 512000 | FPS 0418 | D 1179 | rR:μσmM 0.93 0.01 0.89 0.95 | F:μσmM 20.8 4.4 15.0 34.0 | H 0.861 | V 0.826 | pL -0.013 | vL 0.001 | ∇ 0.035
Status saved
Status saved
Status saved
Status saved
Status saved
U 4500 | F 576000 | FPS 0408 | D 1333 | rR:μσmM 0.93 0.01 0.90 0.94 | F:μσmM 21.9 3.7 17.0 29.0 | H 0.959 | V 0.800 | pL -0.009 | vL 0.001 | ∇ 0.034
Status saved
Status saved
Status saved
Status saved
Status saved
U 5000 | F 640000 | FPS 0463 | D 1478 | rR:μσmM 0.93 0.01 0.91 0.95 | F:μσmM 19.9 2.8 16.0 27.0 | H 0.918 | V 0.804 | pL -0.010 | vL 0.001 | ∇ 0.015
Status saved
Status saved
Status saved
Status saved
Status saved
U 5500 | F 704000 | FPS 0506 | D 1619 | rR:μσmM 0.93 0.01 0.90 0.95 | F:μσmM 20.4 3.8 16.0 29.0 | H 0.994 | V 0.795 | pL -0.011 | vL 0.001 | ∇ 0.021
Status saved
Status saved
Status saved
Status saved
Status saved
U 6000 | F 768000 | FPS 0412 | D 1762 | rR:μσmM 0.93 0.01 0.90 0.95 | F:μσmM 21.2 4.3 16.0 31.0 | H 0.893 | V 0.793 | pL -0.005 | vL 0.001 | ∇ 0.021
Status saved
Status saved
Status saved
Status saved
Status saved
U 6500 | F 832000 | FPS 0440 | D 1905 | rR:μσmM 0.93 0.01 0.91 0.95 | F:μσmM 20.2 2.8 16.0 27.0 | H 0.848 | V 0.808 | pL -0.019 | vL 0.001 | ∇ 0.033
Status saved
Status saved
Status saved
Status saved
Status saved
U 7000 | F 896000 | FPS 0417 | D 2049 | rR:μσmM 0.93 0.02 0.88 0.95 | F:μσmM 21.7 5.2 16.0 35.0 | H 0.834 | V 0.808 | pL -0.007 | vL 0.001 | ∇ 0.024
Status saved
Status saved
Status saved
Status saved
Status saved
U 7500 | F 960000 | FPS 0470 | D 2192 | rR:μσmM 0.93 0.01 0.90 0.95 | F:μσmM 19.8 3.6 16.0 30.0 | H 0.892 | V 0.830 | pL -0.016 | vL 0.001 | ∇ 0.018
Status saved
Status saved
Status saved
Status saved
Status saved
U 8000 | F 1024000 | FPS 0506 | D 2339 | rR:μσmM 0.94 0.01 0.93 0.95 | F:μσmM 19.2 1.7 16.0 22.0 | H 0.958 | V 0.792 | pL 0.001 | vL 0.001 | ∇ 0.029
Status saved
Status saved
Status saved
Status saved
Status saved
U 8500 | F 1088000 | FPS 0435 | D 2483 | rR:μσmM 0.93 0.01 0.88 0.94 | F:μσmM 22.1 4.3 17.0 36.0 | H 0.939 | V 0.796 | pL -0.015 | vL 0.001 | ∇ 0.015
Status saved
Status saved
Status saved
Status saved
Status saved
U 9000 | F 1152000 | FPS 0479 | D 2628 | rR:μσmM 0.93 0.01 0.91 0.95 | F:μσmM 20.0 3.4 15.0 26.0 | H 0.941 | V 0.785 | pL -0.010 | vL 0.001 | ∇ 0.021
Status saved
Status saved
Status saved
Status saved
Status saved
U 9500 | F 1216000 | FPS 0280 | D 2776 | rR:μσmM 0.93 0.01 0.91 0.95 | F:μσmM 20.8 3.9 15.0 28.0 | H 0.985 | V 0.811 | pL -0.034 | vL 0.001 | ∇ 0.039
Status saved
Status saved
Status saved
Status saved
Status saved
U 10000 | F 1280000 | FPS 0429 | D 2921 | rR:μσmM 0.93 0.01 0.92 0.95 | F:μσmM 19.9 3.1 15.0 25.0 | H 0.993 | V 0.764 | pL -0.007 | vL 0.001 | ∇ 0.026
Status saved
Status saved
Status saved
Status saved
