Gym has been unmaintained since 2022 and does not support NumPy 2.0 amongst other critical functionality.
Please upgrade to Gymnasium, the maintained drop-in replacement of Gym, or contact the authors of your software and request that they upgrade.
Users of this version of Gym should be able to simply replace 'import gym' with 'import gymnasium as gym' in the vast majority of cases.
See the migration guide at https://gymnasium.farama.org/introduction/migration_guide/ for additional information.
/workspace/learn-si2e/base-vcse/VCSE_A2C/rl-starter-files/rl-starter-files/scripts/train.py --algo a2c --env MiniGrid-DoorKey-16x16-v0 --model dk16-vcse-s3 --frames 3000000 --use_batch --save-interval 100 --log-interval 500 --seed 3 --use_entropy_reward --use_value_condition --beta 0.005

Namespace(algo='a2c', env='MiniGrid-DoorKey-16x16-v0', model='dk16-vcse-s3', seed=3, log_interval=500, save_interval=100, procs=16, frames=3000000, epochs=4, batch_size=256, frames_per_proc=None, discount=0.99, lr=0.001, gae_lambda=0.95, entropy_coef=0.01, value_loss_coef=0.5, max_grad_norm=0.5, optim_eps=1e-08, optim_alpha=0.99, clip_eps=0.2, recurrence=1, text=False, use_entropy_reward=True, use_value_condition=True, beta=0.005, use_batch=True, mem=False)

Device: cuda

Environments loaded

Training status loaded

Observations preprocessor loaded
Model loaded

ACModel(
  (image_conv): Sequential(
    (0): Conv2d(3, 16, kernel_size=(2, 2), stride=(1, 1))
    (1): ReLU()
    (2): MaxPool2d(kernel_size=(2, 2), stride=(2, 2), padding=0, dilation=1, ceil_mode=False)
    (3): Conv2d(16, 32, kernel_size=(2, 2), stride=(1, 1))
    (4): ReLU()
    (5): Conv2d(32, 64, kernel_size=(2, 2), stride=(1, 1))
    (6): ReLU()
  )
  (actor): Sequential(
    (0): Linear(in_features=64, out_features=64, bias=True)
    (1): Tanh()
    (2): Linear(in_features=64, out_features=7, bias=True)
  )
  (critic): Sequential(
    (0): Linear(in_features=64, out_features=64, bias=True)
    (1): Tanh()
    (2): Linear(in_features=64, out_features=1, bias=True)
  )
  (extr_critic): Sequential(
    (0): Linear(in_features=64, out_features=64, bias=True)
    (1): Tanh()
    (2): Linear(in_features=64, out_features=1, bias=True)
  )
)

Optimizer loaded

Status saved
Status saved
Status saved
Status saved
U 500 | F 064000 | FPS 1419 | D 46 | rR:μσmM 0.00 0.00 0.00 0.00 | F:μσmM 2560.0 0.0 2560.0 2560.0 | H 1.813 | V -0.699 | pL 0.001 | vL 0.001 | ∇ 0.014
Status saved
Status saved
Status saved
Status saved
Status saved
U 1000 | F 128000 | FPS 1523 | D 93 | rR:μσmM 0.00 0.00 0.00 0.00 | F:μσmM 2560.0 0.0 2560.0 2560.0 | H 1.838 | V -0.501 | pL -0.014 | vL 0.001 | ∇ 0.015
Status saved
Status saved
Status saved
Status saved
Status saved
U 1500 | F 192000 | FPS 1430 | D 139 | rR:μσmM 0.00 0.00 0.00 0.00 | F:μσmM 2560.0 0.0 2560.0 2560.0 | H 1.754 | V -0.571 | pL 0.008 | vL 0.001 | ∇ 0.023
Status saved
Status saved
Status saved
Status saved
Status saved
U 2000 | F 256000 | FPS 1480 | D 185 | rR:μσmM 0.00 0.00 0.00 0.00 | F:μσmM 2560.0 0.0 2560.0 2560.0 | H 1.803 | V -0.461 | pL 0.016 | vL 0.001 | ∇ 0.018
Status saved
Status saved
Status saved
Status saved
Status saved
U 2500 | F 320000 | FPS 1033 | D 231 | rR:μσmM 0.00 0.00 0.00 0.00 | F:μσmM 2560.0 0.0 2560.0 2560.0 | H 1.779 | V -0.479 | pL 0.007 | vL 0.001 | ∇ 0.012
Status saved
Status saved
Status saved
Status saved
Status saved
U 3000 | F 384000 | FPS 1306 | D 277 | rR:μσmM 0.00 0.00 0.00 0.00 | F:μσmM 2560.0 0.0 2560.0 2560.0 | H 1.778 | V -0.467 | pL -0.011 | vL 0.001 | ∇ 0.016
Status saved
Status saved
Status saved
Status saved
Status saved
U 3500 | F 448000 | FPS 1450 | D 323 | rR:μσmM 0.12 0.25 0.00 0.76 | F:μσmM 2277.0 611.7 683.0 2560.0 | H 1.771 | V -0.438 | pL 0.002 | vL 0.001 | ∇ 0.012
Status saved
Status saved
Status saved
Status saved
Status saved
U 4000 | F 512000 | FPS 0976 | D 369 | rR:μσmM 0.02 0.09 0.00 0.37 | F:μσmM 2511.4 188.1 1783.0 2560.0 | H 1.793 | V -0.399 | pL -0.010 | vL 0.001 | ∇ 0.009
Status saved
Status saved
Status saved
Status saved
Status saved
U 4500 | F 576000 | FPS 1548 | D 417 | rR:μσmM 0.00 0.00 0.00 0.00 | F:μσmM 2560.0 0.0 2560.0 2560.0 | H 1.782 | V -0.358 | pL -0.021 | vL 0.001 | ∇ 0.017
Status saved
Status saved
Status saved
Status saved
Status saved
U 5000 | F 640000 | FPS 1451 | D 463 | rR:μσmM 0.00 0.00 0.00 0.00 | F:μσmM 2560.0 0.0 2560.0 2560.0 | H 1.761 | V -0.459 | pL -0.015 | vL 0.001 | ∇ 0.021
Status saved
Status saved
Status saved
Status saved
Status saved
U 5500 | F 704000 | FPS 1430 | D 510 | rR:μσmM 0.00 0.00 0.00 0.00 | F:μσmM 2560.0 0.0 2560.0 2560.0 | H 1.799 | V -0.467 | pL -0.012 | vL 0.001 | ∇ 0.013
Status saved
Status saved
Status saved
Status saved
Status saved
U 6000 | F 768000 | FPS 0980 | D 556 | rR:μσmM 0.00 0.00 0.00 0.00 | F:μσmM 2560.0 0.0 2560.0 2560.0 | H 1.782 | V -0.504 | pL -0.029 | vL 0.001 | ∇ 0.026
Status saved
Status saved
Status saved
Status saved
Status saved
U 6500 | F 832000 | FPS 1476 | D 602 | rR:μσmM 0.03 0.13 0.00 0.53 | F:μσmM 2484.1 293.9 1346.0 2560.0 | H 1.746 | V -0.501 | pL -0.021 | vL 0.001 | ∇ 0.018
Status saved
Status saved
Status saved
Status saved
Status saved
U 7000 | F 896000 | FPS 1436 | D 649 | rR:μσmM 0.02 0.09 0.00 0.39 | F:μσmM 2508.9 197.8 1743.0 2560.0 | H 1.775 | V -0.400 | pL -0.016 | vL 0.001 | ∇ 0.012
Status saved
Status saved
Status saved
Status saved
Status saved
U 7500 | F 960000 | FPS 1418 | D 696 | rR:μσmM 0.04 0.17 0.00 0.70 | F:μσmM 2453.9 410.8 863.0 2560.0 | H 1.792 | V -0.409 | pL -0.014 | vL 0.001 | ∇ 0.015
Status saved
Status saved
Status saved
Status saved
Status saved
U 8000 | F 1024000 | FPS 1392 | D 742 | rR:μσmM 0.00 0.00 0.00 0.00 | F:μσmM 2560.0 0.0 2560.0 2560.0 | H 1.756 | V -0.456 | pL 0.277 | vL 0.060 | ∇ 0.254
Status saved
Status saved
Status saved
Status saved
Status saved
U 8500 | F 1088000 | FPS 1350 | D 789 | rR:μσmM 0.00 0.00 0.00 0.00 | F:μσmM 2560.0 0.0 2560.0 2560.0 | H 1.788 | V -0.486 | pL 0.012 | vL 0.001 | ∇ 0.018
Status saved
Status saved
Status saved
Status saved
Status saved
U 9000 | F 1152000 | FPS 1425 | D 835 | rR:μσmM 0.14 0.27 0.00 0.82 | F:μσmM 2229.5 644.0 509.0 2560.0 | H 1.753 | V -0.488 | pL -0.001 | vL 0.001 | ∇ 0.012
Status saved
Status saved
Status saved
Status saved
Status saved
U 9500 | F 1216000 | FPS 1380 | D 882 | rR:μσmM 0.06 0.22 0.00 0.91 | F:μσmM 2416.1 557.2 258.0 2560.0 | H 1.780 | V -0.437 | pL -0.013 | vL 0.001 | ∇ 0.013
Status saved
Status saved
Status saved
Status saved
Status saved
U 10000 | F 1280000 | FPS 1413 | D 928 | rR:μσmM 0.00 0.00 0.00 0.00 | F:μσmM 2560.0 0.0 2560.0 2560.0 | H 1.774 | V -0.449 | pL -0.013 | vL 0.001 | ∇ 0.015
Status saved
Status saved
Status saved
Status saved
Status saved
U 10500 | F 1344000 | FPS 1474 | D 974 | rR:μσmM 0.06 0.15 0.00 0.49 | F:μσmM 2434.6 334.2 1441.0 2560.0 | H 1.778 | V -0.405 | pL -0.002 | vL 0.001 | ∇ 0.012
Status saved
Status saved
Status saved
Status saved
Status saved
U 11000 | F 1408000 | FPS 1408 | D 1020 | rR:μσmM 0.00 0.00 0.00 0.00 | F:μσmM 2560.0 0.0 2560.0 2560.0 | H 1.775 | V -0.451 | pL -0.008 | vL 0.001 | ∇ 0.010
Status saved
Status saved
Status saved
Status saved
Status saved
U 11500 | F 1472000 | FPS 1398 | D 1066 | rR:μσmM 0.00 0.00 0.00 0.00 | F:μσmM 2560.0 0.0 2560.0 2560.0 | H 1.778 | V -0.429 | pL -0.013 | vL 0.001 | ∇ 0.019
Status saved
Status saved
Status saved
Status saved
Status saved
U 12000 | F 1536000 | FPS 1471 | D 1112 | rR:μσmM 0.00 0.00 0.00 0.00 | F:μσmM 2560.0 0.0 2560.0 2560.0 | H 1.775 | V -0.458 | pL -0.003 | vL 0.001 | ∇ 0.007
Status saved
Status saved
Status saved
Status saved
Status saved
U 12500 | F 1600000 | FPS 1404 | D 1159 | rR:μσmM 0.00 0.00 0.00 0.00 | F:μσmM 2560.0 0.0 2560.0 2560.0 | H 1.778 | V -0.425 | pL -0.003 | vL 0.001 | ∇ 0.008
Status saved
Status saved
Status saved
Status saved
Status saved
U 13000 | F 1664000 | FPS 1325 | D 1205 | rR:μσmM 0.01 0.03 0.00 0.11 | F:μσmM 2557.4 10.2 2518.0 2560.0 | H 1.790 | V -0.437 | pL 0.001 | vL 0.001 | ∇ 0.011
Status saved
Status saved
Status saved
Status saved
Status saved
U 13500 | F 1728000 | FPS 1034 | D 1251 | rR:μσmM 0.03 0.10 0.00 0.42 | F:μσmM 2503.6 218.3 1658.0 2560.0 | H 1.787 | V -0.491 | pL -0.013 | vL 0.001 | ∇ 0.013
Status saved
Status saved
Status saved
Status saved
Status saved
U 14000 | F 1792000 | FPS 1467 | D 1297 | rR:μσmM 0.03 0.11 0.00 0.44 | F:μσmM 2499.9 232.6 1599.0 2560.0 | H 1.784 | V -0.413 | pL -0.009 | vL 0.001 | ∇ 0.012
Status saved
Status saved
Status saved
Status saved
Status saved
U 14500 | F 1856000 | FPS 1331 | D 1343 | rR:μσmM 0.00 0.00 0.00 0.00 | F:μσmM 2560.0 0.0 2560.0 2560.0 | H 1.810 | V -0.608 | pL -0.005 | vL 0.001 | ∇ 0.016
Status saved
Status saved
Status saved
Status saved
Status saved
U 15000 | F 1920000 | FPS 1464 | D 1389 | rR:μσmM 0.02 0.06 0.00 0.25 | F:μσmM 2533.9 100.9 2143.0 2560.0 | H 1.765 | V -0.526 | pL -0.015 | vL 0.001 | ∇ 0.017
Status saved
Status saved
Status saved
Status saved
Status saved
U 15500 | F 1984000 | FPS 1462 | D 1435 | rR:μσmM 0.01 0.03 0.00 0.10 | F:μσmM 2559.1 3.4 2546.0 2560.0 | H 1.791 | V -0.414 | pL 0.009 | vL 0.001 | ∇ 0.010
Status saved
Status saved
Status saved
Status saved
Status saved
U 16000 | F 2048000 | FPS 1397 | D 1481 | rR:μσmM 0.01 0.03 0.00 0.12 | F:μσmM 2556.8 12.3 2509.0 2560.0 | H 1.752 | V -0.455 | pL 0.044 | vL 0.010 | ∇ 0.049
Status saved
Status saved
Status saved
Status saved
Status saved
U 16500 | F 2112000 | FPS 1433 | D 1528 | rR:μσmM 0.01 0.03 0.00 0.13 | F:μσmM 2553.9 23.7 2462.0 2560.0 | H 1.781 | V -0.396 | pL -0.002 | vL 0.001 | ∇ 0.011
Status saved
Status saved
Status saved
Status saved
Status saved
U 17000 | F 2176000 | FPS 1366 | D 1574 | rR:μσmM 0.01 0.04 0.00 0.18 | F:μσmM 2546.6 52.0 2345.0 2560.0 | H 1.785 | V -0.408 | pL -0.014 | vL 0.001 | ∇ 0.014
Status saved
Status saved
Status saved
Status saved
Status saved
U 17500 | F 2240000 | FPS 1480 | D 1621 | rR:μσmM 0.01 0.04 0.00 0.19 | F:μσmM 2544.8 58.8 2317.0 2560.0 | H 1.769 | V -0.435 | pL -0.026 | vL 0.001 | ∇ 0.023
Status saved
Status saved
Status saved
Status saved
Status saved
U 18000 | F 2304000 | FPS 1410 | D 1667 | rR:μσmM 0.00 0.00 0.00 0.00 | F:μσmM 2560.0 0.0 2560.0 2560.0 | H 1.792 | V -0.380 | pL 0.007 | vL 0.000 | ∇ 0.009
Status saved
Status saved
Status saved
Status saved
Status saved
U 18500 | F 2368000 | FPS 1433 | D 1713 | rR:μσmM 0.02 0.06 0.00 0.26 | F:μσmM 2531.9 108.7 2111.0 2560.0 | H 1.758 | V -0.427 | pL 0.003 | vL 0.001 | ∇ 0.008
Status saved
Status saved
Status saved
Status saved
Status saved
U 19000 | F 2432000 | FPS 1473 | D 1759 | rR:μσmM 0.00 0.00 0.00 0.00 | F:μσmM 2560.0 0.0 2560.0 2560.0 | H 1.761 | V -0.506 | pL 0.008 | vL 0.001 | ∇ 0.016
Status saved
Status saved
Status saved
Status saved
Status saved
U 19500 | F 2496000 | FPS 1535 | D 1805 | rR:μσmM 0.01 0.04 0.00 0.13 | F:μσmM 2553.2 20.0 2481.0 2560.0 | H 1.777 | V -0.499 | pL -0.003 | vL 0.001 | ∇ 0.009
Status saved
Status saved
Status saved
Status saved
Status saved
U 20000 | F 2560000 | FPS 1417 | D 1852 | rR:μσmM 0.03 0.11 0.00 0.46 | F:μσmM 2495.9 248.4 1534.0 2560.0 | H 1.787 | V -0.423 | pL -0.002 | vL 0.001 | ∇ 0.010
Status saved
Status saved
Status saved
Status saved
Status saved
U 20500 | F 2624000 | FPS 1526 | D 1898 | rR:μσmM 0.00 0.00 0.00 0.00 | F:μσmM 2560.0 0.0 2560.0 2560.0 | H 1.759 | V -0.555 | pL 0.004 | vL 0.001 | ∇ 0.010
Status saved
Status saved
Status saved
Status saved
Status saved
U 21000 | F 2688000 | FPS 1524 | D 1944 | rR:μσmM 0.00 0.00 0.00 0.00 | F:μσmM 2560.0 0.0 2560.0 2560.0 | H 1.789 | V -0.440 | pL 0.008 | vL 0.001 | ∇ 0.012
Status saved
Status saved
Status saved
Status saved
Status saved
U 21500 | F 2752000 | FPS 1062 | D 1990 | rR:μσmM 0.00 0.00 0.00 0.00 | F:μσmM 2560.0 0.0 2560.0 2560.0 | H 1.784 | V -0.531 | pL 0.032 | vL 0.009 | ∇ 0.036
Status saved
Status saved
Status saved
Status saved
Status saved
U 22000 | F 2816000 | FPS 1071 | D 2036 | rR:μσmM 0.05 0.15 0.00 0.59 | F:μσmM 2443.1 348.0 1174.0 2560.0 | H 1.759 | V -0.543 | pL -0.005 | vL 0.001 | ∇ 0.011
Status saved
Status saved
Status saved
Status saved
Status saved
U 22500 | F 2880000 | FPS 1435 | D 2082 | rR:μσmM 0.00 0.00 0.00 0.00 | F:μσmM 2560.0 0.0 2560.0 2560.0 | H 1.788 | V -0.497 | pL -0.001 | vL 0.001 | ∇ 0.016
Status saved
Status saved
Status saved
Status saved
Status saved
U 23000 | F 2944000 | FPS 1483 | D 2128 | rR:μσmM 0.06 0.16 0.00 0.62 | F:μσmM 2431.9 374.1 1087.0 2560.0 | H 1.757 | V -0.534 | pL 0.008 | vL 0.001 | ∇ 0.015
Status saved
Status saved
Status saved
Status saved
Status saved
