Gym has been unmaintained since 2022 and does not support NumPy 2.0 amongst other critical functionality.
Please upgrade to Gymnasium, the maintained drop-in replacement of Gym, or contact the authors of your software and request that they upgrade.
Users of this version of Gym should be able to simply replace 'import gym' with 'import gymnasium as gym' in the vast majority of cases.
See the migration guide at https://gymnasium.farama.org/introduction/migration_guide/ for additional information.
/workspace/learn-si2e/SI2E/SI2E_A2C/rl-starter-files/rl-starter-files/scripts/train.py --algo a2c --env MiniGrid-DoorKey-8x8-v0 --model abl-no_norm-s2 --frames 1000000 --use_batch --save-interval 100 --log-interval 500 --seed 2 --use_entropy_reward --use_value_condition --beta 0.005 --ablation no_norm

Namespace(algo='a2c', env='MiniGrid-DoorKey-8x8-v0', model='abl-no_norm-s2', seed=2, log_interval=500, save_interval=100, procs=16, frames=1000000, epochs=4, batch_size=256, frames_per_proc=None, discount=0.99, lr=0.001, gae_lambda=0.95, entropy_coef=0.01, value_loss_coef=0.5, max_grad_norm=0.5, optim_eps=1e-08, optim_alpha=0.99, clip_eps=0.2, recurrence=1, text=False, use_entropy_reward=True, use_value_condition=True, beta=0.005, use_batch=True, ablation='no_norm', mem=False)

Device: cuda:0

Environments loaded

Training status loaded

Observations preprocessor loaded
Model loaded

ACModel(
  (image_conv): Sequential(
    (0): Conv2d(3, 16, kernel_size=(2, 2), stride=(1, 1))
    (1): ReLU()
    (2): MaxPool2d(kernel_size=(2, 2), stride=(2, 2), padding=0, dilation=1, ceil_mode=False)
    (3): Conv2d(16, 32, kernel_size=(2, 2), stride=(1, 1))
    (4): ReLU()
    (5): Conv2d(32, 64, kernel_size=(2, 2), stride=(1, 1))
    (6): ReLU()
  )
  (actor): Sequential(
    (0): Linear(in_features=64, out_features=64, bias=True)
    (1): Tanh()
    (2): Linear(in_features=64, out_features=7, bias=True)
  )
  (critic): Sequential(
    (0): Linear(in_features=64, out_features=64, bias=True)
    (1): Tanh()
    (2): Linear(in_features=64, out_features=1, bias=True)
  )
  (extr_critic): Sequential(
    (0): Linear(in_features=64, out_features=64, bias=True)
    (1): Tanh()
    (2): Linear(in_features=64, out_features=1, bias=True)
  )
)

Optimizer loaded

Status saved
Status saved
Status saved
Status saved
U 500 | F 064000 | FPS 0440 | D 154 | rR:μσmM 0.00 0.00 0.00 0.00 | F:μσmM 640.0 0.0 640.0 640.0 | H 1.795 | V -0.261 | pL -0.033 | vL 0.001 | ∇ 0.026
Status saved
Status saved
Status saved
Status saved
Status saved
U 1000 | F 128000 | FPS 0464 | D 303 | rR:μσmM 0.03 0.12 0.00 0.48 | F:μσmM 623.2 64.9 372.0 640.0 | H 1.767 | V -0.424 | pL 0.006 | vL 0.001 | ∇ 0.011
Status saved
Status saved
Status saved
Status saved
Status saved
U 1500 | F 192000 | FPS 0432 | D 452 | rR:μσmM 0.00 0.00 0.00 0.00 | F:μσmM 640.0 0.0 640.0 640.0 | H 1.772 | V -0.378 | pL 0.009 | vL 0.001 | ∇ 0.014
Status saved
Status saved
Status saved
Status saved
Status saved
U 2000 | F 256000 | FPS 0439 | D 603 | rR:μσmM 0.00 0.00 0.00 0.00 | F:μσmM 640.0 0.0 640.0 640.0 | H 1.724 | V -0.288 | pL 0.151 | vL 0.020 | ∇ 0.135
Status saved
Status saved
Status saved
Status saved
Status saved
U 2500 | F 320000 | FPS 0394 | D 751 | rR:μσmM 0.00 0.00 0.00 0.00 | F:μσmM 640.0 0.0 640.0 640.0 | H 1.759 | V -0.271 | pL -0.009 | vL 0.001 | ∇ 0.013
Status saved
Status saved
Status saved
Status saved
Status saved
U 3000 | F 384000 | FPS 0454 | D 900 | rR:μσmM 0.04 0.14 0.00 0.60 | F:μσmM 617.9 85.4 287.0 640.0 | H 1.788 | V -0.282 | pL -0.013 | vL 0.001 | ∇ 0.019
Status saved
Status saved
Status saved
Status saved
Status saved
U 3500 | F 448000 | FPS 0395 | D 1053 | rR:μσmM 0.03 0.11 0.00 0.44 | F:μσmM 625.1 57.9 401.0 640.0 | H 1.742 | V -0.292 | pL -0.012 | vL 0.001 | ∇ 0.011
Status saved
Status saved
Status saved
Status saved
Status saved
U 4000 | F 512000 | FPS 0474 | D 1203 | rR:μσmM 0.08 0.19 0.00 0.61 | F:μσmM 595.6 110.6 275.0 640.0 | H 1.781 | V -0.303 | pL -0.004 | vL 0.001 | ∇ 0.010
Status saved
Status saved
Status saved
Status saved
Status saved
U 4500 | F 576000 | FPS 0482 | D 1356 | rR:μσmM 0.09 0.23 0.00 0.72 | F:μσmM 588.1 137.5 201.0 640.0 | H 1.728 | V -0.292 | pL -0.007 | vL 0.001 | ∇ 0.010
Status saved
Status saved
Status saved
Status saved
Status saved
U 5000 | F 640000 | FPS 0454 | D 1507 | rR:μσmM 0.11 0.24 0.00 0.89 | F:μσmM 576.6 148.7 79.0 640.0 | H 1.767 | V -0.271 | pL 0.001 | vL 0.002 | ∇ 0.029
Status saved
Status saved
Status saved
Status saved
Status saved
U 5500 | F 704000 | FPS 0432 | D 1657 | rR:μσmM 0.04 0.12 0.00 0.37 | F:μσmM 617.9 58.5 451.0 640.0 | H 1.754 | V -0.317 | pL -0.007 | vL 0.001 | ∇ 0.010
Status saved
Status saved
Status saved
Status saved
Status saved
U 6000 | F 768000 | FPS 0420 | D 1807 | rR:μσmM 0.11 0.23 0.00 0.68 | F:μσmM 573.9 138.8 228.0 640.0 | H 1.752 | V -0.295 | pL -0.001 | vL 0.001 | ∇ 0.009
Status saved
Status saved
Status saved
Status saved
Status saved
U 6500 | F 832000 | FPS 0293 | D 1960 | rR:μσmM 0.19 0.32 0.00 0.92 | F:μσmM 523.8 197.5 54.0 640.0 | H 1.713 | V -0.203 | pL -0.004 | vL 0.003 | ∇ 0.031
Status saved
Status saved
Status saved
Status saved
Status saved
U 7000 | F 896000 | FPS 0402 | D 2110 | rR:μσmM 0.36 0.32 0.00 0.86 | F:μσmM 430.5 199.8 102.0 640.0 | H 1.732 | V -0.204 | pL -0.018 | vL 0.001 | ∇ 0.019
Status saved
Status saved
Status saved
Status saved
Status saved
U 7500 | F 960000 | FPS 0454 | D 2260 | rR:μσmM 0.93 0.05 0.83 0.97 | F:μσmM 51.8 36.0 19.0 121.0 | H 1.531 | V 0.333 | pL -0.049 | vL 0.004 | ∇ 0.083
Status saved
Status saved
Status saved
Status saved
