Gym has been unmaintained since 2022 and does not support NumPy 2.0 amongst other critical functionality.
Please upgrade to Gymnasium, the maintained drop-in replacement of Gym, or contact the authors of your software and request that they upgrade.
Users of this version of Gym should be able to simply replace 'import gym' with 'import gymnasium as gym' in the vast majority of cases.
See the migration guide at https://gymnasium.farama.org/introduction/migration_guide/ for additional information.
/workspace/learn-si2e/base-vcse/VCSE_A2C/rl-starter-files/rl-starter-files/scripts/train.py --algo a2c --env MiniGrid-UnlockPickup-v0 --model up-vcse-s2 --frames 3000000 --use_batch --save-interval 100 --log-interval 500 --seed 2 --use_entropy_reward --use_value_condition --beta 0.005

Namespace(algo='a2c', env='MiniGrid-UnlockPickup-v0', model='up-vcse-s2', seed=2, log_interval=500, save_interval=100, procs=16, frames=3000000, epochs=4, batch_size=256, frames_per_proc=None, discount=0.99, lr=0.001, gae_lambda=0.95, entropy_coef=0.01, value_loss_coef=0.5, max_grad_norm=0.5, optim_eps=1e-08, optim_alpha=0.99, clip_eps=0.2, recurrence=1, text=False, use_entropy_reward=True, use_value_condition=True, beta=0.005, use_batch=True, mem=False)

Device: cuda

Environments loaded

Training status loaded

Observations preprocessor loaded
Model loaded

ACModel(
  (image_conv): Sequential(
    (0): Conv2d(3, 16, kernel_size=(2, 2), stride=(1, 1))
    (1): ReLU()
    (2): MaxPool2d(kernel_size=(2, 2), stride=(2, 2), padding=0, dilation=1, ceil_mode=False)
    (3): Conv2d(16, 32, kernel_size=(2, 2), stride=(1, 1))
    (4): ReLU()
    (5): Conv2d(32, 64, kernel_size=(2, 2), stride=(1, 1))
    (6): ReLU()
  )
  (actor): Sequential(
    (0): Linear(in_features=64, out_features=64, bias=True)
    (1): Tanh()
    (2): Linear(in_features=64, out_features=7, bias=True)
  )
  (critic): Sequential(
    (0): Linear(in_features=64, out_features=64, bias=True)
    (1): Tanh()
    (2): Linear(in_features=64, out_features=1, bias=True)
  )
  (extr_critic): Sequential(
    (0): Linear(in_features=64, out_features=64, bias=True)
    (1): Tanh()
    (2): Linear(in_features=64, out_features=1, bias=True)
  )
)

Optimizer loaded

Status saved
Status saved
Status saved
Status saved
U 500 | F 064000 | FPS 0887 | D 66 | rR:μσmM 0.00 0.00 0.00 0.00 | F:μσmM 288.0 0.0 288.0 288.0 | H 1.759 | V -0.313 | pL -0.019 | vL 0.001 | ∇ 0.017
Status saved
Status saved
Status saved
Status saved
Status saved
U 1000 | F 128000 | FPS 0918 | D 132 | rR:μσmM 0.00 0.00 0.00 0.00 | F:μσmM 288.0 0.0 288.0 288.0 | H 1.815 | V -0.337 | pL -0.007 | vL 0.001 | ∇ 0.009
Status saved
Status saved
Status saved
Status saved
Status saved
U 1500 | F 192000 | FPS 1125 | D 198 | rR:μσmM 0.00 0.00 0.00 0.00 | F:μσmM 288.0 0.0 288.0 288.0 | H 1.818 | V -0.321 | pL -0.005 | vL 0.001 | ∇ 0.008
Status saved
Status saved
Status saved
Status saved
Status saved
U 2000 | F 256000 | FPS 1032 | D 264 | rR:μσmM 0.00 0.00 0.00 0.00 | F:μσmM 288.0 0.0 288.0 288.0 | H 1.799 | V -0.307 | pL -0.038 | vL 0.001 | ∇ 0.028
Status saved
Status saved
Status saved
Status saved
Status saved
U 2500 | F 320000 | FPS 1011 | D 330 | rR:μσmM 0.00 0.00 0.00 0.00 | F:μσmM 288.0 0.0 288.0 288.0 | H 1.777 | V -0.305 | pL -0.012 | vL 0.001 | ∇ 0.011
Status saved
Status saved
Status saved
Status saved
Status saved
U 3000 | F 384000 | FPS 0803 | D 396 | rR:μσmM 0.00 0.00 0.00 0.00 | F:μσmM 288.0 0.0 288.0 288.0 | H 1.821 | V -0.276 | pL -0.009 | vL 0.001 | ∇ 0.007
Status saved
Status saved
Status saved
Status saved
Status saved
U 3500 | F 448000 | FPS 0996 | D 462 | rR:μσmM 0.00 0.00 0.00 0.00 | F:μσmM 288.0 0.0 288.0 288.0 | H 1.785 | V -0.251 | pL -0.022 | vL 0.001 | ∇ 0.019
Status saved
Status saved
Status saved
Status saved
Status saved
U 4000 | F 512000 | FPS 0997 | D 528 | rR:μσmM 0.00 0.00 0.00 0.00 | F:μσmM 288.0 0.0 288.0 288.0 | H 1.796 | V -0.257 | pL -0.023 | vL 0.001 | ∇ 0.017
Status saved
Status saved
Status saved
Status saved
Status saved
U 4500 | F 576000 | FPS 0777 | D 594 | rR:μσmM 0.02 0.07 0.00 0.26 | F:μσmM 284.4 12.6 236.0 288.0 | H 1.753 | V -0.281 | pL 0.198 | vL 0.029 | ∇ 0.159
Status saved
Status saved
Status saved
Status saved
Status saved
U 5000 | F 640000 | FPS 1050 | D 659 | rR:μσmM 0.00 0.00 0.00 0.00 | F:μσmM 288.0 0.0 288.0 288.0 | H 1.747 | V -0.298 | pL 0.014 | vL 0.001 | ∇ 0.018
Status saved
Status saved
Status saved
Status saved
Status saved
U 5500 | F 704000 | FPS 1028 | D 723 | rR:μσmM 0.00 0.00 0.00 0.00 | F:μσmM 288.0 0.0 288.0 288.0 | H 1.794 | V -0.291 | pL -0.022 | vL 0.001 | ∇ 0.016
Status saved
Status saved
Status saved
Status saved
Status saved
U 6000 | F 768000 | FPS 1013 | D 789 | rR:μσmM 0.00 0.00 0.00 0.00 | F:μσmM 288.0 0.0 288.0 288.0 | H 1.769 | V -0.287 | pL 0.006 | vL 0.001 | ∇ 0.011
Status saved
Status saved
Status saved
Status saved
Status saved
U 6500 | F 832000 | FPS 1010 | D 855 | rR:μσmM 0.00 0.00 0.00 0.00 | F:μσmM 288.0 0.0 288.0 288.0 | H 1.733 | V -0.262 | pL 0.013 | vL 0.002 | ∇ 0.022
Status saved
Status saved
Status saved
Status saved
Status saved
U 7000 | F 896000 | FPS 1041 | D 921 | rR:μσmM 0.00 0.00 0.00 0.00 | F:μσmM 288.0 0.0 288.0 288.0 | H 1.784 | V -0.287 | pL -0.007 | vL 0.001 | ∇ 0.006
Status saved
Status saved
Status saved
Status saved
Status saved
U 7500 | F 960000 | FPS 1031 | D 986 | rR:μσmM 0.00 0.00 0.00 0.00 | F:μσmM 288.0 0.0 288.0 288.0 | H 1.782 | V -0.250 | pL -0.000 | vL 0.000 | ∇ 0.009
Status saved
Status saved
Status saved
Status saved
Status saved
U 8000 | F 1024000 | FPS 0962 | D 1052 | rR:μσmM 0.00 0.00 0.00 0.00 | F:μσmM 288.0 0.0 288.0 288.0 | H 1.752 | V -0.256 | pL 0.018 | vL 0.003 | ∇ 0.019
Status saved
Status saved
Status saved
Status saved
Status saved
U 8500 | F 1088000 | FPS 1018 | D 1118 | rR:μσmM 0.00 0.00 0.00 0.00 | F:μσmM 288.0 0.0 288.0 288.0 | H 1.773 | V -0.274 | pL 0.016 | vL 0.004 | ∇ 0.028
Status saved
Status saved
Status saved
Status saved
Status saved
U 9000 | F 1152000 | FPS 0831 | D 1183 | rR:μσmM 0.05 0.18 0.00 0.75 | F:μσmM 275.1 50.1 81.0 288.0 | H 1.782 | V -0.242 | pL -0.009 | vL 0.000 | ∇ 0.008
Status saved
Status saved
Status saved
Status saved
Status saved
U 9500 | F 1216000 | FPS 1079 | D 1250 | rR:μσmM 0.00 0.00 0.00 0.00 | F:μσmM 288.0 0.0 288.0 288.0 | H 1.785 | V -0.267 | pL -0.023 | vL 0.001 | ∇ 0.019
Status saved
Status saved
Status saved
Status saved
Status saved
U 10000 | F 1280000 | FPS 0998 | D 1316 | rR:μσmM 0.00 0.00 0.00 0.00 | F:μσmM 288.0 0.0 288.0 288.0 | H 1.764 | V -0.254 | pL -0.017 | vL 0.001 | ∇ 0.013
Status saved
Status saved
Status saved
Status saved
Status saved
U 10500 | F 1344000 | FPS 0798 | D 1382 | rR:μσmM 0.00 0.00 0.00 0.00 | F:μσmM 288.0 0.0 288.0 288.0 | H 1.758 | V -0.283 | pL 0.036 | vL 0.006 | ∇ 0.040
Status saved
Status saved
Status saved
Status saved
Status saved
U 11000 | F 1408000 | FPS 1027 | D 1448 | rR:μσmM 0.02 0.09 0.00 0.36 | F:μσmM 282.9 19.8 206.0 288.0 | H 1.792 | V -0.267 | pL -0.013 | vL 0.001 | ∇ 0.010
Status saved
Status saved
Status saved
Status saved
Status saved
U 11500 | F 1472000 | FPS 1246 | D 1512 | rR:μσmM 0.00 0.00 0.00 0.00 | F:μσmM 288.0 0.0 288.0 288.0 | H 1.774 | V -0.267 | pL -0.012 | vL 0.001 | ∇ 0.010
Status saved
Status saved
Status saved
Status saved
Status saved
U 12000 | F 1536000 | FPS 1303 | D 1562 | rR:μσmM 0.00 0.00 0.00 0.00 | F:μσmM 288.0 0.0 288.0 288.0 | H 1.799 | V -0.290 | pL 0.003 | vL 0.002 | ∇ 0.015
Status saved
Status saved
Status saved
Status saved
Status saved
U 12500 | F 1600000 | FPS 1397 | D 1612 | rR:μσmM 0.00 0.00 0.00 0.00 | F:μσmM 288.0 0.0 288.0 288.0 | H 1.755 | V -0.278 | pL -0.002 | vL 0.000 | ∇ 0.011
Status saved
Status saved
Status saved
Status saved
Status saved
U 13000 | F 1664000 | FPS 1205 | D 1661 | rR:μσmM 0.05 0.19 0.00 0.78 | F:μσmM 274.4 52.5 71.0 288.0 | H 1.739 | V -0.248 | pL -0.002 | vL 0.000 | ∇ 0.009
Status saved
Status saved
Status saved
Status saved
Status saved
U 13500 | F 1728000 | FPS 1435 | D 1709 | rR:μσmM 0.00 0.00 0.00 0.00 | F:μσmM 288.0 0.0 288.0 288.0 | H 1.752 | V -0.304 | pL -0.012 | vL 0.001 | ∇ 0.009
Status saved
Status saved
Status saved
Status saved
Status saved
U 14000 | F 1792000 | FPS 1452 | D 1757 | rR:μσmM 0.00 0.00 0.00 0.00 | F:μσmM 288.0 0.0 288.0 288.0 | H 1.759 | V -0.293 | pL 0.010 | vL 0.003 | ∇ 0.019
Status saved
Status saved
Status saved
Status saved
Status saved
U 14500 | F 1856000 | FPS 1393 | D 1805 | rR:μσmM 0.00 0.00 0.00 0.00 | F:μσmM 288.0 0.0 288.0 288.0 | H 1.778 | V -0.256 | pL -0.012 | vL 0.001 | ∇ 0.010
Status saved
Status saved
Status saved
Status saved
Status saved
U 15000 | F 1920000 | FPS 1372 | D 1852 | rR:μσmM 0.00 0.00 0.00 0.00 | F:μσmM 288.0 0.0 288.0 288.0 | H 1.710 | V -0.286 | pL 0.020 | vL 0.005 | ∇ 0.031
Status saved
Status saved
Status saved
Status saved
Status saved
U 15500 | F 1984000 | FPS 1461 | D 1899 | rR:μσmM 0.00 0.00 0.00 0.00 | F:μσmM 288.0 0.0 288.0 288.0 | H 1.773 | V -0.259 | pL -0.006 | vL 0.000 | ∇ 0.006
Status saved
Status saved
Status saved
Status saved
Status saved
U 16000 | F 2048000 | FPS 1498 | D 1946 | rR:μσmM 0.03 0.13 0.00 0.55 | F:μσmM 278.9 35.1 143.0 288.0 | H 1.744 | V -0.255 | pL 0.001 | vL 0.001 | ∇ 0.014
Status saved
Status saved
Status saved
Status saved
Status saved
U 16500 | F 2112000 | FPS 1353 | D 1993 | rR:μσmM 0.00 0.00 0.00 0.00 | F:μσmM 288.0 0.0 288.0 288.0 | H 1.753 | V -0.277 | pL -0.002 | vL 0.003 | ∇ 0.018
Status saved
Status saved
Status saved
Status saved
Status saved
U 17000 | F 2176000 | FPS 1361 | D 2040 | rR:μσmM 0.00 0.00 0.00 0.00 | F:μσmM 288.0 0.0 288.0 288.0 | H 1.787 | V -0.250 | pL 0.010 | vL 0.003 | ∇ 0.037
Status saved
Status saved
Status saved
Status saved
Status saved
U 17500 | F 2240000 | FPS 1322 | D 2087 | rR:μσmM 0.05 0.21 0.00 0.88 | F:μσmM 272.5 60.0 40.0 288.0 | H 1.774 | V -0.237 | pL -0.009 | vL 0.001 | ∇ 0.017
Status saved
Status saved
Status saved
Status saved
Status saved
U 18000 | F 2304000 | FPS 1358 | D 2133 | rR:μσmM 0.00 0.00 0.00 0.00 | F:μσmM 288.0 0.0 288.0 288.0 | H 1.773 | V -0.257 | pL -0.019 | vL 0.001 | ∇ 0.014
Status saved
Status saved
Status saved
Status saved
Status saved
U 18500 | F 2368000 | FPS 1327 | D 2180 | rR:μσmM 0.00 0.00 0.00 0.00 | F:μσmM 288.0 0.0 288.0 288.0 | H 1.771 | V -0.276 | pL 0.014 | vL 0.005 | ∇ 0.022
Status saved
Status saved
Status saved
Status saved
Status saved
U 19000 | F 2432000 | FPS 1336 | D 2226 | rR:μσmM 0.03 0.12 0.00 0.49 | F:μσmM 280.2 30.0 164.0 288.0 | H 1.788 | V -0.273 | pL -0.020 | vL 0.001 | ∇ 0.016
Status saved
Status saved
Status saved
Status saved
Status saved
U 19500 | F 2496000 | FPS 1488 | D 2273 | rR:μσmM 0.01 0.06 0.00 0.23 | F:μσmM 285.3 10.4 245.0 288.0 | H 1.784 | V -0.272 | pL -0.008 | vL 0.000 | ∇ 0.006
Status saved
Status saved
Status saved
Status saved
Status saved
U 20000 | F 2560000 | FPS 1253 | D 2319 | rR:μσmM 0.00 0.00 0.00 0.00 | F:μσmM 288.0 0.0 288.0 288.0 | H 1.787 | V -0.263 | pL -0.007 | vL 0.001 | ∇ 0.011
Status saved
Status saved
Status saved
Status saved
Status saved
U 20500 | F 2624000 | FPS 1348 | D 2366 | rR:μσmM 0.05 0.19 0.00 0.79 | F:μσmM 274.1 53.7 66.0 288.0 | H 1.782 | V -0.247 | pL -0.009 | vL 0.002 | ∇ 0.016
Status saved
Status saved
Status saved
Status saved
Status saved
U 21000 | F 2688000 | FPS 1456 | D 2412 | rR:μσmM 0.04 0.16 0.00 0.64 | F:μσmM 277.1 42.1 114.0 288.0 | H 1.770 | V -0.256 | pL -0.016 | vL 0.001 | ∇ 0.014
Status saved
Status saved
Status saved
Status saved
Status saved
U 21500 | F 2752000 | FPS 1377 | D 2459 | rR:μσmM 0.01 0.03 0.00 0.14 | F:μσmM 287.1 3.4 274.0 288.0 | H 1.774 | V -0.247 | pL -0.006 | vL 0.002 | ∇ 0.019
Status saved
Status saved
Status saved
Status saved
Status saved
U 22000 | F 2816000 | FPS 1503 | D 2506 | rR:μσmM 0.00 0.00 0.00 0.00 | F:μσmM 288.0 0.0 288.0 288.0 | H 1.769 | V -0.262 | pL -0.006 | vL 0.001 | ∇ 0.014
Status saved
Status saved
Status saved
Status saved
Status saved
U 22500 | F 2880000 | FPS 1575 | D 2552 | rR:μσmM 0.00 0.00 0.00 0.00 | F:μσmM 288.0 0.0 288.0 288.0 | H 1.760 | V -0.258 | pL -0.005 | vL 0.000 | ∇ 0.007
Status saved
Status saved
Status saved
Status saved
Status saved
U 23000 | F 2944000 | FPS 1441 | D 2598 | rR:μσmM 0.00 0.00 0.00 0.00 | F:μσmM 288.0 0.0 288.0 288.0 | H 1.779 | V -0.258 | pL -0.007 | vL 0.000 | ∇ 0.015
Status saved
Status saved
Status saved
Status saved
Status saved
