/workspace/learn-si2e/SI2E/SI2E_DrQv2/train.py:210: UserWarning: 
The version_base parameter is not specified.
Please specify a compatability version level, or None.
Will assume defaults for version 1.1
  @hydra.main(config_path='cfgs', config_name='config')
/usr/local/lib/python3.10/dist-packages/hydra/_internal/hydra.py:119: UserWarning: Future Hydra versions will no longer change working directory at job runtime by default.
See https://hydra.cc/docs/1.2/upgrades/1.1_to_1.2/changes_to_job_working_dir/ for more information.
  ret = run_job(
/workspace/learn-si2e/SI2E/SI2E_DrQv2/train.py:210: UserWarning: 
The version_base parameter is not specified.
Please specify a compatability version level, or None.
Will assume defaults for version 1.1
  @hydra.main(config_path='cfgs', config_name='config')
workspace: /workspace/learn-si2e/results/drqv2-official/hopper_stand_baseline_seed1
| eval           | F: 0 | S: 0 | E: 0 | L: 1000 | R: 1.4988 | T: 0:00:00
| train          | F: 5000 | S: 2500 | E: 5 | L: 1000 | R: 0.0000 | BS: 2500 | FPS: 29.7642 | T: 0:00:33
| train          | F: 6000 | S: 3000 | E: 6 | L: 1000 | R: 0.0000 | BS: 3000 | FPS: 138.1863 | T: 0:00:40
| train          | F: 7000 | S: 3500 | E: 7 | L: 1000 | R: 0.0000 | BS: 3500 | FPS: 129.5343 | T: 0:00:48
| train          | F: 8000 | S: 4000 | E: 8 | L: 1000 | R: 0.0000 | BS: 4000 | FPS: 137.0308 | T: 0:00:55
| train          | F: 9000 | S: 4500 | E: 9 | L: 1000 | R: 0.0000 | BS: 4500 | FPS: 131.8045 | T: 0:01:03
| train          | F: 10000 | S: 5000 | E: 10 | L: 1000 | R: 0.0000 | BS: 5000 | FPS: 130.7593 | T: 0:01:11
| eval           | F: 10000 | S: 5000 | E: 10 | L: 1000 | R: 1.6800 | T: 0:01:11
| train          | F: 11000 | S: 5500 | E: 11 | L: 1000 | R: 0.0000 | BS: 5500 | FPS: 40.0464 | T: 0:01:36
| train          | F: 12000 | S: 6000 | E: 12 | L: 1000 | R: 0.0000 | BS: 6000 | FPS: 140.0861 | T: 0:01:43
| train          | F: 13000 | S: 6500 | E: 13 | L: 1000 | R: 0.0000 | BS: 6500 | FPS: 139.1612 | T: 0:01:50
| train          | F: 14000 | S: 7000 | E: 14 | L: 1000 | R: 17.4926 | BS: 7000 | FPS: 124.0792 | T: 0:01:58
| train          | F: 15000 | S: 7500 | E: 15 | L: 1000 | R: 0.0000 | BS: 7500 | FPS: 124.4667 | T: 0:02:06
| train          | F: 16000 | S: 8000 | E: 16 | L: 1000 | R: 0.0000 | BS: 8000 | FPS: 132.8712 | T: 0:02:14
| train          | F: 17000 | S: 8500 | E: 17 | L: 1000 | R: 0.0000 | BS: 8500 | FPS: 134.0073 | T: 0:02:21
| train          | F: 18000 | S: 9000 | E: 18 | L: 1000 | R: 0.0000 | BS: 9000 | FPS: 130.7463 | T: 0:02:29
| train          | F: 19000 | S: 9500 | E: 19 | L: 1000 | R: 0.0000 | BS: 9500 | FPS: 126.8911 | T: 0:02:36
| train          | F: 20000 | S: 10000 | E: 20 | L: 1000 | R: 0.0000 | BS: 10000 | FPS: 133.8632 | T: 0:02:44
| eval           | F: 20000 | S: 10000 | E: 20 | L: 1000 | R: 5.2000 | T: 0:02:44
| train          | F: 21000 | S: 10500 | E: 21 | L: 1000 | R: 3.2356 | BS: 10500 | FPS: 37.0187 | T: 0:03:11
| train          | F: 22000 | S: 11000 | E: 22 | L: 1000 | R: 5.7161 | BS: 11000 | FPS: 135.8008 | T: 0:03:18
| train          | F: 23000 | S: 11500 | E: 23 | L: 1000 | R: 0.0000 | BS: 11500 | FPS: 135.9370 | T: 0:03:26
| train          | F: 24000 | S: 12000 | E: 24 | L: 1000 | R: 0.0000 | BS: 12000 | FPS: 126.4250 | T: 0:03:34
| train          | F: 25000 | S: 12500 | E: 25 | L: 1000 | R: 0.0000 | BS: 12500 | FPS: 130.4281 | T: 0:03:41
| train          | F: 26000 | S: 13000 | E: 26 | L: 1000 | R: 21.5257 | BS: 13000 | FPS: 132.1312 | T: 0:03:49
| train          | F: 27000 | S: 13500 | E: 27 | L: 1000 | R: 23.2536 | BS: 13500 | FPS: 127.1466 | T: 0:03:57
| train          | F: 28000 | S: 14000 | E: 28 | L: 1000 | R: 0.0000 | BS: 14000 | FPS: 125.5411 | T: 0:04:05
| train          | F: 29000 | S: 14500 | E: 29 | L: 1000 | R: 0.0000 | BS: 14500 | FPS: 136.5405 | T: 0:04:12
| train          | F: 30000 | S: 15000 | E: 30 | L: 1000 | R: 0.0000 | BS: 15000 | FPS: 130.0850 | T: 0:04:20
| eval           | F: 30000 | S: 15000 | E: 30 | L: 1000 | R: 3.7600 | T: 0:04:20
| train          | F: 31000 | S: 15500 | E: 31 | L: 1000 | R: 0.0000 | BS: 15500 | FPS: 39.7927 | T: 0:04:45
| train          | F: 32000 | S: 16000 | E: 32 | L: 1000 | R: 0.0000 | BS: 16000 | FPS: 132.7137 | T: 0:04:52
| train          | F: 33000 | S: 16500 | E: 33 | L: 1000 | R: 0.0000 | BS: 16500 | FPS: 133.8148 | T: 0:05:00
| train          | F: 34000 | S: 17000 | E: 34 | L: 1000 | R: 0.0000 | BS: 17000 | FPS: 128.0666 | T: 0:05:08
| train          | F: 35000 | S: 17500 | E: 35 | L: 1000 | R: 0.0000 | BS: 17500 | FPS: 131.6800 | T: 0:05:15
| train          | F: 36000 | S: 18000 | E: 36 | L: 1000 | R: 0.0000 | BS: 18000 | FPS: 139.6979 | T: 0:05:22
| train          | F: 37000 | S: 18500 | E: 37 | L: 1000 | R: 5.7818 | BS: 18500 | FPS: 139.0784 | T: 0:05:30
| train          | F: 38000 | S: 19000 | E: 38 | L: 1000 | R: 0.0000 | BS: 19000 | FPS: 139.0494 | T: 0:05:37
| train          | F: 39000 | S: 19500 | E: 39 | L: 1000 | R: 0.0000 | BS: 19500 | FPS: 138.1642 | T: 0:05:44
| train          | F: 40000 | S: 20000 | E: 40 | L: 1000 | R: 0.0000 | BS: 20000 | FPS: 138.6986 | T: 0:05:51
| eval           | F: 40000 | S: 20000 | E: 40 | L: 1000 | R: 2.5600 | T: 0:05:51
| train          | F: 41000 | S: 20500 | E: 41 | L: 1000 | R: 0.0000 | BS: 20500 | FPS: 39.7717 | T: 0:06:16
| train          | F: 42000 | S: 21000 | E: 42 | L: 1000 | R: 23.9817 | BS: 21000 | FPS: 131.5619 | T: 0:06:24
| train          | F: 43000 | S: 21500 | E: 43 | L: 1000 | R: 0.0000 | BS: 21500 | FPS: 127.2445 | T: 0:06:32
| train          | F: 44000 | S: 22000 | E: 44 | L: 1000 | R: 25.6965 | BS: 22000 | FPS: 128.8007 | T: 0:06:40
| train          | F: 45000 | S: 22500 | E: 45 | L: 1000 | R: 0.0000 | BS: 22500 | FPS: 128.6855 | T: 0:06:47
| train          | F: 46000 | S: 23000 | E: 46 | L: 1000 | R: 0.0000 | BS: 23000 | FPS: 135.3721 | T: 0:06:55
| train          | F: 47000 | S: 23500 | E: 47 | L: 1000 | R: 36.5543 | BS: 23500 | FPS: 131.8256 | T: 0:07:02
| train          | F: 48000 | S: 24000 | E: 48 | L: 1000 | R: 48.7573 | BS: 24000 | FPS: 135.2165 | T: 0:07:10
| train          | F: 49000 | S: 24500 | E: 49 | L: 1000 | R: 0.0000 | BS: 24500 | FPS: 128.4256 | T: 0:07:18
| train          | F: 50000 | S: 25000 | E: 50 | L: 1000 | R: 42.8327 | BS: 25000 | FPS: 131.3668 | T: 0:07:25
| eval           | F: 50000 | S: 25000 | E: 50 | L: 1000 | R: 5.8400 | T: 0:07:25
| train          | F: 51000 | S: 25500 | E: 51 | L: 1000 | R: 0.0000 | BS: 25500 | FPS: 36.4268 | T: 0:07:53
| train          | F: 52000 | S: 26000 | E: 52 | L: 1000 | R: 0.0000 | BS: 26000 | FPS: 130.2372 | T: 0:08:00
| train          | F: 53000 | S: 26500 | E: 53 | L: 1000 | R: 0.0000 | BS: 26500 | FPS: 142.6186 | T: 0:08:07
| train          | F: 54000 | S: 27000 | E: 54 | L: 1000 | R: 0.0000 | BS: 27000 | FPS: 139.2434 | T: 0:08:14
| train          | F: 55000 | S: 27500 | E: 55 | L: 1000 | R: 0.0000 | BS: 27500 | FPS: 130.9725 | T: 0:08:22
| train          | F: 56000 | S: 28000 | E: 56 | L: 1000 | R: 30.5823 | BS: 28000 | FPS: 134.9443 | T: 0:08:29
| train          | F: 57000 | S: 28500 | E: 57 | L: 1000 | R: 0.0000 | BS: 28500 | FPS: 135.9213 | T: 0:08:37
| train          | F: 58000 | S: 29000 | E: 58 | L: 1000 | R: 0.0000 | BS: 29000 | FPS: 136.1878 | T: 0:08:44
| train          | F: 59000 | S: 29500 | E: 59 | L: 1000 | R: 35.5936 | BS: 29500 | FPS: 135.4867 | T: 0:08:52
| train          | F: 60000 | S: 30000 | E: 60 | L: 1000 | R: 0.0000 | BS: 30000 | FPS: 136.6187 | T: 0:08:59
| eval           | F: 60000 | S: 30000 | E: 60 | L: 1000 | R: 2.9600 | T: 0:08:59
| train          | F: 61000 | S: 30500 | E: 61 | L: 1000 | R: 0.0000 | BS: 30500 | FPS: 40.4824 | T: 0:09:24
| train          | F: 62000 | S: 31000 | E: 62 | L: 1000 | R: 0.0000 | BS: 31000 | FPS: 140.1999 | T: 0:09:31
| train          | F: 63000 | S: 31500 | E: 63 | L: 1000 | R: 0.0000 | BS: 31500 | FPS: 139.7588 | T: 0:09:38
| train          | F: 64000 | S: 32000 | E: 64 | L: 1000 | R: 0.0000 | BS: 32000 | FPS: 133.3308 | T: 0:09:45
| train          | F: 65000 | S: 32500 | E: 65 | L: 1000 | R: 0.0000 | BS: 32500 | FPS: 128.6666 | T: 0:09:53
| train          | F: 66000 | S: 33000 | E: 66 | L: 1000 | R: 14.0120 | BS: 33000 | FPS: 134.8556 | T: 0:10:01
| train          | F: 67000 | S: 33500 | E: 67 | L: 1000 | R: 0.0000 | BS: 33500 | FPS: 134.5991 | T: 0:10:08
| train          | F: 68000 | S: 34000 | E: 68 | L: 1000 | R: 0.0000 | BS: 34000 | FPS: 136.5185 | T: 0:10:15
| train          | F: 69000 | S: 34500 | E: 69 | L: 1000 | R: 0.0000 | BS: 34500 | FPS: 133.3729 | T: 0:10:23
| train          | F: 70000 | S: 35000 | E: 70 | L: 1000 | R: 0.0000 | BS: 35000 | FPS: 132.1687 | T: 0:10:30
| eval           | F: 70000 | S: 35000 | E: 70 | L: 1000 | R: 5.9200 | T: 0:10:30
| train          | F: 71000 | S: 35500 | E: 71 | L: 1000 | R: 9.8945 | BS: 35500 | FPS: 36.8633 | T: 0:10:58
| train          | F: 72000 | S: 36000 | E: 72 | L: 1000 | R: 0.0000 | BS: 36000 | FPS: 128.7202 | T: 0:11:05
| train          | F: 73000 | S: 36500 | E: 73 | L: 1000 | R: 0.0000 | BS: 36500 | FPS: 128.3096 | T: 0:11:13
| train          | F: 74000 | S: 37000 | E: 74 | L: 1000 | R: 0.0000 | BS: 37000 | FPS: 136.3672 | T: 0:11:20
| train          | F: 75000 | S: 37500 | E: 75 | L: 1000 | R: 0.0000 | BS: 37500 | FPS: 138.0343 | T: 0:11:28
| train          | F: 76000 | S: 38000 | E: 76 | L: 1000 | R: 18.1194 | BS: 38000 | FPS: 136.4450 | T: 0:11:35
| train          | F: 77000 | S: 38500 | E: 77 | L: 1000 | R: 66.3697 | BS: 38500 | FPS: 136.0918 | T: 0:11:42
| train          | F: 78000 | S: 39000 | E: 78 | L: 1000 | R: 0.0000 | BS: 39000 | FPS: 128.2717 | T: 0:11:50
| train          | F: 79000 | S: 39500 | E: 79 | L: 1000 | R: 0.0000 | BS: 39500 | FPS: 136.3097 | T: 0:11:57
| train          | F: 80000 | S: 40000 | E: 80 | L: 1000 | R: 0.0000 | BS: 40000 | FPS: 133.4736 | T: 0:12:05
| eval           | F: 80000 | S: 40000 | E: 80 | L: 1000 | R: 2.8800 | T: 0:12:05
| train          | F: 81000 | S: 40500 | E: 81 | L: 1000 | R: 0.0000 | BS: 40500 | FPS: 35.8024 | T: 0:12:33
| train          | F: 82000 | S: 41000 | E: 82 | L: 1000 | R: 0.0000 | BS: 41000 | FPS: 136.0184 | T: 0:12:40
| train          | F: 83000 | S: 41500 | E: 83 | L: 1000 | R: 0.0000 | BS: 41500 | FPS: 138.9558 | T: 0:12:47
| train          | F: 84000 | S: 42000 | E: 84 | L: 1000 | R: 0.0000 | BS: 42000 | FPS: 139.4777 | T: 0:12:55
| train          | F: 85000 | S: 42500 | E: 85 | L: 1000 | R: 0.0000 | BS: 42500 | FPS: 130.6836 | T: 0:13:02
| train          | F: 86000 | S: 43000 | E: 86 | L: 1000 | R: 0.0000 | BS: 43000 | FPS: 139.2295 | T: 0:13:09
| train          | F: 87000 | S: 43500 | E: 87 | L: 1000 | R: 3.2599 | BS: 43500 | FPS: 134.9437 | T: 0:13:17
| train          | F: 88000 | S: 44000 | E: 88 | L: 1000 | R: 0.0000 | BS: 44000 | FPS: 135.9662 | T: 0:13:24
| train          | F: 89000 | S: 44500 | E: 89 | L: 1000 | R: 17.4648 | BS: 44500 | FPS: 134.0214 | T: 0:13:32
| train          | F: 90000 | S: 45000 | E: 90 | L: 1000 | R: 0.0000 | BS: 45000 | FPS: 136.1091 | T: 0:13:39
| eval           | F: 90000 | S: 45000 | E: 90 | L: 1000 | R: 1.4400 | T: 0:13:39
| train          | F: 91000 | S: 45500 | E: 91 | L: 1000 | R: 0.0000 | BS: 45500 | FPS: 35.2573 | T: 0:14:07
| train          | F: 92000 | S: 46000 | E: 92 | L: 1000 | R: 0.0000 | BS: 46000 | FPS: 133.7360 | T: 0:14:15
| train          | F: 93000 | S: 46500 | E: 93 | L: 1000 | R: 0.0000 | BS: 46500 | FPS: 138.2508 | T: 0:14:22
| train          | F: 94000 | S: 47000 | E: 94 | L: 1000 | R: 0.0000 | BS: 47000 | FPS: 133.5882 | T: 0:14:30
| train          | F: 95000 | S: 47500 | E: 95 | L: 1000 | R: 0.0000 | BS: 47500 | FPS: 139.4151 | T: 0:14:37
| train          | F: 96000 | S: 48000 | E: 96 | L: 1000 | R: 0.0000 | BS: 48000 | FPS: 134.6890 | T: 0:14:44
| train          | F: 97000 | S: 48500 | E: 97 | L: 1000 | R: 0.0000 | BS: 48500 | FPS: 133.6889 | T: 0:14:52
| train          | F: 98000 | S: 49000 | E: 98 | L: 1000 | R: 41.5707 | BS: 49000 | FPS: 133.1128 | T: 0:14:59
| train          | F: 99000 | S: 49500 | E: 99 | L: 1000 | R: 13.1534 | BS: 49500 | FPS: 134.7929 | T: 0:15:07
| train          | F: 100000 | S: 50000 | E: 100 | L: 1000 | R: 40.7794 | BS: 50000 | FPS: 135.6784 | T: 0:15:14
| eval           | F: 100000 | S: 50000 | E: 100 | L: 1000 | R: 35.2000 | T: 0:15:14
| train          | F: 101000 | S: 50500 | E: 101 | L: 1000 | R: 0.0000 | BS: 50500 | FPS: 40.2242 | T: 0:15:39
| train          | F: 102000 | S: 51000 | E: 102 | L: 1000 | R: 0.0000 | BS: 51000 | FPS: 131.8644 | T: 0:15:46
| train          | F: 103000 | S: 51500 | E: 103 | L: 1000 | R: 0.0000 | BS: 51500 | FPS: 134.1385 | T: 0:15:54
| train          | F: 104000 | S: 52000 | E: 104 | L: 1000 | R: 0.0000 | BS: 52000 | FPS: 129.9718 | T: 0:16:02
| train          | F: 105000 | S: 52500 | E: 105 | L: 1000 | R: 14.9603 | BS: 52500 | FPS: 134.8315 | T: 0:16:09
| train          | F: 106000 | S: 53000 | E: 106 | L: 1000 | R: 0.0000 | BS: 53000 | FPS: 134.6618 | T: 0:16:16
| train          | F: 107000 | S: 53500 | E: 107 | L: 1000 | R: 0.0000 | BS: 53500 | FPS: 135.8832 | T: 0:16:24
| train          | F: 108000 | S: 54000 | E: 108 | L: 1000 | R: 38.8336 | BS: 54000 | FPS: 135.9796 | T: 0:16:31
| train          | F: 109000 | S: 54500 | E: 109 | L: 1000 | R: 16.5724 | BS: 54500 | FPS: 137.4199 | T: 0:16:38
| train          | F: 110000 | S: 55000 | E: 110 | L: 1000 | R: 0.0000 | BS: 55000 | FPS: 132.2213 | T: 0:16:46
| eval           | F: 110000 | S: 55000 | E: 110 | L: 1000 | R: 20.6459 | T: 0:16:46
| train          | F: 111000 | S: 55500 | E: 111 | L: 1000 | R: 21.5236 | BS: 55500 | FPS: 40.7292 | T: 0:17:10
| train          | F: 112000 | S: 56000 | E: 112 | L: 1000 | R: 0.0000 | BS: 56000 | FPS: 135.3761 | T: 0:17:18
| train          | F: 113000 | S: 56500 | E: 113 | L: 1000 | R: 0.0000 | BS: 56500 | FPS: 133.2277 | T: 0:17:25
| train          | F: 114000 | S: 57000 | E: 114 | L: 1000 | R: 0.0000 | BS: 57000 | FPS: 131.2285 | T: 0:17:33
| train          | F: 115000 | S: 57500 | E: 115 | L: 1000 | R: 19.4251 | BS: 57500 | FPS: 131.7115 | T: 0:17:41
| train          | F: 116000 | S: 58000 | E: 116 | L: 1000 | R: 25.6709 | BS: 58000 | FPS: 133.6812 | T: 0:17:48
| train          | F: 117000 | S: 58500 | E: 117 | L: 1000 | R: 0.0000 | BS: 58500 | FPS: 132.3559 | T: 0:17:56
| train          | F: 118000 | S: 59000 | E: 118 | L: 1000 | R: 0.0000 | BS: 59000 | FPS: 127.1974 | T: 0:18:03
| train          | F: 119000 | S: 59500 | E: 119 | L: 1000 | R: 29.9334 | BS: 59500 | FPS: 131.2568 | T: 0:18:11
| train          | F: 120000 | S: 60000 | E: 120 | L: 1000 | R: 0.0000 | BS: 60000 | FPS: 130.0353 | T: 0:18:19
| eval           | F: 120000 | S: 60000 | E: 120 | L: 1000 | R: 65.2810 | T: 0:18:19
| train          | F: 121000 | S: 60500 | E: 121 | L: 1000 | R: 14.9962 | BS: 60500 | FPS: 39.8044 | T: 0:18:44
| train          | F: 122000 | S: 61000 | E: 122 | L: 1000 | R: 0.0000 | BS: 61000 | FPS: 127.0515 | T: 0:18:52
| train          | F: 123000 | S: 61500 | E: 123 | L: 1000 | R: 58.9155 | BS: 61500 | FPS: 129.6217 | T: 0:19:00
| train          | F: 124000 | S: 62000 | E: 124 | L: 1000 | R: 0.0000 | BS: 62000 | FPS: 133.7288 | T: 0:19:07
| train          | F: 125000 | S: 62500 | E: 125 | L: 1000 | R: 49.0911 | BS: 62500 | FPS: 135.1610 | T: 0:19:14
| train          | F: 126000 | S: 63000 | E: 126 | L: 1000 | R: 79.6820 | BS: 63000 | FPS: 129.2858 | T: 0:19:22
| train          | F: 127000 | S: 63500 | E: 127 | L: 1000 | R: 50.3040 | BS: 63500 | FPS: 130.5447 | T: 0:19:30
| train          | F: 128000 | S: 64000 | E: 128 | L: 1000 | R: 72.9142 | BS: 64000 | FPS: 129.9556 | T: 0:19:37
| train          | F: 129000 | S: 64500 | E: 129 | L: 1000 | R: 0.0000 | BS: 64500 | FPS: 128.9094 | T: 0:19:45
| train          | F: 130000 | S: 65000 | E: 130 | L: 1000 | R: 0.0000 | BS: 65000 | FPS: 127.3634 | T: 0:19:53
| eval           | F: 130000 | S: 65000 | E: 130 | L: 1000 | R: 68.7200 | T: 0:19:53
| train          | F: 131000 | S: 65500 | E: 131 | L: 1000 | R: 81.2207 | BS: 65500 | FPS: 40.1323 | T: 0:20:18
| train          | F: 132000 | S: 66000 | E: 132 | L: 1000 | R: 24.0685 | BS: 66000 | FPS: 132.2479 | T: 0:20:26
| train          | F: 133000 | S: 66500 | E: 133 | L: 1000 | R: 110.7665 | BS: 66500 | FPS: 135.8619 | T: 0:20:33
| train          | F: 134000 | S: 67000 | E: 134 | L: 1000 | R: 55.1384 | BS: 67000 | FPS: 134.8956 | T: 0:20:40
| train          | F: 135000 | S: 67500 | E: 135 | L: 1000 | R: 23.8775 | BS: 67500 | FPS: 133.5931 | T: 0:20:48
| train          | F: 136000 | S: 68000 | E: 136 | L: 1000 | R: 0.0000 | BS: 68000 | FPS: 134.5485 | T: 0:20:55
| train          | F: 137000 | S: 68500 | E: 137 | L: 1000 | R: 52.8787 | BS: 68500 | FPS: 128.1373 | T: 0:21:03
| train          | F: 138000 | S: 69000 | E: 138 | L: 1000 | R: 0.0000 | BS: 69000 | FPS: 123.3151 | T: 0:21:11
| train          | F: 139000 | S: 69500 | E: 139 | L: 1000 | R: 77.8960 | BS: 69500 | FPS: 127.5753 | T: 0:21:19
| train          | F: 140000 | S: 70000 | E: 140 | L: 1000 | R: 12.3790 | BS: 70000 | FPS: 124.5222 | T: 0:21:27
| eval           | F: 140000 | S: 70000 | E: 140 | L: 1000 | R: 53.6845 | T: 0:21:27
| train          | F: 141000 | S: 70500 | E: 141 | L: 1000 | R: 11.8035 | BS: 70500 | FPS: 40.3517 | T: 0:21:52
| train          | F: 142000 | S: 71000 | E: 142 | L: 1000 | R: 14.0675 | BS: 71000 | FPS: 139.2694 | T: 0:21:59
| train          | F: 143000 | S: 71500 | E: 143 | L: 1000 | R: 22.3431 | BS: 71500 | FPS: 136.5940 | T: 0:22:06
| train          | F: 144000 | S: 72000 | E: 144 | L: 1000 | R: 57.3546 | BS: 72000 | FPS: 128.1143 | T: 0:22:14
| train          | F: 145000 | S: 72500 | E: 145 | L: 1000 | R: 37.3516 | BS: 72500 | FPS: 125.5999 | T: 0:22:22
| train          | F: 146000 | S: 73000 | E: 146 | L: 1000 | R: 15.6416 | BS: 73000 | FPS: 127.7025 | T: 0:22:30
| train          | F: 147000 | S: 73500 | E: 147 | L: 1000 | R: 130.3005 | BS: 73500 | FPS: 132.8663 | T: 0:22:37
| train          | F: 148000 | S: 74000 | E: 148 | L: 1000 | R: 16.5498 | BS: 74000 | FPS: 134.9905 | T: 0:22:45
| train          | F: 149000 | S: 74500 | E: 149 | L: 1000 | R: 8.2467 | BS: 74500 | FPS: 135.9483 | T: 0:22:52
| train          | F: 150000 | S: 75000 | E: 150 | L: 1000 | R: 0.0000 | BS: 75000 | FPS: 128.0505 | T: 0:23:00
| eval           | F: 150000 | S: 75000 | E: 150 | L: 1000 | R: 20.0918 | T: 0:23:00
| train          | F: 151000 | S: 75500 | E: 151 | L: 1000 | R: 25.0563 | BS: 75500 | FPS: 35.9403 | T: 0:23:28
| train          | F: 152000 | S: 76000 | E: 152 | L: 1000 | R: 0.0000 | BS: 76000 | FPS: 128.7911 | T: 0:23:36
| train          | F: 153000 | S: 76500 | E: 153 | L: 1000 | R: 72.6889 | BS: 76500 | FPS: 137.5674 | T: 0:23:43
| train          | F: 154000 | S: 77000 | E: 154 | L: 1000 | R: 0.0000 | BS: 77000 | FPS: 132.8236 | T: 0:23:50
| train          | F: 155000 | S: 77500 | E: 155 | L: 1000 | R: 0.0000 | BS: 77500 | FPS: 132.4578 | T: 0:23:58
| train          | F: 156000 | S: 78000 | E: 156 | L: 1000 | R: 14.1281 | BS: 78000 | FPS: 135.5975 | T: 0:24:05
| train          | F: 157000 | S: 78500 | E: 157 | L: 1000 | R: 17.3776 | BS: 78500 | FPS: 135.9870 | T: 0:24:13
| train          | F: 158000 | S: 79000 | E: 158 | L: 1000 | R: 44.0577 | BS: 79000 | FPS: 135.4092 | T: 0:24:20
| train          | F: 159000 | S: 79500 | E: 159 | L: 1000 | R: 74.9179 | BS: 79500 | FPS: 135.9621 | T: 0:24:27
| train          | F: 160000 | S: 80000 | E: 160 | L: 1000 | R: 0.0000 | BS: 80000 | FPS: 127.9966 | T: 0:24:35
| eval           | F: 160000 | S: 80000 | E: 160 | L: 1000 | R: 27.7600 | T: 0:24:35
| train          | F: 161000 | S: 80500 | E: 161 | L: 1000 | R: 14.8708 | BS: 80500 | FPS: 39.7950 | T: 0:25:00
| train          | F: 162000 | S: 81000 | E: 162 | L: 1000 | R: 88.4629 | BS: 81000 | FPS: 131.5506 | T: 0:25:08
| train          | F: 163000 | S: 81500 | E: 163 | L: 1000 | R: 17.3994 | BS: 81500 | FPS: 137.2191 | T: 0:25:15
| train          | F: 164000 | S: 82000 | E: 164 | L: 1000 | R: 39.5766 | BS: 82000 | FPS: 134.2377 | T: 0:25:23
| train          | F: 165000 | S: 82500 | E: 165 | L: 1000 | R: 68.8101 | BS: 82500 | FPS: 135.9651 | T: 0:25:30
| train          | F: 166000 | S: 83000 | E: 166 | L: 1000 | R: 138.5987 | BS: 83000 | FPS: 125.3658 | T: 0:25:38
| train          | F: 167000 | S: 83500 | E: 167 | L: 1000 | R: 50.8234 | BS: 83500 | FPS: 130.9382 | T: 0:25:46
| train          | F: 168000 | S: 84000 | E: 168 | L: 1000 | R: 141.2476 | BS: 84000 | FPS: 132.1104 | T: 0:25:53
| train          | F: 169000 | S: 84500 | E: 169 | L: 1000 | R: 139.7727 | BS: 84500 | FPS: 137.7387 | T: 0:26:01
| train          | F: 170000 | S: 85000 | E: 170 | L: 1000 | R: 49.8617 | BS: 85000 | FPS: 137.9622 | T: 0:26:08
| eval           | F: 170000 | S: 85000 | E: 170 | L: 1000 | R: 105.9200 | T: 0:26:08
| train          | F: 171000 | S: 85500 | E: 171 | L: 1000 | R: 52.3110 | BS: 85500 | FPS: 38.4200 | T: 0:26:34
| train          | F: 172000 | S: 86000 | E: 172 | L: 1000 | R: 92.3474 | BS: 86000 | FPS: 139.2938 | T: 0:26:41
| train          | F: 173000 | S: 86500 | E: 173 | L: 1000 | R: 81.0201 | BS: 86500 | FPS: 127.6758 | T: 0:26:49
| train          | F: 174000 | S: 87000 | E: 174 | L: 1000 | R: 86.8486 | BS: 87000 | FPS: 126.8083 | T: 0:26:57
| train          | F: 175000 | S: 87500 | E: 175 | L: 1000 | R: 60.5419 | BS: 87500 | FPS: 132.2522 | T: 0:27:04
| train          | F: 176000 | S: 88000 | E: 176 | L: 1000 | R: 29.3202 | BS: 88000 | FPS: 132.9711 | T: 0:27:12
| train          | F: 177000 | S: 88500 | E: 177 | L: 1000 | R: 97.7770 | BS: 88500 | FPS: 130.3520 | T: 0:27:19
| train          | F: 178000 | S: 89000 | E: 178 | L: 1000 | R: 84.4612 | BS: 89000 | FPS: 122.6158 | T: 0:27:28
| train          | F: 179000 | S: 89500 | E: 179 | L: 1000 | R: 61.3203 | BS: 89500 | FPS: 123.8361 | T: 0:27:36
| train          | F: 180000 | S: 90000 | E: 180 | L: 1000 | R: 95.1208 | BS: 90000 | FPS: 126.1852 | T: 0:27:44
| eval           | F: 180000 | S: 90000 | E: 180 | L: 1000 | R: 66.1829 | T: 0:27:44
| train          | F: 181000 | S: 90500 | E: 181 | L: 1000 | R: 40.7541 | BS: 90500 | FPS: 36.3387 | T: 0:28:11
| train          | F: 182000 | S: 91000 | E: 182 | L: 1000 | R: 95.7482 | BS: 91000 | FPS: 133.3348 | T: 0:28:19
| train          | F: 183000 | S: 91500 | E: 183 | L: 1000 | R: 35.7921 | BS: 91500 | FPS: 135.4218 | T: 0:28:26
| train          | F: 184000 | S: 92000 | E: 184 | L: 1000 | R: 89.5618 | BS: 92000 | FPS: 124.8059 | T: 0:28:34
| train          | F: 185000 | S: 92500 | E: 185 | L: 1000 | R: 100.0104 | BS: 92500 | FPS: 126.6508 | T: 0:28:42
| train          | F: 186000 | S: 93000 | E: 186 | L: 1000 | R: 131.9139 | BS: 93000 | FPS: 127.2609 | T: 0:28:50
| train          | F: 187000 | S: 93500 | E: 187 | L: 1000 | R: 26.0107 | BS: 93500 | FPS: 125.6070 | T: 0:28:58
| train          | F: 188000 | S: 94000 | E: 188 | L: 1000 | R: 76.9780 | BS: 94000 | FPS: 130.2512 | T: 0:29:05
| train          | F: 189000 | S: 94500 | E: 189 | L: 1000 | R: 159.6944 | BS: 94500 | FPS: 135.3609 | T: 0:29:13
| train          | F: 190000 | S: 95000 | E: 190 | L: 1000 | R: 147.6850 | BS: 95000 | FPS: 137.5413 | T: 0:29:20
| eval           | F: 190000 | S: 95000 | E: 190 | L: 1000 | R: 82.9674 | T: 0:29:20
| train          | F: 191000 | S: 95500 | E: 191 | L: 1000 | R: 153.1176 | BS: 95500 | FPS: 39.8013 | T: 0:29:45
| train          | F: 192000 | S: 96000 | E: 192 | L: 1000 | R: 91.1192 | BS: 96000 | FPS: 135.1503 | T: 0:29:53
| train          | F: 193000 | S: 96500 | E: 193 | L: 1000 | R: 0.0000 | BS: 96500 | FPS: 132.8412 | T: 0:30:00
| train          | F: 194000 | S: 97000 | E: 194 | L: 1000 | R: 17.2660 | BS: 97000 | FPS: 127.8174 | T: 0:30:08
| train          | F: 195000 | S: 97500 | E: 195 | L: 1000 | R: 112.5856 | BS: 97500 | FPS: 128.5953 | T: 0:30:16
| train          | F: 196000 | S: 98000 | E: 196 | L: 1000 | R: 95.4538 | BS: 98000 | FPS: 130.0805 | T: 0:30:23
| train          | F: 197000 | S: 98500 | E: 197 | L: 1000 | R: 147.3194 | BS: 98500 | FPS: 128.8188 | T: 0:30:31
| train          | F: 198000 | S: 99000 | E: 198 | L: 1000 | R: 152.0155 | BS: 99000 | FPS: 128.1834 | T: 0:30:39
| train          | F: 199000 | S: 99500 | E: 199 | L: 1000 | R: 214.3400 | BS: 99500 | FPS: 132.8212 | T: 0:30:46
| train          | F: 200000 | S: 100000 | E: 200 | L: 1000 | R: 56.2453 | BS: 100000 | FPS: 138.3945 | T: 0:30:54
| eval           | F: 200000 | S: 100000 | E: 200 | L: 1000 | R: 137.9831 | T: 0:30:54
| train          | F: 201000 | S: 100500 | E: 201 | L: 1000 | R: 136.8245 | BS: 100500 | FPS: 36.5034 | T: 0:31:21
| train          | F: 202000 | S: 101000 | E: 202 | L: 1000 | R: 114.4757 | BS: 101000 | FPS: 129.0997 | T: 0:31:29
| train          | F: 203000 | S: 101500 | E: 203 | L: 1000 | R: 55.0428 | BS: 101500 | FPS: 132.6852 | T: 0:31:36
| train          | F: 204000 | S: 102000 | E: 204 | L: 1000 | R: 85.9804 | BS: 102000 | FPS: 138.6318 | T: 0:31:44
| train          | F: 205000 | S: 102500 | E: 205 | L: 1000 | R: 180.1443 | BS: 102500 | FPS: 133.1199 | T: 0:31:51
| train          | F: 206000 | S: 103000 | E: 206 | L: 1000 | R: 136.1944 | BS: 103000 | FPS: 125.1224 | T: 0:31:59
| train          | F: 207000 | S: 103500 | E: 207 | L: 1000 | R: 228.6002 | BS: 103500 | FPS: 133.8109 | T: 0:32:07
| train          | F: 208000 | S: 104000 | E: 208 | L: 1000 | R: 251.6486 | BS: 104000 | FPS: 130.5345 | T: 0:32:14
| train          | F: 209000 | S: 104500 | E: 209 | L: 1000 | R: 240.6834 | BS: 104500 | FPS: 137.1982 | T: 0:32:22
| train          | F: 210000 | S: 105000 | E: 210 | L: 1000 | R: 161.2197 | BS: 105000 | FPS: 135.5591 | T: 0:32:29
| eval           | F: 210000 | S: 105000 | E: 210 | L: 1000 | R: 173.8957 | T: 0:32:29
| train          | F: 211000 | S: 105500 | E: 211 | L: 1000 | R: 231.6012 | BS: 105500 | FPS: 36.9918 | T: 0:32:56
| train          | F: 212000 | S: 106000 | E: 212 | L: 1000 | R: 21.5187 | BS: 106000 | FPS: 133.7611 | T: 0:33:03
| train          | F: 213000 | S: 106500 | E: 213 | L: 1000 | R: 151.7404 | BS: 106500 | FPS: 135.6977 | T: 0:33:11
| train          | F: 214000 | S: 107000 | E: 214 | L: 1000 | R: 231.4125 | BS: 107000 | FPS: 136.6128 | T: 0:33:18
| train          | F: 215000 | S: 107500 | E: 215 | L: 1000 | R: 143.9366 | BS: 107500 | FPS: 125.2415 | T: 0:33:26
| train          | F: 216000 | S: 108000 | E: 216 | L: 1000 | R: 225.4986 | BS: 108000 | FPS: 132.8433 | T: 0:33:34
| train          | F: 217000 | S: 108500 | E: 217 | L: 1000 | R: 230.4357 | BS: 108500 | FPS: 134.5255 | T: 0:33:41
| train          | F: 218000 | S: 109000 | E: 218 | L: 1000 | R: 230.9782 | BS: 109000 | FPS: 125.2766 | T: 0:33:49
| train          | F: 219000 | S: 109500 | E: 219 | L: 1000 | R: 269.7953 | BS: 109500 | FPS: 130.9082 | T: 0:33:57
| train          | F: 220000 | S: 110000 | E: 220 | L: 1000 | R: 198.1240 | BS: 110000 | FPS: 131.2003 | T: 0:34:04
| eval           | F: 220000 | S: 110000 | E: 220 | L: 1000 | R: 252.2031 | T: 0:34:04
| train          | F: 221000 | S: 110500 | E: 221 | L: 1000 | R: 243.0803 | BS: 110500 | FPS: 39.7768 | T: 0:34:29
| train          | F: 222000 | S: 111000 | E: 222 | L: 1000 | R: 282.2074 | BS: 111000 | FPS: 136.0375 | T: 0:34:37
| train          | F: 223000 | S: 111500 | E: 223 | L: 1000 | R: 298.4446 | BS: 111500 | FPS: 135.5043 | T: 0:34:44
| train          | F: 224000 | S: 112000 | E: 224 | L: 1000 | R: 307.2670 | BS: 112000 | FPS: 134.7594 | T: 0:34:52
| train          | F: 225000 | S: 112500 | E: 225 | L: 1000 | R: 272.2499 | BS: 112500 | FPS: 134.7215 | T: 0:34:59
| train          | F: 226000 | S: 113000 | E: 226 | L: 1000 | R: 258.1126 | BS: 113000 | FPS: 135.4169 | T: 0:35:06
| train          | F: 227000 | S: 113500 | E: 227 | L: 1000 | R: 256.0861 | BS: 113500 | FPS: 134.2107 | T: 0:35:14
| train          | F: 228000 | S: 114000 | E: 228 | L: 1000 | R: 286.1692 | BS: 114000 | FPS: 131.9992 | T: 0:35:21
| train          | F: 229000 | S: 114500 | E: 229 | L: 1000 | R: 313.4186 | BS: 114500 | FPS: 131.7849 | T: 0:35:29
| train          | F: 230000 | S: 115000 | E: 230 | L: 1000 | R: 318.2879 | BS: 115000 | FPS: 126.4963 | T: 0:35:37
| eval           | F: 230000 | S: 115000 | E: 230 | L: 1000 | R: 283.4671 | T: 0:35:37
| train          | F: 231000 | S: 115500 | E: 231 | L: 1000 | R: 339.7359 | BS: 115500 | FPS: 34.9857 | T: 0:36:05
| train          | F: 232000 | S: 116000 | E: 232 | L: 1000 | R: 281.2692 | BS: 116000 | FPS: 127.3743 | T: 0:36:13
| train          | F: 233000 | S: 116500 | E: 233 | L: 1000 | R: 242.3440 | BS: 116500 | FPS: 134.3526 | T: 0:36:21
| train          | F: 234000 | S: 117000 | E: 234 | L: 1000 | R: 243.2964 | BS: 117000 | FPS: 130.5660 | T: 0:36:28
| train          | F: 235000 | S: 117500 | E: 235 | L: 1000 | R: 247.7912 | BS: 117500 | FPS: 132.2745 | T: 0:36:36
| train          | F: 236000 | S: 118000 | E: 236 | L: 1000 | R: 314.3677 | BS: 118000 | FPS: 137.0333 | T: 0:36:43
| train          | F: 237000 | S: 118500 | E: 237 | L: 1000 | R: 149.0785 | BS: 118500 | FPS: 134.9152 | T: 0:36:51
| train          | F: 238000 | S: 119000 | E: 238 | L: 1000 | R: 167.7335 | BS: 119000 | FPS: 128.8994 | T: 0:36:58
| train          | F: 239000 | S: 119500 | E: 239 | L: 1000 | R: 305.9286 | BS: 119500 | FPS: 124.2007 | T: 0:37:07
| train          | F: 240000 | S: 120000 | E: 240 | L: 1000 | R: 232.0022 | BS: 120000 | FPS: 128.7189 | T: 0:37:14
| eval           | F: 240000 | S: 120000 | E: 240 | L: 1000 | R: 166.0020 | T: 0:37:14
| train          | F: 241000 | S: 120500 | E: 241 | L: 1000 | R: 269.2796 | BS: 120500 | FPS: 39.9601 | T: 0:37:39
| train          | F: 242000 | S: 121000 | E: 242 | L: 1000 | R: 193.2623 | BS: 121000 | FPS: 135.4745 | T: 0:37:47
| train          | F: 243000 | S: 121500 | E: 243 | L: 1000 | R: 160.2669 | BS: 121500 | FPS: 135.9462 | T: 0:37:54
| train          | F: 244000 | S: 122000 | E: 244 | L: 1000 | R: 262.0075 | BS: 122000 | FPS: 137.8697 | T: 0:38:01
| train          | F: 245000 | S: 122500 | E: 245 | L: 1000 | R: 179.4680 | BS: 122500 | FPS: 138.0920 | T: 0:38:09
| train          | F: 246000 | S: 123000 | E: 246 | L: 1000 | R: 229.4246 | BS: 123000 | FPS: 132.6476 | T: 0:38:16
| train          | F: 247000 | S: 123500 | E: 247 | L: 1000 | R: 278.6453 | BS: 123500 | FPS: 128.6957 | T: 0:38:24
| train          | F: 248000 | S: 124000 | E: 248 | L: 1000 | R: 250.6986 | BS: 124000 | FPS: 125.4733 | T: 0:38:32
| train          | F: 249000 | S: 124500 | E: 249 | L: 1000 | R: 195.6272 | BS: 124500 | FPS: 119.5197 | T: 0:38:40
| train          | F: 250000 | S: 125000 | E: 250 | L: 1000 | R: 240.6537 | BS: 125000 | FPS: 129.5150 | T: 0:38:48
| eval           | F: 250000 | S: 125000 | E: 250 | L: 1000 | R: 250.9201 | T: 0:38:48
| train          | F: 251000 | S: 125500 | E: 251 | L: 1000 | R: 274.9950 | BS: 125500 | FPS: 40.3403 | T: 0:39:13
| train          | F: 252000 | S: 126000 | E: 252 | L: 1000 | R: 295.0864 | BS: 126000 | FPS: 137.4523 | T: 0:39:20
| train          | F: 253000 | S: 126500 | E: 253 | L: 1000 | R: 307.8299 | BS: 126500 | FPS: 134.7830 | T: 0:39:27
| train          | F: 254000 | S: 127000 | E: 254 | L: 1000 | R: 256.3320 | BS: 127000 | FPS: 133.1275 | T: 0:39:35
| train          | F: 255000 | S: 127500 | E: 255 | L: 1000 | R: 227.2161 | BS: 127500 | FPS: 130.8326 | T: 0:39:43
| train          | F: 256000 | S: 128000 | E: 256 | L: 1000 | R: 269.4787 | BS: 128000 | FPS: 125.7210 | T: 0:39:51
| train          | F: 257000 | S: 128500 | E: 257 | L: 1000 | R: 318.6852 | BS: 128500 | FPS: 124.8687 | T: 0:39:59
| train          | F: 258000 | S: 129000 | E: 258 | L: 1000 | R: 360.9624 | BS: 129000 | FPS: 124.2228 | T: 0:40:07
| train          | F: 259000 | S: 129500 | E: 259 | L: 1000 | R: 328.4649 | BS: 129500 | FPS: 123.1117 | T: 0:40:15
| train          | F: 260000 | S: 130000 | E: 260 | L: 1000 | R: 351.2026 | BS: 130000 | FPS: 124.1755 | T: 0:40:23
| eval           | F: 260000 | S: 130000 | E: 260 | L: 1000 | R: 338.9473 | T: 0:40:23
| train          | F: 261000 | S: 130500 | E: 261 | L: 1000 | R: 305.2616 | BS: 130500 | FPS: 39.6843 | T: 0:40:48
| train          | F: 262000 | S: 131000 | E: 262 | L: 1000 | R: 325.8476 | BS: 131000 | FPS: 137.0958 | T: 0:40:55
| train          | F: 263000 | S: 131500 | E: 263 | L: 1000 | R: 333.2692 | BS: 131500 | FPS: 133.7067 | T: 0:41:03
| train          | F: 264000 | S: 132000 | E: 264 | L: 1000 | R: 294.2903 | BS: 132000 | FPS: 133.6856 | T: 0:41:10
| train          | F: 265000 | S: 132500 | E: 265 | L: 1000 | R: 346.1538 | BS: 132500 | FPS: 131.2471 | T: 0:41:18
| train          | F: 266000 | S: 133000 | E: 266 | L: 1000 | R: 360.4241 | BS: 133000 | FPS: 133.9050 | T: 0:41:25
| train          | F: 267000 | S: 133500 | E: 267 | L: 1000 | R: 302.0923 | BS: 133500 | FPS: 133.3995 | T: 0:41:33
| train          | F: 268000 | S: 134000 | E: 268 | L: 1000 | R: 304.6619 | BS: 134000 | FPS: 133.0720 | T: 0:41:40
| train          | F: 269000 | S: 134500 | E: 269 | L: 1000 | R: 397.6606 | BS: 134500 | FPS: 135.1277 | T: 0:41:48
| train          | F: 270000 | S: 135000 | E: 270 | L: 1000 | R: 425.7990 | BS: 135000 | FPS: 128.7727 | T: 0:41:55
| eval           | F: 270000 | S: 135000 | E: 270 | L: 1000 | R: 335.8647 | T: 0:41:55
| train          | F: 271000 | S: 135500 | E: 271 | L: 1000 | R: 338.2021 | BS: 135500 | FPS: 35.0070 | T: 0:42:24
| train          | F: 272000 | S: 136000 | E: 272 | L: 1000 | R: 357.4100 | BS: 136000 | FPS: 127.7962 | T: 0:42:32
| train          | F: 273000 | S: 136500 | E: 273 | L: 1000 | R: 392.2020 | BS: 136500 | FPS: 128.5519 | T: 0:42:40
| train          | F: 274000 | S: 137000 | E: 274 | L: 1000 | R: 361.1347 | BS: 137000 | FPS: 129.0718 | T: 0:42:47
| train          | F: 275000 | S: 137500 | E: 275 | L: 1000 | R: 422.7100 | BS: 137500 | FPS: 127.0269 | T: 0:42:55
| train          | F: 276000 | S: 138000 | E: 276 | L: 1000 | R: 452.5891 | BS: 138000 | FPS: 122.2892 | T: 0:43:03
| train          | F: 277000 | S: 138500 | E: 277 | L: 1000 | R: 331.8965 | BS: 138500 | FPS: 121.9649 | T: 0:43:12
| train          | F: 278000 | S: 139000 | E: 278 | L: 1000 | R: 432.0957 | BS: 139000 | FPS: 121.9442 | T: 0:43:20
| train          | F: 279000 | S: 139500 | E: 279 | L: 1000 | R: 381.2884 | BS: 139500 | FPS: 129.9326 | T: 0:43:28
| train          | F: 280000 | S: 140000 | E: 280 | L: 1000 | R: 340.9130 | BS: 140000 | FPS: 131.1901 | T: 0:43:35
| eval           | F: 280000 | S: 140000 | E: 280 | L: 1000 | R: 380.0577 | T: 0:43:35
| train          | F: 281000 | S: 140500 | E: 281 | L: 1000 | R: 276.4370 | BS: 140500 | FPS: 40.5182 | T: 0:44:00
| train          | F: 282000 | S: 141000 | E: 282 | L: 1000 | R: 357.1640 | BS: 141000 | FPS: 132.3909 | T: 0:44:07
| train          | F: 283000 | S: 141500 | E: 283 | L: 1000 | R: 424.7793 | BS: 141500 | FPS: 126.6943 | T: 0:44:15
| train          | F: 284000 | S: 142000 | E: 284 | L: 1000 | R: 380.9334 | BS: 142000 | FPS: 133.5926 | T: 0:44:23
| train          | F: 285000 | S: 142500 | E: 285 | L: 1000 | R: 351.2596 | BS: 142500 | FPS: 130.4462 | T: 0:44:30
| train          | F: 286000 | S: 143000 | E: 286 | L: 1000 | R: 407.0002 | BS: 143000 | FPS: 131.5915 | T: 0:44:38
| train          | F: 287000 | S: 143500 | E: 287 | L: 1000 | R: 423.3195 | BS: 143500 | FPS: 130.0476 | T: 0:44:46
| train          | F: 288000 | S: 144000 | E: 288 | L: 1000 | R: 335.6898 | BS: 144000 | FPS: 135.8050 | T: 0:44:53
| train          | F: 289000 | S: 144500 | E: 289 | L: 1000 | R: 357.3191 | BS: 144500 | FPS: 130.5181 | T: 0:45:01
| train          | F: 290000 | S: 145000 | E: 290 | L: 1000 | R: 397.1093 | BS: 145000 | FPS: 131.8738 | T: 0:45:08
| eval           | F: 290000 | S: 145000 | E: 290 | L: 1000 | R: 349.6947 | T: 0:45:08
| train          | F: 291000 | S: 145500 | E: 291 | L: 1000 | R: 433.4594 | BS: 145500 | FPS: 35.6266 | T: 0:45:36
| train          | F: 292000 | S: 146000 | E: 292 | L: 1000 | R: 400.9396 | BS: 146000 | FPS: 139.8464 | T: 0:45:44
| train          | F: 293000 | S: 146500 | E: 293 | L: 1000 | R: 339.9860 | BS: 146500 | FPS: 136.3604 | T: 0:45:51
| train          | F: 294000 | S: 147000 | E: 294 | L: 1000 | R: 0.0000 | BS: 147000 | FPS: 136.9343 | T: 0:45:58
| train          | F: 295000 | S: 147500 | E: 295 | L: 1000 | R: 317.8188 | BS: 147500 | FPS: 135.3788 | T: 0:46:06
| train          | F: 296000 | S: 148000 | E: 296 | L: 1000 | R: 337.0413 | BS: 148000 | FPS: 131.9575 | T: 0:46:13
| train          | F: 297000 | S: 148500 | E: 297 | L: 1000 | R: 232.3439 | BS: 148500 | FPS: 133.6678 | T: 0:46:21
| train          | F: 298000 | S: 149000 | E: 298 | L: 1000 | R: 367.9112 | BS: 149000 | FPS: 133.2581 | T: 0:46:28
| train          | F: 299000 | S: 149500 | E: 299 | L: 1000 | R: 335.8215 | BS: 149500 | FPS: 134.7002 | T: 0:46:36
| train          | F: 300000 | S: 150000 | E: 300 | L: 1000 | R: 443.6228 | BS: 150000 | FPS: 133.8514 | T: 0:46:43
| eval           | F: 300000 | S: 150000 | E: 300 | L: 1000 | R: 341.8139 | T: 0:46:43
| train          | F: 301000 | S: 150500 | E: 301 | L: 1000 | R: 413.9969 | BS: 150500 | FPS: 39.2648 | T: 0:47:08
| train          | F: 302000 | S: 151000 | E: 302 | L: 1000 | R: 418.5493 | BS: 151000 | FPS: 134.6636 | T: 0:47:16
| train          | F: 303000 | S: 151500 | E: 303 | L: 1000 | R: 487.5118 | BS: 151500 | FPS: 135.1010 | T: 0:47:23
| train          | F: 304000 | S: 152000 | E: 304 | L: 1000 | R: 356.2423 | BS: 152000 | FPS: 133.4577 | T: 0:47:31
| train          | F: 305000 | S: 152500 | E: 305 | L: 1000 | R: 434.5965 | BS: 152500 | FPS: 135.9803 | T: 0:47:38
| train          | F: 306000 | S: 153000 | E: 306 | L: 1000 | R: 0.0000 | BS: 153000 | FPS: 137.0362 | T: 0:47:45
| train          | F: 307000 | S: 153500 | E: 307 | L: 1000 | R: 445.4919 | BS: 153500 | FPS: 132.3291 | T: 0:47:53
| train          | F: 308000 | S: 154000 | E: 308 | L: 1000 | R: 326.1730 | BS: 154000 | FPS: 131.2291 | T: 0:48:01
| train          | F: 309000 | S: 154500 | E: 309 | L: 1000 | R: 421.4694 | BS: 154500 | FPS: 130.2141 | T: 0:48:08
| train          | F: 310000 | S: 155000 | E: 310 | L: 1000 | R: 362.2391 | BS: 155000 | FPS: 130.7501 | T: 0:48:16
| eval           | F: 310000 | S: 155000 | E: 310 | L: 1000 | R: 417.2032 | T: 0:48:16
| train          | F: 311000 | S: 155500 | E: 311 | L: 1000 | R: 403.6418 | BS: 155500 | FPS: 35.3829 | T: 0:48:44
| train          | F: 312000 | S: 156000 | E: 312 | L: 1000 | R: 351.5167 | BS: 156000 | FPS: 130.2876 | T: 0:48:52
| train          | F: 313000 | S: 156500 | E: 313 | L: 1000 | R: 258.7233 | BS: 156500 | FPS: 125.6223 | T: 0:49:00
| train          | F: 314000 | S: 157000 | E: 314 | L: 1000 | R: 376.0818 | BS: 157000 | FPS: 128.0610 | T: 0:49:08
| train          | F: 315000 | S: 157500 | E: 315 | L: 1000 | R: 239.7726 | BS: 157500 | FPS: 125.9561 | T: 0:49:16
| train          | F: 316000 | S: 158000 | E: 316 | L: 1000 | R: 429.7791 | BS: 158000 | FPS: 128.3043 | T: 0:49:23
| train          | F: 317000 | S: 158500 | E: 317 | L: 1000 | R: 326.4447 | BS: 158500 | FPS: 128.0856 | T: 0:49:31
| train          | F: 318000 | S: 159000 | E: 318 | L: 1000 | R: 400.8212 | BS: 159000 | FPS: 133.7838 | T: 0:49:39
| train          | F: 319000 | S: 159500 | E: 319 | L: 1000 | R: 453.2647 | BS: 159500 | FPS: 127.9236 | T: 0:49:47
| train          | F: 320000 | S: 160000 | E: 320 | L: 1000 | R: 356.7642 | BS: 160000 | FPS: 130.1645 | T: 0:49:54
| eval           | F: 320000 | S: 160000 | E: 320 | L: 1000 | R: 370.0298 | T: 0:49:54
| train          | F: 321000 | S: 160500 | E: 321 | L: 1000 | R: 346.1061 | BS: 160500 | FPS: 40.2287 | T: 0:50:19
| train          | F: 322000 | S: 161000 | E: 322 | L: 1000 | R: 385.6542 | BS: 161000 | FPS: 139.1241 | T: 0:50:26
| train          | F: 323000 | S: 161500 | E: 323 | L: 1000 | R: 422.7199 | BS: 161500 | FPS: 131.1889 | T: 0:50:34
| train          | F: 324000 | S: 162000 | E: 324 | L: 1000 | R: 405.3855 | BS: 162000 | FPS: 123.1310 | T: 0:50:42
| train          | F: 325000 | S: 162500 | E: 325 | L: 1000 | R: 440.7047 | BS: 162500 | FPS: 123.4072 | T: 0:50:50
| train          | F: 326000 | S: 163000 | E: 326 | L: 1000 | R: 434.4323 | BS: 163000 | FPS: 124.4616 | T: 0:50:58
| train          | F: 327000 | S: 163500 | E: 327 | L: 1000 | R: 456.2254 | BS: 163500 | FPS: 127.3367 | T: 0:51:06
| train          | F: 328000 | S: 164000 | E: 328 | L: 1000 | R: 417.9842 | BS: 164000 | FPS: 127.1280 | T: 0:51:14
| train          | F: 329000 | S: 164500 | E: 329 | L: 1000 | R: 420.0861 | BS: 164500 | FPS: 136.0693 | T: 0:51:21
| train          | F: 330000 | S: 165000 | E: 330 | L: 1000 | R: 398.6832 | BS: 165000 | FPS: 128.7793 | T: 0:51:29
| eval           | F: 330000 | S: 165000 | E: 330 | L: 1000 | R: 404.4979 | T: 0:51:29
| train          | F: 331000 | S: 165500 | E: 331 | L: 1000 | R: 395.7757 | BS: 165500 | FPS: 36.4261 | T: 0:51:56
| train          | F: 332000 | S: 166000 | E: 332 | L: 1000 | R: 395.9369 | BS: 166000 | FPS: 139.3755 | T: 0:52:04
| train          | F: 333000 | S: 166500 | E: 333 | L: 1000 | R: 419.2743 | BS: 166500 | FPS: 139.4726 | T: 0:52:11
| train          | F: 334000 | S: 167000 | E: 334 | L: 1000 | R: 404.5696 | BS: 167000 | FPS: 134.0906 | T: 0:52:18
| train          | F: 335000 | S: 167500 | E: 335 | L: 1000 | R: 353.3916 | BS: 167500 | FPS: 126.3460 | T: 0:52:26
| train          | F: 336000 | S: 168000 | E: 336 | L: 1000 | R: 409.1798 | BS: 168000 | FPS: 130.6525 | T: 0:52:34
| train          | F: 337000 | S: 168500 | E: 337 | L: 1000 | R: 406.6341 | BS: 168500 | FPS: 126.0386 | T: 0:52:42
| train          | F: 338000 | S: 169000 | E: 338 | L: 1000 | R: 388.6239 | BS: 169000 | FPS: 124.6417 | T: 0:52:50
| train          | F: 339000 | S: 169500 | E: 339 | L: 1000 | R: 410.0500 | BS: 169500 | FPS: 131.9121 | T: 0:52:57
| train          | F: 340000 | S: 170000 | E: 340 | L: 1000 | R: 349.9223 | BS: 170000 | FPS: 126.4036 | T: 0:53:05
| eval           | F: 340000 | S: 170000 | E: 340 | L: 1000 | R: 414.2870 | T: 0:53:05
| train          | F: 341000 | S: 170500 | E: 341 | L: 1000 | R: 392.7050 | BS: 170500 | FPS: 39.8560 | T: 0:53:30
| train          | F: 342000 | S: 171000 | E: 342 | L: 1000 | R: 410.3513 | BS: 171000 | FPS: 132.1691 | T: 0:53:38
| train          | F: 343000 | S: 171500 | E: 343 | L: 1000 | R: 425.0699 | BS: 171500 | FPS: 133.6341 | T: 0:53:45
| train          | F: 344000 | S: 172000 | E: 344 | L: 1000 | R: 366.8180 | BS: 172000 | FPS: 135.0376 | T: 0:53:53
| train          | F: 345000 | S: 172500 | E: 345 | L: 1000 | R: 411.4824 | BS: 172500 | FPS: 133.1463 | T: 0:54:00
| train          | F: 346000 | S: 173000 | E: 346 | L: 1000 | R: 417.9760 | BS: 173000 | FPS: 130.3104 | T: 0:54:08
| train          | F: 347000 | S: 173500 | E: 347 | L: 1000 | R: 413.0071 | BS: 173500 | FPS: 130.4089 | T: 0:54:16
| train          | F: 348000 | S: 174000 | E: 348 | L: 1000 | R: 418.3456 | BS: 174000 | FPS: 133.4469 | T: 0:54:23
| train          | F: 349000 | S: 174500 | E: 349 | L: 1000 | R: 413.8621 | BS: 174500 | FPS: 124.0404 | T: 0:54:31
| train          | F: 350000 | S: 175000 | E: 350 | L: 1000 | R: 420.5836 | BS: 175000 | FPS: 128.5155 | T: 0:54:39
| eval           | F: 350000 | S: 175000 | E: 350 | L: 1000 | R: 360.2869 | T: 0:54:39
| train          | F: 351000 | S: 175500 | E: 351 | L: 1000 | R: 446.7695 | BS: 175500 | FPS: 35.4076 | T: 0:55:07
| train          | F: 352000 | S: 176000 | E: 352 | L: 1000 | R: 0.0000 | BS: 176000 | FPS: 139.7500 | T: 0:55:14
| train          | F: 353000 | S: 176500 | E: 353 | L: 1000 | R: 434.5179 | BS: 176500 | FPS: 136.3285 | T: 0:55:22
| train          | F: 354000 | S: 177000 | E: 354 | L: 1000 | R: 428.5092 | BS: 177000 | FPS: 137.1275 | T: 0:55:29
| train          | F: 355000 | S: 177500 | E: 355 | L: 1000 | R: 431.2594 | BS: 177500 | FPS: 127.5548 | T: 0:55:37
| train          | F: 356000 | S: 178000 | E: 356 | L: 1000 | R: 443.7744 | BS: 178000 | FPS: 134.7646 | T: 0:55:44
| train          | F: 357000 | S: 178500 | E: 357 | L: 1000 | R: 417.1966 | BS: 178500 | FPS: 135.2313 | T: 0:55:52
| train          | F: 358000 | S: 179000 | E: 358 | L: 1000 | R: 0.0000 | BS: 179000 | FPS: 136.6831 | T: 0:55:59
| train          | F: 359000 | S: 179500 | E: 359 | L: 1000 | R: 447.1972 | BS: 179500 | FPS: 134.0949 | T: 0:56:06
| train          | F: 360000 | S: 180000 | E: 360 | L: 1000 | R: 415.2114 | BS: 180000 | FPS: 120.1575 | T: 0:56:15
| eval           | F: 360000 | S: 180000 | E: 360 | L: 1000 | R: 393.1504 | T: 0:56:15
| train          | F: 361000 | S: 180500 | E: 361 | L: 1000 | R: 443.9072 | BS: 180500 | FPS: 34.8081 | T: 0:56:43
| train          | F: 362000 | S: 181000 | E: 362 | L: 1000 | R: 400.6661 | BS: 181000 | FPS: 126.9322 | T: 0:56:51
| train          | F: 363000 | S: 181500 | E: 363 | L: 1000 | R: 370.8649 | BS: 181500 | FPS: 128.7803 | T: 0:56:59
| train          | F: 364000 | S: 182000 | E: 364 | L: 1000 | R: 374.7298 | BS: 182000 | FPS: 130.0339 | T: 0:57:07
| train          | F: 365000 | S: 182500 | E: 365 | L: 1000 | R: 389.5429 | BS: 182500 | FPS: 136.0588 | T: 0:57:14
| train          | F: 366000 | S: 183000 | E: 366 | L: 1000 | R: 394.7109 | BS: 183000 | FPS: 125.1885 | T: 0:57:22
| train          | F: 367000 | S: 183500 | E: 367 | L: 1000 | R: 433.0965 | BS: 183500 | FPS: 128.4704 | T: 0:57:30
| train          | F: 368000 | S: 184000 | E: 368 | L: 1000 | R: 416.2478 | BS: 184000 | FPS: 130.1519 | T: 0:57:38
| train          | F: 369000 | S: 184500 | E: 369 | L: 1000 | R: 452.2760 | BS: 184500 | FPS: 122.6551 | T: 0:57:46
| train          | F: 370000 | S: 185000 | E: 370 | L: 1000 | R: 464.3076 | BS: 185000 | FPS: 130.4770 | T: 0:57:53
| eval           | F: 370000 | S: 185000 | E: 370 | L: 1000 | R: 407.0801 | T: 0:57:53
| train          | F: 371000 | S: 185500 | E: 371 | L: 1000 | R: 453.9641 | BS: 185500 | FPS: 40.6805 | T: 0:58:18
| train          | F: 372000 | S: 186000 | E: 372 | L: 1000 | R: 499.2159 | BS: 186000 | FPS: 137.5232 | T: 0:58:25
| train          | F: 373000 | S: 186500 | E: 373 | L: 1000 | R: 392.0434 | BS: 186500 | FPS: 136.6643 | T: 0:58:33
| train          | F: 374000 | S: 187000 | E: 374 | L: 1000 | R: 426.5776 | BS: 187000 | FPS: 134.7716 | T: 0:58:40
| train          | F: 375000 | S: 187500 | E: 375 | L: 1000 | R: 461.8108 | BS: 187500 | FPS: 133.5435 | T: 0:58:47
| train          | F: 376000 | S: 188000 | E: 376 | L: 1000 | R: 445.0086 | BS: 188000 | FPS: 136.5485 | T: 0:58:55
| train          | F: 377000 | S: 188500 | E: 377 | L: 1000 | R: 448.6493 | BS: 188500 | FPS: 134.6789 | T: 0:59:02
| train          | F: 378000 | S: 189000 | E: 378 | L: 1000 | R: 430.5622 | BS: 189000 | FPS: 133.2805 | T: 0:59:10
| train          | F: 379000 | S: 189500 | E: 379 | L: 1000 | R: 468.7902 | BS: 189500 | FPS: 131.9452 | T: 0:59:17
| train          | F: 380000 | S: 190000 | E: 380 | L: 1000 | R: 444.5814 | BS: 190000 | FPS: 134.4895 | T: 0:59:25
| eval           | F: 380000 | S: 190000 | E: 380 | L: 1000 | R: 400.0328 | T: 0:59:25
| train          | F: 381000 | S: 190500 | E: 381 | L: 1000 | R: 393.3167 | BS: 190500 | FPS: 35.5747 | T: 0:59:53
| train          | F: 382000 | S: 191000 | E: 382 | L: 1000 | R: 465.8857 | BS: 191000 | FPS: 123.6548 | T: 1:00:01
| train          | F: 383000 | S: 191500 | E: 383 | L: 1000 | R: 451.4807 | BS: 191500 | FPS: 125.1814 | T: 1:00:09
| train          | F: 384000 | S: 192000 | E: 384 | L: 1000 | R: 407.2555 | BS: 192000 | FPS: 123.8904 | T: 1:00:17
| train          | F: 385000 | S: 192500 | E: 385 | L: 1000 | R: 436.7030 | BS: 192500 | FPS: 129.9837 | T: 1:00:25
| train          | F: 386000 | S: 193000 | E: 386 | L: 1000 | R: 406.9564 | BS: 193000 | FPS: 133.0549 | T: 1:00:32
| train          | F: 387000 | S: 193500 | E: 387 | L: 1000 | R: 437.7946 | BS: 193500 | FPS: 124.4427 | T: 1:00:40
| train          | F: 388000 | S: 194000 | E: 388 | L: 1000 | R: 481.2844 | BS: 194000 | FPS: 127.0220 | T: 1:00:48
| train          | F: 389000 | S: 194500 | E: 389 | L: 1000 | R: 380.0549 | BS: 194500 | FPS: 119.0218 | T: 1:00:57
| train          | F: 390000 | S: 195000 | E: 390 | L: 1000 | R: 432.3074 | BS: 195000 | FPS: 123.0958 | T: 1:01:05
| eval           | F: 390000 | S: 195000 | E: 390 | L: 1000 | R: 360.3098 | T: 1:01:05
| train          | F: 391000 | S: 195500 | E: 391 | L: 1000 | R: 401.9538 | BS: 195500 | FPS: 36.8394 | T: 1:01:32
| train          | F: 392000 | S: 196000 | E: 392 | L: 1000 | R: 496.1902 | BS: 196000 | FPS: 132.7542 | T: 1:01:39
| train          | F: 393000 | S: 196500 | E: 393 | L: 1000 | R: 442.3964 | BS: 196500 | FPS: 128.1272 | T: 1:01:47
| train          | F: 394000 | S: 197000 | E: 394 | L: 1000 | R: 325.8162 | BS: 197000 | FPS: 127.3882 | T: 1:01:55
| train          | F: 395000 | S: 197500 | E: 395 | L: 1000 | R: 410.8730 | BS: 197500 | FPS: 131.0319 | T: 1:02:03
| train          | F: 396000 | S: 198000 | E: 396 | L: 1000 | R: 475.7636 | BS: 198000 | FPS: 131.5198 | T: 1:02:10
| train          | F: 397000 | S: 198500 | E: 397 | L: 1000 | R: 403.6348 | BS: 198500 | FPS: 132.4932 | T: 1:02:18
| train          | F: 398000 | S: 199000 | E: 398 | L: 1000 | R: 438.3390 | BS: 199000 | FPS: 131.5871 | T: 1:02:25
| train          | F: 399000 | S: 199500 | E: 399 | L: 1000 | R: 453.3494 | BS: 199500 | FPS: 125.1482 | T: 1:02:33
| train          | F: 400000 | S: 200000 | E: 400 | L: 1000 | R: 461.1381 | BS: 200000 | FPS: 120.4014 | T: 1:02:42
| eval           | F: 400000 | S: 200000 | E: 400 | L: 1000 | R: 383.6380 | T: 1:02:42
| train          | F: 401000 | S: 200500 | E: 401 | L: 1000 | R: 431.7122 | BS: 200500 | FPS: 36.1348 | T: 1:03:09
| train          | F: 402000 | S: 201000 | E: 402 | L: 1000 | R: 435.7439 | BS: 201000 | FPS: 129.9203 | T: 1:03:17
| train          | F: 403000 | S: 201500 | E: 403 | L: 1000 | R: 401.8518 | BS: 201500 | FPS: 135.8262 | T: 1:03:24
| train          | F: 404000 | S: 202000 | E: 404 | L: 1000 | R: 458.9060 | BS: 202000 | FPS: 133.8245 | T: 1:03:32
| train          | F: 405000 | S: 202500 | E: 405 | L: 1000 | R: 404.8814 | BS: 202500 | FPS: 130.7445 | T: 1:03:40
| train          | F: 406000 | S: 203000 | E: 406 | L: 1000 | R: 438.9167 | BS: 203000 | FPS: 124.0605 | T: 1:03:48
| train          | F: 407000 | S: 203500 | E: 407 | L: 1000 | R: 456.5900 | BS: 203500 | FPS: 121.4905 | T: 1:03:56
| train          | F: 408000 | S: 204000 | E: 408 | L: 1000 | R: 430.3334 | BS: 204000 | FPS: 124.8003 | T: 1:04:04
| train          | F: 409000 | S: 204500 | E: 409 | L: 1000 | R: 379.3770 | BS: 204500 | FPS: 129.7123 | T: 1:04:12
| train          | F: 410000 | S: 205000 | E: 410 | L: 1000 | R: 427.0250 | BS: 205000 | FPS: 131.4140 | T: 1:04:19
| eval           | F: 410000 | S: 205000 | E: 410 | L: 1000 | R: 412.5966 | T: 1:04:19
| train          | F: 411000 | S: 205500 | E: 411 | L: 1000 | R: 392.0554 | BS: 205500 | FPS: 37.6145 | T: 1:04:46
| train          | F: 412000 | S: 206000 | E: 412 | L: 1000 | R: 437.6220 | BS: 206000 | FPS: 133.1336 | T: 1:04:53
| train          | F: 413000 | S: 206500 | E: 413 | L: 1000 | R: 395.7428 | BS: 206500 | FPS: 122.8438 | T: 1:05:01
| train          | F: 414000 | S: 207000 | E: 414 | L: 1000 | R: 402.4729 | BS: 207000 | FPS: 125.7667 | T: 1:05:09
| train          | F: 415000 | S: 207500 | E: 415 | L: 1000 | R: 343.0289 | BS: 207500 | FPS: 131.7118 | T: 1:05:17
| train          | F: 416000 | S: 208000 | E: 416 | L: 1000 | R: 381.3646 | BS: 208000 | FPS: 133.5285 | T: 1:05:24
| train          | F: 417000 | S: 208500 | E: 417 | L: 1000 | R: 424.6871 | BS: 208500 | FPS: 128.9684 | T: 1:05:32
| train          | F: 418000 | S: 209000 | E: 418 | L: 1000 | R: 413.9422 | BS: 209000 | FPS: 126.8017 | T: 1:05:40
| train          | F: 419000 | S: 209500 | E: 419 | L: 1000 | R: 399.5862 | BS: 209500 | FPS: 128.2296 | T: 1:05:48
| train          | F: 420000 | S: 210000 | E: 420 | L: 1000 | R: 429.3801 | BS: 210000 | FPS: 126.5728 | T: 1:05:56
| eval           | F: 420000 | S: 210000 | E: 420 | L: 1000 | R: 387.7334 | T: 1:05:56
| train          | F: 421000 | S: 210500 | E: 421 | L: 1000 | R: 471.8331 | BS: 210500 | FPS: 35.6194 | T: 1:06:24
| train          | F: 422000 | S: 211000 | E: 422 | L: 1000 | R: 403.1183 | BS: 211000 | FPS: 127.6696 | T: 1:06:32
| train          | F: 423000 | S: 211500 | E: 423 | L: 1000 | R: 427.1452 | BS: 211500 | FPS: 127.9420 | T: 1:06:39
| train          | F: 424000 | S: 212000 | E: 424 | L: 1000 | R: 422.8832 | BS: 212000 | FPS: 126.4849 | T: 1:06:47
| train          | F: 425000 | S: 212500 | E: 425 | L: 1000 | R: 477.4903 | BS: 212500 | FPS: 123.2813 | T: 1:06:56
| train          | F: 426000 | S: 213000 | E: 426 | L: 1000 | R: 482.9670 | BS: 213000 | FPS: 126.6008 | T: 1:07:03
| train          | F: 427000 | S: 213500 | E: 427 | L: 1000 | R: 448.0382 | BS: 213500 | FPS: 123.5270 | T: 1:07:11
| train          | F: 428000 | S: 214000 | E: 428 | L: 1000 | R: 447.2836 | BS: 214000 | FPS: 123.5925 | T: 1:07:20
| train          | F: 429000 | S: 214500 | E: 429 | L: 1000 | R: 432.5459 | BS: 214500 | FPS: 122.7560 | T: 1:07:28
| train          | F: 430000 | S: 215000 | E: 430 | L: 1000 | R: 401.7456 | BS: 215000 | FPS: 126.0133 | T: 1:07:36
| eval           | F: 430000 | S: 215000 | E: 430 | L: 1000 | R: 399.4807 | T: 1:07:36
| train          | F: 431000 | S: 215500 | E: 431 | L: 1000 | R: 478.4734 | BS: 215500 | FPS: 35.9252 | T: 1:08:04
| train          | F: 432000 | S: 216000 | E: 432 | L: 1000 | R: 434.9621 | BS: 216000 | FPS: 128.4150 | T: 1:08:11
| train          | F: 433000 | S: 216500 | E: 433 | L: 1000 | R: 447.0314 | BS: 216500 | FPS: 134.8556 | T: 1:08:19
| train          | F: 434000 | S: 217000 | E: 434 | L: 1000 | R: 421.7091 | BS: 217000 | FPS: 134.3807 | T: 1:08:26
| train          | F: 435000 | S: 217500 | E: 435 | L: 1000 | R: 472.6747 | BS: 217500 | FPS: 129.2597 | T: 1:08:34
| train          | F: 436000 | S: 218000 | E: 436 | L: 1000 | R: 421.0392 | BS: 218000 | FPS: 125.6481 | T: 1:08:42
| train          | F: 437000 | S: 218500 | E: 437 | L: 1000 | R: 454.0590 | BS: 218500 | FPS: 122.6934 | T: 1:08:50
| train          | F: 438000 | S: 219000 | E: 438 | L: 1000 | R: 414.5352 | BS: 219000 | FPS: 123.7985 | T: 1:08:58
| train          | F: 439000 | S: 219500 | E: 439 | L: 1000 | R: 454.1643 | BS: 219500 | FPS: 132.4212 | T: 1:09:06
| train          | F: 440000 | S: 220000 | E: 440 | L: 1000 | R: 471.3699 | BS: 220000 | FPS: 130.2335 | T: 1:09:13
| eval           | F: 440000 | S: 220000 | E: 440 | L: 1000 | R: 393.3804 | T: 1:09:13
| train          | F: 441000 | S: 220500 | E: 441 | L: 1000 | R: 459.4335 | BS: 220500 | FPS: 40.3086 | T: 1:09:38
| train          | F: 442000 | S: 221000 | E: 442 | L: 1000 | R: 461.9930 | BS: 221000 | FPS: 136.3381 | T: 1:09:45
| train          | F: 443000 | S: 221500 | E: 443 | L: 1000 | R: 450.3292 | BS: 221500 | FPS: 133.4710 | T: 1:09:53
| train          | F: 444000 | S: 222000 | E: 444 | L: 1000 | R: 463.9334 | BS: 222000 | FPS: 133.8478 | T: 1:10:00
| train          | F: 445000 | S: 222500 | E: 445 | L: 1000 | R: 388.7263 | BS: 222500 | FPS: 134.7527 | T: 1:10:08
| train          | F: 446000 | S: 223000 | E: 446 | L: 1000 | R: 421.2120 | BS: 223000 | FPS: 129.5594 | T: 1:10:16
| train          | F: 447000 | S: 223500 | E: 447 | L: 1000 | R: 449.0670 | BS: 223500 | FPS: 132.4611 | T: 1:10:23
| train          | F: 448000 | S: 224000 | E: 448 | L: 1000 | R: 412.6091 | BS: 224000 | FPS: 130.8287 | T: 1:10:31
| train          | F: 449000 | S: 224500 | E: 449 | L: 1000 | R: 507.6005 | BS: 224500 | FPS: 133.2562 | T: 1:10:38
| train          | F: 450000 | S: 225000 | E: 450 | L: 1000 | R: 439.0976 | BS: 225000 | FPS: 134.3343 | T: 1:10:46
| eval           | F: 450000 | S: 225000 | E: 450 | L: 1000 | R: 429.8214 | T: 1:10:46
| train          | F: 451000 | S: 225500 | E: 451 | L: 1000 | R: 456.0796 | BS: 225500 | FPS: 39.5886 | T: 1:11:11
| train          | F: 452000 | S: 226000 | E: 452 | L: 1000 | R: 460.8779 | BS: 226000 | FPS: 132.1710 | T: 1:11:19
| train          | F: 453000 | S: 226500 | E: 453 | L: 1000 | R: 473.0171 | BS: 226500 | FPS: 128.8676 | T: 1:11:26
| train          | F: 454000 | S: 227000 | E: 454 | L: 1000 | R: 476.3208 | BS: 227000 | FPS: 136.2178 | T: 1:11:34
| train          | F: 455000 | S: 227500 | E: 455 | L: 1000 | R: 468.9808 | BS: 227500 | FPS: 132.4172 | T: 1:11:41
| train          | F: 456000 | S: 228000 | E: 456 | L: 1000 | R: 466.2019 | BS: 228000 | FPS: 130.3500 | T: 1:11:49
| train          | F: 457000 | S: 228500 | E: 457 | L: 1000 | R: 472.6198 | BS: 228500 | FPS: 132.4344 | T: 1:11:56
| train          | F: 458000 | S: 229000 | E: 458 | L: 1000 | R: 431.2084 | BS: 229000 | FPS: 124.6273 | T: 1:12:04
| train          | F: 459000 | S: 229500 | E: 459 | L: 1000 | R: 472.6384 | BS: 229500 | FPS: 122.9778 | T: 1:12:13
| train          | F: 460000 | S: 230000 | E: 460 | L: 1000 | R: 463.7208 | BS: 230000 | FPS: 132.4597 | T: 1:12:20
| eval           | F: 460000 | S: 230000 | E: 460 | L: 1000 | R: 439.5551 | T: 1:12:20
| train          | F: 461000 | S: 230500 | E: 461 | L: 1000 | R: 499.2362 | BS: 230500 | FPS: 35.8070 | T: 1:12:48
| train          | F: 462000 | S: 231000 | E: 462 | L: 1000 | R: 458.8413 | BS: 231000 | FPS: 131.0145 | T: 1:12:56
| train          | F: 463000 | S: 231500 | E: 463 | L: 1000 | R: 472.5988 | BS: 231500 | FPS: 134.4576 | T: 1:13:03
| train          | F: 464000 | S: 232000 | E: 464 | L: 1000 | R: 415.6610 | BS: 232000 | FPS: 122.2817 | T: 1:13:11
| train          | F: 465000 | S: 232500 | E: 465 | L: 1000 | R: 497.3223 | BS: 232500 | FPS: 126.2710 | T: 1:13:19
| train          | F: 466000 | S: 233000 | E: 466 | L: 1000 | R: 465.0350 | BS: 233000 | FPS: 124.2265 | T: 1:13:27
| train          | F: 467000 | S: 233500 | E: 467 | L: 1000 | R: 455.5615 | BS: 233500 | FPS: 126.3462 | T: 1:13:35
| train          | F: 468000 | S: 234000 | E: 468 | L: 1000 | R: 439.3485 | BS: 234000 | FPS: 127.2807 | T: 1:13:43
| train          | F: 469000 | S: 234500 | E: 469 | L: 1000 | R: 442.7601 | BS: 234500 | FPS: 124.5703 | T: 1:13:51
| train          | F: 470000 | S: 235000 | E: 470 | L: 1000 | R: 428.4552 | BS: 235000 | FPS: 130.6706 | T: 1:13:59
| eval           | F: 470000 | S: 235000 | E: 470 | L: 1000 | R: 375.5929 | T: 1:13:59
| train          | F: 471000 | S: 235500 | E: 471 | L: 1000 | R: 447.9246 | BS: 235500 | FPS: 39.2480 | T: 1:14:24
| train          | F: 472000 | S: 236000 | E: 472 | L: 1000 | R: 475.0302 | BS: 236000 | FPS: 127.2544 | T: 1:14:32
| train          | F: 473000 | S: 236500 | E: 473 | L: 1000 | R: 470.9709 | BS: 236500 | FPS: 127.2879 | T: 1:14:40
| train          | F: 474000 | S: 237000 | E: 474 | L: 1000 | R: 484.5536 | BS: 237000 | FPS: 131.5739 | T: 1:14:47
| train          | F: 475000 | S: 237500 | E: 475 | L: 1000 | R: 493.8066 | BS: 237500 | FPS: 128.9474 | T: 1:14:55
| train          | F: 476000 | S: 238000 | E: 476 | L: 1000 | R: 436.0899 | BS: 238000 | FPS: 132.2021 | T: 1:15:03
| train          | F: 477000 | S: 238500 | E: 477 | L: 1000 | R: 461.3987 | BS: 238500 | FPS: 134.5844 | T: 1:15:10
| train          | F: 478000 | S: 239000 | E: 478 | L: 1000 | R: 519.7686 | BS: 239000 | FPS: 131.7067 | T: 1:15:18
| train          | F: 479000 | S: 239500 | E: 479 | L: 1000 | R: 482.9128 | BS: 239500 | FPS: 130.5982 | T: 1:15:25
| train          | F: 480000 | S: 240000 | E: 480 | L: 1000 | R: 0.0000 | BS: 240000 | FPS: 134.5159 | T: 1:15:33
| eval           | F: 480000 | S: 240000 | E: 480 | L: 1000 | R: 454.4782 | T: 1:15:33
| train          | F: 481000 | S: 240500 | E: 481 | L: 1000 | R: 502.5695 | BS: 240500 | FPS: 38.9174 | T: 1:15:59
| train          | F: 482000 | S: 241000 | E: 482 | L: 1000 | R: 518.2311 | BS: 241000 | FPS: 130.1879 | T: 1:16:06
| train          | F: 483000 | S: 241500 | E: 483 | L: 1000 | R: 533.0896 | BS: 241500 | FPS: 133.0942 | T: 1:16:14
| train          | F: 484000 | S: 242000 | E: 484 | L: 1000 | R: 493.9110 | BS: 242000 | FPS: 127.2301 | T: 1:16:22
| train          | F: 485000 | S: 242500 | E: 485 | L: 1000 | R: 444.5897 | BS: 242500 | FPS: 125.4670 | T: 1:16:30
| train          | F: 486000 | S: 243000 | E: 486 | L: 1000 | R: 443.2924 | BS: 243000 | FPS: 123.1437 | T: 1:16:38
| train          | F: 487000 | S: 243500 | E: 487 | L: 1000 | R: 440.0222 | BS: 243500 | FPS: 122.4901 | T: 1:16:46
| train          | F: 488000 | S: 244000 | E: 488 | L: 1000 | R: 492.9193 | BS: 244000 | FPS: 131.6739 | T: 1:16:54
| train          | F: 489000 | S: 244500 | E: 489 | L: 1000 | R: 481.9952 | BS: 244500 | FPS: 124.5264 | T: 1:17:02
| train          | F: 490000 | S: 245000 | E: 490 | L: 1000 | R: 478.1984 | BS: 245000 | FPS: 130.7790 | T: 1:17:09
| eval           | F: 490000 | S: 245000 | E: 490 | L: 1000 | R: 460.4285 | T: 1:17:09
| train          | F: 491000 | S: 245500 | E: 491 | L: 1000 | R: 511.9232 | BS: 245500 | FPS: 39.9881 | T: 1:17:34
| train          | F: 492000 | S: 246000 | E: 492 | L: 1000 | R: 524.8184 | BS: 246000 | FPS: 134.7283 | T: 1:17:42
| train          | F: 493000 | S: 246500 | E: 493 | L: 1000 | R: 486.1492 | BS: 246500 | FPS: 131.8774 | T: 1:17:49
| train          | F: 494000 | S: 247000 | E: 494 | L: 1000 | R: 495.4460 | BS: 247000 | FPS: 132.1817 | T: 1:17:57
| train          | F: 495000 | S: 247500 | E: 495 | L: 1000 | R: 494.7497 | BS: 247500 | FPS: 127.9622 | T: 1:18:05
| train          | F: 496000 | S: 248000 | E: 496 | L: 1000 | R: 435.8247 | BS: 248000 | FPS: 131.7337 | T: 1:18:12
| train          | F: 497000 | S: 248500 | E: 497 | L: 1000 | R: 482.5849 | BS: 248500 | FPS: 127.8177 | T: 1:18:20
| train          | F: 498000 | S: 249000 | E: 498 | L: 1000 | R: 533.4500 | BS: 249000 | FPS: 125.8005 | T: 1:18:28
| train          | F: 499000 | S: 249500 | E: 499 | L: 1000 | R: 445.8499 | BS: 249500 | FPS: 125.2297 | T: 1:18:36
| train          | F: 500000 | S: 250000 | E: 500 | L: 1000 | R: 504.7859 | BS: 250000 | FPS: 127.3008 | T: 1:18:44
| eval           | F: 500000 | S: 250000 | E: 500 | L: 1000 | R: 477.6508 | T: 1:18:44
| train          | F: 501000 | S: 250500 | E: 501 | L: 1000 | R: 460.4341 | BS: 250500 | FPS: 36.8278 | T: 1:19:11
| train          | F: 502000 | S: 251000 | E: 502 | L: 1000 | R: 474.2938 | BS: 251000 | FPS: 130.5396 | T: 1:19:19
| train          | F: 503000 | S: 251500 | E: 503 | L: 1000 | R: 470.6106 | BS: 251500 | FPS: 134.6725 | T: 1:19:26
| train          | F: 504000 | S: 252000 | E: 504 | L: 1000 | R: 476.2075 | BS: 252000 | FPS: 136.5199 | T: 1:19:33
| train          | F: 505000 | S: 252500 | E: 505 | L: 1000 | R: 506.0359 | BS: 252500 | FPS: 132.6095 | T: 1:19:41
| train          | F: 506000 | S: 253000 | E: 506 | L: 1000 | R: 501.7698 | BS: 253000 | FPS: 132.5537 | T: 1:19:48
| train          | F: 507000 | S: 253500 | E: 507 | L: 1000 | R: 492.9081 | BS: 253500 | FPS: 132.0200 | T: 1:19:56
| train          | F: 508000 | S: 254000 | E: 508 | L: 1000 | R: 497.6214 | BS: 254000 | FPS: 130.4277 | T: 1:20:04
| train          | F: 509000 | S: 254500 | E: 509 | L: 1000 | R: 520.8654 | BS: 254500 | FPS: 130.3486 | T: 1:20:11
