Gym has been unmaintained since 2022 and does not support NumPy 2.0 amongst other critical functionality.
Please upgrade to Gymnasium, the maintained drop-in replacement of Gym, or contact the authors of your software and request that they upgrade.
Users of this version of Gym should be able to simply replace 'import gym' with 'import gymnasium as gym' in the vast majority of cases.
See the migration guide at https://gymnasium.farama.org/introduction/migration_guide/ for additional information.
/workspace/learn-si2e/SI2E/SI2E_A2C/rl-starter-files/rl-starter-files/scripts/train.py --env MiniGrid-RedBlueDoors-6x6-v0 --model fastse-adapt-rbd-RedBlueDoors-6x6-s1 --frames 3000000 --use_batch --save-interval 0 --log-interval 500 --seed 1 --algo a2c --use_entropy_reward --use_value_condition --beta 0.005 --fast_se --beta_adaptive

Namespace(algo='a2c', env='MiniGrid-RedBlueDoors-6x6-v0', model='fastse-adapt-rbd-RedBlueDoors-6x6-s1', seed=1, log_interval=500, save_interval=0, procs=16, frames=3000000, epochs=4, batch_size=256, frames_per_proc=None, discount=0.99, lr=0.001, gae_lambda=0.95, entropy_coef=0.01, value_loss_coef=0.5, max_grad_norm=0.5, optim_eps=1e-08, optim_alpha=0.99, clip_eps=0.2, recurrence=1, text=False, use_entropy_reward=True, use_value_condition=True, beta=0.005, beta_adaptive=True, fast_se=True, cluster_method='kmeans', use_batch=True, ablation=None, mem=False)

Device: cuda:0

Environments loaded

Training status loaded

Observations preprocessor loaded
Model loaded

ACModel(
  (image_conv): Sequential(
    (0): Conv2d(3, 16, kernel_size=(2, 2), stride=(1, 1))
    (1): ReLU()
    (2): MaxPool2d(kernel_size=(2, 2), stride=(2, 2), padding=0, dilation=1, ceil_mode=False)
    (3): Conv2d(16, 32, kernel_size=(2, 2), stride=(1, 1))
    (4): ReLU()
    (5): Conv2d(32, 64, kernel_size=(2, 2), stride=(1, 1))
    (6): ReLU()
  )
  (actor): Sequential(
    (0): Linear(in_features=64, out_features=64, bias=True)
    (1): Tanh()
    (2): Linear(in_features=64, out_features=7, bias=True)
  )
  (critic): Sequential(
    (0): Linear(in_features=64, out_features=64, bias=True)
    (1): Tanh()
    (2): Linear(in_features=64, out_features=1, bias=True)
  )
  (extr_critic): Sequential(
    (0): Linear(in_features=64, out_features=64, bias=True)
    (1): Tanh()
    (2): Linear(in_features=64, out_features=1, bias=True)
  )
)

Optimizer loaded

U 500 | F 064000 | FPS 1792 | D 38 | rR:μσmM 0.31 0.37 0.00 0.93 | F:μσmM 306.9 281.5 4.0 720.0 | H 1.844 | V -0.162 | pL -0.013 | vL 0.001 | ∇ 0.021
U 1000 | F 128000 | FPS 1442 | D 77 | rR:μσmM 0.31 0.40 0.00 0.94 | F:μσmM 68.4 81.7 3.0 296.0 | H 1.702 | V -0.054 | pL -0.016 | vL 0.001 | ∇ 0.027
U 1500 | F 192000 | FPS 1664 | D 116 | rR:μσmM 0.29 0.42 0.00 0.95 | F:μσmM 44.2 36.2 1.0 126.0 | H 1.725 | V -0.048 | pL -0.027 | vL 0.002 | ∇ 0.029
U 2000 | F 256000 | FPS 1666 | D 157 | rR:μσmM 0.06 0.21 0.00 0.89 | F:μσmM 28.1 24.6 1.0 90.0 | H 1.603 | V -0.069 | pL 0.073 | vL 0.034 | ∇ 0.164
U 2500 | F 320000 | FPS 1449 | D 197 | rR:μσmM 0.05 0.20 0.00 0.81 | F:μσmM 45.6 33.9 10.0 155.0 | H 1.663 | V -0.031 | pL -0.049 | vL 0.002 | ∇ 0.060
U 3000 | F 384000 | FPS 1546 | D 237 | rR:μσmM 0.35 0.45 0.00 0.97 | F:μσmM 38.0 28.2 3.0 124.0 | H 1.612 | V 0.049 | pL -0.024 | vL 0.012 | ∇ 0.047
U 3500 | F 448000 | FPS 1565 | D 277 | rR:μσmM 0.06 0.22 0.00 0.92 | F:μσmM 22.0 18.9 2.0 66.0 | H 1.490 | V 0.010 | pL -0.024 | vL 0.017 | ∇ 0.085
U 4000 | F 512000 | FPS 1173 | D 320 | rR:μσmM 0.06 0.23 0.00 0.96 | F:μσmM 22.9 18.9 3.0 73.0 | H 1.573 | V -0.020 | pL -0.029 | vL 0.014 | ∇ 0.040
U 4500 | F 576000 | FPS 1912 | D 362 | rR:μσmM 0.04 0.14 0.00 0.58 | F:μσmM 37.1 77.8 2.0 336.0 | H 1.518 | V -0.047 | pL 0.009 | vL 0.014 | ∇ 0.112
U 5000 | F 640000 | FPS 1674 | D 401 | rR:μσmM 0.12 0.32 0.00 0.98 | F:μσmM 11.5 6.0 1.0 22.0 | H 1.310 | V 0.130 | pL 0.030 | vL 0.060 | ∇ 0.227
U 5500 | F 704000 | FPS 1491 | D 440 | rR:μσmM 0.12 0.31 0.00 0.96 | F:μσmM 17.4 16.5 3.0 76.0 | H 1.412 | V 0.028 | pL 0.021 | vL 0.038 | ∇ 0.115
U 6000 | F 768000 | FPS 1476 | D 479 | rR:μσmM 0.34 0.45 0.00 0.97 | F:μσmM 32.4 50.2 3.0 216.0 | H 1.297 | V 0.209 | pL -0.026 | vL 0.045 | ∇ 0.141
U 6500 | F 832000 | FPS 1590 | D 517 | rR:μσmM 0.30 0.45 0.00 0.98 | F:μσmM 15.4 7.1 5.0 29.0 | H 1.221 | V 0.237 | pL -0.011 | vL 0.061 | ∇ 0.112
U 7000 | F 896000 | FPS 1723 | D 555 | rR:μσmM 0.42 0.48 0.00 0.98 | F:μσmM 25.9 10.8 6.0 47.0 | H 1.443 | V 0.282 | pL 0.047 | vL 0.066 | ∇ 0.160
U 7500 | F 960000 | FPS 1717 | D 593 | rR:μσmM 0.73 0.42 0.00 0.99 | F:μσmM 21.7 6.7 11.0 36.0 | H 1.094 | V 0.548 | pL 0.007 | vL 0.034 | ∇ 0.099
U 8000 | F 1024000 | FPS 1728 | D 632 | rR:μσmM 0.67 0.45 0.00 0.98 | F:μσmM 20.8 8.5 9.0 33.0 | H 1.308 | V 0.480 | pL 0.035 | vL 0.039 | ∇ 0.179
U 8500 | F 1088000 | FPS 1662 | D 671 | rR:μσmM 0.49 0.45 0.00 0.98 | F:μσmM 58.6 100.2 5.0 338.0 | H 1.420 | V 0.473 | pL 0.015 | vL 0.007 | ∇ 0.058
U 9000 | F 1152000 | FPS 1674 | D 710 | rR:μσmM 0.73 0.42 0.00 0.98 | F:μσmM 20.0 7.7 5.0 34.0 | H 1.254 | V 0.628 | pL -0.029 | vL 0.030 | ∇ 0.237
U 9500 | F 1216000 | FPS 1762 | D 749 | rR:μσmM 0.84 0.32 0.00 0.98 | F:μσmM 28.0 13.3 7.0 65.0 | H 1.246 | V 0.574 | pL 0.009 | vL 0.016 | ∇ 0.060
U 10000 | F 1280000 | FPS 1575 | D 788 | rR:μσmM 0.79 0.38 0.00 0.98 | F:μσmM 22.2 7.8 4.0 33.0 | H 1.114 | V 0.657 | pL 0.031 | vL 0.015 | ∇ 0.169
U 10500 | F 1344000 | FPS 1697 | D 827 | rR:μσmM 0.79 0.38 0.00 0.98 | F:μσmM 24.2 9.0 8.0 42.0 | H 1.357 | V 0.575 | pL -0.000 | vL 0.040 | ∇ 0.117
U 11000 | F 1408000 | FPS 1767 | D 865 | rR:μσmM 0.47 0.47 0.00 0.97 | F:μσmM 39.1 24.4 5.0 74.0 | H 1.687 | V 0.347 | pL -0.013 | vL 0.013 | ∇ 0.103
U 11500 | F 1472000 | FPS 1847 | D 904 | rR:μσmM 0.79 0.38 0.00 0.98 | F:μσmM 19.1 7.0 5.0 33.0 | H 1.329 | V 0.640 | pL 0.019 | vL 0.010 | ∇ 0.088
U 12000 | F 1536000 | FPS 1731 | D 943 | rR:μσmM 0.60 0.47 0.00 0.98 | F:μσmM 25.2 13.0 10.0 61.0 | H 1.527 | V 0.463 | pL -0.009 | vL 0.012 | ∇ 0.045
U 12500 | F 1600000 | FPS 1707 | D 982 | rR:μσmM 0.61 0.47 0.00 0.99 | F:μσmM 18.1 7.8 4.0 33.0 | H 1.297 | V 0.574 | pL -0.013 | vL 0.026 | ∇ 0.045
U 13000 | F 1664000 | FPS 1526 | D 1020 | rR:μσmM 0.78 0.38 0.00 0.98 | F:μσmM 24.2 9.6 1.0 41.0 | H 1.253 | V 0.614 | pL 0.026 | vL 0.022 | ∇ 0.061
U 13500 | F 1728000 | FPS 1606 | D 1059 | rR:μσmM 0.24 0.41 0.00 0.97 | F:μσmM 18.7 16.2 2.0 64.0 | H 1.439 | V 0.082 | pL 0.055 | vL 0.052 | ∇ 0.195
U 14000 | F 1792000 | FPS 1657 | D 1098 | rR:μσmM 0.67 0.45 0.00 0.97 | F:μσmM 20.9 8.3 6.0 33.0 | H 1.332 | V 0.626 | pL -0.002 | vL 0.009 | ∇ 0.046
U 14500 | F 1856000 | FPS 1707 | D 1138 | rR:μσmM 0.61 0.47 0.00 0.98 | F:μσmM 16.9 8.3 2.0 31.0 | H 1.304 | V 0.614 | pL -0.031 | vL 0.020 | ∇ 0.061
U 15000 | F 1920000 | FPS 1739 | D 1177 | rR:μσmM 0.72 0.42 0.00 0.98 | F:μσmM 21.8 11.2 1.0 42.0 | H 1.278 | V 0.618 | pL -0.045 | vL 0.049 | ∇ 0.102
U 15500 | F 1984000 | FPS 1607 | D 1216 | rR:μσmM 0.55 0.48 0.00 0.99 | F:μσmM 17.5 8.2 4.0 31.0 | H 1.106 | V 0.610 | pL -0.049 | vL 0.073 | ∇ 0.179
U 16000 | F 2048000 | FPS 1580 | D 1254 | rR:μσmM 0.67 0.45 0.00 0.98 | F:μσmM 16.8 8.5 2.0 31.0 | H 1.113 | V 0.732 | pL -0.004 | vL 0.052 | ∇ 0.082
U 16500 | F 2112000 | FPS 1499 | D 1293 | rR:μσmM 0.67 0.45 0.00 0.99 | F:μσmM 20.6 10.3 4.0 36.0 | H 1.259 | V 0.625 | pL 0.003 | vL 0.018 | ∇ 0.047
U 17000 | F 2176000 | FPS 1665 | D 1333 | rR:μσmM 0.61 0.47 0.00 0.98 | F:μσmM 16.6 9.1 2.0 36.0 | H 1.121 | V 0.614 | pL -0.037 | vL 0.033 | ∇ 0.168
U 17500 | F 2240000 | FPS 1750 | D 1373 | rR:μσmM 0.78 0.37 0.00 0.98 | F:μσmM 28.9 15.5 4.0 53.0 | H 1.379 | V 0.521 | pL -0.002 | vL 0.019 | ∇ 0.050
U 18000 | F 2304000 | FPS 1601 | D 1412 | rR:μσmM 0.72 0.42 0.00 0.98 | F:μσmM 26.1 13.4 6.0 52.0 | H 1.325 | V 0.583 | pL 0.042 | vL 0.035 | ∇ 0.116
U 18500 | F 2368000 | FPS 1527 | D 1452 | rR:μσmM 0.61 0.47 0.00 0.98 | F:μσmM 20.9 10.3 4.0 49.0 | H 1.337 | V 0.612 | pL -0.068 | vL 0.054 | ∇ 0.197
U 19000 | F 2432000 | FPS 1645 | D 1492 | rR:μσmM 0.79 0.38 0.00 0.98 | F:μσmM 19.8 8.3 3.0 33.0 | H 1.379 | V 0.619 | pL -0.030 | vL 0.006 | ∇ 0.053
U 19500 | F 2496000 | FPS 1799 | D 1531 | rR:μσmM 0.61 0.47 0.00 0.99 | F:μσmM 21.0 7.6 7.0 32.0 | H 1.392 | V 0.616 | pL -0.087 | vL 0.038 | ∇ 0.180
U 20000 | F 2560000 | FPS 1512 | D 1571 | rR:μσmM 0.84 0.32 0.00 0.98 | F:μσmM 26.9 9.9 8.0 43.0 | H 1.457 | V 0.632 | pL -0.001 | vL 0.003 | ∇ 0.039
U 20500 | F 2624000 | FPS 1798 | D 1611 | rR:μσmM 0.61 0.47 0.00 0.98 | F:μσmM 20.2 7.9 3.0 34.0 | H 1.301 | V 0.601 | pL -0.006 | vL 0.054 | ∇ 0.060
U 21000 | F 2688000 | FPS 1515 | D 1651 | rR:μσmM 0.54 0.48 0.00 0.98 | F:μσmM 25.2 12.8 2.0 49.0 | H 1.501 | V 0.468 | pL -0.032 | vL 0.030 | ∇ 0.077
U 21500 | F 2752000 | FPS 1533 | D 1691 | rR:μσmM 0.67 0.45 0.00 0.98 | F:μσmM 20.1 8.0 8.0 36.0 | H 1.287 | V 0.626 | pL -0.001 | vL 0.060 | ∇ 0.180
U 22000 | F 2816000 | FPS 1674 | D 1730 | rR:μσmM 0.78 0.38 0.00 0.98 | F:μσmM 25.4 10.0 8.0 51.0 | H 1.377 | V 0.557 | pL 0.010 | vL 0.013 | ∇ 0.057
U 22500 | F 2880000 | FPS 1665 | D 1770 | rR:μσmM 0.73 0.42 0.00 0.98 | F:μσmM 17.8 7.2 3.0 29.0 | H 1.279 | V 0.588 | pL 0.014 | vL 0.037 | ∇ 0.080
U 23000 | F 2944000 | FPS 1605 | D 1810 | rR:μσmM 0.79 0.38 0.00 0.98 | F:μσmM 20.2 6.5 6.0 32.0 | H 1.330 | V 0.673 | pL -0.006 | vL 0.017 | ∇ 0.032
Final model saved
