Gym has been unmaintained since 2022 and does not support NumPy 2.0 amongst other critical functionality.
Please upgrade to Gymnasium, the maintained drop-in replacement of Gym, or contact the authors of your software and request that they upgrade.
Users of this version of Gym should be able to simply replace 'import gym' with 'import gymnasium as gym' in the vast majority of cases.
See the migration guide at https://gymnasium.farama.org/introduction/migration_guide/ for additional information.
/workspace/learn-si2e/SI2E/SI2E_A2C/rl-starter-files/rl-starter-files/scripts/train.py --algo a2c --env MiniGrid-RedBlueDoors-6x6-v0 --model rb6-baseline-s1 --frames 3000000 --use_batch --save-interval 100 --log-interval 500 --seed 1

Namespace(algo='a2c', env='MiniGrid-RedBlueDoors-6x6-v0', model='rb6-baseline-s1', seed=1, log_interval=500, save_interval=100, procs=16, frames=3000000, epochs=4, batch_size=256, frames_per_proc=None, discount=0.99, lr=0.001, gae_lambda=0.95, entropy_coef=0.01, value_loss_coef=0.5, max_grad_norm=0.5, optim_eps=1e-08, optim_alpha=0.99, clip_eps=0.2, recurrence=1, text=False, use_entropy_reward=False, use_value_condition=False, beta=1e-05, use_batch=True, mem=False)

Device: cuda:0

Environments loaded

Training status loaded

Observations preprocessor loaded
Model loaded

ACModel(
  (image_conv): Sequential(
    (0): Conv2d(3, 16, kernel_size=(2, 2), stride=(1, 1))
    (1): ReLU()
    (2): MaxPool2d(kernel_size=(2, 2), stride=(2, 2), padding=0, dilation=1, ceil_mode=False)
    (3): Conv2d(16, 32, kernel_size=(2, 2), stride=(1, 1))
    (4): ReLU()
    (5): Conv2d(32, 64, kernel_size=(2, 2), stride=(1, 1))
    (6): ReLU()
  )
  (actor): Sequential(
    (0): Linear(in_features=64, out_features=64, bias=True)
    (1): Tanh()
    (2): Linear(in_features=64, out_features=7, bias=True)
  )
  (critic): Sequential(
    (0): Linear(in_features=64, out_features=64, bias=True)
    (1): Tanh()
    (2): Linear(in_features=64, out_features=1, bias=True)
  )
  (extr_critic): Sequential(
    (0): Linear(in_features=64, out_features=64, bias=True)
    (1): Tanh()
    (2): Linear(in_features=64, out_features=1, bias=True)
  )
)

Optimizer loaded

Status saved
Status saved
Status saved
Status saved
U 500 | F 064000 | FPS 2967 | D 25 | rR:μσmM 0.00 0.00 0.00 0.00 | F:μσmM 467.9 268.1 3.0 720.0 | H 1.945 | V 0.003 | pL -0.000 | vL 0.000 | ∇ 0.001
Status saved
Status saved
Status saved
Status saved
Status saved
U 1000 | F 128000 | FPS 2537 | D 50 | rR:μσmM 0.04 0.16 0.00 0.67 | F:μσmM 493.8 294.4 20.0 720.0 | H 1.945 | V 0.001 | pL 0.001 | vL 0.000 | ∇ 0.001
Status saved
Status saved
Status saved
Status saved
Status saved
U 1500 | F 192000 | FPS 2256 | D 75 | rR:μσmM 0.31 0.36 0.00 0.90 | F:μσmM 239.2 206.5 17.0 720.0 | H 1.932 | V 0.048 | pL -0.007 | vL 0.000 | ∇ 0.008
Status saved
Status saved
Status saved
Status saved
Status saved
U 2000 | F 256000 | FPS 2244 | D 100 | rR:μσmM 0.43 0.41 0.00 0.98 | F:μσmM 203.9 247.2 11.0 720.0 | H 1.878 | V 0.118 | pL 0.048 | vL 0.022 | ∇ 0.093
Status saved
Status saved
Status saved
Status saved
Status saved
U 2500 | F 320000 | FPS 2832 | D 124 | rR:μσmM 0.00 0.00 0.00 0.00 | F:μσmM 309.7 249.8 5.0 720.0 | H 1.942 | V 0.009 | pL -0.003 | vL 0.000 | ∇ 0.003
Status saved
Status saved
Status saved
Status saved
Status saved
U 3000 | F 384000 | FPS 2442 | D 149 | rR:μσmM 0.41 0.40 0.00 0.95 | F:μσmM 267.2 270.1 2.0 720.0 | H 1.846 | V 0.131 | pL -0.003 | vL 0.010 | ∇ 0.027
Status saved
Status saved
Status saved
Status saved
Status saved
U 3500 | F 448000 | FPS 1953 | D 175 | rR:μσmM 0.11 0.23 0.00 0.75 | F:μσmM 122.4 129.1 7.0 471.0 | H 1.924 | V 0.045 | pL -0.009 | vL 0.000 | ∇ 0.015
Status saved
Status saved
Status saved
Status saved
Status saved
U 4000 | F 512000 | FPS 2422 | D 201 | rR:μσmM 0.10 0.22 0.00 0.63 | F:μσmM 192.9 148.9 17.0 512.0 | H 1.923 | V 0.037 | pL -0.007 | vL 0.000 | ∇ 0.013
Status saved
Status saved
Status saved
Status saved
Status saved
U 4500 | F 576000 | FPS 2431 | D 227 | rR:μσmM 0.08 0.21 0.00 0.67 | F:μσmM 180.6 176.5 11.0 720.0 | H 1.943 | V 0.016 | pL -0.001 | vL 0.000 | ∇ 0.001
Status saved
Status saved
Status saved
Status saved
Status saved
U 5000 | F 640000 | FPS 2991 | D 252 | rR:μσmM 0.04 0.15 0.00 0.62 | F:μσmM 149.0 103.3 11.0 351.0 | H 1.933 | V 0.013 | pL 0.003 | vL 0.000 | ∇ 0.006
Status saved
Status saved
Status saved
Status saved
Status saved
U 5500 | F 704000 | FPS 2483 | D 278 | rR:μσmM 0.21 0.37 0.00 0.94 | F:μσmM 121.9 95.5 4.0 331.0 | H 1.933 | V 0.035 | pL 0.049 | vL 0.026 | ∇ 0.123
Status saved
Status saved
Status saved
Status saved
Status saved
U 6000 | F 768000 | FPS 2278 | D 304 | rR:μσmM 0.00 0.00 0.00 0.00 | F:μσmM 144.4 112.8 4.0 404.0 | H 1.943 | V 0.009 | pL -0.001 | vL 0.000 | ∇ 0.002
Status saved
Status saved
Status saved
Status saved
Status saved
U 6500 | F 832000 | FPS 2057 | D 330 | rR:μσmM 0.08 0.23 0.00 0.88 | F:μσmM 196.5 210.6 13.0 720.0 | H 1.849 | V 0.054 | pL -0.013 | vL 0.001 | ∇ 0.024
Status saved
Status saved
Status saved
Status saved
Status saved
U 7000 | F 896000 | FPS 3088 | D 356 | rR:μσmM 0.13 0.21 0.00 0.74 | F:μσmM 369.2 224.4 43.0 720.0 | H 1.928 | V 0.022 | pL 0.025 | vL 0.004 | ∇ 0.040
Status saved
Status saved
Status saved
Status saved
Status saved
U 7500 | F 960000 | FPS 2414 | D 382 | rR:μσmM 0.00 0.00 0.00 0.00 | F:μσmM 292.0 241.4 5.0 720.0 | H 1.943 | V -0.000 | pL 0.001 | vL 0.000 | ∇ 0.001
Status saved
Status saved
Status saved
Status saved
Status saved
U 8000 | F 1024000 | FPS 2863 | D 408 | rR:μσmM 0.14 0.29 0.00 0.86 | F:μσmM 172.4 223.2 4.0 720.0 | H 1.878 | V 0.063 | pL 0.011 | vL 0.002 | ∇ 0.015
Status saved
Status saved
Status saved
Status saved
Status saved
U 8500 | F 1088000 | FPS 2324 | D 435 | rR:μσmM 0.11 0.29 0.00 0.96 | F:μσmM 85.2 59.8 12.0 196.0 | H 1.936 | V 0.039 | pL -0.004 | vL 0.000 | ∇ 0.006
Status saved
Status saved
Status saved
Status saved
Status saved
U 9000 | F 1152000 | FPS 2349 | D 462 | rR:μσmM 0.07 0.19 0.00 0.73 | F:μσmM 140.0 131.0 4.0 508.0 | H 1.881 | V 0.018 | pL 0.024 | vL 0.013 | ∇ 0.106
Status saved
Status saved
Status saved
Status saved
Status saved
U 9500 | F 1216000 | FPS 2074 | D 488 | rR:μσmM 0.09 0.25 0.00 0.93 | F:μσmM 201.4 249.8 2.0 720.0 | H 1.902 | V 0.032 | pL 0.006 | vL 0.016 | ∇ 0.076
Status saved
Status saved
Status saved
Status saved
Status saved
U 10000 | F 1280000 | FPS 2363 | D 515 | rR:μσmM 0.00 0.00 0.00 0.00 | F:μσmM 382.1 268.3 3.0 720.0 | H 1.945 | V 0.002 | pL -0.001 | vL 0.000 | ∇ 0.001
Status saved
Status saved
Status saved
Status saved
Status saved
U 10500 | F 1344000 | FPS 2672 | D 542 | rR:μσmM 0.08 0.24 0.00 0.94 | F:μσmM 163.9 191.6 6.0 720.0 | H 1.932 | V 0.029 | pL -0.010 | vL 0.000 | ∇ 0.010
Status saved
Status saved
Status saved
Status saved
Status saved
U 11000 | F 1408000 | FPS 2250 | D 568 | rR:μσmM 0.11 0.28 0.00 0.89 | F:μσmM 169.8 188.2 4.0 720.0 | H 1.928 | V 0.028 | pL -0.007 | vL 0.000 | ∇ 0.006
Status saved
Status saved
Status saved
Status saved
Status saved
U 11500 | F 1472000 | FPS 2267 | D 596 | rR:μσmM 0.10 0.28 0.00 0.84 | F:μσmM 94.2 59.2 16.0 231.0 | H 1.925 | V 0.050 | pL -0.004 | vL 0.000 | ∇ 0.008
Status saved
Status saved
Status saved
Status saved
Status saved
U 12000 | F 1536000 | FPS 2357 | D 623 | rR:μσmM 0.31 0.37 0.00 0.87 | F:μσmM 156.6 125.3 6.0 503.0 | H 1.934 | V 0.054 | pL 0.005 | vL 0.000 | ∇ 0.007
Status saved
Status saved
Status saved
Status saved
Status saved
U 12500 | F 1600000 | FPS 2073 | D 650 | rR:μσmM 0.00 0.00 0.00 0.00 | F:μσmM 106.8 93.4 9.0 349.0 | H 1.928 | V 0.021 | pL -0.001 | vL 0.000 | ∇ 0.003
Status saved
Status saved
Status saved
Status saved
Status saved
U 13000 | F 1664000 | FPS 2141 | D 678 | rR:μσmM 0.06 0.24 0.00 0.98 | F:μσmM 173.3 222.2 18.0 720.0 | H 1.924 | V 0.034 | pL 0.000 | vL 0.000 | ∇ 0.003
Status saved
Status saved
Status saved
Status saved
Status saved
U 13500 | F 1728000 | FPS 1901 | D 705 | rR:μσmM 0.12 0.20 0.00 0.66 | F:μσmM 254.0 254.4 2.0 720.0 | H 1.937 | V 0.044 | pL -0.006 | vL 0.000 | ∇ 0.006
Status saved
Status saved
Status saved
Status saved
Status saved
U 14000 | F 1792000 | FPS 2337 | D 732 | rR:μσmM 0.09 0.24 0.00 0.75 | F:μσmM 121.7 108.9 5.0 363.0 | H 1.932 | V 0.041 | pL -0.005 | vL 0.000 | ∇ 0.004
Status saved
Status saved
Status saved
Status saved
Status saved
U 14500 | F 1856000 | FPS 2268 | D 759 | rR:μσmM 0.12 0.26 0.00 0.96 | F:μσmM 226.6 238.9 3.0 720.0 | H 1.928 | V 0.032 | pL 0.000 | vL 0.000 | ∇ 0.002
Status saved
Status saved
Status saved
Status saved
Status saved
U 15000 | F 1920000 | FPS 1913 | D 787 | rR:μσmM 0.02 0.07 0.00 0.31 | F:μσmM 238.2 212.0 17.0 720.0 | H 1.944 | V 0.013 | pL -0.001 | vL 0.000 | ∇ 0.001
Status saved
Status saved
Status saved
Status saved
Status saved
U 15500 | F 1984000 | FPS 2046 | D 814 | rR:μσmM 0.07 0.19 0.00 0.61 | F:μσmM 120.4 116.7 1.0 385.0 | H 1.940 | V 0.029 | pL -0.002 | vL 0.000 | ∇ 0.005
Status saved
Status saved
Status saved
Status saved
Status saved
U 16000 | F 2048000 | FPS 2866 | D 841 | rR:μσmM 0.05 0.21 0.00 0.86 | F:μσmM 114.6 88.4 4.0 359.0 | H 1.930 | V 0.017 | pL -0.001 | vL 0.000 | ∇ 0.001
Status saved
Status saved
Status saved
Status saved
Status saved
U 16500 | F 2112000 | FPS 1933 | D 869 | rR:μσmM 0.21 0.32 0.00 0.77 | F:μσmM 193.9 168.9 8.0 666.0 | H 1.926 | V 0.061 | pL -0.014 | vL 0.001 | ∇ 0.018
Status saved
Status saved
Status saved
Status saved
Status saved
U 17000 | F 2176000 | FPS 2320 | D 897 | rR:μσmM 0.04 0.14 0.00 0.56 | F:μσmM 184.4 229.5 3.0 720.0 | H 1.935 | V 0.037 | pL -0.005 | vL 0.000 | ∇ 0.005
Status saved
Status saved
Status saved
Status saved
Status saved
U 17500 | F 2240000 | FPS 2030 | D 924 | rR:μσmM 0.02 0.06 0.00 0.26 | F:μσmM 182.1 201.6 10.0 720.0 | H 1.915 | V 0.026 | pL -0.005 | vL 0.000 | ∇ 0.014
Status saved
Status saved
Status saved
Status saved
Status saved
U 18000 | F 2304000 | FPS 2725 | D 952 | rR:μσmM 0.01 0.03 0.00 0.11 | F:μσmM 230.8 237.4 5.0 714.0 | H 1.945 | V 0.016 | pL -0.002 | vL 0.000 | ∇ 0.002
Status saved
Status saved
Status saved
Status saved
Status saved
U 18500 | F 2368000 | FPS 2379 | D 980 | rR:μσmM 0.05 0.19 0.00 0.79 | F:μσmM 137.3 217.6 5.0 720.0 | H 1.938 | V 0.029 | pL -0.003 | vL 0.000 | ∇ 0.003
Status saved
Status saved
Status saved
Status saved
Status saved
U 19000 | F 2432000 | FPS 2236 | D 1007 | rR:μσmM 0.05 0.19 0.00 0.79 | F:μσmM 169.4 218.3 8.0 720.0 | H 1.906 | V 0.027 | pL -0.004 | vL 0.000 | ∇ 0.009
Status saved
Status saved
Status saved
Status saved
Status saved
U 19500 | F 2496000 | FPS 2232 | D 1035 | rR:μσmM 0.12 0.27 0.00 0.89 | F:μσmM 104.4 129.8 5.0 548.0 | H 1.938 | V 0.037 | pL 0.001 | vL 0.000 | ∇ 0.001
Status saved
Status saved
Status saved
Status saved
Status saved
U 20000 | F 2560000 | FPS 2233 | D 1062 | rR:μσmM 0.09 0.23 0.00 0.92 | F:μσmM 237.4 233.4 12.0 720.0 | H 1.940 | V 0.026 | pL 0.001 | vL 0.001 | ∇ 0.008
Status saved
Status saved
Status saved
Status saved
Status saved
U 20500 | F 2624000 | FPS 2013 | D 1090 | rR:μσmM 0.05 0.19 0.00 0.80 | F:μσmM 430.8 266.9 3.0 720.0 | H 1.942 | V 0.006 | pL -0.000 | vL 0.000 | ∇ 0.001
Status saved
Status saved
Status saved
Status saved
Status saved
U 21000 | F 2688000 | FPS 2952 | D 1117 | rR:μσmM 0.00 0.00 0.00 0.00 | F:μσmM 144.7 155.7 12.0 587.0 | H 1.934 | V 0.012 | pL -0.001 | vL 0.000 | ∇ 0.002
Status saved
Status saved
Status saved
Status saved
Status saved
U 21500 | F 2752000 | FPS 2231 | D 1145 | rR:μσmM 0.00 0.00 0.00 0.00 | F:μσmM 104.3 111.9 2.0 368.0 | H 1.943 | V 0.026 | pL -0.004 | vL 0.000 | ∇ 0.003
Status saved
Status saved
Status saved
Status saved
Status saved
U 22000 | F 2816000 | FPS 2206 | D 1172 | rR:μσmM 0.04 0.15 0.00 0.62 | F:μσmM 126.4 96.3 8.0 356.0 | H 1.942 | V 0.026 | pL 0.002 | vL 0.000 | ∇ 0.002
Status saved
Status saved
Status saved
Status saved
Status saved
U 22500 | F 2880000 | FPS 2695 | D 1200 | rR:μσmM 0.06 0.22 0.00 0.90 | F:μσmM 281.6 266.5 42.0 720.0 | H 1.937 | V 0.013 | pL 0.002 | vL 0.000 | ∇ 0.007
Status saved
Status saved
Status saved
Status saved
Status saved
U 23000 | F 2944000 | FPS 2555 | D 1227 | rR:μσmM 0.02 0.09 0.00 0.38 | F:μσmM 126.2 192.9 9.0 720.0 | H 1.929 | V 0.028 | pL -0.005 | vL 0.000 | ∇ 0.005
Status saved
Status saved
Status saved
Status saved
Status saved
