Gym has been unmaintained since 2022 and does not support NumPy 2.0 amongst other critical functionality.
Please upgrade to Gymnasium, the maintained drop-in replacement of Gym, or contact the authors of your software and request that they upgrade.
Users of this version of Gym should be able to simply replace 'import gym' with 'import gymnasium as gym' in the vast majority of cases.
See the migration guide at https://gymnasium.farama.org/introduction/migration_guide/ for additional information.
/workspace/learn-si2e/SI2E/SI2E_A2C/rl-starter-files/rl-starter-files/scripts/train.py --algo a2c --env MiniGrid-KeyCorridorS3R2-v0 --model kc-si2e-s2 --frames 3000000 --use_batch --save-interval 100 --log-interval 500 --seed 2 --use_entropy_reward --use_value_condition --beta 0.005

Namespace(algo='a2c', env='MiniGrid-KeyCorridorS3R2-v0', model='kc-si2e-s2', seed=2, log_interval=500, save_interval=100, procs=16, frames=3000000, epochs=4, batch_size=256, frames_per_proc=None, discount=0.99, lr=0.001, gae_lambda=0.95, entropy_coef=0.01, value_loss_coef=0.5, max_grad_norm=0.5, optim_eps=1e-08, optim_alpha=0.99, clip_eps=0.2, recurrence=1, text=False, use_entropy_reward=True, use_value_condition=True, beta=0.005, use_batch=True, mem=False)

Device: cuda:0

Environments loaded

Training status loaded

Observations preprocessor loaded
Model loaded

ACModel(
  (image_conv): Sequential(
    (0): Conv2d(3, 16, kernel_size=(2, 2), stride=(1, 1))
    (1): ReLU()
    (2): MaxPool2d(kernel_size=(2, 2), stride=(2, 2), padding=0, dilation=1, ceil_mode=False)
    (3): Conv2d(16, 32, kernel_size=(2, 2), stride=(1, 1))
    (4): ReLU()
    (5): Conv2d(32, 64, kernel_size=(2, 2), stride=(1, 1))
    (6): ReLU()
  )
  (actor): Sequential(
    (0): Linear(in_features=64, out_features=64, bias=True)
    (1): Tanh()
    (2): Linear(in_features=64, out_features=7, bias=True)
  )
  (critic): Sequential(
    (0): Linear(in_features=64, out_features=64, bias=True)
    (1): Tanh()
    (2): Linear(in_features=64, out_features=1, bias=True)
  )
  (extr_critic): Sequential(
    (0): Linear(in_features=64, out_features=64, bias=True)
    (1): Tanh()
    (2): Linear(in_features=64, out_features=1, bias=True)
  )
)

Optimizer loaded

Status saved
Status saved
Status saved
Status saved
U 500 | F 064000 | FPS 0287 | D 132 | rR:μσmM 0.00 0.00 0.00 0.00 | F:μσmM 270.0 0.0 270.0 270.0 | H 1.755 | V -0.417 | pL -0.016 | vL 0.001 | ∇ 0.017
Status saved
Status saved
Status saved
Status saved
Status saved
U 1000 | F 128000 | FPS 0499 | D 262 | rR:μσmM 0.00 0.00 0.00 0.00 | F:μσmM 270.0 0.0 270.0 270.0 | H 1.805 | V -0.382 | pL -0.023 | vL 0.001 | ∇ 0.019
Status saved
Status saved
Status saved
Status saved
Status saved
U 1500 | F 192000 | FPS 0546 | D 393 | rR:μσmM 0.03 0.11 0.00 0.45 | F:μσmM 263.5 25.2 166.0 270.0 | H 1.787 | V -0.316 | pL -0.017 | vL 0.001 | ∇ 0.014
Status saved
Status saved
Status saved
Status saved
Status saved
U 2000 | F 256000 | FPS 0466 | D 522 | rR:μσmM 0.00 0.00 0.00 0.00 | F:μσmM 270.0 0.0 270.0 270.0 | H 1.777 | V -0.327 | pL -0.017 | vL 0.001 | ∇ 0.014
Status saved
Status saved
Status saved
Status saved
Status saved
U 2500 | F 320000 | FPS 0461 | D 651 | rR:μσmM 0.00 0.00 0.00 0.00 | F:μσmM 270.0 0.0 270.0 270.0 | H 1.801 | V -0.285 | pL -0.027 | vL 0.001 | ∇ 0.025
Status saved
Status saved
Status saved
Status saved
Status saved
U 3000 | F 384000 | FPS 0516 | D 780 | rR:μσmM 0.02 0.08 0.00 0.32 | F:μσmM 265.9 15.7 205.0 270.0 | H 1.788 | V -0.342 | pL -0.027 | vL 0.002 | ∇ 0.027
Status saved
Status saved
Status saved
Status saved
Status saved
U 3500 | F 448000 | FPS 0558 | D 910 | rR:μσmM 0.00 0.00 0.00 0.00 | F:μσmM 270.0 0.0 270.0 270.0 | H 1.685 | V -0.312 | pL -0.020 | vL 0.001 | ∇ 0.023
Status saved
Status saved
Status saved
Status saved
Status saved
U 4000 | F 512000 | FPS 0559 | D 1041 | rR:μσmM 0.03 0.11 0.00 0.46 | F:μσmM 263.2 26.1 162.0 270.0 | H 1.778 | V -0.341 | pL -0.018 | vL 0.001 | ∇ 0.019
Status saved
Status saved
Status saved
Status saved
Status saved
U 4500 | F 576000 | FPS 0541 | D 1171 | rR:μσmM 0.00 0.00 0.00 0.00 | F:μσmM 270.0 0.0 270.0 270.0 | H 1.743 | V -0.340 | pL -0.004 | vL 0.000 | ∇ 0.012
Status saved
Status saved
Status saved
Status saved
Status saved
U 5000 | F 640000 | FPS 0511 | D 1305 | rR:μσmM 0.01 0.04 0.00 0.18 | F:μσmM 268.5 5.8 246.0 270.0 | H 1.774 | V -0.300 | pL -0.018 | vL 0.001 | ∇ 0.021
Status saved
Status saved
Status saved
Status saved
Status saved
U 5500 | F 704000 | FPS 0556 | D 1435 | rR:μσmM 0.02 0.09 0.00 0.38 | F:μσmM 264.8 20.1 187.0 270.0 | H 1.721 | V -0.257 | pL 0.006 | vL 0.000 | ∇ 0.011
Status saved
Status saved
Status saved
Status saved
Status saved
U 6000 | F 768000 | FPS 0468 | D 1566 | rR:μσmM 0.03 0.08 0.00 0.32 | F:μσmM 265.8 15.7 205.0 270.0 | H 1.794 | V -0.287 | pL -0.003 | vL 0.001 | ∇ 0.009
Status saved
Status saved
Status saved
Status saved
Status saved
U 6500 | F 832000 | FPS 0552 | D 1696 | rR:μσmM 0.03 0.13 0.00 0.52 | F:μσmM 262.1 30.5 144.0 270.0 | H 1.759 | V -0.288 | pL -0.010 | vL 0.000 | ∇ 0.010
Status saved
Status saved
Status saved
Status saved
Status saved
U 7000 | F 896000 | FPS 0538 | D 1827 | rR:μσmM 0.02 0.06 0.00 0.25 | F:μσmM 267.2 10.9 225.0 270.0 | H 1.824 | V -0.305 | pL -0.023 | vL 0.001 | ∇ 0.020
Status saved
Status saved
Status saved
Status saved
Status saved
U 7500 | F 960000 | FPS 0547 | D 1956 | rR:μσmM 0.02 0.07 0.00 0.30 | F:μσmM 266.3 14.3 211.0 270.0 | H 1.765 | V -0.269 | pL -0.018 | vL 0.001 | ∇ 0.016
Status saved
Status saved
Status saved
Status saved
Status saved
U 8000 | F 1024000 | FPS 0487 | D 2087 | rR:μσmM 0.09 0.19 0.00 0.58 | F:μσmM 248.7 47.0 127.0 270.0 | H 1.760 | V -0.300 | pL -0.002 | vL 0.000 | ∇ 0.017
Status saved
Status saved
Status saved
Status saved
Status saved
U 8500 | F 1088000 | FPS 0306 | D 2218 | rR:μσmM 0.00 0.00 0.00 0.00 | F:μσmM 270.0 0.0 270.0 270.0 | H 1.756 | V -0.278 | pL 0.009 | vL 0.003 | ∇ 0.037
Status saved
Status saved
Status saved
Status saved
Status saved
U 9000 | F 1152000 | FPS 0548 | D 2348 | rR:μσmM 0.03 0.12 0.00 0.50 | F:μσmM 262.6 28.8 151.0 270.0 | H 1.756 | V -0.270 | pL -0.006 | vL 0.003 | ∇ 0.020
Status saved
Status saved
Status saved
Status saved
Status saved
U 9500 | F 1216000 | FPS 0541 | D 2479 | rR:μσmM 0.09 0.20 0.00 0.66 | F:μσmM 247.4 50.1 101.0 270.0 | H 1.717 | V -0.245 | pL -0.008 | vL 0.001 | ∇ 0.011
Status saved
Status saved
Status saved
Status saved
Status saved
U 10000 | F 1280000 | FPS 0462 | D 2610 | rR:μσmM 0.12 0.25 0.00 0.84 | F:μσmM 240.6 64.3 49.0 270.0 | H 1.729 | V -0.257 | pL -0.012 | vL 0.001 | ∇ 0.020
Status saved
Status saved
Status saved
Status saved
Status saved
U 10500 | F 1344000 | FPS 0455 | D 2740 | rR:μσmM 0.00 0.00 0.00 0.00 | F:μσmM 270.0 0.0 270.0 270.0 | H 1.744 | V -0.252 | pL 0.013 | vL 0.002 | ∇ 0.032
Status saved
Status saved
Status saved
Status saved
Status saved
U 11000 | F 1408000 | FPS 0534 | D 2869 | rR:μσmM 0.12 0.26 0.00 0.81 | F:μσmM 238.6 67.5 58.0 270.0 | H 1.734 | V -0.263 | pL -0.019 | vL 0.001 | ∇ 0.048
Status saved
Status saved
Status saved
Status saved
Status saved
U 11500 | F 1472000 | FPS 0547 | D 3000 | rR:μσmM 0.03 0.11 0.00 0.43 | F:μσmM 263.6 23.9 171.0 270.0 | H 1.754 | V -0.228 | pL -0.003 | vL 0.000 | ∇ 0.017
Status saved
Status saved
Status saved
Status saved
Status saved
U 12000 | F 1536000 | FPS 0295 | D 3133 | rR:μσmM 0.03 0.13 0.00 0.55 | F:μσmM 261.5 32.9 134.0 270.0 | H 1.771 | V -0.268 | pL -0.019 | vL 0.001 | ∇ 0.023
Status saved
Status saved
Status saved
Status saved
Status saved
U 12500 | F 1600000 | FPS 0239 | D 3287 | rR:μσmM 0.03 0.11 0.00 0.46 | F:μσmM 263.3 25.9 163.0 270.0 | H 1.738 | V -0.277 | pL -0.006 | vL 0.001 | ∇ 0.011
Status saved
Status saved
Status saved
Status saved
Status saved
U 13000 | F 1664000 | FPS 0345 | D 3461 | rR:μσmM 0.14 0.22 0.00 0.68 | F:μσmM 238.1 53.3 97.0 270.0 | H 1.727 | V -0.222 | pL 0.013 | vL 0.011 | ∇ 0.062
Status saved
Status saved
Status saved
Status saved
Status saved
U 13500 | F 1728000 | FPS 0380 | D 3641 | rR:μσmM 0.02 0.07 0.00 0.25 | F:μσmM 266.7 11.2 224.0 270.0 | H 1.708 | V -0.257 | pL -0.014 | vL 0.001 | ∇ 0.013
Status saved
Status saved
Status saved
Status saved
Status saved
U 14000 | F 1792000 | FPS 0322 | D 3827 | rR:μσmM 0.12 0.20 0.00 0.72 | F:μσmM 244.2 48.2 85.0 270.0 | H 1.765 | V -0.264 | pL -0.019 | vL 0.001 | ∇ 0.020
Status saved
Status saved
Status saved
Status saved
Status saved
U 14500 | F 1856000 | FPS 0330 | D 4017 | rR:μσmM 0.05 0.15 0.00 0.63 | F:μσmM 259.2 38.6 110.0 270.0 | H 1.697 | V -0.210 | pL -0.011 | vL 0.001 | ∇ 0.016
Status saved
Status saved
Status saved
Status saved
Status saved
U 15000 | F 1920000 | FPS 0327 | D 4208 | rR:μσmM 0.11 0.18 0.00 0.52 | F:μσmM 245.6 40.6 145.0 270.0 | H 1.755 | V -0.266 | pL -0.049 | vL 0.002 | ∇ 0.046
Status saved
Status saved
Status saved
Status saved
Status saved
U 15500 | F 1984000 | FPS 0356 | D 4395 | rR:μσmM 0.19 0.23 0.00 0.63 | F:μσmM 225.0 55.5 110.0 270.0 | H 1.688 | V -0.155 | pL 0.038 | vL 0.007 | ∇ 0.114
Status saved
Status saved
Status saved
Status saved
Status saved
U 16000 | F 2048000 | FPS 0372 | D 4585 | rR:μσmM 0.25 0.30 0.00 0.88 | F:μσmM 209.4 77.4 37.0 270.0 | H 1.662 | V -0.207 | pL -0.017 | vL 0.001 | ∇ 0.028
Status saved
Status saved
Status saved
Status saved
Status saved
U 16500 | F 2112000 | FPS 0367 | D 4775 | rR:μσmM 0.21 0.31 0.00 0.86 | F:μσmM 217.9 80.2 43.0 270.0 | H 1.634 | V -0.194 | pL 0.057 | vL 0.015 | ∇ 0.111
Status saved
Status saved
Status saved
Status saved
Status saved
U 17000 | F 2176000 | FPS 0366 | D 4967 | rR:μσmM 0.32 0.34 0.00 0.86 | F:μσmM 189.6 91.2 41.0 270.0 | H 1.621 | V -0.121 | pL -0.014 | vL 0.002 | ∇ 0.050
Status saved
Status saved
Status saved
Status saved
Status saved
U 17500 | F 2240000 | FPS 0354 | D 5158 | rR:μσmM 0.46 0.34 0.00 0.88 | F:μσmM 153.4 90.9 35.0 270.0 | H 1.473 | V 0.106 | pL -0.015 | vL 0.007 | ∇ 0.126
Status saved
Status saved
Status saved
Status saved
Status saved
U 18000 | F 2304000 | FPS 0380 | D 5351 | rR:μσmM 0.60 0.30 0.00 0.91 | F:μσmM 115.6 79.4 28.0 270.0 | H 1.501 | V 0.083 | pL 0.010 | vL 0.007 | ∇ 0.100
Status saved
Status saved
Status saved
Status saved
Status saved
U 18500 | F 2368000 | FPS 0309 | D 5541 | rR:μσmM 0.75 0.14 0.43 0.92 | F:μσmM 74.6 42.3 25.0 170.0 | H 1.286 | V 0.343 | pL -0.001 | vL 0.008 | ∇ 0.139
Status saved
Status saved
Status saved
Status saved
Status saved
U 19000 | F 2432000 | FPS 0307 | D 5733 | rR:μσmM 0.85 0.05 0.71 0.94 | F:μσmM 44.7 15.1 19.0 87.0 | H 1.216 | V 0.487 | pL -0.014 | vL 0.007 | ∇ 0.121
Status saved
Status saved
Status saved
Status saved
Status saved
U 19500 | F 2496000 | FPS 0313 | D 5922 | rR:μσmM 0.86 0.06 0.74 0.92 | F:μσmM 42.2 19.1 23.0 79.0 | H 1.067 | V 0.631 | pL -0.021 | vL 0.004 | ∇ 0.087
Status saved
Status saved
Status saved
Status saved
Status saved
U 20000 | F 2560000 | FPS 0316 | D 6115 | rR:μσmM 0.80 0.22 0.00 0.94 | F:μσmM 58.1 58.6 18.0 270.0 | H 1.284 | V 0.642 | pL -0.025 | vL 0.009 | ∇ 0.172
Status saved
Status saved
Status saved
Status saved
Status saved
U 20500 | F 2624000 | FPS 0154 | D 6309 | rR:μσmM 0.86 0.06 0.74 0.94 | F:μσmM 41.2 16.9 17.0 77.0 | H 1.191 | V 0.643 | pL -0.011 | vL 0.002 | ∇ 0.056
Status saved
Status saved
Status saved
Status saved
Status saved
U 21000 | F 2688000 | FPS 0327 | D 6497 | rR:μσmM 0.84 0.09 0.61 0.95 | F:μσmM 46.5 25.6 16.0 117.0 | H 1.172 | V 0.625 | pL -0.011 | vL 0.004 | ∇ 0.110
Status saved
Status saved
Status saved
Status saved
Status saved
U 21500 | F 2752000 | FPS 0311 | D 6687 | rR:μσmM 0.86 0.06 0.69 0.94 | F:μσmM 43.2 17.8 18.0 92.0 | H 1.091 | V 0.660 | pL -0.013 | vL 0.001 | ∇ 0.058
Status saved
Status saved
Status saved
Status saved
Status saved
U 22000 | F 2816000 | FPS 0339 | D 6880 | rR:μσmM 0.88 0.03 0.84 0.94 | F:μσmM 35.1 7.6 18.0 49.0 | H 1.024 | V 0.737 | pL -0.005 | vL 0.001 | ∇ 0.038
Status saved
Status saved
Status saved
Status saved
Status saved
U 22500 | F 2880000 | FPS 0297 | D 7070 | rR:μσmM 0.89 0.03 0.81 0.94 | F:μσmM 34.2 10.0 17.0 58.0 | H 1.136 | V 0.705 | pL -0.022 | vL 0.002 | ∇ 0.063
Status saved
Status saved
Status saved
Status saved
Status saved
U 23000 | F 2944000 | FPS 0350 | D 7248 | rR:μσmM 0.88 0.03 0.83 0.94 | F:μσmM 34.8 9.4 19.0 51.0 | H 1.141 | V 0.646 | pL -0.021 | vL 0.002 | ∇ 0.064
Status saved
Status saved
Status saved
Status saved
Status saved
