/workspace/learn-si2e/SI2E/SI2E_DrQv2/train.py:210: UserWarning: 
The version_base parameter is not specified.
Please specify a compatability version level, or None.
Will assume defaults for version 1.1
  @hydra.main(config_path='cfgs', config_name='config')
/usr/local/lib/python3.10/dist-packages/hydra/_internal/hydra.py:119: UserWarning: Future Hydra versions will no longer change working directory at job runtime by default.
See https://hydra.cc/docs/1.2/upgrades/1.1_to_1.2/changes_to_job_working_dir/ for more information.
  ret = run_job(
/workspace/learn-si2e/SI2E/SI2E_DrQv2/train.py:210: UserWarning: 
The version_base parameter is not specified.
Please specify a compatability version level, or None.
Will assume defaults for version 1.1
  @hydra.main(config_path='cfgs', config_name='config')
workspace: /workspace/learn-si2e/results/drqv2-full/pendulum_swingup_baseline_seed1
| eval           | F: 0 | S: 0 | E: 0 | L: 1000 | R: 0.0000 | T: 0:00:00
| train          | F: 5000 | S: 2500 | E: 5 | L: 1000 | R: 0.0000 | BS: 2500 | FPS: 30.2260 | T: 0:00:33
| train          | F: 6000 | S: 3000 | E: 6 | L: 1000 | R: 0.0000 | BS: 3000 | FPS: 150.8031 | T: 0:00:39
| train          | F: 7000 | S: 3500 | E: 7 | L: 1000 | R: 0.0000 | BS: 3500 | FPS: 150.6277 | T: 0:00:46
| train          | F: 8000 | S: 4000 | E: 8 | L: 1000 | R: 0.0000 | BS: 4000 | FPS: 149.3896 | T: 0:00:53
| train          | F: 9000 | S: 4500 | E: 9 | L: 1000 | R: 0.0000 | BS: 4500 | FPS: 141.6488 | T: 0:01:00
| train          | F: 10000 | S: 5000 | E: 10 | L: 1000 | R: 15.0000 | BS: 5000 | FPS: 139.3100 | T: 0:01:07
| eval           | F: 10000 | S: 5000 | E: 10 | L: 1000 | R: 6.7000 | T: 0:01:07
| train          | F: 11000 | S: 5500 | E: 11 | L: 1000 | R: 0.0000 | BS: 5500 | FPS: 44.2695 | T: 0:01:29
| train          | F: 12000 | S: 6000 | E: 12 | L: 1000 | R: 0.0000 | BS: 6000 | FPS: 137.6133 | T: 0:01:37
| train          | F: 13000 | S: 6500 | E: 13 | L: 1000 | R: 0.0000 | BS: 6500 | FPS: 135.2421 | T: 0:01:44
| train          | F: 14000 | S: 7000 | E: 14 | L: 1000 | R: 0.0000 | BS: 7000 | FPS: 131.0409 | T: 0:01:52
| train          | F: 15000 | S: 7500 | E: 15 | L: 1000 | R: 0.0000 | BS: 7500 | FPS: 134.5570 | T: 0:01:59
| train          | F: 16000 | S: 8000 | E: 16 | L: 1000 | R: 0.0000 | BS: 8000 | FPS: 130.2444 | T: 0:02:07
| train          | F: 17000 | S: 8500 | E: 17 | L: 1000 | R: 0.0000 | BS: 8500 | FPS: 131.5170 | T: 0:02:14
| train          | F: 18000 | S: 9000 | E: 18 | L: 1000 | R: 55.0000 | BS: 9000 | FPS: 133.3162 | T: 0:02:22
| train          | F: 19000 | S: 9500 | E: 19 | L: 1000 | R: 0.0000 | BS: 9500 | FPS: 134.0400 | T: 0:02:29
| train          | F: 20000 | S: 10000 | E: 20 | L: 1000 | R: 0.0000 | BS: 10000 | FPS: 143.4641 | T: 0:02:36
| eval           | F: 20000 | S: 10000 | E: 20 | L: 1000 | R: 0.0000 | T: 0:02:36
| train          | F: 21000 | S: 10500 | E: 21 | L: 1000 | R: 0.0000 | BS: 10500 | FPS: 43.5460 | T: 0:02:59
| train          | F: 22000 | S: 11000 | E: 22 | L: 1000 | R: 0.0000 | BS: 11000 | FPS: 136.9677 | T: 0:03:07
| train          | F: 23000 | S: 11500 | E: 23 | L: 1000 | R: 0.0000 | BS: 11500 | FPS: 141.7509 | T: 0:03:14
| train          | F: 24000 | S: 12000 | E: 24 | L: 1000 | R: 0.0000 | BS: 12000 | FPS: 142.0004 | T: 0:03:21
| train          | F: 25000 | S: 12500 | E: 25 | L: 1000 | R: 0.0000 | BS: 12500 | FPS: 136.4997 | T: 0:03:28
| train          | F: 26000 | S: 13000 | E: 26 | L: 1000 | R: 0.0000 | BS: 13000 | FPS: 143.0357 | T: 0:03:35
| train          | F: 27000 | S: 13500 | E: 27 | L: 1000 | R: 0.0000 | BS: 13500 | FPS: 136.1522 | T: 0:03:42
| train          | F: 28000 | S: 14000 | E: 28 | L: 1000 | R: 0.0000 | BS: 14000 | FPS: 141.9427 | T: 0:03:49
| train          | F: 29000 | S: 14500 | E: 29 | L: 1000 | R: 0.0000 | BS: 14500 | FPS: 140.9179 | T: 0:03:56
| train          | F: 30000 | S: 15000 | E: 30 | L: 1000 | R: 0.0000 | BS: 15000 | FPS: 130.6217 | T: 0:04:04
| eval           | F: 30000 | S: 15000 | E: 30 | L: 1000 | R: 5.7000 | T: 0:04:04
| train          | F: 31000 | S: 15500 | E: 31 | L: 1000 | R: 0.0000 | BS: 15500 | FPS: 43.5346 | T: 0:04:27
| train          | F: 32000 | S: 16000 | E: 32 | L: 1000 | R: 0.0000 | BS: 16000 | FPS: 148.0772 | T: 0:04:34
| train          | F: 33000 | S: 16500 | E: 33 | L: 1000 | R: 0.0000 | BS: 16500 | FPS: 146.5508 | T: 0:04:41
| train          | F: 34000 | S: 17000 | E: 34 | L: 1000 | R: 57.0000 | BS: 17000 | FPS: 145.5071 | T: 0:04:48
| train          | F: 35000 | S: 17500 | E: 35 | L: 1000 | R: 37.0000 | BS: 17500 | FPS: 145.4974 | T: 0:04:54
| train          | F: 36000 | S: 18000 | E: 36 | L: 1000 | R: 28.0000 | BS: 18000 | FPS: 145.2347 | T: 0:05:01
| train          | F: 37000 | S: 18500 | E: 37 | L: 1000 | R: 60.0000 | BS: 18500 | FPS: 142.6228 | T: 0:05:08
| train          | F: 38000 | S: 19000 | E: 38 | L: 1000 | R: 43.0000 | BS: 19000 | FPS: 133.8367 | T: 0:05:16
| train          | F: 39000 | S: 19500 | E: 39 | L: 1000 | R: 45.0000 | BS: 19500 | FPS: 130.0573 | T: 0:05:23
| train          | F: 40000 | S: 20000 | E: 40 | L: 1000 | R: 50.0000 | BS: 20000 | FPS: 129.7673 | T: 0:05:31
| eval           | F: 40000 | S: 20000 | E: 40 | L: 1000 | R: 49.6000 | T: 0:05:31
| train          | F: 41000 | S: 20500 | E: 41 | L: 1000 | R: 43.0000 | BS: 20500 | FPS: 38.0182 | T: 0:05:57
| train          | F: 42000 | S: 21000 | E: 42 | L: 1000 | R: 39.0000 | BS: 21000 | FPS: 140.0841 | T: 0:06:05
| train          | F: 43000 | S: 21500 | E: 43 | L: 1000 | R: 53.0000 | BS: 21500 | FPS: 139.9568 | T: 0:06:12
| train          | F: 44000 | S: 22000 | E: 44 | L: 1000 | R: 46.0000 | BS: 22000 | FPS: 138.8211 | T: 0:06:19
| train          | F: 45000 | S: 22500 | E: 45 | L: 1000 | R: 39.0000 | BS: 22500 | FPS: 131.6265 | T: 0:06:27
| train          | F: 46000 | S: 23000 | E: 46 | L: 1000 | R: 62.0000 | BS: 23000 | FPS: 129.5715 | T: 0:06:34
| train          | F: 47000 | S: 23500 | E: 47 | L: 1000 | R: 53.0000 | BS: 23500 | FPS: 132.5240 | T: 0:06:42
| train          | F: 48000 | S: 24000 | E: 48 | L: 1000 | R: 60.0000 | BS: 24000 | FPS: 129.5895 | T: 0:06:50
| train          | F: 49000 | S: 24500 | E: 49 | L: 1000 | R: 66.0000 | BS: 24500 | FPS: 129.5725 | T: 0:06:57
| train          | F: 50000 | S: 25000 | E: 50 | L: 1000 | R: 57.0000 | BS: 25000 | FPS: 138.4854 | T: 0:07:04
| eval           | F: 50000 | S: 25000 | E: 50 | L: 1000 | R: 81.7000 | T: 0:07:04
| train          | F: 51000 | S: 25500 | E: 51 | L: 1000 | R: 39.0000 | BS: 25500 | FPS: 38.9295 | T: 0:07:30
| train          | F: 52000 | S: 26000 | E: 52 | L: 1000 | R: 51.0000 | BS: 26000 | FPS: 146.6805 | T: 0:07:37
| train          | F: 53000 | S: 26500 | E: 53 | L: 1000 | R: 60.0000 | BS: 26500 | FPS: 143.1084 | T: 0:07:44
| train          | F: 54000 | S: 27000 | E: 54 | L: 1000 | R: 49.0000 | BS: 27000 | FPS: 143.0180 | T: 0:07:51
| train          | F: 55000 | S: 27500 | E: 55 | L: 1000 | R: 78.0000 | BS: 27500 | FPS: 143.8378 | T: 0:07:58
| train          | F: 56000 | S: 28000 | E: 56 | L: 1000 | R: 44.0000 | BS: 28000 | FPS: 139.1833 | T: 0:08:05
| train          | F: 57000 | S: 28500 | E: 57 | L: 1000 | R: 150.0000 | BS: 28500 | FPS: 134.7140 | T: 0:08:13
| train          | F: 58000 | S: 29000 | E: 58 | L: 1000 | R: 51.0000 | BS: 29000 | FPS: 137.2735 | T: 0:08:20
| train          | F: 59000 | S: 29500 | E: 59 | L: 1000 | R: 78.0000 | BS: 29500 | FPS: 133.9159 | T: 0:08:27
| train          | F: 60000 | S: 30000 | E: 60 | L: 1000 | R: 173.0000 | BS: 30000 | FPS: 136.2546 | T: 0:08:35
| eval           | F: 60000 | S: 30000 | E: 60 | L: 1000 | R: 89.2000 | T: 0:08:35
| train          | F: 61000 | S: 30500 | E: 61 | L: 1000 | R: 56.0000 | BS: 30500 | FPS: 39.5673 | T: 0:09:00
| train          | F: 62000 | S: 31000 | E: 62 | L: 1000 | R: 59.0000 | BS: 31000 | FPS: 141.0886 | T: 0:09:07
| train          | F: 63000 | S: 31500 | E: 63 | L: 1000 | R: 64.0000 | BS: 31500 | FPS: 139.3515 | T: 0:09:14
| train          | F: 64000 | S: 32000 | E: 64 | L: 1000 | R: 63.0000 | BS: 32000 | FPS: 142.4670 | T: 0:09:21
| train          | F: 65000 | S: 32500 | E: 65 | L: 1000 | R: 39.0000 | BS: 32500 | FPS: 143.5161 | T: 0:09:28
| train          | F: 66000 | S: 33000 | E: 66 | L: 1000 | R: 233.0000 | BS: 33000 | FPS: 138.6886 | T: 0:09:35
| train          | F: 67000 | S: 33500 | E: 67 | L: 1000 | R: 68.0000 | BS: 33500 | FPS: 139.7079 | T: 0:09:43
| train          | F: 68000 | S: 34000 | E: 68 | L: 1000 | R: 1000.0000 | BS: 34000 | FPS: 139.1311 | T: 0:09:50
| train          | F: 69000 | S: 34500 | E: 69 | L: 1000 | R: 55.0000 | BS: 34500 | FPS: 134.5882 | T: 0:09:57
| train          | F: 70000 | S: 35000 | E: 70 | L: 1000 | R: 95.0000 | BS: 35000 | FPS: 144.9501 | T: 0:10:04
| eval           | F: 70000 | S: 35000 | E: 70 | L: 1000 | R: 53.1000 | T: 0:10:04
| train          | F: 71000 | S: 35500 | E: 71 | L: 1000 | R: 64.0000 | BS: 35500 | FPS: 43.7494 | T: 0:10:27
| train          | F: 72000 | S: 36000 | E: 72 | L: 1000 | R: 699.0000 | BS: 36000 | FPS: 144.4490 | T: 0:10:34
| train          | F: 73000 | S: 36500 | E: 73 | L: 1000 | R: 715.0000 | BS: 36500 | FPS: 133.2298 | T: 0:10:41
| train          | F: 74000 | S: 37000 | E: 74 | L: 1000 | R: 722.0000 | BS: 37000 | FPS: 142.2881 | T: 0:10:48
| train          | F: 75000 | S: 37500 | E: 75 | L: 1000 | R: 459.0000 | BS: 37500 | FPS: 143.7482 | T: 0:10:55
| train          | F: 76000 | S: 38000 | E: 76 | L: 1000 | R: 50.0000 | BS: 38000 | FPS: 141.8847 | T: 0:11:02
| train          | F: 77000 | S: 38500 | E: 77 | L: 1000 | R: 174.0000 | BS: 38500 | FPS: 142.3290 | T: 0:11:09
| train          | F: 78000 | S: 39000 | E: 78 | L: 1000 | R: 792.0000 | BS: 39000 | FPS: 139.4043 | T: 0:11:17
| train          | F: 79000 | S: 39500 | E: 79 | L: 1000 | R: 528.0000 | BS: 39500 | FPS: 138.6566 | T: 0:11:24
| train          | F: 80000 | S: 40000 | E: 80 | L: 1000 | R: 839.0000 | BS: 40000 | FPS: 142.9823 | T: 0:11:31
| eval           | F: 80000 | S: 40000 | E: 80 | L: 1000 | R: 812.2000 | T: 0:11:31
| train          | F: 81000 | S: 40500 | E: 81 | L: 1000 | R: 674.0000 | BS: 40500 | FPS: 42.3561 | T: 0:11:54
| train          | F: 82000 | S: 41000 | E: 82 | L: 1000 | R: 938.0000 | BS: 41000 | FPS: 143.8054 | T: 0:12:01
| train          | F: 83000 | S: 41500 | E: 83 | L: 1000 | R: 580.0000 | BS: 41500 | FPS: 136.5845 | T: 0:12:09
| train          | F: 84000 | S: 42000 | E: 84 | L: 1000 | R: 888.0000 | BS: 42000 | FPS: 134.1756 | T: 0:12:16
| train          | F: 85000 | S: 42500 | E: 85 | L: 1000 | R: 773.0000 | BS: 42500 | FPS: 132.0102 | T: 0:12:24
| train          | F: 86000 | S: 43000 | E: 86 | L: 1000 | R: 671.0000 | BS: 43000 | FPS: 132.7755 | T: 0:12:31
| train          | F: 87000 | S: 43500 | E: 87 | L: 1000 | R: 854.0000 | BS: 43500 | FPS: 132.7586 | T: 0:12:39
| train          | F: 88000 | S: 44000 | E: 88 | L: 1000 | R: 581.0000 | BS: 44000 | FPS: 135.2865 | T: 0:12:46
| train          | F: 89000 | S: 44500 | E: 89 | L: 1000 | R: 819.0000 | BS: 44500 | FPS: 137.8160 | T: 0:12:53
| train          | F: 90000 | S: 45000 | E: 90 | L: 1000 | R: 935.0000 | BS: 45000 | FPS: 143.3367 | T: 0:13:00
| eval           | F: 90000 | S: 45000 | E: 90 | L: 1000 | R: 816.1000 | T: 0:13:00
| train          | F: 91000 | S: 45500 | E: 91 | L: 1000 | R: 614.0000 | BS: 45500 | FPS: 39.2487 | T: 0:13:26
| train          | F: 92000 | S: 46000 | E: 92 | L: 1000 | R: 571.0000 | BS: 46000 | FPS: 136.7764 | T: 0:13:33
| train          | F: 93000 | S: 46500 | E: 93 | L: 1000 | R: 857.0000 | BS: 46500 | FPS: 140.2539 | T: 0:13:40
| train          | F: 94000 | S: 47000 | E: 94 | L: 1000 | R: 921.0000 | BS: 47000 | FPS: 137.7513 | T: 0:13:48
| train          | F: 95000 | S: 47500 | E: 95 | L: 1000 | R: 863.0000 | BS: 47500 | FPS: 133.6017 | T: 0:13:55
| train          | F: 96000 | S: 48000 | E: 96 | L: 1000 | R: 791.0000 | BS: 48000 | FPS: 133.5844 | T: 0:14:03
| train          | F: 97000 | S: 48500 | E: 97 | L: 1000 | R: 681.0000 | BS: 48500 | FPS: 135.4509 | T: 0:14:10
| train          | F: 98000 | S: 49000 | E: 98 | L: 1000 | R: 931.0000 | BS: 49000 | FPS: 130.9734 | T: 0:14:18
| train          | F: 99000 | S: 49500 | E: 99 | L: 1000 | R: 608.0000 | BS: 49500 | FPS: 133.1854 | T: 0:14:25
| train          | F: 100000 | S: 50000 | E: 100 | L: 1000 | R: 933.0000 | BS: 50000 | FPS: 133.8106 | T: 0:14:33
| eval           | F: 100000 | S: 50000 | E: 100 | L: 1000 | R: 780.6000 | T: 0:14:33
| train          | F: 101000 | S: 50500 | E: 101 | L: 1000 | R: 874.0000 | BS: 50500 | FPS: 44.2420 | T: 0:14:55
| train          | F: 102000 | S: 51000 | E: 102 | L: 1000 | R: 985.0000 | BS: 51000 | FPS: 147.5997 | T: 0:15:02
| train          | F: 103000 | S: 51500 | E: 103 | L: 1000 | R: 669.0000 | BS: 51500 | FPS: 136.9429 | T: 0:15:09
| train          | F: 104000 | S: 52000 | E: 104 | L: 1000 | R: 877.0000 | BS: 52000 | FPS: 141.0528 | T: 0:15:16
| train          | F: 105000 | S: 52500 | E: 105 | L: 1000 | R: 679.0000 | BS: 52500 | FPS: 140.8661 | T: 0:15:23
| train          | F: 106000 | S: 53000 | E: 106 | L: 1000 | R: 932.0000 | BS: 53000 | FPS: 142.7345 | T: 0:15:30
| train          | F: 107000 | S: 53500 | E: 107 | L: 1000 | R: 553.0000 | BS: 53500 | FPS: 140.7490 | T: 0:15:37
| train          | F: 108000 | S: 54000 | E: 108 | L: 1000 | R: 586.0000 | BS: 54000 | FPS: 131.0731 | T: 0:15:45
| train          | F: 109000 | S: 54500 | E: 109 | L: 1000 | R: 829.0000 | BS: 54500 | FPS: 135.8321 | T: 0:15:52
| train          | F: 110000 | S: 55000 | E: 110 | L: 1000 | R: 571.0000 | BS: 55000 | FPS: 141.4128 | T: 0:16:00
| eval           | F: 110000 | S: 55000 | E: 110 | L: 1000 | R: 743.7000 | T: 0:16:00
| train          | F: 111000 | S: 55500 | E: 111 | L: 1000 | R: 704.0000 | BS: 55500 | FPS: 38.5896 | T: 0:16:25
| train          | F: 112000 | S: 56000 | E: 112 | L: 1000 | R: 722.0000 | BS: 56000 | FPS: 138.4821 | T: 0:16:33
| train          | F: 113000 | S: 56500 | E: 113 | L: 1000 | R: 575.0000 | BS: 56500 | FPS: 138.5959 | T: 0:16:40
| train          | F: 114000 | S: 57000 | E: 114 | L: 1000 | R: 831.0000 | BS: 57000 | FPS: 138.2291 | T: 0:16:47
| train          | F: 115000 | S: 57500 | E: 115 | L: 1000 | R: 638.0000 | BS: 57500 | FPS: 140.9243 | T: 0:16:54
| train          | F: 116000 | S: 58000 | E: 116 | L: 1000 | R: 731.0000 | BS: 58000 | FPS: 143.5018 | T: 0:17:01
| train          | F: 117000 | S: 58500 | E: 117 | L: 1000 | R: 653.0000 | BS: 58500 | FPS: 141.9578 | T: 0:17:08
| train          | F: 118000 | S: 59000 | E: 118 | L: 1000 | R: 679.0000 | BS: 59000 | FPS: 138.2102 | T: 0:17:15
| train          | F: 119000 | S: 59500 | E: 119 | L: 1000 | R: 831.0000 | BS: 59500 | FPS: 139.1366 | T: 0:17:23
| train          | F: 120000 | S: 60000 | E: 120 | L: 1000 | R: 717.0000 | BS: 60000 | FPS: 137.8822 | T: 0:17:30
| eval           | F: 120000 | S: 60000 | E: 120 | L: 1000 | R: 774.4000 | T: 0:17:30
| train          | F: 121000 | S: 60500 | E: 121 | L: 1000 | R: 543.0000 | BS: 60500 | FPS: 43.5842 | T: 0:17:53
| train          | F: 122000 | S: 61000 | E: 122 | L: 1000 | R: 547.0000 | BS: 61000 | FPS: 145.1458 | T: 0:18:00
| train          | F: 123000 | S: 61500 | E: 123 | L: 1000 | R: 653.0000 | BS: 61500 | FPS: 133.6643 | T: 0:18:07
| train          | F: 124000 | S: 62000 | E: 124 | L: 1000 | R: 793.0000 | BS: 62000 | FPS: 133.8323 | T: 0:18:15
| train          | F: 125000 | S: 62500 | E: 125 | L: 1000 | R: 719.0000 | BS: 62500 | FPS: 138.1584 | T: 0:18:22
| train          | F: 126000 | S: 63000 | E: 126 | L: 1000 | R: 921.0000 | BS: 63000 | FPS: 138.9679 | T: 0:18:29
| train          | F: 127000 | S: 63500 | E: 127 | L: 1000 | R: 922.0000 | BS: 63500 | FPS: 134.3080 | T: 0:18:37
| train          | F: 128000 | S: 64000 | E: 128 | L: 1000 | R: 703.0000 | BS: 64000 | FPS: 136.4901 | T: 0:18:44
| train          | F: 129000 | S: 64500 | E: 129 | L: 1000 | R: 604.0000 | BS: 64500 | FPS: 137.1275 | T: 0:18:51
| train          | F: 130000 | S: 65000 | E: 130 | L: 1000 | R: 840.0000 | BS: 65000 | FPS: 133.2673 | T: 0:18:59
| eval           | F: 130000 | S: 65000 | E: 130 | L: 1000 | R: 811.7000 | T: 0:18:59
| train          | F: 131000 | S: 65500 | E: 131 | L: 1000 | R: 928.0000 | BS: 65500 | FPS: 38.6168 | T: 0:19:25
| train          | F: 132000 | S: 66000 | E: 132 | L: 1000 | R: 595.0000 | BS: 66000 | FPS: 134.9313 | T: 0:19:32
| train          | F: 133000 | S: 66500 | E: 133 | L: 1000 | R: 931.0000 | BS: 66500 | FPS: 135.1306 | T: 0:19:39
| train          | F: 134000 | S: 67000 | E: 134 | L: 1000 | R: 544.0000 | BS: 67000 | FPS: 134.2866 | T: 0:19:47
| train          | F: 135000 | S: 67500 | E: 135 | L: 1000 | R: 748.0000 | BS: 67500 | FPS: 134.3561 | T: 0:19:54
| train          | F: 136000 | S: 68000 | E: 136 | L: 1000 | R: 789.0000 | BS: 68000 | FPS: 135.8923 | T: 0:20:02
| train          | F: 137000 | S: 68500 | E: 137 | L: 1000 | R: 742.0000 | BS: 68500 | FPS: 144.1431 | T: 0:20:09
| train          | F: 138000 | S: 69000 | E: 138 | L: 1000 | R: 868.0000 | BS: 69000 | FPS: 142.4988 | T: 0:20:16
| train          | F: 139000 | S: 69500 | E: 139 | L: 1000 | R: 717.0000 | BS: 69500 | FPS: 137.6297 | T: 0:20:23
| train          | F: 140000 | S: 70000 | E: 140 | L: 1000 | R: 751.0000 | BS: 70000 | FPS: 133.9518 | T: 0:20:30
| eval           | F: 140000 | S: 70000 | E: 140 | L: 1000 | R: 753.5000 | T: 0:20:30
| train          | F: 141000 | S: 70500 | E: 141 | L: 1000 | R: 830.0000 | BS: 70500 | FPS: 44.4216 | T: 0:20:53
| train          | F: 142000 | S: 71000 | E: 142 | L: 1000 | R: 718.0000 | BS: 71000 | FPS: 142.6633 | T: 0:21:00
| train          | F: 143000 | S: 71500 | E: 143 | L: 1000 | R: 637.0000 | BS: 71500 | FPS: 136.5249 | T: 0:21:07
| train          | F: 144000 | S: 72000 | E: 144 | L: 1000 | R: 717.0000 | BS: 72000 | FPS: 131.8482 | T: 0:21:15
| train          | F: 145000 | S: 72500 | E: 145 | L: 1000 | R: 644.0000 | BS: 72500 | FPS: 131.7250 | T: 0:21:22
| train          | F: 146000 | S: 73000 | E: 146 | L: 1000 | R: 663.0000 | BS: 73000 | FPS: 137.1053 | T: 0:21:30
| train          | F: 147000 | S: 73500 | E: 147 | L: 1000 | R: 792.0000 | BS: 73500 | FPS: 135.0662 | T: 0:21:37
| train          | F: 148000 | S: 74000 | E: 148 | L: 1000 | R: 833.0000 | BS: 74000 | FPS: 133.8510 | T: 0:21:45
| train          | F: 149000 | S: 74500 | E: 149 | L: 1000 | R: 928.0000 | BS: 74500 | FPS: 140.6239 | T: 0:21:52
| train          | F: 150000 | S: 75000 | E: 150 | L: 1000 | R: 615.0000 | BS: 75000 | FPS: 143.0611 | T: 0:21:59
| eval           | F: 150000 | S: 75000 | E: 150 | L: 1000 | R: 800.9000 | T: 0:21:59
| train          | F: 151000 | S: 75500 | E: 151 | L: 1000 | R: 628.0000 | BS: 75500 | FPS: 39.0823 | T: 0:22:24
| train          | F: 152000 | S: 76000 | E: 152 | L: 1000 | R: 600.0000 | BS: 76000 | FPS: 134.6418 | T: 0:22:32
| train          | F: 153000 | S: 76500 | E: 153 | L: 1000 | R: 935.0000 | BS: 76500 | FPS: 139.8122 | T: 0:22:39
| train          | F: 154000 | S: 77000 | E: 154 | L: 1000 | R: 798.0000 | BS: 77000 | FPS: 141.4934 | T: 0:22:46
| train          | F: 155000 | S: 77500 | E: 155 | L: 1000 | R: 790.0000 | BS: 77500 | FPS: 137.3985 | T: 0:22:53
| train          | F: 156000 | S: 78000 | E: 156 | L: 1000 | R: 786.0000 | BS: 78000 | FPS: 134.4494 | T: 0:23:01
| train          | F: 157000 | S: 78500 | E: 157 | L: 1000 | R: 753.0000 | BS: 78500 | FPS: 142.6829 | T: 0:23:08
| train          | F: 158000 | S: 79000 | E: 158 | L: 1000 | R: 929.0000 | BS: 79000 | FPS: 132.8464 | T: 0:23:15
| train          | F: 159000 | S: 79500 | E: 159 | L: 1000 | R: 607.0000 | BS: 79500 | FPS: 140.4397 | T: 0:23:22
| train          | F: 160000 | S: 80000 | E: 160 | L: 1000 | R: 724.0000 | BS: 80000 | FPS: 142.4926 | T: 0:23:29
| eval           | F: 160000 | S: 80000 | E: 160 | L: 1000 | R: 849.4000 | T: 0:23:29
| train          | F: 161000 | S: 80500 | E: 161 | L: 1000 | R: 793.0000 | BS: 80500 | FPS: 43.7518 | T: 0:23:52
| train          | F: 162000 | S: 81000 | E: 162 | L: 1000 | R: 1000.0000 | BS: 81000 | FPS: 145.7080 | T: 0:23:59
| train          | F: 163000 | S: 81500 | E: 163 | L: 1000 | R: 886.0000 | BS: 81500 | FPS: 140.3663 | T: 0:24:06
| train          | F: 164000 | S: 82000 | E: 164 | L: 1000 | R: 757.0000 | BS: 82000 | FPS: 139.9480 | T: 0:24:13
| train          | F: 165000 | S: 82500 | E: 165 | L: 1000 | R: 701.0000 | BS: 82500 | FPS: 136.6613 | T: 0:24:21
| train          | F: 166000 | S: 83000 | E: 166 | L: 1000 | R: 608.0000 | BS: 83000 | FPS: 136.5710 | T: 0:24:28
| train          | F: 167000 | S: 83500 | E: 167 | L: 1000 | R: 630.0000 | BS: 83500 | FPS: 131.3411 | T: 0:24:36
| train          | F: 168000 | S: 84000 | E: 168 | L: 1000 | R: 1000.0000 | BS: 84000 | FPS: 133.4904 | T: 0:24:43
| train          | F: 169000 | S: 84500 | E: 169 | L: 1000 | R: 932.0000 | BS: 84500 | FPS: 130.8524 | T: 0:24:51
| train          | F: 170000 | S: 85000 | E: 170 | L: 1000 | R: 931.0000 | BS: 85000 | FPS: 134.1587 | T: 0:24:58
| eval           | F: 170000 | S: 85000 | E: 170 | L: 1000 | R: 853.6000 | T: 0:24:58
| train          | F: 171000 | S: 85500 | E: 171 | L: 1000 | R: 887.0000 | BS: 85500 | FPS: 39.1620 | T: 0:25:24
| train          | F: 172000 | S: 86000 | E: 172 | L: 1000 | R: 614.0000 | BS: 86000 | FPS: 145.5276 | T: 0:25:31
| train          | F: 173000 | S: 86500 | E: 173 | L: 1000 | R: 936.0000 | BS: 86500 | FPS: 146.7765 | T: 0:25:37
| train          | F: 174000 | S: 87000 | E: 174 | L: 1000 | R: 935.0000 | BS: 87000 | FPS: 141.7860 | T: 0:25:44
