Gym has been unmaintained since 2022 and does not support NumPy 2.0 amongst other critical functionality.
Please upgrade to Gymnasium, the maintained drop-in replacement of Gym, or contact the authors of your software and request that they upgrade.
Users of this version of Gym should be able to simply replace 'import gym' with 'import gymnasium as gym' in the vast majority of cases.
See the migration guide at https://gymnasium.farama.org/introduction/migration_guide/ for additional information.
/workspace/learn-si2e/SI2E/SI2E_A2C/rl-starter-files/rl-starter-files/scripts/train.py --algo a2c --env MiniGrid-DoorKey-8x8-v0 --model multiseed-se-s2 --frames 3000000 --use_batch --save-interval 100 --log-interval 500 --seed 2 --use_entropy_reward --beta 0.005

Namespace(algo='a2c', env='MiniGrid-DoorKey-8x8-v0', model='multiseed-se-s2', seed=2, log_interval=500, save_interval=100, procs=16, frames=3000000, epochs=4, batch_size=256, frames_per_proc=None, discount=0.99, lr=0.001, gae_lambda=0.95, entropy_coef=0.01, value_loss_coef=0.5, max_grad_norm=0.5, optim_eps=1e-08, optim_alpha=0.99, clip_eps=0.2, recurrence=1, text=False, use_entropy_reward=True, use_value_condition=False, beta=0.005, use_batch=True, mem=False)

Device: cuda:0

Environments loaded

Training status loaded

Observations preprocessor loaded
Model loaded

ACModel(
  (image_conv): Sequential(
    (0): Conv2d(3, 16, kernel_size=(2, 2), stride=(1, 1))
    (1): ReLU()
    (2): MaxPool2d(kernel_size=(2, 2), stride=(2, 2), padding=0, dilation=1, ceil_mode=False)
    (3): Conv2d(16, 32, kernel_size=(2, 2), stride=(1, 1))
    (4): ReLU()
    (5): Conv2d(32, 64, kernel_size=(2, 2), stride=(1, 1))
    (6): ReLU()
  )
  (actor): Sequential(
    (0): Linear(in_features=64, out_features=64, bias=True)
    (1): Tanh()
    (2): Linear(in_features=64, out_features=7, bias=True)
  )
  (critic): Sequential(
    (0): Linear(in_features=64, out_features=64, bias=True)
    (1): Tanh()
    (2): Linear(in_features=64, out_features=1, bias=True)
  )
  (extr_critic): Sequential(
    (0): Linear(in_features=64, out_features=64, bias=True)
    (1): Tanh()
    (2): Linear(in_features=64, out_features=1, bias=True)
  )
)

Optimizer loaded

Status saved
Status saved
Status saved
Status saved
U 500 | F 064000 | FPS 1279 | D 50 | rR:μσmM 0.00 0.00 0.00 0.00 | F:μσmM 640.0 0.0 640.0 640.0 | H 1.940 | V 0.080 | pL 0.005 | vL 0.000 | ∇ 0.004
Status saved
Status saved
Status saved
Status saved
Status saved
U 1000 | F 128000 | FPS 1334 | D 100 | rR:μσmM 0.03 0.13 0.00 0.52 | F:μσmM 621.4 71.9 343.0 640.0 | H 1.937 | V 0.098 | pL 0.003 | vL 0.000 | ∇ 0.002
Status saved
Status saved
Status saved
Status saved
Status saved
U 1500 | F 192000 | FPS 1295 | D 150 | rR:μσmM 0.05 0.15 0.00 0.51 | F:μσmM 609.9 81.5 351.0 640.0 | H 1.938 | V 0.138 | pL -0.003 | vL 0.000 | ∇ 0.003
Status saved
Status saved
Status saved
Status saved
Status saved
U 2000 | F 256000 | FPS 1283 | D 201 | rR:μσmM 0.00 0.00 0.00 0.00 | F:μσmM 640.0 0.0 640.0 640.0 | H 1.934 | V 0.098 | pL -0.075 | vL 0.003 | ∇ 0.049
Status saved
Status saved
Status saved
Status saved
Status saved
U 2500 | F 320000 | FPS 1502 | D 245 | rR:μσmM 0.00 0.00 0.00 0.00 | F:μσmM 640.0 0.0 640.0 640.0 | H 1.935 | V 0.087 | pL 0.001 | vL 0.000 | ∇ 0.001
Status saved
Status saved
Status saved
Status saved
Status saved
U 3000 | F 384000 | FPS 1481 | D 289 | rR:μσmM 0.00 0.00 0.00 0.00 | F:μσmM 640.0 0.0 640.0 640.0 | H 1.932 | V 0.108 | pL 0.001 | vL 0.000 | ∇ 0.002
Status saved
Status saved
Status saved
Status saved
Status saved
U 3500 | F 448000 | FPS 1256 | D 336 | rR:μσmM 0.00 0.00 0.00 0.00 | F:μσmM 640.0 0.0 640.0 640.0 | H 1.934 | V 0.100 | pL 0.002 | vL 0.000 | ∇ 0.002
Status saved
Status saved
Status saved
Status saved
Status saved
U 4000 | F 512000 | FPS 1311 | D 389 | rR:μσmM 0.03 0.08 0.00 0.28 | F:μσmM 626.8 36.2 509.0 640.0 | H 1.934 | V 0.121 | pL -0.047 | vL 0.002 | ∇ 0.031
Status saved
Status saved
Status saved
Status saved
Status saved
U 4500 | F 576000 | FPS 1312 | D 442 | rR:μσmM 0.05 0.14 0.00 0.46 | F:μσmM 610.2 78.9 386.0 640.0 | H 1.929 | V 0.102 | pL 0.004 | vL 0.000 | ∇ 0.003
Status saved
Status saved
Status saved
Status saved
Status saved
U 5000 | F 640000 | FPS 1439 | D 488 | rR:μσmM 0.03 0.12 0.00 0.51 | F:μσmM 621.9 70.2 350.0 640.0 | H 1.934 | V 0.102 | pL -0.001 | vL 0.000 | ∇ 0.001
Status saved
Status saved
Status saved
Status saved
Status saved
U 5500 | F 704000 | FPS 1485 | D 533 | rR:μσmM 0.01 0.04 0.00 0.14 | F:μσmM 638.0 7.7 608.0 640.0 | H 1.931 | V 0.121 | pL 0.002 | vL 0.000 | ∇ 0.002
Status saved
Status saved
Status saved
Status saved
Status saved
U 6000 | F 768000 | FPS 1606 | D 577 | rR:μσmM 0.01 0.04 0.00 0.14 | F:μσmM 638.0 7.7 608.0 640.0 | H 1.932 | V 0.106 | pL 0.003 | vL 0.000 | ∇ 0.002
Status saved
Status saved
Status saved
Status saved
Status saved
U 6500 | F 832000 | FPS 1588 | D 620 | rR:μσmM 0.00 0.00 0.00 0.00 | F:μσmM 640.0 0.0 640.0 640.0 | H 1.930 | V 0.117 | pL 0.002 | vL 0.000 | ∇ 0.001
Status saved
Status saved
Status saved
Status saved
Status saved
U 7000 | F 896000 | FPS 1421 | D 664 | rR:μσmM 0.00 0.00 0.00 0.00 | F:μσmM 640.0 0.0 640.0 640.0 | H 1.930 | V 0.108 | pL 0.004 | vL 0.000 | ∇ 0.003
Status saved
Status saved
Status saved
Status saved
Status saved
U 7500 | F 960000 | FPS 1493 | D 707 | rR:μσmM 0.02 0.08 0.00 0.33 | F:μσmM 629.6 40.2 474.0 640.0 | H 1.933 | V 0.115 | pL -0.001 | vL 0.000 | ∇ 0.001
Status saved
Status saved
Status saved
Status saved
Status saved
U 8000 | F 1024000 | FPS 1426 | D 751 | rR:μσmM 0.06 0.17 0.00 0.65 | F:μσmM 608.0 97.7 246.0 640.0 | H 1.929 | V 0.132 | pL -0.001 | vL 0.000 | ∇ 0.004
Status saved
Status saved
Status saved
Status saved
Status saved
U 8500 | F 1088000 | FPS 1443 | D 794 | rR:μσmM 0.11 0.25 0.00 0.82 | F:μσmM 578.6 152.6 129.0 640.0 | H 1.931 | V 0.111 | pL 0.001 | vL 0.000 | ∇ 0.002
Status saved
Status saved
Status saved
Status saved
Status saved
U 9000 | F 1152000 | FPS 1564 | D 838 | rR:μσmM 0.05 0.14 0.00 0.49 | F:μσmM 611.2 77.9 364.0 640.0 | H 1.931 | V 0.116 | pL -0.001 | vL 0.000 | ∇ 0.001
Status saved
Status saved
Status saved
Status saved
Status saved
U 9500 | F 1216000 | FPS 1567 | D 882 | rR:μσmM 0.06 0.23 0.00 0.95 | F:μσmM 602.1 146.9 33.0 640.0 | H 1.854 | V 0.118 | pL -0.001 | vL 0.000 | ∇ 0.006
Status saved
Status saved
Status saved
Status saved
Status saved
U 10000 | F 1280000 | FPS 1543 | D 925 | rR:μσmM 0.10 0.28 0.00 0.86 | F:μσmM 574.6 173.2 101.0 640.0 | H 1.934 | V 0.129 | pL -0.003 | vL 0.000 | ∇ 0.004
Status saved
Status saved
Status saved
Status saved
Status saved
U 10500 | F 1344000 | FPS 1487 | D 969 | rR:μσmM 0.00 0.00 0.00 0.00 | F:μσmM 640.0 0.0 640.0 640.0 | H 1.931 | V 0.091 | pL 0.005 | vL 0.000 | ∇ 0.004
Status saved
Status saved
Status saved
Status saved
Status saved
U 11000 | F 1408000 | FPS 1520 | D 1013 | rR:μσmM 0.11 0.24 0.00 0.73 | F:μσmM 574.3 140.3 190.0 640.0 | H 1.933 | V 0.121 | pL 0.001 | vL 0.000 | ∇ 0.002
Status saved
Status saved
Status saved
Status saved
Status saved
U 11500 | F 1472000 | FPS 1497 | D 1056 | rR:μσmM 0.12 0.28 0.00 0.94 | F:μσmM 571.3 172.7 40.0 640.0 | H 1.903 | V 0.147 | pL -0.006 | vL 0.000 | ∇ 0.010
Status saved
Status saved
Status saved
Status saved
Status saved
U 12000 | F 1536000 | FPS 1402 | D 1100 | rR:μσmM 0.11 0.21 0.00 0.63 | F:μσmM 577.5 121.5 264.0 640.0 | H 1.931 | V 0.128 | pL -0.001 | vL 0.000 | ∇ 0.003
Status saved
Status saved
Status saved
Status saved
Status saved
U 12500 | F 1600000 | FPS 1497 | D 1144 | rR:μσmM 0.05 0.21 0.00 0.86 | F:μσmM 606.2 131.0 99.0 640.0 | H 1.893 | V 0.125 | pL 0.009 | vL 0.001 | ∇ 0.009
Status saved
Status saved
Status saved
Status saved
Status saved
U 13000 | F 1664000 | FPS 1486 | D 1187 | rR:μσmM 0.20 0.33 0.00 0.85 | F:μσmM 522.7 203.1 104.0 640.0 | H 1.932 | V 0.117 | pL -0.001 | vL 0.000 | ∇ 0.002
Status saved
Status saved
Status saved
Status saved
Status saved
U 13500 | F 1728000 | FPS 1552 | D 1231 | rR:μσmM 0.10 0.23 0.00 0.79 | F:μσmM 582.8 142.0 150.0 640.0 | H 1.931 | V 0.123 | pL -0.001 | vL 0.000 | ∇ 0.001
Status saved
Status saved
Status saved
Status saved
Status saved
U 14000 | F 1792000 | FPS 1412 | D 1275 | rR:μσmM 0.05 0.15 0.00 0.58 | F:μσmM 610.3 87.0 297.0 640.0 | H 1.895 | V 0.136 | pL 0.005 | vL 0.000 | ∇ 0.013
Status saved
Status saved
Status saved
Status saved
Status saved
U 14500 | F 1856000 | FPS 1558 | D 1319 | rR:μσmM 0.14 0.26 0.00 0.76 | F:μσmM 557.5 160.4 171.0 640.0 | H 1.916 | V 0.135 | pL 0.002 | vL 0.000 | ∇ 0.009
Status saved
Status saved
Status saved
Status saved
Status saved
U 15000 | F 1920000 | FPS 1471 | D 1363 | rR:μσmM 0.05 0.11 0.00 0.41 | F:μσmM 617.4 56.5 418.0 640.0 | H 1.880 | V 0.156 | pL -0.004 | vL 0.000 | ∇ 0.005
Status saved
Status saved
Status saved
Status saved
Status saved
U 15500 | F 1984000 | FPS 1483 | D 1407 | rR:μσmM 0.04 0.11 0.00 0.41 | F:μσmM 619.2 57.8 423.0 640.0 | H 1.933 | V 0.112 | pL -0.008 | vL 0.000 | ∇ 0.006
Status saved
Status saved
Status saved
Status saved
Status saved
U 16000 | F 2048000 | FPS 1410 | D 1451 | rR:μσmM 0.01 0.06 0.00 0.23 | F:μσmM 634.2 22.5 547.0 640.0 | H 1.927 | V 0.119 | pL 0.002 | vL 0.000 | ∇ 0.003
Status saved
Status saved
Status saved
Status saved
Status saved
U 16500 | F 2112000 | FPS 1537 | D 1494 | rR:μσmM 0.04 0.09 0.00 0.26 | F:μσmM 622.2 37.8 528.0 640.0 | H 1.902 | V 0.134 | pL 0.001 | vL 0.000 | ∇ 0.003
Status saved
Status saved
Status saved
Status saved
Status saved
U 17000 | F 2176000 | FPS 1477 | D 1538 | rR:μσmM 0.25 0.35 0.00 0.87 | F:μσmM 490.2 213.9 94.0 640.0 | H 1.869 | V 0.178 | pL 0.004 | vL 0.000 | ∇ 0.011
Status saved
Status saved
Status saved
Status saved
Status saved
U 17500 | F 2240000 | FPS 1511 | D 1582 | rR:μσmM 0.14 0.23 0.00 0.67 | F:μσmM 562.2 137.5 232.0 640.0 | H 1.928 | V 0.126 | pL 0.003 | vL 0.000 | ∇ 0.003
Status saved
Status saved
Status saved
Status saved
Status saved
U 18000 | F 2304000 | FPS 1492 | D 1626 | rR:μσmM 0.38 0.34 0.00 0.90 | F:μσmM 411.3 212.4 68.0 640.0 | H 1.861 | V 0.186 | pL -0.005 | vL 0.000 | ∇ 0.012
Status saved
Status saved
Status saved
Status saved
Status saved
U 18500 | F 2368000 | FPS 1482 | D 1669 | rR:μσmM 0.69 0.28 0.00 0.98 | F:μσmM 218.6 188.8 13.0 640.0 | H 1.856 | V 0.275 | pL -0.010 | vL 0.000 | ∇ 0.024
Status saved
Status saved
Status saved
Status saved
Status saved
U 19000 | F 2432000 | FPS 1417 | D 1713 | rR:μσmM 0.89 0.09 0.69 0.96 | F:μσmM 78.6 61.8 26.0 223.0 | H 1.639 | V 0.547 | pL -0.008 | vL 0.003 | ∇ 0.056
Status saved
Status saved
Status saved
Status saved
Status saved
U 19500 | F 2496000 | FPS 1525 | D 1757 | rR:μσmM 0.92 0.04 0.83 0.97 | F:μσmM 54.6 30.2 22.0 123.0 | H 1.565 | V 0.631 | pL 0.010 | vL 0.003 | ∇ 0.060
Status saved
Status saved
Status saved
Status saved
Status saved
U 20000 | F 2560000 | FPS 1498 | D 1802 | rR:μσmM 0.93 0.05 0.77 0.98 | F:μσmM 49.9 35.0 16.0 162.0 | H 1.508 | V 0.738 | pL -0.012 | vL 0.002 | ∇ 0.051
Status saved
Status saved
Status saved
Status saved
Status saved
U 20500 | F 2624000 | FPS 1459 | D 1845 | rR:μσmM 0.93 0.02 0.88 0.96 | F:μσmM 49.6 17.2 27.0 84.0 | H 1.470 | V 0.734 | pL -0.020 | vL 0.001 | ∇ 0.052
Status saved
Status saved
Status saved
Status saved
Status saved
U 21000 | F 2688000 | FPS 1451 | D 1889 | rR:μσmM 0.92 0.04 0.84 0.97 | F:μσmM 54.4 27.8 18.0 116.0 | H 1.431 | V 0.730 | pL -0.005 | vL 0.001 | ∇ 0.038
Status saved
Status saved
Status saved
Status saved
Status saved
U 21500 | F 2752000 | FPS 1437 | D 1933 | rR:μσmM 0.94 0.03 0.89 0.97 | F:μσmM 39.8 18.0 22.0 79.0 | H 1.416 | V 0.794 | pL -0.006 | vL 0.001 | ∇ 0.039
Status saved
Status saved
Status saved
Status saved
Status saved
U 22000 | F 2816000 | FPS 1492 | D 1978 | rR:μσmM 0.95 0.02 0.92 0.98 | F:μσmM 36.0 14.4 16.0 59.0 | H 1.524 | V 0.756 | pL -0.008 | vL 0.002 | ∇ 0.045
Status saved
Status saved
Status saved
Status saved
Status saved
U 22500 | F 2880000 | FPS 1502 | D 2021 | rR:μσmM 0.95 0.02 0.92 0.97 | F:μσmM 33.6 11.8 18.0 55.0 | H 1.459 | V 0.803 | pL -0.005 | vL 0.001 | ∇ 0.042
Status saved
Status saved
Status saved
Status saved
Status saved
U 23000 | F 2944000 | FPS 1394 | D 2065 | rR:μσmM 0.95 0.01 0.94 0.98 | F:μσmM 34.4 8.5 15.0 46.0 | H 1.442 | V 0.816 | pL -0.002 | vL 0.001 | ∇ 0.049
Status saved
Status saved
Status saved
Status saved
Status saved
