Gym has been unmaintained since 2022 and does not support NumPy 2.0 amongst other critical functionality.
Please upgrade to Gymnasium, the maintained drop-in replacement of Gym, or contact the authors of your software and request that they upgrade.
Users of this version of Gym should be able to simply replace 'import gym' with 'import gymnasium as gym' in the vast majority of cases.
See the migration guide at https://gymnasium.farama.org/introduction/migration_guide/ for additional information.
/workspace/learn-si2e/SI2E/SI2E_A2C/rl-starter-files/rl-starter-files/scripts/train.py --algo a2c --env MiniGrid-RedBlueDoors-6x6-v0 --model rb6-baseline-s2 --frames 3000000 --use_batch --save-interval 100 --log-interval 500 --seed 2

Namespace(algo='a2c', env='MiniGrid-RedBlueDoors-6x6-v0', model='rb6-baseline-s2', seed=2, log_interval=500, save_interval=100, procs=16, frames=3000000, epochs=4, batch_size=256, frames_per_proc=None, discount=0.99, lr=0.001, gae_lambda=0.95, entropy_coef=0.01, value_loss_coef=0.5, max_grad_norm=0.5, optim_eps=1e-08, optim_alpha=0.99, clip_eps=0.2, recurrence=1, text=False, use_entropy_reward=False, use_value_condition=False, beta=1e-05, use_batch=True, mem=False)

Device: cuda:0

Environments loaded

Training status loaded

Observations preprocessor loaded
Model loaded

ACModel(
  (image_conv): Sequential(
    (0): Conv2d(3, 16, kernel_size=(2, 2), stride=(1, 1))
    (1): ReLU()
    (2): MaxPool2d(kernel_size=(2, 2), stride=(2, 2), padding=0, dilation=1, ceil_mode=False)
    (3): Conv2d(16, 32, kernel_size=(2, 2), stride=(1, 1))
    (4): ReLU()
    (5): Conv2d(32, 64, kernel_size=(2, 2), stride=(1, 1))
    (6): ReLU()
  )
  (actor): Sequential(
    (0): Linear(in_features=64, out_features=64, bias=True)
    (1): Tanh()
    (2): Linear(in_features=64, out_features=7, bias=True)
  )
  (critic): Sequential(
    (0): Linear(in_features=64, out_features=64, bias=True)
    (1): Tanh()
    (2): Linear(in_features=64, out_features=1, bias=True)
  )
  (extr_critic): Sequential(
    (0): Linear(in_features=64, out_features=64, bias=True)
    (1): Tanh()
    (2): Linear(in_features=64, out_features=1, bias=True)
  )
)

Optimizer loaded

Status saved
Status saved
Status saved
Status saved
U 500 | F 064000 | FPS 2427 | D 27 | rR:μσmM 0.04 0.11 0.00 0.38 | F:μσmM 456.4 290.9 20.0 720.0 | H 1.944 | V 0.018 | pL -0.003 | vL 0.000 | ∇ 0.003
Status saved
Status saved
Status saved
Status saved
Status saved
U 1000 | F 128000 | FPS 2469 | D 54 | rR:μσmM 0.07 0.20 0.00 0.82 | F:μσmM 336.0 269.7 37.0 720.0 | H 1.945 | V 0.002 | pL -0.000 | vL 0.000 | ∇ 0.001
Status saved
Status saved
Status saved
Status saved
Status saved
U 1500 | F 192000 | FPS 2242 | D 81 | rR:μσmM 0.15 0.31 0.00 0.85 | F:μσmM 197.9 207.7 6.0 720.0 | H 1.931 | V 0.090 | pL -0.001 | vL 0.000 | ∇ 0.012
Status saved
Status saved
Status saved
Status saved
Status saved
U 2000 | F 256000 | FPS 2715 | D 109 | rR:μσmM 0.09 0.25 0.00 0.85 | F:μσmM 218.0 178.1 3.0 720.0 | H 1.942 | V 0.015 | pL 0.004 | vL 0.000 | ∇ 0.005
Status saved
Status saved
Status saved
Status saved
Status saved
U 2500 | F 320000 | FPS 2142 | D 136 | rR:μσmM 0.00 0.00 0.00 0.00 | F:μσmM 122.3 184.8 2.0 720.0 | H 1.944 | V 0.006 | pL 0.000 | vL 0.000 | ∇ 0.001
Status saved
Status saved
Status saved
Status saved
Status saved
U 3000 | F 384000 | FPS 2503 | D 163 | rR:μσmM 0.04 0.17 0.00 0.69 | F:μσmM 169.5 175.8 4.0 720.0 | H 1.934 | V 0.024 | pL -0.005 | vL 0.000 | ∇ 0.009
Status saved
Status saved
Status saved
Status saved
Status saved
U 3500 | F 448000 | FPS 2051 | D 190 | rR:μσmM 0.12 0.26 0.00 0.92 | F:μσmM 110.4 135.6 1.0 522.0 | H 1.944 | V 0.056 | pL -0.006 | vL 0.000 | ∇ 0.005
Status saved
Status saved
Status saved
Status saved
Status saved
U 4000 | F 512000 | FPS 2633 | D 217 | rR:μσmM 0.19 0.28 0.00 0.71 | F:μσmM 346.6 219.8 27.0 720.0 | H 1.936 | V 0.052 | pL -0.004 | vL 0.000 | ∇ 0.007
Status saved
Status saved
Status saved
Status saved
Status saved
U 4500 | F 576000 | FPS 2347 | D 244 | rR:μσmM 0.07 0.19 0.00 0.60 | F:μσmM 206.9 195.8 7.0 720.0 | H 1.945 | V 0.012 | pL -0.000 | vL 0.000 | ∇ 0.001
Status saved
Status saved
Status saved
Status saved
Status saved
U 5000 | F 640000 | FPS 2009 | D 272 | rR:μσmM 0.08 0.20 0.00 0.76 | F:μσmM 328.0 261.8 17.0 720.0 | H 1.943 | V 0.022 | pL -0.002 | vL 0.000 | ∇ 0.002
Status saved
Status saved
Status saved
Status saved
Status saved
U 5500 | F 704000 | FPS 2372 | D 299 | rR:μσmM 0.07 0.19 0.00 0.64 | F:μσmM 226.9 215.8 4.0 720.0 | H 1.924 | V 0.061 | pL 0.006 | vL 0.001 | ∇ 0.013
Status saved
Status saved
Status saved
Status saved
Status saved
U 6000 | F 768000 | FPS 2244 | D 326 | rR:μσmM 0.07 0.18 0.00 0.68 | F:μσmM 249.4 225.4 10.0 720.0 | H 1.939 | V 0.028 | pL -0.001 | vL 0.000 | ∇ 0.002
Status saved
Status saved
Status saved
Status saved
Status saved
U 6500 | F 832000 | FPS 2073 | D 354 | rR:μσmM 0.00 0.00 0.00 0.00 | F:μσmM 244.6 253.0 26.0 720.0 | H 1.943 | V 0.010 | pL 0.000 | vL 0.000 | ∇ 0.001
Status saved
Status saved
Status saved
Status saved
Status saved
U 7000 | F 896000 | FPS 2511 | D 381 | rR:μσmM 0.10 0.22 0.00 0.74 | F:μσmM 204.9 210.8 10.0 720.0 | H 1.929 | V 0.042 | pL 0.005 | vL 0.000 | ∇ 0.008
Status saved
Status saved
Status saved
Status saved
Status saved
U 7500 | F 960000 | FPS 1948 | D 409 | rR:μσmM 0.22 0.38 0.00 0.98 | F:μσmM 176.9 221.6 3.0 720.0 | H 1.934 | V 0.047 | pL 0.005 | vL 0.000 | ∇ 0.006
Status saved
Status saved
Status saved
Status saved
Status saved
U 8000 | F 1024000 | FPS 2090 | D 437 | rR:μσmM 0.09 0.24 0.00 0.85 | F:μσmM 154.1 111.1 15.0 388.0 | H 1.924 | V 0.019 | pL -0.000 | vL 0.000 | ∇ 0.003
Status saved
Status saved
Status saved
Status saved
Status saved
U 8500 | F 1088000 | FPS 2466 | D 464 | rR:μσmM 0.03 0.11 0.00 0.44 | F:μσmM 207.8 196.4 6.0 720.0 | H 1.929 | V 0.025 | pL -0.003 | vL 0.000 | ∇ 0.004
Status saved
Status saved
Status saved
Status saved
Status saved
U 9000 | F 1152000 | FPS 2144 | D 491 | rR:μσmM 0.10 0.28 0.00 0.91 | F:μσmM 153.1 184.8 6.0 720.0 | H 1.915 | V 0.025 | pL 0.034 | vL 0.024 | ∇ 0.060
Status saved
Status saved
Status saved
Status saved
Status saved
U 9500 | F 1216000 | FPS 2354 | D 518 | rR:μσmM 0.09 0.24 0.00 0.81 | F:μσmM 95.9 101.3 1.0 309.0 | H 1.899 | V 0.046 | pL -0.013 | vL 0.001 | ∇ 0.014
Status saved
Status saved
Status saved
Status saved
Status saved
U 10000 | F 1280000 | FPS 2651 | D 546 | rR:μσmM 0.05 0.17 0.00 0.70 | F:μσmM 232.8 274.0 4.0 720.0 | H 1.915 | V 0.027 | pL -0.002 | vL 0.000 | ∇ 0.003
Status saved
Status saved
Status saved
Status saved
Status saved
U 10500 | F 1344000 | FPS 2113 | D 573 | rR:μσmM 0.08 0.22 0.00 0.74 | F:μσmM 335.5 232.2 6.0 720.0 | H 1.931 | V 0.021 | pL 0.032 | vL 0.015 | ∇ 0.046
Status saved
Status saved
Status saved
Status saved
Status saved
U 11000 | F 1408000 | FPS 2696 | D 601 | rR:μσmM 0.06 0.22 0.00 0.89 | F:μσmM 54.7 28.8 2.0 101.0 | H 1.926 | V 0.037 | pL -0.001 | vL 0.000 | ∇ 0.005
Status saved
Status saved
Status saved
Status saved
Status saved
U 11500 | F 1472000 | FPS 2475 | D 628 | rR:μσmM 0.06 0.22 0.00 0.89 | F:μσmM 84.3 76.3 3.0 307.0 | H 1.942 | V 0.039 | pL -0.002 | vL 0.000 | ∇ 0.002
Status saved
Status saved
Status saved
Status saved
Status saved
U 12000 | F 1536000 | FPS 2282 | D 656 | rR:μσmM 0.04 0.15 0.00 0.61 | F:μσmM 53.9 73.6 2.0 312.0 | H 1.906 | V 0.047 | pL -0.008 | vL 0.000 | ∇ 0.013
Status saved
Status saved
Status saved
Status saved
Status saved
U 12500 | F 1600000 | FPS 2378 | D 683 | rR:μσmM 0.04 0.15 0.00 0.62 | F:μσmM 259.6 241.8 16.0 720.0 | H 1.941 | V 0.012 | pL 0.021 | vL 0.007 | ∇ 0.082
Status saved
Status saved
Status saved
Status saved
Status saved
U 13000 | F 1664000 | FPS 2511 | D 711 | rR:μσmM 0.07 0.20 0.00 0.70 | F:μσmM 140.1 133.8 4.0 464.0 | H 1.936 | V 0.026 | pL -0.002 | vL 0.000 | ∇ 0.002
Status saved
Status saved
Status saved
Status saved
Status saved
U 13500 | F 1728000 | FPS 2913 | D 738 | rR:μσmM 0.00 0.00 0.00 0.00 | F:μσmM 84.3 74.4 3.0 253.0 | H 1.925 | V 0.029 | pL -0.006 | vL 0.000 | ∇ 0.008
Status saved
Status saved
Status saved
Status saved
Status saved
U 14000 | F 1792000 | FPS 2011 | D 766 | rR:μσmM 0.04 0.15 0.00 0.64 | F:μσmM 118.6 92.2 5.0 319.0 | H 1.933 | V 0.021 | pL -0.003 | vL 0.000 | ∇ 0.005
Status saved
Status saved
Status saved
Status saved
Status saved
U 14500 | F 1856000 | FPS 2364 | D 793 | rR:μσmM 0.22 0.38 0.00 0.95 | F:μσmM 94.1 85.6 6.0 346.0 | H 1.929 | V 0.039 | pL 0.007 | vL 0.006 | ∇ 0.023
Status saved
Status saved
Status saved
Status saved
Status saved
U 15000 | F 1920000 | FPS 2684 | D 820 | rR:μσmM 0.00 0.00 0.00 0.00 | F:μσmM 69.1 79.5 5.0 340.0 | H 1.934 | V 0.007 | pL -0.002 | vL 0.000 | ∇ 0.002
Status saved
Status saved
Status saved
Status saved
Status saved
U 15500 | F 1984000 | FPS 2048 | D 848 | rR:μσmM 0.30 0.40 0.00 0.93 | F:μσmM 151.8 100.0 20.0 395.0 | H 1.908 | V 0.046 | pL -0.018 | vL 0.001 | ∇ 0.019
Status saved
Status saved
Status saved
Status saved
Status saved
U 16000 | F 2048000 | FPS 2412 | D 875 | rR:μσmM 0.06 0.22 0.00 0.91 | F:μσmM 99.1 79.2 7.0 291.0 | H 1.928 | V 0.029 | pL -0.003 | vL 0.000 | ∇ 0.003
Status saved
Status saved
Status saved
Status saved
Status saved
U 16500 | F 2112000 | FPS 1984 | D 902 | rR:μσmM 0.10 0.26 0.00 0.89 | F:μσmM 104.1 76.7 2.0 282.0 | H 1.921 | V 0.035 | pL 0.001 | vL 0.000 | ∇ 0.006
Status saved
Status saved
Status saved
Status saved
Status saved
U 17000 | F 2176000 | FPS 2322 | D 930 | rR:μσmM 0.04 0.14 0.00 0.58 | F:μσmM 67.4 84.0 3.0 332.0 | H 1.906 | V 0.036 | pL -0.005 | vL 0.000 | ∇ 0.009
Status saved
Status saved
Status saved
Status saved
Status saved
U 17500 | F 2240000 | FPS 2316 | D 957 | rR:μσmM 0.06 0.16 0.00 0.58 | F:μσmM 221.9 166.2 2.0 548.0 | H 1.915 | V 0.038 | pL -0.006 | vL 0.000 | ∇ 0.009
Status saved
Status saved
Status saved
Status saved
Status saved
U 18000 | F 2304000 | FPS 2474 | D 985 | rR:μσmM 0.04 0.17 0.00 0.69 | F:μσmM 85.4 108.3 2.0 430.0 | H 1.935 | V 0.036 | pL -0.005 | vL 0.000 | ∇ 0.005
Status saved
Status saved
Status saved
Status saved
Status saved
U 18500 | F 2368000 | FPS 1995 | D 1012 | rR:μσmM 0.05 0.20 0.00 0.82 | F:μσmM 84.7 89.5 3.0 377.0 | H 1.932 | V 0.023 | pL 0.034 | vL 0.017 | ∇ 0.053
Status saved
Status saved
Status saved
Status saved
Status saved
U 19000 | F 2432000 | FPS 1956 | D 1039 | rR:μσmM 0.05 0.21 0.00 0.85 | F:μσmM 58.1 42.4 1.0 148.0 | H 1.916 | V 0.040 | pL -0.006 | vL 0.000 | ∇ 0.013
Status saved
Status saved
Status saved
Status saved
Status saved
U 19500 | F 2496000 | FPS 2393 | D 1067 | rR:μσmM 0.10 0.27 0.00 0.83 | F:μσmM 115.0 88.2 1.0 306.0 | H 1.925 | V 0.031 | pL 0.040 | vL 0.022 | ∇ 0.108
Status saved
Status saved
Status saved
Status saved
Status saved
U 20000 | F 2560000 | FPS 2090 | D 1094 | rR:μσmM 0.10 0.26 0.00 0.81 | F:μσmM 85.9 66.3 6.0 207.0 | H 1.940 | V 0.029 | pL -0.000 | vL 0.000 | ∇ 0.001
Status saved
Status saved
Status saved
Status saved
Status saved
U 20500 | F 2624000 | FPS 2386 | D 1122 | rR:μσmM 0.18 0.32 0.00 0.94 | F:μσmM 148.3 193.5 8.0 720.0 | H 1.925 | V 0.050 | pL 0.061 | vL 0.029 | ∇ 0.087
Status saved
Status saved
Status saved
Status saved
Status saved
U 21000 | F 2688000 | FPS 1975 | D 1149 | rR:μσmM 0.07 0.21 0.00 0.81 | F:μσmM 111.4 118.0 20.0 501.0 | H 1.929 | V 0.025 | pL -0.003 | vL 0.000 | ∇ 0.003
Status saved
Status saved
Status saved
Status saved
Status saved
U 21500 | F 2752000 | FPS 2736 | D 1176 | rR:μσmM 0.06 0.22 0.00 0.92 | F:μσmM 158.1 173.5 37.0 720.0 | H 1.930 | V 0.020 | pL -0.001 | vL 0.000 | ∇ 0.002
Status saved
Status saved
Status saved
Status saved
Status saved
U 22000 | F 2816000 | FPS 2134 | D 1204 | rR:μσmM 0.02 0.09 0.00 0.38 | F:μσmM 159.0 193.0 8.0 720.0 | H 1.924 | V 0.028 | pL -0.007 | vL 0.000 | ∇ 0.010
Status saved
Status saved
Status saved
Status saved
Status saved
U 22500 | F 2880000 | FPS 2255 | D 1231 | rR:μσmM 0.11 0.30 0.00 0.95 | F:μσmM 101.6 115.3 9.0 505.0 | H 1.939 | V 0.022 | pL -0.002 | vL 0.000 | ∇ 0.002
Status saved
Status saved
Status saved
Status saved
Status saved
U 23000 | F 2944000 | FPS 2422 | D 1259 | rR:μσmM 0.04 0.16 0.00 0.66 | F:μσmM 126.6 163.3 13.0 720.0 | H 1.928 | V 0.020 | pL -0.002 | vL 0.000 | ∇ 0.006
Status saved
Status saved
Status saved
Status saved
Status saved
