Gym has been unmaintained since 2022 and does not support NumPy 2.0 amongst other critical functionality.
Please upgrade to Gymnasium, the maintained drop-in replacement of Gym, or contact the authors of your software and request that they upgrade.
Users of this version of Gym should be able to simply replace 'import gym' with 'import gymnasium as gym' in the vast majority of cases.
See the migration guide at https://gymnasium.farama.org/introduction/migration_guide/ for additional information.
/workspace/learn-si2e/SI2E/SI2E_A2C/rl-starter-files/rl-starter-files/scripts/train.py --algo a2c --env MiniGrid-DoorKey-8x8-v0 --model reproduce-si2e --frames 500000 --use_entropy_reward --use_value_condition --use_batch --save-interval 10 --log-interval 100

Namespace(algo='a2c', env='MiniGrid-DoorKey-8x8-v0', model='reproduce-si2e', seed=1, log_interval=100, save_interval=10, procs=16, frames=500000, epochs=4, batch_size=256, frames_per_proc=None, discount=0.99, lr=0.001, gae_lambda=0.95, entropy_coef=0.01, value_loss_coef=0.5, max_grad_norm=0.5, optim_eps=1e-08, optim_alpha=0.99, clip_eps=0.2, recurrence=1, text=False, use_entropy_reward=True, use_value_condition=True, beta=1e-05, use_batch=True, mem=False)

Device: cuda:0

Environments loaded

Training status loaded

Observations preprocessor loaded
Model loaded

ACModel(
  (image_conv): Sequential(
    (0): Conv2d(3, 16, kernel_size=(2, 2), stride=(1, 1))
    (1): ReLU()
    (2): MaxPool2d(kernel_size=(2, 2), stride=(2, 2), padding=0, dilation=1, ceil_mode=False)
    (3): Conv2d(16, 32, kernel_size=(2, 2), stride=(1, 1))
    (4): ReLU()
    (5): Conv2d(32, 64, kernel_size=(2, 2), stride=(1, 1))
    (6): ReLU()
  )
  (actor): Sequential(
    (0): Linear(in_features=64, out_features=64, bias=True)
    (1): Tanh()
    (2): Linear(in_features=64, out_features=7, bias=True)
  )
  (critic): Sequential(
    (0): Linear(in_features=64, out_features=64, bias=True)
    (1): Tanh()
    (2): Linear(in_features=64, out_features=1, bias=True)
  )
  (extr_critic): Sequential(
    (0): Linear(in_features=64, out_features=64, bias=True)
    (1): Tanh()
    (2): Linear(in_features=64, out_features=1, bias=True)
  )
)

Optimizer loaded

Status saved
Status saved
Status saved
Status saved
Status saved
Status saved
Status saved
Status saved
U 900 | F 115200 | FPS 0482 | D 24 | rR:μσmM 0.00 0.00 0.00 0.00 | F:μσmM 640.0 0.0 640.0 640.0 | H 1.946 | V -0.004 | pL 0.001 | vL 0.000 | ∇ 0.000
Status saved
Status saved
Status saved
Status saved
Status saved
Status saved
Status saved
Status saved
Status saved
Status saved
U 1000 | F 128000 | FPS 0479 | D 50 | rR:μσmM 0.00 0.00 0.00 0.00 | F:μσmM 640.0 0.0 640.0 640.0 | H 1.946 | V 0.004 | pL -0.000 | vL 0.000 | ∇ 0.000
Status saved
Status saved
Status saved
Status saved
Status saved
Status saved
Status saved
Status saved
Status saved
Status saved
U 1100 | F 140800 | FPS 0539 | D 75 | rR:μσmM 0.00 0.00 0.00 0.00 | F:μσmM 640.0 0.0 640.0 640.0 | H 1.946 | V 0.004 | pL -0.001 | vL 0.000 | ∇ 0.000
Status saved
Status saved
Status saved
Status saved
Status saved
Status saved
Status saved
Status saved
Status saved
Status saved
U 1200 | F 153600 | FPS 0475 | D 100 | rR:μσmM 0.07 0.17 0.00 0.55 | F:μσmM 602.0 100.7 320.0 640.0 | H 1.945 | V -0.005 | pL 0.000 | vL 0.000 | ∇ 0.001
Status saved
Status saved
Status saved
Status saved
Status saved
Status saved
Status saved
Status saved
Status saved
Status saved
U 1300 | F 166400 | FPS 0463 | D 126 | rR:μσmM 0.00 0.00 0.00 0.00 | F:μσmM 640.0 0.0 640.0 640.0 | H 1.946 | V -0.001 | pL 0.000 | vL 0.000 | ∇ 0.000
Status saved
Status saved
Status saved
Status saved
Status saved
Status saved
Status saved
Status saved
Status saved
Status saved
U 1400 | F 179200 | FPS 0525 | D 152 | rR:μσmM 0.00 0.00 0.00 0.00 | F:μσmM 640.0 0.0 640.0 640.0 | H 1.946 | V -0.002 | pL 0.000 | vL 0.000 | ∇ 0.000
Status saved
Status saved
Status saved
Status saved
Status saved
Status saved
Status saved
Status saved
Status saved
Status saved
U 1500 | F 192000 | FPS 0471 | D 178 | rR:μσmM 0.05 0.18 0.00 0.72 | F:μσmM 612.3 107.2 197.0 640.0 | H 1.946 | V 0.004 | pL -0.000 | vL 0.000 | ∇ 0.000
Status saved
Status saved
Status saved
Status saved
Status saved
Status saved
Status saved
Status saved
Status saved
Status saved
U 1600 | F 204800 | FPS 0524 | D 203 | rR:μσmM 0.00 0.00 0.00 0.00 | F:μσmM 640.0 0.0 640.0 640.0 | H 1.946 | V -0.000 | pL -0.000 | vL 0.000 | ∇ 0.000
Status saved
Status saved
Status saved
Status saved
Status saved
Status saved
Status saved
Status saved
Status saved
Status saved
U 1700 | F 217600 | FPS 0519 | D 228 | rR:μσmM 0.00 0.00 0.00 0.00 | F:μσmM 640.0 0.0 640.0 640.0 | H 1.946 | V -0.002 | pL 0.000 | vL 0.000 | ∇ 0.000
Status saved
Status saved
Status saved
Status saved
Status saved
Status saved
Status saved
Status saved
Status saved
Status saved
U 1800 | F 230400 | FPS 0529 | D 253 | rR:μσmM 0.00 0.00 0.00 0.00 | F:μσmM 640.0 0.0 640.0 640.0 | H 1.946 | V -0.001 | pL 0.000 | vL 0.000 | ∇ 0.000
Status saved
Status saved
Status saved
Status saved
Status saved
Status saved
Status saved
Status saved
Status saved
Status saved
U 1900 | F 243200 | FPS 0458 | D 279 | rR:μσmM 0.01 0.04 0.00 0.18 | F:μσmM 636.2 14.5 580.0 640.0 | H 1.946 | V -0.002 | pL 0.000 | vL 0.000 | ∇ 0.000
Status saved
Status saved
Status saved
Status saved
Status saved
Status saved
Status saved
Status saved
Status saved
Status saved
U 2000 | F 256000 | FPS 0529 | D 305 | rR:μσmM 0.00 0.00 0.00 0.00 | F:μσmM 640.0 0.0 640.0 640.0 | H 1.946 | V -0.001 | pL -0.000 | vL 0.000 | ∇ 0.000
Status saved
Status saved
Status saved
Status saved
Status saved
Status saved
Status saved
Status saved
Status saved
Status saved
U 2100 | F 268800 | FPS 0473 | D 332 | rR:μσmM 0.00 0.00 0.00 0.00 | F:μσmM 640.0 0.0 640.0 640.0 | H 1.946 | V -0.002 | pL 0.000 | vL 0.000 | ∇ 0.000
Status saved
Status saved
Status saved
Status saved
Status saved
Status saved
Status saved
Status saved
Status saved
Status saved
U 2200 | F 281600 | FPS 0539 | D 358 | rR:μσmM 0.02 0.09 0.00 0.37 | F:μσmM 627.8 47.2 445.0 640.0 | H 1.946 | V -0.001 | pL 0.000 | vL 0.000 | ∇ 0.000
Status saved
Status saved
Status saved
Status saved
Status saved
Status saved
Status saved
Status saved
Status saved
Status saved
U 2300 | F 294400 | FPS 0529 | D 384 | rR:μσmM 0.04 0.10 0.00 0.32 | F:μσmM 621.2 49.6 485.0 640.0 | H 1.946 | V -0.003 | pL 0.000 | vL 0.000 | ∇ 0.000
Status saved
Status saved
Status saved
Status saved
Status saved
Status saved
Status saved
Status saved
Status saved
Status saved
U 2400 | F 307200 | FPS 0463 | D 410 | rR:μσmM 0.00 0.00 0.00 0.00 | F:μσmM 640.0 0.0 640.0 640.0 | H 1.946 | V -0.002 | pL 0.000 | vL 0.000 | ∇ 0.000
Status saved
Status saved
Status saved
Status saved
Status saved
Status saved
Status saved
Status saved
Status saved
Status saved
U 2500 | F 320000 | FPS 0520 | D 436 | rR:μσmM 0.00 0.00 0.00 0.00 | F:μσmM 640.0 0.0 640.0 640.0 | H 1.946 | V -0.001 | pL -0.000 | vL 0.000 | ∇ 0.000
Status saved
Status saved
Status saved
Status saved
Status saved
Status saved
Status saved
Status saved
Status saved
Status saved
U 2600 | F 332800 | FPS 0519 | D 461 | rR:μσmM 0.00 0.00 0.00 0.00 | F:μσmM 640.0 0.0 640.0 640.0 | H 1.946 | V -0.002 | pL 0.000 | vL 0.000 | ∇ 0.000
Status saved
Status saved
Status saved
Status saved
Status saved
Status saved
Status saved
Status saved
Status saved
Status saved
U 2700 | F 345600 | FPS 0459 | D 488 | rR:μσmM 0.01 0.06 0.00 0.24 | F:μσmM 633.9 23.7 542.0 640.0 | H 1.946 | V -0.003 | pL 0.000 | vL 0.000 | ∇ 0.000
Status saved
Status saved
Status saved
Status saved
Status saved
Status saved
Status saved
Status saved
Status saved
Status saved
U 2800 | F 358400 | FPS 0494 | D 515 | rR:μσmM 0.00 0.00 0.00 0.00 | F:μσmM 640.0 0.0 640.0 640.0 | H 1.946 | V -0.002 | pL 0.000 | vL 0.000 | ∇ 0.000
Status saved
Status saved
Status saved
Status saved
Status saved
Status saved
Status saved
Status saved
Status saved
Status saved
U 2900 | F 371200 | FPS 0465 | D 541 | rR:μσmM 0.02 0.08 0.00 0.33 | F:μσmM 629.6 40.4 473.0 640.0 | H 1.946 | V -0.000 | pL -0.000 | vL 0.000 | ∇ 0.000
Status saved
Status saved
Status saved
Status saved
Status saved
Status saved
Status saved
Status saved
Status saved
Status saved
U 3000 | F 384000 | FPS 0486 | D 567 | rR:μσmM 0.00 0.00 0.00 0.00 | F:μσmM 640.0 0.0 640.0 640.0 | H 1.946 | V -0.002 | pL -0.000 | vL 0.000 | ∇ 0.000
Status saved
Status saved
Status saved
Status saved
Status saved
Status saved
Status saved
Status saved
Status saved
Status saved
U 3100 | F 396800 | FPS 0519 | D 594 | rR:μσmM 0.00 0.00 0.00 0.00 | F:μσmM 640.0 0.0 640.0 640.0 | H 1.946 | V -0.002 | pL 0.000 | vL 0.000 | ∇ 0.000
Status saved
Status saved
Status saved
Status saved
Status saved
Status saved
Status saved
Status saved
Status saved
Status saved
U 3200 | F 409600 | FPS 0456 | D 620 | rR:μσmM 0.00 0.00 0.00 0.00 | F:μσmM 640.0 0.0 640.0 640.0 | H 1.946 | V -0.001 | pL 0.000 | vL 0.000 | ∇ 0.000
Status saved
Status saved
Status saved
Status saved
Status saved
Status saved
Status saved
Status saved
Status saved
Status saved
U 3300 | F 422400 | FPS 0469 | D 646 | rR:μσmM 0.00 0.00 0.00 0.00 | F:μσmM 640.0 0.0 640.0 640.0 | H 1.946 | V -0.002 | pL 0.000 | vL 0.000 | ∇ 0.000
Status saved
Status saved
Status saved
Status saved
Status saved
Status saved
Status saved
Status saved
Status saved
Status saved
U 3400 | F 435200 | FPS 0528 | D 672 | rR:μσmM 0.00 0.00 0.00 0.00 | F:μσmM 640.0 0.0 640.0 640.0 | H 1.946 | V -0.001 | pL -0.000 | vL 0.000 | ∇ 0.000
Status saved
Status saved
Status saved
Status saved
Status saved
Status saved
Status saved
Status saved
Status saved
Status saved
U 3500 | F 448000 | FPS 0545 | D 696 | rR:μσmM 0.00 0.00 0.00 0.00 | F:μσmM 640.0 0.0 640.0 640.0 | H 1.946 | V -0.001 | pL -0.000 | vL 0.000 | ∇ 0.000
Status saved
Status saved
Status saved
Status saved
Status saved
Status saved
Status saved
Status saved
Status saved
Status saved
U 3600 | F 460800 | FPS 0518 | D 721 | rR:μσmM 0.05 0.15 0.00 0.56 | F:μσmM 611.7 83.4 310.0 640.0 | H 1.945 | V 0.021 | pL -0.002 | vL 0.000 | ∇ 0.001
Status saved
Status saved
Status saved
Status saved
Status saved
Status saved
Status saved
Status saved
Status saved
Status saved
U 3700 | F 473600 | FPS 0461 | D 749 | rR:μσmM 0.04 0.16 0.00 0.65 | F:μσmM 615.4 95.4 246.0 640.0 | H 1.946 | V 0.001 | pL -0.000 | vL 0.000 | ∇ 0.000
Status saved
Status saved
Status saved
Status saved
Status saved
Status saved
Status saved
Status saved
Status saved
Status saved
U 3800 | F 486400 | FPS 0521 | D 775 | rR:μσmM 0.00 0.00 0.00 0.00 | F:μσmM 640.0 0.0 640.0 640.0 | H 1.946 | V -0.002 | pL -0.000 | vL 0.000 | ∇ 0.000
Status saved
Status saved
Status saved
Status saved
Status saved
Status saved
Status saved
Status saved
Status saved
Status saved
U 3900 | F 499200 | FPS 0469 | D 802 | rR:μσmM 0.00 0.00 0.00 0.00 | F:μσmM 640.0 0.0 640.0 640.0 | H 1.946 | V -0.002 | pL -0.000 | vL 0.000 | ∇ 0.000
Status saved
