/workspace/learn-si2e/SI2E/SI2E_DrQv2/train.py:210: UserWarning: 
The version_base parameter is not specified.
Please specify a compatability version level, or None.
Will assume defaults for version 1.1
  @hydra.main(config_path='cfgs', config_name='config')
/usr/local/lib/python3.10/dist-packages/hydra/_internal/hydra.py:119: UserWarning: Future Hydra versions will no longer change working directory at job runtime by default.
See https://hydra.cc/docs/1.2/upgrades/1.1_to_1.2/changes_to_job_working_dir/ for more information.
  ret = run_job(
/workspace/learn-si2e/SI2E/SI2E_DrQv2/train.py:210: UserWarning: 
The version_base parameter is not specified.
Please specify a compatability version level, or None.
Will assume defaults for version 1.1
  @hydra.main(config_path='cfgs', config_name='config')
workspace: /workspace/learn-si2e/results/drqv2-official/quadruped_walk_baseline_seed1
| eval           | F: 0 | S: 0 | E: 0 | L: 1000 | R: 104.0255 | T: 0:00:00
| train          | F: 5000 | S: 2500 | E: 5 | L: 1000 | R: 13.9979 | BS: 2500 | FPS: 17.5456 | T: 0:00:56
| train          | F: 6000 | S: 3000 | E: 6 | L: 1000 | R: 21.4486 | BS: 3000 | FPS: 96.5470 | T: 0:01:07
| train          | F: 7000 | S: 3500 | E: 7 | L: 1000 | R: 87.0013 | BS: 3500 | FPS: 96.3443 | T: 0:01:17
| train          | F: 8000 | S: 4000 | E: 8 | L: 1000 | R: 14.5751 | BS: 4000 | FPS: 99.7130 | T: 0:01:27
| train          | F: 9000 | S: 4500 | E: 9 | L: 1000 | R: 247.3008 | BS: 4500 | FPS: 99.4556 | T: 0:01:37
| train          | F: 10000 | S: 5000 | E: 10 | L: 1000 | R: 14.0055 | BS: 5000 | FPS: 98.9664 | T: 0:01:47
| eval           | F: 10000 | S: 5000 | E: 10 | L: 1000 | R: 140.1128 | T: 0:01:47
| train          | F: 11000 | S: 5500 | E: 11 | L: 1000 | R: 289.1167 | BS: 5500 | FPS: 25.8527 | T: 0:02:26
| train          | F: 12000 | S: 6000 | E: 12 | L: 1000 | R: 298.5475 | BS: 6000 | FPS: 98.9232 | T: 0:02:36
| train          | F: 13000 | S: 6500 | E: 13 | L: 1000 | R: 12.6027 | BS: 6500 | FPS: 93.6308 | T: 0:02:47
| train          | F: 14000 | S: 7000 | E: 14 | L: 1000 | R: 318.2046 | BS: 7000 | FPS: 77.0500 | T: 0:03:00
| train          | F: 15000 | S: 7500 | E: 15 | L: 1000 | R: 19.6355 | BS: 7500 | FPS: 79.6727 | T: 0:03:12
| train          | F: 16000 | S: 8000 | E: 16 | L: 1000 | R: 116.1469 | BS: 8000 | FPS: 75.9749 | T: 0:03:26
| train          | F: 17000 | S: 8500 | E: 17 | L: 1000 | R: 21.4028 | BS: 8500 | FPS: 79.4111 | T: 0:03:38
| train          | F: 18000 | S: 9000 | E: 18 | L: 1000 | R: 15.5682 | BS: 9000 | FPS: 75.7075 | T: 0:03:51
| train          | F: 19000 | S: 9500 | E: 19 | L: 1000 | R: 291.6958 | BS: 9500 | FPS: 91.9614 | T: 0:04:02
| train          | F: 20000 | S: 10000 | E: 20 | L: 1000 | R: 17.2449 | BS: 10000 | FPS: 92.6130 | T: 0:04:13
| eval           | F: 20000 | S: 10000 | E: 20 | L: 1000 | R: 61.3607 | T: 0:04:13
| train          | F: 21000 | S: 10500 | E: 21 | L: 1000 | R: 30.5643 | BS: 10500 | FPS: 26.6007 | T: 0:04:51
| train          | F: 22000 | S: 11000 | E: 22 | L: 1000 | R: 13.9022 | BS: 11000 | FPS: 100.2406 | T: 0:05:01
| train          | F: 23000 | S: 11500 | E: 23 | L: 1000 | R: 10.7060 | BS: 11500 | FPS: 95.6850 | T: 0:05:11
| train          | F: 24000 | S: 12000 | E: 24 | L: 1000 | R: 14.2241 | BS: 12000 | FPS: 96.7536 | T: 0:05:21
| train          | F: 25000 | S: 12500 | E: 25 | L: 1000 | R: 18.0569 | BS: 12500 | FPS: 98.9798 | T: 0:05:32
| train          | F: 26000 | S: 13000 | E: 26 | L: 1000 | R: 114.9272 | BS: 13000 | FPS: 97.8008 | T: 0:05:42
| train          | F: 27000 | S: 13500 | E: 27 | L: 1000 | R: 70.2511 | BS: 13500 | FPS: 94.7866 | T: 0:05:52
| train          | F: 28000 | S: 14000 | E: 28 | L: 1000 | R: 11.2643 | BS: 14000 | FPS: 97.3592 | T: 0:06:03
| train          | F: 29000 | S: 14500 | E: 29 | L: 1000 | R: 53.2210 | BS: 14500 | FPS: 96.2738 | T: 0:06:13
| train          | F: 30000 | S: 15000 | E: 30 | L: 1000 | R: 11.1920 | BS: 15000 | FPS: 102.3781 | T: 0:06:23
| eval           | F: 30000 | S: 15000 | E: 30 | L: 1000 | R: 124.4543 | T: 0:06:23
| train          | F: 31000 | S: 15500 | E: 31 | L: 1000 | R: 199.1125 | BS: 15500 | FPS: 24.9296 | T: 0:07:03
| train          | F: 32000 | S: 16000 | E: 32 | L: 1000 | R: 14.6580 | BS: 16000 | FPS: 98.2439 | T: 0:07:13
| train          | F: 33000 | S: 16500 | E: 33 | L: 1000 | R: 293.6615 | BS: 16500 | FPS: 94.9903 | T: 0:07:24
| train          | F: 34000 | S: 17000 | E: 34 | L: 1000 | R: 16.6928 | BS: 17000 | FPS: 92.0228 | T: 0:07:34
| train          | F: 35000 | S: 17500 | E: 35 | L: 1000 | R: 11.8100 | BS: 17500 | FPS: 77.8196 | T: 0:07:47
| train          | F: 36000 | S: 18000 | E: 36 | L: 1000 | R: 188.0880 | BS: 18000 | FPS: 84.8436 | T: 0:07:59
| train          | F: 37000 | S: 18500 | E: 37 | L: 1000 | R: 37.6793 | BS: 18500 | FPS: 74.3838 | T: 0:08:12
| train          | F: 38000 | S: 19000 | E: 38 | L: 1000 | R: 306.9735 | BS: 19000 | FPS: 74.7257 | T: 0:08:26
| train          | F: 39000 | S: 19500 | E: 39 | L: 1000 | R: 14.2748 | BS: 19500 | FPS: 76.4412 | T: 0:08:39
| train          | F: 40000 | S: 20000 | E: 40 | L: 1000 | R: 325.0553 | BS: 20000 | FPS: 75.6529 | T: 0:08:52
| eval           | F: 40000 | S: 20000 | E: 40 | L: 1000 | R: 75.3165 | T: 0:08:52
| train          | F: 41000 | S: 20500 | E: 41 | L: 1000 | R: 17.0255 | BS: 20500 | FPS: 25.5301 | T: 0:09:31
| train          | F: 42000 | S: 21000 | E: 42 | L: 1000 | R: 13.3964 | BS: 21000 | FPS: 99.3000 | T: 0:09:41
| train          | F: 43000 | S: 21500 | E: 43 | L: 1000 | R: 16.6628 | BS: 21500 | FPS: 87.2167 | T: 0:09:53
| train          | F: 44000 | S: 22000 | E: 44 | L: 1000 | R: 52.8808 | BS: 22000 | FPS: 75.8131 | T: 0:10:06
| train          | F: 45000 | S: 22500 | E: 45 | L: 1000 | R: 290.3604 | BS: 22500 | FPS: 87.6520 | T: 0:10:17
| train          | F: 46000 | S: 23000 | E: 46 | L: 1000 | R: 21.8274 | BS: 23000 | FPS: 99.9396 | T: 0:10:27
| train          | F: 47000 | S: 23500 | E: 47 | L: 1000 | R: 11.7532 | BS: 23500 | FPS: 81.2958 | T: 0:10:40
| train          | F: 48000 | S: 24000 | E: 48 | L: 1000 | R: 12.6071 | BS: 24000 | FPS: 90.1617 | T: 0:10:51
| train          | F: 49000 | S: 24500 | E: 49 | L: 1000 | R: 289.8523 | BS: 24500 | FPS: 89.3745 | T: 0:11:02
| train          | F: 50000 | S: 25000 | E: 50 | L: 1000 | R: 24.2769 | BS: 25000 | FPS: 73.8812 | T: 0:11:16
| eval           | F: 50000 | S: 25000 | E: 50 | L: 1000 | R: 114.4723 | T: 0:11:16
| train          | F: 51000 | S: 25500 | E: 51 | L: 1000 | R: 24.4978 | BS: 25500 | FPS: 24.1022 | T: 0:11:57
| train          | F: 52000 | S: 26000 | E: 52 | L: 1000 | R: 231.9764 | BS: 26000 | FPS: 96.2825 | T: 0:12:07
| train          | F: 53000 | S: 26500 | E: 53 | L: 1000 | R: 285.6124 | BS: 26500 | FPS: 100.2834 | T: 0:12:17
| train          | F: 54000 | S: 27000 | E: 54 | L: 1000 | R: 22.6031 | BS: 27000 | FPS: 101.3831 | T: 0:12:27
| train          | F: 55000 | S: 27500 | E: 55 | L: 1000 | R: 7.6249 | BS: 27500 | FPS: 82.0825 | T: 0:12:39
| train          | F: 56000 | S: 28000 | E: 56 | L: 1000 | R: 19.5700 | BS: 28000 | FPS: 76.4117 | T: 0:12:53
| train          | F: 57000 | S: 28500 | E: 57 | L: 1000 | R: 7.0976 | BS: 28500 | FPS: 75.0414 | T: 0:13:06
| train          | F: 58000 | S: 29000 | E: 58 | L: 1000 | R: 20.9929 | BS: 29000 | FPS: 80.7326 | T: 0:13:18
| train          | F: 59000 | S: 29500 | E: 59 | L: 1000 | R: 257.5995 | BS: 29500 | FPS: 93.6975 | T: 0:13:29
| train          | F: 60000 | S: 30000 | E: 60 | L: 1000 | R: 67.5305 | BS: 30000 | FPS: 94.3201 | T: 0:13:40
| eval           | F: 60000 | S: 30000 | E: 60 | L: 1000 | R: 135.0866 | T: 0:13:40
| train          | F: 61000 | S: 30500 | E: 61 | L: 1000 | R: 49.0018 | BS: 30500 | FPS: 27.7929 | T: 0:14:16
| train          | F: 62000 | S: 31000 | E: 62 | L: 1000 | R: 10.1629 | BS: 31000 | FPS: 100.2229 | T: 0:14:26
| train          | F: 63000 | S: 31500 | E: 63 | L: 1000 | R: 15.8167 | BS: 31500 | FPS: 97.8722 | T: 0:14:36
| train          | F: 64000 | S: 32000 | E: 64 | L: 1000 | R: 14.0988 | BS: 32000 | FPS: 97.7089 | T: 0:14:46
| train          | F: 65000 | S: 32500 | E: 65 | L: 1000 | R: 496.8588 | BS: 32500 | FPS: 98.6268 | T: 0:14:56
| train          | F: 66000 | S: 33000 | E: 66 | L: 1000 | R: 4.9442 | BS: 33000 | FPS: 99.6867 | T: 0:15:06
| train          | F: 67000 | S: 33500 | E: 67 | L: 1000 | R: 5.1537 | BS: 33500 | FPS: 90.9126 | T: 0:15:17
| train          | F: 68000 | S: 34000 | E: 68 | L: 1000 | R: 29.9682 | BS: 34000 | FPS: 94.4435 | T: 0:15:28
| train          | F: 69000 | S: 34500 | E: 69 | L: 1000 | R: 261.9737 | BS: 34500 | FPS: 74.6931 | T: 0:15:41
| train          | F: 70000 | S: 35000 | E: 70 | L: 1000 | R: 16.7377 | BS: 35000 | FPS: 89.0814 | T: 0:15:52
| eval           | F: 70000 | S: 35000 | E: 70 | L: 1000 | R: 107.0841 | T: 0:15:52
| train          | F: 71000 | S: 35500 | E: 71 | L: 1000 | R: 498.6262 | BS: 35500 | FPS: 26.1625 | T: 0:16:31
| train          | F: 72000 | S: 36000 | E: 72 | L: 1000 | R: 8.6927 | BS: 36000 | FPS: 99.9710 | T: 0:16:41
| train          | F: 73000 | S: 36500 | E: 73 | L: 1000 | R: 495.7203 | BS: 36500 | FPS: 96.5391 | T: 0:16:51
| train          | F: 74000 | S: 37000 | E: 74 | L: 1000 | R: 13.2147 | BS: 37000 | FPS: 95.9694 | T: 0:17:01
| train          | F: 75000 | S: 37500 | E: 75 | L: 1000 | R: 6.3745 | BS: 37500 | FPS: 94.7146 | T: 0:17:12
| train          | F: 76000 | S: 38000 | E: 76 | L: 1000 | R: 12.0451 | BS: 38000 | FPS: 94.7879 | T: 0:17:22
| train          | F: 77000 | S: 38500 | E: 77 | L: 1000 | R: 8.3356 | BS: 38500 | FPS: 97.0659 | T: 0:17:33
| train          | F: 78000 | S: 39000 | E: 78 | L: 1000 | R: 8.9785 | BS: 39000 | FPS: 92.8737 | T: 0:17:44
| train          | F: 79000 | S: 39500 | E: 79 | L: 1000 | R: 12.9181 | BS: 39500 | FPS: 75.8062 | T: 0:17:57
| train          | F: 80000 | S: 40000 | E: 80 | L: 1000 | R: 256.8881 | BS: 40000 | FPS: 74.1873 | T: 0:18:10
| eval           | F: 80000 | S: 40000 | E: 80 | L: 1000 | R: 108.1266 | T: 0:18:10
| train          | F: 81000 | S: 40500 | E: 81 | L: 1000 | R: 11.6207 | BS: 40500 | FPS: 18.4094 | T: 0:19:05
| train          | F: 82000 | S: 41000 | E: 82 | L: 1000 | R: 10.7744 | BS: 41000 | FPS: 101.5620 | T: 0:19:14
| train          | F: 83000 | S: 41500 | E: 83 | L: 1000 | R: 12.6366 | BS: 41500 | FPS: 103.5905 | T: 0:19:24
| train          | F: 84000 | S: 42000 | E: 84 | L: 1000 | R: 14.1339 | BS: 42000 | FPS: 99.8713 | T: 0:19:34
| train          | F: 85000 | S: 42500 | E: 85 | L: 1000 | R: 259.2977 | BS: 42500 | FPS: 99.1270 | T: 0:19:44
| train          | F: 86000 | S: 43000 | E: 86 | L: 1000 | R: 9.6314 | BS: 43000 | FPS: 79.6255 | T: 0:19:57
| train          | F: 87000 | S: 43500 | E: 87 | L: 1000 | R: 259.6420 | BS: 43500 | FPS: 93.0501 | T: 0:20:07
| train          | F: 88000 | S: 44000 | E: 88 | L: 1000 | R: 51.3836 | BS: 44000 | FPS: 90.3927 | T: 0:20:18
| train          | F: 89000 | S: 44500 | E: 89 | L: 1000 | R: 84.3991 | BS: 44500 | FPS: 94.4154 | T: 0:20:29
| train          | F: 90000 | S: 45000 | E: 90 | L: 1000 | R: 20.6242 | BS: 45000 | FPS: 98.8659 | T: 0:20:39
| eval           | F: 90000 | S: 45000 | E: 90 | L: 1000 | R: 100.7289 | T: 0:20:39
| train          | F: 91000 | S: 45500 | E: 91 | L: 1000 | R: 11.1554 | BS: 45500 | FPS: 26.6523 | T: 0:21:17
| train          | F: 92000 | S: 46000 | E: 92 | L: 1000 | R: 50.9516 | BS: 46000 | FPS: 90.3386 | T: 0:21:28
| train          | F: 93000 | S: 46500 | E: 93 | L: 1000 | R: 497.0474 | BS: 46500 | FPS: 99.7479 | T: 0:21:38
| train          | F: 94000 | S: 47000 | E: 94 | L: 1000 | R: 15.6277 | BS: 47000 | FPS: 98.6339 | T: 0:21:48
| train          | F: 95000 | S: 47500 | E: 95 | L: 1000 | R: 20.5956 | BS: 47500 | FPS: 77.6095 | T: 0:22:01
| train          | F: 96000 | S: 48000 | E: 96 | L: 1000 | R: 13.1093 | BS: 48000 | FPS: 84.2283 | T: 0:22:13
| train          | F: 97000 | S: 48500 | E: 97 | L: 1000 | R: 281.6565 | BS: 48500 | FPS: 97.5936 | T: 0:22:23
| train          | F: 98000 | S: 49000 | E: 98 | L: 1000 | R: 32.2374 | BS: 49000 | FPS: 99.0273 | T: 0:22:33
| train          | F: 99000 | S: 49500 | E: 99 | L: 1000 | R: 16.7490 | BS: 49500 | FPS: 100.8709 | T: 0:22:43
| train          | F: 100000 | S: 50000 | E: 100 | L: 1000 | R: 54.8325 | BS: 50000 | FPS: 92.6872 | T: 0:22:54
| eval           | F: 100000 | S: 50000 | E: 100 | L: 1000 | R: 171.2043 | T: 0:22:54
| train          | F: 101000 | S: 50500 | E: 101 | L: 1000 | R: 497.1839 | BS: 50500 | FPS: 25.1760 | T: 0:23:33
| train          | F: 102000 | S: 51000 | E: 102 | L: 1000 | R: 9.7645 | BS: 51000 | FPS: 98.8865 | T: 0:23:44
| train          | F: 103000 | S: 51500 | E: 103 | L: 1000 | R: 496.2799 | BS: 51500 | FPS: 92.6389 | T: 0:23:54
| train          | F: 104000 | S: 52000 | E: 104 | L: 1000 | R: 252.2650 | BS: 52000 | FPS: 87.4216 | T: 0:24:06
| train          | F: 105000 | S: 52500 | E: 105 | L: 1000 | R: 45.6145 | BS: 52500 | FPS: 98.5930 | T: 0:24:16
| train          | F: 106000 | S: 53000 | E: 106 | L: 1000 | R: 12.1263 | BS: 53000 | FPS: 100.2427 | T: 0:24:26
| train          | F: 107000 | S: 53500 | E: 107 | L: 1000 | R: 103.2553 | BS: 53500 | FPS: 96.4033 | T: 0:24:36
| train          | F: 108000 | S: 54000 | E: 108 | L: 1000 | R: 248.4077 | BS: 54000 | FPS: 97.5662 | T: 0:24:47
| train          | F: 109000 | S: 54500 | E: 109 | L: 1000 | R: 252.5571 | BS: 54500 | FPS: 76.3918 | T: 0:25:00
| train          | F: 110000 | S: 55000 | E: 110 | L: 1000 | R: 20.4345 | BS: 55000 | FPS: 74.2053 | T: 0:25:13
| eval           | F: 110000 | S: 55000 | E: 110 | L: 1000 | R: 132.7261 | T: 0:25:13
| train          | F: 111000 | S: 55500 | E: 111 | L: 1000 | R: 16.4455 | BS: 55500 | FPS: 23.9445 | T: 0:25:55
| train          | F: 112000 | S: 56000 | E: 112 | L: 1000 | R: 251.8117 | BS: 56000 | FPS: 95.6796 | T: 0:26:05
| train          | F: 113000 | S: 56500 | E: 113 | L: 1000 | R: 11.0055 | BS: 56500 | FPS: 97.1588 | T: 0:26:16
| train          | F: 114000 | S: 57000 | E: 114 | L: 1000 | R: 175.0237 | BS: 57000 | FPS: 100.6842 | T: 0:26:26
| train          | F: 115000 | S: 57500 | E: 115 | L: 1000 | R: 21.9192 | BS: 57500 | FPS: 102.4357 | T: 0:26:35
| train          | F: 116000 | S: 58000 | E: 116 | L: 1000 | R: 12.1413 | BS: 58000 | FPS: 95.3993 | T: 0:26:46
| train          | F: 117000 | S: 58500 | E: 117 | L: 1000 | R: 497.5511 | BS: 58500 | FPS: 90.8855 | T: 0:26:57
| train          | F: 118000 | S: 59000 | E: 118 | L: 1000 | R: 16.8661 | BS: 59000 | FPS: 94.3800 | T: 0:27:07
| train          | F: 119000 | S: 59500 | E: 119 | L: 1000 | R: 8.5573 | BS: 59500 | FPS: 92.6803 | T: 0:27:18
| train          | F: 120000 | S: 60000 | E: 120 | L: 1000 | R: 14.8551 | BS: 60000 | FPS: 93.5623 | T: 0:27:29
| eval           | F: 120000 | S: 60000 | E: 120 | L: 1000 | R: 13.3456 | T: 0:27:29
| train          | F: 121000 | S: 60500 | E: 121 | L: 1000 | R: 6.4797 | BS: 60500 | FPS: 25.3670 | T: 0:28:08
| train          | F: 122000 | S: 61000 | E: 122 | L: 1000 | R: 13.4837 | BS: 61000 | FPS: 99.4459 | T: 0:28:18
| train          | F: 123000 | S: 61500 | E: 123 | L: 1000 | R: 12.2617 | BS: 61500 | FPS: 100.3277 | T: 0:28:28
| train          | F: 124000 | S: 62000 | E: 124 | L: 1000 | R: 10.4668 | BS: 62000 | FPS: 97.6097 | T: 0:28:39
| train          | F: 125000 | S: 62500 | E: 125 | L: 1000 | R: 4.8421 | BS: 62500 | FPS: 100.4178 | T: 0:28:49
| train          | F: 126000 | S: 63000 | E: 126 | L: 1000 | R: 30.4902 | BS: 63000 | FPS: 98.1682 | T: 0:28:59
| train          | F: 127000 | S: 63500 | E: 127 | L: 1000 | R: 9.7081 | BS: 63500 | FPS: 95.8681 | T: 0:29:09
| train          | F: 128000 | S: 64000 | E: 128 | L: 1000 | R: 9.9641 | BS: 64000 | FPS: 94.9629 | T: 0:29:20
| train          | F: 129000 | S: 64500 | E: 129 | L: 1000 | R: 11.7860 | BS: 64500 | FPS: 99.9282 | T: 0:29:30
| train          | F: 130000 | S: 65000 | E: 130 | L: 1000 | R: 400.7469 | BS: 65000 | FPS: 97.8804 | T: 0:29:40
| eval           | F: 130000 | S: 65000 | E: 130 | L: 1000 | R: 152.5456 | T: 0:29:40
| train          | F: 131000 | S: 65500 | E: 131 | L: 1000 | R: 492.4226 | BS: 65500 | FPS: 27.8067 | T: 0:30:16
| train          | F: 132000 | S: 66000 | E: 132 | L: 1000 | R: 281.3419 | BS: 66000 | FPS: 98.8887 | T: 0:30:26
| train          | F: 133000 | S: 66500 | E: 133 | L: 1000 | R: 6.3732 | BS: 66500 | FPS: 78.1162 | T: 0:30:39
| train          | F: 134000 | S: 67000 | E: 134 | L: 1000 | R: 19.1893 | BS: 67000 | FPS: 79.0131 | T: 0:30:51
| train          | F: 135000 | S: 67500 | E: 135 | L: 1000 | R: 7.2057 | BS: 67500 | FPS: 71.5660 | T: 0:31:05
| train          | F: 136000 | S: 68000 | E: 136 | L: 1000 | R: 12.3568 | BS: 68000 | FPS: 91.0370 | T: 0:31:16
| train          | F: 137000 | S: 68500 | E: 137 | L: 1000 | R: 256.6463 | BS: 68500 | FPS: 95.2646 | T: 0:31:27
| train          | F: 138000 | S: 69000 | E: 138 | L: 1000 | R: 496.2003 | BS: 69000 | FPS: 76.2964 | T: 0:31:40
| train          | F: 139000 | S: 69500 | E: 139 | L: 1000 | R: 256.8291 | BS: 69500 | FPS: 90.8198 | T: 0:31:51
| train          | F: 140000 | S: 70000 | E: 140 | L: 1000 | R: 11.5366 | BS: 70000 | FPS: 74.3389 | T: 0:32:04
| eval           | F: 140000 | S: 70000 | E: 140 | L: 1000 | R: 193.7407 | T: 0:32:04
| train          | F: 141000 | S: 70500 | E: 141 | L: 1000 | R: 129.8957 | BS: 70500 | FPS: 23.8757 | T: 0:32:46
| train          | F: 142000 | S: 71000 | E: 142 | L: 1000 | R: 8.9518 | BS: 71000 | FPS: 95.9017 | T: 0:32:57
| train          | F: 143000 | S: 71500 | E: 143 | L: 1000 | R: 491.6641 | BS: 71500 | FPS: 78.2583 | T: 0:33:10
| train          | F: 144000 | S: 72000 | E: 144 | L: 1000 | R: 10.3762 | BS: 72000 | FPS: 91.7419 | T: 0:33:20
| train          | F: 145000 | S: 72500 | E: 145 | L: 1000 | R: 490.3066 | BS: 72500 | FPS: 96.1327 | T: 0:33:31
| train          | F: 146000 | S: 73000 | E: 146 | L: 1000 | R: 9.6860 | BS: 73000 | FPS: 77.7186 | T: 0:33:44
| train          | F: 147000 | S: 73500 | E: 147 | L: 1000 | R: 59.4966 | BS: 73500 | FPS: 71.7166 | T: 0:33:58
| train          | F: 148000 | S: 74000 | E: 148 | L: 1000 | R: 7.6985 | BS: 74000 | FPS: 76.6577 | T: 0:34:11
| train          | F: 149000 | S: 74500 | E: 149 | L: 1000 | R: 37.2931 | BS: 74500 | FPS: 81.5204 | T: 0:34:23
| train          | F: 150000 | S: 75000 | E: 150 | L: 1000 | R: 254.7587 | BS: 75000 | FPS: 87.1294 | T: 0:34:34
| eval           | F: 150000 | S: 75000 | E: 150 | L: 1000 | R: 79.0198 | T: 0:34:34
| train          | F: 151000 | S: 75500 | E: 151 | L: 1000 | R: 16.5734 | BS: 75500 | FPS: 25.7452 | T: 0:35:13
| train          | F: 152000 | S: 76000 | E: 152 | L: 1000 | R: 30.3991 | BS: 76000 | FPS: 95.8219 | T: 0:35:24
| train          | F: 153000 | S: 76500 | E: 153 | L: 1000 | R: 17.0396 | BS: 76500 | FPS: 92.3871 | T: 0:35:35
| train          | F: 154000 | S: 77000 | E: 154 | L: 1000 | R: 11.2948 | BS: 77000 | FPS: 96.8122 | T: 0:35:45
| train          | F: 155000 | S: 77500 | E: 155 | L: 1000 | R: 21.9770 | BS: 77500 | FPS: 100.0287 | T: 0:35:55
| train          | F: 156000 | S: 78000 | E: 156 | L: 1000 | R: 10.8085 | BS: 78000 | FPS: 98.6861 | T: 0:36:05
| train          | F: 157000 | S: 78500 | E: 157 | L: 1000 | R: 18.6200 | BS: 78500 | FPS: 98.6695 | T: 0:36:15
| train          | F: 158000 | S: 79000 | E: 158 | L: 1000 | R: 12.5409 | BS: 79000 | FPS: 97.9258 | T: 0:36:25
| train          | F: 159000 | S: 79500 | E: 159 | L: 1000 | R: 259.1956 | BS: 79500 | FPS: 100.0189 | T: 0:36:35
| train          | F: 160000 | S: 80000 | E: 160 | L: 1000 | R: 20.3964 | BS: 80000 | FPS: 97.7796 | T: 0:36:46
| eval           | F: 160000 | S: 80000 | E: 160 | L: 1000 | R: 195.4262 | T: 0:36:46
| train          | F: 161000 | S: 80500 | E: 161 | L: 1000 | R: 14.7665 | BS: 80500 | FPS: 26.9684 | T: 0:37:23
| train          | F: 162000 | S: 81000 | E: 162 | L: 1000 | R: 17.9035 | BS: 81000 | FPS: 91.5811 | T: 0:37:34
| train          | F: 163000 | S: 81500 | E: 163 | L: 1000 | R: 258.0031 | BS: 81500 | FPS: 102.7339 | T: 0:37:43
| train          | F: 164000 | S: 82000 | E: 164 | L: 1000 | R: 19.1373 | BS: 82000 | FPS: 98.3982 | T: 0:37:53
| train          | F: 165000 | S: 82500 | E: 165 | L: 1000 | R: 501.9256 | BS: 82500 | FPS: 96.3654 | T: 0:38:04
| train          | F: 166000 | S: 83000 | E: 166 | L: 1000 | R: 19.6612 | BS: 83000 | FPS: 89.0098 | T: 0:38:15
| train          | F: 167000 | S: 83500 | E: 167 | L: 1000 | R: 60.7465 | BS: 83500 | FPS: 93.1235 | T: 0:38:26
| train          | F: 168000 | S: 84000 | E: 168 | L: 1000 | R: 10.4270 | BS: 84000 | FPS: 97.6204 | T: 0:38:36
| train          | F: 169000 | S: 84500 | E: 169 | L: 1000 | R: 11.7998 | BS: 84500 | FPS: 89.4526 | T: 0:38:47
| train          | F: 170000 | S: 85000 | E: 170 | L: 1000 | R: 495.1840 | BS: 85000 | FPS: 94.8961 | T: 0:38:58
| eval           | F: 170000 | S: 85000 | E: 170 | L: 1000 | R: 185.3502 | T: 0:38:58
| train          | F: 171000 | S: 85500 | E: 171 | L: 1000 | R: 507.3713 | BS: 85500 | FPS: 24.7527 | T: 0:39:38
| train          | F: 172000 | S: 86000 | E: 172 | L: 1000 | R: 42.6088 | BS: 86000 | FPS: 95.3447 | T: 0:39:49
| train          | F: 173000 | S: 86500 | E: 173 | L: 1000 | R: 258.8331 | BS: 86500 | FPS: 95.7395 | T: 0:39:59
| train          | F: 174000 | S: 87000 | E: 174 | L: 1000 | R: 39.0520 | BS: 87000 | FPS: 94.6369 | T: 0:40:10
| train          | F: 175000 | S: 87500 | E: 175 | L: 1000 | R: 236.9853 | BS: 87500 | FPS: 90.2410 | T: 0:40:21
| train          | F: 176000 | S: 88000 | E: 176 | L: 1000 | R: 17.9190 | BS: 88000 | FPS: 96.4035 | T: 0:40:31
| train          | F: 177000 | S: 88500 | E: 177 | L: 1000 | R: 6.7360 | BS: 88500 | FPS: 96.5741 | T: 0:40:41
| train          | F: 178000 | S: 89000 | E: 178 | L: 1000 | R: 259.4532 | BS: 89000 | FPS: 94.8520 | T: 0:40:52
| train          | F: 179000 | S: 89500 | E: 179 | L: 1000 | R: 64.3690 | BS: 89500 | FPS: 96.2028 | T: 0:41:02
| train          | F: 180000 | S: 90000 | E: 180 | L: 1000 | R: 9.3760 | BS: 90000 | FPS: 91.4151 | T: 0:41:13
| eval           | F: 180000 | S: 90000 | E: 180 | L: 1000 | R: 38.5486 | T: 0:41:13
| train          | F: 181000 | S: 90500 | E: 181 | L: 1000 | R: 81.2451 | BS: 90500 | FPS: 25.0352 | T: 0:41:53
| train          | F: 182000 | S: 91000 | E: 182 | L: 1000 | R: 506.1955 | BS: 91000 | FPS: 95.1139 | T: 0:42:04
| train          | F: 183000 | S: 91500 | E: 183 | L: 1000 | R: 18.9000 | BS: 91500 | FPS: 98.2799 | T: 0:42:14
| train          | F: 184000 | S: 92000 | E: 184 | L: 1000 | R: 202.4501 | BS: 92000 | FPS: 99.3765 | T: 0:42:24
| train          | F: 185000 | S: 92500 | E: 185 | L: 1000 | R: 15.9812 | BS: 92500 | FPS: 91.7563 | T: 0:42:35
| train          | F: 186000 | S: 93000 | E: 186 | L: 1000 | R: 18.7415 | BS: 93000 | FPS: 98.0465 | T: 0:42:45
| train          | F: 187000 | S: 93500 | E: 187 | L: 1000 | R: 21.1319 | BS: 93500 | FPS: 76.2697 | T: 0:42:58
| train          | F: 188000 | S: 94000 | E: 188 | L: 1000 | R: 246.4515 | BS: 94000 | FPS: 75.5998 | T: 0:43:12
| train          | F: 189000 | S: 94500 | E: 189 | L: 1000 | R: 226.1866 | BS: 94500 | FPS: 75.8206 | T: 0:43:25
| train          | F: 190000 | S: 95000 | E: 190 | L: 1000 | R: 23.2480 | BS: 95000 | FPS: 80.4888 | T: 0:43:37
| eval           | F: 190000 | S: 95000 | E: 190 | L: 1000 | R: 116.0667 | T: 0:43:37
| train          | F: 191000 | S: 95500 | E: 191 | L: 1000 | R: 249.9669 | BS: 95500 | FPS: 25.4661 | T: 0:44:16
| train          | F: 192000 | S: 96000 | E: 192 | L: 1000 | R: 13.9547 | BS: 96000 | FPS: 101.2154 | T: 0:44:26
| train          | F: 193000 | S: 96500 | E: 193 | L: 1000 | R: 504.5381 | BS: 96500 | FPS: 99.8373 | T: 0:44:36
| train          | F: 194000 | S: 97000 | E: 194 | L: 1000 | R: 28.1425 | BS: 97000 | FPS: 90.7672 | T: 0:44:47
| train          | F: 195000 | S: 97500 | E: 195 | L: 1000 | R: 30.9029 | BS: 97500 | FPS: 94.0258 | T: 0:44:58
| train          | F: 196000 | S: 98000 | E: 196 | L: 1000 | R: 23.9604 | BS: 98000 | FPS: 98.1664 | T: 0:45:08
| train          | F: 197000 | S: 98500 | E: 197 | L: 1000 | R: 22.1839 | BS: 98500 | FPS: 98.0659 | T: 0:45:18
| train          | F: 198000 | S: 99000 | E: 198 | L: 1000 | R: 16.8478 | BS: 99000 | FPS: 96.9027 | T: 0:45:29
| train          | F: 199000 | S: 99500 | E: 199 | L: 1000 | R: 27.2662 | BS: 99500 | FPS: 97.9603 | T: 0:45:39
| train          | F: 200000 | S: 100000 | E: 200 | L: 1000 | R: 27.7133 | BS: 100000 | FPS: 93.5161 | T: 0:45:50
| eval           | F: 200000 | S: 100000 | E: 200 | L: 1000 | R: 76.1706 | T: 0:45:50
| train          | F: 201000 | S: 100500 | E: 201 | L: 1000 | R: 25.0348 | BS: 100500 | FPS: 18.8656 | T: 0:46:43
| train          | F: 202000 | S: 101000 | E: 202 | L: 1000 | R: 507.5205 | BS: 101000 | FPS: 78.3279 | T: 0:46:55
| train          | F: 203000 | S: 101500 | E: 203 | L: 1000 | R: 25.8614 | BS: 101500 | FPS: 101.2753 | T: 0:47:05
| train          | F: 204000 | S: 102000 | E: 204 | L: 1000 | R: 23.7638 | BS: 102000 | FPS: 95.3582 | T: 0:47:16
| train          | F: 205000 | S: 102500 | E: 205 | L: 1000 | R: 36.9426 | BS: 102500 | FPS: 96.4144 | T: 0:47:26
| train          | F: 206000 | S: 103000 | E: 206 | L: 1000 | R: 266.0729 | BS: 103000 | FPS: 91.6168 | T: 0:47:37
| train          | F: 207000 | S: 103500 | E: 207 | L: 1000 | R: 33.3712 | BS: 103500 | FPS: 97.1250 | T: 0:47:47
| train          | F: 208000 | S: 104000 | E: 208 | L: 1000 | R: 278.3173 | BS: 104000 | FPS: 98.7609 | T: 0:47:57
| train          | F: 209000 | S: 104500 | E: 209 | L: 1000 | R: 45.4100 | BS: 104500 | FPS: 99.5911 | T: 0:48:07
| train          | F: 210000 | S: 105000 | E: 210 | L: 1000 | R: 44.7858 | BS: 105000 | FPS: 96.4132 | T: 0:48:18
| eval           | F: 210000 | S: 105000 | E: 210 | L: 1000 | R: 160.6450 | T: 0:48:18
| train          | F: 211000 | S: 105500 | E: 211 | L: 1000 | R: 388.4324 | BS: 105500 | FPS: 25.9015 | T: 0:48:56
| train          | F: 212000 | S: 106000 | E: 212 | L: 1000 | R: 24.6284 | BS: 106000 | FPS: 95.5157 | T: 0:49:07
| train          | F: 213000 | S: 106500 | E: 213 | L: 1000 | R: 20.5381 | BS: 106500 | FPS: 95.4223 | T: 0:49:17
| train          | F: 214000 | S: 107000 | E: 214 | L: 1000 | R: 249.7545 | BS: 107000 | FPS: 92.6878 | T: 0:49:28
| train          | F: 215000 | S: 107500 | E: 215 | L: 1000 | R: 32.3090 | BS: 107500 | FPS: 80.6526 | T: 0:49:41
| train          | F: 216000 | S: 108000 | E: 216 | L: 1000 | R: 487.9580 | BS: 108000 | FPS: 71.4734 | T: 0:49:55
| train          | F: 217000 | S: 108500 | E: 217 | L: 1000 | R: 30.9462 | BS: 108500 | FPS: 82.7464 | T: 0:50:07
| train          | F: 218000 | S: 109000 | E: 218 | L: 1000 | R: 226.1275 | BS: 109000 | FPS: 81.2391 | T: 0:50:19
| train          | F: 219000 | S: 109500 | E: 219 | L: 1000 | R: 157.3033 | BS: 109500 | FPS: 70.5861 | T: 0:50:33
| train          | F: 220000 | S: 110000 | E: 220 | L: 1000 | R: 38.2061 | BS: 110000 | FPS: 76.6238 | T: 0:50:46
| eval           | F: 220000 | S: 110000 | E: 220 | L: 1000 | R: 70.3419 | T: 0:50:46
| train          | F: 221000 | S: 110500 | E: 221 | L: 1000 | R: 12.4614 | BS: 110500 | FPS: 25.3745 | T: 0:51:26
| train          | F: 222000 | S: 111000 | E: 222 | L: 1000 | R: 291.3051 | BS: 111000 | FPS: 102.0699 | T: 0:51:35
| train          | F: 223000 | S: 111500 | E: 223 | L: 1000 | R: 24.0418 | BS: 111500 | FPS: 99.0571 | T: 0:51:45
| train          | F: 224000 | S: 112000 | E: 224 | L: 1000 | R: 39.3543 | BS: 112000 | FPS: 97.9879 | T: 0:51:56
| train          | F: 225000 | S: 112500 | E: 225 | L: 1000 | R: 23.8360 | BS: 112500 | FPS: 93.2833 | T: 0:52:06
| train          | F: 226000 | S: 113000 | E: 226 | L: 1000 | R: 31.3705 | BS: 113000 | FPS: 96.0840 | T: 0:52:17
| train          | F: 227000 | S: 113500 | E: 227 | L: 1000 | R: 25.6852 | BS: 113500 | FPS: 94.1518 | T: 0:52:27
| train          | F: 228000 | S: 114000 | E: 228 | L: 1000 | R: 43.2661 | BS: 114000 | FPS: 96.3755 | T: 0:52:38
| train          | F: 229000 | S: 114500 | E: 229 | L: 1000 | R: 38.7666 | BS: 114500 | FPS: 89.5180 | T: 0:52:49
| train          | F: 230000 | S: 115000 | E: 230 | L: 1000 | R: 495.9449 | BS: 115000 | FPS: 93.5623 | T: 0:53:00
| eval           | F: 230000 | S: 115000 | E: 230 | L: 1000 | R: 262.1087 | T: 0:53:00
| train          | F: 231000 | S: 115500 | E: 231 | L: 1000 | R: 60.4626 | BS: 115500 | FPS: 27.4411 | T: 0:53:36
| train          | F: 232000 | S: 116000 | E: 232 | L: 1000 | R: 472.5480 | BS: 116000 | FPS: 74.5388 | T: 0:53:49
| train          | F: 233000 | S: 116500 | E: 233 | L: 1000 | R: 12.9341 | BS: 116500 | FPS: 74.1312 | T: 0:54:03
| train          | F: 234000 | S: 117000 | E: 234 | L: 1000 | R: 488.6150 | BS: 117000 | FPS: 79.3496 | T: 0:54:16
| train          | F: 235000 | S: 117500 | E: 235 | L: 1000 | R: 133.6913 | BS: 117500 | FPS: 94.5533 | T: 0:54:26
| train          | F: 236000 | S: 118000 | E: 236 | L: 1000 | R: 252.1681 | BS: 118000 | FPS: 100.4491 | T: 0:54:36
| train          | F: 237000 | S: 118500 | E: 237 | L: 1000 | R: 20.8532 | BS: 118500 | FPS: 100.4737 | T: 0:54:46
| train          | F: 238000 | S: 119000 | E: 238 | L: 1000 | R: 13.8454 | BS: 119000 | FPS: 97.0056 | T: 0:54:56
| train          | F: 239000 | S: 119500 | E: 239 | L: 1000 | R: 16.7917 | BS: 119500 | FPS: 92.0855 | T: 0:55:07
| train          | F: 240000 | S: 120000 | E: 240 | L: 1000 | R: 483.8701 | BS: 120000 | FPS: 93.3917 | T: 0:55:18
| eval           | F: 240000 | S: 120000 | E: 240 | L: 1000 | R: 125.1692 | T: 0:55:18
| train          | F: 241000 | S: 120500 | E: 241 | L: 1000 | R: 31.5961 | BS: 120500 | FPS: 18.7840 | T: 0:56:11
| train          | F: 242000 | S: 121000 | E: 242 | L: 1000 | R: 500.4144 | BS: 121000 | FPS: 75.7945 | T: 0:56:24
| train          | F: 243000 | S: 121500 | E: 243 | L: 1000 | R: 19.7725 | BS: 121500 | FPS: 78.9381 | T: 0:56:37
| train          | F: 244000 | S: 122000 | E: 244 | L: 1000 | R: 26.2992 | BS: 122000 | FPS: 78.9690 | T: 0:56:50
| train          | F: 245000 | S: 122500 | E: 245 | L: 1000 | R: 48.8938 | BS: 122500 | FPS: 77.1942 | T: 0:57:03
| train          | F: 246000 | S: 123000 | E: 246 | L: 1000 | R: 24.0531 | BS: 123000 | FPS: 77.0254 | T: 0:57:16
| train          | F: 247000 | S: 123500 | E: 247 | L: 1000 | R: 463.0479 | BS: 123500 | FPS: 88.5869 | T: 0:57:27
| train          | F: 248000 | S: 124000 | E: 248 | L: 1000 | R: 26.9307 | BS: 124000 | FPS: 92.5830 | T: 0:57:38
| train          | F: 249000 | S: 124500 | E: 249 | L: 1000 | R: 20.4516 | BS: 124500 | FPS: 71.4159 | T: 0:57:52
| train          | F: 250000 | S: 125000 | E: 250 | L: 1000 | R: 402.7562 | BS: 125000 | FPS: 90.1890 | T: 0:58:03
| eval           | F: 250000 | S: 125000 | E: 250 | L: 1000 | R: 178.6682 | T: 0:58:03
| train          | F: 251000 | S: 125500 | E: 251 | L: 1000 | R: 19.8478 | BS: 125500 | FPS: 25.3660 | T: 0:58:42
| train          | F: 252000 | S: 126000 | E: 252 | L: 1000 | R: 276.3919 | BS: 126000 | FPS: 99.7254 | T: 0:58:52
| train          | F: 253000 | S: 126500 | E: 253 | L: 1000 | R: 36.1722 | BS: 126500 | FPS: 99.9368 | T: 0:59:02
| train          | F: 254000 | S: 127000 | E: 254 | L: 1000 | R: 238.1681 | BS: 127000 | FPS: 93.7238 | T: 0:59:13
| train          | F: 255000 | S: 127500 | E: 255 | L: 1000 | R: 24.7826 | BS: 127500 | FPS: 93.6899 | T: 0:59:24
| train          | F: 256000 | S: 128000 | E: 256 | L: 1000 | R: 250.6388 | BS: 128000 | FPS: 98.0797 | T: 0:59:34
| train          | F: 257000 | S: 128500 | E: 257 | L: 1000 | R: 36.1518 | BS: 128500 | FPS: 83.6572 | T: 0:59:46
| train          | F: 258000 | S: 129000 | E: 258 | L: 1000 | R: 246.9598 | BS: 129000 | FPS: 99.9547 | T: 0:59:56
| train          | F: 259000 | S: 129500 | E: 259 | L: 1000 | R: 273.3824 | BS: 129500 | FPS: 97.3009 | T: 1:00:06
| train          | F: 260000 | S: 130000 | E: 260 | L: 1000 | R: 395.5488 | BS: 130000 | FPS: 95.6860 | T: 1:00:17
| eval           | F: 260000 | S: 130000 | E: 260 | L: 1000 | R: 168.7501 | T: 1:00:17
| train          | F: 261000 | S: 130500 | E: 261 | L: 1000 | R: 492.7481 | BS: 130500 | FPS: 24.7919 | T: 1:00:57
| train          | F: 262000 | S: 131000 | E: 262 | L: 1000 | R: 243.8809 | BS: 131000 | FPS: 100.7727 | T: 1:01:07
| train          | F: 263000 | S: 131500 | E: 263 | L: 1000 | R: 25.0791 | BS: 131500 | FPS: 98.1614 | T: 1:01:17
| train          | F: 264000 | S: 132000 | E: 264 | L: 1000 | R: 41.0895 | BS: 132000 | FPS: 90.8236 | T: 1:01:28
| train          | F: 265000 | S: 132500 | E: 265 | L: 1000 | R: 20.6512 | BS: 132500 | FPS: 97.5759 | T: 1:01:38
| train          | F: 266000 | S: 133000 | E: 266 | L: 1000 | R: 39.8936 | BS: 133000 | FPS: 94.1098 | T: 1:01:49
| train          | F: 267000 | S: 133500 | E: 267 | L: 1000 | R: 489.2150 | BS: 133500 | FPS: 96.6953 | T: 1:01:59
| train          | F: 268000 | S: 134000 | E: 268 | L: 1000 | R: 18.9227 | BS: 134000 | FPS: 93.6841 | T: 1:02:10
| train          | F: 269000 | S: 134500 | E: 269 | L: 1000 | R: 279.1807 | BS: 134500 | FPS: 94.9277 | T: 1:02:20
| train          | F: 270000 | S: 135000 | E: 270 | L: 1000 | R: 20.6867 | BS: 135000 | FPS: 96.2556 | T: 1:02:31
| eval           | F: 270000 | S: 135000 | E: 270 | L: 1000 | R: 132.8034 | T: 1:02:31
| train          | F: 271000 | S: 135500 | E: 271 | L: 1000 | R: 42.4314 | BS: 135500 | FPS: 25.0338 | T: 1:03:11
| train          | F: 272000 | S: 136000 | E: 272 | L: 1000 | R: 503.3993 | BS: 136000 | FPS: 92.3115 | T: 1:03:22
| train          | F: 273000 | S: 136500 | E: 273 | L: 1000 | R: 8.2800 | BS: 136500 | FPS: 94.3830 | T: 1:03:32
| train          | F: 274000 | S: 137000 | E: 274 | L: 1000 | R: 36.8699 | BS: 137000 | FPS: 94.9484 | T: 1:03:43
| train          | F: 275000 | S: 137500 | E: 275 | L: 1000 | R: 5.4681 | BS: 137500 | FPS: 96.0268 | T: 1:03:53
| train          | F: 276000 | S: 138000 | E: 276 | L: 1000 | R: 273.9307 | BS: 138000 | FPS: 97.2615 | T: 1:04:03
| train          | F: 277000 | S: 138500 | E: 277 | L: 1000 | R: 23.5864 | BS: 138500 | FPS: 94.9469 | T: 1:04:14
| train          | F: 278000 | S: 139000 | E: 278 | L: 1000 | R: 27.1235 | BS: 139000 | FPS: 95.1254 | T: 1:04:24
| train          | F: 279000 | S: 139500 | E: 279 | L: 1000 | R: 481.4470 | BS: 139500 | FPS: 93.5113 | T: 1:04:35
| train          | F: 280000 | S: 140000 | E: 280 | L: 1000 | R: 477.6559 | BS: 140000 | FPS: 80.5922 | T: 1:04:48
| eval           | F: 280000 | S: 140000 | E: 280 | L: 1000 | R: 163.5210 | T: 1:04:48
| train          | F: 281000 | S: 140500 | E: 281 | L: 1000 | R: 17.1003 | BS: 140500 | FPS: 18.1893 | T: 1:05:43
| train          | F: 282000 | S: 141000 | E: 282 | L: 1000 | R: 34.0034 | BS: 141000 | FPS: 95.7410 | T: 1:05:53
| train          | F: 283000 | S: 141500 | E: 283 | L: 1000 | R: 20.9072 | BS: 141500 | FPS: 96.7143 | T: 1:06:03
| train          | F: 284000 | S: 142000 | E: 284 | L: 1000 | R: 503.3194 | BS: 142000 | FPS: 96.6863 | T: 1:06:14
| train          | F: 285000 | S: 142500 | E: 285 | L: 1000 | R: 501.3698 | BS: 142500 | FPS: 77.3210 | T: 1:06:27
| train          | F: 286000 | S: 143000 | E: 286 | L: 1000 | R: 31.9109 | BS: 143000 | FPS: 74.2608 | T: 1:06:40
| train          | F: 287000 | S: 143500 | E: 287 | L: 1000 | R: 280.2247 | BS: 143500 | FPS: 75.6295 | T: 1:06:53
| train          | F: 288000 | S: 144000 | E: 288 | L: 1000 | R: 493.0910 | BS: 144000 | FPS: 73.5431 | T: 1:07:07
| train          | F: 289000 | S: 144500 | E: 289 | L: 1000 | R: 26.2505 | BS: 144500 | FPS: 76.6032 | T: 1:07:20
| train          | F: 290000 | S: 145000 | E: 290 | L: 1000 | R: 24.7944 | BS: 145000 | FPS: 72.7983 | T: 1:07:34
| eval           | F: 290000 | S: 145000 | E: 290 | L: 1000 | R: 187.5236 | T: 1:07:34
| train          | F: 291000 | S: 145500 | E: 291 | L: 1000 | R: 283.5152 | BS: 145500 | FPS: 24.5910 | T: 1:08:14
| train          | F: 292000 | S: 146000 | E: 292 | L: 1000 | R: 23.7127 | BS: 146000 | FPS: 105.3423 | T: 1:08:24
| train          | F: 293000 | S: 146500 | E: 293 | L: 1000 | R: 399.0490 | BS: 146500 | FPS: 104.4078 | T: 1:08:33
| train          | F: 294000 | S: 147000 | E: 294 | L: 1000 | R: 281.7569 | BS: 147000 | FPS: 102.7577 | T: 1:08:43
| train          | F: 295000 | S: 147500 | E: 295 | L: 1000 | R: 279.9416 | BS: 147500 | FPS: 98.4902 | T: 1:08:53
| train          | F: 296000 | S: 148000 | E: 296 | L: 1000 | R: 504.3559 | BS: 148000 | FPS: 93.7354 | T: 1:09:04
| train          | F: 297000 | S: 148500 | E: 297 | L: 1000 | R: 16.3581 | BS: 148500 | FPS: 96.5365 | T: 1:09:14
| train          | F: 298000 | S: 149000 | E: 298 | L: 1000 | R: 48.0960 | BS: 149000 | FPS: 92.4166 | T: 1:09:25
| train          | F: 299000 | S: 149500 | E: 299 | L: 1000 | R: 30.9199 | BS: 149500 | FPS: 74.3841 | T: 1:09:39
| train          | F: 300000 | S: 150000 | E: 300 | L: 1000 | R: 34.4063 | BS: 150000 | FPS: 72.6918 | T: 1:09:52
| eval           | F: 300000 | S: 150000 | E: 300 | L: 1000 | R: 147.6498 | T: 1:09:52
| train          | F: 301000 | S: 150500 | E: 301 | L: 1000 | R: 49.1752 | BS: 150500 | FPS: 23.7365 | T: 1:10:34
| train          | F: 302000 | S: 151000 | E: 302 | L: 1000 | R: 22.1343 | BS: 151000 | FPS: 77.1935 | T: 1:10:47
| train          | F: 303000 | S: 151500 | E: 303 | L: 1000 | R: 20.1142 | BS: 151500 | FPS: 78.9090 | T: 1:11:00
| train          | F: 304000 | S: 152000 | E: 304 | L: 1000 | R: 30.6162 | BS: 152000 | FPS: 90.9686 | T: 1:11:11
| train          | F: 305000 | S: 152500 | E: 305 | L: 1000 | R: 17.0994 | BS: 152500 | FPS: 75.4436 | T: 1:11:24
| train          | F: 306000 | S: 153000 | E: 306 | L: 1000 | R: 19.9869 | BS: 153000 | FPS: 74.6839 | T: 1:11:38
| train          | F: 307000 | S: 153500 | E: 307 | L: 1000 | R: 485.5435 | BS: 153500 | FPS: 82.0777 | T: 1:11:50
| train          | F: 308000 | S: 154000 | E: 308 | L: 1000 | R: 26.1054 | BS: 154000 | FPS: 85.9861 | T: 1:12:02
| train          | F: 309000 | S: 154500 | E: 309 | L: 1000 | R: 282.6035 | BS: 154500 | FPS: 95.6969 | T: 1:12:12
| train          | F: 310000 | S: 155000 | E: 310 | L: 1000 | R: 58.2610 | BS: 155000 | FPS: 95.4651 | T: 1:12:22
| eval           | F: 310000 | S: 155000 | E: 310 | L: 1000 | R: 86.5793 | T: 1:12:22
| train          | F: 311000 | S: 155500 | E: 311 | L: 1000 | R: 31.7747 | BS: 155500 | FPS: 25.2233 | T: 1:13:02
| train          | F: 312000 | S: 156000 | E: 312 | L: 1000 | R: 134.9296 | BS: 156000 | FPS: 91.9058 | T: 1:13:13
| train          | F: 313000 | S: 156500 | E: 313 | L: 1000 | R: 21.4204 | BS: 156500 | FPS: 97.3616 | T: 1:13:23
| train          | F: 314000 | S: 157000 | E: 314 | L: 1000 | R: 402.1489 | BS: 157000 | FPS: 93.5689 | T: 1:13:34
| train          | F: 315000 | S: 157500 | E: 315 | L: 1000 | R: 33.6318 | BS: 157500 | FPS: 94.4460 | T: 1:13:45
| train          | F: 316000 | S: 158000 | E: 316 | L: 1000 | R: 21.9362 | BS: 158000 | FPS: 95.3401 | T: 1:13:55
| train          | F: 317000 | S: 158500 | E: 317 | L: 1000 | R: 21.1354 | BS: 158500 | FPS: 93.0784 | T: 1:14:06
| train          | F: 318000 | S: 159000 | E: 318 | L: 1000 | R: 21.3687 | BS: 159000 | FPS: 97.0225 | T: 1:14:16
| train          | F: 319000 | S: 159500 | E: 319 | L: 1000 | R: 112.6807 | BS: 159500 | FPS: 96.2680 | T: 1:14:26
| train          | F: 320000 | S: 160000 | E: 320 | L: 1000 | R: 252.6248 | BS: 160000 | FPS: 92.3137 | T: 1:14:37
| eval           | F: 320000 | S: 160000 | E: 320 | L: 1000 | R: 317.7540 | T: 1:14:37
| train          | F: 321000 | S: 160500 | E: 321 | L: 1000 | R: 510.3608 | BS: 160500 | FPS: 26.5742 | T: 1:15:15
| train          | F: 322000 | S: 161000 | E: 322 | L: 1000 | R: 484.5305 | BS: 161000 | FPS: 103.3114 | T: 1:15:25
| train          | F: 323000 | S: 161500 | E: 323 | L: 1000 | R: 25.6971 | BS: 161500 | FPS: 97.9943 | T: 1:15:35
| train          | F: 324000 | S: 162000 | E: 324 | L: 1000 | R: 502.5701 | BS: 162000 | FPS: 93.6615 | T: 1:15:45
| train          | F: 325000 | S: 162500 | E: 325 | L: 1000 | R: 502.3212 | BS: 162500 | FPS: 100.0456 | T: 1:15:55
| train          | F: 326000 | S: 163000 | E: 326 | L: 1000 | R: 288.5072 | BS: 163000 | FPS: 92.7782 | T: 1:16:06
| train          | F: 327000 | S: 163500 | E: 327 | L: 1000 | R: 35.0876 | BS: 163500 | FPS: 70.9893 | T: 1:16:20
| train          | F: 328000 | S: 164000 | E: 328 | L: 1000 | R: 33.1395 | BS: 164000 | FPS: 71.5509 | T: 1:16:34
| train          | F: 329000 | S: 164500 | E: 329 | L: 1000 | R: 483.2026 | BS: 164500 | FPS: 77.2015 | T: 1:16:47
| train          | F: 330000 | S: 165000 | E: 330 | L: 1000 | R: 283.4668 | BS: 165000 | FPS: 78.0826 | T: 1:17:00
| eval           | F: 330000 | S: 165000 | E: 330 | L: 1000 | R: 199.8613 | T: 1:17:00
| train          | F: 331000 | S: 165500 | E: 331 | L: 1000 | R: 281.1057 | BS: 165500 | FPS: 25.2227 | T: 1:17:40
| train          | F: 332000 | S: 166000 | E: 332 | L: 1000 | R: 507.8368 | BS: 166000 | FPS: 102.1793 | T: 1:17:49
| train          | F: 333000 | S: 166500 | E: 333 | L: 1000 | R: 29.9701 | BS: 166500 | FPS: 96.0139 | T: 1:18:00
| train          | F: 334000 | S: 167000 | E: 334 | L: 1000 | R: 289.2273 | BS: 167000 | FPS: 101.6850 | T: 1:18:10
| train          | F: 335000 | S: 167500 | E: 335 | L: 1000 | R: 526.1593 | BS: 167500 | FPS: 96.7133 | T: 1:18:20
| train          | F: 336000 | S: 168000 | E: 336 | L: 1000 | R: 513.8933 | BS: 168000 | FPS: 96.8979 | T: 1:18:30
| train          | F: 337000 | S: 168500 | E: 337 | L: 1000 | R: 238.4523 | BS: 168500 | FPS: 94.3800 | T: 1:18:41
| train          | F: 338000 | S: 169000 | E: 338 | L: 1000 | R: 20.0173 | BS: 169000 | FPS: 94.1186 | T: 1:18:52
| train          | F: 339000 | S: 169500 | E: 339 | L: 1000 | R: 43.4873 | BS: 169500 | FPS: 94.4730 | T: 1:19:02
| train          | F: 340000 | S: 170000 | E: 340 | L: 1000 | R: 392.6861 | BS: 170000 | FPS: 96.0664 | T: 1:19:13
| eval           | F: 340000 | S: 170000 | E: 340 | L: 1000 | R: 76.6145 | T: 1:19:13
| train          | F: 341000 | S: 170500 | E: 341 | L: 1000 | R: 488.1190 | BS: 170500 | FPS: 25.2341 | T: 1:19:52
| train          | F: 342000 | S: 171000 | E: 342 | L: 1000 | R: 28.3072 | BS: 171000 | FPS: 97.0103 | T: 1:20:03
| train          | F: 343000 | S: 171500 | E: 343 | L: 1000 | R: 29.6022 | BS: 171500 | FPS: 91.3638 | T: 1:20:14
| train          | F: 344000 | S: 172000 | E: 344 | L: 1000 | R: 31.8157 | BS: 172000 | FPS: 96.0961 | T: 1:20:24
| train          | F: 345000 | S: 172500 | E: 345 | L: 1000 | R: 33.2447 | BS: 172500 | FPS: 95.6652 | T: 1:20:34
| train          | F: 346000 | S: 173000 | E: 346 | L: 1000 | R: 8.2472 | BS: 173000 | FPS: 88.4679 | T: 1:20:46
| train          | F: 347000 | S: 173500 | E: 347 | L: 1000 | R: 38.6506 | BS: 173500 | FPS: 99.2181 | T: 1:20:56
| train          | F: 348000 | S: 174000 | E: 348 | L: 1000 | R: 24.3420 | BS: 174000 | FPS: 78.7801 | T: 1:21:08
| train          | F: 349000 | S: 174500 | E: 349 | L: 1000 | R: 19.3225 | BS: 174500 | FPS: 72.7583 | T: 1:21:22
| train          | F: 350000 | S: 175000 | E: 350 | L: 1000 | R: 284.9743 | BS: 175000 | FPS: 72.0026 | T: 1:21:36
| eval           | F: 350000 | S: 175000 | E: 350 | L: 1000 | R: 157.0338 | T: 1:21:36
| train          | F: 351000 | S: 175500 | E: 351 | L: 1000 | R: 20.7866 | BS: 175500 | FPS: 24.1764 | T: 1:22:17
| train          | F: 352000 | S: 176000 | E: 352 | L: 1000 | R: 495.6864 | BS: 176000 | FPS: 80.6973 | T: 1:22:30
| train          | F: 353000 | S: 176500 | E: 353 | L: 1000 | R: 29.9080 | BS: 176500 | FPS: 74.4839 | T: 1:22:43
| train          | F: 354000 | S: 177000 | E: 354 | L: 1000 | R: 16.1260 | BS: 177000 | FPS: 72.9049 | T: 1:22:57
| train          | F: 355000 | S: 177500 | E: 355 | L: 1000 | R: 27.6845 | BS: 177500 | FPS: 73.4209 | T: 1:23:11
| train          | F: 356000 | S: 178000 | E: 356 | L: 1000 | R: 401.2497 | BS: 178000 | FPS: 72.9832 | T: 1:23:24
| train          | F: 357000 | S: 178500 | E: 357 | L: 1000 | R: 20.9835 | BS: 178500 | FPS: 73.2373 | T: 1:23:38
| train          | F: 358000 | S: 179000 | E: 358 | L: 1000 | R: 186.6434 | BS: 179000 | FPS: 89.3000 | T: 1:23:49
| train          | F: 359000 | S: 179500 | E: 359 | L: 1000 | R: 25.1323 | BS: 179500 | FPS: 81.0380 | T: 1:24:01
| train          | F: 360000 | S: 180000 | E: 360 | L: 1000 | R: 25.5479 | BS: 180000 | FPS: 75.7471 | T: 1:24:15
| eval           | F: 360000 | S: 180000 | E: 360 | L: 1000 | R: 191.2672 | T: 1:24:15
| train          | F: 361000 | S: 180500 | E: 361 | L: 1000 | R: 503.9483 | BS: 180500 | FPS: 24.6348 | T: 1:24:55
| train          | F: 362000 | S: 181000 | E: 362 | L: 1000 | R: 10.8318 | BS: 181000 | FPS: 102.0430 | T: 1:25:05
| train          | F: 363000 | S: 181500 | E: 363 | L: 1000 | R: 160.1800 | BS: 181500 | FPS: 101.0084 | T: 1:25:15
| train          | F: 364000 | S: 182000 | E: 364 | L: 1000 | R: 474.7174 | BS: 182000 | FPS: 95.2123 | T: 1:25:25
| train          | F: 365000 | S: 182500 | E: 365 | L: 1000 | R: 46.7888 | BS: 182500 | FPS: 71.6940 | T: 1:25:39
| train          | F: 366000 | S: 183000 | E: 366 | L: 1000 | R: 514.8009 | BS: 183000 | FPS: 74.7015 | T: 1:25:53
| train          | F: 367000 | S: 183500 | E: 367 | L: 1000 | R: 26.0766 | BS: 183500 | FPS: 85.7492 | T: 1:26:04
| train          | F: 368000 | S: 184000 | E: 368 | L: 1000 | R: 25.8612 | BS: 184000 | FPS: 91.7969 | T: 1:26:15
| train          | F: 369000 | S: 184500 | E: 369 | L: 1000 | R: 21.3728 | BS: 184500 | FPS: 96.4765 | T: 1:26:26
| train          | F: 370000 | S: 185000 | E: 370 | L: 1000 | R: 281.9489 | BS: 185000 | FPS: 95.8745 | T: 1:26:36
| eval           | F: 370000 | S: 185000 | E: 370 | L: 1000 | R: 125.2248 | T: 1:26:36
| train          | F: 371000 | S: 185500 | E: 371 | L: 1000 | R: 30.0832 | BS: 185500 | FPS: 25.0621 | T: 1:27:16
| train          | F: 372000 | S: 186000 | E: 372 | L: 1000 | R: 28.2679 | BS: 186000 | FPS: 97.5797 | T: 1:27:26
| train          | F: 373000 | S: 186500 | E: 373 | L: 1000 | R: 41.7527 | BS: 186500 | FPS: 93.1608 | T: 1:27:37
| train          | F: 374000 | S: 187000 | E: 374 | L: 1000 | R: 23.4080 | BS: 187000 | FPS: 96.4111 | T: 1:27:47
| train          | F: 375000 | S: 187500 | E: 375 | L: 1000 | R: 24.0276 | BS: 187500 | FPS: 94.2039 | T: 1:27:58
| train          | F: 376000 | S: 188000 | E: 376 | L: 1000 | R: 493.7852 | BS: 188000 | FPS: 94.4904 | T: 1:28:09
| train          | F: 377000 | S: 188500 | E: 377 | L: 1000 | R: 44.4842 | BS: 188500 | FPS: 91.7664 | T: 1:28:20
| train          | F: 378000 | S: 189000 | E: 378 | L: 1000 | R: 20.7801 | BS: 189000 | FPS: 95.6451 | T: 1:28:30
| train          | F: 379000 | S: 189500 | E: 379 | L: 1000 | R: 27.8862 | BS: 189500 | FPS: 92.5542 | T: 1:28:41
| train          | F: 380000 | S: 190000 | E: 380 | L: 1000 | R: 283.5362 | BS: 190000 | FPS: 96.7324 | T: 1:28:51
| eval           | F: 380000 | S: 190000 | E: 380 | L: 1000 | R: 35.4251 | T: 1:28:51
| train          | F: 381000 | S: 190500 | E: 381 | L: 1000 | R: 36.8784 | BS: 190500 | FPS: 25.3332 | T: 1:29:31
| train          | F: 382000 | S: 191000 | E: 382 | L: 1000 | R: 71.7724 | BS: 191000 | FPS: 93.7484 | T: 1:29:41
| train          | F: 383000 | S: 191500 | E: 383 | L: 1000 | R: 89.1972 | BS: 191500 | FPS: 92.9438 | T: 1:29:52
| train          | F: 384000 | S: 192000 | E: 384 | L: 1000 | R: 44.8450 | BS: 192000 | FPS: 91.6691 | T: 1:30:03
| train          | F: 385000 | S: 192500 | E: 385 | L: 1000 | R: 13.1472 | BS: 192500 | FPS: 100.4379 | T: 1:30:13
| train          | F: 386000 | S: 193000 | E: 386 | L: 1000 | R: 29.4610 | BS: 193000 | FPS: 77.1234 | T: 1:30:26
| train          | F: 387000 | S: 193500 | E: 387 | L: 1000 | R: 275.9292 | BS: 193500 | FPS: 98.3425 | T: 1:30:36
| train          | F: 388000 | S: 194000 | E: 388 | L: 1000 | R: 19.9543 | BS: 194000 | FPS: 88.4957 | T: 1:30:47
| train          | F: 389000 | S: 194500 | E: 389 | L: 1000 | R: 243.6275 | BS: 194500 | FPS: 85.8590 | T: 1:30:59
| train          | F: 390000 | S: 195000 | E: 390 | L: 1000 | R: 14.6825 | BS: 195000 | FPS: 89.8816 | T: 1:31:10
| eval           | F: 390000 | S: 195000 | E: 390 | L: 1000 | R: 52.3535 | T: 1:31:10
| train          | F: 391000 | S: 195500 | E: 391 | L: 1000 | R: 22.7402 | BS: 195500 | FPS: 24.7280 | T: 1:31:51
| train          | F: 392000 | S: 196000 | E: 392 | L: 1000 | R: 30.4492 | BS: 196000 | FPS: 87.4812 | T: 1:32:02
| train          | F: 393000 | S: 196500 | E: 393 | L: 1000 | R: 4.8361 | BS: 196500 | FPS: 97.8796 | T: 1:32:12
| train          | F: 394000 | S: 197000 | E: 394 | L: 1000 | R: 29.0132 | BS: 197000 | FPS: 89.5603 | T: 1:32:23
| train          | F: 395000 | S: 197500 | E: 395 | L: 1000 | R: 50.4153 | BS: 197500 | FPS: 80.7203 | T: 1:32:36
| train          | F: 396000 | S: 198000 | E: 396 | L: 1000 | R: 272.8898 | BS: 198000 | FPS: 80.1364 | T: 1:32:48
| train          | F: 397000 | S: 198500 | E: 397 | L: 1000 | R: 20.4649 | BS: 198500 | FPS: 95.0952 | T: 1:32:59
| train          | F: 398000 | S: 199000 | E: 398 | L: 1000 | R: 34.7486 | BS: 199000 | FPS: 89.9067 | T: 1:33:10
| train          | F: 399000 | S: 199500 | E: 399 | L: 1000 | R: 43.1566 | BS: 199500 | FPS: 89.4543 | T: 1:33:21
| train          | F: 400000 | S: 200000 | E: 400 | L: 1000 | R: 32.2365 | BS: 200000 | FPS: 93.5059 | T: 1:33:32
| eval           | F: 400000 | S: 200000 | E: 400 | L: 1000 | R: 104.9753 | T: 1:33:32
| train          | F: 401000 | S: 200500 | E: 401 | L: 1000 | R: 32.9954 | BS: 200500 | FPS: 27.2638 | T: 1:34:08
| train          | F: 402000 | S: 201000 | E: 402 | L: 1000 | R: 32.3839 | BS: 201000 | FPS: 93.0669 | T: 1:34:19
| train          | F: 403000 | S: 201500 | E: 403 | L: 1000 | R: 283.2206 | BS: 201500 | FPS: 98.3700 | T: 1:34:29
| train          | F: 404000 | S: 202000 | E: 404 | L: 1000 | R: 39.2897 | BS: 202000 | FPS: 91.5174 | T: 1:34:40
| train          | F: 405000 | S: 202500 | E: 405 | L: 1000 | R: 66.2984 | BS: 202500 | FPS: 89.1277 | T: 1:34:51
| train          | F: 406000 | S: 203000 | E: 406 | L: 1000 | R: 116.0823 | BS: 203000 | FPS: 92.2022 | T: 1:35:02
| train          | F: 407000 | S: 203500 | E: 407 | L: 1000 | R: 39.1354 | BS: 203500 | FPS: 87.0425 | T: 1:35:14
| train          | F: 408000 | S: 204000 | E: 408 | L: 1000 | R: 42.2496 | BS: 204000 | FPS: 93.0998 | T: 1:35:25
| train          | F: 409000 | S: 204500 | E: 409 | L: 1000 | R: 27.2539 | BS: 204500 | FPS: 96.6494 | T: 1:35:35
| train          | F: 410000 | S: 205000 | E: 410 | L: 1000 | R: 40.0930 | BS: 205000 | FPS: 93.4056 | T: 1:35:46
| eval           | F: 410000 | S: 205000 | E: 410 | L: 1000 | R: 181.7513 | T: 1:35:46
| train          | F: 411000 | S: 205500 | E: 411 | L: 1000 | R: 32.5406 | BS: 205500 | FPS: 26.1398 | T: 1:36:24
| train          | F: 412000 | S: 206000 | E: 412 | L: 1000 | R: 40.4877 | BS: 206000 | FPS: 94.0517 | T: 1:36:34
| train          | F: 413000 | S: 206500 | E: 413 | L: 1000 | R: 282.5351 | BS: 206500 | FPS: 96.8921 | T: 1:36:45
| train          | F: 414000 | S: 207000 | E: 414 | L: 1000 | R: 148.1915 | BS: 207000 | FPS: 91.7303 | T: 1:36:56
| train          | F: 415000 | S: 207500 | E: 415 | L: 1000 | R: 23.3179 | BS: 207500 | FPS: 91.9071 | T: 1:37:07
| train          | F: 416000 | S: 208000 | E: 416 | L: 1000 | R: 240.5164 | BS: 208000 | FPS: 95.1957 | T: 1:37:17
| train          | F: 417000 | S: 208500 | E: 417 | L: 1000 | R: 285.2677 | BS: 208500 | FPS: 97.9836 | T: 1:37:27
| train          | F: 418000 | S: 209000 | E: 418 | L: 1000 | R: 80.4190 | BS: 209000 | FPS: 72.6334 | T: 1:37:41
| train          | F: 419000 | S: 209500 | E: 419 | L: 1000 | R: 30.8477 | BS: 209500 | FPS: 70.8511 | T: 1:37:55
| train          | F: 420000 | S: 210000 | E: 420 | L: 1000 | R: 48.5811 | BS: 210000 | FPS: 71.4132 | T: 1:38:09
| eval           | F: 420000 | S: 210000 | E: 420 | L: 1000 | R: 237.2315 | T: 1:38:09
| train          | F: 421000 | S: 210500 | E: 421 | L: 1000 | R: 200.4217 | BS: 210500 | FPS: 24.6813 | T: 1:38:50
| train          | F: 422000 | S: 211000 | E: 422 | L: 1000 | R: 294.7714 | BS: 211000 | FPS: 95.5321 | T: 1:39:00
| train          | F: 423000 | S: 211500 | E: 423 | L: 1000 | R: 47.5950 | BS: 211500 | FPS: 94.8799 | T: 1:39:11
| train          | F: 424000 | S: 212000 | E: 424 | L: 1000 | R: 492.4061 | BS: 212000 | FPS: 98.6158 | T: 1:39:21
| train          | F: 425000 | S: 212500 | E: 425 | L: 1000 | R: 39.5344 | BS: 212500 | FPS: 89.9219 | T: 1:39:32
| train          | F: 426000 | S: 213000 | E: 426 | L: 1000 | R: 484.3205 | BS: 213000 | FPS: 83.7667 | T: 1:39:44
| train          | F: 427000 | S: 213500 | E: 427 | L: 1000 | R: 33.9450 | BS: 213500 | FPS: 73.1176 | T: 1:39:58
| train          | F: 428000 | S: 214000 | E: 428 | L: 1000 | R: 62.0217 | BS: 214000 | FPS: 88.4167 | T: 1:40:09
| train          | F: 429000 | S: 214500 | E: 429 | L: 1000 | R: 16.5770 | BS: 214500 | FPS: 82.6296 | T: 1:40:21
| train          | F: 430000 | S: 215000 | E: 430 | L: 1000 | R: 492.4466 | BS: 215000 | FPS: 74.1997 | T: 1:40:34
| eval           | F: 430000 | S: 215000 | E: 430 | L: 1000 | R: 211.2539 | T: 1:40:34
| train          | F: 431000 | S: 215500 | E: 431 | L: 1000 | R: 503.9490 | BS: 215500 | FPS: 24.0600 | T: 1:41:16
| train          | F: 432000 | S: 216000 | E: 432 | L: 1000 | R: 22.4970 | BS: 216000 | FPS: 101.2413 | T: 1:41:26
| train          | F: 433000 | S: 216500 | E: 433 | L: 1000 | R: 485.5476 | BS: 216500 | FPS: 97.4774 | T: 1:41:36
| train          | F: 434000 | S: 217000 | E: 434 | L: 1000 | R: 469.7020 | BS: 217000 | FPS: 94.1483 | T: 1:41:47
| train          | F: 435000 | S: 217500 | E: 435 | L: 1000 | R: 501.6001 | BS: 217500 | FPS: 97.0937 | T: 1:41:57
| train          | F: 436000 | S: 218000 | E: 436 | L: 1000 | R: 18.2988 | BS: 218000 | FPS: 95.3744 | T: 1:42:08
| train          | F: 437000 | S: 218500 | E: 437 | L: 1000 | R: 290.9944 | BS: 218500 | FPS: 96.7181 | T: 1:42:18
| train          | F: 438000 | S: 219000 | E: 438 | L: 1000 | R: 28.4883 | BS: 219000 | FPS: 93.0160 | T: 1:42:29
| train          | F: 439000 | S: 219500 | E: 439 | L: 1000 | R: 500.6234 | BS: 219500 | FPS: 93.7621 | T: 1:42:39
| train          | F: 440000 | S: 220000 | E: 440 | L: 1000 | R: 278.4831 | BS: 220000 | FPS: 98.6470 | T: 1:42:49
| eval           | F: 440000 | S: 220000 | E: 440 | L: 1000 | R: 179.9064 | T: 1:42:49
| train          | F: 441000 | S: 220500 | E: 441 | L: 1000 | R: 479.4253 | BS: 220500 | FPS: 27.2340 | T: 1:43:26
| train          | F: 442000 | S: 221000 | E: 442 | L: 1000 | R: 274.2794 | BS: 221000 | FPS: 96.9763 | T: 1:43:36
| train          | F: 443000 | S: 221500 | E: 443 | L: 1000 | R: 501.8834 | BS: 221500 | FPS: 95.4225 | T: 1:43:47
| train          | F: 444000 | S: 222000 | E: 444 | L: 1000 | R: 33.8428 | BS: 222000 | FPS: 71.6817 | T: 1:44:01
| train          | F: 445000 | S: 222500 | E: 445 | L: 1000 | R: 40.7124 | BS: 222500 | FPS: 92.3266 | T: 1:44:12
| train          | F: 446000 | S: 223000 | E: 446 | L: 1000 | R: 63.6245 | BS: 223000 | FPS: 93.9872 | T: 1:44:22
| train          | F: 447000 | S: 223500 | E: 447 | L: 1000 | R: 41.2795 | BS: 223500 | FPS: 91.8323 | T: 1:44:33
| train          | F: 448000 | S: 224000 | E: 448 | L: 1000 | R: 477.1949 | BS: 224000 | FPS: 97.8379 | T: 1:44:43
| train          | F: 449000 | S: 224500 | E: 449 | L: 1000 | R: 265.3671 | BS: 224500 | FPS: 99.2626 | T: 1:44:54
| train          | F: 450000 | S: 225000 | E: 450 | L: 1000 | R: 34.0931 | BS: 225000 | FPS: 78.6635 | T: 1:45:06
| eval           | F: 450000 | S: 225000 | E: 450 | L: 1000 | R: 163.7232 | T: 1:45:06
| train          | F: 451000 | S: 225500 | E: 451 | L: 1000 | R: 61.3881 | BS: 225500 | FPS: 25.7022 | T: 1:45:45
| train          | F: 452000 | S: 226000 | E: 452 | L: 1000 | R: 53.4249 | BS: 226000 | FPS: 98.3883 | T: 1:45:55
| train          | F: 453000 | S: 226500 | E: 453 | L: 1000 | R: 30.7024 | BS: 226500 | FPS: 98.8281 | T: 1:46:05
| train          | F: 454000 | S: 227000 | E: 454 | L: 1000 | R: 497.9651 | BS: 227000 | FPS: 91.6783 | T: 1:46:16
| train          | F: 455000 | S: 227500 | E: 455 | L: 1000 | R: 256.5524 | BS: 227500 | FPS: 96.3151 | T: 1:46:27
| train          | F: 456000 | S: 228000 | E: 456 | L: 1000 | R: 40.1733 | BS: 228000 | FPS: 94.3523 | T: 1:46:37
| train          | F: 457000 | S: 228500 | E: 457 | L: 1000 | R: 47.9929 | BS: 228500 | FPS: 74.8580 | T: 1:46:51
| train          | F: 458000 | S: 229000 | E: 458 | L: 1000 | R: 494.9389 | BS: 229000 | FPS: 76.2428 | T: 1:47:04
| train          | F: 459000 | S: 229500 | E: 459 | L: 1000 | R: 34.6694 | BS: 229500 | FPS: 71.7765 | T: 1:47:18
| train          | F: 460000 | S: 230000 | E: 460 | L: 1000 | R: 51.5095 | BS: 230000 | FPS: 78.4969 | T: 1:47:31
| eval           | F: 460000 | S: 230000 | E: 460 | L: 1000 | R: 102.4828 | T: 1:47:31
| train          | F: 461000 | S: 230500 | E: 461 | L: 1000 | R: 253.1312 | BS: 230500 | FPS: 25.1536 | T: 1:48:10
| train          | F: 462000 | S: 231000 | E: 462 | L: 1000 | R: 31.1741 | BS: 231000 | FPS: 96.8233 | T: 1:48:21
| train          | F: 463000 | S: 231500 | E: 463 | L: 1000 | R: 39.7291 | BS: 231500 | FPS: 80.5264 | T: 1:48:33
| train          | F: 464000 | S: 232000 | E: 464 | L: 1000 | R: 222.9866 | BS: 232000 | FPS: 91.4371 | T: 1:48:44
| train          | F: 465000 | S: 232500 | E: 465 | L: 1000 | R: 36.4042 | BS: 232500 | FPS: 98.2519 | T: 1:48:54
| train          | F: 466000 | S: 233000 | E: 466 | L: 1000 | R: 183.6977 | BS: 233000 | FPS: 100.1940 | T: 1:49:04
| train          | F: 467000 | S: 233500 | E: 467 | L: 1000 | R: 38.1298 | BS: 233500 | FPS: 92.4414 | T: 1:49:15
| train          | F: 468000 | S: 234000 | E: 468 | L: 1000 | R: 270.2369 | BS: 234000 | FPS: 97.7172 | T: 1:49:25
| train          | F: 469000 | S: 234500 | E: 469 | L: 1000 | R: 41.2712 | BS: 234500 | FPS: 96.8583 | T: 1:49:35
| train          | F: 470000 | S: 235000 | E: 470 | L: 1000 | R: 125.4886 | BS: 235000 | FPS: 94.7479 | T: 1:49:46
| eval           | F: 470000 | S: 235000 | E: 470 | L: 1000 | R: 100.5351 | T: 1:49:46
| train          | F: 471000 | S: 235500 | E: 471 | L: 1000 | R: 398.1548 | BS: 235500 | FPS: 27.5741 | T: 1:50:22
| train          | F: 472000 | S: 236000 | E: 472 | L: 1000 | R: 41.0448 | BS: 236000 | FPS: 92.9803 | T: 1:50:33
| train          | F: 473000 | S: 236500 | E: 473 | L: 1000 | R: 30.6681 | BS: 236500 | FPS: 92.7561 | T: 1:50:44
| train          | F: 474000 | S: 237000 | E: 474 | L: 1000 | R: 22.9711 | BS: 237000 | FPS: 95.8304 | T: 1:50:54
| train          | F: 475000 | S: 237500 | E: 475 | L: 1000 | R: 196.4360 | BS: 237500 | FPS: 96.4108 | T: 1:51:05
| train          | F: 476000 | S: 238000 | E: 476 | L: 1000 | R: 34.7882 | BS: 238000 | FPS: 91.8352 | T: 1:51:16
| train          | F: 477000 | S: 238500 | E: 477 | L: 1000 | R: 39.8326 | BS: 238500 | FPS: 91.5848 | T: 1:51:26
| train          | F: 478000 | S: 239000 | E: 478 | L: 1000 | R: 25.9808 | BS: 239000 | FPS: 94.0876 | T: 1:51:37
| train          | F: 479000 | S: 239500 | E: 479 | L: 1000 | R: 33.7919 | BS: 239500 | FPS: 88.6744 | T: 1:51:48
| train          | F: 480000 | S: 240000 | E: 480 | L: 1000 | R: 20.9357 | BS: 240000 | FPS: 95.8062 | T: 1:51:59
| eval           | F: 480000 | S: 240000 | E: 480 | L: 1000 | R: 109.2481 | T: 1:51:59
| train          | F: 481000 | S: 240500 | E: 481 | L: 1000 | R: 22.8946 | BS: 240500 | FPS: 26.5220 | T: 1:52:37
| train          | F: 482000 | S: 241000 | E: 482 | L: 1000 | R: 43.9183 | BS: 241000 | FPS: 95.5045 | T: 1:52:47
| train          | F: 483000 | S: 241500 | E: 483 | L: 1000 | R: 23.9603 | BS: 241500 | FPS: 97.1647 | T: 1:52:57
| train          | F: 484000 | S: 242000 | E: 484 | L: 1000 | R: 32.1277 | BS: 242000 | FPS: 90.0938 | T: 1:53:08
| train          | F: 485000 | S: 242500 | E: 485 | L: 1000 | R: 279.2740 | BS: 242500 | FPS: 94.9793 | T: 1:53:19
| train          | F: 486000 | S: 243000 | E: 486 | L: 1000 | R: 270.2663 | BS: 243000 | FPS: 77.0663 | T: 1:53:32
| train          | F: 487000 | S: 243500 | E: 487 | L: 1000 | R: 283.9900 | BS: 243500 | FPS: 75.9583 | T: 1:53:45
| train          | F: 488000 | S: 244000 | E: 488 | L: 1000 | R: 286.4366 | BS: 244000 | FPS: 84.7325 | T: 1:53:57
| train          | F: 489000 | S: 244500 | E: 489 | L: 1000 | R: 293.1408 | BS: 244500 | FPS: 85.4403 | T: 1:54:09
| train          | F: 490000 | S: 245000 | E: 490 | L: 1000 | R: 29.2675 | BS: 245000 | FPS: 93.3878 | T: 1:54:19
| eval           | F: 490000 | S: 245000 | E: 490 | L: 1000 | R: 100.7385 | T: 1:54:19
| train          | F: 491000 | S: 245500 | E: 491 | L: 1000 | R: 30.7057 | BS: 245500 | FPS: 26.8563 | T: 1:54:56
| train          | F: 492000 | S: 246000 | E: 492 | L: 1000 | R: 510.4321 | BS: 246000 | FPS: 96.7666 | T: 1:55:07
| train          | F: 493000 | S: 246500 | E: 493 | L: 1000 | R: 305.5063 | BS: 246500 | FPS: 94.6937 | T: 1:55:17
| train          | F: 494000 | S: 247000 | E: 494 | L: 1000 | R: 31.8987 | BS: 247000 | FPS: 88.6897 | T: 1:55:29
| train          | F: 495000 | S: 247500 | E: 495 | L: 1000 | R: 39.2793 | BS: 247500 | FPS: 90.1631 | T: 1:55:40
| train          | F: 496000 | S: 248000 | E: 496 | L: 1000 | R: 27.1376 | BS: 248000 | FPS: 76.4393 | T: 1:55:53
| train          | F: 497000 | S: 248500 | E: 497 | L: 1000 | R: 33.2523 | BS: 248500 | FPS: 70.5555 | T: 1:56:07
| train          | F: 498000 | S: 249000 | E: 498 | L: 1000 | R: 56.0915 | BS: 249000 | FPS: 92.1197 | T: 1:56:18
| train          | F: 499000 | S: 249500 | E: 499 | L: 1000 | R: 20.7424 | BS: 249500 | FPS: 94.0381 | T: 1:56:28
| train          | F: 500000 | S: 250000 | E: 500 | L: 1000 | R: 37.4094 | BS: 250000 | FPS: 98.1447 | T: 1:56:39
| eval           | F: 500000 | S: 250000 | E: 500 | L: 1000 | R: 196.9003 | T: 1:56:39
| train          | F: 501000 | S: 250500 | E: 501 | L: 1000 | R: 27.6922 | BS: 250500 | FPS: 26.3898 | T: 1:57:17
| train          | F: 502000 | S: 251000 | E: 502 | L: 1000 | R: 500.2750 | BS: 251000 | FPS: 79.3764 | T: 1:57:29
| train          | F: 503000 | S: 251500 | E: 503 | L: 1000 | R: 26.5290 | BS: 251500 | FPS: 96.9869 | T: 1:57:39
| train          | F: 504000 | S: 252000 | E: 504 | L: 1000 | R: 486.2974 | BS: 252000 | FPS: 94.1948 | T: 1:57:50
| train          | F: 505000 | S: 252500 | E: 505 | L: 1000 | R: 34.7058 | BS: 252500 | FPS: 94.3972 | T: 1:58:01
| train          | F: 506000 | S: 253000 | E: 506 | L: 1000 | R: 281.6533 | BS: 253000 | FPS: 94.0184 | T: 1:58:11
| train          | F: 507000 | S: 253500 | E: 507 | L: 1000 | R: 508.5824 | BS: 253500 | FPS: 79.8890 | T: 1:58:24
| train          | F: 508000 | S: 254000 | E: 508 | L: 1000 | R: 499.5256 | BS: 254000 | FPS: 73.5216 | T: 1:58:37
| train          | F: 509000 | S: 254500 | E: 509 | L: 1000 | R: 24.6215 | BS: 254500 | FPS: 75.1154 | T: 1:58:51
