Gym has been unmaintained since 2022 and does not support NumPy 2.0 amongst other critical functionality.
Please upgrade to Gymnasium, the maintained drop-in replacement of Gym, or contact the authors of your software and request that they upgrade.
Users of this version of Gym should be able to simply replace 'import gym' with 'import gymnasium as gym' in the vast majority of cases.
See the migration guide at https://gymnasium.farama.org/introduction/migration_guide/ for additional information.
/workspace/learn-si2e/SI2E/SI2E_A2C/rl-starter-files/rl-starter-files/scripts/train.py --algo a2c --env MiniGrid-DoorKey-16x16-v0 --model dk16-si2e-s2 --frames 3000000 --use_batch --save-interval 100 --log-interval 500 --seed 2 --use_entropy_reward --use_value_condition --beta 0.005

Namespace(algo='a2c', env='MiniGrid-DoorKey-16x16-v0', model='dk16-si2e-s2', seed=2, log_interval=500, save_interval=100, procs=16, frames=3000000, epochs=4, batch_size=256, frames_per_proc=None, discount=0.99, lr=0.001, gae_lambda=0.95, entropy_coef=0.01, value_loss_coef=0.5, max_grad_norm=0.5, optim_eps=1e-08, optim_alpha=0.99, clip_eps=0.2, recurrence=1, text=False, use_entropy_reward=True, use_value_condition=True, beta=0.005, use_batch=True, mem=False)

Device: cuda:0

Environments loaded

Training status loaded

Observations preprocessor loaded
Model loaded

ACModel(
  (image_conv): Sequential(
    (0): Conv2d(3, 16, kernel_size=(2, 2), stride=(1, 1))
    (1): ReLU()
    (2): MaxPool2d(kernel_size=(2, 2), stride=(2, 2), padding=0, dilation=1, ceil_mode=False)
    (3): Conv2d(16, 32, kernel_size=(2, 2), stride=(1, 1))
    (4): ReLU()
    (5): Conv2d(32, 64, kernel_size=(2, 2), stride=(1, 1))
    (6): ReLU()
  )
  (actor): Sequential(
    (0): Linear(in_features=64, out_features=64, bias=True)
    (1): Tanh()
    (2): Linear(in_features=64, out_features=7, bias=True)
  )
  (critic): Sequential(
    (0): Linear(in_features=64, out_features=64, bias=True)
    (1): Tanh()
    (2): Linear(in_features=64, out_features=1, bias=True)
  )
  (extr_critic): Sequential(
    (0): Linear(in_features=64, out_features=64, bias=True)
    (1): Tanh()
    (2): Linear(in_features=64, out_features=1, bias=True)
  )
)

Optimizer loaded

Status saved
Status saved
Status saved
Status saved
U 500 | F 064000 | FPS 0337 | D 214 | rR:μσmM 0.00 0.00 0.00 0.00 | F:μσmM 2560.0 0.0 2560.0 2560.0 | H 1.815 | V -0.547 | pL 0.006 | vL 0.001 | ∇ 0.018
Status saved
Status saved
Status saved
Status saved
Status saved
U 1000 | F 128000 | FPS 0356 | D 412 | rR:μσmM 0.00 0.00 0.00 0.00 | F:μσmM 2560.0 0.0 2560.0 2560.0 | H 1.818 | V -0.470 | pL -0.005 | vL 0.001 | ∇ 0.013
Status saved
Status saved
Status saved
Status saved
Status saved
U 1500 | F 192000 | FPS 0410 | D 591 | rR:μσmM 0.00 0.00 0.00 0.00 | F:μσmM 2560.0 0.0 2560.0 2560.0 | H 1.791 | V -0.461 | pL 0.008 | vL 0.001 | ∇ 0.013
Status saved
Status saved
Status saved
Status saved
Status saved
U 2000 | F 256000 | FPS 0414 | D 770 | rR:μσmM 0.00 0.00 0.00 0.00 | F:μσmM 2560.0 0.0 2560.0 2560.0 | H 1.765 | V -0.537 | pL -0.021 | vL 0.001 | ∇ 0.022
Status saved
Status saved
Status saved
Status saved
Status saved
U 2500 | F 320000 | FPS 0398 | D 950 | rR:μσmM 0.00 0.00 0.00 0.00 | F:μσmM 2560.0 0.0 2560.0 2560.0 | H 1.784 | V -0.433 | pL -0.001 | vL 0.001 | ∇ 0.010
Status saved
Status saved
Status saved
Status saved
Status saved
U 3000 | F 384000 | FPS 0257 | D 1131 | rR:μσmM 0.00 0.00 0.00 0.00 | F:μσmM 2560.0 0.0 2560.0 2560.0 | H 1.783 | V -0.502 | pL 0.002 | vL 0.001 | ∇ 0.012
Status saved
Status saved
Status saved
Status saved
Status saved
U 3500 | F 448000 | FPS 0445 | D 1318 | rR:μσmM 0.00 0.00 0.00 0.00 | F:μσmM 2560.0 0.0 2560.0 2560.0 | H 1.761 | V -0.430 | pL -0.003 | vL 0.001 | ∇ 0.017
Status saved
Status saved
Status saved
Status saved
Status saved
U 4000 | F 512000 | FPS 0434 | D 1492 | rR:μσmM 0.00 0.00 0.00 0.00 | F:μσmM 2560.0 0.0 2560.0 2560.0 | H 1.782 | V -0.426 | pL -0.003 | vL 0.001 | ∇ 0.013
Status saved
Status saved
Status saved
Status saved
Status saved
U 4500 | F 576000 | FPS 0233 | D 1672 | rR:μσmM 0.00 0.00 0.00 0.00 | F:μσmM 2560.0 0.0 2560.0 2560.0 | H 1.767 | V -0.342 | pL -0.016 | vL 0.001 | ∇ 0.014
Status saved
Status saved
Status saved
Status saved
Status saved
U 5000 | F 640000 | FPS 0383 | D 1849 | rR:μσmM 0.01 0.03 0.00 0.14 | F:μσmM 2552.4 29.5 2438.0 2560.0 | H 1.760 | V -0.503 | pL -0.015 | vL 0.001 | ∇ 0.016
Status saved
Status saved
Status saved
Status saved
Status saved
U 5500 | F 704000 | FPS 0417 | D 2026 | rR:μσmM 0.04 0.16 0.00 0.65 | F:μσmM 2462.4 378.1 998.0 2560.0 | H 1.767 | V -0.399 | pL -0.001 | vL 0.001 | ∇ 0.015
Status saved
Status saved
Status saved
Status saved
Status saved
U 6000 | F 768000 | FPS 0355 | D 2203 | rR:μσmM 0.00 0.00 0.00 0.00 | F:μσmM 2560.0 0.0 2560.0 2560.0 | H 1.765 | V -0.467 | pL -0.008 | vL 0.001 | ∇ 0.013
Status saved
Status saved
Status saved
Status saved
Status saved
U 6500 | F 832000 | FPS 0389 | D 2387 | rR:μσmM 0.00 0.00 0.00 0.00 | F:μσmM 2560.0 0.0 2560.0 2560.0 | H 1.739 | V -0.421 | pL -0.003 | vL 0.001 | ∇ 0.010
Status saved
Status saved
Status saved
Status saved
Status saved
U 7000 | F 896000 | FPS 0346 | D 2561 | rR:μσmM 0.03 0.13 0.00 0.52 | F:μσmM 2484.6 291.9 1354.0 2560.0 | H 1.781 | V -0.444 | pL 0.013 | vL 0.001 | ∇ 0.015
Status saved
Status saved
Status saved
Status saved
Status saved
U 7500 | F 960000 | FPS 0407 | D 2736 | rR:μσmM 0.00 0.00 0.00 0.00 | F:μσmM 2560.0 0.0 2560.0 2560.0 | H 1.785 | V -0.419 | pL 0.003 | vL 0.001 | ∇ 0.013
Status saved
Status saved
Status saved
Status saved
Status saved
U 8000 | F 1024000 | FPS 0349 | D 2911 | rR:μσmM 0.03 0.10 0.00 0.41 | F:μσmM 2504.4 215.4 1670.0 2560.0 | H 1.793 | V -0.398 | pL 0.383 | vL 0.072 | ∇ 0.321
Status saved
Status saved
Status saved
Status saved
Status saved
U 8500 | F 1088000 | FPS 0423 | D 3087 | rR:μσmM 0.00 0.00 0.00 0.00 | F:μσmM 2560.0 0.0 2560.0 2560.0 | H 1.776 | V -0.432 | pL 0.001 | vL 0.001 | ∇ 0.009
Status saved
Status saved
Status saved
Status saved
Status saved
U 9000 | F 1152000 | FPS 0362 | D 3263 | rR:μσmM 0.00 0.00 0.00 0.00 | F:μσmM 2560.0 0.0 2560.0 2560.0 | H 1.803 | V -0.384 | pL -0.000 | vL 0.001 | ∇ 0.012
Status saved
Status saved
Status saved
Status saved
Status saved
U 9500 | F 1216000 | FPS 0347 | D 3440 | rR:μσmM 0.06 0.16 0.00 0.55 | F:μσmM 2420.2 373.5 1293.0 2560.0 | H 1.744 | V -0.392 | pL -0.018 | vL 0.001 | ∇ 0.016
Status saved
Status saved
Status saved
Status saved
Status saved
U 10000 | F 1280000 | FPS 0356 | D 3616 | rR:μσmM 0.00 0.00 0.00 0.00 | F:μσmM 2560.0 0.0 2560.0 2560.0 | H 1.767 | V -0.422 | pL -0.010 | vL 0.001 | ∇ 0.024
Status saved
Status saved
Status saved
Status saved
Status saved
U 10500 | F 1344000 | FPS 0345 | D 3791 | rR:μσmM 0.03 0.11 0.00 0.46 | F:μσmM 2495.1 251.3 1522.0 2560.0 | H 1.754 | V -0.420 | pL 0.015 | vL 0.003 | ∇ 0.029
Status saved
Status saved
Status saved
Status saved
Status saved
U 11000 | F 1408000 | FPS 0350 | D 3967 | rR:μσmM 0.00 0.00 0.00 0.00 | F:μσmM 2560.0 0.0 2560.0 2560.0 | H 1.755 | V -0.468 | pL 0.011 | vL 0.001 | ∇ 0.018
Status saved
Status saved
Status saved
Status saved
Status saved
U 11500 | F 1472000 | FPS 0355 | D 4142 | rR:μσmM 0.03 0.10 0.00 0.41 | F:μσmM 2504.2 215.9 1668.0 2560.0 | H 1.770 | V -0.368 | pL -0.003 | vL 0.001 | ∇ 0.007
Status saved
Status saved
Status saved
Status saved
Status saved
U 12000 | F 1536000 | FPS 0430 | D 4304 | rR:μσmM 0.00 0.00 0.00 0.00 | F:μσmM 2560.0 0.0 2560.0 2560.0 | H 1.781 | V -0.464 | pL 0.020 | vL 0.001 | ∇ 0.020
Status saved
Status saved
Status saved
Status saved
Status saved
U 12500 | F 1600000 | FPS 0470 | D 4441 | rR:μσmM 0.04 0.11 0.00 0.32 | F:μσmM 2481.2 208.5 1927.0 2560.0 | H 1.751 | V -0.381 | pL -0.009 | vL 0.001 | ∇ 0.011
Status saved
Status saved
Status saved
Status saved
Status saved
U 13000 | F 1664000 | FPS 0453 | D 4574 | rR:μσmM 0.00 0.00 0.00 0.00 | F:μσmM 2560.0 0.0 2560.0 2560.0 | H 1.765 | V -0.385 | pL -0.008 | vL 0.001 | ∇ 0.013
Status saved
Status saved
Status saved
Status saved
Status saved
U 13500 | F 1728000 | FPS 0457 | D 4706 | rR:μσmM 0.00 0.00 0.00 0.00 | F:μσmM 2560.0 0.0 2560.0 2560.0 | H 1.774 | V -0.386 | pL -0.011 | vL 0.001 | ∇ 0.010
Status saved
Status saved
Status saved
Status saved
Status saved
U 14000 | F 1792000 | FPS 0486 | D 4837 | rR:μσmM 0.01 0.05 0.00 0.21 | F:μσmM 2540.4 76.0 2246.0 2560.0 | H 1.765 | V -0.401 | pL 0.009 | vL 0.000 | ∇ 0.010
Status saved
Status saved
Status saved
Status saved
Status saved
U 14500 | F 1856000 | FPS 0549 | D 4968 | rR:μσmM 0.00 0.00 0.00 0.00 | F:μσmM 2560.0 0.0 2560.0 2560.0 | H 1.766 | V -0.462 | pL -0.009 | vL 0.001 | ∇ 0.013
Status saved
Status saved
Status saved
Status saved
Status saved
U 15000 | F 1920000 | FPS 0463 | D 5098 | rR:μσmM 0.01 0.05 0.00 0.21 | F:μσmM 2540.6 75.0 2250.0 2560.0 | H 1.774 | V -0.405 | pL -0.013 | vL 0.001 | ∇ 0.015
Status saved
Status saved
Status saved
Status saved
Status saved
U 15500 | F 1984000 | FPS 0479 | D 5232 | rR:μσmM 0.00 0.00 0.00 0.00 | F:μσmM 2560.0 0.0 2560.0 2560.0 | H 1.771 | V -0.410 | pL 0.005 | vL 0.001 | ∇ 0.010
Status saved
Status saved
Status saved
Status saved
Status saved
U 16000 | F 2048000 | FPS 0519 | D 5362 | rR:μσmM 0.00 0.00 0.00 0.00 | F:μσmM 2560.0 0.0 2560.0 2560.0 | H 1.782 | V -0.435 | pL 0.085 | vL 0.017 | ∇ 0.087
Status saved
Status saved
Status saved
Status saved
Status saved
U 16500 | F 2112000 | FPS 0456 | D 5492 | rR:μσmM 0.00 0.00 0.00 0.00 | F:μσmM 2560.0 0.0 2560.0 2560.0 | H 1.774 | V -0.441 | pL -0.002 | vL 0.001 | ∇ 0.013
Status saved
Status saved
Status saved
Status saved
Status saved
U 17000 | F 2176000 | FPS 0477 | D 5623 | rR:μσmM 0.03 0.11 0.00 0.46 | F:μσmM 2495.6 249.3 1530.0 2560.0 | H 1.770 | V -0.512 | pL 0.008 | vL 0.001 | ∇ 0.012
Status saved
Status saved
Status saved
Status saved
Status saved
U 17500 | F 2240000 | FPS 0500 | D 5753 | rR:μσmM 0.00 0.00 0.00 0.00 | F:μσmM 2560.0 0.0 2560.0 2560.0 | H 1.768 | V -0.409 | pL 0.002 | vL 0.001 | ∇ 0.013
Status saved
Status saved
Status saved
Status saved
Status saved
U 18000 | F 2304000 | FPS 0440 | D 5882 | rR:μσmM 0.00 0.00 0.00 0.00 | F:μσmM 2560.0 0.0 2560.0 2560.0 | H 1.773 | V -0.346 | pL -0.022 | vL 0.001 | ∇ 0.016
Status saved
Status saved
Status saved
Status saved
Status saved
U 18500 | F 2368000 | FPS 0535 | D 6014 | rR:μσmM 0.02 0.08 0.00 0.33 | F:μσmM 2519.2 158.1 1907.0 2560.0 | H 1.768 | V -0.429 | pL -0.014 | vL 0.004 | ∇ 0.076
Status saved
Status saved
Status saved
Status saved
Status saved
U 19000 | F 2432000 | FPS 0518 | D 6144 | rR:μσmM 0.04 0.16 0.00 0.67 | F:μσmM 2458.9 391.4 943.0 2560.0 | H 1.762 | V -0.375 | pL -0.005 | vL 0.001 | ∇ 0.019
Status saved
Status saved
Status saved
Status saved
Status saved
U 19500 | F 2496000 | FPS 0477 | D 6275 | rR:μσmM 0.00 0.00 0.00 0.00 | F:μσmM 2560.0 0.0 2560.0 2560.0 | H 1.773 | V -0.433 | pL -0.009 | vL 0.001 | ∇ 0.009
Status saved
Status saved
Status saved
Status saved
Status saved
U 20000 | F 2560000 | FPS 0491 | D 6407 | rR:μσmM 0.01 0.04 0.00 0.15 | F:μσmM 2550.7 36.1 2411.0 2560.0 | H 1.767 | V -0.488 | pL 0.007 | vL 0.001 | ∇ 0.016
Status saved
Status saved
Status saved
Status saved
Status saved
U 20500 | F 2624000 | FPS 0463 | D 6538 | rR:μσmM 0.06 0.20 0.00 0.84 | F:μσmM 2415.2 508.7 455.0 2560.0 | H 1.751 | V -0.404 | pL -0.001 | vL 0.001 | ∇ 0.011
Status saved
Status saved
Status saved
Status saved
Status saved
U 21000 | F 2688000 | FPS 0474 | D 6669 | rR:μσmM 0.09 0.21 0.00 0.70 | F:μσmM 2354.9 484.3 860.0 2560.0 | H 1.743 | V -0.361 | pL -0.007 | vL 0.001 | ∇ 0.009
Status saved
Status saved
Status saved
Status saved
Status saved
U 21500 | F 2752000 | FPS 0484 | D 6799 | rR:μσmM 0.03 0.13 0.00 0.53 | F:μσmM 2482.8 299.2 1324.0 2560.0 | H 1.793 | V -0.349 | pL -0.009 | vL 0.001 | ∇ 0.009
Status saved
Status saved
Status saved
Status saved
Status saved
U 22000 | F 2816000 | FPS 0527 | D 6931 | rR:μσmM 0.03 0.12 0.00 0.51 | F:μσmM 2487.8 279.6 1405.0 2560.0 | H 1.760 | V -0.362 | pL -0.018 | vL 0.001 | ∇ 0.014
Status saved
Status saved
Status saved
Status saved
Status saved
U 22500 | F 2880000 | FPS 0544 | D 7063 | rR:μσmM 0.05 0.15 0.00 0.61 | F:μσmM 2463.2 351.4 1105.0 2560.0 | H 1.759 | V -0.357 | pL -0.010 | vL 0.001 | ∇ 0.012
Status saved
Status saved
Status saved
Status saved
Status saved
U 23000 | F 2944000 | FPS 0304 | D 7196 | rR:μσmM 0.03 0.10 0.00 0.38 | F:μσmM 2497.1 197.9 1754.0 2560.0 | H 1.773 | V -0.488 | pL -0.001 | vL 0.001 | ∇ 0.012
Status saved
Status saved
Status saved
Status saved
Status saved
