Gym has been unmaintained since 2022 and does not support NumPy 2.0 amongst other critical functionality.
Please upgrade to Gymnasium, the maintained drop-in replacement of Gym, or contact the authors of your software and request that they upgrade.
Users of this version of Gym should be able to simply replace 'import gym' with 'import gymnasium as gym' in the vast majority of cases.
See the migration guide at https://gymnasium.farama.org/introduction/migration_guide/ for additional information.
/workspace/learn-si2e/SI2E/SI2E_A2C/rl-starter-files/rl-starter-files/scripts/train.py --env MiniGrid-RedBlueDoors-6x6-v0 --model abeta-si2e-fixed-RedBlueDoors-6x6-s4 --frames 3000000 --use_batch --save-interval 0 --log-interval 500 --seed 4 --algo a2c --use_entropy_reward --use_value_condition --beta 0.005 --fast_se

Namespace(algo='a2c', env='MiniGrid-RedBlueDoors-6x6-v0', model='abeta-si2e-fixed-RedBlueDoors-6x6-s4', seed=4, log_interval=500, save_interval=0, procs=16, frames=3000000, epochs=4, batch_size=256, frames_per_proc=None, discount=0.99, lr=0.001, gae_lambda=0.95, entropy_coef=0.01, value_loss_coef=0.5, max_grad_norm=0.5, optim_eps=1e-08, optim_alpha=0.99, clip_eps=0.2, recurrence=1, text=False, use_entropy_reward=True, use_value_condition=True, beta=0.005, beta_adaptive=False, fast_se=True, use_batch=True, ablation=None, mem=False)

Device: cuda:0

Environments loaded

Training status loaded

Observations preprocessor loaded
Model loaded

ACModel(
  (image_conv): Sequential(
    (0): Conv2d(3, 16, kernel_size=(2, 2), stride=(1, 1))
    (1): ReLU()
    (2): MaxPool2d(kernel_size=(2, 2), stride=(2, 2), padding=0, dilation=1, ceil_mode=False)
    (3): Conv2d(16, 32, kernel_size=(2, 2), stride=(1, 1))
    (4): ReLU()
    (5): Conv2d(32, 64, kernel_size=(2, 2), stride=(1, 1))
    (6): ReLU()
  )
  (actor): Sequential(
    (0): Linear(in_features=64, out_features=64, bias=True)
    (1): Tanh()
    (2): Linear(in_features=64, out_features=7, bias=True)
  )
  (critic): Sequential(
    (0): Linear(in_features=64, out_features=64, bias=True)
    (1): Tanh()
    (2): Linear(in_features=64, out_features=1, bias=True)
  )
  (extr_critic): Sequential(
    (0): Linear(in_features=64, out_features=64, bias=True)
    (1): Tanh()
    (2): Linear(in_features=64, out_features=1, bias=True)
  )
)

Optimizer loaded

U 500 | F 064000 | FPS 1303 | D 45 | rR:μσmM 0.50 0.44 0.00 0.98 | F:μσmM 56.2 61.5 1.0 223.0 | H 1.537 | V 0.061 | pL 0.002 | vL 0.025 | ∇ 0.098
U 1000 | F 128000 | FPS 1352 | D 91 | rR:μσmM 0.34 0.44 0.00 0.99 | F:μσmM 50.5 56.0 1.0 226.0 | H 1.294 | V 0.239 | pL 0.002 | vL 0.019 | ∇ 0.114
U 1500 | F 192000 | FPS 1441 | D 137 | rR:μσmM 0.24 0.41 0.00 0.98 | F:μσmM 19.6 19.4 3.0 82.0 | H 1.429 | V 0.081 | pL -0.022 | vL 0.005 | ∇ 0.074
U 2000 | F 256000 | FPS 1413 | D 183 | rR:μσmM 0.42 0.48 0.00 0.99 | F:μσmM 16.4 13.5 2.0 45.0 | H 1.185 | V 0.271 | pL -0.018 | vL 0.054 | ∇ 0.112
U 2500 | F 320000 | FPS 0897 | D 230 | rR:μσmM 0.43 0.48 0.00 0.99 | F:μσmM 16.9 10.7 2.0 38.0 | H 1.178 | V 0.398 | pL -0.037 | vL 0.018 | ∇ 0.067
U 3000 | F 384000 | FPS 1130 | D 278 | rR:μσmM 0.54 0.48 0.00 0.98 | F:μσmM 20.5 16.0 5.0 76.0 | H 1.075 | V 0.473 | pL -0.001 | vL 0.046 | ∇ 0.177
U 3500 | F 448000 | FPS 1320 | D 325 | rR:μσmM 0.55 0.48 0.00 0.98 | F:μσmM 14.1 7.6 1.0 30.0 | H 0.881 | V 0.462 | pL 0.015 | vL 0.043 | ∇ 0.117
U 4000 | F 512000 | FPS 1407 | D 371 | rR:μσmM 0.73 0.42 0.00 0.99 | F:μσmM 17.6 11.2 4.0 44.0 | H 0.912 | V 0.587 | pL -0.008 | vL 0.042 | ∇ 0.160
U 4500 | F 576000 | FPS 1428 | D 418 | rR:μσmM 0.85 0.32 0.00 0.99 | F:μσmM 19.1 6.3 8.0 30.0 | H 1.062 | V 0.590 | pL -0.027 | vL 0.037 | ∇ 0.080
U 5000 | F 640000 | FPS 1289 | D 465 | rR:μσmM 0.91 0.24 0.00 0.98 | F:μσmM 22.1 6.5 13.0 42.0 | H 0.888 | V 0.716 | pL -0.026 | vL 0.031 | ∇ 0.169
U 5500 | F 704000 | FPS 1707 | D 511 | rR:μσmM 0.91 0.24 0.00 0.99 | F:μσmM 21.6 7.1 8.0 34.0 | H 0.812 | V 0.668 | pL 0.004 | vL 0.009 | ∇ 0.095
U 6000 | F 768000 | FPS 1504 | D 558 | rR:μσmM 0.79 0.38 0.00 0.99 | F:μσmM 20.9 6.9 9.0 35.0 | H 1.040 | V 0.581 | pL 0.009 | vL 0.013 | ∇ 0.092
U 6500 | F 832000 | FPS 1468 | D 605 | rR:μσmM 0.79 0.38 0.00 0.99 | F:μσmM 20.3 10.4 1.0 36.0 | H 0.966 | V 0.655 | pL -0.023 | vL 0.025 | ∇ 0.081
U 7000 | F 896000 | FPS 1313 | D 651 | rR:μσmM 0.79 0.38 0.00 0.98 | F:μσmM 15.6 6.5 3.0 31.0 | H 0.767 | V 0.717 | pL -0.035 | vL 0.042 | ∇ 0.099
U 7500 | F 960000 | FPS 1440 | D 698 | rR:μσmM 0.73 0.42 0.00 0.98 | F:μσmM 20.6 10.1 2.0 35.0 | H 0.985 | V 0.635 | pL -0.020 | vL 0.024 | ∇ 0.086
U 8000 | F 1024000 | FPS 1348 | D 744 | rR:μσmM 0.73 0.42 0.00 0.99 | F:μσmM 17.4 8.3 2.0 32.0 | H 0.864 | V 0.706 | pL -0.035 | vL 0.040 | ∇ 0.382
U 8500 | F 1088000 | FPS 1748 | D 790 | rR:μσmM 0.73 0.42 0.00 0.99 | F:μσmM 16.6 9.0 1.0 29.0 | H 0.846 | V 0.738 | pL 0.006 | vL 0.013 | ∇ 0.042
U 9000 | F 1152000 | FPS 1326 | D 836 | rR:μσmM 0.79 0.38 0.00 0.98 | F:μσmM 16.0 5.7 3.0 26.0 | H 0.967 | V 0.692 | pL 0.001 | vL 0.005 | ∇ 0.095
U 9500 | F 1216000 | FPS 1326 | D 883 | rR:μσmM 0.66 0.45 0.00 0.98 | F:μσmM 20.6 14.3 1.0 64.0 | H 1.018 | V 0.646 | pL 0.002 | vL 0.016 | ∇ 0.085
U 10000 | F 1280000 | FPS 1414 | D 929 | rR:μσmM 0.85 0.32 0.00 0.98 | F:μσmM 18.3 5.8 7.0 26.0 | H 0.890 | V 0.738 | pL -0.024 | vL 0.025 | ∇ 0.117
U 10500 | F 1344000 | FPS 1429 | D 976 | rR:μσmM 0.98 0.01 0.96 0.99 | F:μσmM 20.0 5.1 10.0 30.0 | H 0.728 | V 0.754 | pL -0.010 | vL 0.003 | ∇ 0.053
U 11000 | F 1408000 | FPS 1464 | D 1022 | rR:μσmM 0.85 0.32 0.00 0.99 | F:μσmM 19.5 9.3 1.0 37.0 | H 0.845 | V 0.685 | pL 0.020 | vL 0.008 | ∇ 0.128
U 11500 | F 1472000 | FPS 1447 | D 1068 | rR:μσmM 0.85 0.32 0.00 0.98 | F:μσmM 22.5 12.6 1.0 53.0 | H 1.047 | V 0.679 | pL 0.035 | vL 0.014 | ∇ 0.105
U 12000 | F 1536000 | FPS 1355 | D 1114 | rR:μσmM 0.91 0.23 0.00 0.98 | F:μσmM 23.9 7.3 12.0 41.0 | H 1.138 | V 0.724 | pL -0.029 | vL 0.027 | ∇ 0.247
U 12500 | F 1600000 | FPS 1254 | D 1161 | rR:μσmM 0.85 0.32 0.00 0.99 | F:μσmM 16.8 6.1 4.0 27.0 | H 0.808 | V 0.779 | pL -0.017 | vL 0.022 | ∇ 0.098
U 13000 | F 1664000 | FPS 1333 | D 1208 | rR:μσmM 0.79 0.38 0.00 0.98 | F:μσmM 17.6 6.1 8.0 31.0 | H 0.957 | V 0.720 | pL -0.102 | vL 0.053 | ∇ 0.271
U 13500 | F 1728000 | FPS 1593 | D 1255 | rR:μσmM 0.91 0.23 0.00 0.98 | F:μσmM 24.4 11.7 9.0 52.0 | H 1.269 | V 0.636 | pL 0.001 | vL 0.008 | ∇ 0.104
U 14000 | F 1792000 | FPS 1335 | D 1302 | rR:μσmM 0.85 0.32 0.00 0.98 | F:μσmM 18.8 8.9 2.0 45.0 | H 0.869 | V 0.697 | pL 0.029 | vL 0.012 | ∇ 0.091
U 14500 | F 1856000 | FPS 1358 | D 1347 | rR:μσmM 0.67 0.45 0.00 0.99 | F:μσmM 15.4 8.2 1.0 35.0 | H 0.993 | V 0.677 | pL -0.002 | vL 0.025 | ∇ 0.123
U 15000 | F 1920000 | FPS 1463 | D 1393 | rR:μσmM 0.79 0.38 0.00 0.99 | F:μσmM 16.6 6.7 3.0 28.0 | H 0.772 | V 0.740 | pL -0.023 | vL 0.047 | ∇ 0.115
U 15500 | F 1984000 | FPS 1260 | D 1439 | rR:μσmM 0.85 0.32 0.00 0.99 | F:μσmM 17.3 7.4 4.0 31.0 | H 1.000 | V 0.707 | pL -0.002 | vL 0.025 | ∇ 0.067
U 16000 | F 2048000 | FPS 1407 | D 1484 | rR:μσmM 0.78 0.38 0.00 0.98 | F:μσmM 27.4 14.5 1.0 58.0 | H 1.185 | V 0.631 | pL -0.060 | vL 0.045 | ∇ 0.112
U 16500 | F 2112000 | FPS 1484 | D 1530 | rR:μσmM 0.91 0.24 0.00 0.98 | F:μσmM 19.7 4.9 10.0 30.0 | H 1.071 | V 0.707 | pL 0.018 | vL 0.008 | ∇ 0.100
U 17000 | F 2176000 | FPS 1548 | D 1576 | rR:μσmM 0.85 0.32 0.00 0.98 | F:μσmM 18.9 5.8 5.0 30.0 | H 1.042 | V 0.727 | pL -0.012 | vL 0.005 | ∇ 0.184
U 17500 | F 2240000 | FPS 1501 | D 1622 | rR:μσmM 0.85 0.32 0.00 0.98 | F:μσmM 19.2 6.7 7.0 30.0 | H 0.910 | V 0.696 | pL 0.030 | vL 0.009 | ∇ 0.120
U 18000 | F 2304000 | FPS 1301 | D 1668 | rR:μσmM 0.91 0.24 0.00 0.98 | F:μσmM 21.2 5.3 11.0 30.0 | H 0.984 | V 0.750 | pL -0.044 | vL 0.028 | ∇ 0.111
U 18500 | F 2368000 | FPS 1447 | D 1713 | rR:μσmM 0.79 0.38 0.00 0.98 | F:μσmM 22.6 11.5 4.0 51.0 | H 1.005 | V 0.703 | pL 0.016 | vL 0.007 | ∇ 0.090
U 19000 | F 2432000 | FPS 1337 | D 1760 | rR:μσmM 0.97 0.01 0.95 0.99 | F:μσmM 21.9 6.5 7.0 37.0 | H 0.834 | V 0.747 | pL -0.003 | vL 0.004 | ∇ 0.069
U 19500 | F 2496000 | FPS 1222 | D 1805 | rR:μσmM 0.85 0.32 0.00 0.99 | F:μσmM 17.6 6.7 3.0 31.0 | H 0.977 | V 0.709 | pL 0.010 | vL 0.012 | ∇ 0.097
U 20000 | F 2560000 | FPS 1260 | D 1851 | rR:μσmM 0.85 0.32 0.00 0.99 | F:μσmM 25.1 8.8 11.0 39.0 | H 1.040 | V 0.649 | pL -0.005 | vL 0.006 | ∇ 0.066
U 20500 | F 2624000 | FPS 1432 | D 1897 | rR:μσmM 0.97 0.01 0.96 0.98 | F:μσmM 21.1 4.5 14.0 29.0 | H 0.935 | V 0.739 | pL -0.003 | vL 0.002 | ∇ 0.035
U 21000 | F 2688000 | FPS 1570 | D 1942 | rR:μσmM 0.91 0.24 0.00 0.98 | F:μσmM 22.2 8.0 3.0 38.0 | H 1.127 | V 0.677 | pL 0.005 | vL 0.006 | ∇ 0.067
U 21500 | F 2752000 | FPS 1563 | D 1988 | rR:μσmM 0.79 0.38 0.00 0.99 | F:μσmM 18.9 8.3 2.0 31.0 | H 1.020 | V 0.757 | pL -0.003 | vL 0.015 | ∇ 0.042
U 22000 | F 2816000 | FPS 1351 | D 2033 | rR:μσmM 0.85 0.32 0.00 0.98 | F:μσmM 20.2 8.1 3.0 33.0 | H 0.993 | V 0.681 | pL -0.003 | vL 0.003 | ∇ 0.044
U 22500 | F 2880000 | FPS 1327 | D 2079 | rR:μσmM 0.67 0.45 0.00 0.99 | F:μσmM 14.2 7.5 1.0 24.0 | H 0.996 | V 0.700 | pL -0.045 | vL 0.037 | ∇ 0.087
U 23000 | F 2944000 | FPS 1410 | D 2125 | rR:μσmM 0.97 0.01 0.96 0.99 | F:μσmM 21.8 4.9 12.0 29.0 | H 1.171 | V 0.694 | pL -0.010 | vL 0.004 | ∇ 0.050
Final model saved
