Gym has been unmaintained since 2022 and does not support NumPy 2.0 amongst other critical functionality.
Please upgrade to Gymnasium, the maintained drop-in replacement of Gym, or contact the authors of your software and request that they upgrade.
Users of this version of Gym should be able to simply replace 'import gym' with 'import gymnasium as gym' in the vast majority of cases.
See the migration guide at https://gymnasium.farama.org/introduction/migration_guide/ for additional information.
/workspace/learn-si2e/SI2E/SI2E_A2C/rl-starter-files/rl-starter-files/scripts/train.py --env MiniGrid-KeyCorridorS3R2-v0 --model ppo-exp-ppo-si2e-KeyCorridorS3R2-s3 --frames 3000000 --use_batch --save-interval 100 --log-interval 500 --seed 3 --algo ppo --use_entropy_reward --use_value_condition --beta 0.005

Namespace(algo='ppo', env='MiniGrid-KeyCorridorS3R2-v0', model='ppo-exp-ppo-si2e-KeyCorridorS3R2-s3', seed=3, log_interval=500, save_interval=100, procs=16, frames=3000000, epochs=4, batch_size=256, frames_per_proc=None, discount=0.99, lr=0.001, gae_lambda=0.95, entropy_coef=0.01, value_loss_coef=0.5, max_grad_norm=0.5, optim_eps=1e-08, optim_alpha=0.99, clip_eps=0.2, recurrence=1, text=False, use_entropy_reward=True, use_value_condition=True, beta=0.005, beta_adaptive=False, fast_se=False, use_batch=True, ablation=None, mem=False)

Device: cuda:0

Environments loaded

Training status loaded

Observations preprocessor loaded
Model loaded

ACModel(
  (image_conv): Sequential(
    (0): Conv2d(3, 16, kernel_size=(2, 2), stride=(1, 1))
    (1): ReLU()
    (2): MaxPool2d(kernel_size=(2, 2), stride=(2, 2), padding=0, dilation=1, ceil_mode=False)
    (3): Conv2d(16, 32, kernel_size=(2, 2), stride=(1, 1))
    (4): ReLU()
    (5): Conv2d(32, 64, kernel_size=(2, 2), stride=(1, 1))
    (6): ReLU()
  )
  (actor): Sequential(
    (0): Linear(in_features=64, out_features=64, bias=True)
    (1): Tanh()
    (2): Linear(in_features=64, out_features=7, bias=True)
  )
  (critic): Sequential(
    (0): Linear(in_features=64, out_features=64, bias=True)
    (1): Tanh()
    (2): Linear(in_features=64, out_features=1, bias=True)
  )
  (extr_critic): Sequential(
    (0): Linear(in_features=64, out_features=64, bias=True)
    (1): Tanh()
    (2): Linear(in_features=64, out_features=1, bias=True)
  )
)

Optimizer loaded

Status saved
Status saved
Status saved
Status saved
U 500 | F 064000 | FPS 0534 | D 117 | rR:μσmM 0.00 0.00 0.00 0.00 | F:μσmM 270.0 0.0 270.0 270.0 | H 1.771 | V -0.402 | pL 0.011 | vL 0.001 | ∇ 0.010
Status saved
Status saved
Status saved
Status saved
Status saved
U 1000 | F 128000 | FPS 0577 | D 232 | rR:μσmM 0.00 0.00 0.00 0.00 | F:μσmM 270.0 0.0 270.0 270.0 | H 1.824 | V -0.342 | pL 0.017 | vL 0.001 | ∇ 0.019
Status saved
Status saved
Status saved
Status saved
Status saved
U 1500 | F 192000 | FPS 0555 | D 349 | rR:μσmM 0.00 0.00 0.00 0.00 | F:μσmM 270.0 0.0 270.0 270.0 | H 1.774 | V -0.322 | pL 0.005 | vL 0.001 | ∇ 0.008
Status saved
Status saved
Status saved
Status saved
Status saved
U 2000 | F 256000 | FPS 0333 | D 464 | rR:μσmM 0.00 0.00 0.00 0.00 | F:μσmM 270.0 0.0 270.0 270.0 | H 1.721 | V -0.349 | pL 0.001 | vL 0.000 | ∇ 0.003
Status saved
Status saved
Status saved
Status saved
Status saved
U 2500 | F 320000 | FPS 0584 | D 580 | rR:μσmM 0.00 0.00 0.00 0.00 | F:μσmM 270.0 0.0 270.0 270.0 | H 1.791 | V -0.330 | pL 0.017 | vL 0.001 | ∇ 0.028
Status saved
Status saved
Status saved
Status saved
Status saved
U 3000 | F 384000 | FPS 0547 | D 696 | rR:μσmM 0.00 0.00 0.00 0.00 | F:μσmM 270.0 0.0 270.0 270.0 | H 1.740 | V -0.421 | pL 0.005 | vL 0.001 | ∇ 0.008
Status saved
Status saved
Status saved
Status saved
Status saved
U 3500 | F 448000 | FPS 0615 | D 811 | rR:μσmM 0.00 0.00 0.00 0.00 | F:μσmM 270.0 0.0 270.0 270.0 | H 1.715 | V -0.386 | pL 0.006 | vL 0.001 | ∇ 0.010
Status saved
Status saved
Status saved
Status saved
Status saved
U 4000 | F 512000 | FPS 0624 | D 927 | rR:μσmM 0.00 0.00 0.00 0.00 | F:μσmM 270.0 0.0 270.0 270.0 | H 1.741 | V -0.359 | pL 0.005 | vL 0.001 | ∇ 0.006
Status saved
Status saved
Status saved
Status saved
Status saved
U 4500 | F 576000 | FPS 0540 | D 1047 | rR:μσmM 0.00 0.00 0.00 0.00 | F:μσmM 270.0 0.0 270.0 270.0 | H 1.791 | V -0.351 | pL 0.005 | vL 0.001 | ∇ 0.011
Status saved
Status saved
Status saved
Status saved
Status saved
U 5000 | F 640000 | FPS 0534 | D 1162 | rR:μσmM 0.00 0.00 0.00 0.00 | F:μσmM 270.0 0.0 270.0 270.0 | H 1.846 | V -0.344 | pL 0.012 | vL 0.001 | ∇ 0.014
Status saved
Status saved
Status saved
Status saved
Status saved
U 5500 | F 704000 | FPS 0614 | D 1279 | rR:μσmM 0.00 0.00 0.00 0.00 | F:μσmM 270.0 0.0 270.0 270.0 | H 1.806 | V -0.401 | pL 0.004 | vL 0.001 | ∇ 0.005
Status saved
Status saved
Status saved
Status saved
Status saved
U 6000 | F 768000 | FPS 0600 | D 1396 | rR:μσmM 0.00 0.00 0.00 0.00 | F:μσmM 270.0 0.0 270.0 270.0 | H 1.792 | V -0.372 | pL 0.007 | vL 0.001 | ∇ 0.012
Status saved
Status saved
Status saved
Status saved
Status saved
U 6500 | F 832000 | FPS 0617 | D 1512 | rR:μσmM 0.00 0.00 0.00 0.00 | F:μσmM 270.0 0.0 270.0 270.0 | H 1.708 | V -0.347 | pL -0.012 | vL 0.004 | ∇ 0.018
Status saved
Status saved
Status saved
Status saved
Status saved
U 7000 | F 896000 | FPS 0598 | D 1627 | rR:μσmM 0.00 0.00 0.00 0.00 | F:μσmM 270.0 0.0 270.0 270.0 | H 1.774 | V -0.353 | pL 0.000 | vL 0.000 | ∇ 0.007
Status saved
Status saved
Status saved
Status saved
Status saved
U 7500 | F 960000 | FPS 0633 | D 1744 | rR:μσmM 0.00 0.00 0.00 0.00 | F:μσmM 270.0 0.0 270.0 270.0 | H 1.802 | V -0.338 | pL 0.010 | vL 0.001 | ∇ 0.011
Status saved
Status saved
Status saved
Status saved
Status saved
U 8000 | F 1024000 | FPS 0513 | D 1863 | rR:μσmM 0.00 0.00 0.00 0.00 | F:μσmM 270.0 0.0 270.0 270.0 | H 1.745 | V -0.343 | pL 0.002 | vL 0.001 | ∇ 0.017
Status saved
Status saved
Status saved
Status saved
Status saved
U 8500 | F 1088000 | FPS 0602 | D 1980 | rR:μσmM 0.01 0.03 0.00 0.14 | F:μσmM 269.2 2.9 258.0 270.0 | H 1.786 | V -0.383 | pL -0.001 | vL 0.001 | ∇ 0.009
Status saved
Status saved
Status saved
Status saved
Status saved
U 9000 | F 1152000 | FPS 0617 | D 2096 | rR:μσmM 0.00 0.00 0.00 0.00 | F:μσmM 270.0 0.0 270.0 270.0 | H 1.748 | V -0.353 | pL -0.004 | vL 0.001 | ∇ 0.010
Status saved
Status saved
Status saved
Status saved
Status saved
U 9500 | F 1216000 | FPS 0338 | D 2215 | rR:μσmM 0.00 0.00 0.00 0.00 | F:μσmM 270.0 0.0 270.0 270.0 | H 1.767 | V -0.350 | pL 0.011 | vL 0.001 | ∇ 0.012
Status saved
Status saved
Status saved
Status saved
Status saved
U 10000 | F 1280000 | FPS 0620 | D 2332 | rR:μσmM 0.00 0.00 0.00 0.00 | F:μσmM 270.0 0.0 270.0 270.0 | H 1.740 | V -0.308 | pL 0.008 | vL 0.001 | ∇ 0.008
Status saved
Status saved
Status saved
Status saved
Status saved
U 10500 | F 1344000 | FPS 0618 | D 2447 | rR:μσmM 0.00 0.00 0.00 0.00 | F:μσmM 270.0 0.0 270.0 270.0 | H 1.719 | V -0.328 | pL 0.006 | vL 0.001 | ∇ 0.009
Status saved
Status saved
Status saved
Status saved
Status saved
U 11000 | F 1408000 | FPS 0512 | D 2561 | rR:μσmM 0.00 0.00 0.00 0.00 | F:μσmM 270.0 0.0 270.0 270.0 | H 1.738 | V -0.324 | pL -0.001 | vL 0.000 | ∇ 0.008
Status saved
Status saved
Status saved
Status saved
Status saved
U 11500 | F 1472000 | FPS 0515 | D 2678 | rR:μσmM 0.00 0.00 0.00 0.00 | F:μσmM 270.0 0.0 270.0 270.0 | H 1.781 | V -0.361 | pL 0.003 | vL 0.001 | ∇ 0.006
Status saved
Status saved
Status saved
Status saved
Status saved
U 12000 | F 1536000 | FPS 0521 | D 2795 | rR:μσmM 0.00 0.00 0.00 0.00 | F:μσmM 270.0 0.0 270.0 270.0 | H 1.707 | V -0.367 | pL -0.002 | vL 0.001 | ∇ 0.006
Status saved
Status saved
Status saved
Status saved
Status saved
U 12500 | F 1600000 | FPS 0598 | D 2911 | rR:μσmM 0.00 0.00 0.00 0.00 | F:μσmM 270.0 0.0 270.0 270.0 | H 1.738 | V -0.354 | pL 0.010 | vL 0.001 | ∇ 0.014
Status saved
Status saved
Status saved
Status saved
Status saved
U 13000 | F 1664000 | FPS 0550 | D 3027 | rR:μσmM 0.00 0.00 0.00 0.00 | F:μσmM 270.0 0.0 270.0 270.0 | H 1.727 | V -0.349 | pL 0.007 | vL 0.001 | ∇ 0.006
Status saved
Status saved
Status saved
Status saved
Status saved
U 13500 | F 1728000 | FPS 0602 | D 3143 | rR:μσmM 0.00 0.00 0.00 0.00 | F:μσmM 270.0 0.0 270.0 270.0 | H 1.737 | V -0.347 | pL -0.067 | vL 0.020 | ∇ 0.073
Status saved
Status saved
Status saved
Status saved
Status saved
U 14000 | F 1792000 | FPS 0633 | D 3259 | rR:μσmM 0.00 0.00 0.00 0.00 | F:μσmM 270.0 0.0 270.0 270.0 | H 1.760 | V -0.351 | pL 0.002 | vL 0.001 | ∇ 0.013
Status saved
Status saved
Status saved
Status saved
Status saved
U 14500 | F 1856000 | FPS 0332 | D 3375 | rR:μσmM 0.00 0.00 0.00 0.00 | F:μσmM 270.0 0.0 270.0 270.0 | H 1.778 | V -0.347 | pL -0.022 | vL 0.005 | ∇ 0.026
Status saved
Status saved
Status saved
Status saved
Status saved
U 15000 | F 1920000 | FPS 0583 | D 3490 | rR:μσmM 0.00 0.00 0.00 0.00 | F:μσmM 270.0 0.0 270.0 270.0 | H 1.722 | V -0.363 | pL 0.009 | vL 0.001 | ∇ 0.007
Status saved
Status saved
Status saved
Status saved
Status saved
U 15500 | F 1984000 | FPS 0627 | D 3607 | rR:μσmM 0.00 0.00 0.00 0.00 | F:μσmM 270.0 0.0 270.0 270.0 | H 1.749 | V -0.369 | pL 0.000 | vL 0.000 | ∇ 0.004
Status saved
Status saved
Status saved
Status saved
Status saved
U 16000 | F 2048000 | FPS 0610 | D 3723 | rR:μσmM 0.03 0.13 0.00 0.54 | F:μσmM 261.8 31.7 139.0 270.0 | H 1.733 | V -0.333 | pL -0.012 | vL 0.005 | ∇ 0.035
Status saved
Status saved
Status saved
Status saved
Status saved
U 16500 | F 2112000 | FPS 0581 | D 3839 | rR:μσmM 0.00 0.00 0.00 0.00 | F:μσmM 270.0 0.0 270.0 270.0 | H 1.770 | V -0.337 | pL -0.011 | vL 0.004 | ∇ 0.014
Status saved
Status saved
Status saved
Status saved
Status saved
U 17000 | F 2176000 | FPS 0624 | D 3956 | rR:μσmM 0.04 0.14 0.00 0.57 | F:μσmM 261.2 34.1 129.0 270.0 | H 1.758 | V -0.340 | pL -0.002 | vL 0.002 | ∇ 0.018
Status saved
Status saved
Status saved
Status saved
Status saved
U 17500 | F 2240000 | FPS 0596 | D 4071 | rR:μσmM 0.00 0.00 0.00 0.00 | F:μσmM 270.0 0.0 270.0 270.0 | H 1.782 | V -0.370 | pL 0.016 | vL 0.001 | ∇ 0.013
Status saved
Status saved
Status saved
Status saved
Status saved
U 18000 | F 2304000 | FPS 0620 | D 4189 | rR:μσmM 0.00 0.00 0.00 0.00 | F:μσmM 270.0 0.0 270.0 270.0 | H 1.714 | V -0.357 | pL -0.010 | vL 0.005 | ∇ 0.022
Status saved
Status saved
Status saved
Status saved
Status saved
U 18500 | F 2368000 | FPS 0526 | D 4306 | rR:μσmM 0.04 0.15 0.00 0.64 | F:μσmM 259.9 39.2 108.0 270.0 | H 1.748 | V -0.350 | pL 0.005 | vL 0.003 | ∇ 0.009
Status saved
Status saved
Status saved
Status saved
Status saved
U 19000 | F 2432000 | FPS 0615 | D 4423 | rR:μσmM 0.00 0.00 0.00 0.00 | F:μσmM 270.0 0.0 270.0 270.0 | H 1.755 | V -0.332 | pL 0.008 | vL 0.001 | ∇ 0.012
Status saved
Status saved
Status saved
Status saved
Status saved
U 19500 | F 2496000 | FPS 0557 | D 4538 | rR:μσmM 0.00 0.00 0.00 0.00 | F:μσmM 270.0 0.0 270.0 270.0 | H 1.708 | V -0.330 | pL -0.000 | vL 0.001 | ∇ 0.007
Status saved
Status saved
Status saved
Status saved
Status saved
U 20000 | F 2560000 | FPS 0311 | D 4654 | rR:μσmM 0.00 0.00 0.00 0.00 | F:μσmM 270.0 0.0 270.0 270.0 | H 1.775 | V -0.317 | pL 0.007 | vL 0.001 | ∇ 0.008
Status saved
Status saved
Status saved
Status saved
Status saved
U 20500 | F 2624000 | FPS 0553 | D 4771 | rR:μσmM 0.00 0.00 0.00 0.00 | F:μσmM 270.0 0.0 270.0 270.0 | H 1.808 | V -0.349 | pL -0.001 | vL 0.001 | ∇ 0.010
Status saved
Status saved
Status saved
Status saved
Status saved
U 21000 | F 2688000 | FPS 0613 | D 4887 | rR:μσmM 0.01 0.04 0.00 0.17 | F:μσmM 268.8 4.8 250.0 270.0 | H 1.599 | V -0.328 | pL -0.000 | vL 0.000 | ∇ 0.006
Status saved
Status saved
Status saved
Status saved
Status saved
U 21500 | F 2752000 | FPS 0613 | D 5003 | rR:μσmM 0.00 0.00 0.00 0.00 | F:μσmM 270.0 0.0 270.0 270.0 | H 1.760 | V -0.366 | pL -0.006 | vL 0.003 | ∇ 0.020
Status saved
Status saved
Status saved
Status saved
Status saved
U 22000 | F 2816000 | FPS 0595 | D 5120 | rR:μσmM 0.00 0.00 0.00 0.00 | F:μσmM 270.0 0.0 270.0 270.0 | H 1.752 | V -0.326 | pL -0.004 | vL 0.005 | ∇ 0.050
Status saved
Status saved
Status saved
Status saved
Status saved
U 22500 | F 2880000 | FPS 0494 | D 5235 | rR:μσmM 0.00 0.00 0.00 0.00 | F:μσmM 270.0 0.0 270.0 270.0 | H 1.762 | V -0.331 | pL -0.022 | vL 0.007 | ∇ 0.025
Status saved
Status saved
Status saved
Status saved
Status saved
U 23000 | F 2944000 | FPS 0629 | D 5350 | rR:μσmM 0.00 0.00 0.00 0.00 | F:μσmM 270.0 0.0 270.0 270.0 | H 1.742 | V -0.380 | pL 0.005 | vL 0.001 | ∇ 0.010
Status saved
Status saved
Status saved
Status saved
Status saved
