Gym has been unmaintained since 2022 and does not support NumPy 2.0 amongst other critical functionality.
Please upgrade to Gymnasium, the maintained drop-in replacement of Gym, or contact the authors of your software and request that they upgrade.
Users of this version of Gym should be able to simply replace 'import gym' with 'import gymnasium as gym' in the vast majority of cases.
See the migration guide at https://gymnasium.farama.org/introduction/migration_guide/ for additional information.
scripts/train.py --algo a2c --env MiniGrid-DoorKey-8x8-v0 --model full-se --frames 3000000 --use_entropy_reward --use_batch --save-interval 100 --log-interval 500

Namespace(algo='a2c', env='MiniGrid-DoorKey-8x8-v0', model='full-se', seed=1, log_interval=500, save_interval=100, procs=16, frames=3000000, epochs=4, batch_size=256, frames_per_proc=None, discount=0.99, lr=0.001, gae_lambda=0.95, entropy_coef=0.01, value_loss_coef=0.5, max_grad_norm=0.5, optim_eps=1e-08, optim_alpha=0.99, clip_eps=0.2, recurrence=1, text=False, use_entropy_reward=True, use_value_condition=False, beta=1e-05, use_batch=True, mem=False)

Device: cuda:0

Environments loaded

Training status loaded

Observations preprocessor loaded
Model loaded

ACModel(
  (image_conv): Sequential(
    (0): Conv2d(3, 16, kernel_size=(2, 2), stride=(1, 1))
    (1): ReLU()
    (2): MaxPool2d(kernel_size=(2, 2), stride=(2, 2), padding=0, dilation=1, ceil_mode=False)
    (3): Conv2d(16, 32, kernel_size=(2, 2), stride=(1, 1))
    (4): ReLU()
    (5): Conv2d(32, 64, kernel_size=(2, 2), stride=(1, 1))
    (6): ReLU()
  )
  (actor): Sequential(
    (0): Linear(in_features=64, out_features=64, bias=True)
    (1): Tanh()
    (2): Linear(in_features=64, out_features=7, bias=True)
  )
  (critic): Sequential(
    (0): Linear(in_features=64, out_features=64, bias=True)
    (1): Tanh()
    (2): Linear(in_features=64, out_features=1, bias=True)
  )
  (extr_critic): Sequential(
    (0): Linear(in_features=64, out_features=64, bias=True)
    (1): Tanh()
    (2): Linear(in_features=64, out_features=1, bias=True)
  )
)

Optimizer loaded

Status saved
Status saved
Status saved
Status saved
U 500 | F 064000 | FPS 2504 | D 27 | rR:μσmM 0.02 0.08 0.00 0.31 | F:μσmM 630.6 36.3 490.0 640.0 | H 1.946 | V -0.003 | pL -0.000 | vL 0.000 | ∇ 0.001
Status saved
Status saved
Status saved
Status saved
Status saved
U 1000 | F 128000 | FPS 2125 | D 54 | rR:μσmM 0.00 0.00 0.00 0.00 | F:μσmM 640.0 0.0 640.0 640.0 | H 1.946 | V -0.000 | pL 0.000 | vL 0.000 | ∇ 0.000
Status saved
Status saved
Status saved
Status saved
Status saved
U 1500 | F 192000 | FPS 2117 | D 82 | rR:μσmM 0.00 0.00 0.00 0.00 | F:μσmM 640.0 0.0 640.0 640.0 | H 1.946 | V 0.000 | pL 0.000 | vL 0.000 | ∇ 0.000
Status saved
Status saved
Status saved
Status saved
Status saved
U 2000 | F 256000 | FPS 2060 | D 110 | rR:μσmM 0.00 0.00 0.00 0.00 | F:μσmM 640.0 0.0 640.0 640.0 | H 1.946 | V -0.000 | pL 0.000 | vL 0.000 | ∇ 0.000
Status saved
Status saved
Status saved
Status saved
Status saved
U 2500 | F 320000 | FPS 2429 | D 138 | rR:μσmM 0.00 0.00 0.00 0.00 | F:μσmM 640.0 0.0 640.0 640.0 | H 1.946 | V -0.000 | pL 0.000 | vL 0.000 | ∇ 0.000
Status saved
Status saved
Status saved
Status saved
Status saved
U 3000 | F 384000 | FPS 2562 | D 166 | rR:μσmM 0.00 0.00 0.00 0.00 | F:μσmM 640.0 0.0 640.0 640.0 | H 1.946 | V 0.000 | pL -0.000 | vL 0.000 | ∇ 0.000
Status saved
Status saved
Status saved
Status saved
Status saved
U 3500 | F 448000 | FPS 2060 | D 195 | rR:μσmM 0.00 0.00 0.00 0.00 | F:μσmM 640.0 0.0 640.0 640.0 | H 1.946 | V 0.000 | pL -0.000 | vL 0.000 | ∇ 0.000
Status saved
Status saved
Status saved
Status saved
Status saved
U 4000 | F 512000 | FPS 2221 | D 223 | rR:μσmM 0.03 0.10 0.00 0.42 | F:μσmM 625.6 55.9 409.0 640.0 | H 1.946 | V -0.000 | pL 0.000 | vL 0.000 | ∇ 0.000
Status saved
Status saved
Status saved
Status saved
Status saved
U 4500 | F 576000 | FPS 2451 | D 252 | rR:μσmM 0.00 0.00 0.00 0.00 | F:μσmM 640.0 0.0 640.0 640.0 | H 1.946 | V 0.000 | pL -0.000 | vL 0.000 | ∇ 0.000
Status saved
Status saved
Status saved
Status saved
Status saved
U 5000 | F 640000 | FPS 2441 | D 280 | rR:μσmM 0.00 0.00 0.00 0.00 | F:μσmM 640.0 0.0 640.0 640.0 | H 1.946 | V -0.000 | pL 0.000 | vL 0.000 | ∇ 0.000
Status saved
Status saved
Status saved
Status saved
Status saved
U 5500 | F 704000 | FPS 2460 | D 308 | rR:μσmM 0.02 0.10 0.00 0.39 | F:μσmM 626.9 50.6 431.0 640.0 | H 1.946 | V 0.023 | pL -0.002 | vL 0.000 | ∇ 0.001
Status saved
Status saved
Status saved
Status saved
Status saved
U 6000 | F 768000 | FPS 2433 | D 335 | rR:μσmM 0.00 0.00 0.00 0.00 | F:μσmM 640.0 0.0 640.0 640.0 | H 1.946 | V 0.000 | pL -0.000 | vL 0.000 | ∇ 0.000
Status saved
Status saved
Status saved
Status saved
Status saved
U 6500 | F 832000 | FPS 2477 | D 363 | rR:μσmM 0.04 0.15 0.00 0.63 | F:μσmM 616.5 91.0 264.0 640.0 | H 1.945 | V 0.030 | pL -0.002 | vL 0.000 | ∇ 0.002
Status saved
Status saved
Status saved
Status saved
Status saved
U 7000 | F 896000 | FPS 1983 | D 391 | rR:μσmM 0.00 0.00 0.00 0.00 | F:μσmM 640.0 0.0 640.0 640.0 | H 1.946 | V 0.000 | pL 0.000 | vL 0.000 | ∇ 0.000
Status saved
Status saved
Status saved
Status saved
Status saved
U 7500 | F 960000 | FPS 2081 | D 419 | rR:μσmM 0.00 0.00 0.00 0.00 | F:μσmM 640.0 0.0 640.0 640.0 | H 1.946 | V -0.000 | pL 0.000 | vL 0.000 | ∇ 0.000
Status saved
Status saved
Status saved
Status saved
Status saved
U 8000 | F 1024000 | FPS 2146 | D 447 | rR:μσmM 0.03 0.13 0.00 0.55 | F:μσmM 620.1 77.0 322.0 640.0 | H 1.946 | V 0.000 | pL -0.000 | vL 0.000 | ∇ 0.000
Status saved
Status saved
Status saved
Status saved
Status saved
U 8500 | F 1088000 | FPS 2105 | D 476 | rR:μσmM 0.00 0.00 0.00 0.00 | F:μσmM 640.0 0.0 640.0 640.0 | H 1.946 | V 0.000 | pL -0.000 | vL 0.000 | ∇ 0.000
Status saved
Status saved
Status saved
Status saved
Status saved
U 9000 | F 1152000 | FPS 2454 | D 504 | rR:μσmM 0.00 0.00 0.00 0.00 | F:μσmM 640.0 0.0 640.0 640.0 | H 1.946 | V 0.000 | pL -0.000 | vL 0.000 | ∇ 0.000
Status saved
Status saved
Status saved
Status saved
Status saved
U 9500 | F 1216000 | FPS 2435 | D 532 | rR:μσmM 0.05 0.20 0.00 0.82 | F:μσmM 607.9 124.4 126.0 640.0 | H 1.946 | V 0.019 | pL -0.001 | vL 0.000 | ∇ 0.001
Status saved
Status saved
Status saved
Status saved
Status saved
U 10000 | F 1280000 | FPS 2469 | D 560 | rR:μσmM 0.00 0.00 0.00 0.00 | F:μσmM 640.0 0.0 640.0 640.0 | H 1.946 | V 0.000 | pL -0.000 | vL 0.000 | ∇ 0.000
Status saved
Status saved
Status saved
Status saved
Status saved
U 10500 | F 1344000 | FPS 2430 | D 588 | rR:μσmM 0.00 0.00 0.00 0.00 | F:μσmM 640.0 0.0 640.0 640.0 | H 1.946 | V 0.000 | pL 0.000 | vL 0.000 | ∇ 0.000
Status saved
Status saved
Status saved
Status saved
Status saved
U 11000 | F 1408000 | FPS 2429 | D 616 | rR:μσmM 0.00 0.00 0.00 0.00 | F:μσmM 640.0 0.0 640.0 640.0 | H 1.946 | V 0.000 | pL -0.000 | vL 0.000 | ∇ 0.000
Status saved
Status saved
Status saved
Status saved
Status saved
U 11500 | F 1472000 | FPS 2096 | D 644 | rR:μσmM 0.00 0.00 0.00 0.00 | F:μσmM 640.0 0.0 640.0 640.0 | H 1.946 | V 0.000 | pL 0.000 | vL 0.000 | ∇ 0.000
Status saved
Status saved
Status saved
Status saved
Status saved
U 12000 | F 1536000 | FPS 2422 | D 673 | rR:μσmM 0.00 0.00 0.00 0.00 | F:μσmM 640.0 0.0 640.0 640.0 | H 1.946 | V 0.000 | pL -0.000 | vL 0.000 | ∇ 0.000
Status saved
Status saved
Status saved
Status saved
Status saved
U 12500 | F 1600000 | FPS 2054 | D 701 | rR:μσmM 0.00 0.00 0.00 0.00 | F:μσmM 640.0 0.0 640.0 640.0 | H 1.946 | V 0.000 | pL 0.000 | vL 0.000 | ∇ 0.000
Status saved
Status saved
Status saved
Status saved
Status saved
U 13000 | F 1664000 | FPS 2402 | D 729 | rR:μσmM 0.00 0.00 0.00 0.00 | F:μσmM 640.0 0.0 640.0 640.0 | H 1.946 | V -0.000 | pL 0.000 | vL 0.000 | ∇ 0.000
Status saved
Status saved
Status saved
Status saved
Status saved
U 13500 | F 1728000 | FPS 2445 | D 757 | rR:μσmM 0.00 0.00 0.00 0.00 | F:μσmM 640.0 0.0 640.0 640.0 | H 1.946 | V 0.000 | pL 0.000 | vL 0.000 | ∇ 0.000
Status saved
Status saved
Status saved
Status saved
Status saved
U 14000 | F 1792000 | FPS 2011 | D 786 | rR:μσmM 0.00 0.00 0.00 0.00 | F:μσmM 640.0 0.0 640.0 640.0 | H 1.946 | V 0.000 | pL -0.000 | vL 0.000 | ∇ 0.000
Status saved
Status saved
Status saved
Status saved
Status saved
U 14500 | F 1856000 | FPS 2481 | D 814 | rR:μσmM 0.00 0.00 0.00 0.00 | F:μσmM 640.0 0.0 640.0 640.0 | H 1.946 | V 0.000 | pL 0.000 | vL 0.000 | ∇ 0.000
Status saved
Status saved
Status saved
Status saved
Status saved
U 15000 | F 1920000 | FPS 2459 | D 842 | rR:μσmM 0.00 0.00 0.00 0.00 | F:μσmM 640.0 0.0 640.0 640.0 | H 1.946 | V -0.000 | pL 0.000 | vL 0.000 | ∇ 0.000
Status saved
Status saved
Status saved
Status saved
Status saved
U 15500 | F 1984000 | FPS 2125 | D 869 | rR:μσmM 0.03 0.12 0.00 0.49 | F:μσmM 622.9 66.3 366.0 640.0 | H 1.946 | V 0.002 | pL -0.000 | vL 0.000 | ∇ 0.000
Status saved
Status saved
Status saved
Status saved
Status saved
U 16000 | F 2048000 | FPS 2421 | D 898 | rR:μσmM 0.00 0.00 0.00 0.00 | F:μσmM 640.0 0.0 640.0 640.0 | H 1.946 | V 0.000 | pL 0.000 | vL 0.000 | ∇ 0.000
Status saved
Status saved
Status saved
Status saved
Status saved
U 16500 | F 2112000 | FPS 2440 | D 926 | rR:μσmM 0.00 0.00 0.00 0.00 | F:μσmM 640.0 0.0 640.0 640.0 | H 1.946 | V 0.000 | pL 0.000 | vL 0.000 | ∇ 0.000
Status saved
Status saved
Status saved
Status saved
Status saved
U 17000 | F 2176000 | FPS 2502 | D 954 | rR:μσmM 0.03 0.10 0.00 0.41 | F:μσmM 626.2 53.5 419.0 640.0 | H 1.946 | V 0.000 | pL -0.000 | vL 0.000 | ∇ 0.000
Status saved
Status saved
Status saved
Status saved
Status saved
U 17500 | F 2240000 | FPS 2122 | D 982 | rR:μσmM 0.01 0.04 0.00 0.18 | F:μσmM 636.4 14.0 582.0 640.0 | H 1.946 | V 0.000 | pL -0.000 | vL 0.000 | ∇ 0.000
Status saved
Status saved
Status saved
Status saved
Status saved
U 18000 | F 2304000 | FPS 2450 | D 1011 | rR:μσmM 0.00 0.00 0.00 0.00 | F:μσmM 640.0 0.0 640.0 640.0 | H 1.946 | V 0.000 | pL 0.000 | vL 0.000 | ∇ 0.000
Status saved
Status saved
Status saved
Status saved
Status saved
U 18500 | F 2368000 | FPS 2120 | D 1038 | rR:μσmM 0.00 0.00 0.00 0.00 | F:μσmM 640.0 0.0 640.0 640.0 | H 1.946 | V 0.000 | pL 0.000 | vL 0.000 | ∇ 0.000
Status saved
Status saved
Status saved
Status saved
Status saved
U 19000 | F 2432000 | FPS 2050 | D 1066 | rR:μσmM 0.00 0.00 0.00 0.00 | F:μσmM 640.0 0.0 640.0 640.0 | H 1.946 | V 0.000 | pL 0.000 | vL 0.000 | ∇ 0.000
Status saved
Status saved
Status saved
Status saved
Status saved
U 19500 | F 2496000 | FPS 2030 | D 1095 | rR:μσmM 0.04 0.11 0.00 0.46 | F:μσmM 622.6 61.6 385.0 640.0 | H 1.946 | V 0.026 | pL -0.002 | vL 0.000 | ∇ 0.002
Status saved
Status saved
Status saved
Status saved
Status saved
U 20000 | F 2560000 | FPS 2101 | D 1124 | rR:μσmM 0.01 0.05 0.00 0.21 | F:μσmM 635.1 18.9 562.0 640.0 | H 1.946 | V 0.000 | pL -0.000 | vL 0.000 | ∇ 0.000
Status saved
Status saved
Status saved
Status saved
Status saved
U 20500 | F 2624000 | FPS 2082 | D 1151 | rR:μσmM 0.00 0.00 0.00 0.00 | F:μσmM 640.0 0.0 640.0 640.0 | H 1.946 | V 0.000 | pL 0.000 | vL 0.000 | ∇ 0.000
Status saved
Status saved
Status saved
Status saved
Status saved
U 21000 | F 2688000 | FPS 2341 | D 1179 | rR:μσmM 0.00 0.00 0.00 0.00 | F:μσmM 640.0 0.0 640.0 640.0 | H 1.946 | V 0.000 | pL 0.000 | vL 0.000 | ∇ 0.000
Status saved
Status saved
Status saved
Status saved
Status saved
U 21500 | F 2752000 | FPS 2440 | D 1208 | rR:μσmM 0.05 0.13 0.00 0.42 | F:μσmM 613.2 71.0 409.0 640.0 | H 1.946 | V 0.027 | pL -0.002 | vL 0.000 | ∇ 0.002
Status saved
Status saved
Status saved
Status saved
Status saved
U 22000 | F 2816000 | FPS 2467 | D 1236 | rR:μσmM 0.02 0.09 0.00 0.39 | F:μσmM 627.3 49.1 437.0 640.0 | H 1.946 | V 0.006 | pL -0.000 | vL 0.000 | ∇ 0.000
Status saved
Status saved
Status saved
Status saved
Status saved
U 22500 | F 2880000 | FPS 2550 | D 1264 | rR:μσmM 0.00 0.00 0.00 0.00 | F:μσmM 640.0 0.0 640.0 640.0 | H 1.946 | V 0.000 | pL -0.000 | vL 0.000 | ∇ 0.000
Status saved
Status saved
Status saved
Status saved
Status saved
U 23000 | F 2944000 | FPS 2493 | D 1293 | rR:μσmM 0.01 0.03 0.00 0.11 | F:μσmM 639.7 1.2 635.0 640.0 | H 1.946 | V 0.000 | pL -0.000 | vL 0.000 | ∇ 0.000
Status saved
Status saved
Status saved
Status saved
Status saved
