Gym has been unmaintained since 2022 and does not support NumPy 2.0 amongst other critical functionality.
Please upgrade to Gymnasium, the maintained drop-in replacement of Gym, or contact the authors of your software and request that they upgrade.
Users of this version of Gym should be able to simply replace 'import gym' with 'import gymnasium as gym' in the vast majority of cases.
See the migration guide at https://gymnasium.farama.org/introduction/migration_guide/ for additional information.
/workspace/learn-si2e/SI2E/SI2E_A2C/rl-starter-files/rl-starter-files/scripts/train.py --algo a2c --env MiniGrid-KeyCorridorS3R2-v0 --model kc-se-s2 --frames 3000000 --use_batch --save-interval 100 --log-interval 500 --seed 2 --use_entropy_reward --beta 0.005

Namespace(algo='a2c', env='MiniGrid-KeyCorridorS3R2-v0', model='kc-se-s2', seed=2, log_interval=500, save_interval=100, procs=16, frames=3000000, epochs=4, batch_size=256, frames_per_proc=None, discount=0.99, lr=0.001, gae_lambda=0.95, entropy_coef=0.01, value_loss_coef=0.5, max_grad_norm=0.5, optim_eps=1e-08, optim_alpha=0.99, clip_eps=0.2, recurrence=1, text=False, use_entropy_reward=True, use_value_condition=False, beta=0.005, use_batch=True, mem=False)

Device: cuda:0

Environments loaded

Training status loaded

Observations preprocessor loaded
Model loaded

ACModel(
  (image_conv): Sequential(
    (0): Conv2d(3, 16, kernel_size=(2, 2), stride=(1, 1))
    (1): ReLU()
    (2): MaxPool2d(kernel_size=(2, 2), stride=(2, 2), padding=0, dilation=1, ceil_mode=False)
    (3): Conv2d(16, 32, kernel_size=(2, 2), stride=(1, 1))
    (4): ReLU()
    (5): Conv2d(32, 64, kernel_size=(2, 2), stride=(1, 1))
    (6): ReLU()
  )
  (actor): Sequential(
    (0): Linear(in_features=64, out_features=64, bias=True)
    (1): Tanh()
    (2): Linear(in_features=64, out_features=7, bias=True)
  )
  (critic): Sequential(
    (0): Linear(in_features=64, out_features=64, bias=True)
    (1): Tanh()
    (2): Linear(in_features=64, out_features=1, bias=True)
  )
  (extr_critic): Sequential(
    (0): Linear(in_features=64, out_features=64, bias=True)
    (1): Tanh()
    (2): Linear(in_features=64, out_features=1, bias=True)
  )
)

Optimizer loaded

Status saved
Status saved
Status saved
Status saved
U 500 | F 064000 | FPS 1524 | D 44 | rR:μσmM 0.00 0.00 0.00 0.00 | F:μσmM 270.0 0.0 270.0 270.0 | H 1.937 | V 0.083 | pL 0.002 | vL 0.000 | ∇ 0.001
Status saved
Status saved
Status saved
Status saved
Status saved
U 1000 | F 128000 | FPS 1496 | D 88 | rR:μσmM 0.00 0.00 0.00 0.00 | F:μσmM 270.0 0.0 270.0 270.0 | H 1.936 | V 0.078 | pL -0.004 | vL 0.000 | ∇ 0.004
Status saved
Status saved
Status saved
Status saved
Status saved
U 1500 | F 192000 | FPS 1360 | D 131 | rR:μσmM 0.00 0.00 0.00 0.00 | F:μσmM 270.0 0.0 270.0 270.0 | H 1.936 | V 0.076 | pL 0.000 | vL 0.000 | ∇ 0.003
Status saved
Status saved
Status saved
Status saved
Status saved
U 2000 | F 256000 | FPS 1458 | D 175 | rR:μσmM 0.06 0.15 0.00 0.52 | F:μσmM 256.5 36.3 144.0 270.0 | H 1.937 | V 0.089 | pL -0.001 | vL 0.000 | ∇ 0.002
Status saved
Status saved
Status saved
Status saved
Status saved
U 2500 | F 320000 | FPS 1484 | D 218 | rR:μσmM 0.03 0.13 0.00 0.52 | F:μσmM 262.2 30.3 145.0 270.0 | H 1.936 | V 0.073 | pL 0.000 | vL 0.000 | ∇ 0.001
Status saved
Status saved
Status saved
Status saved
Status saved
U 3000 | F 384000 | FPS 1486 | D 262 | rR:μσmM 0.00 0.00 0.00 0.00 | F:μσmM 270.0 0.0 270.0 270.0 | H 1.936 | V 0.082 | pL 0.000 | vL 0.000 | ∇ 0.002
Status saved
Status saved
Status saved
Status saved
Status saved
U 3500 | F 448000 | FPS 1492 | D 305 | rR:μσmM 0.00 0.00 0.00 0.00 | F:μσmM 270.0 0.0 270.0 270.0 | H 1.935 | V 0.090 | pL 0.003 | vL 0.000 | ∇ 0.002
Status saved
Status saved
Status saved
Status saved
Status saved
U 4000 | F 512000 | FPS 1533 | D 349 | rR:μσmM 0.08 0.20 0.00 0.73 | F:μσmM 252.1 50.0 82.0 270.0 | H 1.926 | V 0.102 | pL -0.000 | vL 0.000 | ∇ 0.002
Status saved
Status saved
Status saved
Status saved
Status saved
U 4500 | F 576000 | FPS 1514 | D 393 | rR:μσmM 0.00 0.00 0.00 0.00 | F:μσmM 270.0 0.0 270.0 270.0 | H 1.935 | V 0.081 | pL 0.000 | vL 0.000 | ∇ 0.001
Status saved
Status saved
Status saved
Status saved
Status saved
U 5000 | F 640000 | FPS 1566 | D 436 | rR:μσmM 0.00 0.00 0.00 0.00 | F:μσmM 270.0 0.0 270.0 270.0 | H 1.938 | V 0.078 | pL 0.003 | vL 0.000 | ∇ 0.002
Status saved
Status saved
Status saved
Status saved
Status saved
U 5500 | F 704000 | FPS 1412 | D 481 | rR:μσmM 0.00 0.00 0.00 0.00 | F:μσmM 270.0 0.0 270.0 270.0 | H 1.935 | V 0.068 | pL 0.002 | vL 0.000 | ∇ 0.001
Status saved
Status saved
Status saved
Status saved
Status saved
U 6000 | F 768000 | FPS 1370 | D 524 | rR:μσmM 0.00 0.00 0.00 0.00 | F:μσmM 270.0 0.0 270.0 270.0 | H 1.934 | V 0.087 | pL -0.005 | vL 0.000 | ∇ 0.004
Status saved
Status saved
Status saved
Status saved
Status saved
U 6500 | F 832000 | FPS 1570 | D 568 | rR:μσmM 0.00 0.00 0.00 0.00 | F:μσmM 270.0 0.0 270.0 270.0 | H 1.934 | V 0.081 | pL 0.005 | vL 0.000 | ∇ 0.003
Status saved
Status saved
Status saved
Status saved
Status saved
U 7000 | F 896000 | FPS 1598 | D 611 | rR:μσmM 0.00 0.00 0.00 0.00 | F:μσmM 270.0 0.0 270.0 270.0 | H 1.935 | V 0.094 | pL 0.005 | vL 0.000 | ∇ 0.003
Status saved
Status saved
Status saved
Status saved
Status saved
U 7500 | F 960000 | FPS 1561 | D 654 | rR:μσmM 0.00 0.00 0.00 0.00 | F:μσmM 270.0 0.0 270.0 270.0 | H 1.934 | V 0.079 | pL 0.004 | vL 0.000 | ∇ 0.003
Status saved
Status saved
Status saved
Status saved
Status saved
U 8000 | F 1024000 | FPS 1477 | D 698 | rR:μσmM 0.02 0.10 0.00 0.39 | F:μσmM 264.5 21.3 182.0 270.0 | H 1.931 | V 0.095 | pL -0.012 | vL 0.001 | ∇ 0.008
Status saved
Status saved
Status saved
Status saved
Status saved
U 8500 | F 1088000 | FPS 1536 | D 741 | rR:μσmM 0.00 0.00 0.00 0.00 | F:μσmM 270.0 0.0 270.0 270.0 | H 1.932 | V 0.097 | pL 0.001 | vL 0.000 | ∇ 0.002
Status saved
Status saved
Status saved
Status saved
Status saved
U 9000 | F 1152000 | FPS 1321 | D 785 | rR:μσmM 0.00 0.00 0.00 0.00 | F:μσmM 270.0 0.0 270.0 270.0 | H 1.936 | V 0.080 | pL -0.004 | vL 0.000 | ∇ 0.004
Status saved
Status saved
Status saved
Status saved
Status saved
U 9500 | F 1216000 | FPS 1546 | D 828 | rR:μσmM 0.00 0.00 0.00 0.00 | F:μσmM 270.0 0.0 270.0 270.0 | H 1.934 | V 0.081 | pL -0.004 | vL 0.000 | ∇ 0.005
Status saved
Status saved
Status saved
Status saved
Status saved
U 10000 | F 1280000 | FPS 1497 | D 872 | rR:μσmM 0.00 0.00 0.00 0.00 | F:μσmM 270.0 0.0 270.0 270.0 | H 1.937 | V 0.078 | pL 0.000 | vL 0.000 | ∇ 0.001
Status saved
Status saved
Status saved
Status saved
Status saved
U 10500 | F 1344000 | FPS 1396 | D 915 | rR:μσmM 0.00 0.00 0.00 0.00 | F:μσmM 270.0 0.0 270.0 270.0 | H 1.937 | V 0.086 | pL -0.003 | vL 0.000 | ∇ 0.002
Status saved
Status saved
Status saved
Status saved
Status saved
U 11000 | F 1408000 | FPS 1520 | D 959 | rR:μσmM 0.01 0.03 0.00 0.14 | F:μσmM 269.2 2.9 258.0 270.0 | H 1.936 | V 0.083 | pL 0.001 | vL 0.000 | ∇ 0.001
Status saved
Status saved
Status saved
Status saved
Status saved
U 11500 | F 1472000 | FPS 1332 | D 1002 | rR:μσmM 0.00 0.00 0.00 0.00 | F:μσmM 270.0 0.0 270.0 270.0 | H 1.936 | V 0.091 | pL 0.001 | vL 0.000 | ∇ 0.001
Status saved
Status saved
Status saved
Status saved
Status saved
U 12000 | F 1536000 | FPS 1433 | D 1046 | rR:μσmM 0.00 0.00 0.00 0.00 | F:μσmM 270.0 0.0 270.0 270.0 | H 1.933 | V 0.088 | pL -0.011 | vL 0.001 | ∇ 0.008
Status saved
Status saved
Status saved
Status saved
Status saved
U 12500 | F 1600000 | FPS 1567 | D 1089 | rR:μσmM 0.00 0.00 0.00 0.00 | F:μσmM 270.0 0.0 270.0 270.0 | H 1.933 | V 0.086 | pL -0.008 | vL 0.000 | ∇ 0.005
Status saved
Status saved
Status saved
Status saved
Status saved
U 13000 | F 1664000 | FPS 1561 | D 1132 | rR:μσmM 0.02 0.08 0.00 0.32 | F:μσmM 265.8 16.2 203.0 270.0 | H 1.936 | V 0.083 | pL -0.001 | vL 0.000 | ∇ 0.001
Status saved
Status saved
Status saved
Status saved
Status saved
U 13500 | F 1728000 | FPS 1516 | D 1177 | rR:μσmM 0.04 0.16 0.00 0.67 | F:μσmM 259.2 41.6 98.0 270.0 | H 1.928 | V 0.095 | pL -0.000 | vL 0.000 | ∇ 0.002
Status saved
Status saved
Status saved
Status saved
Status saved
U 14000 | F 1792000 | FPS 1473 | D 1220 | rR:μσmM 0.00 0.00 0.00 0.00 | F:μσmM 270.0 0.0 270.0 270.0 | H 1.936 | V 0.088 | pL 0.003 | vL 0.000 | ∇ 0.002
Status saved
Status saved
Status saved
Status saved
Status saved
U 14500 | F 1856000 | FPS 1459 | D 1264 | rR:μσmM 0.00 0.00 0.00 0.00 | F:μσmM 270.0 0.0 270.0 270.0 | H 1.937 | V 0.072 | pL -0.003 | vL 0.000 | ∇ 0.002
Status saved
Status saved
Status saved
Status saved
Status saved
U 15000 | F 1920000 | FPS 1601 | D 1308 | rR:μσmM 0.00 0.00 0.00 0.00 | F:μσmM 270.0 0.0 270.0 270.0 | H 1.937 | V 0.074 | pL -0.004 | vL 0.000 | ∇ 0.002
Status saved
Status saved
Status saved
Status saved
Status saved
U 15500 | F 1984000 | FPS 1522 | D 1352 | rR:μσmM 0.03 0.11 0.00 0.44 | F:μσmM 263.7 24.4 169.0 270.0 | H 1.933 | V 0.083 | pL 0.000 | vL 0.000 | ∇ 0.001
Status saved
Status saved
Status saved
Status saved
Status saved
U 16000 | F 2048000 | FPS 1564 | D 1396 | rR:μσmM 0.00 0.00 0.00 0.00 | F:μσmM 270.0 0.0 270.0 270.0 | H 1.934 | V 0.081 | pL -0.007 | vL 0.000 | ∇ 0.005
Status saved
Status saved
Status saved
Status saved
Status saved
U 16500 | F 2112000 | FPS 1512 | D 1440 | rR:μσmM 0.00 0.00 0.00 0.00 | F:μσmM 270.0 0.0 270.0 270.0 | H 1.932 | V 0.085 | pL -0.013 | vL 0.001 | ∇ 0.007
Status saved
Status saved
Status saved
Status saved
Status saved
U 17000 | F 2176000 | FPS 1452 | D 1483 | rR:μσmM 0.03 0.13 0.00 0.55 | F:μσmM 261.6 32.4 136.0 270.0 | H 1.934 | V 0.085 | pL 0.003 | vL 0.000 | ∇ 0.002
Status saved
Status saved
Status saved
Status saved
Status saved
U 17500 | F 2240000 | FPS 1096 | D 1528 | rR:μσmM 0.03 0.10 0.00 0.41 | F:μσmM 264.2 22.5 177.0 270.0 | H 1.938 | V 0.080 | pL 0.003 | vL 0.000 | ∇ 0.002
Status saved
Status saved
Status saved
Status saved
Status saved
U 18000 | F 2304000 | FPS 1550 | D 1572 | rR:μσmM 0.00 0.00 0.00 0.00 | F:μσmM 270.0 0.0 270.0 270.0 | H 1.932 | V 0.090 | pL 0.001 | vL 0.000 | ∇ 0.001
Status saved
Status saved
Status saved
Status saved
Status saved
U 18500 | F 2368000 | FPS 1581 | D 1616 | rR:μσmM 0.00 0.00 0.00 0.00 | F:μσmM 270.0 0.0 270.0 270.0 | H 1.938 | V 0.084 | pL 0.003 | vL 0.000 | ∇ 0.002
Status saved
Status saved
Status saved
Status saved
Status saved
U 19000 | F 2432000 | FPS 1592 | D 1660 | rR:μσmM 0.00 0.00 0.00 0.00 | F:μσmM 270.0 0.0 270.0 270.0 | H 1.934 | V 0.085 | pL -0.004 | vL 0.000 | ∇ 0.004
Status saved
Status saved
Status saved
Status saved
Status saved
U 19500 | F 2496000 | FPS 1392 | D 1704 | rR:μσmM 0.01 0.05 0.00 0.21 | F:μσmM 267.9 8.0 237.0 270.0 | H 1.934 | V 0.083 | pL -0.005 | vL 0.000 | ∇ 0.003
Status saved
Status saved
Status saved
Status saved
Status saved
U 20000 | F 2560000 | FPS 1589 | D 1748 | rR:μσmM 0.02 0.08 0.00 0.35 | F:μσmM 265.3 18.2 195.0 270.0 | H 1.937 | V 0.079 | pL -0.005 | vL 0.000 | ∇ 0.003
Status saved
Status saved
Status saved
Status saved
Status saved
U 20500 | F 2624000 | FPS 1462 | D 1792 | rR:μσmM 0.00 0.00 0.00 0.00 | F:μσmM 270.0 0.0 270.0 270.0 | H 1.934 | V 0.090 | pL -0.007 | vL 0.000 | ∇ 0.005
Status saved
Status saved
Status saved
Status saved
Status saved
U 21000 | F 2688000 | FPS 1536 | D 1837 | rR:μσmM 0.00 0.00 0.00 0.00 | F:μσmM 270.0 0.0 270.0 270.0 | H 1.934 | V 0.090 | pL 0.001 | vL 0.000 | ∇ 0.001
Status saved
Status saved
Status saved
Status saved
Status saved
U 21500 | F 2752000 | FPS 1557 | D 1882 | rR:μσmM 0.02 0.06 0.00 0.26 | F:μσmM 266.9 11.9 221.0 270.0 | H 1.936 | V 0.092 | pL -0.003 | vL 0.000 | ∇ 0.002
Status saved
Status saved
Status saved
Status saved
Status saved
U 22000 | F 2816000 | FPS 1528 | D 1926 | rR:μσmM 0.00 0.00 0.00 0.00 | F:μσmM 270.0 0.0 270.0 270.0 | H 1.935 | V 0.085 | pL 0.001 | vL 0.000 | ∇ 0.001
Status saved
Status saved
Status saved
Status saved
Status saved
U 22500 | F 2880000 | FPS 1540 | D 1971 | rR:μσmM 0.00 0.00 0.00 0.00 | F:μσmM 270.0 0.0 270.0 270.0 | H 1.933 | V 0.089 | pL 0.002 | vL 0.000 | ∇ 0.002
Status saved
Status saved
Status saved
Status saved
Status saved
U 23000 | F 2944000 | FPS 1389 | D 2015 | rR:μσmM 0.00 0.00 0.00 0.00 | F:μσmM 270.0 0.0 270.0 270.0 | H 1.935 | V 0.084 | pL -0.001 | vL 0.000 | ∇ 0.003
Status saved
Status saved
Status saved
Status saved
Status saved
