/workspace/learn-si2e/base-vcse/VCSE_DrQv2/train.py:207: UserWarning: 
The version_base parameter is not specified.
Please specify a compatability version level, or None.
Will assume defaults for version 1.1
  @hydra.main(config_path='cfgs', config_name='config')
/usr/local/lib/python3.10/dist-packages/hydra/_internal/hydra.py:119: UserWarning: Future Hydra versions will no longer change working directory at job runtime by default.
See https://hydra.cc/docs/1.2/upgrades/1.1_to_1.2/changes_to_job_working_dir/ for more information.
  ret = run_job(
/workspace/learn-si2e/base-vcse/VCSE_DrQv2/train.py:207: UserWarning: 
The version_base parameter is not specified.
Please specify a compatability version level, or None.
Will assume defaults for version 1.1
  @hydra.main(config_path='cfgs', config_name='config')
workspace: /workspace/learn-si2e/results/drqv2-official/cartpole_swingup_vcse_seed1
| eval           | F: 0 | S: 0 | E: 0 | L: 1000 | R: 9.3777 | T: 0:00:00
| train          | F: 5000 | S: 2500 | E: 5 | L: 1000 | R: 69.9427 | BS: 2500 | FPS: 24.5458 | T: 0:00:40
| train          | F: 6000 | S: 3000 | E: 6 | L: 1000 | R: 73.6114 | BS: 3000 | FPS: 70.1120 | T: 0:00:55
| train          | F: 7000 | S: 3500 | E: 7 | L: 1000 | R: 70.1057 | BS: 3500 | FPS: 70.8051 | T: 0:01:09
| train          | F: 8000 | S: 4000 | E: 8 | L: 1000 | R: 130.8988 | BS: 4000 | FPS: 68.8871 | T: 0:01:23
| train          | F: 9000 | S: 4500 | E: 9 | L: 1000 | R: 67.2255 | BS: 4500 | FPS: 68.9786 | T: 0:01:38
| train          | F: 10000 | S: 5000 | E: 10 | L: 1000 | R: 50.0763 | BS: 5000 | FPS: 67.0542 | T: 0:01:53
| eval           | F: 10000 | S: 5000 | E: 10 | L: 1000 | R: 51.5535 | T: 0:01:53
| train          | F: 11000 | S: 5500 | E: 11 | L: 1000 | R: 108.6985 | BS: 5500 | FPS: 31.5253 | T: 0:02:24
| train          | F: 12000 | S: 6000 | E: 12 | L: 1000 | R: 170.7526 | BS: 6000 | FPS: 70.5547 | T: 0:02:38
| train          | F: 13000 | S: 6500 | E: 13 | L: 1000 | R: 187.5481 | BS: 6500 | FPS: 68.9233 | T: 0:02:53
| train          | F: 14000 | S: 7000 | E: 14 | L: 1000 | R: 183.3712 | BS: 7000 | FPS: 66.2943 | T: 0:03:08
| train          | F: 15000 | S: 7500 | E: 15 | L: 1000 | R: 208.4726 | BS: 7500 | FPS: 63.7496 | T: 0:03:24
| train          | F: 16000 | S: 8000 | E: 16 | L: 1000 | R: 215.0819 | BS: 8000 | FPS: 65.7559 | T: 0:03:39
| train          | F: 17000 | S: 8500 | E: 17 | L: 1000 | R: 249.5182 | BS: 8500 | FPS: 66.8437 | T: 0:03:54
| train          | F: 18000 | S: 9000 | E: 18 | L: 1000 | R: 193.6886 | BS: 9000 | FPS: 63.7011 | T: 0:04:10
| train          | F: 19000 | S: 9500 | E: 19 | L: 1000 | R: 201.0020 | BS: 9500 | FPS: 64.1014 | T: 0:04:25
| train          | F: 20000 | S: 10000 | E: 20 | L: 1000 | R: 295.5280 | BS: 10000 | FPS: 60.6576 | T: 0:04:42
| eval           | F: 20000 | S: 10000 | E: 20 | L: 1000 | R: 168.9537 | T: 0:04:42
| train          | F: 21000 | S: 10500 | E: 21 | L: 1000 | R: 187.3901 | BS: 10500 | FPS: 31.5529 | T: 0:05:13
| train          | F: 22000 | S: 11000 | E: 22 | L: 1000 | R: 188.8487 | BS: 11000 | FPS: 68.1535 | T: 0:05:28
| train          | F: 23000 | S: 11500 | E: 23 | L: 1000 | R: 195.6619 | BS: 11500 | FPS: 65.2725 | T: 0:05:43
| train          | F: 24000 | S: 12000 | E: 24 | L: 1000 | R: 164.3752 | BS: 12000 | FPS: 62.9131 | T: 0:05:59
| train          | F: 25000 | S: 12500 | E: 25 | L: 1000 | R: 183.6490 | BS: 12500 | FPS: 63.9900 | T: 0:06:15
| train          | F: 26000 | S: 13000 | E: 26 | L: 1000 | R: 198.9639 | BS: 13000 | FPS: 61.7701 | T: 0:06:31
| train          | F: 27000 | S: 13500 | E: 27 | L: 1000 | R: 276.0852 | BS: 13500 | FPS: 63.2540 | T: 0:06:47
| train          | F: 28000 | S: 14000 | E: 28 | L: 1000 | R: 190.2725 | BS: 14000 | FPS: 62.7391 | T: 0:07:03
| train          | F: 29000 | S: 14500 | E: 29 | L: 1000 | R: 199.2739 | BS: 14500 | FPS: 62.6534 | T: 0:07:19
| train          | F: 30000 | S: 15000 | E: 30 | L: 1000 | R: 204.7181 | BS: 15000 | FPS: 64.0503 | T: 0:07:34
| eval           | F: 30000 | S: 15000 | E: 30 | L: 1000 | R: 233.3469 | T: 0:07:34
| train          | F: 31000 | S: 15500 | E: 31 | L: 1000 | R: 208.8305 | BS: 15500 | FPS: 29.0174 | T: 0:08:09
| train          | F: 32000 | S: 16000 | E: 32 | L: 1000 | R: 273.6790 | BS: 16000 | FPS: 68.7558 | T: 0:08:23
| train          | F: 33000 | S: 16500 | E: 33 | L: 1000 | R: 256.8244 | BS: 16500 | FPS: 65.6982 | T: 0:08:39
| train          | F: 34000 | S: 17000 | E: 34 | L: 1000 | R: 281.3031 | BS: 17000 | FPS: 66.0775 | T: 0:08:54
| train          | F: 35000 | S: 17500 | E: 35 | L: 1000 | R: 246.8399 | BS: 17500 | FPS: 62.2443 | T: 0:09:10
| train          | F: 36000 | S: 18000 | E: 36 | L: 1000 | R: 280.3199 | BS: 18000 | FPS: 65.5563 | T: 0:09:25
| train          | F: 37000 | S: 18500 | E: 37 | L: 1000 | R: 270.4039 | BS: 18500 | FPS: 61.0064 | T: 0:09:41
| train          | F: 38000 | S: 19000 | E: 38 | L: 1000 | R: 234.5630 | BS: 19000 | FPS: 62.6136 | T: 0:09:57
| train          | F: 39000 | S: 19500 | E: 39 | L: 1000 | R: 293.7454 | BS: 19500 | FPS: 62.3038 | T: 0:10:13
| train          | F: 40000 | S: 20000 | E: 40 | L: 1000 | R: 327.8097 | BS: 20000 | FPS: 60.9628 | T: 0:10:30
| eval           | F: 40000 | S: 20000 | E: 40 | L: 1000 | R: 326.4354 | T: 0:10:30
| train          | F: 41000 | S: 20500 | E: 41 | L: 1000 | R: 291.3225 | BS: 20500 | FPS: 31.2105 | T: 0:11:02
| train          | F: 42000 | S: 21000 | E: 42 | L: 1000 | R: 244.1605 | BS: 21000 | FPS: 68.3494 | T: 0:11:17
| train          | F: 43000 | S: 21500 | E: 43 | L: 1000 | R: 361.1539 | BS: 21500 | FPS: 66.5183 | T: 0:11:32
| train          | F: 44000 | S: 22000 | E: 44 | L: 1000 | R: 331.3683 | BS: 22000 | FPS: 61.6525 | T: 0:11:48
| train          | F: 45000 | S: 22500 | E: 45 | L: 1000 | R: 293.9147 | BS: 22500 | FPS: 63.7007 | T: 0:12:04
| train          | F: 46000 | S: 23000 | E: 46 | L: 1000 | R: 323.8617 | BS: 23000 | FPS: 64.3124 | T: 0:12:19
| train          | F: 47000 | S: 23500 | E: 47 | L: 1000 | R: 306.8201 | BS: 23500 | FPS: 61.6075 | T: 0:12:35
| train          | F: 48000 | S: 24000 | E: 48 | L: 1000 | R: 424.9261 | BS: 24000 | FPS: 61.7978 | T: 0:12:51
| train          | F: 49000 | S: 24500 | E: 49 | L: 1000 | R: 378.9371 | BS: 24500 | FPS: 60.2829 | T: 0:13:08
| train          | F: 50000 | S: 25000 | E: 50 | L: 1000 | R: 464.8608 | BS: 25000 | FPS: 60.1949 | T: 0:13:25
| eval           | F: 50000 | S: 25000 | E: 50 | L: 1000 | R: 424.1712 | T: 0:13:25
| train          | F: 51000 | S: 25500 | E: 51 | L: 1000 | R: 412.3488 | BS: 25500 | FPS: 28.6391 | T: 0:14:00
| train          | F: 52000 | S: 26000 | E: 52 | L: 1000 | R: 445.6596 | BS: 26000 | FPS: 68.5328 | T: 0:14:14
| train          | F: 53000 | S: 26500 | E: 53 | L: 1000 | R: 333.7496 | BS: 26500 | FPS: 64.5475 | T: 0:14:30
| train          | F: 54000 | S: 27000 | E: 54 | L: 1000 | R: 384.0590 | BS: 27000 | FPS: 65.8560 | T: 0:14:45
| train          | F: 55000 | S: 27500 | E: 55 | L: 1000 | R: 448.8714 | BS: 27500 | FPS: 64.4847 | T: 0:15:00
| train          | F: 56000 | S: 28000 | E: 56 | L: 1000 | R: 420.3466 | BS: 28000 | FPS: 65.3018 | T: 0:15:16
| train          | F: 57000 | S: 28500 | E: 57 | L: 1000 | R: 442.2138 | BS: 28500 | FPS: 63.5280 | T: 0:15:31
| train          | F: 58000 | S: 29000 | E: 58 | L: 1000 | R: 452.3795 | BS: 29000 | FPS: 60.9801 | T: 0:15:48
| train          | F: 59000 | S: 29500 | E: 59 | L: 1000 | R: 468.2962 | BS: 29500 | FPS: 61.2093 | T: 0:16:04
| train          | F: 60000 | S: 30000 | E: 60 | L: 1000 | R: 334.2639 | BS: 30000 | FPS: 63.1906 | T: 0:16:20
| eval           | F: 60000 | S: 30000 | E: 60 | L: 1000 | R: 470.4698 | T: 0:16:20
| train          | F: 61000 | S: 30500 | E: 61 | L: 1000 | R: 355.5043 | BS: 30500 | FPS: 28.7659 | T: 0:16:55
| train          | F: 62000 | S: 31000 | E: 62 | L: 1000 | R: 478.9076 | BS: 31000 | FPS: 68.2441 | T: 0:17:09
| train          | F: 63000 | S: 31500 | E: 63 | L: 1000 | R: 682.6267 | BS: 31500 | FPS: 64.9339 | T: 0:17:25
| train          | F: 64000 | S: 32000 | E: 64 | L: 1000 | R: 587.6506 | BS: 32000 | FPS: 64.8486 | T: 0:17:40
| train          | F: 65000 | S: 32500 | E: 65 | L: 1000 | R: 482.5516 | BS: 32500 | FPS: 62.9107 | T: 0:17:56
| train          | F: 66000 | S: 33000 | E: 66 | L: 1000 | R: 508.8897 | BS: 33000 | FPS: 61.2251 | T: 0:18:12
| train          | F: 67000 | S: 33500 | E: 67 | L: 1000 | R: 532.9529 | BS: 33500 | FPS: 62.1234 | T: 0:18:29
| train          | F: 68000 | S: 34000 | E: 68 | L: 1000 | R: 425.7255 | BS: 34000 | FPS: 61.8935 | T: 0:18:45
| train          | F: 69000 | S: 34500 | E: 69 | L: 1000 | R: 519.9956 | BS: 34500 | FPS: 61.2249 | T: 0:19:01
| train          | F: 70000 | S: 35000 | E: 70 | L: 1000 | R: 610.0629 | BS: 35000 | FPS: 59.6967 | T: 0:19:18
| eval           | F: 70000 | S: 35000 | E: 70 | L: 1000 | R: 574.6138 | T: 0:19:18
| train          | F: 71000 | S: 35500 | E: 71 | L: 1000 | R: 547.9720 | BS: 35500 | FPS: 31.4115 | T: 0:19:50
| train          | F: 72000 | S: 36000 | E: 72 | L: 1000 | R: 568.8241 | BS: 36000 | FPS: 67.3811 | T: 0:20:04
| train          | F: 73000 | S: 36500 | E: 73 | L: 1000 | R: 641.7769 | BS: 36500 | FPS: 65.5847 | T: 0:20:20
| train          | F: 74000 | S: 37000 | E: 74 | L: 1000 | R: 653.1507 | BS: 37000 | FPS: 64.2743 | T: 0:20:35
| train          | F: 75000 | S: 37500 | E: 75 | L: 1000 | R: 617.4243 | BS: 37500 | FPS: 61.0565 | T: 0:20:52
| train          | F: 76000 | S: 38000 | E: 76 | L: 1000 | R: 647.3569 | BS: 38000 | FPS: 62.4257 | T: 0:21:08
| train          | F: 77000 | S: 38500 | E: 77 | L: 1000 | R: 635.6939 | BS: 38500 | FPS: 60.7931 | T: 0:21:24
| train          | F: 78000 | S: 39000 | E: 78 | L: 1000 | R: 660.1745 | BS: 39000 | FPS: 60.7150 | T: 0:21:41
| train          | F: 79000 | S: 39500 | E: 79 | L: 1000 | R: 651.8310 | BS: 39500 | FPS: 60.4154 | T: 0:21:57
| train          | F: 80000 | S: 40000 | E: 80 | L: 1000 | R: 732.6142 | BS: 40000 | FPS: 59.0912 | T: 0:22:14
| eval           | F: 80000 | S: 40000 | E: 80 | L: 1000 | R: 761.4960 | T: 0:22:14
| train          | F: 81000 | S: 40500 | E: 81 | L: 1000 | R: 711.6355 | BS: 40500 | FPS: 29.0428 | T: 0:22:49
| train          | F: 82000 | S: 41000 | E: 82 | L: 1000 | R: 727.8209 | BS: 41000 | FPS: 67.7711 | T: 0:23:03
| train          | F: 83000 | S: 41500 | E: 83 | L: 1000 | R: 732.5002 | BS: 41500 | FPS: 64.4796 | T: 0:23:19
| train          | F: 84000 | S: 42000 | E: 84 | L: 1000 | R: 740.7230 | BS: 42000 | FPS: 63.9633 | T: 0:23:34
| train          | F: 85000 | S: 42500 | E: 85 | L: 1000 | R: 739.5853 | BS: 42500 | FPS: 62.6132 | T: 0:23:50
| train          | F: 86000 | S: 43000 | E: 86 | L: 1000 | R: 724.2161 | BS: 43000 | FPS: 62.7892 | T: 0:24:06
| train          | F: 87000 | S: 43500 | E: 87 | L: 1000 | R: 716.3746 | BS: 43500 | FPS: 61.8537 | T: 0:24:22
| train          | F: 88000 | S: 44000 | E: 88 | L: 1000 | R: 799.4667 | BS: 44000 | FPS: 62.4529 | T: 0:24:38
| train          | F: 89000 | S: 44500 | E: 89 | L: 1000 | R: 750.9006 | BS: 44500 | FPS: 60.3022 | T: 0:24:55
| train          | F: 90000 | S: 45000 | E: 90 | L: 1000 | R: 747.4126 | BS: 45000 | FPS: 60.2637 | T: 0:25:12
| eval           | F: 90000 | S: 45000 | E: 90 | L: 1000 | R: 731.3971 | T: 0:25:12
| train          | F: 91000 | S: 45500 | E: 91 | L: 1000 | R: 754.2503 | BS: 45500 | FPS: 29.7470 | T: 0:25:45
| train          | F: 92000 | S: 46000 | E: 92 | L: 1000 | R: 739.3135 | BS: 46000 | FPS: 66.6498 | T: 0:26:00
| train          | F: 93000 | S: 46500 | E: 93 | L: 1000 | R: 805.6035 | BS: 46500 | FPS: 66.9364 | T: 0:26:15
| train          | F: 94000 | S: 47000 | E: 94 | L: 1000 | R: 812.8070 | BS: 47000 | FPS: 62.9371 | T: 0:26:31
| train          | F: 95000 | S: 47500 | E: 95 | L: 1000 | R: 752.1032 | BS: 47500 | FPS: 63.4931 | T: 0:26:47
| train          | F: 96000 | S: 48000 | E: 96 | L: 1000 | R: 744.7266 | BS: 48000 | FPS: 62.1904 | T: 0:27:03
| train          | F: 97000 | S: 48500 | E: 97 | L: 1000 | R: 709.5360 | BS: 48500 | FPS: 58.8815 | T: 0:27:20
| train          | F: 98000 | S: 49000 | E: 98 | L: 1000 | R: 753.9228 | BS: 49000 | FPS: 58.4407 | T: 0:27:37
| train          | F: 99000 | S: 49500 | E: 99 | L: 1000 | R: 820.9416 | BS: 49500 | FPS: 60.5465 | T: 0:27:54
| train          | F: 100000 | S: 50000 | E: 100 | L: 1000 | R: 723.4242 | BS: 50000 | FPS: 61.5348 | T: 0:28:10
| eval           | F: 100000 | S: 50000 | E: 100 | L: 1000 | R: 757.7216 | T: 0:28:10
| train          | F: 101000 | S: 50500 | E: 101 | L: 1000 | R: 818.1641 | BS: 50500 | FPS: 31.1529 | T: 0:28:42
| train          | F: 102000 | S: 51000 | E: 102 | L: 1000 | R: 814.1743 | BS: 51000 | FPS: 66.0453 | T: 0:28:57
| train          | F: 103000 | S: 51500 | E: 103 | L: 1000 | R: 750.4118 | BS: 51500 | FPS: 63.9095 | T: 0:29:13
| train          | F: 104000 | S: 52000 | E: 104 | L: 1000 | R: 827.7458 | BS: 52000 | FPS: 63.7615 | T: 0:29:28
| train          | F: 105000 | S: 52500 | E: 105 | L: 1000 | R: 757.9707 | BS: 52500 | FPS: 60.8935 | T: 0:29:45
| train          | F: 106000 | S: 53000 | E: 106 | L: 1000 | R: 827.6051 | BS: 53000 | FPS: 63.9546 | T: 0:30:00
| train          | F: 107000 | S: 53500 | E: 107 | L: 1000 | R: 835.2226 | BS: 53500 | FPS: 62.1428 | T: 0:30:17
| train          | F: 108000 | S: 54000 | E: 108 | L: 1000 | R: 811.2096 | BS: 54000 | FPS: 62.2235 | T: 0:30:33
| train          | F: 109000 | S: 54500 | E: 109 | L: 1000 | R: 818.5779 | BS: 54500 | FPS: 61.5674 | T: 0:30:49
| train          | F: 110000 | S: 55000 | E: 110 | L: 1000 | R: 818.6838 | BS: 55000 | FPS: 58.8817 | T: 0:31:06
| eval           | F: 110000 | S: 55000 | E: 110 | L: 1000 | R: 804.6049 | T: 0:31:06
| train          | F: 111000 | S: 55500 | E: 111 | L: 1000 | R: 558.0179 | BS: 55500 | FPS: 29.5295 | T: 0:31:40
| train          | F: 112000 | S: 56000 | E: 112 | L: 1000 | R: 824.8721 | BS: 56000 | FPS: 65.6923 | T: 0:31:55
| train          | F: 113000 | S: 56500 | E: 113 | L: 1000 | R: 836.6233 | BS: 56500 | FPS: 63.2273 | T: 0:32:11
| train          | F: 114000 | S: 57000 | E: 114 | L: 1000 | R: 805.6164 | BS: 57000 | FPS: 64.0534 | T: 0:32:26
| train          | F: 115000 | S: 57500 | E: 115 | L: 1000 | R: 817.2423 | BS: 57500 | FPS: 62.6692 | T: 0:32:42
| train          | F: 116000 | S: 58000 | E: 116 | L: 1000 | R: 828.2427 | BS: 58000 | FPS: 61.0803 | T: 0:32:59
| train          | F: 117000 | S: 58500 | E: 117 | L: 1000 | R: 818.0583 | BS: 58500 | FPS: 60.8408 | T: 0:33:15
| train          | F: 118000 | S: 59000 | E: 118 | L: 1000 | R: 833.8094 | BS: 59000 | FPS: 60.1984 | T: 0:33:32
| train          | F: 119000 | S: 59500 | E: 119 | L: 1000 | R: 827.3354 | BS: 59500 | FPS: 61.0515 | T: 0:33:48
| train          | F: 120000 | S: 60000 | E: 120 | L: 1000 | R: 820.3429 | BS: 60000 | FPS: 60.7996 | T: 0:34:05
| eval           | F: 120000 | S: 60000 | E: 120 | L: 1000 | R: 823.1993 | T: 0:34:05
| train          | F: 121000 | S: 60500 | E: 121 | L: 1000 | R: 804.2770 | BS: 60500 | FPS: 31.0146 | T: 0:34:37
| train          | F: 122000 | S: 61000 | E: 122 | L: 1000 | R: 838.7455 | BS: 61000 | FPS: 65.6808 | T: 0:34:52
| train          | F: 123000 | S: 61500 | E: 123 | L: 1000 | R: 833.5624 | BS: 61500 | FPS: 65.8583 | T: 0:35:07
| train          | F: 124000 | S: 62000 | E: 124 | L: 1000 | R: 814.6517 | BS: 62000 | FPS: 64.3254 | T: 0:35:23
| train          | F: 125000 | S: 62500 | E: 125 | L: 1000 | R: 826.0667 | BS: 62500 | FPS: 62.7146 | T: 0:35:39
| train          | F: 126000 | S: 63000 | E: 126 | L: 1000 | R: 823.8546 | BS: 63000 | FPS: 62.4149 | T: 0:35:55
| train          | F: 127000 | S: 63500 | E: 127 | L: 1000 | R: 832.6851 | BS: 63500 | FPS: 64.3008 | T: 0:36:10
| train          | F: 128000 | S: 64000 | E: 128 | L: 1000 | R: 838.1251 | BS: 64000 | FPS: 61.3006 | T: 0:36:27
| train          | F: 129000 | S: 64500 | E: 129 | L: 1000 | R: 835.9469 | BS: 64500 | FPS: 63.4601 | T: 0:36:42
| train          | F: 130000 | S: 65000 | E: 130 | L: 1000 | R: 831.5130 | BS: 65000 | FPS: 61.8139 | T: 0:36:58
| eval           | F: 130000 | S: 65000 | E: 130 | L: 1000 | R: 850.1956 | T: 0:36:59
| train          | F: 131000 | S: 65500 | E: 131 | L: 1000 | R: 823.5282 | BS: 65500 | FPS: 28.7581 | T: 0:37:33
| train          | F: 132000 | S: 66000 | E: 132 | L: 1000 | R: 827.5856 | BS: 66000 | FPS: 66.5556 | T: 0:37:48
| train          | F: 133000 | S: 66500 | E: 133 | L: 1000 | R: 814.3249 | BS: 66500 | FPS: 64.6275 | T: 0:38:04
| train          | F: 134000 | S: 67000 | E: 134 | L: 1000 | R: 816.9780 | BS: 67000 | FPS: 62.6504 | T: 0:38:20
| train          | F: 135000 | S: 67500 | E: 135 | L: 1000 | R: 834.1360 | BS: 67500 | FPS: 62.6156 | T: 0:38:36
| train          | F: 136000 | S: 68000 | E: 136 | L: 1000 | R: 839.7216 | BS: 68000 | FPS: 62.9399 | T: 0:38:52
| train          | F: 137000 | S: 68500 | E: 137 | L: 1000 | R: 835.2050 | BS: 68500 | FPS: 60.5882 | T: 0:39:08
| train          | F: 138000 | S: 69000 | E: 138 | L: 1000 | R: 819.9233 | BS: 69000 | FPS: 60.9855 | T: 0:39:24
| train          | F: 139000 | S: 69500 | E: 139 | L: 1000 | R: 838.4738 | BS: 69500 | FPS: 60.8682 | T: 0:39:41
| train          | F: 140000 | S: 70000 | E: 140 | L: 1000 | R: 814.1191 | BS: 70000 | FPS: 60.4394 | T: 0:39:57
| eval           | F: 140000 | S: 70000 | E: 140 | L: 1000 | R: 846.6775 | T: 0:39:57
| train          | F: 141000 | S: 70500 | E: 141 | L: 1000 | R: 822.6148 | BS: 70500 | FPS: 28.7362 | T: 0:40:32
| train          | F: 142000 | S: 71000 | E: 142 | L: 1000 | R: 807.4085 | BS: 71000 | FPS: 66.6361 | T: 0:40:47
| train          | F: 143000 | S: 71500 | E: 143 | L: 1000 | R: 842.8037 | BS: 71500 | FPS: 64.4961 | T: 0:41:03
| train          | F: 144000 | S: 72000 | E: 144 | L: 1000 | R: 818.1327 | BS: 72000 | FPS: 64.5778 | T: 0:41:18
| train          | F: 145000 | S: 72500 | E: 145 | L: 1000 | R: 838.3278 | BS: 72500 | FPS: 63.0138 | T: 0:41:34
| train          | F: 146000 | S: 73000 | E: 146 | L: 1000 | R: 831.6195 | BS: 73000 | FPS: 62.7822 | T: 0:41:50
| train          | F: 147000 | S: 73500 | E: 147 | L: 1000 | R: 813.7419 | BS: 73500 | FPS: 62.5748 | T: 0:42:06
| train          | F: 148000 | S: 74000 | E: 148 | L: 1000 | R: 797.4512 | BS: 74000 | FPS: 58.7541 | T: 0:42:23
| train          | F: 149000 | S: 74500 | E: 149 | L: 1000 | R: 808.5955 | BS: 74500 | FPS: 61.8688 | T: 0:42:39
| train          | F: 150000 | S: 75000 | E: 150 | L: 1000 | R: 833.2123 | BS: 75000 | FPS: 60.9083 | T: 0:42:56
| eval           | F: 150000 | S: 75000 | E: 150 | L: 1000 | R: 808.4835 | T: 0:42:56
| train          | F: 151000 | S: 75500 | E: 151 | L: 1000 | R: 835.9948 | BS: 75500 | FPS: 31.3390 | T: 0:43:28
| train          | F: 152000 | S: 76000 | E: 152 | L: 1000 | R: 826.8706 | BS: 76000 | FPS: 65.6712 | T: 0:43:43
| train          | F: 153000 | S: 76500 | E: 153 | L: 1000 | R: 832.8918 | BS: 76500 | FPS: 64.4738 | T: 0:43:58
| train          | F: 154000 | S: 77000 | E: 154 | L: 1000 | R: 825.9753 | BS: 77000 | FPS: 63.9165 | T: 0:44:14
| train          | F: 155000 | S: 77500 | E: 155 | L: 1000 | R: 819.3802 | BS: 77500 | FPS: 61.6555 | T: 0:44:30
| train          | F: 156000 | S: 78000 | E: 156 | L: 1000 | R: 833.6823 | BS: 78000 | FPS: 61.5060 | T: 0:44:46
| train          | F: 157000 | S: 78500 | E: 157 | L: 1000 | R: 835.2182 | BS: 78500 | FPS: 60.9224 | T: 0:45:03
| train          | F: 158000 | S: 79000 | E: 158 | L: 1000 | R: 807.3858 | BS: 79000 | FPS: 60.6424 | T: 0:45:19
| train          | F: 159000 | S: 79500 | E: 159 | L: 1000 | R: 832.6281 | BS: 79500 | FPS: 61.5609 | T: 0:45:36
| train          | F: 160000 | S: 80000 | E: 160 | L: 1000 | R: 830.3860 | BS: 80000 | FPS: 61.2877 | T: 0:45:52
| eval           | F: 160000 | S: 80000 | E: 160 | L: 1000 | R: 843.5294 | T: 0:45:52
| train          | F: 161000 | S: 80500 | E: 161 | L: 1000 | R: 832.7533 | BS: 80500 | FPS: 30.9757 | T: 0:46:24
| train          | F: 162000 | S: 81000 | E: 162 | L: 1000 | R: 832.2320 | BS: 81000 | FPS: 66.6457 | T: 0:46:39
| train          | F: 163000 | S: 81500 | E: 163 | L: 1000 | R: 828.1965 | BS: 81500 | FPS: 66.3142 | T: 0:46:54
| train          | F: 164000 | S: 82000 | E: 164 | L: 1000 | R: 837.6947 | BS: 82000 | FPS: 63.1181 | T: 0:47:10
| train          | F: 165000 | S: 82500 | E: 165 | L: 1000 | R: 827.8601 | BS: 82500 | FPS: 61.7205 | T: 0:47:26
| train          | F: 166000 | S: 83000 | E: 166 | L: 1000 | R: 820.9634 | BS: 83000 | FPS: 58.7229 | T: 0:47:43
| train          | F: 167000 | S: 83500 | E: 167 | L: 1000 | R: 812.9835 | BS: 83500 | FPS: 62.8075 | T: 0:47:59
| train          | F: 168000 | S: 84000 | E: 168 | L: 1000 | R: 835.9734 | BS: 84000 | FPS: 60.5169 | T: 0:48:16
| train          | F: 169000 | S: 84500 | E: 169 | L: 1000 | R: 629.1036 | BS: 84500 | FPS: 62.5923 | T: 0:48:32
| train          | F: 170000 | S: 85000 | E: 170 | L: 1000 | R: 824.8557 | BS: 85000 | FPS: 59.5843 | T: 0:48:49
| eval           | F: 170000 | S: 85000 | E: 170 | L: 1000 | R: 831.5994 | T: 0:48:49
| train          | F: 171000 | S: 85500 | E: 171 | L: 1000 | R: 830.0386 | BS: 85500 | FPS: 29.0696 | T: 0:49:23
| train          | F: 172000 | S: 86000 | E: 172 | L: 1000 | R: 835.7731 | BS: 86000 | FPS: 67.6135 | T: 0:49:38
| train          | F: 173000 | S: 86500 | E: 173 | L: 1000 | R: 838.5360 | BS: 86500 | FPS: 65.1539 | T: 0:49:53
| train          | F: 174000 | S: 87000 | E: 174 | L: 1000 | R: 827.0201 | BS: 87000 | FPS: 64.5012 | T: 0:50:09
| train          | F: 175000 | S: 87500 | E: 175 | L: 1000 | R: 842.0708 | BS: 87500 | FPS: 61.7893 | T: 0:50:25
| train          | F: 176000 | S: 88000 | E: 176 | L: 1000 | R: 811.5952 | BS: 88000 | FPS: 60.8828 | T: 0:50:41
| train          | F: 177000 | S: 88500 | E: 177 | L: 1000 | R: 831.5260 | BS: 88500 | FPS: 60.8367 | T: 0:50:58
| train          | F: 178000 | S: 89000 | E: 178 | L: 1000 | R: 816.5355 | BS: 89000 | FPS: 61.8257 | T: 0:51:14
| train          | F: 179000 | S: 89500 | E: 179 | L: 1000 | R: 826.0839 | BS: 89500 | FPS: 61.2712 | T: 0:51:30
| train          | F: 180000 | S: 90000 | E: 180 | L: 1000 | R: 820.7880 | BS: 90000 | FPS: 60.2092 | T: 0:51:47
| eval           | F: 180000 | S: 90000 | E: 180 | L: 1000 | R: 828.6533 | T: 0:51:47
| train          | F: 181000 | S: 90500 | E: 181 | L: 1000 | R: 828.5457 | BS: 90500 | FPS: 30.9260 | T: 0:52:19
| train          | F: 182000 | S: 91000 | E: 182 | L: 1000 | R: 830.1191 | BS: 91000 | FPS: 66.3632 | T: 0:52:34
| train          | F: 183000 | S: 91500 | E: 183 | L: 1000 | R: 820.1386 | BS: 91500 | FPS: 64.9320 | T: 0:52:50
| train          | F: 184000 | S: 92000 | E: 184 | L: 1000 | R: 829.9860 | BS: 92000 | FPS: 61.5179 | T: 0:53:06
| train          | F: 185000 | S: 92500 | E: 185 | L: 1000 | R: 836.1179 | BS: 92500 | FPS: 61.5727 | T: 0:53:22
| train          | F: 186000 | S: 93000 | E: 186 | L: 1000 | R: 839.2945 | BS: 93000 | FPS: 62.4056 | T: 0:53:38
| train          | F: 187000 | S: 93500 | E: 187 | L: 1000 | R: 826.5815 | BS: 93500 | FPS: 60.6145 | T: 0:53:55
| train          | F: 188000 | S: 94000 | E: 188 | L: 1000 | R: 821.8180 | BS: 94000 | FPS: 62.4180 | T: 0:54:11
| train          | F: 189000 | S: 94500 | E: 189 | L: 1000 | R: 835.3100 | BS: 94500 | FPS: 59.4332 | T: 0:54:27
| train          | F: 190000 | S: 95000 | E: 190 | L: 1000 | R: 824.1685 | BS: 95000 | FPS: 63.2695 | T: 0:54:43
| eval           | F: 190000 | S: 95000 | E: 190 | L: 1000 | R: 822.6493 | T: 0:54:43
| train          | F: 191000 | S: 95500 | E: 191 | L: 1000 | R: 816.7294 | BS: 95500 | FPS: 28.9517 | T: 0:55:18
| train          | F: 192000 | S: 96000 | E: 192 | L: 1000 | R: 833.7334 | BS: 96000 | FPS: 66.2604 | T: 0:55:33
| train          | F: 193000 | S: 96500 | E: 193 | L: 1000 | R: 841.6390 | BS: 96500 | FPS: 66.0667 | T: 0:55:48
| train          | F: 194000 | S: 97000 | E: 194 | L: 1000 | R: 838.9836 | BS: 97000 | FPS: 64.0306 | T: 0:56:04
| train          | F: 195000 | S: 97500 | E: 195 | L: 1000 | R: 819.1733 | BS: 97500 | FPS: 62.7838 | T: 0:56:20
| train          | F: 196000 | S: 98000 | E: 196 | L: 1000 | R: 843.2232 | BS: 98000 | FPS: 61.6878 | T: 0:56:36
| train          | F: 197000 | S: 98500 | E: 197 | L: 1000 | R: 838.8465 | BS: 98500 | FPS: 61.7591 | T: 0:56:52
| train          | F: 198000 | S: 99000 | E: 198 | L: 1000 | R: 814.7909 | BS: 99000 | FPS: 60.9206 | T: 0:57:08
| train          | F: 199000 | S: 99500 | E: 199 | L: 1000 | R: 834.7313 | BS: 99500 | FPS: 60.3205 | T: 0:57:25
| train          | F: 200000 | S: 100000 | E: 200 | L: 1000 | R: 837.8119 | BS: 100000 | FPS: 62.9467 | T: 0:57:41
| eval           | F: 200000 | S: 100000 | E: 200 | L: 1000 | R: 832.5409 | T: 0:57:41
| train          | F: 201000 | S: 100500 | E: 201 | L: 1000 | R: 839.6995 | BS: 100500 | FPS: 31.2880 | T: 0:58:13
| train          | F: 202000 | S: 101000 | E: 202 | L: 1000 | R: 836.6672 | BS: 101000 | FPS: 66.4825 | T: 0:58:28
| train          | F: 203000 | S: 101500 | E: 203 | L: 1000 | R: 832.3510 | BS: 101500 | FPS: 64.3087 | T: 0:58:43
| train          | F: 204000 | S: 102000 | E: 204 | L: 1000 | R: 837.4800 | BS: 102000 | FPS: 64.1939 | T: 0:58:59
| train          | F: 205000 | S: 102500 | E: 205 | L: 1000 | R: 834.7715 | BS: 102500 | FPS: 61.4102 | T: 0:59:15
| train          | F: 206000 | S: 103000 | E: 206 | L: 1000 | R: 845.7439 | BS: 103000 | FPS: 61.3085 | T: 0:59:32
| train          | F: 207000 | S: 103500 | E: 207 | L: 1000 | R: 843.6629 | BS: 103500 | FPS: 60.9539 | T: 0:59:48
| train          | F: 208000 | S: 104000 | E: 208 | L: 1000 | R: 841.8462 | BS: 104000 | FPS: 61.1797 | T: 1:00:04
| train          | F: 209000 | S: 104500 | E: 209 | L: 1000 | R: 822.9653 | BS: 104500 | FPS: 59.3532 | T: 1:00:21
| train          | F: 210000 | S: 105000 | E: 210 | L: 1000 | R: 811.6592 | BS: 105000 | FPS: 60.8616 | T: 1:00:38
| eval           | F: 210000 | S: 105000 | E: 210 | L: 1000 | R: 834.3556 | T: 1:00:38
| train          | F: 211000 | S: 105500 | E: 211 | L: 1000 | R: 816.1043 | BS: 105500 | FPS: 31.3030 | T: 1:01:09
| train          | F: 212000 | S: 106000 | E: 212 | L: 1000 | R: 837.0926 | BS: 106000 | FPS: 67.2355 | T: 1:01:24
| train          | F: 213000 | S: 106500 | E: 213 | L: 1000 | R: 841.0991 | BS: 106500 | FPS: 63.4740 | T: 1:01:40
| train          | F: 214000 | S: 107000 | E: 214 | L: 1000 | R: 815.4759 | BS: 107000 | FPS: 62.5652 | T: 1:01:56
| train          | F: 215000 | S: 107500 | E: 215 | L: 1000 | R: 828.1092 | BS: 107500 | FPS: 63.1102 | T: 1:02:12
| train          | F: 216000 | S: 108000 | E: 216 | L: 1000 | R: 836.0243 | BS: 108000 | FPS: 62.0549 | T: 1:02:28
| train          | F: 217000 | S: 108500 | E: 217 | L: 1000 | R: 834.5074 | BS: 108500 | FPS: 61.0268 | T: 1:02:44
| train          | F: 218000 | S: 109000 | E: 218 | L: 1000 | R: 817.7214 | BS: 109000 | FPS: 60.6293 | T: 1:03:01
| train          | F: 219000 | S: 109500 | E: 219 | L: 1000 | R: 837.9103 | BS: 109500 | FPS: 60.4341 | T: 1:03:17
| train          | F: 220000 | S: 110000 | E: 220 | L: 1000 | R: 803.2021 | BS: 110000 | FPS: 57.6106 | T: 1:03:35
| eval           | F: 220000 | S: 110000 | E: 220 | L: 1000 | R: 840.2441 | T: 1:03:35
| train          | F: 221000 | S: 110500 | E: 221 | L: 1000 | R: 834.5498 | BS: 110500 | FPS: 30.7625 | T: 1:04:07
| train          | F: 222000 | S: 111000 | E: 222 | L: 1000 | R: 840.4881 | BS: 111000 | FPS: 65.7162 | T: 1:04:23
| train          | F: 223000 | S: 111500 | E: 223 | L: 1000 | R: 828.2019 | BS: 111500 | FPS: 63.9122 | T: 1:04:38
| train          | F: 224000 | S: 112000 | E: 224 | L: 1000 | R: 827.9068 | BS: 112000 | FPS: 64.2090 | T: 1:04:54
| train          | F: 225000 | S: 112500 | E: 225 | L: 1000 | R: 822.6657 | BS: 112500 | FPS: 62.1690 | T: 1:05:10
| train          | F: 226000 | S: 113000 | E: 226 | L: 1000 | R: 830.4828 | BS: 113000 | FPS: 61.1005 | T: 1:05:26
| train          | F: 227000 | S: 113500 | E: 227 | L: 1000 | R: 808.7615 | BS: 113500 | FPS: 61.6868 | T: 1:05:42
| train          | F: 228000 | S: 114000 | E: 228 | L: 1000 | R: 836.3212 | BS: 114000 | FPS: 61.2379 | T: 1:05:59
| train          | F: 229000 | S: 114500 | E: 229 | L: 1000 | R: 836.9700 | BS: 114500 | FPS: 59.3499 | T: 1:06:16
| train          | F: 230000 | S: 115000 | E: 230 | L: 1000 | R: 838.4964 | BS: 115000 | FPS: 63.1943 | T: 1:06:31
| eval           | F: 230000 | S: 115000 | E: 230 | L: 1000 | R: 854.4152 | T: 1:06:31
| train          | F: 231000 | S: 115500 | E: 231 | L: 1000 | R: 832.3749 | BS: 115500 | FPS: 29.0859 | T: 1:07:06
| train          | F: 232000 | S: 116000 | E: 232 | L: 1000 | R: 835.0577 | BS: 116000 | FPS: 67.7384 | T: 1:07:21
| train          | F: 233000 | S: 116500 | E: 233 | L: 1000 | R: 834.7061 | BS: 116500 | FPS: 63.9762 | T: 1:07:36
| train          | F: 234000 | S: 117000 | E: 234 | L: 1000 | R: 830.9430 | BS: 117000 | FPS: 63.7590 | T: 1:07:52
| train          | F: 235000 | S: 117500 | E: 235 | L: 1000 | R: 837.4274 | BS: 117500 | FPS: 64.1709 | T: 1:08:07
| train          | F: 236000 | S: 118000 | E: 236 | L: 1000 | R: 819.9407 | BS: 118000 | FPS: 61.3085 | T: 1:08:24
| train          | F: 237000 | S: 118500 | E: 237 | L: 1000 | R: 813.5392 | BS: 118500 | FPS: 63.1635 | T: 1:08:40
| train          | F: 238000 | S: 119000 | E: 238 | L: 1000 | R: 837.0967 | BS: 119000 | FPS: 59.5542 | T: 1:08:56
| train          | F: 239000 | S: 119500 | E: 239 | L: 1000 | R: 840.9082 | BS: 119500 | FPS: 61.2908 | T: 1:09:13
| train          | F: 240000 | S: 120000 | E: 240 | L: 1000 | R: 833.5935 | BS: 120000 | FPS: 61.2458 | T: 1:09:29
| eval           | F: 240000 | S: 120000 | E: 240 | L: 1000 | R: 760.8731 | T: 1:09:29
| train          | F: 241000 | S: 120500 | E: 241 | L: 1000 | R: 839.5257 | BS: 120500 | FPS: 28.9818 | T: 1:10:04
| train          | F: 242000 | S: 121000 | E: 242 | L: 1000 | R: 823.4822 | BS: 121000 | FPS: 68.6608 | T: 1:10:18
| train          | F: 243000 | S: 121500 | E: 243 | L: 1000 | R: 832.9524 | BS: 121500 | FPS: 66.2374 | T: 1:10:33
| train          | F: 244000 | S: 122000 | E: 244 | L: 1000 | R: 822.1448 | BS: 122000 | FPS: 62.7071 | T: 1:10:49
| train          | F: 245000 | S: 122500 | E: 245 | L: 1000 | R: 832.5092 | BS: 122500 | FPS: 61.6606 | T: 1:11:05
| train          | F: 246000 | S: 123000 | E: 246 | L: 1000 | R: 833.8883 | BS: 123000 | FPS: 63.1909 | T: 1:11:21
| train          | F: 247000 | S: 123500 | E: 247 | L: 1000 | R: 837.6875 | BS: 123500 | FPS: 61.2040 | T: 1:11:38
| train          | F: 248000 | S: 124000 | E: 248 | L: 1000 | R: 836.4473 | BS: 124000 | FPS: 61.2129 | T: 1:11:54
| train          | F: 249000 | S: 124500 | E: 249 | L: 1000 | R: 822.1880 | BS: 124500 | FPS: 61.4051 | T: 1:12:10
| train          | F: 250000 | S: 125000 | E: 250 | L: 1000 | R: 834.2188 | BS: 125000 | FPS: 62.3617 | T: 1:12:26
| eval           | F: 250000 | S: 125000 | E: 250 | L: 1000 | R: 840.8138 | T: 1:12:26
| train          | F: 251000 | S: 125500 | E: 251 | L: 1000 | R: 831.2138 | BS: 125500 | FPS: 28.9271 | T: 1:13:01
| train          | F: 252000 | S: 126000 | E: 252 | L: 1000 | R: 801.1032 | BS: 126000 | FPS: 68.3475 | T: 1:13:15
| train          | F: 253000 | S: 126500 | E: 253 | L: 1000 | R: 845.1177 | BS: 126500 | FPS: 67.0698 | T: 1:13:30
| train          | F: 254000 | S: 127000 | E: 254 | L: 1000 | R: 812.2875 | BS: 127000 | FPS: 63.8604 | T: 1:13:46
| train          | F: 255000 | S: 127500 | E: 255 | L: 1000 | R: 833.4427 | BS: 127500 | FPS: 63.7322 | T: 1:14:02
| train          | F: 256000 | S: 128000 | E: 256 | L: 1000 | R: 827.7815 | BS: 128000 | FPS: 61.3455 | T: 1:14:18
| train          | F: 257000 | S: 128500 | E: 257 | L: 1000 | R: 846.4860 | BS: 128500 | FPS: 64.5128 | T: 1:14:33
| train          | F: 258000 | S: 129000 | E: 258 | L: 1000 | R: 787.1641 | BS: 129000 | FPS: 60.2583 | T: 1:14:50
| train          | F: 259000 | S: 129500 | E: 259 | L: 1000 | R: 833.0641 | BS: 129500 | FPS: 60.9410 | T: 1:15:06
| train          | F: 260000 | S: 130000 | E: 260 | L: 1000 | R: 809.2877 | BS: 130000 | FPS: 58.2970 | T: 1:15:24
| eval           | F: 260000 | S: 130000 | E: 260 | L: 1000 | R: 803.6326 | T: 1:15:24
| train          | F: 261000 | S: 130500 | E: 261 | L: 1000 | R: 811.6558 | BS: 130500 | FPS: 30.8297 | T: 1:15:56
| train          | F: 262000 | S: 131000 | E: 262 | L: 1000 | R: 815.3375 | BS: 131000 | FPS: 66.2237 | T: 1:16:11
| train          | F: 263000 | S: 131500 | E: 263 | L: 1000 | R: 838.9137 | BS: 131500 | FPS: 64.8570 | T: 1:16:27
| train          | F: 264000 | S: 132000 | E: 264 | L: 1000 | R: 820.1803 | BS: 132000 | FPS: 64.0226 | T: 1:16:42
| train          | F: 265000 | S: 132500 | E: 265 | L: 1000 | R: 814.9620 | BS: 132500 | FPS: 60.8765 | T: 1:16:59
| train          | F: 266000 | S: 133000 | E: 266 | L: 1000 | R: 788.6429 | BS: 133000 | FPS: 64.3111 | T: 1:17:14
| train          | F: 267000 | S: 133500 | E: 267 | L: 1000 | R: 833.5869 | BS: 133500 | FPS: 61.4950 | T: 1:17:30
| train          | F: 268000 | S: 134000 | E: 268 | L: 1000 | R: 841.8773 | BS: 134000 | FPS: 61.8353 | T: 1:17:47
| train          | F: 269000 | S: 134500 | E: 269 | L: 1000 | R: 834.5797 | BS: 134500 | FPS: 62.5614 | T: 1:18:03
| train          | F: 270000 | S: 135000 | E: 270 | L: 1000 | R: 836.8850 | BS: 135000 | FPS: 60.2361 | T: 1:18:19
| eval           | F: 270000 | S: 135000 | E: 270 | L: 1000 | R: 848.3733 | T: 1:18:19
| train          | F: 271000 | S: 135500 | E: 271 | L: 1000 | R: 844.2703 | BS: 135500 | FPS: 29.0994 | T: 1:18:54
| train          | F: 272000 | S: 136000 | E: 272 | L: 1000 | R: 828.4879 | BS: 136000 | FPS: 67.9504 | T: 1:19:08
| train          | F: 273000 | S: 136500 | E: 273 | L: 1000 | R: 832.5150 | BS: 136500 | FPS: 66.0284 | T: 1:19:23
| train          | F: 274000 | S: 137000 | E: 274 | L: 1000 | R: 825.8461 | BS: 137000 | FPS: 62.5440 | T: 1:19:39
| train          | F: 275000 | S: 137500 | E: 275 | L: 1000 | R: 835.8145 | BS: 137500 | FPS: 62.0302 | T: 1:19:56
| train          | F: 276000 | S: 138000 | E: 276 | L: 1000 | R: 844.5994 | BS: 138000 | FPS: 61.4968 | T: 1:20:12
| train          | F: 277000 | S: 138500 | E: 277 | L: 1000 | R: 840.3481 | BS: 138500 | FPS: 62.3513 | T: 1:20:28
| train          | F: 278000 | S: 139000 | E: 278 | L: 1000 | R: 846.2158 | BS: 139000 | FPS: 61.4825 | T: 1:20:44
| train          | F: 279000 | S: 139500 | E: 279 | L: 1000 | R: 833.1370 | BS: 139500 | FPS: 60.0216 | T: 1:21:01
| train          | F: 280000 | S: 140000 | E: 280 | L: 1000 | R: 832.1915 | BS: 140000 | FPS: 61.0790 | T: 1:21:17
| eval           | F: 280000 | S: 140000 | E: 280 | L: 1000 | R: 852.5170 | T: 1:21:17
| train          | F: 281000 | S: 140500 | E: 281 | L: 1000 | R: 836.9560 | BS: 140500 | FPS: 28.5880 | T: 1:21:52
| train          | F: 282000 | S: 141000 | E: 282 | L: 1000 | R: 841.2860 | BS: 141000 | FPS: 66.0704 | T: 1:22:07
| train          | F: 283000 | S: 141500 | E: 283 | L: 1000 | R: 847.6564 | BS: 141500 | FPS: 65.6268 | T: 1:22:23
| train          | F: 284000 | S: 142000 | E: 284 | L: 1000 | R: 840.3350 | BS: 142000 | FPS: 64.1397 | T: 1:22:38
| train          | F: 285000 | S: 142500 | E: 285 | L: 1000 | R: 824.3548 | BS: 142500 | FPS: 62.8437 | T: 1:22:54
| train          | F: 286000 | S: 143000 | E: 286 | L: 1000 | R: 835.0692 | BS: 143000 | FPS: 61.1076 | T: 1:23:10
| train          | F: 287000 | S: 143500 | E: 287 | L: 1000 | R: 772.5124 | BS: 143500 | FPS: 62.1477 | T: 1:23:26
| train          | F: 288000 | S: 144000 | E: 288 | L: 1000 | R: 835.4857 | BS: 144000 | FPS: 61.4353 | T: 1:23:43
| train          | F: 289000 | S: 144500 | E: 289 | L: 1000 | R: 842.2155 | BS: 144500 | FPS: 59.8279 | T: 1:23:59
| train          | F: 290000 | S: 145000 | E: 290 | L: 1000 | R: 843.6359 | BS: 145000 | FPS: 59.2512 | T: 1:24:16
| eval           | F: 290000 | S: 145000 | E: 290 | L: 1000 | R: 855.4930 | T: 1:24:16
| train          | F: 291000 | S: 145500 | E: 291 | L: 1000 | R: 835.3962 | BS: 145500 | FPS: 28.8153 | T: 1:24:51
| train          | F: 292000 | S: 146000 | E: 292 | L: 1000 | R: 822.5131 | BS: 146000 | FPS: 67.4503 | T: 1:25:06
| train          | F: 293000 | S: 146500 | E: 293 | L: 1000 | R: 828.8120 | BS: 146500 | FPS: 63.2893 | T: 1:25:22
| train          | F: 294000 | S: 147000 | E: 294 | L: 1000 | R: 815.0277 | BS: 147000 | FPS: 65.1331 | T: 1:25:37
| train          | F: 295000 | S: 147500 | E: 295 | L: 1000 | R: 827.6911 | BS: 147500 | FPS: 65.1053 | T: 1:25:52
| train          | F: 296000 | S: 148000 | E: 296 | L: 1000 | R: 809.0541 | BS: 148000 | FPS: 60.8143 | T: 1:26:09
| train          | F: 297000 | S: 148500 | E: 297 | L: 1000 | R: 804.6823 | BS: 148500 | FPS: 60.8209 | T: 1:26:25
| train          | F: 298000 | S: 149000 | E: 298 | L: 1000 | R: 825.6775 | BS: 149000 | FPS: 62.4376 | T: 1:26:41
| train          | F: 299000 | S: 149500 | E: 299 | L: 1000 | R: 805.9488 | BS: 149500 | FPS: 59.4316 | T: 1:26:58
| train          | F: 300000 | S: 150000 | E: 300 | L: 1000 | R: 841.2074 | BS: 150000 | FPS: 60.8074 | T: 1:27:15
| eval           | F: 300000 | S: 150000 | E: 300 | L: 1000 | R: 812.3834 | T: 1:27:15
| train          | F: 301000 | S: 150500 | E: 301 | L: 1000 | R: 831.3667 | BS: 150500 | FPS: 31.0980 | T: 1:27:47
| train          | F: 302000 | S: 151000 | E: 302 | L: 1000 | R: 801.8184 | BS: 151000 | FPS: 66.0054 | T: 1:28:02
| train          | F: 303000 | S: 151500 | E: 303 | L: 1000 | R: 841.9582 | BS: 151500 | FPS: 62.9960 | T: 1:28:18
| train          | F: 304000 | S: 152000 | E: 304 | L: 1000 | R: 788.4324 | BS: 152000 | FPS: 63.7826 | T: 1:28:33
| train          | F: 305000 | S: 152500 | E: 305 | L: 1000 | R: 829.8642 | BS: 152500 | FPS: 61.0034 | T: 1:28:50
| train          | F: 306000 | S: 153000 | E: 306 | L: 1000 | R: 823.3809 | BS: 153000 | FPS: 61.6410 | T: 1:29:06
| train          | F: 307000 | S: 153500 | E: 307 | L: 1000 | R: 835.0089 | BS: 153500 | FPS: 62.1909 | T: 1:29:22
| train          | F: 308000 | S: 154000 | E: 308 | L: 1000 | R: 801.1509 | BS: 154000 | FPS: 61.8128 | T: 1:29:38
| train          | F: 309000 | S: 154500 | E: 309 | L: 1000 | R: 753.8096 | BS: 154500 | FPS: 59.2162 | T: 1:29:55
| train          | F: 310000 | S: 155000 | E: 310 | L: 1000 | R: 805.7906 | BS: 155000 | FPS: 62.5366 | T: 1:30:11
| eval           | F: 310000 | S: 155000 | E: 310 | L: 1000 | R: 817.4502 | T: 1:30:11
| train          | F: 311000 | S: 155500 | E: 311 | L: 1000 | R: 784.7405 | BS: 155500 | FPS: 29.0355 | T: 1:30:46
| train          | F: 312000 | S: 156000 | E: 312 | L: 1000 | R: 800.8388 | BS: 156000 | FPS: 66.9993 | T: 1:31:01
| train          | F: 313000 | S: 156500 | E: 313 | L: 1000 | R: 661.5286 | BS: 156500 | FPS: 64.5212 | T: 1:31:16
| train          | F: 314000 | S: 157000 | E: 314 | L: 1000 | R: 831.7683 | BS: 157000 | FPS: 63.3726 | T: 1:31:32
| train          | F: 315000 | S: 157500 | E: 315 | L: 1000 | R: 837.5641 | BS: 157500 | FPS: 63.6030 | T: 1:31:48
| train          | F: 316000 | S: 158000 | E: 316 | L: 1000 | R: 850.2482 | BS: 158000 | FPS: 62.9086 | T: 1:32:03
| train          | F: 317000 | S: 158500 | E: 317 | L: 1000 | R: 820.6547 | BS: 158500 | FPS: 60.3894 | T: 1:32:20
| train          | F: 318000 | S: 159000 | E: 318 | L: 1000 | R: 819.2595 | BS: 159000 | FPS: 61.8722 | T: 1:32:36
| train          | F: 319000 | S: 159500 | E: 319 | L: 1000 | R: 838.8126 | BS: 159500 | FPS: 61.6219 | T: 1:32:52
| train          | F: 320000 | S: 160000 | E: 320 | L: 1000 | R: 838.7903 | BS: 160000 | FPS: 60.8987 | T: 1:33:09
| eval           | F: 320000 | S: 160000 | E: 320 | L: 1000 | R: 850.9625 | T: 1:33:09
| train          | F: 321000 | S: 160500 | E: 321 | L: 1000 | R: 829.5350 | BS: 160500 | FPS: 28.6978 | T: 1:33:44
| train          | F: 322000 | S: 161000 | E: 322 | L: 1000 | R: 834.1847 | BS: 161000 | FPS: 68.4702 | T: 1:33:58
| train          | F: 323000 | S: 161500 | E: 323 | L: 1000 | R: 839.4308 | BS: 161500 | FPS: 66.2360 | T: 1:34:13
| train          | F: 324000 | S: 162000 | E: 324 | L: 1000 | R: 823.4407 | BS: 162000 | FPS: 62.5343 | T: 1:34:29
| train          | F: 325000 | S: 162500 | E: 325 | L: 1000 | R: 842.7008 | BS: 162500 | FPS: 62.0786 | T: 1:34:45
| train          | F: 326000 | S: 163000 | E: 326 | L: 1000 | R: 843.5950 | BS: 163000 | FPS: 61.4339 | T: 1:35:02
| train          | F: 327000 | S: 163500 | E: 327 | L: 1000 | R: 845.1409 | BS: 163500 | FPS: 63.2458 | T: 1:35:18
| train          | F: 328000 | S: 164000 | E: 328 | L: 1000 | R: 835.6578 | BS: 164000 | FPS: 62.3884 | T: 1:35:34
| train          | F: 329000 | S: 164500 | E: 329 | L: 1000 | R: 844.4065 | BS: 164500 | FPS: 61.7546 | T: 1:35:50
| train          | F: 330000 | S: 165000 | E: 330 | L: 1000 | R: 846.0017 | BS: 165000 | FPS: 60.2287 | T: 1:36:06
| eval           | F: 330000 | S: 165000 | E: 330 | L: 1000 | R: 854.0300 | T: 1:36:06
| train          | F: 331000 | S: 165500 | E: 331 | L: 1000 | R: 843.0730 | BS: 165500 | FPS: 31.1025 | T: 1:36:39
| train          | F: 332000 | S: 166000 | E: 332 | L: 1000 | R: 837.6644 | BS: 166000 | FPS: 65.3530 | T: 1:36:54
| train          | F: 333000 | S: 166500 | E: 333 | L: 1000 | R: 840.7803 | BS: 166500 | FPS: 65.1433 | T: 1:37:09
| train          | F: 334000 | S: 167000 | E: 334 | L: 1000 | R: 839.2691 | BS: 167000 | FPS: 60.0590 | T: 1:37:26
| train          | F: 335000 | S: 167500 | E: 335 | L: 1000 | R: 839.6279 | BS: 167500 | FPS: 59.4139 | T: 1:37:43
| train          | F: 336000 | S: 168000 | E: 336 | L: 1000 | R: 842.6988 | BS: 168000 | FPS: 60.6938 | T: 1:37:59
| train          | F: 337000 | S: 168500 | E: 337 | L: 1000 | R: 835.4733 | BS: 168500 | FPS: 60.2501 | T: 1:38:16
| train          | F: 338000 | S: 169000 | E: 338 | L: 1000 | R: 840.1383 | BS: 169000 | FPS: 61.7654 | T: 1:38:32
| train          | F: 339000 | S: 169500 | E: 339 | L: 1000 | R: 840.6245 | BS: 169500 | FPS: 59.8965 | T: 1:38:49
| train          | F: 340000 | S: 170000 | E: 340 | L: 1000 | R: 838.9372 | BS: 170000 | FPS: 61.2193 | T: 1:39:05
| eval           | F: 340000 | S: 170000 | E: 340 | L: 1000 | R: 844.3327 | T: 1:39:05
| train          | F: 341000 | S: 170500 | E: 341 | L: 1000 | R: 835.1155 | BS: 170500 | FPS: 29.2608 | T: 1:39:39
| train          | F: 342000 | S: 171000 | E: 342 | L: 1000 | R: 841.2040 | BS: 171000 | FPS: 65.5765 | T: 1:39:54
| train          | F: 343000 | S: 171500 | E: 343 | L: 1000 | R: 839.1724 | BS: 171500 | FPS: 63.1597 | T: 1:40:10
| train          | F: 344000 | S: 172000 | E: 344 | L: 1000 | R: 849.4652 | BS: 172000 | FPS: 64.1451 | T: 1:40:26
| train          | F: 345000 | S: 172500 | E: 345 | L: 1000 | R: 844.6656 | BS: 172500 | FPS: 59.6971 | T: 1:40:43
| train          | F: 346000 | S: 173000 | E: 346 | L: 1000 | R: 844.6029 | BS: 173000 | FPS: 62.8691 | T: 1:40:58
| train          | F: 347000 | S: 173500 | E: 347 | L: 1000 | R: 840.8135 | BS: 173500 | FPS: 62.0714 | T: 1:41:15
| train          | F: 348000 | S: 174000 | E: 348 | L: 1000 | R: 836.8250 | BS: 174000 | FPS: 62.7865 | T: 1:41:30
| train          | F: 349000 | S: 174500 | E: 349 | L: 1000 | R: 849.8537 | BS: 174500 | FPS: 59.4662 | T: 1:41:47
| train          | F: 350000 | S: 175000 | E: 350 | L: 1000 | R: 840.7280 | BS: 175000 | FPS: 61.9549 | T: 1:42:03
| eval           | F: 350000 | S: 175000 | E: 350 | L: 1000 | R: 859.0262 | T: 1:42:03
| train          | F: 351000 | S: 175500 | E: 351 | L: 1000 | R: 822.2389 | BS: 175500 | FPS: 31.3699 | T: 1:42:35
| train          | F: 352000 | S: 176000 | E: 352 | L: 1000 | R: 850.8052 | BS: 176000 | FPS: 67.8267 | T: 1:42:50
| train          | F: 353000 | S: 176500 | E: 353 | L: 1000 | R: 838.1355 | BS: 176500 | FPS: 62.3816 | T: 1:43:06
| train          | F: 354000 | S: 177000 | E: 354 | L: 1000 | R: 721.2062 | BS: 177000 | FPS: 61.9404 | T: 1:43:22
| train          | F: 355000 | S: 177500 | E: 355 | L: 1000 | R: 827.4486 | BS: 177500 | FPS: 61.1842 | T: 1:43:39
| train          | F: 356000 | S: 178000 | E: 356 | L: 1000 | R: 838.5047 | BS: 178000 | FPS: 62.7998 | T: 1:43:54
| train          | F: 357000 | S: 178500 | E: 357 | L: 1000 | R: 825.4270 | BS: 178500 | FPS: 62.1611 | T: 1:44:11
| train          | F: 358000 | S: 179000 | E: 358 | L: 1000 | R: 841.2290 | BS: 179000 | FPS: 61.4384 | T: 1:44:27
| train          | F: 359000 | S: 179500 | E: 359 | L: 1000 | R: 750.9834 | BS: 179500 | FPS: 59.0574 | T: 1:44:44
| train          | F: 360000 | S: 180000 | E: 360 | L: 1000 | R: 833.1802 | BS: 180000 | FPS: 60.4574 | T: 1:45:00
| eval           | F: 360000 | S: 180000 | E: 360 | L: 1000 | R: 843.1528 | T: 1:45:00
| train          | F: 361000 | S: 180500 | E: 361 | L: 1000 | R: 834.9309 | BS: 180500 | FPS: 31.1188 | T: 1:45:32
| train          | F: 362000 | S: 181000 | E: 362 | L: 1000 | R: 836.1473 | BS: 181000 | FPS: 65.9865 | T: 1:45:48
| train          | F: 363000 | S: 181500 | E: 363 | L: 1000 | R: 819.1313 | BS: 181500 | FPS: 63.0681 | T: 1:46:03
| train          | F: 364000 | S: 182000 | E: 364 | L: 1000 | R: 843.0974 | BS: 182000 | FPS: 59.9124 | T: 1:46:20
| train          | F: 365000 | S: 182500 | E: 365 | L: 1000 | R: 841.2439 | BS: 182500 | FPS: 60.4631 | T: 1:46:37
| train          | F: 366000 | S: 183000 | E: 366 | L: 1000 | R: 835.7113 | BS: 183000 | FPS: 62.6956 | T: 1:46:53
| train          | F: 367000 | S: 183500 | E: 367 | L: 1000 | R: 835.8950 | BS: 183500 | FPS: 60.1601 | T: 1:47:09
| train          | F: 368000 | S: 184000 | E: 368 | L: 1000 | R: 847.5412 | BS: 184000 | FPS: 61.0869 | T: 1:47:26
| train          | F: 369000 | S: 184500 | E: 369 | L: 1000 | R: 834.6386 | BS: 184500 | FPS: 62.0875 | T: 1:47:42
| train          | F: 370000 | S: 185000 | E: 370 | L: 1000 | R: 848.3983 | BS: 185000 | FPS: 59.6331 | T: 1:47:59
| eval           | F: 370000 | S: 185000 | E: 370 | L: 1000 | R: 861.3229 | T: 1:47:59
| train          | F: 371000 | S: 185500 | E: 371 | L: 1000 | R: 846.4947 | BS: 185500 | FPS: 31.3587 | T: 1:48:30
| train          | F: 372000 | S: 186000 | E: 372 | L: 1000 | R: 820.6267 | BS: 186000 | FPS: 63.6181 | T: 1:48:46
| train          | F: 373000 | S: 186500 | E: 373 | L: 1000 | R: 846.1361 | BS: 186500 | FPS: 61.2101 | T: 1:49:02
| train          | F: 374000 | S: 187000 | E: 374 | L: 1000 | R: 850.0262 | BS: 187000 | FPS: 64.1546 | T: 1:49:18
| train          | F: 375000 | S: 187500 | E: 375 | L: 1000 | R: 836.4717 | BS: 187500 | FPS: 62.2983 | T: 1:49:34
| train          | F: 376000 | S: 188000 | E: 376 | L: 1000 | R: 839.6044 | BS: 188000 | FPS: 61.2861 | T: 1:49:50
| train          | F: 377000 | S: 188500 | E: 377 | L: 1000 | R: 841.5247 | BS: 188500 | FPS: 61.0699 | T: 1:50:07
| train          | F: 378000 | S: 189000 | E: 378 | L: 1000 | R: 842.6882 | BS: 189000 | FPS: 61.8956 | T: 1:50:23
| train          | F: 379000 | S: 189500 | E: 379 | L: 1000 | R: 844.9812 | BS: 189500 | FPS: 61.2689 | T: 1:50:39
| train          | F: 380000 | S: 190000 | E: 380 | L: 1000 | R: 841.7446 | BS: 190000 | FPS: 58.5523 | T: 1:50:56
| eval           | F: 380000 | S: 190000 | E: 380 | L: 1000 | R: 856.5752 | T: 1:50:56
| train          | F: 381000 | S: 190500 | E: 381 | L: 1000 | R: 813.5086 | BS: 190500 | FPS: 28.8142 | T: 1:51:31
| train          | F: 382000 | S: 191000 | E: 382 | L: 1000 | R: 839.4169 | BS: 191000 | FPS: 67.2912 | T: 1:51:46
| train          | F: 383000 | S: 191500 | E: 383 | L: 1000 | R: 844.1285 | BS: 191500 | FPS: 63.7923 | T: 1:52:02
| train          | F: 384000 | S: 192000 | E: 384 | L: 1000 | R: 831.3957 | BS: 192000 | FPS: 64.5213 | T: 1:52:17
| train          | F: 385000 | S: 192500 | E: 385 | L: 1000 | R: 836.2782 | BS: 192500 | FPS: 63.7671 | T: 1:52:33
| train          | F: 386000 | S: 193000 | E: 386 | L: 1000 | R: 826.6369 | BS: 193000 | FPS: 59.3639 | T: 1:52:50
| train          | F: 387000 | S: 193500 | E: 387 | L: 1000 | R: 836.2233 | BS: 193500 | FPS: 60.6020 | T: 1:53:06
| train          | F: 388000 | S: 194000 | E: 388 | L: 1000 | R: 818.3994 | BS: 194000 | FPS: 60.5011 | T: 1:53:23
| train          | F: 389000 | S: 194500 | E: 389 | L: 1000 | R: 805.2736 | BS: 194500 | FPS: 58.7427 | T: 1:53:40
| train          | F: 390000 | S: 195000 | E: 390 | L: 1000 | R: 822.0663 | BS: 195000 | FPS: 58.0992 | T: 1:53:57
| eval           | F: 390000 | S: 195000 | E: 390 | L: 1000 | R: 852.4340 | T: 1:53:57
| train          | F: 391000 | S: 195500 | E: 391 | L: 1000 | R: 840.7917 | BS: 195500 | FPS: 28.9046 | T: 1:54:31
| train          | F: 392000 | S: 196000 | E: 392 | L: 1000 | R: 838.5464 | BS: 196000 | FPS: 67.4956 | T: 1:54:46
| train          | F: 393000 | S: 196500 | E: 393 | L: 1000 | R: 849.8728 | BS: 196500 | FPS: 64.7480 | T: 1:55:02
| train          | F: 394000 | S: 197000 | E: 394 | L: 1000 | R: 643.4326 | BS: 197000 | FPS: 64.9334 | T: 1:55:17
| train          | F: 395000 | S: 197500 | E: 395 | L: 1000 | R: 830.9678 | BS: 197500 | FPS: 63.1245 | T: 1:55:33
| train          | F: 396000 | S: 198000 | E: 396 | L: 1000 | R: 829.4357 | BS: 198000 | FPS: 62.4384 | T: 1:55:49
| train          | F: 397000 | S: 198500 | E: 397 | L: 1000 | R: 818.3789 | BS: 198500 | FPS: 63.2423 | T: 1:56:05
| train          | F: 398000 | S: 199000 | E: 398 | L: 1000 | R: 807.7027 | BS: 199000 | FPS: 60.1911 | T: 1:56:21
| train          | F: 399000 | S: 199500 | E: 399 | L: 1000 | R: 811.8347 | BS: 199500 | FPS: 62.1657 | T: 1:56:38
| train          | F: 400000 | S: 200000 | E: 400 | L: 1000 | R: 801.4813 | BS: 200000 | FPS: 59.4799 | T: 1:56:54
| eval           | F: 400000 | S: 200000 | E: 400 | L: 1000 | R: 860.8335 | T: 1:56:54
| train          | F: 401000 | S: 200500 | E: 401 | L: 1000 | R: 816.8680 | BS: 200500 | FPS: 30.9452 | T: 1:57:27
| train          | F: 402000 | S: 201000 | E: 402 | L: 1000 | R: 837.9464 | BS: 201000 | FPS: 67.1573 | T: 1:57:42
| train          | F: 403000 | S: 201500 | E: 403 | L: 1000 | R: 820.2924 | BS: 201500 | FPS: 63.8460 | T: 1:57:57
| train          | F: 404000 | S: 202000 | E: 404 | L: 1000 | R: 825.7582 | BS: 202000 | FPS: 63.3803 | T: 1:58:13
| train          | F: 405000 | S: 202500 | E: 405 | L: 1000 | R: 847.2427 | BS: 202500 | FPS: 62.1456 | T: 1:58:29
| train          | F: 406000 | S: 203000 | E: 406 | L: 1000 | R: 838.1532 | BS: 203000 | FPS: 61.0527 | T: 1:58:45
| train          | F: 407000 | S: 203500 | E: 407 | L: 1000 | R: 835.4445 | BS: 203500 | FPS: 60.7313 | T: 1:59:02
| train          | F: 408000 | S: 204000 | E: 408 | L: 1000 | R: 836.7994 | BS: 204000 | FPS: 61.7519 | T: 1:59:18
| train          | F: 409000 | S: 204500 | E: 409 | L: 1000 | R: 840.1743 | BS: 204500 | FPS: 59.3659 | T: 1:59:35
| train          | F: 410000 | S: 205000 | E: 410 | L: 1000 | R: 677.5960 | BS: 205000 | FPS: 60.8629 | T: 1:59:51
| eval           | F: 410000 | S: 205000 | E: 410 | L: 1000 | R: 842.2892 | T: 1:59:51
| train          | F: 411000 | S: 205500 | E: 411 | L: 1000 | R: 845.6459 | BS: 205500 | FPS: 30.2179 | T: 2:00:24
| train          | F: 412000 | S: 206000 | E: 412 | L: 1000 | R: 841.9012 | BS: 206000 | FPS: 66.6382 | T: 2:00:39
| train          | F: 413000 | S: 206500 | E: 413 | L: 1000 | R: 842.7573 | BS: 206500 | FPS: 65.6865 | T: 2:00:55
| train          | F: 414000 | S: 207000 | E: 414 | L: 1000 | R: 830.7808 | BS: 207000 | FPS: 61.4699 | T: 2:01:11
| train          | F: 415000 | S: 207500 | E: 415 | L: 1000 | R: 842.1435 | BS: 207500 | FPS: 61.6661 | T: 2:01:27
| train          | F: 416000 | S: 208000 | E: 416 | L: 1000 | R: 848.3371 | BS: 208000 | FPS: 63.2131 | T: 2:01:43
| train          | F: 417000 | S: 208500 | E: 417 | L: 1000 | R: 846.5295 | BS: 208500 | FPS: 59.6946 | T: 2:02:00
| train          | F: 418000 | S: 209000 | E: 418 | L: 1000 | R: 840.1088 | BS: 209000 | FPS: 61.5504 | T: 2:02:16
| train          | F: 419000 | S: 209500 | E: 419 | L: 1000 | R: 818.1595 | BS: 209500 | FPS: 60.4383 | T: 2:02:33
| train          | F: 420000 | S: 210000 | E: 420 | L: 1000 | R: 843.6967 | BS: 210000 | FPS: 59.7183 | T: 2:02:49
| eval           | F: 420000 | S: 210000 | E: 420 | L: 1000 | R: 824.8144 | T: 2:02:49
| train          | F: 421000 | S: 210500 | E: 421 | L: 1000 | R: 845.7594 | BS: 210500 | FPS: 28.5443 | T: 2:03:24
| train          | F: 422000 | S: 211000 | E: 422 | L: 1000 | R: 834.5561 | BS: 211000 | FPS: 68.0324 | T: 2:03:39
| train          | F: 423000 | S: 211500 | E: 423 | L: 1000 | R: 840.2187 | BS: 211500 | FPS: 65.6254 | T: 2:03:54
| train          | F: 424000 | S: 212000 | E: 424 | L: 1000 | R: 845.7960 | BS: 212000 | FPS: 60.3191 | T: 2:04:11
| train          | F: 425000 | S: 212500 | E: 425 | L: 1000 | R: 835.6608 | BS: 212500 | FPS: 60.6205 | T: 2:04:27
| train          | F: 426000 | S: 213000 | E: 426 | L: 1000 | R: 835.0482 | BS: 213000 | FPS: 61.3113 | T: 2:04:44
| train          | F: 427000 | S: 213500 | E: 427 | L: 1000 | R: 841.2910 | BS: 213500 | FPS: 60.9338 | T: 2:05:00
| train          | F: 428000 | S: 214000 | E: 428 | L: 1000 | R: 842.8579 | BS: 214000 | FPS: 61.3505 | T: 2:05:16
| train          | F: 429000 | S: 214500 | E: 429 | L: 1000 | R: 846.4141 | BS: 214500 | FPS: 61.7257 | T: 2:05:33
| train          | F: 430000 | S: 215000 | E: 430 | L: 1000 | R: 821.8098 | BS: 215000 | FPS: 60.2416 | T: 2:05:49
| eval           | F: 430000 | S: 215000 | E: 430 | L: 1000 | R: 855.6333 | T: 2:05:49
| train          | F: 431000 | S: 215500 | E: 431 | L: 1000 | R: 833.7458 | BS: 215500 | FPS: 30.9113 | T: 2:06:22
| train          | F: 432000 | S: 216000 | E: 432 | L: 1000 | R: 822.5394 | BS: 216000 | FPS: 67.4083 | T: 2:06:36
| train          | F: 433000 | S: 216500 | E: 433 | L: 1000 | R: 850.1041 | BS: 216500 | FPS: 61.5375 | T: 2:06:53
| train          | F: 434000 | S: 217000 | E: 434 | L: 1000 | R: 846.6110 | BS: 217000 | FPS: 62.7052 | T: 2:07:09
| train          | F: 435000 | S: 217500 | E: 435 | L: 1000 | R: 816.4916 | BS: 217500 | FPS: 62.0890 | T: 2:07:25
| train          | F: 436000 | S: 218000 | E: 436 | L: 1000 | R: 842.7788 | BS: 218000 | FPS: 59.4147 | T: 2:07:41
| train          | F: 437000 | S: 218500 | E: 437 | L: 1000 | R: 843.1699 | BS: 218500 | FPS: 59.4214 | T: 2:07:58
| train          | F: 438000 | S: 219000 | E: 438 | L: 1000 | R: 845.9944 | BS: 219000 | FPS: 62.4135 | T: 2:08:14
| train          | F: 439000 | S: 219500 | E: 439 | L: 1000 | R: 836.7722 | BS: 219500 | FPS: 60.7188 | T: 2:08:31
| train          | F: 440000 | S: 220000 | E: 440 | L: 1000 | R: 842.7424 | BS: 220000 | FPS: 58.6211 | T: 2:08:48
| eval           | F: 440000 | S: 220000 | E: 440 | L: 1000 | R: 839.0131 | T: 2:08:48
| train          | F: 441000 | S: 220500 | E: 441 | L: 1000 | R: 840.6241 | BS: 220500 | FPS: 29.3785 | T: 2:09:22
| train          | F: 442000 | S: 221000 | E: 442 | L: 1000 | R: 840.8634 | BS: 221000 | FPS: 68.0741 | T: 2:09:37
| train          | F: 443000 | S: 221500 | E: 443 | L: 1000 | R: 831.3176 | BS: 221500 | FPS: 62.6922 | T: 2:09:53
| train          | F: 444000 | S: 222000 | E: 444 | L: 1000 | R: 846.4695 | BS: 222000 | FPS: 64.2525 | T: 2:10:08
| train          | F: 445000 | S: 222500 | E: 445 | L: 1000 | R: 837.3075 | BS: 222500 | FPS: 62.7062 | T: 2:10:24
| train          | F: 446000 | S: 223000 | E: 446 | L: 1000 | R: 829.0807 | BS: 223000 | FPS: 61.6229 | T: 2:10:40
| train          | F: 447000 | S: 223500 | E: 447 | L: 1000 | R: 838.2804 | BS: 223500 | FPS: 61.9492 | T: 2:10:56
| train          | F: 448000 | S: 224000 | E: 448 | L: 1000 | R: 844.7987 | BS: 224000 | FPS: 62.6335 | T: 2:11:12
| train          | F: 449000 | S: 224500 | E: 449 | L: 1000 | R: 836.4392 | BS: 224500 | FPS: 61.8445 | T: 2:11:29
| train          | F: 450000 | S: 225000 | E: 450 | L: 1000 | R: 844.8885 | BS: 225000 | FPS: 62.1521 | T: 2:11:45
| eval           | F: 450000 | S: 225000 | E: 450 | L: 1000 | R: 854.2470 | T: 2:11:45
| train          | F: 451000 | S: 225500 | E: 451 | L: 1000 | R: 823.6838 | BS: 225500 | FPS: 28.3866 | T: 2:12:20
| train          | F: 452000 | S: 226000 | E: 452 | L: 1000 | R: 848.0505 | BS: 226000 | FPS: 65.7755 | T: 2:12:35
| train          | F: 453000 | S: 226500 | E: 453 | L: 1000 | R: 844.9371 | BS: 226500 | FPS: 65.2809 | T: 2:12:50
| train          | F: 454000 | S: 227000 | E: 454 | L: 1000 | R: 835.6604 | BS: 227000 | FPS: 63.9306 | T: 2:13:06
| train          | F: 455000 | S: 227500 | E: 455 | L: 1000 | R: 824.0017 | BS: 227500 | FPS: 62.3724 | T: 2:13:22
| train          | F: 456000 | S: 228000 | E: 456 | L: 1000 | R: 844.7465 | BS: 228000 | FPS: 60.4170 | T: 2:13:39
| train          | F: 457000 | S: 228500 | E: 457 | L: 1000 | R: 839.3930 | BS: 228500 | FPS: 59.8135 | T: 2:13:55
| train          | F: 458000 | S: 229000 | E: 458 | L: 1000 | R: 844.3575 | BS: 229000 | FPS: 60.9918 | T: 2:14:12
| train          | F: 459000 | S: 229500 | E: 459 | L: 1000 | R: 836.4873 | BS: 229500 | FPS: 60.0861 | T: 2:14:28
| train          | F: 460000 | S: 230000 | E: 460 | L: 1000 | R: 845.4424 | BS: 230000 | FPS: 60.7632 | T: 2:14:45
| eval           | F: 460000 | S: 230000 | E: 460 | L: 1000 | R: 851.9827 | T: 2:14:45
| train          | F: 461000 | S: 230500 | E: 461 | L: 1000 | R: 840.0178 | BS: 230500 | FPS: 31.0321 | T: 2:15:17
| train          | F: 462000 | S: 231000 | E: 462 | L: 1000 | R: 849.3523 | BS: 231000 | FPS: 64.3649 | T: 2:15:33
| train          | F: 463000 | S: 231500 | E: 463 | L: 1000 | R: 844.1406 | BS: 231500 | FPS: 63.2086 | T: 2:15:48
| train          | F: 464000 | S: 232000 | E: 464 | L: 1000 | R: 825.8675 | BS: 232000 | FPS: 63.0209 | T: 2:16:04
| train          | F: 465000 | S: 232500 | E: 465 | L: 1000 | R: 843.0510 | BS: 232500 | FPS: 62.2568 | T: 2:16:20
| train          | F: 466000 | S: 233000 | E: 466 | L: 1000 | R: 843.9281 | BS: 233000 | FPS: 59.2843 | T: 2:16:37
| train          | F: 467000 | S: 233500 | E: 467 | L: 1000 | R: 830.8082 | BS: 233500 | FPS: 61.4841 | T: 2:16:53
| train          | F: 468000 | S: 234000 | E: 468 | L: 1000 | R: 843.0213 | BS: 234000 | FPS: 61.2046 | T: 2:17:10
| train          | F: 469000 | S: 234500 | E: 469 | L: 1000 | R: 846.4918 | BS: 234500 | FPS: 60.6261 | T: 2:17:26
| train          | F: 470000 | S: 235000 | E: 470 | L: 1000 | R: 835.4300 | BS: 235000 | FPS: 60.1305 | T: 2:17:43
| eval           | F: 470000 | S: 235000 | E: 470 | L: 1000 | R: 844.3540 | T: 2:17:43
| train          | F: 471000 | S: 235500 | E: 471 | L: 1000 | R: 833.9162 | BS: 235500 | FPS: 31.6281 | T: 2:18:15
| train          | F: 472000 | S: 236000 | E: 472 | L: 1000 | R: 846.9776 | BS: 236000 | FPS: 64.8473 | T: 2:18:30
| train          | F: 473000 | S: 236500 | E: 473 | L: 1000 | R: 841.9784 | BS: 236500 | FPS: 62.9494 | T: 2:18:46
| train          | F: 474000 | S: 237000 | E: 474 | L: 1000 | R: 822.9784 | BS: 237000 | FPS: 61.2072 | T: 2:19:02
| train          | F: 475000 | S: 237500 | E: 475 | L: 1000 | R: 837.6215 | BS: 237500 | FPS: 62.4940 | T: 2:19:18
| train          | F: 476000 | S: 238000 | E: 476 | L: 1000 | R: 839.9292 | BS: 238000 | FPS: 61.6672 | T: 2:19:34
| train          | F: 477000 | S: 238500 | E: 477 | L: 1000 | R: 841.9809 | BS: 238500 | FPS: 60.1351 | T: 2:19:51
| train          | F: 478000 | S: 239000 | E: 478 | L: 1000 | R: 840.6753 | BS: 239000 | FPS: 59.2747 | T: 2:20:08
| train          | F: 479000 | S: 239500 | E: 479 | L: 1000 | R: 847.9065 | BS: 239500 | FPS: 60.6158 | T: 2:20:24
| train          | F: 480000 | S: 240000 | E: 480 | L: 1000 | R: 830.1802 | BS: 240000 | FPS: 59.3420 | T: 2:20:41
| eval           | F: 480000 | S: 240000 | E: 480 | L: 1000 | R: 850.2733 | T: 2:20:41
| train          | F: 481000 | S: 240500 | E: 481 | L: 1000 | R: 844.2264 | BS: 240500 | FPS: 31.2870 | T: 2:21:13
| train          | F: 482000 | S: 241000 | E: 482 | L: 1000 | R: 838.6685 | BS: 241000 | FPS: 65.6180 | T: 2:21:28
| train          | F: 483000 | S: 241500 | E: 483 | L: 1000 | R: 849.0664 | BS: 241500 | FPS: 63.3580 | T: 2:21:44
| train          | F: 484000 | S: 242000 | E: 484 | L: 1000 | R: 847.8287 | BS: 242000 | FPS: 62.6563 | T: 2:22:00
| train          | F: 485000 | S: 242500 | E: 485 | L: 1000 | R: 848.2342 | BS: 242500 | FPS: 61.3803 | T: 2:22:17
| train          | F: 486000 | S: 243000 | E: 486 | L: 1000 | R: 850.1698 | BS: 243000 | FPS: 62.2712 | T: 2:22:33
| train          | F: 487000 | S: 243500 | E: 487 | L: 1000 | R: 826.1541 | BS: 243500 | FPS: 59.4986 | T: 2:22:49
| train          | F: 488000 | S: 244000 | E: 488 | L: 1000 | R: 838.1958 | BS: 244000 | FPS: 61.4111 | T: 2:23:06
| train          | F: 489000 | S: 244500 | E: 489 | L: 1000 | R: 836.8994 | BS: 244500 | FPS: 60.1243 | T: 2:23:22
| train          | F: 490000 | S: 245000 | E: 490 | L: 1000 | R: 803.5119 | BS: 245000 | FPS: 60.6301 | T: 2:23:39
| eval           | F: 490000 | S: 245000 | E: 490 | L: 1000 | R: 858.0990 | T: 2:23:39
| train          | F: 491000 | S: 245500 | E: 491 | L: 1000 | R: 835.2634 | BS: 245500 | FPS: 31.2834 | T: 2:24:11
| train          | F: 492000 | S: 246000 | E: 492 | L: 1000 | R: 838.5620 | BS: 246000 | FPS: 66.1437 | T: 2:24:26
| train          | F: 493000 | S: 246500 | E: 493 | L: 1000 | R: 840.6012 | BS: 246500 | FPS: 65.0393 | T: 2:24:41
| train          | F: 494000 | S: 247000 | E: 494 | L: 1000 | R: 837.3660 | BS: 247000 | FPS: 62.1324 | T: 2:24:57
| train          | F: 495000 | S: 247500 | E: 495 | L: 1000 | R: 840.3985 | BS: 247500 | FPS: 60.2763 | T: 2:25:14
| train          | F: 496000 | S: 248000 | E: 496 | L: 1000 | R: 842.0310 | BS: 248000 | FPS: 59.9203 | T: 2:25:31
| train          | F: 497000 | S: 248500 | E: 497 | L: 1000 | R: 841.4562 | BS: 248500 | FPS: 59.6310 | T: 2:25:47
| train          | F: 498000 | S: 249000 | E: 498 | L: 1000 | R: 836.8500 | BS: 249000 | FPS: 60.9257 | T: 2:26:04
| train          | F: 499000 | S: 249500 | E: 499 | L: 1000 | R: 833.3344 | BS: 249500 | FPS: 62.1197 | T: 2:26:20
| train          | F: 500000 | S: 250000 | E: 500 | L: 1000 | R: 847.9476 | BS: 250000 | FPS: 60.0071 | T: 2:26:37
| eval           | F: 500000 | S: 250000 | E: 500 | L: 1000 | R: 858.0719 | T: 2:26:37
| train          | F: 501000 | S: 250500 | E: 501 | L: 1000 | R: 847.8033 | BS: 250500 | FPS: 30.7741 | T: 2:27:09
| train          | F: 502000 | S: 251000 | E: 502 | L: 1000 | R: 848.2336 | BS: 251000 | FPS: 64.1464 | T: 2:27:25
| train          | F: 503000 | S: 251500 | E: 503 | L: 1000 | R: 825.6679 | BS: 251500 | FPS: 63.1545 | T: 2:27:40
| train          | F: 504000 | S: 252000 | E: 504 | L: 1000 | R: 842.3096 | BS: 252000 | FPS: 62.4058 | T: 2:27:57
| train          | F: 505000 | S: 252500 | E: 505 | L: 1000 | R: 838.9277 | BS: 252500 | FPS: 63.5965 | T: 2:28:12
| train          | F: 506000 | S: 253000 | E: 506 | L: 1000 | R: 849.1783 | BS: 253000 | FPS: 62.0345 | T: 2:28:28
| train          | F: 507000 | S: 253500 | E: 507 | L: 1000 | R: 839.1502 | BS: 253500 | FPS: 61.6445 | T: 2:28:45
| train          | F: 508000 | S: 254000 | E: 508 | L: 1000 | R: 837.9456 | BS: 254000 | FPS: 62.5081 | T: 2:29:01
| train          | F: 509000 | S: 254500 | E: 509 | L: 1000 | R: 840.3292 | BS: 254500 | FPS: 61.7236 | T: 2:29:17
