nohup: ignoring input
/workspace/learn-si2e/SI2E/SI2E_DrQv2/train.py:210: UserWarning: 
The version_base parameter is not specified.
Please specify a compatability version level, or None.
Will assume defaults for version 1.1
  @hydra.main(config_path='cfgs', config_name='config')
/usr/local/lib/python3.10/dist-packages/hydra/_internal/hydra.py:119: UserWarning: Future Hydra versions will no longer change working directory at job runtime by default.
See https://hydra.cc/docs/1.2/upgrades/1.1_to_1.2/changes_to_job_working_dir/ for more information.
  ret = run_job(
/workspace/learn-si2e/SI2E/SI2E_DrQv2/train.py:210: UserWarning: 
The version_base parameter is not specified.
Please specify a compatability version level, or None.
Will assume defaults for version 1.1
  @hydra.main(config_path='cfgs', config_name='config')
workspace: /workspace/learn-si2e/results/drqv2-full/si2e
| eval           | F: 0 | S: 0 | E: 0 | L: 1000 | R: 9.3777 | T: 0:00:00
| train          | F: 5000 | S: 2500 | E: 5 | L: 1000 | R: 75.5635 | BS: 2500 | FPS: 10.0589 | T: 0:01:39
| train          | F: 6000 | S: 3000 | E: 6 | L: 1000 | R: 71.9185 | BS: 3000 | FPS: 13.0193 | T: 0:02:56
| train          | F: 7000 | S: 3500 | E: 7 | L: 1000 | R: 71.4950 | BS: 3500 | FPS: 13.0762 | T: 0:04:12
| train          | F: 8000 | S: 4000 | E: 8 | L: 1000 | R: 68.2346 | BS: 4000 | FPS: 13.2773 | T: 0:05:28
| train          | F: 9000 | S: 4500 | E: 9 | L: 1000 | R: 186.5205 | BS: 4500 | FPS: 12.9431 | T: 0:06:45
| train          | F: 10000 | S: 5000 | E: 10 | L: 1000 | R: 155.4488 | BS: 5000 | FPS: 13.0101 | T: 0:08:02
| eval           | F: 10000 | S: 5000 | E: 10 | L: 1000 | R: 63.4138 | T: 0:08:02
| train          | F: 11000 | S: 5500 | E: 11 | L: 1000 | R: 62.7982 | BS: 5500 | FPS: 10.7723 | T: 0:09:34
| train          | F: 12000 | S: 6000 | E: 12 | L: 1000 | R: 90.7025 | BS: 6000 | FPS: 13.9790 | T: 0:10:46
| train          | F: 13000 | S: 6500 | E: 13 | L: 1000 | R: 99.6588 | BS: 6500 | FPS: 13.1767 | T: 0:12:02
| train          | F: 14000 | S: 7000 | E: 14 | L: 1000 | R: 205.3456 | BS: 7000 | FPS: 13.0529 | T: 0:13:19
| train          | F: 15000 | S: 7500 | E: 15 | L: 1000 | R: 171.6940 | BS: 7500 | FPS: 14.0969 | T: 0:14:29
| train          | F: 16000 | S: 8000 | E: 16 | L: 1000 | R: 152.6793 | BS: 8000 | FPS: 12.9778 | T: 0:15:47
| train          | F: 17000 | S: 8500 | E: 17 | L: 1000 | R: 171.2259 | BS: 8500 | FPS: 13.1526 | T: 0:17:03
| train          | F: 18000 | S: 9000 | E: 18 | L: 1000 | R: 183.9230 | BS: 9000 | FPS: 14.0873 | T: 0:18:14
| train          | F: 19000 | S: 9500 | E: 19 | L: 1000 | R: 184.7302 | BS: 9500 | FPS: 14.1158 | T: 0:19:24
| train          | F: 20000 | S: 10000 | E: 20 | L: 1000 | R: 93.4871 | BS: 10000 | FPS: 14.0747 | T: 0:20:35
| eval           | F: 20000 | S: 10000 | E: 20 | L: 1000 | R: 171.8609 | T: 0:20:35
| train          | F: 21000 | S: 10500 | E: 21 | L: 1000 | R: 197.7901 | BS: 10500 | FPS: 10.7833 | T: 0:22:08
| train          | F: 22000 | S: 11000 | E: 22 | L: 1000 | R: 224.5361 | BS: 11000 | FPS: 13.0641 | T: 0:23:25
| train          | F: 23000 | S: 11500 | E: 23 | L: 1000 | R: 195.6227 | BS: 11500 | FPS: 13.0719 | T: 0:24:41
| train          | F: 24000 | S: 12000 | E: 24 | L: 1000 | R: 190.6577 | BS: 12000 | FPS: 14.0859 | T: 0:25:52
| train          | F: 25000 | S: 12500 | E: 25 | L: 1000 | R: 184.3618 | BS: 12500 | FPS: 14.2129 | T: 0:27:03
| train          | F: 26000 | S: 13000 | E: 26 | L: 1000 | R: 178.4927 | BS: 13000 | FPS: 14.1309 | T: 0:28:13
| train          | F: 27000 | S: 13500 | E: 27 | L: 1000 | R: 184.8478 | BS: 13500 | FPS: 14.0551 | T: 0:29:24
| train          | F: 28000 | S: 14000 | E: 28 | L: 1000 | R: 182.5623 | BS: 14000 | FPS: 14.1658 | T: 0:30:35
| train          | F: 29000 | S: 14500 | E: 29 | L: 1000 | R: 184.6436 | BS: 14500 | FPS: 14.1411 | T: 0:31:46
| train          | F: 30000 | S: 15000 | E: 30 | L: 1000 | R: 191.4925 | BS: 15000 | FPS: 14.0031 | T: 0:32:57
| eval           | F: 30000 | S: 15000 | E: 30 | L: 1000 | R: 180.0254 | T: 0:32:57
| train          | F: 31000 | S: 15500 | E: 31 | L: 1000 | R: 248.6853 | BS: 15500 | FPS: 11.6914 | T: 0:34:23
| train          | F: 32000 | S: 16000 | E: 32 | L: 1000 | R: 189.9940 | BS: 16000 | FPS: 14.1282 | T: 0:35:33
| train          | F: 33000 | S: 16500 | E: 33 | L: 1000 | R: 185.1354 | BS: 16500 | FPS: 13.9662 | T: 0:36:45
| train          | F: 34000 | S: 17000 | E: 34 | L: 1000 | R: 189.4481 | BS: 17000 | FPS: 12.6420 | T: 0:38:04
| train          | F: 35000 | S: 17500 | E: 35 | L: 1000 | R: 178.6516 | BS: 17500 | FPS: 13.2596 | T: 0:39:20
| train          | F: 36000 | S: 18000 | E: 36 | L: 1000 | R: 188.5712 | BS: 18000 | FPS: 14.1982 | T: 0:40:30
| train          | F: 37000 | S: 18500 | E: 37 | L: 1000 | R: 187.1694 | BS: 18500 | FPS: 13.8229 | T: 0:41:42
| train          | F: 38000 | S: 19000 | E: 38 | L: 1000 | R: 194.8019 | BS: 19000 | FPS: 14.1860 | T: 0:42:53
| train          | F: 39000 | S: 19500 | E: 39 | L: 1000 | R: 217.9986 | BS: 19500 | FPS: 13.2977 | T: 0:44:08
| train          | F: 40000 | S: 20000 | E: 40 | L: 1000 | R: 184.8577 | BS: 20000 | FPS: 12.7748 | T: 0:45:26
| eval           | F: 40000 | S: 20000 | E: 40 | L: 1000 | R: 214.4846 | T: 0:45:26
| train          | F: 41000 | S: 20500 | E: 41 | L: 1000 | R: 200.7466 | BS: 20500 | FPS: 10.8262 | T: 0:46:59
| train          | F: 42000 | S: 21000 | E: 42 | L: 1000 | R: 187.8868 | BS: 21000 | FPS: 14.1654 | T: 0:48:09
| train          | F: 43000 | S: 21500 | E: 43 | L: 1000 | R: 231.8095 | BS: 21500 | FPS: 13.5464 | T: 0:49:23
| train          | F: 44000 | S: 22000 | E: 44 | L: 1000 | R: 191.4756 | BS: 22000 | FPS: 12.6784 | T: 0:50:42
| train          | F: 45000 | S: 22500 | E: 45 | L: 1000 | R: 187.4684 | BS: 22500 | FPS: 13.3268 | T: 0:51:57
| train          | F: 46000 | S: 23000 | E: 46 | L: 1000 | R: 190.5061 | BS: 23000 | FPS: 12.9494 | T: 0:53:14
| train          | F: 47000 | S: 23500 | E: 47 | L: 1000 | R: 189.9769 | BS: 23500 | FPS: 12.9993 | T: 0:54:31
| train          | F: 48000 | S: 24000 | E: 48 | L: 1000 | R: 186.9563 | BS: 24000 | FPS: 13.0922 | T: 0:55:48
| train          | F: 49000 | S: 24500 | E: 49 | L: 1000 | R: 197.0310 | BS: 24500 | FPS: 13.0503 | T: 0:57:04
| train          | F: 50000 | S: 25000 | E: 50 | L: 1000 | R: 196.1795 | BS: 25000 | FPS: 13.0466 | T: 0:58:21
| eval           | F: 50000 | S: 25000 | E: 50 | L: 1000 | R: 187.4563 | T: 0:58:21
| train          | F: 51000 | S: 25500 | E: 51 | L: 1000 | R: 196.8258 | BS: 25500 | FPS: 10.6157 | T: 0:59:55
| train          | F: 52000 | S: 26000 | E: 52 | L: 1000 | R: 192.8066 | BS: 26000 | FPS: 12.8848 | T: 1:01:13
| train          | F: 53000 | S: 26500 | E: 53 | L: 1000 | R: 192.1198 | BS: 26500 | FPS: 12.8861 | T: 1:02:30
| train          | F: 54000 | S: 27000 | E: 54 | L: 1000 | R: 188.0668 | BS: 27000 | FPS: 12.9302 | T: 1:03:48
| train          | F: 55000 | S: 27500 | E: 55 | L: 1000 | R: 190.3576 | BS: 27500 | FPS: 12.8491 | T: 1:05:05
| train          | F: 56000 | S: 28000 | E: 56 | L: 1000 | R: 186.3328 | BS: 28000 | FPS: 12.8974 | T: 1:06:23
| train          | F: 57000 | S: 28500 | E: 57 | L: 1000 | R: 192.9715 | BS: 28500 | FPS: 12.9271 | T: 1:07:40
| train          | F: 58000 | S: 29000 | E: 58 | L: 1000 | R: 187.4117 | BS: 29000 | FPS: 13.1517 | T: 1:08:56
| train          | F: 59000 | S: 29500 | E: 59 | L: 1000 | R: 201.4985 | BS: 29500 | FPS: 13.9476 | T: 1:10:08
| train          | F: 60000 | S: 30000 | E: 60 | L: 1000 | R: 198.3191 | BS: 30000 | FPS: 12.7642 | T: 1:11:26
| eval           | F: 60000 | S: 30000 | E: 60 | L: 1000 | R: 194.2852 | T: 1:11:26
| train          | F: 61000 | S: 30500 | E: 61 | L: 1000 | R: 210.5783 | BS: 30500 | FPS: 11.8300 | T: 1:12:51
| train          | F: 62000 | S: 31000 | E: 62 | L: 1000 | R: 192.8862 | BS: 31000 | FPS: 13.9689 | T: 1:14:03
| train          | F: 63000 | S: 31500 | E: 63 | L: 1000 | R: 209.0075 | BS: 31500 | FPS: 13.8213 | T: 1:15:15
| train          | F: 64000 | S: 32000 | E: 64 | L: 1000 | R: 202.1194 | BS: 32000 | FPS: 13.1132 | T: 1:16:31
| train          | F: 65000 | S: 32500 | E: 65 | L: 1000 | R: 214.1460 | BS: 32500 | FPS: 12.9370 | T: 1:17:48
| train          | F: 66000 | S: 33000 | E: 66 | L: 1000 | R: 203.0869 | BS: 33000 | FPS: 12.9386 | T: 1:19:06
| train          | F: 67000 | S: 33500 | E: 67 | L: 1000 | R: 194.2794 | BS: 33500 | FPS: 12.9725 | T: 1:20:23
| train          | F: 68000 | S: 34000 | E: 68 | L: 1000 | R: 193.8938 | BS: 34000 | FPS: 13.0013 | T: 1:21:40
| train          | F: 69000 | S: 34500 | E: 69 | L: 1000 | R: 186.8018 | BS: 34500 | FPS: 12.9943 | T: 1:22:57
| train          | F: 70000 | S: 35000 | E: 70 | L: 1000 | R: 205.4226 | BS: 35000 | FPS: 13.1280 | T: 1:24:13
| eval           | F: 70000 | S: 35000 | E: 70 | L: 1000 | R: 203.4652 | T: 1:24:13
| train          | F: 71000 | S: 35500 | E: 71 | L: 1000 | R: 209.8929 | BS: 35500 | FPS: 11.7911 | T: 1:25:38
| train          | F: 72000 | S: 36000 | E: 72 | L: 1000 | R: 198.2562 | BS: 36000 | FPS: 13.7310 | T: 1:26:50
| train          | F: 73000 | S: 36500 | E: 73 | L: 1000 | R: 194.8687 | BS: 36500 | FPS: 13.6119 | T: 1:28:04
| train          | F: 74000 | S: 37000 | E: 74 | L: 1000 | R: 185.7484 | BS: 37000 | FPS: 14.2591 | T: 1:29:14
| train          | F: 75000 | S: 37500 | E: 75 | L: 1000 | R: 209.2046 | BS: 37500 | FPS: 14.2143 | T: 1:30:24
| train          | F: 76000 | S: 38000 | E: 76 | L: 1000 | R: 187.3225 | BS: 38000 | FPS: 13.1377 | T: 1:31:41
| train          | F: 77000 | S: 38500 | E: 77 | L: 1000 | R: 210.2003 | BS: 38500 | FPS: 13.5233 | T: 1:32:55
| train          | F: 78000 | S: 39000 | E: 78 | L: 1000 | R: 221.6724 | BS: 39000 | FPS: 13.8993 | T: 1:34:06
| train          | F: 79000 | S: 39500 | E: 79 | L: 1000 | R: 197.0808 | BS: 39500 | FPS: 14.0710 | T: 1:35:18
| train          | F: 80000 | S: 40000 | E: 80 | L: 1000 | R: 277.8172 | BS: 40000 | FPS: 12.7336 | T: 1:36:36
| eval           | F: 80000 | S: 40000 | E: 80 | L: 1000 | R: 196.8595 | T: 1:36:36
| train          | F: 81000 | S: 40500 | E: 81 | L: 1000 | R: 206.4962 | BS: 40500 | FPS: 11.4734 | T: 1:38:03
| train          | F: 82000 | S: 41000 | E: 82 | L: 1000 | R: 176.6060 | BS: 41000 | FPS: 13.0413 | T: 1:39:20
| train          | F: 83000 | S: 41500 | E: 83 | L: 1000 | R: 193.4937 | BS: 41500 | FPS: 12.9550 | T: 1:40:37
| train          | F: 84000 | S: 42000 | E: 84 | L: 1000 | R: 203.7519 | BS: 42000 | FPS: 13.1490 | T: 1:41:53
| train          | F: 85000 | S: 42500 | E: 85 | L: 1000 | R: 239.9863 | BS: 42500 | FPS: 12.9480 | T: 1:43:10
| train          | F: 86000 | S: 43000 | E: 86 | L: 1000 | R: 192.7238 | BS: 43000 | FPS: 12.9135 | T: 1:44:28
| train          | F: 87000 | S: 43500 | E: 87 | L: 1000 | R: 175.7579 | BS: 43500 | FPS: 13.6208 | T: 1:45:41
| train          | F: 88000 | S: 44000 | E: 88 | L: 1000 | R: 213.0753 | BS: 44000 | FPS: 14.2929 | T: 1:46:51
| train          | F: 89000 | S: 44500 | E: 89 | L: 1000 | R: 195.8338 | BS: 44500 | FPS: 14.0606 | T: 1:48:02
| train          | F: 90000 | S: 45000 | E: 90 | L: 1000 | R: 202.2888 | BS: 45000 | FPS: 13.8042 | T: 1:49:15
| eval           | F: 90000 | S: 45000 | E: 90 | L: 1000 | R: 175.0584 | T: 1:49:15
| train          | F: 91000 | S: 45500 | E: 91 | L: 1000 | R: 298.0466 | BS: 45500 | FPS: 10.7589 | T: 1:50:48
| train          | F: 92000 | S: 46000 | E: 92 | L: 1000 | R: 257.4680 | BS: 46000 | FPS: 14.1610 | T: 1:51:58
| train          | F: 93000 | S: 46500 | E: 93 | L: 1000 | R: 248.3247 | BS: 46500 | FPS: 13.4881 | T: 1:53:12
| train          | F: 94000 | S: 47000 | E: 94 | L: 1000 | R: 257.6700 | BS: 47000 | FPS: 14.1127 | T: 1:54:23
| train          | F: 95000 | S: 47500 | E: 95 | L: 1000 | R: 190.2963 | BS: 47500 | FPS: 13.7861 | T: 1:55:36
| train          | F: 96000 | S: 48000 | E: 96 | L: 1000 | R: 281.0694 | BS: 48000 | FPS: 14.1217 | T: 1:56:47
| train          | F: 97000 | S: 48500 | E: 97 | L: 1000 | R: 288.3162 | BS: 48500 | FPS: 13.6460 | T: 1:58:00
| train          | F: 98000 | S: 49000 | E: 98 | L: 1000 | R: 268.1480 | BS: 49000 | FPS: 13.3775 | T: 1:59:15
| train          | F: 99000 | S: 49500 | E: 99 | L: 1000 | R: 208.6700 | BS: 49500 | FPS: 12.8318 | T: 2:00:33
| train          | F: 100000 | S: 50000 | E: 100 | L: 1000 | R: 274.2379 | BS: 50000 | FPS: 12.8254 | T: 2:01:51
| eval           | F: 100000 | S: 50000 | E: 100 | L: 1000 | R: 229.3128 | T: 2:01:51
| train          | F: 101000 | S: 50500 | E: 101 | L: 1000 | R: 252.4620 | BS: 50500 | FPS: 10.5782 | T: 2:03:25
| train          | F: 102000 | S: 51000 | E: 102 | L: 1000 | R: 340.3536 | BS: 51000 | FPS: 13.2067 | T: 2:04:41
| train          | F: 103000 | S: 51500 | E: 103 | L: 1000 | R: 215.6861 | BS: 51500 | FPS: 13.5504 | T: 2:05:55
| train          | F: 104000 | S: 52000 | E: 104 | L: 1000 | R: 288.8294 | BS: 52000 | FPS: 13.9733 | T: 2:07:06
| train          | F: 105000 | S: 52500 | E: 105 | L: 1000 | R: 194.9412 | BS: 52500 | FPS: 14.1835 | T: 2:08:17
| train          | F: 106000 | S: 53000 | E: 106 | L: 1000 | R: 242.0582 | BS: 53000 | FPS: 14.2042 | T: 2:09:27
| train          | F: 107000 | S: 53500 | E: 107 | L: 1000 | R: 240.5356 | BS: 53500 | FPS: 14.1757 | T: 2:10:38
| train          | F: 108000 | S: 54000 | E: 108 | L: 1000 | R: 282.4052 | BS: 54000 | FPS: 14.1770 | T: 2:11:48
| train          | F: 109000 | S: 54500 | E: 109 | L: 1000 | R: 246.5355 | BS: 54500 | FPS: 13.7781 | T: 2:13:01
| train          | F: 110000 | S: 55000 | E: 110 | L: 1000 | R: 252.8834 | BS: 55000 | FPS: 13.9129 | T: 2:14:13
| eval           | F: 110000 | S: 55000 | E: 110 | L: 1000 | R: 242.7382 | T: 2:14:13
| train          | F: 111000 | S: 55500 | E: 111 | L: 1000 | R: 209.2329 | BS: 55500 | FPS: 11.0207 | T: 2:15:43
| train          | F: 112000 | S: 56000 | E: 112 | L: 1000 | R: 271.0784 | BS: 56000 | FPS: 14.1549 | T: 2:16:54
| train          | F: 113000 | S: 56500 | E: 113 | L: 1000 | R: 226.1183 | BS: 56500 | FPS: 14.1824 | T: 2:18:05
| train          | F: 114000 | S: 57000 | E: 114 | L: 1000 | R: 233.7922 | BS: 57000 | FPS: 13.5294 | T: 2:19:18
| train          | F: 115000 | S: 57500 | E: 115 | L: 1000 | R: 258.3839 | BS: 57500 | FPS: 14.2574 | T: 2:20:29
| train          | F: 116000 | S: 58000 | E: 116 | L: 1000 | R: 267.1684 | BS: 58000 | FPS: 14.2059 | T: 2:21:39
| train          | F: 117000 | S: 58500 | E: 117 | L: 1000 | R: 357.5310 | BS: 58500 | FPS: 14.1812 | T: 2:22:50
| train          | F: 118000 | S: 59000 | E: 118 | L: 1000 | R: 371.7738 | BS: 59000 | FPS: 14.0034 | T: 2:24:01
| train          | F: 119000 | S: 59500 | E: 119 | L: 1000 | R: 254.9037 | BS: 59500 | FPS: 14.1693 | T: 2:25:11
| train          | F: 120000 | S: 60000 | E: 120 | L: 1000 | R: 375.7523 | BS: 60000 | FPS: 13.2439 | T: 2:26:27
| eval           | F: 120000 | S: 60000 | E: 120 | L: 1000 | R: 248.7386 | T: 2:26:27
| train          | F: 121000 | S: 60500 | E: 121 | L: 1000 | R: 367.3894 | BS: 60500 | FPS: 11.9272 | T: 2:27:51
| train          | F: 122000 | S: 61000 | E: 122 | L: 1000 | R: 201.5158 | BS: 61000 | FPS: 14.2807 | T: 2:29:01
| train          | F: 123000 | S: 61500 | E: 123 | L: 1000 | R: 319.2211 | BS: 61500 | FPS: 13.9465 | T: 2:30:13
| train          | F: 124000 | S: 62000 | E: 124 | L: 1000 | R: 381.6960 | BS: 62000 | FPS: 14.2392 | T: 2:31:23
| train          | F: 125000 | S: 62500 | E: 125 | L: 1000 | R: 211.0342 | BS: 62500 | FPS: 14.1835 | T: 2:32:33
| train          | F: 126000 | S: 63000 | E: 126 | L: 1000 | R: 263.1458 | BS: 63000 | FPS: 14.2032 | T: 2:33:44
| train          | F: 127000 | S: 63500 | E: 127 | L: 1000 | R: 202.6196 | BS: 63500 | FPS: 14.2472 | T: 2:34:54
| train          | F: 128000 | S: 64000 | E: 128 | L: 1000 | R: 295.4870 | BS: 64000 | FPS: 14.2321 | T: 2:36:04
| train          | F: 129000 | S: 64500 | E: 129 | L: 1000 | R: 241.4102 | BS: 64500 | FPS: 14.1863 | T: 2:37:15
| train          | F: 130000 | S: 65000 | E: 130 | L: 1000 | R: 252.0567 | BS: 65000 | FPS: 14.1308 | T: 2:38:25
| eval           | F: 130000 | S: 65000 | E: 130 | L: 1000 | R: 291.5025 | T: 2:38:25
| train          | F: 131000 | S: 65500 | E: 131 | L: 1000 | R: 199.5871 | BS: 65500 | FPS: 11.2045 | T: 2:39:55
| train          | F: 132000 | S: 66000 | E: 132 | L: 1000 | R: 301.8064 | BS: 66000 | FPS: 13.9466 | T: 2:41:06
| train          | F: 133000 | S: 66500 | E: 133 | L: 1000 | R: 219.7059 | BS: 66500 | FPS: 13.7851 | T: 2:42:19
| train          | F: 134000 | S: 67000 | E: 134 | L: 1000 | R: 237.7432 | BS: 67000 | FPS: 13.3763 | T: 2:43:34
| train          | F: 135000 | S: 67500 | E: 135 | L: 1000 | R: 287.0092 | BS: 67500 | FPS: 14.1538 | T: 2:44:44
| train          | F: 136000 | S: 68000 | E: 136 | L: 1000 | R: 357.4823 | BS: 68000 | FPS: 13.5210 | T: 2:45:58
| train          | F: 137000 | S: 68500 | E: 137 | L: 1000 | R: 305.3733 | BS: 68500 | FPS: 12.9580 | T: 2:47:15
| train          | F: 138000 | S: 69000 | E: 138 | L: 1000 | R: 280.7746 | BS: 69000 | FPS: 14.1063 | T: 2:48:26
| train          | F: 139000 | S: 69500 | E: 139 | L: 1000 | R: 336.9891 | BS: 69500 | FPS: 13.9916 | T: 2:49:38
| train          | F: 140000 | S: 70000 | E: 140 | L: 1000 | R: 332.9314 | BS: 70000 | FPS: 13.0535 | T: 2:50:54
| eval           | F: 140000 | S: 70000 | E: 140 | L: 1000 | R: 377.2862 | T: 2:50:54
| train          | F: 141000 | S: 70500 | E: 141 | L: 1000 | R: 406.1869 | BS: 70500 | FPS: 10.7025 | T: 2:52:28
| train          | F: 142000 | S: 71000 | E: 142 | L: 1000 | R: 371.0448 | BS: 71000 | FPS: 14.1878 | T: 2:53:38
| train          | F: 143000 | S: 71500 | E: 143 | L: 1000 | R: 335.0499 | BS: 71500 | FPS: 14.2264 | T: 2:54:49
| train          | F: 144000 | S: 72000 | E: 144 | L: 1000 | R: 352.7873 | BS: 72000 | FPS: 13.0819 | T: 2:56:05
| train          | F: 145000 | S: 72500 | E: 145 | L: 1000 | R: 391.1013 | BS: 72500 | FPS: 12.8661 | T: 2:57:23
| train          | F: 146000 | S: 73000 | E: 146 | L: 1000 | R: 346.1636 | BS: 73000 | FPS: 13.0298 | T: 2:58:40
| train          | F: 147000 | S: 73500 | E: 147 | L: 1000 | R: 402.3283 | BS: 73500 | FPS: 13.2307 | T: 2:59:55
| train          | F: 148000 | S: 74000 | E: 148 | L: 1000 | R: 325.6619 | BS: 74000 | FPS: 12.6210 | T: 3:01:14
| train          | F: 149000 | S: 74500 | E: 149 | L: 1000 | R: 395.2778 | BS: 74500 | FPS: 12.7524 | T: 3:02:33
| train          | F: 150000 | S: 75000 | E: 150 | L: 1000 | R: 338.7210 | BS: 75000 | FPS: 12.8413 | T: 3:03:51
| eval           | F: 150000 | S: 75000 | E: 150 | L: 1000 | R: 311.2826 | T: 3:03:51
| train          | F: 151000 | S: 75500 | E: 151 | L: 1000 | R: 354.7396 | BS: 75500 | FPS: 10.6596 | T: 3:05:24
| train          | F: 152000 | S: 76000 | E: 152 | L: 1000 | R: 345.9787 | BS: 76000 | FPS: 13.5656 | T: 3:06:38
| train          | F: 153000 | S: 76500 | E: 153 | L: 1000 | R: 414.3222 | BS: 76500 | FPS: 13.8547 | T: 3:07:50
| train          | F: 154000 | S: 77000 | E: 154 | L: 1000 | R: 340.2242 | BS: 77000 | FPS: 14.2703 | T: 3:09:00
| train          | F: 155000 | S: 77500 | E: 155 | L: 1000 | R: 292.2991 | BS: 77500 | FPS: 14.2090 | T: 3:10:11
| train          | F: 156000 | S: 78000 | E: 156 | L: 1000 | R: 314.2737 | BS: 78000 | FPS: 14.1849 | T: 3:11:21
| train          | F: 157000 | S: 78500 | E: 157 | L: 1000 | R: 368.4378 | BS: 78500 | FPS: 14.2266 | T: 3:12:32
| train          | F: 158000 | S: 79000 | E: 158 | L: 1000 | R: 312.3982 | BS: 79000 | FPS: 13.6270 | T: 3:13:45
| train          | F: 159000 | S: 79500 | E: 159 | L: 1000 | R: 363.5822 | BS: 79500 | FPS: 12.7933 | T: 3:15:03
| train          | F: 160000 | S: 80000 | E: 160 | L: 1000 | R: 415.3170 | BS: 80000 | FPS: 12.8635 | T: 3:16:21
| eval           | F: 160000 | S: 80000 | E: 160 | L: 1000 | R: 368.9188 | T: 3:16:21
| train          | F: 161000 | S: 80500 | E: 161 | L: 1000 | R: 339.5300 | BS: 80500 | FPS: 11.2645 | T: 3:17:50
| train          | F: 162000 | S: 81000 | E: 162 | L: 1000 | R: 400.8676 | BS: 81000 | FPS: 14.3576 | T: 3:18:59
| train          | F: 163000 | S: 81500 | E: 163 | L: 1000 | R: 356.2757 | BS: 81500 | FPS: 14.3453 | T: 3:20:09
| train          | F: 164000 | S: 82000 | E: 164 | L: 1000 | R: 350.5539 | BS: 82000 | FPS: 13.0958 | T: 3:21:25
| train          | F: 165000 | S: 82500 | E: 165 | L: 1000 | R: 400.6712 | BS: 82500 | FPS: 12.8933 | T: 3:22:43
| train          | F: 166000 | S: 83000 | E: 166 | L: 1000 | R: 369.8915 | BS: 83000 | FPS: 12.9641 | T: 3:24:00
| train          | F: 167000 | S: 83500 | E: 167 | L: 1000 | R: 441.0341 | BS: 83500 | FPS: 13.7943 | T: 3:25:13
| train          | F: 168000 | S: 84000 | E: 168 | L: 1000 | R: 307.1949 | BS: 84000 | FPS: 13.5160 | T: 3:26:27
| train          | F: 169000 | S: 84500 | E: 169 | L: 1000 | R: 424.8662 | BS: 84500 | FPS: 13.8491 | T: 3:27:39
| train          | F: 170000 | S: 85000 | E: 170 | L: 1000 | R: 407.6857 | BS: 85000 | FPS: 13.8938 | T: 3:28:51
| eval           | F: 170000 | S: 85000 | E: 170 | L: 1000 | R: 333.8715 | T: 3:28:51
| train          | F: 171000 | S: 85500 | E: 171 | L: 1000 | R: 365.0748 | BS: 85500 | FPS: 10.5880 | T: 3:30:25
| train          | F: 172000 | S: 86000 | E: 172 | L: 1000 | R: 414.8320 | BS: 86000 | FPS: 12.9026 | T: 3:31:43
| train          | F: 173000 | S: 86500 | E: 173 | L: 1000 | R: 459.4624 | BS: 86500 | FPS: 12.8613 | T: 3:33:00
| train          | F: 174000 | S: 87000 | E: 174 | L: 1000 | R: 333.0675 | BS: 87000 | FPS: 13.1614 | T: 3:34:16
| train          | F: 175000 | S: 87500 | E: 175 | L: 1000 | R: 565.9814 | BS: 87500 | FPS: 13.6476 | T: 3:35:30
| train          | F: 176000 | S: 88000 | E: 176 | L: 1000 | R: 324.8878 | BS: 88000 | FPS: 13.9349 | T: 3:36:41
| train          | F: 177000 | S: 88500 | E: 177 | L: 1000 | R: 578.6927 | BS: 88500 | FPS: 14.1964 | T: 3:37:52
| train          | F: 178000 | S: 89000 | E: 178 | L: 1000 | R: 416.7480 | BS: 89000 | FPS: 14.1915 | T: 3:39:02
| train          | F: 179000 | S: 89500 | E: 179 | L: 1000 | R: 302.7225 | BS: 89500 | FPS: 14.1692 | T: 3:40:13
| train          | F: 180000 | S: 90000 | E: 180 | L: 1000 | R: 490.2112 | BS: 90000 | FPS: 14.0723 | T: 3:41:24
| eval           | F: 180000 | S: 90000 | E: 180 | L: 1000 | R: 349.6534 | T: 3:41:24
| train          | F: 181000 | S: 90500 | E: 181 | L: 1000 | R: 370.8665 | BS: 90500 | FPS: 10.5488 | T: 3:42:59
| train          | F: 182000 | S: 91000 | E: 182 | L: 1000 | R: 355.4337 | BS: 91000 | FPS: 13.0412 | T: 3:44:15
| train          | F: 183000 | S: 91500 | E: 183 | L: 1000 | R: 407.2497 | BS: 91500 | FPS: 13.6086 | T: 3:45:29
| train          | F: 184000 | S: 92000 | E: 184 | L: 1000 | R: 415.7325 | BS: 92000 | FPS: 13.4906 | T: 3:46:43
| train          | F: 185000 | S: 92500 | E: 185 | L: 1000 | R: 422.1448 | BS: 92500 | FPS: 14.2357 | T: 3:47:53
| train          | F: 186000 | S: 93000 | E: 186 | L: 1000 | R: 412.5538 | BS: 93000 | FPS: 13.6520 | T: 3:49:07
| train          | F: 187000 | S: 93500 | E: 187 | L: 1000 | R: 411.5480 | BS: 93500 | FPS: 13.1434 | T: 3:50:23
| train          | F: 188000 | S: 94000 | E: 188 | L: 1000 | R: 473.2591 | BS: 94000 | FPS: 13.6791 | T: 3:51:36
| train          | F: 189000 | S: 94500 | E: 189 | L: 1000 | R: 512.8723 | BS: 94500 | FPS: 12.8851 | T: 3:52:53
| train          | F: 190000 | S: 95000 | E: 190 | L: 1000 | R: 443.3438 | BS: 95000 | FPS: 13.8856 | T: 3:54:05
| eval           | F: 190000 | S: 95000 | E: 190 | L: 1000 | R: 490.8689 | T: 3:54:05
| train          | F: 191000 | S: 95500 | E: 191 | L: 1000 | R: 516.9251 | BS: 95500 | FPS: 10.9037 | T: 3:55:37
| train          | F: 192000 | S: 96000 | E: 192 | L: 1000 | R: 371.0154 | BS: 96000 | FPS: 12.8831 | T: 3:56:55
| train          | F: 193000 | S: 96500 | E: 193 | L: 1000 | R: 394.7042 | BS: 96500 | FPS: 13.3709 | T: 3:58:10
| train          | F: 194000 | S: 97000 | E: 194 | L: 1000 | R: 378.1760 | BS: 97000 | FPS: 14.2737 | T: 3:59:20
| train          | F: 195000 | S: 97500 | E: 195 | L: 1000 | R: 327.4673 | BS: 97500 | FPS: 13.0606 | T: 4:00:36
| train          | F: 196000 | S: 98000 | E: 196 | L: 1000 | R: 610.3753 | BS: 98000 | FPS: 14.3035 | T: 4:01:46
| train          | F: 197000 | S: 98500 | E: 197 | L: 1000 | R: 566.6528 | BS: 98500 | FPS: 13.9921 | T: 4:02:58
| train          | F: 198000 | S: 99000 | E: 198 | L: 1000 | R: 576.8242 | BS: 99000 | FPS: 14.2580 | T: 4:04:08
| train          | F: 199000 | S: 99500 | E: 199 | L: 1000 | R: 266.2898 | BS: 99500 | FPS: 14.2316 | T: 4:05:18
| train          | F: 200000 | S: 100000 | E: 200 | L: 1000 | R: 470.9741 | BS: 100000 | FPS: 13.6808 | T: 4:06:31
| eval           | F: 200000 | S: 100000 | E: 200 | L: 1000 | R: 500.6581 | T: 4:06:31
| train          | F: 201000 | S: 100500 | E: 201 | L: 1000 | R: 580.3075 | BS: 100500 | FPS: 11.7755 | T: 4:07:56
| train          | F: 202000 | S: 101000 | E: 202 | L: 1000 | R: 594.8847 | BS: 101000 | FPS: 14.0329 | T: 4:09:07
| train          | F: 203000 | S: 101500 | E: 203 | L: 1000 | R: 393.8213 | BS: 101500 | FPS: 14.2203 | T: 4:10:18
| train          | F: 204000 | S: 102000 | E: 204 | L: 1000 | R: 452.4084 | BS: 102000 | FPS: 13.8231 | T: 4:11:30
| train          | F: 205000 | S: 102500 | E: 205 | L: 1000 | R: 397.1317 | BS: 102500 | FPS: 13.1628 | T: 4:12:46
| train          | F: 206000 | S: 103000 | E: 206 | L: 1000 | R: 456.2401 | BS: 103000 | FPS: 13.6515 | T: 4:13:59
| train          | F: 207000 | S: 103500 | E: 207 | L: 1000 | R: 448.1597 | BS: 103500 | FPS: 12.9162 | T: 4:15:17
| train          | F: 208000 | S: 104000 | E: 208 | L: 1000 | R: 701.6417 | BS: 104000 | FPS: 13.6631 | T: 4:16:30
| train          | F: 209000 | S: 104500 | E: 209 | L: 1000 | R: 691.2585 | BS: 104500 | FPS: 14.2870 | T: 4:17:40
| train          | F: 210000 | S: 105000 | E: 210 | L: 1000 | R: 620.4634 | BS: 105000 | FPS: 13.5698 | T: 4:18:53
| eval           | F: 210000 | S: 105000 | E: 210 | L: 1000 | R: 588.4665 | T: 4:18:53
| train          | F: 211000 | S: 105500 | E: 211 | L: 1000 | R: 691.2838 | BS: 105500 | FPS: 10.7301 | T: 4:20:27
| train          | F: 212000 | S: 106000 | E: 212 | L: 1000 | R: 648.4144 | BS: 106000 | FPS: 13.0242 | T: 4:21:43
| train          | F: 213000 | S: 106500 | E: 213 | L: 1000 | R: 701.2378 | BS: 106500 | FPS: 13.0268 | T: 4:23:00
| train          | F: 214000 | S: 107000 | E: 214 | L: 1000 | R: 565.8876 | BS: 107000 | FPS: 13.9848 | T: 4:24:12
| train          | F: 215000 | S: 107500 | E: 215 | L: 1000 | R: 614.8934 | BS: 107500 | FPS: 13.0130 | T: 4:25:28
| train          | F: 216000 | S: 108000 | E: 216 | L: 1000 | R: 610.1336 | BS: 108000 | FPS: 13.0024 | T: 4:26:45
| train          | F: 217000 | S: 108500 | E: 217 | L: 1000 | R: 600.0305 | BS: 108500 | FPS: 13.4506 | T: 4:28:00
| train          | F: 218000 | S: 109000 | E: 218 | L: 1000 | R: 607.4245 | BS: 109000 | FPS: 13.4545 | T: 4:29:14
| train          | F: 219000 | S: 109500 | E: 219 | L: 1000 | R: 538.7611 | BS: 109500 | FPS: 13.0561 | T: 4:30:31
| train          | F: 220000 | S: 110000 | E: 220 | L: 1000 | R: 627.2731 | BS: 110000 | FPS: 13.0741 | T: 4:31:47
| eval           | F: 220000 | S: 110000 | E: 220 | L: 1000 | R: 573.8477 | T: 4:31:47
| train          | F: 221000 | S: 110500 | E: 221 | L: 1000 | R: 618.6588 | BS: 110500 | FPS: 11.6100 | T: 4:33:13
| train          | F: 222000 | S: 111000 | E: 222 | L: 1000 | R: 628.6308 | BS: 111000 | FPS: 13.2286 | T: 4:34:29
| train          | F: 223000 | S: 111500 | E: 223 | L: 1000 | R: 694.0888 | BS: 111500 | FPS: 14.2124 | T: 4:35:39
| train          | F: 224000 | S: 112000 | E: 224 | L: 1000 | R: 642.6348 | BS: 112000 | FPS: 13.0997 | T: 4:36:56
| train          | F: 225000 | S: 112500 | E: 225 | L: 1000 | R: 678.1119 | BS: 112500 | FPS: 13.8037 | T: 4:38:08
| train          | F: 226000 | S: 113000 | E: 226 | L: 1000 | R: 710.7723 | BS: 113000 | FPS: 13.1393 | T: 4:39:24
| train          | F: 227000 | S: 113500 | E: 227 | L: 1000 | R: 697.5898 | BS: 113500 | FPS: 12.8351 | T: 4:40:42
| train          | F: 228000 | S: 114000 | E: 228 | L: 1000 | R: 685.8125 | BS: 114000 | FPS: 12.8294 | T: 4:42:00
| train          | F: 229000 | S: 114500 | E: 229 | L: 1000 | R: 638.5577 | BS: 114500 | FPS: 12.8692 | T: 4:43:18
| train          | F: 230000 | S: 115000 | E: 230 | L: 1000 | R: 632.2865 | BS: 115000 | FPS: 12.9060 | T: 4:44:35
| eval           | F: 230000 | S: 115000 | E: 230 | L: 1000 | R: 574.5016 | T: 4:44:35
| train          | F: 231000 | S: 115500 | E: 231 | L: 1000 | R: 613.2553 | BS: 115500 | FPS: 11.4240 | T: 4:46:03
| train          | F: 232000 | S: 116000 | E: 232 | L: 1000 | R: 572.8669 | BS: 116000 | FPS: 12.8948 | T: 4:47:20
| train          | F: 233000 | S: 116500 | E: 233 | L: 1000 | R: 660.7341 | BS: 116500 | FPS: 13.9468 | T: 4:48:32
| train          | F: 234000 | S: 117000 | E: 234 | L: 1000 | R: 547.3176 | BS: 117000 | FPS: 13.9571 | T: 4:49:44
| train          | F: 235000 | S: 117500 | E: 235 | L: 1000 | R: 567.5027 | BS: 117500 | FPS: 14.2168 | T: 4:50:54
| train          | F: 236000 | S: 118000 | E: 236 | L: 1000 | R: 645.1112 | BS: 118000 | FPS: 14.2048 | T: 4:52:04
| train          | F: 237000 | S: 118500 | E: 237 | L: 1000 | R: 649.0423 | BS: 118500 | FPS: 14.0025 | T: 4:53:16
| train          | F: 238000 | S: 119000 | E: 238 | L: 1000 | R: 558.0332 | BS: 119000 | FPS: 14.1524 | T: 4:54:26
| train          | F: 239000 | S: 119500 | E: 239 | L: 1000 | R: 641.4752 | BS: 119500 | FPS: 14.0267 | T: 4:55:38
| train          | F: 240000 | S: 120000 | E: 240 | L: 1000 | R: 639.6739 | BS: 120000 | FPS: 12.7847 | T: 4:56:56
| eval           | F: 240000 | S: 120000 | E: 240 | L: 1000 | R: 593.5082 | T: 4:56:56
| train          | F: 241000 | S: 120500 | E: 241 | L: 1000 | R: 622.2471 | BS: 120500 | FPS: 10.6765 | T: 4:58:30
| train          | F: 242000 | S: 121000 | E: 242 | L: 1000 | R: 619.2131 | BS: 121000 | FPS: 12.9519 | T: 4:59:47
| train          | F: 243000 | S: 121500 | E: 243 | L: 1000 | R: 434.9629 | BS: 121500 | FPS: 12.7978 | T: 5:01:05
| train          | F: 244000 | S: 122000 | E: 244 | L: 1000 | R: 704.9555 | BS: 122000 | FPS: 12.7335 | T: 5:02:23
| train          | F: 245000 | S: 122500 | E: 245 | L: 1000 | R: 708.5162 | BS: 122500 | FPS: 12.6794 | T: 5:03:42
| train          | F: 246000 | S: 123000 | E: 246 | L: 1000 | R: 429.0959 | BS: 123000 | FPS: 14.0138 | T: 5:04:54
| train          | F: 247000 | S: 123500 | E: 247 | L: 1000 | R: 699.8772 | BS: 123500 | FPS: 13.9360 | T: 5:06:05
| train          | F: 248000 | S: 124000 | E: 248 | L: 1000 | R: 685.9411 | BS: 124000 | FPS: 14.3207 | T: 5:07:15
| train          | F: 249000 | S: 124500 | E: 249 | L: 1000 | R: 645.8555 | BS: 124500 | FPS: 13.0247 | T: 5:08:32
