Gym has been unmaintained since 2022 and does not support NumPy 2.0 amongst other critical functionality.
Please upgrade to Gymnasium, the maintained drop-in replacement of Gym, or contact the authors of your software and request that they upgrade.
Users of this version of Gym should be able to simply replace 'import gym' with 'import gymnasium as gym' in the vast majority of cases.
See the migration guide at https://gymnasium.farama.org/introduction/migration_guide/ for additional information.
/workspace/learn-si2e/SI2E/SI2E_A2C/rl-starter-files/rl-starter-files/scripts/train.py --algo a2c --env MiniGrid-DoorKey-8x8-v0 --model multiseed-vcse-s1 --frames 3000000 --use_batch --save-interval 100 --log-interval 500 --seed 1 --use_entropy_reward --use_value_condition --beta 0.005

Namespace(algo='a2c', env='MiniGrid-DoorKey-8x8-v0', model='multiseed-vcse-s1', seed=1, log_interval=500, save_interval=100, procs=16, frames=3000000, epochs=4, batch_size=256, frames_per_proc=None, discount=0.99, lr=0.001, gae_lambda=0.95, entropy_coef=0.01, value_loss_coef=0.5, max_grad_norm=0.5, optim_eps=1e-08, optim_alpha=0.99, clip_eps=0.2, recurrence=1, text=False, use_entropy_reward=True, use_value_condition=True, beta=0.005, use_batch=True, mem=False)

Device: cuda:0

Environments loaded

Training status loaded

Observations preprocessor loaded
Model loaded

ACModel(
  (image_conv): Sequential(
    (0): Conv2d(3, 16, kernel_size=(2, 2), stride=(1, 1))
    (1): ReLU()
    (2): MaxPool2d(kernel_size=(2, 2), stride=(2, 2), padding=0, dilation=1, ceil_mode=False)
    (3): Conv2d(16, 32, kernel_size=(2, 2), stride=(1, 1))
    (4): ReLU()
    (5): Conv2d(32, 64, kernel_size=(2, 2), stride=(1, 1))
    (6): ReLU()
  )
  (actor): Sequential(
    (0): Linear(in_features=64, out_features=64, bias=True)
    (1): Tanh()
    (2): Linear(in_features=64, out_features=7, bias=True)
  )
  (critic): Sequential(
    (0): Linear(in_features=64, out_features=64, bias=True)
    (1): Tanh()
    (2): Linear(in_features=64, out_features=1, bias=True)
  )
  (extr_critic): Sequential(
    (0): Linear(in_features=64, out_features=64, bias=True)
    (1): Tanh()
    (2): Linear(in_features=64, out_features=1, bias=True)
  )
)

Optimizer loaded

Status saved
Status saved
Status saved
Status saved
U 500 | F 064000 | FPS 0195 | D 200 | rR:μσmM 0.02 0.09 0.00 0.38 | F:μσmM 627.5 48.4 440.0 640.0 | H 1.756 | V -0.255 | pL 0.004 | vL 0.001 | ∇ 0.013
Status saved
Status saved
Status saved
Status saved
Status saved
U 1000 | F 128000 | FPS 0378 | D 392 | rR:μσmM 0.03 0.11 0.00 0.47 | F:μσmM 623.7 63.2 379.0 640.0 | H 1.800 | V -0.344 | pL -0.011 | vL 0.001 | ∇ 0.013
Status saved
Status saved
Status saved
Status saved
Status saved
U 1500 | F 192000 | FPS 0384 | D 586 | rR:μσmM 0.01 0.05 0.00 0.22 | F:μσmM 634.7 20.6 555.0 640.0 | H 1.760 | V -0.368 | pL -0.015 | vL 0.001 | ∇ 0.020
Status saved
Status saved
Status saved
Status saved
Status saved
U 2000 | F 256000 | FPS 0316 | D 782 | rR:μσmM 0.00 0.00 0.00 0.00 | F:μσmM 640.0 0.0 640.0 640.0 | H 1.752 | V -0.375 | pL 0.193 | vL 0.034 | ∇ 0.172
Status saved
Status saved
Status saved
Status saved
Status saved
U 2500 | F 320000 | FPS 0323 | D 976 | rR:μσmM 0.01 0.03 0.00 0.11 | F:μσmM 639.7 1.2 635.0 640.0 | H 1.769 | V -0.358 | pL 0.003 | vL 0.001 | ∇ 0.007
Status saved
Status saved
Status saved
Status saved
Status saved
U 3000 | F 384000 | FPS 0322 | D 1171 | rR:μσmM 0.00 0.00 0.00 0.00 | F:μσmM 640.0 0.0 640.0 640.0 | H 1.822 | V -0.350 | pL 0.004 | vL 0.000 | ∇ 0.009
Status saved
Status saved
Status saved
Status saved
Status saved
U 3500 | F 448000 | FPS 0351 | D 1362 | rR:μσmM 0.00 0.00 0.00 0.00 | F:μσmM 640.0 0.0 640.0 640.0 | H 1.771 | V -0.313 | pL -0.002 | vL 0.000 | ∇ 0.006
Status saved
Status saved
Status saved
Status saved
Status saved
U 4000 | F 512000 | FPS 0343 | D 1556 | rR:μσmM 0.13 0.25 0.00 0.71 | F:μσmM 563.4 152.4 207.0 640.0 | H 1.758 | V -0.324 | pL 0.107 | vL 0.016 | ∇ 0.094
Status saved
Status saved
Status saved
Status saved
Status saved
U 4500 | F 576000 | FPS 0362 | D 1752 | rR:μσmM 0.09 0.22 0.00 0.76 | F:μσmM 587.2 129.9 168.0 640.0 | H 1.795 | V -0.281 | pL -0.017 | vL 0.001 | ∇ 0.012
Status saved
Status saved
Status saved
Status saved
Status saved
U 5000 | F 640000 | FPS 0348 | D 1945 | rR:μσmM 0.01 0.04 0.00 0.16 | F:μσmM 637.4 10.2 598.0 640.0 | H 1.725 | V -0.329 | pL -0.010 | vL 0.001 | ∇ 0.012
Status saved
Status saved
Status saved
Status saved
Status saved
U 5500 | F 704000 | FPS 0363 | D 2144 | rR:μσmM 0.02 0.06 0.00 0.25 | F:μσmM 633.2 26.1 532.0 640.0 | H 1.744 | V -0.303 | pL -0.015 | vL 0.001 | ∇ 0.015
Status saved
Status saved
Status saved
Status saved
Status saved
U 6000 | F 768000 | FPS 0321 | D 2338 | rR:μσmM 0.11 0.23 0.00 0.68 | F:μσmM 575.6 137.0 230.0 640.0 | H 1.759 | V -0.328 | pL -0.018 | vL 0.001 | ∇ 0.013
Status saved
Status saved
Status saved
Status saved
Status saved
U 6500 | F 832000 | FPS 0346 | D 2533 | rR:μσmM 0.05 0.17 0.00 0.68 | F:μσmM 612.4 99.7 227.0 640.0 | H 1.773 | V -0.287 | pL 0.008 | vL 0.000 | ∇ 0.010
Status saved
Status saved
Status saved
Status saved
Status saved
U 7000 | F 896000 | FPS 0362 | D 2730 | rR:μσmM 0.06 0.17 0.00 0.56 | F:μσmM 603.8 96.7 313.0 640.0 | H 1.742 | V -0.324 | pL -0.016 | vL 0.001 | ∇ 0.023
Status saved
Status saved
Status saved
Status saved
Status saved
U 7500 | F 960000 | FPS 0345 | D 2927 | rR:μσmM 0.02 0.06 0.00 0.22 | F:μσmM 631.9 22.4 556.0 640.0 | H 1.794 | V -0.284 | pL -0.007 | vL 0.001 | ∇ 0.014
Status saved
Status saved
Status saved
Status saved
Status saved
U 8000 | F 1024000 | FPS 0332 | D 3121 | rR:μσmM 0.12 0.27 0.00 0.89 | F:μσmM 571.3 166.9 76.0 640.0 | H 1.771 | V -0.282 | pL -0.006 | vL 0.001 | ∇ 0.009
Status saved
Status saved
Status saved
Status saved
Status saved
U 8500 | F 1088000 | FPS 0312 | D 3320 | rR:μσmM 0.14 0.23 0.00 0.67 | F:μσmM 562.5 132.9 237.0 640.0 | H 1.712 | V -0.266 | pL 0.004 | vL 0.010 | ∇ 0.047
Status saved
Status saved
Status saved
Status saved
Status saved
U 9000 | F 1152000 | FPS 0340 | D 3511 | rR:μσmM 0.18 0.30 0.00 0.81 | F:μσmM 536.2 184.5 133.0 640.0 | H 1.757 | V -0.298 | pL 0.019 | vL 0.004 | ∇ 0.033
Status saved
Status saved
Status saved
Status saved
Status saved
U 9500 | F 1216000 | FPS 0324 | D 3709 | rR:μσmM 0.40 0.41 0.00 0.96 | F:μσmM 390.7 259.4 25.0 640.0 | H 1.771 | V -0.252 | pL 0.001 | vL 0.001 | ∇ 0.026
Status saved
Status saved
Status saved
Status saved
Status saved
U 10000 | F 1280000 | FPS 0307 | D 3905 | rR:μσmM 0.75 0.23 0.00 0.96 | F:μσmM 175.1 146.7 26.0 640.0 | H 1.709 | V -0.059 | pL -0.022 | vL 0.001 | ∇ 0.029
Status saved
Status saved
Status saved
Status saved
Status saved
U 10500 | F 1344000 | FPS 0368 | D 4098 | rR:μσmM 0.92 0.05 0.81 0.98 | F:μσmM 54.8 34.9 17.0 134.0 | H 1.232 | V 0.442 | pL 0.018 | vL 0.009 | ∇ 0.088
Status saved
Status saved
Status saved
Status saved
Status saved
U 11000 | F 1408000 | FPS 0321 | D 4293 | rR:μσmM 0.96 0.01 0.94 0.98 | F:μσmM 27.4 8.7 14.0 41.0 | H 1.109 | V 0.715 | pL -0.012 | vL 0.006 | ∇ 0.122
Status saved
Status saved
Status saved
Status saved
Status saved
U 11500 | F 1472000 | FPS 0365 | D 4486 | rR:μσmM 0.96 0.02 0.91 0.98 | F:μσmM 30.1 13.0 12.0 66.0 | H 1.004 | V 0.785 | pL -0.010 | vL 0.004 | ∇ 0.110
Status saved
Status saved
Status saved
Status saved
Status saved
U 12000 | F 1536000 | FPS 0361 | D 4681 | rR:μσmM 0.96 0.02 0.89 0.98 | F:μσmM 28.7 13.4 17.0 75.0 | H 1.028 | V 0.761 | pL 0.000 | vL 0.004 | ∇ 0.124
Status saved
Status saved
Status saved
Status saved
