/workspace/learn-si2e/SI2E/SI2E_DrQv2/train.py:210: UserWarning: 
The version_base parameter is not specified.
Please specify a compatability version level, or None.
Will assume defaults for version 1.1
  @hydra.main(config_path='cfgs', config_name='config')
/usr/local/lib/python3.10/dist-packages/hydra/_internal/hydra.py:119: UserWarning: Future Hydra versions will no longer change working directory at job runtime by default.
See https://hydra.cc/docs/1.2/upgrades/1.1_to_1.2/changes_to_job_working_dir/ for more information.
  ret = run_job(
/workspace/learn-si2e/SI2E/SI2E_DrQv2/train.py:210: UserWarning: 
The version_base parameter is not specified.
Please specify a compatability version level, or None.
Will assume defaults for version 1.1
  @hydra.main(config_path='cfgs', config_name='config')
workspace: /workspace/learn-si2e/results/drqv2-official/quadruped_walk_se_seed1
| eval           | F: 0 | S: 0 | E: 0 | L: 1000 | R: 104.0255 | T: 0:00:00
| train          | F: 5000 | S: 2500 | E: 5 | L: 1000 | R: 13.3665 | BS: 2500 | FPS: 16.7691 | T: 0:00:59
| train          | F: 6000 | S: 3000 | E: 6 | L: 1000 | R: 20.1070 | BS: 3000 | FPS: 82.4356 | T: 0:01:11
| train          | F: 7000 | S: 3500 | E: 7 | L: 1000 | R: 27.1209 | BS: 3500 | FPS: 83.7960 | T: 0:01:23
| train          | F: 8000 | S: 4000 | E: 8 | L: 1000 | R: 3.9972 | BS: 4000 | FPS: 75.9585 | T: 0:01:36
| train          | F: 9000 | S: 4500 | E: 9 | L: 1000 | R: 2.1587 | BS: 4500 | FPS: 79.6513 | T: 0:01:49
| train          | F: 10000 | S: 5000 | E: 10 | L: 1000 | R: 28.8728 | BS: 5000 | FPS: 77.0771 | T: 0:02:02
| eval           | F: 10000 | S: 5000 | E: 10 | L: 1000 | R: 143.5461 | T: 0:02:02
| train          | F: 11000 | S: 5500 | E: 11 | L: 1000 | R: 43.0550 | BS: 5500 | FPS: 23.1599 | T: 0:02:45
| train          | F: 12000 | S: 6000 | E: 12 | L: 1000 | R: 493.8825 | BS: 6000 | FPS: 77.7288 | T: 0:02:58
| train          | F: 13000 | S: 6500 | E: 13 | L: 1000 | R: 31.4645 | BS: 6500 | FPS: 76.6829 | T: 0:03:11
| train          | F: 14000 | S: 7000 | E: 14 | L: 1000 | R: 299.0333 | BS: 7000 | FPS: 78.7934 | T: 0:03:24
| train          | F: 15000 | S: 7500 | E: 15 | L: 1000 | R: 26.1658 | BS: 7500 | FPS: 77.7902 | T: 0:03:37
| train          | F: 16000 | S: 8000 | E: 16 | L: 1000 | R: 18.0987 | BS: 8000 | FPS: 77.5738 | T: 0:03:49
| train          | F: 17000 | S: 8500 | E: 17 | L: 1000 | R: 43.5319 | BS: 8500 | FPS: 73.6292 | T: 0:04:03
| train          | F: 18000 | S: 9000 | E: 18 | L: 1000 | R: 21.9621 | BS: 9000 | FPS: 71.6160 | T: 0:04:17
| train          | F: 19000 | S: 9500 | E: 19 | L: 1000 | R: 222.5189 | BS: 9500 | FPS: 76.4707 | T: 0:04:30
| train          | F: 20000 | S: 10000 | E: 20 | L: 1000 | R: 17.3222 | BS: 10000 | FPS: 72.8312 | T: 0:04:44
| eval           | F: 20000 | S: 10000 | E: 20 | L: 1000 | R: 64.3154 | T: 0:04:44
| train          | F: 21000 | S: 10500 | E: 21 | L: 1000 | R: 37.4426 | BS: 10500 | FPS: 23.3663 | T: 0:05:27
| train          | F: 22000 | S: 11000 | E: 22 | L: 1000 | R: 15.0683 | BS: 11000 | FPS: 76.2602 | T: 0:05:40
| train          | F: 23000 | S: 11500 | E: 23 | L: 1000 | R: 5.8297 | BS: 11500 | FPS: 79.6215 | T: 0:05:52
| train          | F: 24000 | S: 12000 | E: 24 | L: 1000 | R: 36.1278 | BS: 12000 | FPS: 72.1197 | T: 0:06:06
| train          | F: 25000 | S: 12500 | E: 25 | L: 1000 | R: 132.0149 | BS: 12500 | FPS: 74.1132 | T: 0:06:20
| train          | F: 26000 | S: 13000 | E: 26 | L: 1000 | R: 35.7309 | BS: 13000 | FPS: 75.2841 | T: 0:06:33
| train          | F: 27000 | S: 13500 | E: 27 | L: 1000 | R: 25.6818 | BS: 13500 | FPS: 76.6092 | T: 0:06:46
| train          | F: 28000 | S: 14000 | E: 28 | L: 1000 | R: 16.2067 | BS: 14000 | FPS: 71.6780 | T: 0:07:00
| train          | F: 29000 | S: 14500 | E: 29 | L: 1000 | R: 34.9342 | BS: 14500 | FPS: 70.9578 | T: 0:07:14
| train          | F: 30000 | S: 15000 | E: 30 | L: 1000 | R: 13.5196 | BS: 15000 | FPS: 74.0169 | T: 0:07:27
| eval           | F: 30000 | S: 15000 | E: 30 | L: 1000 | R: 190.5087 | T: 0:07:28
| train          | F: 31000 | S: 15500 | E: 31 | L: 1000 | R: 261.7872 | BS: 15500 | FPS: 25.6758 | T: 0:08:06
| train          | F: 32000 | S: 16000 | E: 32 | L: 1000 | R: 40.3238 | BS: 16000 | FPS: 76.8212 | T: 0:08:19
| train          | F: 33000 | S: 16500 | E: 33 | L: 1000 | R: 29.3677 | BS: 16500 | FPS: 72.0967 | T: 0:08:33
| train          | F: 34000 | S: 17000 | E: 34 | L: 1000 | R: 27.6645 | BS: 17000 | FPS: 76.5020 | T: 0:08:46
| train          | F: 35000 | S: 17500 | E: 35 | L: 1000 | R: 19.6038 | BS: 17500 | FPS: 76.8437 | T: 0:08:59
| train          | F: 36000 | S: 18000 | E: 36 | L: 1000 | R: 26.1783 | BS: 18000 | FPS: 76.5430 | T: 0:09:12
| train          | F: 37000 | S: 18500 | E: 37 | L: 1000 | R: 505.5112 | BS: 18500 | FPS: 77.5934 | T: 0:09:25
| train          | F: 38000 | S: 19000 | E: 38 | L: 1000 | R: 499.9152 | BS: 19000 | FPS: 77.8053 | T: 0:09:38
| train          | F: 39000 | S: 19500 | E: 39 | L: 1000 | R: 35.2860 | BS: 19500 | FPS: 60.8708 | T: 0:09:55
| train          | F: 40000 | S: 20000 | E: 40 | L: 1000 | R: 511.0593 | BS: 20000 | FPS: 67.0197 | T: 0:10:10
| eval           | F: 40000 | S: 20000 | E: 40 | L: 1000 | R: 188.5945 | T: 0:10:10
| train          | F: 41000 | S: 20500 | E: 41 | L: 1000 | R: 20.6988 | BS: 20500 | FPS: 23.7148 | T: 0:10:52
| train          | F: 42000 | S: 21000 | E: 42 | L: 1000 | R: 41.8982 | BS: 21000 | FPS: 75.2092 | T: 0:11:05
| train          | F: 43000 | S: 21500 | E: 43 | L: 1000 | R: 262.1792 | BS: 21500 | FPS: 79.7276 | T: 0:11:18
| train          | F: 44000 | S: 22000 | E: 44 | L: 1000 | R: 509.7530 | BS: 22000 | FPS: 79.1665 | T: 0:11:30
| train          | F: 45000 | S: 22500 | E: 45 | L: 1000 | R: 305.4887 | BS: 22500 | FPS: 77.7016 | T: 0:11:43
| train          | F: 46000 | S: 23000 | E: 46 | L: 1000 | R: 260.8490 | BS: 23000 | FPS: 76.4814 | T: 0:11:56
| train          | F: 47000 | S: 23500 | E: 47 | L: 1000 | R: 8.9261 | BS: 23500 | FPS: 75.1307 | T: 0:12:09
| train          | F: 48000 | S: 24000 | E: 48 | L: 1000 | R: 18.1635 | BS: 24000 | FPS: 74.6208 | T: 0:12:23
| train          | F: 49000 | S: 24500 | E: 49 | L: 1000 | R: 291.5759 | BS: 24500 | FPS: 75.2098 | T: 0:12:36
| train          | F: 50000 | S: 25000 | E: 50 | L: 1000 | R: 259.6830 | BS: 25000 | FPS: 76.7072 | T: 0:12:49
| eval           | F: 50000 | S: 25000 | E: 50 | L: 1000 | R: 140.9176 | T: 0:12:49
| train          | F: 51000 | S: 25500 | E: 51 | L: 1000 | R: 257.9311 | BS: 25500 | FPS: 22.7964 | T: 0:13:33
| train          | F: 52000 | S: 26000 | E: 52 | L: 1000 | R: 23.2356 | BS: 26000 | FPS: 79.0250 | T: 0:13:46
| train          | F: 53000 | S: 26500 | E: 53 | L: 1000 | R: 273.0402 | BS: 26500 | FPS: 77.0703 | T: 0:13:59
| train          | F: 54000 | S: 27000 | E: 54 | L: 1000 | R: 60.0916 | BS: 27000 | FPS: 73.1089 | T: 0:14:12
| train          | F: 55000 | S: 27500 | E: 55 | L: 1000 | R: 24.6383 | BS: 27500 | FPS: 75.4275 | T: 0:14:26
| train          | F: 56000 | S: 28000 | E: 56 | L: 1000 | R: 31.8204 | BS: 28000 | FPS: 69.3856 | T: 0:14:40
| train          | F: 57000 | S: 28500 | E: 57 | L: 1000 | R: 25.8704 | BS: 28500 | FPS: 70.5618 | T: 0:14:54
| train          | F: 58000 | S: 29000 | E: 58 | L: 1000 | R: 512.1153 | BS: 29000 | FPS: 74.2699 | T: 0:15:08
| train          | F: 59000 | S: 29500 | E: 59 | L: 1000 | R: 41.5894 | BS: 29500 | FPS: 75.2170 | T: 0:15:21
| train          | F: 60000 | S: 30000 | E: 60 | L: 1000 | R: 271.9682 | BS: 30000 | FPS: 74.6840 | T: 0:15:34
| eval           | F: 60000 | S: 30000 | E: 60 | L: 1000 | R: 157.7808 | T: 0:15:34
| train          | F: 61000 | S: 30500 | E: 61 | L: 1000 | R: 513.7118 | BS: 30500 | FPS: 23.1539 | T: 0:16:18
| train          | F: 62000 | S: 31000 | E: 62 | L: 1000 | R: 55.4028 | BS: 31000 | FPS: 73.5426 | T: 0:16:31
| train          | F: 63000 | S: 31500 | E: 63 | L: 1000 | R: 38.4094 | BS: 31500 | FPS: 71.4066 | T: 0:16:45
| train          | F: 64000 | S: 32000 | E: 64 | L: 1000 | R: 262.7856 | BS: 32000 | FPS: 75.4248 | T: 0:16:58
| train          | F: 65000 | S: 32500 | E: 65 | L: 1000 | R: 495.0908 | BS: 32500 | FPS: 76.8814 | T: 0:17:11
| train          | F: 66000 | S: 33000 | E: 66 | L: 1000 | R: 8.1445 | BS: 33000 | FPS: 73.6114 | T: 0:17:25
| train          | F: 67000 | S: 33500 | E: 67 | L: 1000 | R: 9.2611 | BS: 33500 | FPS: 72.1254 | T: 0:17:39
| train          | F: 68000 | S: 34000 | E: 68 | L: 1000 | R: 61.5487 | BS: 34000 | FPS: 72.1892 | T: 0:17:53
| train          | F: 69000 | S: 34500 | E: 69 | L: 1000 | R: 25.4516 | BS: 34500 | FPS: 72.2066 | T: 0:18:07
| train          | F: 70000 | S: 35000 | E: 70 | L: 1000 | R: 28.1037 | BS: 35000 | FPS: 74.6288 | T: 0:18:20
| eval           | F: 70000 | S: 35000 | E: 70 | L: 1000 | R: 162.3578 | T: 0:18:20
| train          | F: 71000 | S: 35500 | E: 71 | L: 1000 | R: 509.1628 | BS: 35500 | FPS: 23.5234 | T: 0:19:02
| train          | F: 72000 | S: 36000 | E: 72 | L: 1000 | R: 36.2134 | BS: 36000 | FPS: 72.4804 | T: 0:19:16
| train          | F: 73000 | S: 36500 | E: 73 | L: 1000 | R: 330.8782 | BS: 36500 | FPS: 73.3547 | T: 0:19:30
| train          | F: 74000 | S: 37000 | E: 74 | L: 1000 | R: 11.3826 | BS: 37000 | FPS: 72.9295 | T: 0:19:44
| train          | F: 75000 | S: 37500 | E: 75 | L: 1000 | R: 11.2600 | BS: 37500 | FPS: 71.9835 | T: 0:19:58
| train          | F: 76000 | S: 38000 | E: 76 | L: 1000 | R: 10.7459 | BS: 38000 | FPS: 75.6525 | T: 0:20:11
| train          | F: 77000 | S: 38500 | E: 77 | L: 1000 | R: 24.2185 | BS: 38500 | FPS: 73.9631 | T: 0:20:24
| train          | F: 78000 | S: 39000 | E: 78 | L: 1000 | R: 11.9033 | BS: 39000 | FPS: 73.7419 | T: 0:20:38
| train          | F: 79000 | S: 39500 | E: 79 | L: 1000 | R: 13.6633 | BS: 39500 | FPS: 72.4355 | T: 0:20:52
| train          | F: 80000 | S: 40000 | E: 80 | L: 1000 | R: 260.7780 | BS: 40000 | FPS: 76.7708 | T: 0:21:05
| eval           | F: 80000 | S: 40000 | E: 80 | L: 1000 | R: 39.2604 | T: 0:21:05
| train          | F: 81000 | S: 40500 | E: 81 | L: 1000 | R: 4.4218 | BS: 40500 | FPS: 24.4035 | T: 0:21:46
| train          | F: 82000 | S: 41000 | E: 82 | L: 1000 | R: 1.6581 | BS: 41000 | FPS: 76.7101 | T: 0:21:59
| train          | F: 83000 | S: 41500 | E: 83 | L: 1000 | R: 5.8638 | BS: 41500 | FPS: 73.6573 | T: 0:22:12
| train          | F: 84000 | S: 42000 | E: 84 | L: 1000 | R: 9.1958 | BS: 42000 | FPS: 69.9722 | T: 0:22:27
| train          | F: 85000 | S: 42500 | E: 85 | L: 1000 | R: 20.5332 | BS: 42500 | FPS: 70.0820 | T: 0:22:41
| train          | F: 86000 | S: 43000 | E: 86 | L: 1000 | R: 9.1250 | BS: 43000 | FPS: 59.1337 | T: 0:22:58
| train          | F: 87000 | S: 43500 | E: 87 | L: 1000 | R: 15.7896 | BS: 43500 | FPS: 63.6419 | T: 0:23:13
| train          | F: 88000 | S: 44000 | E: 88 | L: 1000 | R: 270.9501 | BS: 44000 | FPS: 64.6652 | T: 0:23:29
| train          | F: 89000 | S: 44500 | E: 89 | L: 1000 | R: 7.8876 | BS: 44500 | FPS: 65.1021 | T: 0:23:44
| train          | F: 90000 | S: 45000 | E: 90 | L: 1000 | R: 19.4751 | BS: 45000 | FPS: 75.7356 | T: 0:23:57
| eval           | F: 90000 | S: 45000 | E: 90 | L: 1000 | R: 120.9071 | T: 0:23:57
| train          | F: 91000 | S: 45500 | E: 91 | L: 1000 | R: 47.0596 | BS: 45500 | FPS: 24.3488 | T: 0:24:39
| train          | F: 92000 | S: 46000 | E: 92 | L: 1000 | R: 73.8765 | BS: 46000 | FPS: 75.0189 | T: 0:24:52
| train          | F: 93000 | S: 46500 | E: 93 | L: 1000 | R: 288.7566 | BS: 46500 | FPS: 75.3239 | T: 0:25:05
| train          | F: 94000 | S: 47000 | E: 94 | L: 1000 | R: 22.0882 | BS: 47000 | FPS: 76.9840 | T: 0:25:18
| train          | F: 95000 | S: 47500 | E: 95 | L: 1000 | R: 24.9085 | BS: 47500 | FPS: 75.4623 | T: 0:25:31
| train          | F: 96000 | S: 48000 | E: 96 | L: 1000 | R: 24.7010 | BS: 48000 | FPS: 71.6998 | T: 0:25:45
| train          | F: 97000 | S: 48500 | E: 97 | L: 1000 | R: 75.4367 | BS: 48500 | FPS: 76.8157 | T: 0:25:58
| train          | F: 98000 | S: 49000 | E: 98 | L: 1000 | R: 25.9387 | BS: 49000 | FPS: 62.7863 | T: 0:26:14
| train          | F: 99000 | S: 49500 | E: 99 | L: 1000 | R: 23.0936 | BS: 49500 | FPS: 69.0881 | T: 0:26:29
| train          | F: 100000 | S: 50000 | E: 100 | L: 1000 | R: 99.1891 | BS: 50000 | FPS: 71.0886 | T: 0:26:43
| eval           | F: 100000 | S: 50000 | E: 100 | L: 1000 | R: 168.4715 | T: 0:26:43
| train          | F: 101000 | S: 50500 | E: 101 | L: 1000 | R: 286.2489 | BS: 50500 | FPS: 23.8411 | T: 0:27:25
| train          | F: 102000 | S: 51000 | E: 102 | L: 1000 | R: 1.6731 | BS: 51000 | FPS: 76.2579 | T: 0:27:38
| train          | F: 103000 | S: 51500 | E: 103 | L: 1000 | R: 9.9038 | BS: 51500 | FPS: 74.4235 | T: 0:27:51
| train          | F: 104000 | S: 52000 | E: 104 | L: 1000 | R: 3.4878 | BS: 52000 | FPS: 75.2613 | T: 0:28:05
| train          | F: 105000 | S: 52500 | E: 105 | L: 1000 | R: 302.4355 | BS: 52500 | FPS: 76.5260 | T: 0:28:18
| train          | F: 106000 | S: 53000 | E: 106 | L: 1000 | R: 218.8996 | BS: 53000 | FPS: 75.0143 | T: 0:28:31
| train          | F: 107000 | S: 53500 | E: 107 | L: 1000 | R: 333.5061 | BS: 53500 | FPS: 74.8951 | T: 0:28:44
| train          | F: 108000 | S: 54000 | E: 108 | L: 1000 | R: 36.2848 | BS: 54000 | FPS: 71.5665 | T: 0:28:58
| train          | F: 109000 | S: 54500 | E: 109 | L: 1000 | R: 273.9607 | BS: 54500 | FPS: 73.2209 | T: 0:29:12
| train          | F: 110000 | S: 55000 | E: 110 | L: 1000 | R: 17.5518 | BS: 55000 | FPS: 71.7773 | T: 0:29:26
| eval           | F: 110000 | S: 55000 | E: 110 | L: 1000 | R: 103.1021 | T: 0:29:26
| train          | F: 111000 | S: 55500 | E: 111 | L: 1000 | R: 49.5414 | BS: 55500 | FPS: 22.8921 | T: 0:30:10
| train          | F: 112000 | S: 56000 | E: 112 | L: 1000 | R: 28.7963 | BS: 56000 | FPS: 71.1882 | T: 0:30:24
| train          | F: 113000 | S: 56500 | E: 113 | L: 1000 | R: 36.0929 | BS: 56500 | FPS: 71.5928 | T: 0:30:38
| train          | F: 114000 | S: 57000 | E: 114 | L: 1000 | R: 27.7657 | BS: 57000 | FPS: 75.2459 | T: 0:30:51
| train          | F: 115000 | S: 57500 | E: 115 | L: 1000 | R: 274.0569 | BS: 57500 | FPS: 74.1397 | T: 0:31:04
| train          | F: 116000 | S: 58000 | E: 116 | L: 1000 | R: 18.5179 | BS: 58000 | FPS: 76.7914 | T: 0:31:17
| train          | F: 117000 | S: 58500 | E: 117 | L: 1000 | R: 297.0214 | BS: 58500 | FPS: 77.4912 | T: 0:31:30
| train          | F: 118000 | S: 59000 | E: 118 | L: 1000 | R: 39.6651 | BS: 59000 | FPS: 69.9666 | T: 0:31:45
| train          | F: 119000 | S: 59500 | E: 119 | L: 1000 | R: 18.5242 | BS: 59500 | FPS: 65.7149 | T: 0:32:00
| train          | F: 120000 | S: 60000 | E: 120 | L: 1000 | R: 15.3640 | BS: 60000 | FPS: 71.3177 | T: 0:32:14
| eval           | F: 120000 | S: 60000 | E: 120 | L: 1000 | R: 16.2746 | T: 0:32:14
| train          | F: 121000 | S: 60500 | E: 121 | L: 1000 | R: 11.4066 | BS: 60500 | FPS: 18.1374 | T: 0:33:09
| train          | F: 122000 | S: 61000 | E: 122 | L: 1000 | R: 30.0686 | BS: 61000 | FPS: 59.6989 | T: 0:33:26
| train          | F: 123000 | S: 61500 | E: 123 | L: 1000 | R: 25.0964 | BS: 61500 | FPS: 66.9100 | T: 0:33:41
| train          | F: 124000 | S: 62000 | E: 124 | L: 1000 | R: 18.3616 | BS: 62000 | FPS: 59.5008 | T: 0:33:57
| train          | F: 125000 | S: 62500 | E: 125 | L: 1000 | R: 18.1633 | BS: 62500 | FPS: 59.7991 | T: 0:34:14
| train          | F: 126000 | S: 63000 | E: 126 | L: 1000 | R: 48.6898 | BS: 63000 | FPS: 63.8674 | T: 0:34:30
| train          | F: 127000 | S: 63500 | E: 127 | L: 1000 | R: 12.9086 | BS: 63500 | FPS: 75.4354 | T: 0:34:43
| train          | F: 128000 | S: 64000 | E: 128 | L: 1000 | R: 5.8821 | BS: 64000 | FPS: 72.1190 | T: 0:34:57
| train          | F: 129000 | S: 64500 | E: 129 | L: 1000 | R: 14.5144 | BS: 64500 | FPS: 73.1673 | T: 0:35:11
| train          | F: 130000 | S: 65000 | E: 130 | L: 1000 | R: 57.5252 | BS: 65000 | FPS: 74.6043 | T: 0:35:24
| eval           | F: 130000 | S: 65000 | E: 130 | L: 1000 | R: 160.9969 | T: 0:35:24
| train          | F: 131000 | S: 65500 | E: 131 | L: 1000 | R: 234.0621 | BS: 65500 | FPS: 23.5764 | T: 0:36:06
| train          | F: 132000 | S: 66000 | E: 132 | L: 1000 | R: 272.1725 | BS: 66000 | FPS: 76.4700 | T: 0:36:20
| train          | F: 133000 | S: 66500 | E: 133 | L: 1000 | R: 40.6208 | BS: 66500 | FPS: 71.9897 | T: 0:36:33
| train          | F: 134000 | S: 67000 | E: 134 | L: 1000 | R: 273.6527 | BS: 67000 | FPS: 76.3909 | T: 0:36:46
| train          | F: 135000 | S: 67500 | E: 135 | L: 1000 | R: 63.3722 | BS: 67500 | FPS: 74.9167 | T: 0:37:00
| train          | F: 136000 | S: 68000 | E: 136 | L: 1000 | R: 25.4027 | BS: 68000 | FPS: 74.2586 | T: 0:37:13
| train          | F: 137000 | S: 68500 | E: 137 | L: 1000 | R: 72.0365 | BS: 68500 | FPS: 76.2319 | T: 0:37:26
| train          | F: 138000 | S: 69000 | E: 138 | L: 1000 | R: 13.6565 | BS: 69000 | FPS: 75.4701 | T: 0:37:40
| train          | F: 139000 | S: 69500 | E: 139 | L: 1000 | R: 34.7689 | BS: 69500 | FPS: 62.5934 | T: 0:37:56
| train          | F: 140000 | S: 70000 | E: 140 | L: 1000 | R: 30.4005 | BS: 70000 | FPS: 59.6887 | T: 0:38:12
| eval           | F: 140000 | S: 70000 | E: 140 | L: 1000 | R: 91.6784 | T: 0:38:12
| train          | F: 141000 | S: 70500 | E: 141 | L: 1000 | R: 31.4885 | BS: 70500 | FPS: 25.0697 | T: 0:38:52
| train          | F: 142000 | S: 71000 | E: 142 | L: 1000 | R: 30.3605 | BS: 71000 | FPS: 71.0654 | T: 0:39:06
| train          | F: 143000 | S: 71500 | E: 143 | L: 1000 | R: 343.9308 | BS: 71500 | FPS: 76.0351 | T: 0:39:20
| train          | F: 144000 | S: 72000 | E: 144 | L: 1000 | R: 262.2869 | BS: 72000 | FPS: 77.9485 | T: 0:39:32
| train          | F: 145000 | S: 72500 | E: 145 | L: 1000 | R: 117.0076 | BS: 72500 | FPS: 75.3044 | T: 0:39:46
| train          | F: 146000 | S: 73000 | E: 146 | L: 1000 | R: 19.2977 | BS: 73000 | FPS: 70.3067 | T: 0:40:00
| train          | F: 147000 | S: 73500 | E: 147 | L: 1000 | R: 271.4458 | BS: 73500 | FPS: 76.8973 | T: 0:40:13
| train          | F: 148000 | S: 74000 | E: 148 | L: 1000 | R: 59.9347 | BS: 74000 | FPS: 75.1756 | T: 0:40:26
| train          | F: 149000 | S: 74500 | E: 149 | L: 1000 | R: 73.2875 | BS: 74500 | FPS: 74.7135 | T: 0:40:40
| train          | F: 150000 | S: 75000 | E: 150 | L: 1000 | R: 24.3747 | BS: 75000 | FPS: 74.1606 | T: 0:40:53
| eval           | F: 150000 | S: 75000 | E: 150 | L: 1000 | R: 60.8473 | T: 0:40:53
| train          | F: 151000 | S: 75500 | E: 151 | L: 1000 | R: 271.8026 | BS: 75500 | FPS: 25.2815 | T: 0:41:33
| train          | F: 152000 | S: 76000 | E: 152 | L: 1000 | R: 257.6166 | BS: 76000 | FPS: 77.6220 | T: 0:41:45
| train          | F: 153000 | S: 76500 | E: 153 | L: 1000 | R: 270.2550 | BS: 76500 | FPS: 77.7169 | T: 0:41:58
| train          | F: 154000 | S: 77000 | E: 154 | L: 1000 | R: 2.0202 | BS: 77000 | FPS: 76.5512 | T: 0:42:11
| train          | F: 155000 | S: 77500 | E: 155 | L: 1000 | R: 78.4621 | BS: 77500 | FPS: 75.7274 | T: 0:42:25
| train          | F: 156000 | S: 78000 | E: 156 | L: 1000 | R: 20.8079 | BS: 78000 | FPS: 75.3272 | T: 0:42:38
| train          | F: 157000 | S: 78500 | E: 157 | L: 1000 | R: 276.3425 | BS: 78500 | FPS: 73.7806 | T: 0:42:51
| train          | F: 158000 | S: 79000 | E: 158 | L: 1000 | R: 56.1828 | BS: 79000 | FPS: 76.2578 | T: 0:43:05
| train          | F: 159000 | S: 79500 | E: 159 | L: 1000 | R: 300.0695 | BS: 79500 | FPS: 64.9695 | T: 0:43:20
| train          | F: 160000 | S: 80000 | E: 160 | L: 1000 | R: 270.8653 | BS: 80000 | FPS: 64.4797 | T: 0:43:35
| eval           | F: 160000 | S: 80000 | E: 160 | L: 1000 | R: 190.9659 | T: 0:43:35
| train          | F: 161000 | S: 80500 | E: 161 | L: 1000 | R: 22.2657 | BS: 80500 | FPS: 21.8882 | T: 0:44:21
| train          | F: 162000 | S: 81000 | E: 162 | L: 1000 | R: 271.6751 | BS: 81000 | FPS: 62.4900 | T: 0:44:37
| train          | F: 163000 | S: 81500 | E: 163 | L: 1000 | R: 27.3661 | BS: 81500 | FPS: 59.9295 | T: 0:44:54
| train          | F: 164000 | S: 82000 | E: 164 | L: 1000 | R: 70.7956 | BS: 82000 | FPS: 68.0918 | T: 0:45:09
| train          | F: 165000 | S: 82500 | E: 165 | L: 1000 | R: 513.4646 | BS: 82500 | FPS: 74.8555 | T: 0:45:22
| train          | F: 166000 | S: 83000 | E: 166 | L: 1000 | R: 16.9771 | BS: 83000 | FPS: 73.0218 | T: 0:45:36
| train          | F: 167000 | S: 83500 | E: 167 | L: 1000 | R: 43.3393 | BS: 83500 | FPS: 74.2311 | T: 0:45:49
| train          | F: 168000 | S: 84000 | E: 168 | L: 1000 | R: 267.7844 | BS: 84000 | FPS: 76.9418 | T: 0:46:02
| train          | F: 169000 | S: 84500 | E: 169 | L: 1000 | R: 72.6735 | BS: 84500 | FPS: 74.3883 | T: 0:46:15
| train          | F: 170000 | S: 85000 | E: 170 | L: 1000 | R: 498.5823 | BS: 85000 | FPS: 59.1122 | T: 0:46:32
| eval           | F: 170000 | S: 85000 | E: 170 | L: 1000 | R: 164.1893 | T: 0:46:32
| train          | F: 171000 | S: 85500 | E: 171 | L: 1000 | R: 76.8996 | BS: 85500 | FPS: 24.4558 | T: 0:47:13
| train          | F: 172000 | S: 86000 | E: 172 | L: 1000 | R: 31.3824 | BS: 86000 | FPS: 73.5052 | T: 0:47:27
| train          | F: 173000 | S: 86500 | E: 173 | L: 1000 | R: 27.0469 | BS: 86500 | FPS: 71.7608 | T: 0:47:41
| train          | F: 174000 | S: 87000 | E: 174 | L: 1000 | R: 93.9242 | BS: 87000 | FPS: 76.6545 | T: 0:47:54
| train          | F: 175000 | S: 87500 | E: 175 | L: 1000 | R: 63.9334 | BS: 87500 | FPS: 76.4231 | T: 0:48:07
| train          | F: 176000 | S: 88000 | E: 176 | L: 1000 | R: 76.1973 | BS: 88000 | FPS: 74.4685 | T: 0:48:20
| train          | F: 177000 | S: 88500 | E: 177 | L: 1000 | R: 34.2843 | BS: 88500 | FPS: 68.5327 | T: 0:48:35
| train          | F: 178000 | S: 89000 | E: 178 | L: 1000 | R: 61.9116 | BS: 89000 | FPS: 69.3720 | T: 0:48:49
| train          | F: 179000 | S: 89500 | E: 179 | L: 1000 | R: 508.4002 | BS: 89500 | FPS: 69.2509 | T: 0:49:04
| train          | F: 180000 | S: 90000 | E: 180 | L: 1000 | R: 55.9393 | BS: 90000 | FPS: 68.9103 | T: 0:49:18
| eval           | F: 180000 | S: 90000 | E: 180 | L: 1000 | R: 96.2114 | T: 0:49:18
| train          | F: 181000 | S: 90500 | E: 181 | L: 1000 | R: 31.1652 | BS: 90500 | FPS: 22.6737 | T: 0:50:02
| train          | F: 182000 | S: 91000 | E: 182 | L: 1000 | R: 264.9304 | BS: 91000 | FPS: 74.2189 | T: 0:50:16
| train          | F: 183000 | S: 91500 | E: 183 | L: 1000 | R: 201.4020 | BS: 91500 | FPS: 73.4966 | T: 0:50:30
| train          | F: 184000 | S: 92000 | E: 184 | L: 1000 | R: 510.9938 | BS: 92000 | FPS: 78.5891 | T: 0:50:42
| train          | F: 185000 | S: 92500 | E: 185 | L: 1000 | R: 261.5566 | BS: 92500 | FPS: 74.8517 | T: 0:50:56
| train          | F: 186000 | S: 93000 | E: 186 | L: 1000 | R: 66.0935 | BS: 93000 | FPS: 68.4276 | T: 0:51:10
| train          | F: 187000 | S: 93500 | E: 187 | L: 1000 | R: 56.1433 | BS: 93500 | FPS: 69.8406 | T: 0:51:25
| train          | F: 188000 | S: 94000 | E: 188 | L: 1000 | R: 54.0004 | BS: 94000 | FPS: 68.1031 | T: 0:51:39
| train          | F: 189000 | S: 94500 | E: 189 | L: 1000 | R: 35.3086 | BS: 94500 | FPS: 65.4753 | T: 0:51:54
| train          | F: 190000 | S: 95000 | E: 190 | L: 1000 | R: 50.5014 | BS: 95000 | FPS: 68.4526 | T: 0:52:09
| eval           | F: 190000 | S: 95000 | E: 190 | L: 1000 | R: 135.6960 | T: 0:52:09
| train          | F: 191000 | S: 95500 | E: 191 | L: 1000 | R: 52.8168 | BS: 95500 | FPS: 22.6458 | T: 0:52:53
| train          | F: 192000 | S: 96000 | E: 192 | L: 1000 | R: 16.9876 | BS: 96000 | FPS: 68.4018 | T: 0:53:08
| train          | F: 193000 | S: 96500 | E: 193 | L: 1000 | R: 502.9291 | BS: 96500 | FPS: 75.6948 | T: 0:53:21
| train          | F: 194000 | S: 97000 | E: 194 | L: 1000 | R: 273.2878 | BS: 97000 | FPS: 76.7963 | T: 0:53:34
| train          | F: 195000 | S: 97500 | E: 195 | L: 1000 | R: 58.0854 | BS: 97500 | FPS: 71.9429 | T: 0:53:48
| train          | F: 196000 | S: 98000 | E: 196 | L: 1000 | R: 75.9353 | BS: 98000 | FPS: 74.3245 | T: 0:54:01
| train          | F: 197000 | S: 98500 | E: 197 | L: 1000 | R: 69.9733 | BS: 98500 | FPS: 74.4125 | T: 0:54:15
| train          | F: 198000 | S: 99000 | E: 198 | L: 1000 | R: 51.5243 | BS: 99000 | FPS: 71.9795 | T: 0:54:29
| train          | F: 199000 | S: 99500 | E: 199 | L: 1000 | R: 79.9300 | BS: 99500 | FPS: 68.0401 | T: 0:54:43
| train          | F: 200000 | S: 100000 | E: 200 | L: 1000 | R: 178.1626 | BS: 100000 | FPS: 70.8904 | T: 0:54:58
| eval           | F: 200000 | S: 100000 | E: 200 | L: 1000 | R: 98.2807 | T: 0:54:58
| train          | F: 201000 | S: 100500 | E: 201 | L: 1000 | R: 52.3484 | BS: 100500 | FPS: 25.0531 | T: 0:55:38
| train          | F: 202000 | S: 101000 | E: 202 | L: 1000 | R: 69.7752 | BS: 101000 | FPS: 75.7808 | T: 0:55:51
| train          | F: 203000 | S: 101500 | E: 203 | L: 1000 | R: 73.6086 | BS: 101500 | FPS: 74.7818 | T: 0:56:04
| train          | F: 204000 | S: 102000 | E: 204 | L: 1000 | R: 13.1197 | BS: 102000 | FPS: 73.6708 | T: 0:56:18
| train          | F: 205000 | S: 102500 | E: 205 | L: 1000 | R: 503.3489 | BS: 102500 | FPS: 72.7591 | T: 0:56:31
| train          | F: 206000 | S: 103000 | E: 206 | L: 1000 | R: 274.1290 | BS: 103000 | FPS: 76.1091 | T: 0:56:45
| train          | F: 207000 | S: 103500 | E: 207 | L: 1000 | R: 61.5212 | BS: 103500 | FPS: 70.1455 | T: 0:56:59
| train          | F: 208000 | S: 104000 | E: 208 | L: 1000 | R: 22.2897 | BS: 104000 | FPS: 71.7448 | T: 0:57:13
| train          | F: 209000 | S: 104500 | E: 209 | L: 1000 | R: 485.2506 | BS: 104500 | FPS: 75.0182 | T: 0:57:26
| train          | F: 210000 | S: 105000 | E: 210 | L: 1000 | R: 27.0664 | BS: 105000 | FPS: 67.2751 | T: 0:57:41
| eval           | F: 210000 | S: 105000 | E: 210 | L: 1000 | R: 150.0589 | T: 0:57:41
| train          | F: 211000 | S: 105500 | E: 211 | L: 1000 | R: 294.9257 | BS: 105500 | FPS: 23.6022 | T: 0:58:23
| train          | F: 212000 | S: 106000 | E: 212 | L: 1000 | R: 28.0937 | BS: 106000 | FPS: 74.4767 | T: 0:58:37
| train          | F: 213000 | S: 106500 | E: 213 | L: 1000 | R: 6.2283 | BS: 106500 | FPS: 76.3906 | T: 0:58:50
| train          | F: 214000 | S: 107000 | E: 214 | L: 1000 | R: 21.6521 | BS: 107000 | FPS: 77.4107 | T: 0:59:03
| train          | F: 215000 | S: 107500 | E: 215 | L: 1000 | R: 274.2175 | BS: 107500 | FPS: 71.2863 | T: 0:59:17
| train          | F: 216000 | S: 108000 | E: 216 | L: 1000 | R: 10.6609 | BS: 108000 | FPS: 73.4873 | T: 0:59:30
| train          | F: 217000 | S: 108500 | E: 217 | L: 1000 | R: 43.6378 | BS: 108500 | FPS: 71.6652 | T: 0:59:44
| train          | F: 218000 | S: 109000 | E: 218 | L: 1000 | R: 23.9425 | BS: 109000 | FPS: 63.4988 | T: 1:00:00
| train          | F: 219000 | S: 109500 | E: 219 | L: 1000 | R: 61.6158 | BS: 109500 | FPS: 59.0606 | T: 1:00:17
| train          | F: 220000 | S: 110000 | E: 220 | L: 1000 | R: 276.6264 | BS: 110000 | FPS: 60.3564 | T: 1:00:34
| eval           | F: 220000 | S: 110000 | E: 220 | L: 1000 | R: 160.1532 | T: 1:00:34
| train          | F: 221000 | S: 110500 | E: 221 | L: 1000 | R: 61.5978 | BS: 110500 | FPS: 23.3362 | T: 1:01:16
| train          | F: 222000 | S: 111000 | E: 222 | L: 1000 | R: 503.3806 | BS: 111000 | FPS: 78.9116 | T: 1:01:29
| train          | F: 223000 | S: 111500 | E: 223 | L: 1000 | R: 65.9305 | BS: 111500 | FPS: 73.7975 | T: 1:01:43
| train          | F: 224000 | S: 112000 | E: 224 | L: 1000 | R: 269.3412 | BS: 112000 | FPS: 65.1807 | T: 1:01:58
| train          | F: 225000 | S: 112500 | E: 225 | L: 1000 | R: 62.7858 | BS: 112500 | FPS: 64.8937 | T: 1:02:13
| train          | F: 226000 | S: 113000 | E: 226 | L: 1000 | R: 26.0975 | BS: 113000 | FPS: 70.1035 | T: 1:02:28
| train          | F: 227000 | S: 113500 | E: 227 | L: 1000 | R: 54.8584 | BS: 113500 | FPS: 72.3772 | T: 1:02:41
| train          | F: 228000 | S: 114000 | E: 228 | L: 1000 | R: 68.8478 | BS: 114000 | FPS: 73.2089 | T: 1:02:55
| train          | F: 229000 | S: 114500 | E: 229 | L: 1000 | R: 51.0558 | BS: 114500 | FPS: 72.6099 | T: 1:03:09
| train          | F: 230000 | S: 115000 | E: 230 | L: 1000 | R: 31.3648 | BS: 115000 | FPS: 66.9054 | T: 1:03:24
| eval           | F: 230000 | S: 115000 | E: 230 | L: 1000 | R: 178.2463 | T: 1:03:24
| train          | F: 231000 | S: 115500 | E: 231 | L: 1000 | R: 199.0097 | BS: 115500 | FPS: 23.5060 | T: 1:04:06
| train          | F: 232000 | S: 116000 | E: 232 | L: 1000 | R: 327.4919 | BS: 116000 | FPS: 75.8105 | T: 1:04:20
| train          | F: 233000 | S: 116500 | E: 233 | L: 1000 | R: 13.9493 | BS: 116500 | FPS: 73.3293 | T: 1:04:33
| train          | F: 234000 | S: 117000 | E: 234 | L: 1000 | R: 69.0479 | BS: 117000 | FPS: 75.0836 | T: 1:04:47
| train          | F: 235000 | S: 117500 | E: 235 | L: 1000 | R: 273.1063 | BS: 117500 | FPS: 66.1240 | T: 1:05:02
| train          | F: 236000 | S: 118000 | E: 236 | L: 1000 | R: 125.5934 | BS: 118000 | FPS: 74.5457 | T: 1:05:15
| train          | F: 237000 | S: 118500 | E: 237 | L: 1000 | R: 27.5111 | BS: 118500 | FPS: 72.9537 | T: 1:05:29
| train          | F: 238000 | S: 119000 | E: 238 | L: 1000 | R: 26.8824 | BS: 119000 | FPS: 72.4119 | T: 1:05:43
| train          | F: 239000 | S: 119500 | E: 239 | L: 1000 | R: 26.9240 | BS: 119500 | FPS: 72.5927 | T: 1:05:56
| train          | F: 240000 | S: 120000 | E: 240 | L: 1000 | R: 327.9996 | BS: 120000 | FPS: 75.5573 | T: 1:06:10
| eval           | F: 240000 | S: 120000 | E: 240 | L: 1000 | R: 281.4919 | T: 1:06:10
| train          | F: 241000 | S: 120500 | E: 241 | L: 1000 | R: 312.0810 | BS: 120500 | FPS: 25.6753 | T: 1:06:49
| train          | F: 242000 | S: 121000 | E: 242 | L: 1000 | R: 499.2754 | BS: 121000 | FPS: 75.4512 | T: 1:07:02
| train          | F: 243000 | S: 121500 | E: 243 | L: 1000 | R: 61.0207 | BS: 121500 | FPS: 73.6249 | T: 1:07:15
| train          | F: 244000 | S: 122000 | E: 244 | L: 1000 | R: 17.1734 | BS: 122000 | FPS: 72.2283 | T: 1:07:29
| train          | F: 245000 | S: 122500 | E: 245 | L: 1000 | R: 503.8345 | BS: 122500 | FPS: 74.1243 | T: 1:07:43
| train          | F: 246000 | S: 123000 | E: 246 | L: 1000 | R: 72.4250 | BS: 123000 | FPS: 73.8568 | T: 1:07:56
| train          | F: 247000 | S: 123500 | E: 247 | L: 1000 | R: 321.6741 | BS: 123500 | FPS: 75.0638 | T: 1:08:10
| train          | F: 248000 | S: 124000 | E: 248 | L: 1000 | R: 58.4710 | BS: 124000 | FPS: 73.2612 | T: 1:08:23
| train          | F: 249000 | S: 124500 | E: 249 | L: 1000 | R: 6.6275 | BS: 124500 | FPS: 70.1837 | T: 1:08:37
| train          | F: 250000 | S: 125000 | E: 250 | L: 1000 | R: 183.5303 | BS: 125000 | FPS: 71.4501 | T: 1:08:51
| eval           | F: 250000 | S: 125000 | E: 250 | L: 1000 | R: 185.6041 | T: 1:08:52
| train          | F: 251000 | S: 125500 | E: 251 | L: 1000 | R: 40.9876 | BS: 125500 | FPS: 24.7328 | T: 1:09:32
| train          | F: 252000 | S: 126000 | E: 252 | L: 1000 | R: 275.4385 | BS: 126000 | FPS: 72.4092 | T: 1:09:46
| train          | F: 253000 | S: 126500 | E: 253 | L: 1000 | R: 272.1298 | BS: 126500 | FPS: 63.8841 | T: 1:10:01
| train          | F: 254000 | S: 127000 | E: 254 | L: 1000 | R: 188.3640 | BS: 127000 | FPS: 78.4951 | T: 1:10:14
| train          | F: 255000 | S: 127500 | E: 255 | L: 1000 | R: 22.6441 | BS: 127500 | FPS: 62.9151 | T: 1:10:30
| train          | F: 256000 | S: 128000 | E: 256 | L: 1000 | R: 129.5514 | BS: 128000 | FPS: 61.5603 | T: 1:10:46
| train          | F: 257000 | S: 128500 | E: 257 | L: 1000 | R: 262.3718 | BS: 128500 | FPS: 60.4588 | T: 1:11:03
| train          | F: 258000 | S: 129000 | E: 258 | L: 1000 | R: 84.6065 | BS: 129000 | FPS: 71.9255 | T: 1:11:17
| train          | F: 259000 | S: 129500 | E: 259 | L: 1000 | R: 255.3733 | BS: 129500 | FPS: 68.8661 | T: 1:11:31
| train          | F: 260000 | S: 130000 | E: 260 | L: 1000 | R: 508.7272 | BS: 130000 | FPS: 70.2143 | T: 1:11:45
| eval           | F: 260000 | S: 130000 | E: 260 | L: 1000 | R: 285.3699 | T: 1:11:45
| train          | F: 261000 | S: 130500 | E: 261 | L: 1000 | R: 504.3571 | BS: 130500 | FPS: 24.0925 | T: 1:12:27
| train          | F: 262000 | S: 131000 | E: 262 | L: 1000 | R: 34.7571 | BS: 131000 | FPS: 72.9515 | T: 1:12:41
| train          | F: 263000 | S: 131500 | E: 263 | L: 1000 | R: 245.6882 | BS: 131500 | FPS: 72.8920 | T: 1:12:54
| train          | F: 264000 | S: 132000 | E: 264 | L: 1000 | R: 323.6697 | BS: 132000 | FPS: 75.8870 | T: 1:13:08
| train          | F: 265000 | S: 132500 | E: 265 | L: 1000 | R: 170.6229 | BS: 132500 | FPS: 75.0411 | T: 1:13:21
| train          | F: 266000 | S: 133000 | E: 266 | L: 1000 | R: 259.7544 | BS: 133000 | FPS: 71.1786 | T: 1:13:35
| train          | F: 267000 | S: 133500 | E: 267 | L: 1000 | R: 504.3905 | BS: 133500 | FPS: 59.3865 | T: 1:13:52
| train          | F: 268000 | S: 134000 | E: 268 | L: 1000 | R: 6.8111 | BS: 134000 | FPS: 56.6824 | T: 1:14:09
| train          | F: 269000 | S: 134500 | E: 269 | L: 1000 | R: 265.3103 | BS: 134500 | FPS: 58.8692 | T: 1:14:26
| train          | F: 270000 | S: 135000 | E: 270 | L: 1000 | R: 261.7998 | BS: 135000 | FPS: 72.0279 | T: 1:14:40
| eval           | F: 270000 | S: 135000 | E: 270 | L: 1000 | R: 305.2045 | T: 1:14:40
| train          | F: 271000 | S: 135500 | E: 271 | L: 1000 | R: 519.4872 | BS: 135500 | FPS: 23.5583 | T: 1:15:23
| train          | F: 272000 | S: 136000 | E: 272 | L: 1000 | R: 508.7279 | BS: 136000 | FPS: 63.6255 | T: 1:15:38
| train          | F: 273000 | S: 136500 | E: 273 | L: 1000 | R: 33.9393 | BS: 136500 | FPS: 70.4453 | T: 1:15:53
| train          | F: 274000 | S: 137000 | E: 274 | L: 1000 | R: 515.6588 | BS: 137000 | FPS: 78.9313 | T: 1:16:05
| train          | F: 275000 | S: 137500 | E: 275 | L: 1000 | R: 118.7171 | BS: 137500 | FPS: 73.2849 | T: 1:16:19
| train          | F: 276000 | S: 138000 | E: 276 | L: 1000 | R: 145.3132 | BS: 138000 | FPS: 73.3516 | T: 1:16:33
| train          | F: 277000 | S: 138500 | E: 277 | L: 1000 | R: 158.9915 | BS: 138500 | FPS: 73.6410 | T: 1:16:46
| train          | F: 278000 | S: 139000 | E: 278 | L: 1000 | R: 248.1539 | BS: 139000 | FPS: 75.2758 | T: 1:16:59
| train          | F: 279000 | S: 139500 | E: 279 | L: 1000 | R: 501.7509 | BS: 139500 | FPS: 74.3639 | T: 1:17:13
| train          | F: 280000 | S: 140000 | E: 280 | L: 1000 | R: 501.4985 | BS: 140000 | FPS: 76.3886 | T: 1:17:26
| eval           | F: 280000 | S: 140000 | E: 280 | L: 1000 | R: 278.2177 | T: 1:17:26
| train          | F: 281000 | S: 140500 | E: 281 | L: 1000 | R: 254.7716 | BS: 140500 | FPS: 23.5612 | T: 1:18:08
| train          | F: 282000 | S: 141000 | E: 282 | L: 1000 | R: 123.8754 | BS: 141000 | FPS: 74.0570 | T: 1:18:22
| train          | F: 283000 | S: 141500 | E: 283 | L: 1000 | R: 225.4652 | BS: 141500 | FPS: 77.5919 | T: 1:18:35
| train          | F: 284000 | S: 142000 | E: 284 | L: 1000 | R: 499.8891 | BS: 142000 | FPS: 75.1611 | T: 1:18:48
| train          | F: 285000 | S: 142500 | E: 285 | L: 1000 | R: 302.3928 | BS: 142500 | FPS: 73.1578 | T: 1:19:02
| train          | F: 286000 | S: 143000 | E: 286 | L: 1000 | R: 90.5397 | BS: 143000 | FPS: 62.2811 | T: 1:19:18
| train          | F: 287000 | S: 143500 | E: 287 | L: 1000 | R: 278.7636 | BS: 143500 | FPS: 68.0248 | T: 1:19:33
| train          | F: 288000 | S: 144000 | E: 288 | L: 1000 | R: 507.9102 | BS: 144000 | FPS: 76.2934 | T: 1:19:46
| train          | F: 289000 | S: 144500 | E: 289 | L: 1000 | R: 10.4610 | BS: 144500 | FPS: 71.9476 | T: 1:20:00
| train          | F: 290000 | S: 145000 | E: 290 | L: 1000 | R: 222.2183 | BS: 145000 | FPS: 57.4124 | T: 1:20:17
| eval           | F: 290000 | S: 145000 | E: 290 | L: 1000 | R: 209.6267 | T: 1:20:17
| train          | F: 291000 | S: 145500 | E: 291 | L: 1000 | R: 263.5310 | BS: 145500 | FPS: 22.4346 | T: 1:21:02
| train          | F: 292000 | S: 146000 | E: 292 | L: 1000 | R: 257.4498 | BS: 146000 | FPS: 72.7429 | T: 1:21:15
| train          | F: 293000 | S: 146500 | E: 293 | L: 1000 | R: 309.4659 | BS: 146500 | FPS: 78.2158 | T: 1:21:28
| train          | F: 294000 | S: 147000 | E: 294 | L: 1000 | R: 114.3146 | BS: 147000 | FPS: 75.2511 | T: 1:21:41
| train          | F: 295000 | S: 147500 | E: 295 | L: 1000 | R: 264.9804 | BS: 147500 | FPS: 76.0324 | T: 1:21:55
| train          | F: 296000 | S: 148000 | E: 296 | L: 1000 | R: 502.2238 | BS: 148000 | FPS: 77.7571 | T: 1:22:07
| train          | F: 297000 | S: 148500 | E: 297 | L: 1000 | R: 245.4922 | BS: 148500 | FPS: 76.7747 | T: 1:22:20
| train          | F: 298000 | S: 149000 | E: 298 | L: 1000 | R: 264.0591 | BS: 149000 | FPS: 75.5123 | T: 1:22:34
| train          | F: 299000 | S: 149500 | E: 299 | L: 1000 | R: 108.1715 | BS: 149500 | FPS: 76.4193 | T: 1:22:47
| train          | F: 300000 | S: 150000 | E: 300 | L: 1000 | R: 174.9347 | BS: 150000 | FPS: 74.2402 | T: 1:23:00
| eval           | F: 300000 | S: 150000 | E: 300 | L: 1000 | R: 246.0095 | T: 1:23:00
| train          | F: 301000 | S: 150500 | E: 301 | L: 1000 | R: 258.8909 | BS: 150500 | FPS: 24.1877 | T: 1:23:42
| train          | F: 302000 | S: 151000 | E: 302 | L: 1000 | R: 30.4114 | BS: 151000 | FPS: 70.6466 | T: 1:23:56
| train          | F: 303000 | S: 151500 | E: 303 | L: 1000 | R: 252.2194 | BS: 151500 | FPS: 75.7735 | T: 1:24:09
| train          | F: 304000 | S: 152000 | E: 304 | L: 1000 | R: 254.3319 | BS: 152000 | FPS: 76.1753 | T: 1:24:22
| train          | F: 305000 | S: 152500 | E: 305 | L: 1000 | R: 247.6003 | BS: 152500 | FPS: 74.4519 | T: 1:24:35
| train          | F: 306000 | S: 153000 | E: 306 | L: 1000 | R: 27.6518 | BS: 153000 | FPS: 71.8821 | T: 1:24:49
| train          | F: 307000 | S: 153500 | E: 307 | L: 1000 | R: 317.1351 | BS: 153500 | FPS: 74.0626 | T: 1:25:03
| train          | F: 308000 | S: 154000 | E: 308 | L: 1000 | R: 36.2995 | BS: 154000 | FPS: 74.3198 | T: 1:25:16
| train          | F: 309000 | S: 154500 | E: 309 | L: 1000 | R: 288.7641 | BS: 154500 | FPS: 76.6121 | T: 1:25:29
| train          | F: 310000 | S: 155000 | E: 310 | L: 1000 | R: 336.1810 | BS: 155000 | FPS: 70.0390 | T: 1:25:44
| eval           | F: 310000 | S: 155000 | E: 310 | L: 1000 | R: 132.8441 | T: 1:25:44
| train          | F: 311000 | S: 155500 | E: 311 | L: 1000 | R: 215.3709 | BS: 155500 | FPS: 22.2512 | T: 1:26:29
| train          | F: 312000 | S: 156000 | E: 312 | L: 1000 | R: 258.6155 | BS: 156000 | FPS: 75.1385 | T: 1:26:42
| train          | F: 313000 | S: 156500 | E: 313 | L: 1000 | R: 156.4142 | BS: 156500 | FPS: 66.1190 | T: 1:26:57
| train          | F: 314000 | S: 157000 | E: 314 | L: 1000 | R: 232.1437 | BS: 157000 | FPS: 74.6053 | T: 1:27:10
| train          | F: 315000 | S: 157500 | E: 315 | L: 1000 | R: 40.3500 | BS: 157500 | FPS: 70.3682 | T: 1:27:25
| train          | F: 316000 | S: 158000 | E: 316 | L: 1000 | R: 45.6359 | BS: 158000 | FPS: 69.1023 | T: 1:27:39
| train          | F: 317000 | S: 158500 | E: 317 | L: 1000 | R: 236.1780 | BS: 158500 | FPS: 70.9457 | T: 1:27:53
| train          | F: 318000 | S: 159000 | E: 318 | L: 1000 | R: 173.0348 | BS: 159000 | FPS: 74.0291 | T: 1:28:07
| train          | F: 319000 | S: 159500 | E: 319 | L: 1000 | R: 15.0913 | BS: 159500 | FPS: 71.5693 | T: 1:28:21
| train          | F: 320000 | S: 160000 | E: 320 | L: 1000 | R: 239.6259 | BS: 160000 | FPS: 74.3543 | T: 1:28:34
| eval           | F: 320000 | S: 160000 | E: 320 | L: 1000 | R: 319.3768 | T: 1:28:34
| train          | F: 321000 | S: 160500 | E: 321 | L: 1000 | R: 511.8874 | BS: 160500 | FPS: 23.5159 | T: 1:29:17
| train          | F: 322000 | S: 161000 | E: 322 | L: 1000 | R: 499.5280 | BS: 161000 | FPS: 76.7627 | T: 1:29:30
| train          | F: 323000 | S: 161500 | E: 323 | L: 1000 | R: 222.6976 | BS: 161500 | FPS: 72.3167 | T: 1:29:44
| train          | F: 324000 | S: 162000 | E: 324 | L: 1000 | R: 319.6046 | BS: 162000 | FPS: 74.0895 | T: 1:29:57
| train          | F: 325000 | S: 162500 | E: 325 | L: 1000 | R: 503.3824 | BS: 162500 | FPS: 70.5681 | T: 1:30:11
| train          | F: 326000 | S: 163000 | E: 326 | L: 1000 | R: 149.6278 | BS: 163000 | FPS: 68.0621 | T: 1:30:26
| train          | F: 327000 | S: 163500 | E: 327 | L: 1000 | R: 262.7685 | BS: 163500 | FPS: 72.9836 | T: 1:30:40
| train          | F: 328000 | S: 164000 | E: 328 | L: 1000 | R: 169.9974 | BS: 164000 | FPS: 71.2645 | T: 1:30:54
| train          | F: 329000 | S: 164500 | E: 329 | L: 1000 | R: 301.6226 | BS: 164500 | FPS: 72.5056 | T: 1:31:07
| train          | F: 330000 | S: 165000 | E: 330 | L: 1000 | R: 23.6165 | BS: 165000 | FPS: 70.9496 | T: 1:31:22
| eval           | F: 330000 | S: 165000 | E: 330 | L: 1000 | R: 288.4126 | T: 1:31:22
| train          | F: 331000 | S: 165500 | E: 331 | L: 1000 | R: 270.3158 | BS: 165500 | FPS: 22.8175 | T: 1:32:05
| train          | F: 332000 | S: 166000 | E: 332 | L: 1000 | R: 381.5184 | BS: 166000 | FPS: 74.4822 | T: 1:32:19
| train          | F: 333000 | S: 166500 | E: 333 | L: 1000 | R: 212.7827 | BS: 166500 | FPS: 63.7573 | T: 1:32:34
| train          | F: 334000 | S: 167000 | E: 334 | L: 1000 | R: 239.6597 | BS: 167000 | FPS: 59.5245 | T: 1:32:51
| train          | F: 335000 | S: 167500 | E: 335 | L: 1000 | R: 317.9590 | BS: 167500 | FPS: 76.0129 | T: 1:33:04
| train          | F: 336000 | S: 168000 | E: 336 | L: 1000 | R: 372.4971 | BS: 168000 | FPS: 77.0823 | T: 1:33:17
| train          | F: 337000 | S: 168500 | E: 337 | L: 1000 | R: 265.8322 | BS: 168500 | FPS: 70.9115 | T: 1:33:32
| train          | F: 338000 | S: 169000 | E: 338 | L: 1000 | R: 114.8428 | BS: 169000 | FPS: 70.5092 | T: 1:33:46
| train          | F: 339000 | S: 169500 | E: 339 | L: 1000 | R: 283.8592 | BS: 169500 | FPS: 73.6581 | T: 1:33:59
| train          | F: 340000 | S: 170000 | E: 340 | L: 1000 | R: 264.0175 | BS: 170000 | FPS: 72.9236 | T: 1:34:13
| eval           | F: 340000 | S: 170000 | E: 340 | L: 1000 | R: 225.7954 | T: 1:34:13
| train          | F: 341000 | S: 170500 | E: 341 | L: 1000 | R: 491.5902 | BS: 170500 | FPS: 23.0289 | T: 1:34:56
| train          | F: 342000 | S: 171000 | E: 342 | L: 1000 | R: 58.9615 | BS: 171000 | FPS: 57.8142 | T: 1:35:14
| train          | F: 343000 | S: 171500 | E: 343 | L: 1000 | R: 88.3327 | BS: 171500 | FPS: 69.9766 | T: 1:35:28
| train          | F: 344000 | S: 172000 | E: 344 | L: 1000 | R: 174.3952 | BS: 172000 | FPS: 72.6526 | T: 1:35:42
| train          | F: 345000 | S: 172500 | E: 345 | L: 1000 | R: 274.4215 | BS: 172500 | FPS: 76.7171 | T: 1:35:55
| train          | F: 346000 | S: 173000 | E: 346 | L: 1000 | R: 54.5302 | BS: 173000 | FPS: 64.8183 | T: 1:36:10
| train          | F: 347000 | S: 173500 | E: 347 | L: 1000 | R: 287.3717 | BS: 173500 | FPS: 75.2886 | T: 1:36:23
| train          | F: 348000 | S: 174000 | E: 348 | L: 1000 | R: 264.0434 | BS: 174000 | FPS: 69.1290 | T: 1:36:38
| train          | F: 349000 | S: 174500 | E: 349 | L: 1000 | R: 166.8159 | BS: 174500 | FPS: 61.8369 | T: 1:36:54
| train          | F: 350000 | S: 175000 | E: 350 | L: 1000 | R: 284.7086 | BS: 175000 | FPS: 66.0437 | T: 1:37:09
| eval           | F: 350000 | S: 175000 | E: 350 | L: 1000 | R: 186.4389 | T: 1:37:09
| train          | F: 351000 | S: 175500 | E: 351 | L: 1000 | R: 50.1761 | BS: 175500 | FPS: 25.0267 | T: 1:37:49
| train          | F: 352000 | S: 176000 | E: 352 | L: 1000 | R: 498.0120 | BS: 176000 | FPS: 75.5952 | T: 1:38:02
| train          | F: 353000 | S: 176500 | E: 353 | L: 1000 | R: 213.0256 | BS: 176500 | FPS: 70.2732 | T: 1:38:17
| train          | F: 354000 | S: 177000 | E: 354 | L: 1000 | R: 242.6030 | BS: 177000 | FPS: 74.1967 | T: 1:38:30
| train          | F: 355000 | S: 177500 | E: 355 | L: 1000 | R: 134.8514 | BS: 177500 | FPS: 68.5280 | T: 1:38:45
| train          | F: 356000 | S: 178000 | E: 356 | L: 1000 | R: 256.1481 | BS: 178000 | FPS: 78.2297 | T: 1:38:58
| train          | F: 357000 | S: 178500 | E: 357 | L: 1000 | R: 266.4024 | BS: 178500 | FPS: 73.1001 | T: 1:39:11
| train          | F: 358000 | S: 179000 | E: 358 | L: 1000 | R: 31.9541 | BS: 179000 | FPS: 71.1433 | T: 1:39:25
| train          | F: 359000 | S: 179500 | E: 359 | L: 1000 | R: 227.9014 | BS: 179500 | FPS: 74.7522 | T: 1:39:39
| train          | F: 360000 | S: 180000 | E: 360 | L: 1000 | R: 259.3350 | BS: 180000 | FPS: 75.2123 | T: 1:39:52
| eval           | F: 360000 | S: 180000 | E: 360 | L: 1000 | R: 274.1853 | T: 1:39:52
| train          | F: 361000 | S: 180500 | E: 361 | L: 1000 | R: 494.3353 | BS: 180500 | FPS: 23.3955 | T: 1:40:35
| train          | F: 362000 | S: 181000 | E: 362 | L: 1000 | R: 250.6917 | BS: 181000 | FPS: 59.4417 | T: 1:40:52
| train          | F: 363000 | S: 181500 | E: 363 | L: 1000 | R: 28.1919 | BS: 181500 | FPS: 64.6900 | T: 1:41:07
| train          | F: 364000 | S: 182000 | E: 364 | L: 1000 | R: 497.3388 | BS: 182000 | FPS: 75.5039 | T: 1:41:20
| train          | F: 365000 | S: 182500 | E: 365 | L: 1000 | R: 236.5836 | BS: 182500 | FPS: 72.3050 | T: 1:41:34
| train          | F: 366000 | S: 183000 | E: 366 | L: 1000 | R: 501.1039 | BS: 183000 | FPS: 59.6434 | T: 1:41:51
| train          | F: 367000 | S: 183500 | E: 367 | L: 1000 | R: 248.6993 | BS: 183500 | FPS: 60.9338 | T: 1:42:07
| train          | F: 368000 | S: 184000 | E: 368 | L: 1000 | R: 225.6921 | BS: 184000 | FPS: 59.6649 | T: 1:42:24
| train          | F: 369000 | S: 184500 | E: 369 | L: 1000 | R: 167.1857 | BS: 184500 | FPS: 60.2957 | T: 1:42:41
| train          | F: 370000 | S: 185000 | E: 370 | L: 1000 | R: 274.4514 | BS: 185000 | FPS: 73.0488 | T: 1:42:54
| eval           | F: 370000 | S: 185000 | E: 370 | L: 1000 | R: 256.7293 | T: 1:42:54
| train          | F: 371000 | S: 185500 | E: 371 | L: 1000 | R: 120.8076 | BS: 185500 | FPS: 21.5933 | T: 1:43:41
| train          | F: 372000 | S: 186000 | E: 372 | L: 1000 | R: 274.5572 | BS: 186000 | FPS: 76.1830 | T: 1:43:54
| train          | F: 373000 | S: 186500 | E: 373 | L: 1000 | R: 229.3929 | BS: 186500 | FPS: 70.6474 | T: 1:44:08
| train          | F: 374000 | S: 187000 | E: 374 | L: 1000 | R: 221.6161 | BS: 187000 | FPS: 61.5600 | T: 1:44:24
| train          | F: 375000 | S: 187500 | E: 375 | L: 1000 | R: 243.5478 | BS: 187500 | FPS: 64.7777 | T: 1:44:40
| train          | F: 376000 | S: 188000 | E: 376 | L: 1000 | R: 504.7947 | BS: 188000 | FPS: 69.7932 | T: 1:44:54
| train          | F: 377000 | S: 188500 | E: 377 | L: 1000 | R: 278.7175 | BS: 188500 | FPS: 78.9153 | T: 1:45:07
| train          | F: 378000 | S: 189000 | E: 378 | L: 1000 | R: 226.2838 | BS: 189000 | FPS: 75.7356 | T: 1:45:20
| train          | F: 379000 | S: 189500 | E: 379 | L: 1000 | R: 250.7678 | BS: 189500 | FPS: 68.2577 | T: 1:45:34
| train          | F: 380000 | S: 190000 | E: 380 | L: 1000 | R: 274.3367 | BS: 190000 | FPS: 58.9920 | T: 1:45:51
| eval           | F: 380000 | S: 190000 | E: 380 | L: 1000 | R: 217.6985 | T: 1:45:51
| train          | F: 381000 | S: 190500 | E: 381 | L: 1000 | R: 250.8808 | BS: 190500 | FPS: 22.2567 | T: 1:46:36
| train          | F: 382000 | S: 191000 | E: 382 | L: 1000 | R: 301.9062 | BS: 191000 | FPS: 75.7072 | T: 1:46:49
| train          | F: 383000 | S: 191500 | E: 383 | L: 1000 | R: 212.6958 | BS: 191500 | FPS: 72.5153 | T: 1:47:03
| train          | F: 384000 | S: 192000 | E: 384 | L: 1000 | R: 256.0088 | BS: 192000 | FPS: 74.8285 | T: 1:47:17
| train          | F: 385000 | S: 192500 | E: 385 | L: 1000 | R: 198.5659 | BS: 192500 | FPS: 74.3372 | T: 1:47:30
| train          | F: 386000 | S: 193000 | E: 386 | L: 1000 | R: 268.4161 | BS: 193000 | FPS: 76.7894 | T: 1:47:43
| train          | F: 387000 | S: 193500 | E: 387 | L: 1000 | R: 272.0802 | BS: 193500 | FPS: 75.2955 | T: 1:47:56
| train          | F: 388000 | S: 194000 | E: 388 | L: 1000 | R: 235.0107 | BS: 194000 | FPS: 76.4925 | T: 1:48:09
| train          | F: 389000 | S: 194500 | E: 389 | L: 1000 | R: 138.8615 | BS: 194500 | FPS: 73.9017 | T: 1:48:23
| train          | F: 390000 | S: 195000 | E: 390 | L: 1000 | R: 15.4060 | BS: 195000 | FPS: 55.6959 | T: 1:48:41
| eval           | F: 390000 | S: 195000 | E: 390 | L: 1000 | R: 237.1885 | T: 1:48:41
| train          | F: 391000 | S: 195500 | E: 391 | L: 1000 | R: 165.8560 | BS: 195500 | FPS: 24.2808 | T: 1:49:22
| train          | F: 392000 | S: 196000 | E: 392 | L: 1000 | R: 230.4792 | BS: 196000 | FPS: 75.2716 | T: 1:49:35
| train          | F: 393000 | S: 196500 | E: 393 | L: 1000 | R: 205.3390 | BS: 196500 | FPS: 74.1472 | T: 1:49:49
| train          | F: 394000 | S: 197000 | E: 394 | L: 1000 | R: 52.1632 | BS: 197000 | FPS: 72.0475 | T: 1:50:03
| train          | F: 395000 | S: 197500 | E: 395 | L: 1000 | R: 25.0512 | BS: 197500 | FPS: 68.6375 | T: 1:50:17
| train          | F: 396000 | S: 198000 | E: 396 | L: 1000 | R: 274.6630 | BS: 198000 | FPS: 73.7797 | T: 1:50:31
| train          | F: 397000 | S: 198500 | E: 397 | L: 1000 | R: 207.6452 | BS: 198500 | FPS: 74.2021 | T: 1:50:44
| train          | F: 398000 | S: 199000 | E: 398 | L: 1000 | R: 261.6562 | BS: 199000 | FPS: 75.8321 | T: 1:50:58
| train          | F: 399000 | S: 199500 | E: 399 | L: 1000 | R: 183.4739 | BS: 199500 | FPS: 72.5709 | T: 1:51:11
| train          | F: 400000 | S: 200000 | E: 400 | L: 1000 | R: 15.8701 | BS: 200000 | FPS: 66.5019 | T: 1:51:26
| eval           | F: 400000 | S: 200000 | E: 400 | L: 1000 | R: 256.0771 | T: 1:51:26
| train          | F: 401000 | S: 200500 | E: 401 | L: 1000 | R: 239.0389 | BS: 200500 | FPS: 25.0454 | T: 1:52:06
| train          | F: 402000 | S: 201000 | E: 402 | L: 1000 | R: 256.3799 | BS: 201000 | FPS: 75.0743 | T: 1:52:20
| train          | F: 403000 | S: 201500 | E: 403 | L: 1000 | R: 272.4119 | BS: 201500 | FPS: 76.5677 | T: 1:52:33
| train          | F: 404000 | S: 202000 | E: 404 | L: 1000 | R: 29.4750 | BS: 202000 | FPS: 71.4562 | T: 1:52:47
| train          | F: 405000 | S: 202500 | E: 405 | L: 1000 | R: 514.6775 | BS: 202500 | FPS: 72.6732 | T: 1:53:00
| train          | F: 406000 | S: 203000 | E: 406 | L: 1000 | R: 166.6489 | BS: 203000 | FPS: 69.8793 | T: 1:53:15
| train          | F: 407000 | S: 203500 | E: 407 | L: 1000 | R: 271.6725 | BS: 203500 | FPS: 73.3096 | T: 1:53:28
| train          | F: 408000 | S: 204000 | E: 408 | L: 1000 | R: 260.2978 | BS: 204000 | FPS: 74.7901 | T: 1:53:42
| train          | F: 409000 | S: 204500 | E: 409 | L: 1000 | R: 255.4519 | BS: 204500 | FPS: 77.0112 | T: 1:53:55
| train          | F: 410000 | S: 205000 | E: 410 | L: 1000 | R: 346.6860 | BS: 205000 | FPS: 76.0218 | T: 1:54:08
| eval           | F: 410000 | S: 205000 | E: 410 | L: 1000 | R: 234.7404 | T: 1:54:08
| train          | F: 411000 | S: 205500 | E: 411 | L: 1000 | R: 244.9686 | BS: 205500 | FPS: 23.2881 | T: 1:54:51
| train          | F: 412000 | S: 206000 | E: 412 | L: 1000 | R: 233.0925 | BS: 206000 | FPS: 74.1804 | T: 1:55:04
| train          | F: 413000 | S: 206500 | E: 413 | L: 1000 | R: 274.6547 | BS: 206500 | FPS: 72.3204 | T: 1:55:18
| train          | F: 414000 | S: 207000 | E: 414 | L: 1000 | R: 238.8744 | BS: 207000 | FPS: 75.1552 | T: 1:55:31
| train          | F: 415000 | S: 207500 | E: 415 | L: 1000 | R: 141.4997 | BS: 207500 | FPS: 76.4867 | T: 1:55:45
| train          | F: 416000 | S: 208000 | E: 416 | L: 1000 | R: 261.2869 | BS: 208000 | FPS: 78.5169 | T: 1:55:57
| train          | F: 417000 | S: 208500 | E: 417 | L: 1000 | R: 271.6212 | BS: 208500 | FPS: 78.9119 | T: 1:56:10
| train          | F: 418000 | S: 209000 | E: 418 | L: 1000 | R: 508.1917 | BS: 209000 | FPS: 73.5211 | T: 1:56:24
| train          | F: 419000 | S: 209500 | E: 419 | L: 1000 | R: 200.3775 | BS: 209500 | FPS: 64.1491 | T: 1:56:39
| train          | F: 420000 | S: 210000 | E: 420 | L: 1000 | R: 333.6948 | BS: 210000 | FPS: 73.0424 | T: 1:56:53
| eval           | F: 420000 | S: 210000 | E: 420 | L: 1000 | R: 328.5392 | T: 1:56:53
| train          | F: 421000 | S: 210500 | E: 421 | L: 1000 | R: 221.3118 | BS: 210500 | FPS: 24.2897 | T: 1:57:34
| train          | F: 422000 | S: 211000 | E: 422 | L: 1000 | R: 280.3290 | BS: 211000 | FPS: 80.0466 | T: 1:57:46
| train          | F: 423000 | S: 211500 | E: 423 | L: 1000 | R: 247.2369 | BS: 211500 | FPS: 76.0062 | T: 1:58:00
| train          | F: 424000 | S: 212000 | E: 424 | L: 1000 | R: 497.7456 | BS: 212000 | FPS: 61.9496 | T: 1:58:16
| train          | F: 425000 | S: 212500 | E: 425 | L: 1000 | R: 273.5912 | BS: 212500 | FPS: 59.9582 | T: 1:58:32
| train          | F: 426000 | S: 213000 | E: 426 | L: 1000 | R: 508.8237 | BS: 213000 | FPS: 62.7364 | T: 1:58:48
| train          | F: 427000 | S: 213500 | E: 427 | L: 1000 | R: 253.8547 | BS: 213500 | FPS: 66.2390 | T: 1:59:04
| train          | F: 428000 | S: 214000 | E: 428 | L: 1000 | R: 271.8355 | BS: 214000 | FPS: 60.4010 | T: 1:59:20
| train          | F: 429000 | S: 214500 | E: 429 | L: 1000 | R: 142.0952 | BS: 214500 | FPS: 65.4858 | T: 1:59:35
| train          | F: 430000 | S: 215000 | E: 430 | L: 1000 | R: 326.9435 | BS: 215000 | FPS: 77.8345 | T: 1:59:48
| eval           | F: 430000 | S: 215000 | E: 430 | L: 1000 | R: 322.8826 | T: 1:59:48
| train          | F: 431000 | S: 215500 | E: 431 | L: 1000 | R: 500.0044 | BS: 215500 | FPS: 23.3950 | T: 2:00:31
| train          | F: 432000 | S: 216000 | E: 432 | L: 1000 | R: 262.7178 | BS: 216000 | FPS: 78.1379 | T: 2:00:44
| train          | F: 433000 | S: 216500 | E: 433 | L: 1000 | R: 302.7331 | BS: 216500 | FPS: 76.0360 | T: 2:00:57
| train          | F: 434000 | S: 217000 | E: 434 | L: 1000 | R: 503.0930 | BS: 217000 | FPS: 76.3500 | T: 2:01:10
| train          | F: 435000 | S: 217500 | E: 435 | L: 1000 | R: 309.1172 | BS: 217500 | FPS: 79.5133 | T: 2:01:23
| train          | F: 436000 | S: 218000 | E: 436 | L: 1000 | R: 202.8947 | BS: 218000 | FPS: 72.4756 | T: 2:01:36
| train          | F: 437000 | S: 218500 | E: 437 | L: 1000 | R: 44.1935 | BS: 218500 | FPS: 68.9473 | T: 2:01:51
| train          | F: 438000 | S: 219000 | E: 438 | L: 1000 | R: 270.5270 | BS: 219000 | FPS: 74.3023 | T: 2:02:04
| train          | F: 439000 | S: 219500 | E: 439 | L: 1000 | R: 515.3503 | BS: 219500 | FPS: 71.3155 | T: 2:02:18
| train          | F: 440000 | S: 220000 | E: 440 | L: 1000 | R: 258.7486 | BS: 220000 | FPS: 58.1952 | T: 2:02:36
| eval           | F: 440000 | S: 220000 | E: 440 | L: 1000 | R: 231.8345 | T: 2:02:36
| train          | F: 441000 | S: 220500 | E: 441 | L: 1000 | R: 259.2176 | BS: 220500 | FPS: 22.2450 | T: 2:03:20
| train          | F: 442000 | S: 221000 | E: 442 | L: 1000 | R: 269.9048 | BS: 221000 | FPS: 76.5308 | T: 2:03:34
| train          | F: 443000 | S: 221500 | E: 443 | L: 1000 | R: 268.3261 | BS: 221500 | FPS: 74.5291 | T: 2:03:47
| train          | F: 444000 | S: 222000 | E: 444 | L: 1000 | R: 238.1285 | BS: 222000 | FPS: 74.3352 | T: 2:04:00
| train          | F: 445000 | S: 222500 | E: 445 | L: 1000 | R: 236.5009 | BS: 222500 | FPS: 76.2207 | T: 2:04:14
| train          | F: 446000 | S: 223000 | E: 446 | L: 1000 | R: 297.8632 | BS: 223000 | FPS: 76.1455 | T: 2:04:27
| train          | F: 447000 | S: 223500 | E: 447 | L: 1000 | R: 273.2362 | BS: 223500 | FPS: 65.6479 | T: 2:04:42
| train          | F: 448000 | S: 224000 | E: 448 | L: 1000 | R: 284.4845 | BS: 224000 | FPS: 58.7709 | T: 2:04:59
| train          | F: 449000 | S: 224500 | E: 449 | L: 1000 | R: 238.3062 | BS: 224500 | FPS: 60.3463 | T: 2:05:15
| train          | F: 450000 | S: 225000 | E: 450 | L: 1000 | R: 241.4901 | BS: 225000 | FPS: 61.6712 | T: 2:05:32
| eval           | F: 450000 | S: 225000 | E: 450 | L: 1000 | R: 288.3807 | T: 2:05:32
| train          | F: 451000 | S: 225500 | E: 451 | L: 1000 | R: 272.8153 | BS: 225500 | FPS: 23.1180 | T: 2:06:15
| train          | F: 452000 | S: 226000 | E: 452 | L: 1000 | R: 256.8339 | BS: 226000 | FPS: 64.3192 | T: 2:06:31
| train          | F: 453000 | S: 226500 | E: 453 | L: 1000 | R: 115.6442 | BS: 226500 | FPS: 57.2138 | T: 2:06:48
| train          | F: 454000 | S: 227000 | E: 454 | L: 1000 | R: 151.9353 | BS: 227000 | FPS: 57.4565 | T: 2:07:05
| train          | F: 455000 | S: 227500 | E: 455 | L: 1000 | R: 252.9827 | BS: 227500 | FPS: 60.0055 | T: 2:07:22
| train          | F: 456000 | S: 228000 | E: 456 | L: 1000 | R: 222.7372 | BS: 228000 | FPS: 69.4195 | T: 2:07:36
| train          | F: 457000 | S: 228500 | E: 457 | L: 1000 | R: 203.3462 | BS: 228500 | FPS: 78.6267 | T: 2:07:49
| train          | F: 458000 | S: 229000 | E: 458 | L: 1000 | R: 533.2061 | BS: 229000 | FPS: 70.6509 | T: 2:08:03
| train          | F: 459000 | S: 229500 | E: 459 | L: 1000 | R: 236.1497 | BS: 229500 | FPS: 78.2789 | T: 2:08:16
| train          | F: 460000 | S: 230000 | E: 460 | L: 1000 | R: 285.1655 | BS: 230000 | FPS: 76.9850 | T: 2:08:29
| eval           | F: 460000 | S: 230000 | E: 460 | L: 1000 | R: 198.1315 | T: 2:08:29
| train          | F: 461000 | S: 230500 | E: 461 | L: 1000 | R: 200.1735 | BS: 230500 | FPS: 25.1034 | T: 2:09:09
| train          | F: 462000 | S: 231000 | E: 462 | L: 1000 | R: 144.8653 | BS: 231000 | FPS: 72.5114 | T: 2:09:23
| train          | F: 463000 | S: 231500 | E: 463 | L: 1000 | R: 220.8532 | BS: 231500 | FPS: 76.2283 | T: 2:09:36
| train          | F: 464000 | S: 232000 | E: 464 | L: 1000 | R: 259.4201 | BS: 232000 | FPS: 75.8150 | T: 2:09:49
| train          | F: 465000 | S: 232500 | E: 465 | L: 1000 | R: 145.5283 | BS: 232500 | FPS: 73.7122 | T: 2:10:03
| train          | F: 466000 | S: 233000 | E: 466 | L: 1000 | R: 273.4709 | BS: 233000 | FPS: 72.2018 | T: 2:10:16
| train          | F: 467000 | S: 233500 | E: 467 | L: 1000 | R: 204.0001 | BS: 233500 | FPS: 72.5574 | T: 2:10:30
| train          | F: 468000 | S: 234000 | E: 468 | L: 1000 | R: 270.4290 | BS: 234000 | FPS: 73.9443 | T: 2:10:44
| train          | F: 469000 | S: 234500 | E: 469 | L: 1000 | R: 244.7580 | BS: 234500 | FPS: 72.7173 | T: 2:10:58
| train          | F: 470000 | S: 235000 | E: 470 | L: 1000 | R: 266.3971 | BS: 235000 | FPS: 75.5449 | T: 2:11:11
| eval           | F: 470000 | S: 235000 | E: 470 | L: 1000 | R: 193.5591 | T: 2:11:11
| train          | F: 471000 | S: 235500 | E: 471 | L: 1000 | R: 225.9031 | BS: 235500 | FPS: 23.5226 | T: 2:11:53
| train          | F: 472000 | S: 236000 | E: 472 | L: 1000 | R: 258.3278 | BS: 236000 | FPS: 80.0776 | T: 2:12:06
| train          | F: 473000 | S: 236500 | E: 473 | L: 1000 | R: 261.0851 | BS: 236500 | FPS: 76.2141 | T: 2:12:19
| train          | F: 474000 | S: 237000 | E: 474 | L: 1000 | R: 10.9357 | BS: 237000 | FPS: 69.3123 | T: 2:12:33
| train          | F: 475000 | S: 237500 | E: 475 | L: 1000 | R: 270.0160 | BS: 237500 | FPS: 72.8748 | T: 2:12:47
| train          | F: 476000 | S: 238000 | E: 476 | L: 1000 | R: 20.1593 | BS: 238000 | FPS: 69.1433 | T: 2:13:01
| train          | F: 477000 | S: 238500 | E: 477 | L: 1000 | R: 252.6274 | BS: 238500 | FPS: 73.8530 | T: 2:13:15
| train          | F: 478000 | S: 239000 | E: 478 | L: 1000 | R: 259.6642 | BS: 239000 | FPS: 77.7415 | T: 2:13:28
| train          | F: 479000 | S: 239500 | E: 479 | L: 1000 | R: 132.5544 | BS: 239500 | FPS: 57.4930 | T: 2:13:45
| train          | F: 480000 | S: 240000 | E: 480 | L: 1000 | R: 255.5803 | BS: 240000 | FPS: 62.0811 | T: 2:14:01
| eval           | F: 480000 | S: 240000 | E: 480 | L: 1000 | R: 234.5488 | T: 2:14:01
| train          | F: 481000 | S: 240500 | E: 481 | L: 1000 | R: 235.7836 | BS: 240500 | FPS: 23.2386 | T: 2:14:44
| train          | F: 482000 | S: 241000 | E: 482 | L: 1000 | R: 255.0511 | BS: 241000 | FPS: 73.4256 | T: 2:14:58
| train          | F: 483000 | S: 241500 | E: 483 | L: 1000 | R: 236.5994 | BS: 241500 | FPS: 74.6475 | T: 2:15:11
| train          | F: 484000 | S: 242000 | E: 484 | L: 1000 | R: 16.3217 | BS: 242000 | FPS: 67.0936 | T: 2:15:26
| train          | F: 485000 | S: 242500 | E: 485 | L: 1000 | R: 285.2456 | BS: 242500 | FPS: 72.8748 | T: 2:15:40
| train          | F: 486000 | S: 243000 | E: 486 | L: 1000 | R: 252.3322 | BS: 243000 | FPS: 72.5570 | T: 2:15:54
| train          | F: 487000 | S: 243500 | E: 487 | L: 1000 | R: 290.6039 | BS: 243500 | FPS: 72.4273 | T: 2:16:08
| train          | F: 488000 | S: 244000 | E: 488 | L: 1000 | R: 286.4582 | BS: 244000 | FPS: 70.2315 | T: 2:16:22
| train          | F: 489000 | S: 244500 | E: 489 | L: 1000 | R: 244.2160 | BS: 244500 | FPS: 62.3592 | T: 2:16:38
| train          | F: 490000 | S: 245000 | E: 490 | L: 1000 | R: 252.5505 | BS: 245000 | FPS: 65.5830 | T: 2:16:53
| eval           | F: 490000 | S: 245000 | E: 490 | L: 1000 | R: 189.9721 | T: 2:16:53
| train          | F: 491000 | S: 245500 | E: 491 | L: 1000 | R: 38.2346 | BS: 245500 | FPS: 23.0083 | T: 2:17:37
| train          | F: 492000 | S: 246000 | E: 492 | L: 1000 | R: 324.9733 | BS: 246000 | FPS: 76.4102 | T: 2:17:50
| train          | F: 493000 | S: 246500 | E: 493 | L: 1000 | R: 284.5284 | BS: 246500 | FPS: 73.9225 | T: 2:18:03
| train          | F: 494000 | S: 247000 | E: 494 | L: 1000 | R: 255.5446 | BS: 247000 | FPS: 76.9155 | T: 2:18:16
| train          | F: 495000 | S: 247500 | E: 495 | L: 1000 | R: 200.3525 | BS: 247500 | FPS: 73.5784 | T: 2:18:30
| train          | F: 496000 | S: 248000 | E: 496 | L: 1000 | R: 259.1843 | BS: 248000 | FPS: 75.4588 | T: 2:18:43
| train          | F: 497000 | S: 248500 | E: 497 | L: 1000 | R: 237.3121 | BS: 248500 | FPS: 65.2173 | T: 2:18:58
| train          | F: 498000 | S: 249000 | E: 498 | L: 1000 | R: 299.8409 | BS: 249000 | FPS: 61.8579 | T: 2:19:15
| train          | F: 499000 | S: 249500 | E: 499 | L: 1000 | R: 258.4145 | BS: 249500 | FPS: 58.7503 | T: 2:19:32
| train          | F: 500000 | S: 250000 | E: 500 | L: 1000 | R: 277.0549 | BS: 250000 | FPS: 58.0485 | T: 2:19:49
| eval           | F: 500000 | S: 250000 | E: 500 | L: 1000 | R: 311.8152 | T: 2:19:49
| train          | F: 501000 | S: 250500 | E: 501 | L: 1000 | R: 201.1292 | BS: 250500 | FPS: 21.8666 | T: 2:20:35
| train          | F: 502000 | S: 251000 | E: 502 | L: 1000 | R: 484.9868 | BS: 251000 | FPS: 69.3737 | T: 2:20:49
| train          | F: 503000 | S: 251500 | E: 503 | L: 1000 | R: 261.8700 | BS: 251500 | FPS: 68.3468 | T: 2:21:04
| train          | F: 504000 | S: 252000 | E: 504 | L: 1000 | R: 494.2142 | BS: 252000 | FPS: 57.9837 | T: 2:21:21
| train          | F: 505000 | S: 252500 | E: 505 | L: 1000 | R: 255.1492 | BS: 252500 | FPS: 66.0134 | T: 2:21:36
| train          | F: 506000 | S: 253000 | E: 506 | L: 1000 | R: 162.0529 | BS: 253000 | FPS: 74.7001 | T: 2:21:49
| train          | F: 507000 | S: 253500 | E: 507 | L: 1000 | R: 459.7839 | BS: 253500 | FPS: 67.9691 | T: 2:22:04
| train          | F: 508000 | S: 254000 | E: 508 | L: 1000 | R: 330.5858 | BS: 254000 | FPS: 62.3283 | T: 2:22:20
| train          | F: 509000 | S: 254500 | E: 509 | L: 1000 | R: 178.2392 | BS: 254500 | FPS: 57.1255 | T: 2:22:38
