Gym has been unmaintained since 2022 and does not support NumPy 2.0 amongst other critical functionality.
Please upgrade to Gymnasium, the maintained drop-in replacement of Gym, or contact the authors of your software and request that they upgrade.
Users of this version of Gym should be able to simply replace 'import gym' with 'import gymnasium as gym' in the vast majority of cases.
See the migration guide at https://gymnasium.farama.org/introduction/migration_guide/ for additional information.
/workspace/learn-si2e/SI2E/SI2E_A2C/rl-starter-files/rl-starter-files/scripts/train.py --env MiniGrid-KeyCorridorS3R2-v0 --model ppo-exp-ppo-si2e-KeyCorridorS3R2-s1 --frames 3000000 --use_batch --save-interval 100 --log-interval 500 --seed 1 --algo ppo --use_entropy_reward --use_value_condition --beta 0.005

Namespace(algo='ppo', env='MiniGrid-KeyCorridorS3R2-v0', model='ppo-exp-ppo-si2e-KeyCorridorS3R2-s1', seed=1, log_interval=500, save_interval=100, procs=16, frames=3000000, epochs=4, batch_size=256, frames_per_proc=None, discount=0.99, lr=0.001, gae_lambda=0.95, entropy_coef=0.01, value_loss_coef=0.5, max_grad_norm=0.5, optim_eps=1e-08, optim_alpha=0.99, clip_eps=0.2, recurrence=1, text=False, use_entropy_reward=True, use_value_condition=True, beta=0.005, beta_adaptive=False, fast_se=False, use_batch=True, ablation=None, mem=False)

Device: cuda:0

Environments loaded

Training status loaded

Observations preprocessor loaded
Model loaded

ACModel(
  (image_conv): Sequential(
    (0): Conv2d(3, 16, kernel_size=(2, 2), stride=(1, 1))
    (1): ReLU()
    (2): MaxPool2d(kernel_size=(2, 2), stride=(2, 2), padding=0, dilation=1, ceil_mode=False)
    (3): Conv2d(16, 32, kernel_size=(2, 2), stride=(1, 1))
    (4): ReLU()
    (5): Conv2d(32, 64, kernel_size=(2, 2), stride=(1, 1))
    (6): ReLU()
  )
  (actor): Sequential(
    (0): Linear(in_features=64, out_features=64, bias=True)
    (1): Tanh()
    (2): Linear(in_features=64, out_features=7, bias=True)
  )
  (critic): Sequential(
    (0): Linear(in_features=64, out_features=64, bias=True)
    (1): Tanh()
    (2): Linear(in_features=64, out_features=1, bias=True)
  )
  (extr_critic): Sequential(
    (0): Linear(in_features=64, out_features=64, bias=True)
    (1): Tanh()
    (2): Linear(in_features=64, out_features=1, bias=True)
  )
)

Optimizer loaded

Status saved
Status saved
Status saved
Status saved
U 500 | F 064000 | FPS 0535 | D 129 | rR:μσmM 0.05 0.15 0.00 0.47 | F:μσmM 257.2 33.9 160.0 270.0 | H 1.769 | V -0.370 | pL 0.018 | vL 0.001 | ∇ 0.024
Status saved
Status saved
Status saved
Status saved
Status saved
U 1000 | F 128000 | FPS 0561 | D 253 | rR:μσmM 0.00 0.00 0.00 0.00 | F:μσmM 270.0 0.0 270.0 270.0 | H 1.730 | V -0.321 | pL 0.002 | vL 0.001 | ∇ 0.009
Status saved
Status saved
Status saved
Status saved
Status saved
U 1500 | F 192000 | FPS 0578 | D 379 | rR:μσmM 0.00 0.00 0.00 0.00 | F:μσmM 270.0 0.0 270.0 270.0 | H 1.821 | V -0.308 | pL 0.022 | vL 0.001 | ∇ 0.025
Status saved
Status saved
Status saved
Status saved
Status saved
U 2000 | F 256000 | FPS 0571 | D 504 | rR:μσmM 0.03 0.10 0.00 0.41 | F:μσmM 264.2 22.3 178.0 270.0 | H 1.731 | V -0.388 | pL 0.000 | vL 0.001 | ∇ 0.011
Status saved
Status saved
Status saved
Status saved
Status saved
U 2500 | F 320000 | FPS 0518 | D 630 | rR:μσmM 0.00 0.00 0.00 0.00 | F:μσmM 270.0 0.0 270.0 270.0 | H 1.717 | V -0.308 | pL 0.004 | vL 0.001 | ∇ 0.013
Status saved
Status saved
Status saved
Status saved
Status saved
U 3000 | F 384000 | FPS 0557 | D 755 | rR:μσmM 0.00 0.00 0.00 0.00 | F:μσmM 270.0 0.0 270.0 270.0 | H 1.799 | V -0.359 | pL 0.003 | vL 0.001 | ∇ 0.010
Status saved
Status saved
Status saved
Status saved
Status saved
U 3500 | F 448000 | FPS 0477 | D 880 | rR:μσmM 0.00 0.00 0.00 0.00 | F:μσmM 270.0 0.0 270.0 270.0 | H 1.718 | V -0.368 | pL 0.007 | vL 0.001 | ∇ 0.006
Status saved
Status saved
Status saved
Status saved
Status saved
U 4000 | F 512000 | FPS 0497 | D 1006 | rR:μσmM 0.00 0.00 0.00 0.00 | F:μσmM 270.0 0.0 270.0 270.0 | H 1.703 | V -0.323 | pL 0.002 | vL 0.000 | ∇ 0.008
Status saved
Status saved
Status saved
Status saved
Status saved
U 4500 | F 576000 | FPS 0573 | D 1130 | rR:μσmM 0.00 0.00 0.00 0.00 | F:μσmM 270.0 0.0 270.0 270.0 | H 1.777 | V -0.317 | pL 0.005 | vL 0.001 | ∇ 0.014
Status saved
Status saved
Status saved
Status saved
Status saved
U 5000 | F 640000 | FPS 0538 | D 1254 | rR:μσmM 0.00 0.00 0.00 0.00 | F:μσmM 270.0 0.0 270.0 270.0 | H 1.782 | V -0.319 | pL 0.001 | vL 0.000 | ∇ 0.005
Status saved
Status saved
Status saved
Status saved
Status saved
U 5500 | F 704000 | FPS 0506 | D 1380 | rR:μσmM 0.00 0.00 0.00 0.00 | F:μσmM 270.0 0.0 270.0 270.0 | H 1.802 | V -0.398 | pL 0.002 | vL 0.001 | ∇ 0.009
Status saved
Status saved
Status saved
Status saved
Status saved
U 6000 | F 768000 | FPS 0558 | D 1506 | rR:μσmM 0.00 0.00 0.00 0.00 | F:μσmM 270.0 0.0 270.0 270.0 | H 1.773 | V -0.353 | pL 0.001 | vL 0.001 | ∇ 0.010
Status saved
Status saved
Status saved
Status saved
Status saved
U 6500 | F 832000 | FPS 0542 | D 1631 | rR:μσmM 0.02 0.06 0.00 0.25 | F:μσmM 267.2 10.7 226.0 270.0 | H 1.754 | V -0.343 | pL -0.007 | vL 0.006 | ∇ 0.022
Status saved
Status saved
Status saved
Status saved
Status saved
U 7000 | F 896000 | FPS 0562 | D 1758 | rR:μσmM 0.00 0.00 0.00 0.00 | F:μσmM 270.0 0.0 270.0 270.0 | H 1.731 | V -0.315 | pL -0.000 | vL 0.002 | ∇ 0.017
Status saved
Status saved
Status saved
Status saved
Status saved
U 7500 | F 960000 | FPS 0510 | D 1883 | rR:μσmM 0.00 0.00 0.00 0.00 | F:μσmM 270.0 0.0 270.0 270.0 | H 1.765 | V -0.304 | pL -0.001 | vL 0.000 | ∇ 0.006
Status saved
Status saved
Status saved
Status saved
Status saved
U 8000 | F 1024000 | FPS 0512 | D 2009 | rR:μσmM 0.00 0.00 0.00 0.00 | F:μσmM 270.0 0.0 270.0 270.0 | H 1.761 | V -0.321 | pL 0.006 | vL 0.001 | ∇ 0.029
Status saved
Status saved
Status saved
Status saved
Status saved
U 8500 | F 1088000 | FPS 0487 | D 2135 | rR:μσmM 0.00 0.00 0.00 0.00 | F:μσmM 270.0 0.0 270.0 270.0 | H 1.774 | V -0.319 | pL 0.001 | vL 0.004 | ∇ 0.015
Status saved
Status saved
Status saved
Status saved
Status saved
U 9000 | F 1152000 | FPS 0567 | D 2259 | rR:μσmM 0.02 0.06 0.00 0.26 | F:μσmM 267.1 11.4 223.0 270.0 | H 1.747 | V -0.350 | pL -0.003 | vL 0.001 | ∇ 0.007
Status saved
Status saved
Status saved
Status saved
Status saved
U 9500 | F 1216000 | FPS 0484 | D 2383 | rR:μσmM 0.00 0.00 0.00 0.00 | F:μσmM 270.0 0.0 270.0 270.0 | H 1.782 | V -0.341 | pL 0.004 | vL 0.004 | ∇ 0.019
Status saved
Status saved
Status saved
Status saved
Status saved
U 10000 | F 1280000 | FPS 0499 | D 2508 | rR:μσmM 0.00 0.00 0.00 0.00 | F:μσmM 270.0 0.0 270.0 270.0 | H 1.766 | V -0.342 | pL 0.002 | vL 0.001 | ∇ 0.008
Status saved
Status saved
Status saved
Status saved
Status saved
U 10500 | F 1344000 | FPS 0514 | D 2632 | rR:μσmM 0.00 0.00 0.00 0.00 | F:μσmM 270.0 0.0 270.0 270.0 | H 1.788 | V -0.338 | pL -0.001 | vL 0.001 | ∇ 0.007
Status saved
Status saved
Status saved
Status saved
Status saved
U 11000 | F 1408000 | FPS 0566 | D 2757 | rR:μσmM 0.00 0.00 0.00 0.00 | F:μσmM 270.0 0.0 270.0 270.0 | H 1.775 | V -0.359 | pL 0.003 | vL 0.001 | ∇ 0.011
Status saved
Status saved
Status saved
Status saved
Status saved
U 11500 | F 1472000 | FPS 0536 | D 2882 | rR:μσmM 0.00 0.00 0.00 0.00 | F:μσmM 270.0 0.0 270.0 270.0 | H 1.736 | V -0.343 | pL 0.002 | vL 0.001 | ∇ 0.005
Status saved
Status saved
Status saved
Status saved
Status saved
U 12000 | F 1536000 | FPS 0562 | D 3005 | rR:μσmM 0.00 0.00 0.00 0.00 | F:μσmM 270.0 0.0 270.0 270.0 | H 1.763 | V -0.347 | pL -0.007 | vL 0.004 | ∇ 0.010
Status saved
Status saved
Status saved
Status saved
Status saved
U 12500 | F 1600000 | FPS 0561 | D 3131 | rR:μσmM 0.00 0.00 0.00 0.00 | F:μσmM 270.0 0.0 270.0 270.0 | H 1.724 | V -0.324 | pL 0.002 | vL 0.001 | ∇ 0.005
Status saved
Status saved
Status saved
Status saved
Status saved
U 13000 | F 1664000 | FPS 0489 | D 3256 | rR:μσmM 0.03 0.10 0.00 0.41 | F:μσmM 264.2 22.3 178.0 270.0 | H 1.752 | V -0.299 | pL 0.007 | vL 0.001 | ∇ 0.012
Status saved
Status saved
Status saved
Status saved
Status saved
U 13500 | F 1728000 | FPS 0512 | D 3380 | rR:μσmM 0.00 0.00 0.00 0.00 | F:μσmM 270.0 0.0 270.0 270.0 | H 1.748 | V -0.318 | pL -0.013 | vL 0.006 | ∇ 0.017
Status saved
Status saved
Status saved
Status saved
Status saved
U 14000 | F 1792000 | FPS 0575 | D 3505 | rR:μσmM 0.00 0.00 0.00 0.00 | F:μσmM 270.0 0.0 270.0 270.0 | H 1.800 | V -0.344 | pL -0.001 | vL 0.000 | ∇ 0.006
Status saved
Status saved
Status saved
Status saved
Status saved
U 14500 | F 1856000 | FPS 0563 | D 3629 | rR:μσmM 0.00 0.00 0.00 0.00 | F:μσmM 270.0 0.0 270.0 270.0 | H 1.700 | V -0.293 | pL -0.001 | vL 0.000 | ∇ 0.009
Status saved
Status saved
Status saved
Status saved
Status saved
U 15000 | F 1920000 | FPS 0561 | D 3755 | rR:μσmM 0.00 0.00 0.00 0.00 | F:μσmM 270.0 0.0 270.0 270.0 | H 1.751 | V -0.313 | pL 0.003 | vL 0.001 | ∇ 0.007
Status saved
Status saved
Status saved
Status saved
Status saved
U 15500 | F 1984000 | FPS 0570 | D 3881 | rR:μσmM 0.00 0.00 0.00 0.00 | F:μσmM 270.0 0.0 270.0 270.0 | H 1.776 | V -0.309 | pL 0.005 | vL 0.001 | ∇ 0.008
Status saved
Status saved
Status saved
Status saved
Status saved
U 16000 | F 2048000 | FPS 0564 | D 4005 | rR:μσmM 0.00 0.00 0.00 0.00 | F:μσmM 270.0 0.0 270.0 270.0 | H 1.709 | V -0.333 | pL -0.004 | vL 0.004 | ∇ 0.015
Status saved
Status saved
Status saved
Status saved
Status saved
U 16500 | F 2112000 | FPS 0556 | D 4131 | rR:μσmM 0.00 0.00 0.00 0.00 | F:μσmM 270.0 0.0 270.0 270.0 | H 1.750 | V -0.301 | pL -0.010 | vL 0.004 | ∇ 0.018
Status saved
Status saved
Status saved
Status saved
Status saved
U 17000 | F 2176000 | FPS 0497 | D 4257 | rR:μσmM 0.00 0.00 0.00 0.00 | F:μσmM 270.0 0.0 270.0 270.0 | H 1.759 | V -0.318 | pL 0.005 | vL 0.001 | ∇ 0.009
Status saved
Status saved
Status saved
Status saved
Status saved
U 17500 | F 2240000 | FPS 0557 | D 4384 | rR:μσmM 0.00 0.00 0.00 0.00 | F:μσmM 270.0 0.0 270.0 270.0 | H 1.767 | V -0.345 | pL -0.002 | vL 0.000 | ∇ 0.008
Status saved
Status saved
Status saved
Status saved
Status saved
U 18000 | F 2304000 | FPS 0478 | D 4511 | rR:μσmM 0.00 0.00 0.00 0.00 | F:μσmM 270.0 0.0 270.0 270.0 | H 1.738 | V -0.330 | pL -0.009 | vL 0.004 | ∇ 0.036
Status saved
Status saved
Status saved
Status saved
Status saved
U 18500 | F 2368000 | FPS 0469 | D 4635 | rR:μσmM 0.00 0.00 0.00 0.00 | F:μσmM 270.0 0.0 270.0 270.0 | H 1.732 | V -0.326 | pL 0.001 | vL 0.002 | ∇ 0.012
Status saved
Status saved
Status saved
Status saved
Status saved
U 19000 | F 2432000 | FPS 0491 | D 4761 | rR:μσmM 0.00 0.00 0.00 0.00 | F:μσmM 270.0 0.0 270.0 270.0 | H 1.756 | V -0.341 | pL -0.022 | vL 0.004 | ∇ 0.023
Status saved
Status saved
Status saved
Status saved
Status saved
U 19500 | F 2496000 | FPS 0527 | D 4884 | rR:μσmM 0.00 0.00 0.00 0.00 | F:μσmM 270.0 0.0 270.0 270.0 | H 1.764 | V -0.330 | pL 0.007 | vL 0.001 | ∇ 0.010
Status saved
Status saved
Status saved
Status saved
Status saved
U 20000 | F 2560000 | FPS 0568 | D 5010 | rR:μσmM 0.00 0.00 0.00 0.00 | F:μσmM 270.0 0.0 270.0 270.0 | H 1.731 | V -0.336 | pL 0.007 | vL 0.001 | ∇ 0.010
Status saved
Status saved
Status saved
Status saved
Status saved
U 20500 | F 2624000 | FPS 0470 | D 5134 | rR:μσmM 0.00 0.00 0.00 0.00 | F:μσmM 270.0 0.0 270.0 270.0 | H 1.770 | V -0.326 | pL -0.000 | vL 0.001 | ∇ 0.007
Status saved
Status saved
Status saved
Status saved
Status saved
U 21000 | F 2688000 | FPS 0571 | D 5258 | rR:μσmM 0.00 0.00 0.00 0.00 | F:μσmM 270.0 0.0 270.0 270.0 | H 1.779 | V -0.335 | pL 0.014 | vL 0.001 | ∇ 0.014
Status saved
Status saved
Status saved
Status saved
Status saved
U 21500 | F 2752000 | FPS 0488 | D 5383 | rR:μσmM 0.00 0.00 0.00 0.00 | F:μσmM 270.0 0.0 270.0 270.0 | H 1.772 | V -0.352 | pL -0.008 | vL 0.000 | ∇ 0.008
Status saved
Status saved
Status saved
Status saved
Status saved
U 22000 | F 2816000 | FPS 0473 | D 5509 | rR:μσmM 0.00 0.00 0.00 0.00 | F:μσmM 270.0 0.0 270.0 270.0 | H 1.748 | V -0.326 | pL -0.024 | vL 0.009 | ∇ 0.032
Status saved
Status saved
Status saved
Status saved
Status saved
U 22500 | F 2880000 | FPS 0499 | D 5633 | rR:μσmM 0.02 0.09 0.00 0.38 | F:μσmM 264.7 20.6 185.0 270.0 | H 1.735 | V -0.301 | pL 0.004 | vL 0.001 | ∇ 0.009
Status saved
Status saved
Status saved
Status saved
Status saved
U 23000 | F 2944000 | FPS 0508 | D 5756 | rR:μσmM 0.00 0.00 0.00 0.00 | F:μσmM 270.0 0.0 270.0 270.0 | H 1.745 | V -0.288 | pL -0.038 | vL 0.009 | ∇ 0.035
Status saved
Status saved
Status saved
Status saved
Status saved
