Gym has been unmaintained since 2022 and does not support NumPy 2.0 amongst other critical functionality.
Please upgrade to Gymnasium, the maintained drop-in replacement of Gym, or contact the authors of your software and request that they upgrade.
Users of this version of Gym should be able to simply replace 'import gym' with 'import gymnasium as gym' in the vast majority of cases.
See the migration guide at https://gymnasium.farama.org/introduction/migration_guide/ for additional information.
/workspace/learn-si2e/SI2E/SI2E_A2C/rl-starter-files/rl-starter-files/scripts/train.py --algo a2c --env MiniGrid-DoorKey-8x8-v0 --model multiseed-se-s5 --frames 3000000 --use_batch --save-interval 100 --log-interval 500 --seed 5 --use_entropy_reward --beta 0.005

Namespace(algo='a2c', env='MiniGrid-DoorKey-8x8-v0', model='multiseed-se-s5', seed=5, log_interval=500, save_interval=100, procs=16, frames=3000000, epochs=4, batch_size=256, frames_per_proc=None, discount=0.99, lr=0.001, gae_lambda=0.95, entropy_coef=0.01, value_loss_coef=0.5, max_grad_norm=0.5, optim_eps=1e-08, optim_alpha=0.99, clip_eps=0.2, recurrence=1, text=False, use_entropy_reward=True, use_value_condition=False, beta=0.005, use_batch=True, mem=False)

Device: cuda:0

Environments loaded

Training status loaded

Observations preprocessor loaded
Model loaded

ACModel(
  (image_conv): Sequential(
    (0): Conv2d(3, 16, kernel_size=(2, 2), stride=(1, 1))
    (1): ReLU()
    (2): MaxPool2d(kernel_size=(2, 2), stride=(2, 2), padding=0, dilation=1, ceil_mode=False)
    (3): Conv2d(16, 32, kernel_size=(2, 2), stride=(1, 1))
    (4): ReLU()
    (5): Conv2d(32, 64, kernel_size=(2, 2), stride=(1, 1))
    (6): ReLU()
  )
  (actor): Sequential(
    (0): Linear(in_features=64, out_features=64, bias=True)
    (1): Tanh()
    (2): Linear(in_features=64, out_features=7, bias=True)
  )
  (critic): Sequential(
    (0): Linear(in_features=64, out_features=64, bias=True)
    (1): Tanh()
    (2): Linear(in_features=64, out_features=1, bias=True)
  )
  (extr_critic): Sequential(
    (0): Linear(in_features=64, out_features=64, bias=True)
    (1): Tanh()
    (2): Linear(in_features=64, out_features=1, bias=True)
  )
)

Optimizer loaded

Status saved
Status saved
Status saved
Status saved
U 500 | F 064000 | FPS 1404 | D 45 | rR:μσmM 0.03 0.11 0.00 0.47 | F:μσmM 623.7 63.2 379.0 640.0 | H 1.935 | V 0.079 | pL 0.003 | vL 0.000 | ∇ 0.003
Status saved
Status saved
Status saved
Status saved
Status saved
U 1000 | F 128000 | FPS 1439 | D 89 | rR:μσmM 0.05 0.17 0.00 0.72 | F:μσmM 612.4 106.7 199.0 640.0 | H 1.938 | V 0.097 | pL 0.003 | vL 0.000 | ∇ 0.002
Status saved
Status saved
Status saved
Status saved
Status saved
U 1500 | F 192000 | FPS 1462 | D 134 | rR:μσmM 0.00 0.00 0.00 0.00 | F:μσmM 640.0 0.0 640.0 640.0 | H 1.936 | V 0.094 | pL 0.001 | vL 0.000 | ∇ 0.001
Status saved
Status saved
Status saved
Status saved
Status saved
U 2000 | F 256000 | FPS 1379 | D 178 | rR:μσmM 0.02 0.05 0.00 0.19 | F:μσmM 635.5 15.5 576.0 640.0 | H 1.932 | V 0.110 | pL -0.054 | vL 0.002 | ∇ 0.035
Status saved
Status saved
Status saved
Status saved
Status saved
U 2500 | F 320000 | FPS 1372 | D 223 | rR:μσmM 0.00 0.00 0.00 0.00 | F:μσmM 640.0 0.0 640.0 640.0 | H 1.938 | V 0.098 | pL -0.001 | vL 0.000 | ∇ 0.001
Status saved
Status saved
Status saved
Status saved
Status saved
U 3000 | F 384000 | FPS 1448 | D 267 | rR:μσmM 0.01 0.05 0.00 0.20 | F:μσmM 635.5 17.4 568.0 640.0 | H 1.929 | V 0.114 | pL -0.000 | vL 0.000 | ∇ 0.001
Status saved
Status saved
Status saved
Status saved
Status saved
U 3500 | F 448000 | FPS 1503 | D 312 | rR:μσmM 0.07 0.18 0.00 0.63 | F:μσmM 602.4 103.3 261.0 640.0 | H 1.928 | V 0.103 | pL 0.000 | vL 0.000 | ∇ 0.001
Status saved
Status saved
Status saved
Status saved
Status saved
U 4000 | F 512000 | FPS 1566 | D 357 | rR:μσmM 0.00 0.00 0.00 0.00 | F:μσmM 640.0 0.0 640.0 640.0 | H 1.933 | V 0.111 | pL -0.031 | vL 0.002 | ∇ 0.019
Status saved
Status saved
Status saved
Status saved
Status saved
U 4500 | F 576000 | FPS 1042 | D 401 | rR:μσmM 0.00 0.00 0.00 0.00 | F:μσmM 640.0 0.0 640.0 640.0 | H 1.937 | V 0.099 | pL 0.001 | vL 0.000 | ∇ 0.001
Status saved
Status saved
Status saved
Status saved
Status saved
U 5000 | F 640000 | FPS 1429 | D 446 | rR:μσmM 0.03 0.12 0.00 0.50 | F:μσmM 622.4 68.3 358.0 640.0 | H 1.930 | V 0.125 | pL -0.002 | vL 0.000 | ∇ 0.001
Status saved
Status saved
Status saved
Status saved
Status saved
U 5500 | F 704000 | FPS 1411 | D 491 | rR:μσmM 0.00 0.00 0.00 0.00 | F:μσmM 640.0 0.0 640.0 640.0 | H 1.934 | V 0.102 | pL 0.004 | vL 0.000 | ∇ 0.003
Status saved
Status saved
Status saved
Status saved
Status saved
U 6000 | F 768000 | FPS 1537 | D 535 | rR:μσmM 0.00 0.00 0.00 0.00 | F:μσmM 640.0 0.0 640.0 640.0 | H 1.933 | V 0.114 | pL -0.009 | vL 0.001 | ∇ 0.007
Status saved
Status saved
Status saved
Status saved
Status saved
U 6500 | F 832000 | FPS 1559 | D 580 | rR:μσmM 0.02 0.05 0.00 0.16 | F:μσmM 635.6 11.8 598.0 640.0 | H 1.933 | V 0.111 | pL 0.003 | vL 0.000 | ∇ 0.002
Status saved
Status saved
Status saved
Status saved
Status saved
U 7000 | F 896000 | FPS 1467 | D 625 | rR:μσmM 0.13 0.25 0.00 0.75 | F:μσmM 561.8 153.5 179.0 640.0 | H 1.926 | V 0.127 | pL 0.003 | vL 0.000 | ∇ 0.003
Status saved
Status saved
Status saved
Status saved
Status saved
U 7500 | F 960000 | FPS 1358 | D 669 | rR:μσmM 0.08 0.21 0.00 0.70 | F:μσmM 591.6 128.8 212.0 640.0 | H 1.933 | V 0.109 | pL -0.001 | vL 0.000 | ∇ 0.001
Status saved
Status saved
Status saved
Status saved
Status saved
U 8000 | F 1024000 | FPS 1531 | D 714 | rR:μσmM 0.01 0.06 0.00 0.23 | F:μσmM 634.2 22.5 547.0 640.0 | H 1.932 | V 0.107 | pL -0.002 | vL 0.000 | ∇ 0.001
Status saved
Status saved
Status saved
Status saved
Status saved
U 8500 | F 1088000 | FPS 1478 | D 759 | rR:μσmM 0.00 0.00 0.00 0.00 | F:μσmM 640.0 0.0 640.0 640.0 | H 1.925 | V 0.093 | pL 0.005 | vL 0.000 | ∇ 0.003
Status saved
Status saved
Status saved
Status saved
Status saved
U 9000 | F 1152000 | FPS 1463 | D 804 | rR:μσmM 0.00 0.00 0.00 0.00 | F:μσmM 640.0 0.0 640.0 640.0 | H 1.932 | V 0.109 | pL 0.000 | vL 0.000 | ∇ 0.001
Status saved
Status saved
Status saved
Status saved
Status saved
U 9500 | F 1216000 | FPS 1509 | D 849 | rR:μσmM 0.02 0.07 0.00 0.28 | F:μσmM 632.1 30.5 514.0 640.0 | H 1.929 | V 0.116 | pL -0.004 | vL 0.000 | ∇ 0.002
Status saved
Status saved
Status saved
Status saved
Status saved
U 10000 | F 1280000 | FPS 1452 | D 894 | rR:μσmM 0.04 0.08 0.00 0.26 | F:μσmM 625.4 32.2 528.0 640.0 | H 1.928 | V 0.110 | pL 0.001 | vL 0.000 | ∇ 0.001
Status saved
Status saved
Status saved
Status saved
Status saved
U 10500 | F 1344000 | FPS 1405 | D 939 | rR:μσmM 0.09 0.25 0.00 0.87 | F:μσmM 584.2 151.8 92.0 640.0 | H 1.932 | V 0.094 | pL -0.001 | vL 0.000 | ∇ 0.002
Status saved
Status saved
Status saved
Status saved
Status saved
U 11000 | F 1408000 | FPS 1426 | D 984 | rR:μσmM 0.08 0.23 0.00 0.89 | F:μσmM 590.0 143.9 80.0 640.0 | H 1.929 | V 0.116 | pL 0.002 | vL 0.000 | ∇ 0.002
Status saved
Status saved
Status saved
Status saved
Status saved
U 11500 | F 1472000 | FPS 1546 | D 1029 | rR:μσmM 0.04 0.14 0.00 0.60 | F:μσmM 618.0 85.2 288.0 640.0 | H 1.926 | V 0.111 | pL -0.000 | vL 0.000 | ∇ 0.002
Status saved
Status saved
Status saved
Status saved
Status saved
U 12000 | F 1536000 | FPS 1513 | D 1075 | rR:μσmM 0.06 0.20 0.00 0.80 | F:μσmM 603.9 121.2 140.0 640.0 | H 1.932 | V 0.129 | pL -0.003 | vL 0.000 | ∇ 0.003
Status saved
Status saved
Status saved
Status saved
Status saved
U 12500 | F 1600000 | FPS 1475 | D 1120 | rR:μσmM 0.05 0.14 0.00 0.56 | F:μσmM 613.4 80.6 316.0 640.0 | H 1.932 | V 0.115 | pL -0.001 | vL 0.000 | ∇ 0.002
Status saved
Status saved
Status saved
Status saved
Status saved
U 13000 | F 1664000 | FPS 1433 | D 1164 | rR:μσmM 0.09 0.19 0.00 0.69 | F:μσmM 591.9 111.8 221.0 640.0 | H 1.926 | V 0.119 | pL -0.001 | vL 0.000 | ∇ 0.002
Status saved
Status saved
Status saved
Status saved
Status saved
U 13500 | F 1728000 | FPS 1465 | D 1209 | rR:μσmM 0.05 0.18 0.00 0.76 | F:μσmM 610.8 113.3 172.0 640.0 | H 1.932 | V 0.109 | pL 0.001 | vL 0.000 | ∇ 0.002
Status saved
Status saved
Status saved
Status saved
Status saved
U 14000 | F 1792000 | FPS 1502 | D 1254 | rR:μσmM 0.03 0.13 0.00 0.53 | F:μσmM 621.0 73.6 336.0 640.0 | H 1.933 | V 0.118 | pL -0.001 | vL 0.000 | ∇ 0.001
Status saved
Status saved
Status saved
Status saved
Status saved
U 14500 | F 1856000 | FPS 1373 | D 1298 | rR:μσmM 0.00 0.00 0.00 0.00 | F:μσmM 640.0 0.0 640.0 640.0 | H 1.932 | V 0.107 | pL -0.008 | vL 0.000 | ∇ 0.007
Status saved
Status saved
Status saved
Status saved
Status saved
U 15000 | F 1920000 | FPS 1525 | D 1343 | rR:μσmM 0.00 0.00 0.00 0.00 | F:μσmM 640.0 0.0 640.0 640.0 | H 1.931 | V 0.115 | pL -0.001 | vL 0.000 | ∇ 0.001
Status saved
Status saved
Status saved
Status saved
Status saved
U 15500 | F 1984000 | FPS 1392 | D 1387 | rR:μσmM 0.07 0.17 0.00 0.64 | F:μσmM 605.2 94.9 255.0 640.0 | H 1.928 | V 0.116 | pL -0.001 | vL 0.000 | ∇ 0.001
Status saved
Status saved
Status saved
Status saved
Status saved
U 16000 | F 2048000 | FPS 1493 | D 1432 | rR:μσmM 0.04 0.10 0.00 0.33 | F:μσmM 621.9 48.4 474.0 640.0 | H 1.931 | V 0.109 | pL 0.001 | vL 0.000 | ∇ 0.002
Status saved
Status saved
Status saved
Status saved
Status saved
U 16500 | F 2112000 | FPS 1446 | D 1476 | rR:μσmM 0.00 0.00 0.00 0.00 | F:μσmM 640.0 0.0 640.0 640.0 | H 1.935 | V 0.098 | pL -0.006 | vL 0.000 | ∇ 0.004
Status saved
Status saved
Status saved
Status saved
Status saved
U 17000 | F 2176000 | FPS 1579 | D 1521 | rR:μσmM 0.12 0.21 0.00 0.64 | F:μσmM 575.5 119.0 253.0 640.0 | H 1.930 | V 0.125 | pL -0.003 | vL 0.000 | ∇ 0.002
Status saved
Status saved
Status saved
Status saved
Status saved
U 17500 | F 2240000 | FPS 1502 | D 1567 | rR:μσmM 0.04 0.10 0.00 0.36 | F:μσmM 623.8 47.6 452.0 640.0 | H 1.932 | V 0.108 | pL -0.004 | vL 0.000 | ∇ 0.002
Status saved
Status saved
Status saved
Status saved
Status saved
U 18000 | F 2304000 | FPS 1475 | D 1611 | rR:μσmM 0.17 0.33 0.00 0.94 | F:μσmM 535.6 206.9 42.0 640.0 | H 1.917 | V 0.156 | pL -0.012 | vL 0.001 | ∇ 0.020
Status saved
Status saved
Status saved
Status saved
Status saved
U 18500 | F 2368000 | FPS 1466 | D 1656 | rR:μσmM 0.04 0.16 0.00 0.68 | F:μσmM 614.2 99.7 228.0 640.0 | H 1.932 | V 0.106 | pL -0.002 | vL 0.000 | ∇ 0.002
Status saved
Status saved
Status saved
Status saved
Status saved
U 19000 | F 2432000 | FPS 1399 | D 1700 | rR:μσmM 0.15 0.27 0.00 0.98 | F:μσmM 552.9 168.4 17.0 640.0 | H 1.933 | V 0.120 | pL 0.002 | vL 0.000 | ∇ 0.002
Status saved
Status saved
Status saved
Status saved
Status saved
U 19500 | F 2496000 | FPS 1476 | D 1745 | rR:μσmM 0.13 0.28 0.00 0.87 | F:μσmM 563.8 175.7 94.0 640.0 | H 1.926 | V 0.118 | pL 0.002 | vL 0.000 | ∇ 0.003
Status saved
Status saved
Status saved
Status saved
Status saved
U 20000 | F 2560000 | FPS 1434 | D 1790 | rR:μσmM 0.38 0.39 0.00 0.88 | F:μσmM 410.0 248.1 88.0 640.0 | H 1.929 | V 0.140 | pL 0.001 | vL 0.000 | ∇ 0.003
Status saved
Status saved
Status saved
Status saved
Status saved
U 20500 | F 2624000 | FPS 1425 | D 1834 | rR:μσmM 0.26 0.33 0.00 0.94 | F:μσmM 485.6 202.9 40.0 640.0 | H 1.924 | V 0.149 | pL -0.006 | vL 0.001 | ∇ 0.009
Status saved
Status saved
Status saved
Status saved
Status saved
U 21000 | F 2688000 | FPS 1332 | D 1879 | rR:μσmM 0.20 0.30 0.00 0.80 | F:μσmM 525.8 186.7 143.0 640.0 | H 1.894 | V 0.174 | pL 0.014 | vL 0.002 | ∇ 0.026
Status saved
Status saved
Status saved
Status saved
Status saved
U 21500 | F 2752000 | FPS 1515 | D 1924 | rR:μσmM 0.70 0.32 0.00 0.97 | F:μσmM 207.3 207.2 24.0 640.0 | H 1.726 | V 0.317 | pL 0.029 | vL 0.008 | ∇ 0.123
Status saved
Status saved
Status saved
Status saved
Status saved
U 22000 | F 2816000 | FPS 1555 | D 1968 | rR:μσmM 0.49 0.38 0.00 0.98 | F:μσmM 340.3 245.8 17.0 640.0 | H 1.895 | V 0.210 | pL 0.005 | vL 0.000 | ∇ 0.023
Status saved
Status saved
Status saved
Status saved
Status saved
U 22500 | F 2880000 | FPS 1362 | D 2013 | rR:μσmM 0.42 0.36 0.00 0.94 | F:μσmM 387.8 229.4 44.0 640.0 | H 1.664 | V 0.328 | pL -0.009 | vL 0.003 | ∇ 0.048
Status saved
Status saved
Status saved
Status saved
Status saved
U 23000 | F 2944000 | FPS 1507 | D 2057 | rR:μσmM 0.65 0.34 0.00 0.94 | F:μσmM 236.2 220.5 43.0 640.0 | H 1.677 | V 0.353 | pL 0.019 | vL 0.006 | ∇ 0.058
Status saved
Status saved
Status saved
Status saved
Status saved
