\BOOKMARK [1][-]{section.1}{Introduction}{}% 1
\BOOKMARK [1][-]{section.2}{Background}{}% 2
\BOOKMARK [2][-]{subsection.2.1}{Value-Conditioned\040State\040Entropy\040\(VCSE\)}{section.2}% 3
\BOOKMARK [2][-]{subsection.2.2}{Structural\040Information\040Intrinsic\040Exploration\040\(SI2E\)}{section.2}% 4
\BOOKMARK [2][-]{subsection.2.3}{PartitionTree\040Bottleneck}{section.2}% 5
\BOOKMARK [1][-]{section.3}{FastSI2E}{}% 6
\BOOKMARK [2][-]{subsection.3.1}{Adjacency-Based\040Cluster\040Reward}{section.3}% 7
\BOOKMARK [2][-]{subsection.3.2}{k-Means\040Clustering}{section.3}% 8
\BOOKMARK [2][-]{subsection.3.3}{Leiden\040Community\040Detection}{section.3}% 9
\BOOKMARK [2][-]{subsection.3.4}{Infomap\040Community\040Detection}{section.3}% 10
\BOOKMARK [2][-]{subsection.3.5}{Adaptive-}{section.3}% 11
\BOOKMARK [1][-]{section.4}{Experiments}{}% 12
\BOOKMARK [2][-]{subsection.4.1}{Environments}{section.4}% 13
\BOOKMARK [2][-]{subsection.4.2}{Baselines\040and\040Training}{section.4}% 14
\BOOKMARK [2][-]{subsection.4.3}{Main\040Results}{section.4}% 15
\BOOKMARK [2][-]{subsection.4.4}{Ablations}{section.4}% 16
\BOOKMARK [2][-]{subsection.4.5}{Clustering\040Algorithm\040Comparison}{section.4}% 17
\BOOKMARK [2][-]{subsection.4.6}{FPS\040Benchmark}{section.4}% 18
\BOOKMARK [2][-]{subsection.4.7}{Learning\040Curves}{section.4}% 19
\BOOKMARK [2][-]{subsection.4.8}{PPO-SI2E:\040Negative\040Result}{section.4}% 20
\BOOKMARK [1][-]{section.5}{Discussion}{}% 21
\BOOKMARK [1][-]{section.6}{Conclusion}{}% 22
