Gym has been unmaintained since 2022 and does not support NumPy 2.0 amongst other critical functionality.
Please upgrade to Gymnasium, the maintained drop-in replacement of Gym, or contact the authors of your software and request that they upgrade.
Users of this version of Gym should be able to simply replace 'import gym' with 'import gymnasium as gym' in the vast majority of cases.
See the migration guide at https://gymnasium.farama.org/introduction/migration_guide/ for additional information.
/workspace/learn-si2e/SI2E/SI2E_A2C/rl-starter-files/rl-starter-files/scripts/train.py --algo a2c --env MiniGrid-RedBlueDoors-6x6-v0 --model rb6-si2e-s3 --frames 3000000 --use_batch --save-interval 100 --log-interval 500 --seed 3 --use_entropy_reward --use_value_condition --beta 0.005

Namespace(algo='a2c', env='MiniGrid-RedBlueDoors-6x6-v0', model='rb6-si2e-s3', seed=3, log_interval=500, save_interval=100, procs=16, frames=3000000, epochs=4, batch_size=256, frames_per_proc=None, discount=0.99, lr=0.001, gae_lambda=0.95, entropy_coef=0.01, value_loss_coef=0.5, max_grad_norm=0.5, optim_eps=1e-08, optim_alpha=0.99, clip_eps=0.2, recurrence=1, text=False, use_entropy_reward=True, use_value_condition=True, beta=0.005, use_batch=True, mem=False)

Device: cuda:0

Environments loaded

Training status loaded

Observations preprocessor loaded
Model loaded

ACModel(
  (image_conv): Sequential(
    (0): Conv2d(3, 16, kernel_size=(2, 2), stride=(1, 1))
    (1): ReLU()
    (2): MaxPool2d(kernel_size=(2, 2), stride=(2, 2), padding=0, dilation=1, ceil_mode=False)
    (3): Conv2d(16, 32, kernel_size=(2, 2), stride=(1, 1))
    (4): ReLU()
    (5): Conv2d(32, 64, kernel_size=(2, 2), stride=(1, 1))
    (6): ReLU()
  )
  (actor): Sequential(
    (0): Linear(in_features=64, out_features=64, bias=True)
    (1): Tanh()
    (2): Linear(in_features=64, out_features=7, bias=True)
  )
  (critic): Sequential(
    (0): Linear(in_features=64, out_features=64, bias=True)
    (1): Tanh()
    (2): Linear(in_features=64, out_features=1, bias=True)
  )
  (extr_critic): Sequential(
    (0): Linear(in_features=64, out_features=64, bias=True)
    (1): Tanh()
    (2): Linear(in_features=64, out_features=1, bias=True)
  )
)

Optimizer loaded

Status saved
Status saved
Status saved
Status saved
U 500 | F 064000 | FPS 0529 | D 129 | rR:μσmM 0.13 0.29 0.00 0.89 | F:μσmM 130.5 185.4 6.0 720.0 | H 1.676 | V -0.174 | pL -0.021 | vL 0.002 | ∇ 0.048
Status saved
Status saved
Status saved
Status saved
Status saved
U 1000 | F 128000 | FPS 0549 | D 256 | rR:μσmM 0.04 0.17 0.00 0.71 | F:μσmM 44.8 52.8 5.0 235.0 | H 1.735 | V -0.161 | pL -0.000 | vL 0.017 | ∇ 0.070
Status saved
Status saved
Status saved
Status saved
Status saved
U 1500 | F 192000 | FPS 0476 | D 380 | rR:μσmM 0.00 0.00 0.00 0.00 | F:μσmM 42.2 39.2 3.0 163.0 | H 1.639 | V -0.081 | pL -0.025 | vL 0.002 | ∇ 0.029
Status saved
Status saved
Status saved
Status saved
Status saved
U 2000 | F 256000 | FPS 0527 | D 508 | rR:μσmM 0.00 0.00 0.00 0.00 | F:μσmM 18.2 9.2 4.0 33.0 | H 1.475 | V -0.047 | pL -0.005 | vL 0.001 | ∇ 0.020
Status saved
Status saved
Status saved
Status saved
Status saved
U 2500 | F 320000 | FPS 0478 | D 633 | rR:μσmM 0.40 0.45 0.00 0.96 | F:μσmM 41.7 33.2 4.0 111.0 | H 1.541 | V 0.018 | pL 0.091 | vL 0.081 | ∇ 0.298
Status saved
Status saved
Status saved
Status saved
Status saved
U 3000 | F 384000 | FPS 0515 | D 760 | rR:μσmM 0.12 0.31 0.00 0.96 | F:μσmM 20.3 16.8 5.0 64.0 | H 1.545 | V 0.066 | pL -0.018 | vL 0.005 | ∇ 0.058
Status saved
Status saved
Status saved
Status saved
Status saved
U 3500 | F 448000 | FPS 0545 | D 885 | rR:μσmM 0.00 0.00 0.00 0.00 | F:μσmM 14.2 8.1 3.0 34.0 | H 1.471 | V 0.010 | pL -0.014 | vL 0.001 | ∇ 0.043
Status saved
Status saved
Status saved
Status saved
Status saved
U 4000 | F 512000 | FPS 0494 | D 1013 | rR:μσmM 0.18 0.37 0.00 0.96 | F:μσmM 19.6 15.5 5.0 64.0 | H 1.574 | V 0.015 | pL -0.020 | vL 0.024 | ∇ 0.071
Status saved
Status saved
Status saved
Status saved
Status saved
U 4500 | F 576000 | FPS 0558 | D 1140 | rR:μσmM 0.06 0.23 0.00 0.97 | F:μσmM 10.8 6.7 3.0 26.0 | H 1.452 | V 0.094 | pL -0.019 | vL 0.023 | ∇ 0.072
Status saved
Status saved
Status saved
Status saved
Status saved
U 5000 | F 640000 | FPS 0485 | D 1266 | rR:μσmM 0.00 0.00 0.00 0.00 | F:μσmM 12.0 7.9 1.0 29.0 | H 1.691 | V -0.023 | pL -0.024 | vL 0.001 | ∇ 0.025
Status saved
Status saved
Status saved
Status saved
Status saved
U 5500 | F 704000 | FPS 0572 | D 1391 | rR:μσmM 0.00 0.00 0.00 0.00 | F:μσmM 14.6 7.6 4.0 30.0 | H 1.455 | V 0.019 | pL -0.033 | vL 0.002 | ∇ 0.056
Status saved
Status saved
Status saved
Status saved
Status saved
U 6000 | F 768000 | FPS 0543 | D 1514 | rR:μσmM 0.30 0.45 0.00 0.98 | F:μσmM 17.4 11.2 3.0 45.0 | H 1.423 | V 0.212 | pL 0.010 | vL 0.029 | ∇ 0.082
Status saved
Status saved
Status saved
Status saved
Status saved
U 6500 | F 832000 | FPS 0527 | D 1635 | rR:μσmM 0.12 0.31 0.00 0.96 | F:μσmM 21.9 12.5 5.0 46.0 | H 1.520 | V 0.054 | pL 0.019 | vL 0.049 | ∇ 0.131
Status saved
Status saved
Status saved
Status saved
Status saved
U 7000 | F 896000 | FPS 0559 | D 1758 | rR:μσmM 0.24 0.42 0.00 0.99 | F:μσmM 18.8 21.6 1.0 89.0 | H 1.059 | V 0.271 | pL -0.049 | vL 0.053 | ∇ 0.195
Status saved
Status saved
Status saved
Status saved
Status saved
U 7500 | F 960000 | FPS 0495 | D 1881 | rR:μσmM 0.61 0.47 0.00 0.99 | F:μσmM 18.1 9.4 5.0 43.0 | H 0.973 | V 0.443 | pL -0.007 | vL 0.034 | ∇ 0.131
Status saved
Status saved
Status saved
Status saved
Status saved
U 8000 | F 1024000 | FPS 0517 | D 2003 | rR:μσmM 0.73 0.42 0.00 0.98 | F:μσmM 18.1 7.7 3.0 30.0 | H 0.704 | V 0.700 | pL -0.010 | vL 0.032 | ∇ 0.106
Status saved
Status saved
Status saved
Status saved
Status saved
U 8500 | F 1088000 | FPS 0585 | D 2124 | rR:μσmM 0.67 0.45 0.00 0.99 | F:μσmM 15.9 8.1 3.0 28.0 | H 0.917 | V 0.598 | pL 0.005 | vL 0.030 | ∇ 0.075
Status saved
Status saved
Status saved
Status saved
Status saved
U 9000 | F 1152000 | FPS 0329 | D 2246 | rR:μσmM 0.55 0.48 0.00 0.99 | F:μσmM 12.3 7.7 1.0 25.0 | H 0.691 | V 0.763 | pL -0.106 | vL 0.094 | ∇ 0.405
Status saved
Status saved
Status saved
Status saved
Status saved
U 9500 | F 1216000 | FPS 0531 | D 2366 | rR:μσmM 0.67 0.45 0.00 0.99 | F:μσmM 16.1 8.2 1.0 29.0 | H 0.788 | V 0.695 | pL 0.000 | vL 0.017 | ∇ 0.045
Status saved
Status saved
Status saved
Status saved
Status saved
U 10000 | F 1280000 | FPS 0595 | D 2492 | rR:μσmM 0.73 0.42 0.00 0.99 | F:μσmM 15.1 6.3 4.0 26.0 | H 0.784 | V 0.743 | pL -0.066 | vL 0.052 | ∇ 0.213
Status saved
Status saved
Status saved
Status saved
Status saved
U 10500 | F 1344000 | FPS 0572 | D 2611 | rR:μσmM 0.79 0.38 0.00 0.99 | F:μσmM 15.9 5.8 6.0 28.0 | H 0.958 | V 0.709 | pL -0.036 | vL 0.053 | ∇ 0.144
Status saved
Status saved
Status saved
Status saved
Status saved
U 11000 | F 1408000 | FPS 0579 | D 2732 | rR:μσmM 0.92 0.24 0.00 0.99 | F:μσmM 18.4 5.8 8.0 30.0 | H 1.018 | V 0.648 | pL 0.021 | vL 0.010 | ∇ 0.119
Status saved
Status saved
Status saved
Status saved
Status saved
U 11500 | F 1472000 | FPS 0581 | D 2852 | rR:μσmM 0.61 0.47 0.00 0.99 | F:μσmM 13.6 8.3 1.0 32.0 | H 0.814 | V 0.693 | pL 0.004 | vL 0.010 | ∇ 0.045
Status saved
Status saved
Status saved
Status saved
Status saved
U 12000 | F 1536000 | FPS 0592 | D 2975 | rR:μσmM 0.85 0.32 0.00 0.98 | F:μσmM 18.1 6.2 5.0 32.0 | H 0.780 | V 0.754 | pL -0.056 | vL 0.026 | ∇ 0.102
Status saved
Status saved
Status saved
Status saved
Status saved
U 12500 | F 1600000 | FPS 0578 | D 3096 | rR:μσmM 0.73 0.42 0.00 0.98 | F:μσmM 16.8 7.6 4.0 28.0 | H 1.179 | V 0.618 | pL 0.008 | vL 0.010 | ∇ 0.144
Status saved
Status saved
Status saved
Status saved
Status saved
U 13000 | F 1664000 | FPS 0540 | D 3216 | rR:μσmM 0.92 0.24 0.00 0.99 | F:μσmM 17.1 7.2 1.0 30.0 | H 0.856 | V 0.747 | pL -0.005 | vL 0.009 | ∇ 0.040
Status saved
Status saved
Status saved
Status saved
Status saved
U 13500 | F 1728000 | FPS 0522 | D 3337 | rR:μσmM 0.85 0.32 0.00 0.99 | F:μσmM 19.1 7.8 4.0 33.0 | H 0.943 | V 0.727 | pL -0.010 | vL 0.042 | ∇ 0.112
Status saved
Status saved
Status saved
Status saved
Status saved
U 14000 | F 1792000 | FPS 0524 | D 3456 | rR:μσmM 0.79 0.38 0.00 0.99 | F:μσmM 17.9 7.7 5.0 35.0 | H 0.961 | V 0.694 | pL -0.057 | vL 0.041 | ∇ 0.124
Status saved
Status saved
Status saved
Status saved
Status saved
U 14500 | F 1856000 | FPS 0520 | D 3578 | rR:μσmM 0.85 0.32 0.00 0.99 | F:μσmM 18.9 6.6 8.0 31.0 | H 0.857 | V 0.737 | pL -0.019 | vL 0.043 | ∇ 0.108
Status saved
Status saved
Status saved
Status saved
Status saved
U 15000 | F 1920000 | FPS 0502 | D 3701 | rR:μσmM 0.79 0.38 0.00 0.98 | F:μσmM 17.4 9.7 1.0 45.0 | H 0.820 | V 0.777 | pL -0.058 | vL 0.054 | ∇ 0.165
Status saved
Status saved
Status saved
Status saved
Status saved
U 15500 | F 1984000 | FPS 0561 | D 3823 | rR:μσmM 0.97 0.01 0.95 0.98 | F:μσmM 21.6 5.9 14.0 37.0 | H 0.922 | V 0.693 | pL 0.022 | vL 0.007 | ∇ 0.095
Status saved
Status saved
Status saved
Status saved
Status saved
U 16000 | F 2048000 | FPS 0566 | D 3945 | rR:μσmM 0.86 0.32 0.00 0.99 | F:μσmM 15.2 5.6 5.0 26.0 | H 0.561 | V 0.776 | pL -0.000 | vL 0.023 | ∇ 0.057
Status saved
Status saved
Status saved
Status saved
Status saved
U 16500 | F 2112000 | FPS 0553 | D 4067 | rR:μσmM 0.73 0.42 0.00 0.99 | F:μσmM 14.1 6.6 3.0 25.0 | H 0.916 | V 0.724 | pL -0.020 | vL 0.053 | ∇ 0.144
Status saved
Status saved
Status saved
Status saved
Status saved
U 17000 | F 2176000 | FPS 0574 | D 4190 | rR:μσmM 0.67 0.45 0.00 0.98 | F:μσmM 15.6 7.6 1.0 24.0 | H 0.793 | V 0.768 | pL -0.061 | vL 0.086 | ∇ 0.228
Status saved
Status saved
Status saved
Status saved
Status saved
U 17500 | F 2240000 | FPS 0497 | D 4314 | rR:μσmM 0.61 0.47 0.00 0.98 | F:μσmM 14.6 8.3 2.0 26.0 | H 0.850 | V 0.720 | pL -0.061 | vL 0.097 | ∇ 0.264
Status saved
Status saved
Status saved
Status saved
Status saved
U 18000 | F 2304000 | FPS 0569 | D 4437 | rR:μσmM 0.91 0.24 0.00 0.99 | F:μσmM 21.6 9.2 5.0 45.0 | H 0.956 | V 0.711 | pL 0.001 | vL 0.006 | ∇ 0.061
Status saved
Status saved
Status saved
Status saved
Status saved
U 18500 | F 2368000 | FPS 0496 | D 4562 | rR:μσmM 0.86 0.32 0.00 0.99 | F:μσmM 15.2 5.6 3.0 22.0 | H 0.745 | V 0.750 | pL -0.012 | vL 0.020 | ∇ 0.048
Status saved
Status saved
Status saved
Status saved
Status saved
U 19000 | F 2432000 | FPS 0583 | D 4683 | rR:μσmM 0.79 0.38 0.00 0.98 | F:μσmM 20.6 9.0 1.0 36.0 | H 1.033 | V 0.734 | pL -0.008 | vL 0.010 | ∇ 0.035
Status saved
Status saved
Status saved
Status saved
Status saved
U 19500 | F 2496000 | FPS 0517 | D 4807 | rR:μσmM 0.85 0.32 0.00 0.99 | F:μσmM 18.1 8.0 2.0 33.0 | H 0.871 | V 0.728 | pL -0.012 | vL 0.007 | ∇ 0.094
Status saved
Status saved
Status saved
Status saved
Status saved
U 20000 | F 2560000 | FPS 0490 | D 4929 | rR:μσmM 0.85 0.32 0.00 0.99 | F:μσmM 17.8 7.0 1.0 29.0 | H 0.880 | V 0.724 | pL -0.015 | vL 0.006 | ∇ 0.046
Status saved
Status saved
Status saved
Status saved
Status saved
U 20500 | F 2624000 | FPS 0454 | D 5053 | rR:μσmM 0.91 0.24 0.00 0.99 | F:μσmM 21.1 7.6 7.0 36.0 | H 1.071 | V 0.616 | pL 0.020 | vL 0.013 | ∇ 0.126
Status saved
Status saved
Status saved
Status saved
Status saved
U 21000 | F 2688000 | FPS 0282 | D 5177 | rR:μσmM 0.61 0.47 0.00 0.98 | F:μσmM 15.7 8.4 1.0 34.0 | H 0.902 | V 0.718 | pL -0.030 | vL 0.040 | ∇ 0.132
Status saved
Status saved
Status saved
Status saved
Status saved
U 21500 | F 2752000 | FPS 0541 | D 5300 | rR:μσmM 0.91 0.24 0.00 0.98 | F:μσmM 22.7 5.8 14.0 34.0 | H 0.928 | V 0.719 | pL 0.010 | vL 0.006 | ∇ 0.103
Status saved
Status saved
Status saved
Status saved
Status saved
U 22000 | F 2816000 | FPS 0543 | D 5424 | rR:μσmM 0.67 0.45 0.00 0.99 | F:μσmM 14.6 7.8 3.0 31.0 | H 0.925 | V 0.735 | pL -0.018 | vL 0.055 | ∇ 0.141
Status saved
Status saved
Status saved
Status saved
Status saved
U 22500 | F 2880000 | FPS 0539 | D 5549 | rR:μσmM 0.67 0.45 0.00 0.99 | F:μσmM 17.2 8.0 4.0 31.0 | H 1.052 | V 0.630 | pL -0.029 | vL 0.047 | ∇ 0.102
Status saved
Status saved
Status saved
Status saved
Status saved
U 23000 | F 2944000 | FPS 0560 | D 5672 | rR:μσmM 0.91 0.24 0.00 0.98 | F:μσmM 19.1 5.4 13.0 31.0 | H 1.001 | V 0.711 | pL -0.022 | vL 0.023 | ∇ 0.069
Status saved
Status saved
Status saved
Status saved
Status saved
