Gym has been unmaintained since 2022 and does not support NumPy 2.0 amongst other critical functionality.
Please upgrade to Gymnasium, the maintained drop-in replacement of Gym, or contact the authors of your software and request that they upgrade.
Users of this version of Gym should be able to simply replace 'import gym' with 'import gymnasium as gym' in the vast majority of cases.
See the migration guide at https://gymnasium.farama.org/introduction/migration_guide/ for additional information.
/workspace/learn-si2e/base-vcse/VCSE_A2C/rl-starter-files/rl-starter-files/scripts/train.py --algo a2c --env MiniGrid-RedBlueDoors-6x6-v0 --model rb6-vcse-s2 --frames 3000000 --use_batch --save-interval 100 --log-interval 500 --seed 2 --use_entropy_reward --use_value_condition --beta 0.005

Namespace(algo='a2c', env='MiniGrid-RedBlueDoors-6x6-v0', model='rb6-vcse-s2', seed=2, log_interval=500, save_interval=100, procs=16, frames=3000000, epochs=4, batch_size=256, frames_per_proc=None, discount=0.99, lr=0.001, gae_lambda=0.95, entropy_coef=0.01, value_loss_coef=0.5, max_grad_norm=0.5, optim_eps=1e-08, optim_alpha=0.99, clip_eps=0.2, recurrence=1, text=False, use_entropy_reward=True, use_value_condition=True, beta=0.005, use_batch=True, mem=False)

Device: cuda

Environments loaded

Training status loaded

Observations preprocessor loaded
Model loaded

ACModel(
  (image_conv): Sequential(
    (0): Conv2d(3, 16, kernel_size=(2, 2), stride=(1, 1))
    (1): ReLU()
    (2): MaxPool2d(kernel_size=(2, 2), stride=(2, 2), padding=0, dilation=1, ceil_mode=False)
    (3): Conv2d(16, 32, kernel_size=(2, 2), stride=(1, 1))
    (4): ReLU()
    (5): Conv2d(32, 64, kernel_size=(2, 2), stride=(1, 1))
    (6): ReLU()
  )
  (actor): Sequential(
    (0): Linear(in_features=64, out_features=64, bias=True)
    (1): Tanh()
    (2): Linear(in_features=64, out_features=7, bias=True)
  )
  (critic): Sequential(
    (0): Linear(in_features=64, out_features=64, bias=True)
    (1): Tanh()
    (2): Linear(in_features=64, out_features=1, bias=True)
  )
  (extr_critic): Sequential(
    (0): Linear(in_features=64, out_features=64, bias=True)
    (1): Tanh()
    (2): Linear(in_features=64, out_features=1, bias=True)
  )
)

Optimizer loaded

Status saved
Status saved
Status saved
Status saved
U 500 | F 064000 | FPS 1396 | D 45 | rR:μσmM 0.47 0.39 0.00 0.97 | F:μσmM 177.4 208.3 2.0 684.0 | H 1.663 | V -0.148 | pL -0.024 | vL 0.006 | ∇ 0.051
Status saved
Status saved
Status saved
Status saved
Status saved
U 1000 | F 128000 | FPS 1512 | D 90 | rR:μσmM 0.05 0.21 0.00 0.85 | F:μσmM 25.7 28.5 4.0 121.0 | H 1.711 | V -0.115 | pL 0.051 | vL 0.034 | ∇ 0.112
Status saved
Status saved
Status saved
Status saved
Status saved
U 1500 | F 192000 | FPS 1199 | D 135 | rR:μσmM 0.12 0.32 0.00 0.99 | F:μσmM 29.9 22.8 6.0 76.0 | H 1.568 | V -0.048 | pL 0.017 | vL 0.002 | ∇ 0.030
Status saved
Status saved
Status saved
Status saved
Status saved
U 2000 | F 256000 | FPS 1499 | D 181 | rR:μσmM 0.11 0.28 0.00 0.95 | F:μσmM 41.1 48.5 4.0 206.0 | H 1.615 | V -0.040 | pL -0.025 | vL 0.001 | ∇ 0.033
Status saved
Status saved
Status saved
Status saved
Status saved
U 2500 | F 320000 | FPS 1393 | D 226 | rR:μσmM 0.06 0.23 0.00 0.96 | F:μσmM 18.1 11.9 6.0 38.0 | H 1.381 | V -0.025 | pL 0.033 | vL 0.032 | ∇ 0.111
Status saved
Status saved
Status saved
Status saved
Status saved
U 3000 | F 384000 | FPS 1368 | D 272 | rR:μσmM 0.00 0.00 0.00 0.00 | F:μσmM 17.1 18.0 3.0 70.0 | H 1.499 | V -0.032 | pL 0.002 | vL 0.000 | ∇ 0.018
Status saved
Status saved
Status saved
Status saved
Status saved
U 3500 | F 448000 | FPS 1415 | D 317 | rR:μσmM 0.00 0.00 0.00 0.00 | F:μσmM 13.0 8.1 3.0 31.0 | H 1.539 | V -0.047 | pL -0.008 | vL 0.001 | ∇ 0.030
Status saved
Status saved
Status saved
Status saved
Status saved
U 4000 | F 512000 | FPS 1398 | D 363 | rR:μσmM 0.06 0.23 0.00 0.97 | F:μσmM 18.2 18.3 1.0 80.0 | H 1.557 | V -0.058 | pL -0.012 | vL 0.001 | ∇ 0.023
Status saved
Status saved
Status saved
Status saved
Status saved
U 4500 | F 576000 | FPS 1437 | D 409 | rR:μσmM 0.05 0.18 0.00 0.74 | F:μσmM 25.3 47.8 2.0 207.0 | H 1.420 | V -0.033 | pL -0.019 | vL 0.001 | ∇ 0.051
Status saved
Status saved
Status saved
Status saved
Status saved
U 5000 | F 640000 | FPS 1457 | D 455 | rR:μσmM 0.00 0.00 0.00 0.00 | F:μσmM 14.1 7.9 4.0 35.0 | H 1.550 | V -0.046 | pL -0.020 | vL 0.001 | ∇ 0.038
Status saved
Status saved
Status saved
Status saved
Status saved
U 5500 | F 704000 | FPS 1405 | D 501 | rR:μσmM 0.00 0.00 0.00 0.00 | F:μσmM 14.1 7.0 5.0 30.0 | H 1.423 | V -0.038 | pL -0.018 | vL 0.001 | ∇ 0.024
Status saved
Status saved
Status saved
Status saved
Status saved
U 6000 | F 768000 | FPS 1396 | D 546 | rR:μσmM 0.00 0.00 0.00 0.00 | F:μσmM 13.4 7.2 3.0 32.0 | H 1.468 | V -0.039 | pL -0.004 | vL 0.001 | ∇ 0.023
Status saved
Status saved
Status saved
Status saved
Status saved
U 6500 | F 832000 | FPS 1525 | D 592 | rR:μσmM 0.00 0.00 0.00 0.00 | F:μσmM 14.9 9.8 4.0 44.0 | H 1.381 | V -0.020 | pL -0.017 | vL 0.001 | ∇ 0.046
Status saved
Status saved
Status saved
Status saved
Status saved
U 7000 | F 896000 | FPS 1469 | D 638 | rR:μσmM 0.00 0.00 0.00 0.00 | F:μσmM 12.9 10.0 2.0 38.0 | H 1.493 | V -0.054 | pL -0.005 | vL 0.001 | ∇ 0.013
Status saved
Status saved
Status saved
Status saved
Status saved
U 7500 | F 960000 | FPS 1564 | D 683 | rR:μσmM 0.00 0.00 0.00 0.00 | F:μσmM 15.1 11.0 3.0 48.0 | H 1.469 | V -0.026 | pL -0.010 | vL 0.001 | ∇ 0.016
Status saved
Status saved
Status saved
Status saved
Status saved
U 8000 | F 1024000 | FPS 1491 | D 729 | rR:μσmM 0.00 0.00 0.00 0.00 | F:μσmM 14.4 8.0 3.0 33.0 | H 1.482 | V -0.029 | pL -0.006 | vL 0.001 | ∇ 0.021
Status saved
Status saved
Status saved
Status saved
Status saved
U 8500 | F 1088000 | FPS 1515 | D 774 | rR:μσmM 0.00 0.00 0.00 0.00 | F:μσmM 11.5 7.0 4.0 26.0 | H 1.502 | V -0.033 | pL -0.017 | vL 0.001 | ∇ 0.027
Status saved
Status saved
Status saved
Status saved
Status saved
U 9000 | F 1152000 | FPS 1473 | D 820 | rR:μσmM 0.06 0.24 0.00 0.98 | F:μσmM 8.8 5.1 1.0 20.0 | H 1.381 | V -0.017 | pL 0.020 | vL 0.030 | ∇ 0.076
Status saved
Status saved
Status saved
Status saved
Status saved
U 9500 | F 1216000 | FPS 1424 | D 866 | rR:μσmM 0.00 0.00 0.00 0.00 | F:μσmM 11.8 6.3 3.0 21.0 | H 1.481 | V -0.044 | pL -0.019 | vL 0.001 | ∇ 0.019
Status saved
Status saved
Status saved
Status saved
Status saved
U 10000 | F 1280000 | FPS 1511 | D 912 | rR:μσmM 0.00 0.00 0.00 0.00 | F:μσmM 12.4 14.2 2.0 65.0 | H 1.352 | V -0.045 | pL -0.029 | vL 0.001 | ∇ 0.028
Status saved
Status saved
Status saved
Status saved
Status saved
U 10500 | F 1344000 | FPS 1357 | D 957 | rR:μσmM 0.00 0.00 0.00 0.00 | F:μσmM 13.4 7.9 2.0 34.0 | H 1.479 | V -0.060 | pL -0.001 | vL 0.001 | ∇ 0.022
Status saved
Status saved
Status saved
Status saved
Status saved
U 11000 | F 1408000 | FPS 1031 | D 1003 | rR:μσmM 0.00 0.00 0.00 0.00 | F:μσmM 11.1 7.6 5.0 37.0 | H 1.456 | V -0.051 | pL 0.002 | vL 0.001 | ∇ 0.014
Status saved
Status saved
Status saved
Status saved
Status saved
U 11500 | F 1472000 | FPS 1478 | D 1049 | rR:μσmM 0.00 0.00 0.00 0.00 | F:μσmM 9.9 5.7 3.0 23.0 | H 1.431 | V -0.047 | pL -0.001 | vL 0.001 | ∇ 0.016
Status saved
Status saved
Status saved
Status saved
Status saved
U 12000 | F 1536000 | FPS 1522 | D 1095 | rR:μσmM 0.00 0.00 0.00 0.00 | F:μσmM 18.0 11.9 6.0 46.0 | H 1.461 | V -0.042 | pL -0.001 | vL 0.001 | ∇ 0.013
Status saved
Status saved
Status saved
Status saved
Status saved
U 12500 | F 1600000 | FPS 1452 | D 1140 | rR:μσmM 0.00 0.00 0.00 0.00 | F:μσmM 8.8 5.9 1.0 23.0 | H 1.400 | V -0.029 | pL -0.012 | vL 0.001 | ∇ 0.018
Status saved
Status saved
Status saved
Status saved
Status saved
U 13000 | F 1664000 | FPS 1350 | D 1186 | rR:μσmM 0.00 0.00 0.00 0.00 | F:μσmM 14.2 6.4 4.0 27.0 | H 1.481 | V -0.047 | pL -0.021 | vL 0.001 | ∇ 0.017
Status saved
Status saved
Status saved
Status saved
Status saved
U 13500 | F 1728000 | FPS 1531 | D 1232 | rR:μσmM 0.06 0.23 0.00 0.95 | F:μσmM 12.3 7.8 3.0 39.0 | H 1.306 | V -0.022 | pL -0.021 | vL 0.001 | ∇ 0.036
Status saved
Status saved
Status saved
Status saved
Status saved
U 14000 | F 1792000 | FPS 1360 | D 1278 | rR:μσmM 0.00 0.00 0.00 0.00 | F:μσmM 8.8 5.9 1.0 22.0 | H 1.458 | V -0.050 | pL -0.009 | vL 0.001 | ∇ 0.033
Status saved
Status saved
Status saved
Status saved
Status saved
U 14500 | F 1856000 | FPS 1451 | D 1323 | rR:μσmM 0.00 0.00 0.00 0.00 | F:μσmM 19.3 18.2 4.0 65.0 | H 1.519 | V -0.061 | pL -0.001 | vL 0.001 | ∇ 0.017
Status saved
Status saved
Status saved
Status saved
Status saved
U 15000 | F 1920000 | FPS 1012 | D 1369 | rR:μσmM 0.00 0.00 0.00 0.00 | F:μσmM 15.1 14.4 1.0 64.0 | H 1.467 | V -0.059 | pL -0.022 | vL 0.001 | ∇ 0.023
Status saved
Status saved
Status saved
Status saved
Status saved
U 15500 | F 1984000 | FPS 1494 | D 1415 | rR:μσmM 0.06 0.24 0.00 0.98 | F:μσmM 12.4 7.4 5.0 35.0 | H 1.478 | V -0.035 | pL 0.041 | vL 0.031 | ∇ 0.082
Status saved
Status saved
Status saved
Status saved
Status saved
U 16000 | F 2048000 | FPS 1456 | D 1461 | rR:μσmM 0.12 0.32 0.00 0.98 | F:μσmM 15.9 7.0 6.0 35.0 | H 1.328 | V -0.031 | pL 0.061 | vL 0.039 | ∇ 0.157
Status saved
Status saved
Status saved
Status saved
Status saved
U 16500 | F 2112000 | FPS 1439 | D 1506 | rR:μσmM 0.00 0.00 0.00 0.00 | F:μσmM 14.1 8.9 4.0 40.0 | H 1.295 | V -0.031 | pL -0.007 | vL 0.001 | ∇ 0.015
Status saved
Status saved
Status saved
Status saved
Status saved
U 17000 | F 2176000 | FPS 1453 | D 1551 | rR:μσmM 0.00 0.00 0.00 0.00 | F:μσmM 15.5 11.5 3.0 52.0 | H 1.455 | V -0.059 | pL -0.016 | vL 0.001 | ∇ 0.021
Status saved
Status saved
Status saved
Status saved
Status saved
U 17500 | F 2240000 | FPS 1031 | D 1596 | rR:μσmM 0.00 0.00 0.00 0.00 | F:μσmM 16.1 14.6 1.0 65.0 | H 1.470 | V -0.054 | pL -0.018 | vL 0.001 | ∇ 0.024
Status saved
Status saved
Status saved
Status saved
Status saved
U 18000 | F 2304000 | FPS 1480 | D 1642 | rR:μσmM 0.00 0.00 0.00 0.00 | F:μσmM 11.3 6.2 2.0 25.0 | H 1.471 | V -0.052 | pL -0.020 | vL 0.001 | ∇ 0.015
Status saved
Status saved
Status saved
Status saved
Status saved
U 18500 | F 2368000 | FPS 1385 | D 1687 | rR:μσmM 0.00 0.00 0.00 0.00 | F:μσmM 14.4 8.8 3.0 35.0 | H 1.438 | V -0.052 | pL -0.018 | vL 0.001 | ∇ 0.020
Status saved
Status saved
Status saved
Status saved
Status saved
U 19000 | F 2432000 | FPS 1421 | D 1732 | rR:μσmM 0.00 0.00 0.00 0.00 | F:μσmM 10.6 5.3 3.0 19.0 | H 1.452 | V -0.048 | pL -0.025 | vL 0.001 | ∇ 0.023
Status saved
Status saved
Status saved
Status saved
Status saved
U 19500 | F 2496000 | FPS 1358 | D 1778 | rR:μσmM 0.00 0.00 0.00 0.00 | F:μσmM 14.1 7.1 6.0 34.0 | H 1.511 | V -0.054 | pL -0.008 | vL 0.001 | ∇ 0.023
Status saved
Status saved
Status saved
Status saved
Status saved
U 20000 | F 2560000 | FPS 1447 | D 1823 | rR:μσmM 0.00 0.00 0.00 0.00 | F:μσmM 12.8 5.3 2.0 21.0 | H 1.433 | V -0.027 | pL -0.023 | vL 0.001 | ∇ 0.019
Status saved
Status saved
Status saved
Status saved
Status saved
U 20500 | F 2624000 | FPS 1440 | D 1868 | rR:μσmM 0.00 0.00 0.00 0.00 | F:μσmM 10.9 7.6 2.0 25.0 | H 1.489 | V -0.043 | pL -0.014 | vL 0.001 | ∇ 0.013
Status saved
Status saved
Status saved
Status saved
Status saved
U 21000 | F 2688000 | FPS 1506 | D 1914 | rR:μσmM 0.06 0.24 0.00 0.98 | F:μσmM 13.4 7.1 1.0 28.0 | H 1.418 | V -0.044 | pL 0.004 | vL 0.016 | ∇ 0.040
Status saved
Status saved
Status saved
Status saved
Status saved
U 21500 | F 2752000 | FPS 1408 | D 1960 | rR:μσmM 0.00 0.00 0.00 0.00 | F:μσmM 14.2 9.0 2.0 30.0 | H 1.351 | V -0.043 | pL -0.008 | vL 0.000 | ∇ 0.022
Status saved
Status saved
Status saved
Status saved
Status saved
U 22000 | F 2816000 | FPS 1427 | D 2005 | rR:μσmM 0.00 0.00 0.00 0.00 | F:μσmM 13.1 7.7 2.0 37.0 | H 1.521 | V -0.054 | pL -0.019 | vL 0.001 | ∇ 0.012
Status saved
Status saved
Status saved
Status saved
Status saved
U 22500 | F 2880000 | FPS 1470 | D 2050 | rR:μσmM 0.00 0.00 0.00 0.00 | F:μσmM 13.2 11.0 2.0 47.0 | H 1.350 | V -0.044 | pL -0.007 | vL 0.001 | ∇ 0.018
Status saved
Status saved
Status saved
Status saved
Status saved
U 23000 | F 2944000 | FPS 1370 | D 2095 | rR:μσmM 0.00 0.00 0.00 0.00 | F:μσmM 11.6 5.5 4.0 25.0 | H 1.492 | V -0.048 | pL -0.009 | vL 0.001 | ∇ 0.018
Status saved
Status saved
Status saved
Status saved
Status saved
