Gym has been unmaintained since 2022 and does not support NumPy 2.0 amongst other critical functionality.
Please upgrade to Gymnasium, the maintained drop-in replacement of Gym, or contact the authors of your software and request that they upgrade.
Users of this version of Gym should be able to simply replace 'import gym' with 'import gymnasium as gym' in the vast majority of cases.
See the migration guide at https://gymnasium.farama.org/introduction/migration_guide/ for additional information.
/workspace/learn-si2e/SI2E/SI2E_A2C/rl-starter-files/rl-starter-files/scripts/train.py --env MiniGrid-KeyCorridorS3R2-v0 --model ppo-exp-ppo-si2e-KeyCorridorS3R2-s5 --frames 3000000 --use_batch --save-interval 100 --log-interval 500 --seed 5 --algo ppo --use_entropy_reward --use_value_condition --beta 0.005

Namespace(algo='ppo', env='MiniGrid-KeyCorridorS3R2-v0', model='ppo-exp-ppo-si2e-KeyCorridorS3R2-s5', seed=5, log_interval=500, save_interval=100, procs=16, frames=3000000, epochs=4, batch_size=256, frames_per_proc=None, discount=0.99, lr=0.001, gae_lambda=0.95, entropy_coef=0.01, value_loss_coef=0.5, max_grad_norm=0.5, optim_eps=1e-08, optim_alpha=0.99, clip_eps=0.2, recurrence=1, text=False, use_entropy_reward=True, use_value_condition=True, beta=0.005, beta_adaptive=False, fast_se=False, use_batch=True, ablation=None, mem=False)

Device: cuda:0

Environments loaded

Training status loaded

Observations preprocessor loaded
Model loaded

ACModel(
  (image_conv): Sequential(
    (0): Conv2d(3, 16, kernel_size=(2, 2), stride=(1, 1))
    (1): ReLU()
    (2): MaxPool2d(kernel_size=(2, 2), stride=(2, 2), padding=0, dilation=1, ceil_mode=False)
    (3): Conv2d(16, 32, kernel_size=(2, 2), stride=(1, 1))
    (4): ReLU()
    (5): Conv2d(32, 64, kernel_size=(2, 2), stride=(1, 1))
    (6): ReLU()
  )
  (actor): Sequential(
    (0): Linear(in_features=64, out_features=64, bias=True)
    (1): Tanh()
    (2): Linear(in_features=64, out_features=7, bias=True)
  )
  (critic): Sequential(
    (0): Linear(in_features=64, out_features=64, bias=True)
    (1): Tanh()
    (2): Linear(in_features=64, out_features=1, bias=True)
  )
  (extr_critic): Sequential(
    (0): Linear(in_features=64, out_features=64, bias=True)
    (1): Tanh()
    (2): Linear(in_features=64, out_features=1, bias=True)
  )
)

Optimizer loaded

Status saved
Status saved
Status saved
Status saved
U 500 | F 064000 | FPS 0510 | D 126 | rR:μσmM 0.00 0.00 0.00 0.00 | F:μσmM 270.0 0.0 270.0 270.0 | H 1.756 | V -0.364 | pL 0.000 | vL 0.001 | ∇ 0.012
Status saved
Status saved
Status saved
Status saved
Status saved
U 1000 | F 128000 | FPS 0518 | D 249 | rR:μσmM 0.00 0.00 0.00 0.00 | F:μσmM 270.0 0.0 270.0 270.0 | H 1.708 | V -0.300 | pL 0.011 | vL 0.001 | ∇ 0.012
Status saved
Status saved
Status saved
Status saved
Status saved
U 1500 | F 192000 | FPS 0598 | D 374 | rR:μσmM 0.00 0.00 0.00 0.00 | F:μσmM 270.0 0.0 270.0 270.0 | H 1.700 | V -0.281 | pL 0.009 | vL 0.001 | ∇ 0.010
Status saved
Status saved
Status saved
Status saved
Status saved
U 2000 | F 256000 | FPS 0254 | D 500 | rR:μσmM 0.00 0.00 0.00 0.00 | F:μσmM 270.0 0.0 270.0 270.0 | H 1.703 | V -0.318 | pL 0.013 | vL 0.001 | ∇ 0.014
Status saved
Status saved
Status saved
Status saved
Status saved
U 2500 | F 320000 | FPS 0558 | D 623 | rR:μσmM 0.01 0.05 0.00 0.19 | F:μσmM 268.4 6.3 244.0 270.0 | H 1.816 | V -0.302 | pL 0.013 | vL 0.001 | ∇ 0.022
Status saved
Status saved
Status saved
Status saved
Status saved
U 3000 | F 384000 | FPS 0583 | D 738 | rR:μσmM 0.00 0.00 0.00 0.00 | F:μσmM 270.0 0.0 270.0 270.0 | H 1.753 | V -0.316 | pL 0.002 | vL 0.001 | ∇ 0.016
Status saved
Status saved
Status saved
Status saved
Status saved
U 3500 | F 448000 | FPS 0525 | D 854 | rR:μσmM 0.00 0.00 0.00 0.00 | F:μσmM 270.0 0.0 270.0 270.0 | H 1.656 | V -0.332 | pL -0.019 | vL 0.005 | ∇ 0.021
Status saved
Status saved
Status saved
Status saved
Status saved
U 4000 | F 512000 | FPS 0623 | D 970 | rR:μσmM 0.01 0.04 0.00 0.15 | F:μσmM 269.1 3.6 255.0 270.0 | H 1.754 | V -0.355 | pL -0.002 | vL 0.002 | ∇ 0.013
Status saved
Status saved
Status saved
Status saved
Status saved
U 4500 | F 576000 | FPS 0612 | D 1086 | rR:μσmM 0.00 0.00 0.00 0.00 | F:μσmM 270.0 0.0 270.0 270.0 | H 1.729 | V -0.311 | pL -0.003 | vL 0.001 | ∇ 0.008
Status saved
Status saved
Status saved
Status saved
Status saved
U 5000 | F 640000 | FPS 0616 | D 1201 | rR:μσmM 0.00 0.00 0.00 0.00 | F:μσmM 270.0 0.0 270.0 270.0 | H 1.705 | V -0.315 | pL 0.006 | vL 0.001 | ∇ 0.007
Status saved
Status saved
Status saved
Status saved
Status saved
U 5500 | F 704000 | FPS 0591 | D 1319 | rR:μσmM 0.00 0.00 0.00 0.00 | F:μσmM 270.0 0.0 270.0 270.0 | H 1.787 | V -0.311 | pL 0.008 | vL 0.001 | ∇ 0.013
Status saved
Status saved
Status saved
Status saved
Status saved
U 6000 | F 768000 | FPS 0534 | D 1437 | rR:μσmM 0.00 0.00 0.00 0.00 | F:μσmM 270.0 0.0 270.0 270.0 | H 1.735 | V -0.332 | pL 0.006 | vL 0.002 | ∇ 0.010
Status saved
Status saved
Status saved
Status saved
Status saved
U 6500 | F 832000 | FPS 0510 | D 1563 | rR:μσmM 0.00 0.00 0.00 0.00 | F:μσmM 270.0 0.0 270.0 270.0 | H 1.785 | V -0.332 | pL -0.011 | vL 0.005 | ∇ 0.018
Status saved
Status saved
Status saved
Status saved
Status saved
U 7000 | F 896000 | FPS 0437 | D 1701 | rR:μσmM 0.00 0.00 0.00 0.00 | F:μσmM 270.0 0.0 270.0 270.0 | H 1.783 | V -0.429 | pL 0.005 | vL 0.001 | ∇ 0.009
Status saved
Status saved
Status saved
Status saved
Status saved
U 7500 | F 960000 | FPS 0390 | D 1862 | rR:μσmM 0.00 0.00 0.00 0.00 | F:μσmM 270.0 0.0 270.0 270.0 | H 1.780 | V -0.317 | pL 0.006 | vL 0.001 | ∇ 0.008
Status saved
Status saved
Status saved
Status saved
Status saved
U 8000 | F 1024000 | FPS 0509 | D 2035 | rR:μσmM 0.02 0.08 0.00 0.35 | F:μσmM 265.3 18.2 195.0 270.0 | H 1.770 | V -0.314 | pL -0.002 | vL 0.004 | ∇ 0.016
Status saved
Status saved
Status saved
Status saved
Status saved
U 8500 | F 1088000 | FPS 0329 | D 2263 | rR:μσmM 0.00 0.00 0.00 0.00 | F:μσmM 270.0 0.0 270.0 270.0 | H 1.699 | V -0.343 | pL -0.015 | vL 0.004 | ∇ 0.026
Status saved
Status saved
Status saved
Status saved
Status saved
U 9000 | F 1152000 | FPS 0347 | D 2443 | rR:μσmM 0.00 0.00 0.00 0.00 | F:μσmM 270.0 0.0 270.0 270.0 | H 1.752 | V -0.296 | pL -0.006 | vL 0.002 | ∇ 0.015
Status saved
Status saved
Status saved
Status saved
Status saved
U 9500 | F 1216000 | FPS 0329 | D 2675 | rR:μσmM 0.00 0.00 0.00 0.00 | F:μσmM 270.0 0.0 270.0 270.0 | H 1.773 | V -0.346 | pL 0.013 | vL 0.001 | ∇ 0.018
Status saved
Status saved
Status saved
Status saved
Status saved
U 10000 | F 1280000 | FPS 0357 | D 2921 | rR:μσmM 0.02 0.08 0.00 0.32 | F:μσmM 265.9 15.7 205.0 270.0 | H 1.738 | V -0.330 | pL 0.010 | vL 0.001 | ∇ 0.012
Status saved
Status saved
Status saved
Status saved
Status saved
U 10500 | F 1344000 | FPS 0444 | D 3097 | rR:μσmM 0.00 0.00 0.00 0.00 | F:μσmM 270.0 0.0 270.0 270.0 | H 1.780 | V -0.307 | pL -0.013 | vL 0.006 | ∇ 0.026
Status saved
Status saved
Status saved
Status saved
Status saved
U 11000 | F 1408000 | FPS 0254 | D 3270 | rR:μσmM 0.00 0.00 0.00 0.00 | F:μσmM 270.0 0.0 270.0 270.0 | H 1.762 | V -0.339 | pL -0.004 | vL 0.004 | ∇ 0.022
Status saved
Status saved
Status saved
Status saved
Status saved
U 11500 | F 1472000 | FPS 0272 | D 3444 | rR:μσmM 0.01 0.03 0.00 0.12 | F:μσmM 269.7 1.2 265.0 270.0 | H 1.749 | V -0.289 | pL 0.009 | vL 0.001 | ∇ 0.011
Status saved
Status saved
Status saved
Status saved
Status saved
U 12000 | F 1536000 | FPS 0428 | D 3611 | rR:μσmM 0.03 0.11 0.00 0.45 | F:μσmM 263.4 25.7 164.0 270.0 | H 1.762 | V -0.333 | pL -0.009 | vL 0.005 | ∇ 0.023
Status saved
Status saved
Status saved
Status saved
Status saved
U 12500 | F 1600000 | FPS 0391 | D 3777 | rR:μσmM 0.02 0.07 0.00 0.27 | F:μσmM 266.8 12.1 220.0 270.0 | H 1.741 | V -0.319 | pL 0.003 | vL 0.001 | ∇ 0.006
Status saved
Status saved
Status saved
Status saved
Status saved
U 13000 | F 1664000 | FPS 0455 | D 3941 | rR:μσmM 0.00 0.00 0.00 0.00 | F:μσmM 270.0 0.0 270.0 270.0 | H 1.770 | V -0.331 | pL 0.006 | vL 0.001 | ∇ 0.007
Status saved
Status saved
Status saved
Status saved
Status saved
U 13500 | F 1728000 | FPS 0343 | D 4104 | rR:μσmM 0.00 0.00 0.00 0.00 | F:μσmM 270.0 0.0 270.0 270.0 | H 1.737 | V -0.315 | pL 0.009 | vL 0.001 | ∇ 0.012
Status saved
Status saved
Status saved
Status saved
Status saved
U 14000 | F 1792000 | FPS 0263 | D 4269 | rR:μσmM 0.00 0.00 0.00 0.00 | F:μσmM 270.0 0.0 270.0 270.0 | H 1.745 | V -0.302 | pL -0.019 | vL 0.008 | ∇ 0.030
Status saved
Status saved
Status saved
Status saved
Status saved
U 14500 | F 1856000 | FPS 0372 | D 4432 | rR:μσmM 0.03 0.10 0.00 0.41 | F:μσmM 264.1 22.8 176.0 270.0 | H 1.758 | V -0.301 | pL -0.009 | vL 0.004 | ∇ 0.015
Status saved
Status saved
Status saved
Status saved
Status saved
U 15000 | F 1920000 | FPS 0387 | D 4596 | rR:μσmM 0.00 0.00 0.00 0.00 | F:μσmM 270.0 0.0 270.0 270.0 | H 1.767 | V -0.308 | pL 0.006 | vL 0.001 | ∇ 0.010
Status saved
Status saved
Status saved
Status saved
Status saved
U 15500 | F 1984000 | FPS 0339 | D 4771 | rR:μσmM 0.01 0.03 0.00 0.11 | F:μσmM 269.8 0.7 267.0 270.0 | H 1.698 | V -0.264 | pL -0.000 | vL 0.001 | ∇ 0.011
Status saved
Status saved
Status saved
Status saved
Status saved
U 16000 | F 2048000 | FPS 0472 | D 4918 | rR:μσmM 0.00 0.00 0.00 0.00 | F:μσmM 270.0 0.0 270.0 270.0 | H 1.755 | V -0.318 | pL -0.001 | vL 0.000 | ∇ 0.006
Status saved
Status saved
Status saved
Status saved
Status saved
U 16500 | F 2112000 | FPS 0474 | D 5060 | rR:μσmM 0.00 0.00 0.00 0.00 | F:μσmM 270.0 0.0 270.0 270.0 | H 1.730 | V -0.304 | pL -0.001 | vL 0.001 | ∇ 0.006
Status saved
Status saved
Status saved
Status saved
Status saved
U 17000 | F 2176000 | FPS 0474 | D 5204 | rR:μσmM 0.00 0.00 0.00 0.00 | F:μσmM 270.0 0.0 270.0 270.0 | H 1.749 | V -0.327 | pL 0.012 | vL 0.001 | ∇ 0.020
Status saved
Status saved
Status saved
Status saved
Status saved
U 17500 | F 2240000 | FPS 0490 | D 5347 | rR:μσmM 0.01 0.06 0.00 0.24 | F:μσmM 267.4 10.2 228.0 270.0 | H 1.776 | V -0.315 | pL -0.002 | vL 0.003 | ∇ 0.014
Status saved
Status saved
Status saved
Status saved
Status saved
U 18000 | F 2304000 | FPS 0443 | D 5490 | rR:μσmM 0.02 0.06 0.00 0.27 | F:μσmM 266.9 12.1 220.0 270.0 | H 1.747 | V -0.324 | pL -0.020 | vL 0.004 | ∇ 0.035
Status saved
Status saved
Status saved
Status saved
Status saved
U 18500 | F 2368000 | FPS 0479 | D 5633 | rR:μσmM 0.04 0.14 0.00 0.57 | F:μσmM 261.2 34.1 129.0 270.0 | H 1.765 | V -0.340 | pL 0.005 | vL 0.004 | ∇ 0.019
Status saved
Status saved
Status saved
Status saved
Status saved
U 19000 | F 2432000 | FPS 0478 | D 5776 | rR:μσmM 0.05 0.14 0.00 0.43 | F:μσmM 258.4 30.7 170.0 270.0 | H 1.722 | V -0.288 | pL 0.002 | vL 0.001 | ∇ 0.008
Status saved
Status saved
Status saved
Status saved
Status saved
U 19500 | F 2496000 | FPS 0429 | D 5920 | rR:μσmM 0.00 0.00 0.00 0.00 | F:μσmM 270.0 0.0 270.0 270.0 | H 1.765 | V -0.304 | pL 0.004 | vL 0.000 | ∇ 0.005
Status saved
Status saved
Status saved
Status saved
Status saved
U 20000 | F 2560000 | FPS 0438 | D 6063 | rR:μσmM 0.04 0.17 0.00 0.71 | F:μσmM 258.5 44.5 86.0 270.0 | H 1.732 | V -0.297 | pL 0.004 | vL 0.001 | ∇ 0.016
Status saved
Status saved
Status saved
Status saved
Status saved
U 20500 | F 2624000 | FPS 0493 | D 6206 | rR:μσmM 0.00 0.00 0.00 0.00 | F:μσmM 270.0 0.0 270.0 270.0 | H 1.772 | V -0.316 | pL 0.008 | vL 0.001 | ∇ 0.015
Status saved
Status saved
Status saved
Status saved
Status saved
U 21000 | F 2688000 | FPS 0471 | D 6350 | rR:μσmM 0.01 0.05 0.00 0.19 | F:μσmM 268.4 6.3 244.0 270.0 | H 1.774 | V -0.291 | pL -0.005 | vL 0.002 | ∇ 0.009
Status saved
Status saved
Status saved
Status saved
Status saved
U 21500 | F 2752000 | FPS 0296 | D 6492 | rR:μσmM 0.00 0.00 0.00 0.00 | F:μσmM 270.0 0.0 270.0 270.0 | H 1.743 | V -0.294 | pL 0.000 | vL 0.004 | ∇ 0.014
Status saved
Status saved
Status saved
Status saved
Status saved
U 22000 | F 2816000 | FPS 0498 | D 6634 | rR:μσmM 0.00 0.00 0.00 0.00 | F:μσmM 270.0 0.0 270.0 270.0 | H 1.707 | V -0.326 | pL 0.009 | vL 0.001 | ∇ 0.008
Status saved
Status saved
Status saved
Status saved
Status saved
U 22500 | F 2880000 | FPS 0441 | D 6776 | rR:μσmM 0.00 0.00 0.00 0.00 | F:μσmM 270.0 0.0 270.0 270.0 | H 1.763 | V -0.322 | pL 0.002 | vL 0.001 | ∇ 0.007
Status saved
Status saved
Status saved
Status saved
Status saved
U 23000 | F 2944000 | FPS 0367 | D 6919 | rR:μσmM 0.00 0.00 0.00 0.00 | F:μσmM 270.0 0.0 270.0 270.0 | H 1.759 | V -0.324 | pL -0.002 | vL 0.004 | ∇ 0.014
Status saved
Status saved
Status saved
Status saved
Status saved
