Gym has been unmaintained since 2022 and does not support NumPy 2.0 amongst other critical functionality.
Please upgrade to Gymnasium, the maintained drop-in replacement of Gym, or contact the authors of your software and request that they upgrade.
Users of this version of Gym should be able to simply replace 'import gym' with 'import gymnasium as gym' in the vast majority of cases.
See the migration guide at https://gymnasium.farama.org/introduction/migration_guide/ for additional information.
/workspace/learn-si2e/SI2E/SI2E_A2C/rl-starter-files/rl-starter-files/scripts/train.py --algo a2c --env MiniGrid-DoorKey-16x16-v0 --model dk16-baseline-s3 --frames 3000000 --use_batch --save-interval 100 --log-interval 500 --seed 3

Namespace(algo='a2c', env='MiniGrid-DoorKey-16x16-v0', model='dk16-baseline-s3', seed=3, log_interval=500, save_interval=100, procs=16, frames=3000000, epochs=4, batch_size=256, frames_per_proc=None, discount=0.99, lr=0.001, gae_lambda=0.95, entropy_coef=0.01, value_loss_coef=0.5, max_grad_norm=0.5, optim_eps=1e-08, optim_alpha=0.99, clip_eps=0.2, recurrence=1, text=False, use_entropy_reward=False, use_value_condition=False, beta=1e-05, use_batch=True, mem=False)

Device: cuda:0

Environments loaded

Training status loaded

Observations preprocessor loaded
Model loaded

ACModel(
  (image_conv): Sequential(
    (0): Conv2d(3, 16, kernel_size=(2, 2), stride=(1, 1))
    (1): ReLU()
    (2): MaxPool2d(kernel_size=(2, 2), stride=(2, 2), padding=0, dilation=1, ceil_mode=False)
    (3): Conv2d(16, 32, kernel_size=(2, 2), stride=(1, 1))
    (4): ReLU()
    (5): Conv2d(32, 64, kernel_size=(2, 2), stride=(1, 1))
    (6): ReLU()
  )
  (actor): Sequential(
    (0): Linear(in_features=64, out_features=64, bias=True)
    (1): Tanh()
    (2): Linear(in_features=64, out_features=7, bias=True)
  )
  (critic): Sequential(
    (0): Linear(in_features=64, out_features=64, bias=True)
    (1): Tanh()
    (2): Linear(in_features=64, out_features=1, bias=True)
  )
  (extr_critic): Sequential(
    (0): Linear(in_features=64, out_features=64, bias=True)
    (1): Tanh()
    (2): Linear(in_features=64, out_features=1, bias=True)
  )
)

Optimizer loaded

Status saved
Status saved
Status saved
Status saved
U 500 | F 064000 | FPS 1813 | D 36 | rR:μσmM 0.00 0.00 0.00 0.00 | F:μσmM 2560.0 0.0 2560.0 2560.0 | H 1.946 | V 0.005 | pL -0.002 | vL 0.000 | ∇ 0.002
Status saved
Status saved
Status saved
Status saved
Status saved
U 1000 | F 128000 | FPS 1903 | D 72 | rR:μσmM 0.03 0.13 0.00 0.55 | F:μσmM 2480.9 306.4 1294.0 2560.0 | H 1.946 | V 0.002 | pL 0.000 | vL 0.000 | ∇ 0.000
Status saved
Status saved
Status saved
Status saved
Status saved
U 1500 | F 192000 | FPS 1679 | D 109 | rR:μσmM 0.00 0.00 0.00 0.00 | F:μσmM 2560.0 0.0 2560.0 2560.0 | H 1.946 | V -0.006 | pL 0.000 | vL 0.000 | ∇ 0.000
Status saved
Status saved
Status saved
Status saved
Status saved
U 2000 | F 256000 | FPS 2005 | D 145 | rR:μσmM 0.00 0.00 0.00 0.00 | F:μσmM 2560.0 0.0 2560.0 2560.0 | H 1.946 | V -0.000 | pL 0.000 | vL 0.000 | ∇ 0.000
Status saved
Status saved
Status saved
Status saved
Status saved
U 2500 | F 320000 | FPS 1658 | D 181 | rR:μσmM 0.02 0.10 0.00 0.40 | F:μσmM 2507.4 203.8 1718.0 2560.0 | H 1.946 | V 0.000 | pL 0.000 | vL 0.000 | ∇ 0.000
Status saved
Status saved
Status saved
Status saved
Status saved
U 3000 | F 384000 | FPS 1612 | D 218 | rR:μσmM 0.00 0.00 0.00 0.00 | F:μσmM 2560.0 0.0 2560.0 2560.0 | H 1.946 | V -0.000 | pL 0.000 | vL 0.000 | ∇ 0.000
Status saved
Status saved
Status saved
Status saved
Status saved
U 3500 | F 448000 | FPS 1974 | D 254 | rR:μσmM 0.00 0.00 0.00 0.00 | F:μσmM 2560.0 0.0 2560.0 2560.0 | H 1.946 | V 0.000 | pL -0.000 | vL 0.000 | ∇ 0.000
Status saved
Status saved
Status saved
Status saved
Status saved
U 4000 | F 512000 | FPS 1910 | D 290 | rR:μσmM 0.00 0.00 0.00 0.00 | F:μσmM 2560.0 0.0 2560.0 2560.0 | H 1.946 | V -0.001 | pL 0.000 | vL 0.000 | ∇ 0.000
Status saved
Status saved
Status saved
Status saved
Status saved
U 4500 | F 576000 | FPS 1813 | D 326 | rR:μσmM 0.00 0.00 0.00 0.00 | F:μσmM 2560.0 0.0 2560.0 2560.0 | H 1.946 | V -0.001 | pL 0.000 | vL 0.000 | ∇ 0.000
Status saved
Status saved
Status saved
Status saved
Status saved
U 5000 | F 640000 | FPS 2232 | D 362 | rR:μσmM 0.00 0.00 0.00 0.00 | F:μσmM 2560.0 0.0 2560.0 2560.0 | H 1.946 | V -0.000 | pL 0.000 | vL 0.000 | ∇ 0.000
Status saved
Status saved
Status saved
Status saved
Status saved
U 5500 | F 704000 | FPS 1842 | D 399 | rR:μσmM 0.00 0.00 0.00 0.00 | F:μσmM 2560.0 0.0 2560.0 2560.0 | H 1.946 | V 0.000 | pL 0.000 | vL 0.000 | ∇ 0.000
Status saved
Status saved
Status saved
Status saved
Status saved
U 6000 | F 768000 | FPS 1628 | D 435 | rR:μσmM 0.00 0.00 0.00 0.00 | F:μσmM 2560.0 0.0 2560.0 2560.0 | H 1.946 | V 0.000 | pL 0.000 | vL 0.000 | ∇ 0.000
Status saved
Status saved
Status saved
Status saved
Status saved
U 6500 | F 832000 | FPS 1694 | D 471 | rR:μσmM 0.00 0.00 0.00 0.00 | F:μσmM 2560.0 0.0 2560.0 2560.0 | H 1.946 | V -0.000 | pL 0.000 | vL 0.000 | ∇ 0.000
Status saved
Status saved
Status saved
Status saved
Status saved
U 7000 | F 896000 | FPS 1647 | D 507 | rR:μσmM 0.00 0.00 0.00 0.00 | F:μσmM 2560.0 0.0 2560.0 2560.0 | H 1.946 | V -0.000 | pL 0.000 | vL 0.000 | ∇ 0.000
Status saved
Status saved
Status saved
Status saved
Status saved
U 7500 | F 960000 | FPS 1948 | D 543 | rR:μσmM 0.00 0.00 0.00 0.00 | F:μσmM 2560.0 0.0 2560.0 2560.0 | H 1.946 | V -0.001 | pL 0.000 | vL 0.000 | ∇ 0.000
Status saved
Status saved
Status saved
Status saved
Status saved
U 8000 | F 1024000 | FPS 2101 | D 580 | rR:μσmM 0.00 0.00 0.00 0.00 | F:μσmM 2560.0 0.0 2560.0 2560.0 | H 1.946 | V -0.000 | pL 0.000 | vL 0.000 | ∇ 0.000
Status saved
Status saved
Status saved
Status saved
Status saved
U 8500 | F 1088000 | FPS 1624 | D 616 | rR:μσmM 0.00 0.00 0.00 0.00 | F:μσmM 2560.0 0.0 2560.0 2560.0 | H 1.946 | V -0.000 | pL 0.000 | vL 0.000 | ∇ 0.000
Status saved
Status saved
Status saved
Status saved
Status saved
U 9000 | F 1152000 | FPS 1693 | D 652 | rR:μσmM 0.00 0.00 0.00 0.00 | F:μσmM 2560.0 0.0 2560.0 2560.0 | H 1.946 | V 0.000 | pL 0.000 | vL 0.000 | ∇ 0.000
Status saved
Status saved
Status saved
Status saved
Status saved
U 9500 | F 1216000 | FPS 1515 | D 688 | rR:μσmM 0.00 0.00 0.00 0.00 | F:μσmM 2560.0 0.0 2560.0 2560.0 | H 1.946 | V 0.000 | pL 0.000 | vL 0.000 | ∇ 0.000
Status saved
Status saved
Status saved
Status saved
Status saved
U 10000 | F 1280000 | FPS 2090 | D 724 | rR:μσmM 0.00 0.00 0.00 0.00 | F:μσmM 2560.0 0.0 2560.0 2560.0 | H 1.946 | V 0.000 | pL 0.000 | vL 0.000 | ∇ 0.000
Status saved
Status saved
Status saved
Status saved
Status saved
U 10500 | F 1344000 | FPS 2117 | D 760 | rR:μσmM 0.00 0.00 0.00 0.00 | F:μσmM 2560.0 0.0 2560.0 2560.0 | H 1.946 | V 0.000 | pL 0.000 | vL 0.000 | ∇ 0.000
Status saved
Status saved
Status saved
Status saved
Status saved
U 11000 | F 1408000 | FPS 2037 | D 797 | rR:μσmM 0.00 0.00 0.00 0.00 | F:μσmM 2560.0 0.0 2560.0 2560.0 | H 1.946 | V 0.000 | pL -0.000 | vL 0.000 | ∇ 0.000
Status saved
Status saved
Status saved
Status saved
Status saved
U 11500 | F 1472000 | FPS 1989 | D 832 | rR:μσmM 0.00 0.00 0.00 0.00 | F:μσmM 2560.0 0.0 2560.0 2560.0 | H 1.946 | V 0.000 | pL 0.000 | vL 0.000 | ∇ 0.000
Status saved
Status saved
Status saved
Status saved
Status saved
U 12000 | F 1536000 | FPS 1955 | D 870 | rR:μσmM 0.00 0.00 0.00 0.00 | F:μσmM 2560.0 0.0 2560.0 2560.0 | H 1.946 | V 0.000 | pL 0.000 | vL 0.000 | ∇ 0.000
Status saved
Status saved
Status saved
Status saved
Status saved
U 12500 | F 1600000 | FPS 1456 | D 906 | rR:μσmM 0.00 0.00 0.00 0.00 | F:μσmM 2560.0 0.0 2560.0 2560.0 | H 1.946 | V 0.000 | pL 0.000 | vL 0.000 | ∇ 0.000
Status saved
Status saved
Status saved
Status saved
Status saved
U 13000 | F 1664000 | FPS 1958 | D 942 | rR:μσmM 0.00 0.00 0.00 0.00 | F:μσmM 2560.0 0.0 2560.0 2560.0 | H 1.946 | V 0.000 | pL 0.000 | vL 0.000 | ∇ 0.000
Status saved
Status saved
Status saved
Status saved
Status saved
U 13500 | F 1728000 | FPS 1634 | D 978 | rR:μσmM 0.00 0.00 0.00 0.00 | F:μσmM 2560.0 0.0 2560.0 2560.0 | H 1.946 | V 0.000 | pL 0.000 | vL 0.000 | ∇ 0.000
Status saved
Status saved
Status saved
Status saved
Status saved
U 14000 | F 1792000 | FPS 1857 | D 1014 | rR:μσmM 0.00 0.00 0.00 0.00 | F:μσmM 2560.0 0.0 2560.0 2560.0 | H 1.946 | V 0.000 | pL 0.000 | vL 0.000 | ∇ 0.000
Status saved
Status saved
Status saved
Status saved
Status saved
U 14500 | F 1856000 | FPS 1726 | D 1050 | rR:μσmM 0.00 0.00 0.00 0.00 | F:μσmM 2560.0 0.0 2560.0 2560.0 | H 1.946 | V 0.000 | pL 0.000 | vL 0.000 | ∇ 0.000
Status saved
Status saved
Status saved
Status saved
Status saved
U 15000 | F 1920000 | FPS 1789 | D 1085 | rR:μσmM 0.00 0.00 0.00 0.00 | F:μσmM 2560.0 0.0 2560.0 2560.0 | H 1.946 | V 0.000 | pL 0.000 | vL 0.000 | ∇ 0.000
Status saved
Status saved
Status saved
Status saved
Status saved
U 15500 | F 1984000 | FPS 1761 | D 1123 | rR:μσmM 0.00 0.00 0.00 0.00 | F:μσmM 2560.0 0.0 2560.0 2560.0 | H 1.946 | V 0.000 | pL 0.000 | vL 0.000 | ∇ 0.000
Status saved
Status saved
Status saved
Status saved
Status saved
U 16000 | F 2048000 | FPS 1416 | D 1159 | rR:μσmM 0.00 0.00 0.00 0.00 | F:μσmM 2560.0 0.0 2560.0 2560.0 | H 1.946 | V 0.000 | pL 0.000 | vL 0.000 | ∇ 0.000
Status saved
Status saved
Status saved
Status saved
Status saved
U 16500 | F 2112000 | FPS 2155 | D 1196 | rR:μσmM 0.05 0.20 0.00 0.83 | F:μσmM 2430.2 502.5 484.0 2560.0 | H 1.946 | V 0.000 | pL -0.000 | vL 0.000 | ∇ 0.000
Status saved
Status saved
Status saved
Status saved
Status saved
U 17000 | F 2176000 | FPS 1832 | D 1231 | rR:μσmM 0.00 0.00 0.00 0.00 | F:μσmM 2560.0 0.0 2560.0 2560.0 | H 1.946 | V 0.000 | pL 0.000 | vL 0.000 | ∇ 0.000
Status saved
Status saved
Status saved
Status saved
Status saved
U 17500 | F 2240000 | FPS 1768 | D 1267 | rR:μσmM 0.02 0.09 0.00 0.37 | F:μσmM 2512.2 184.9 1796.0 2560.0 | H 1.946 | V 0.000 | pL 0.000 | vL 0.000 | ∇ 0.000
Status saved
Status saved
Status saved
Status saved
Status saved
U 18000 | F 2304000 | FPS 1515 | D 1303 | rR:μσmM 0.00 0.00 0.00 0.00 | F:μσmM 2560.0 0.0 2560.0 2560.0 | H 1.946 | V 0.000 | pL 0.000 | vL 0.000 | ∇ 0.000
Status saved
Status saved
Status saved
Status saved
Status saved
U 18500 | F 2368000 | FPS 1779 | D 1339 | rR:μσmM 0.00 0.00 0.00 0.00 | F:μσmM 2560.0 0.0 2560.0 2560.0 | H 1.946 | V 0.000 | pL 0.000 | vL 0.000 | ∇ 0.000
Status saved
Status saved
Status saved
Status saved
Status saved
U 19000 | F 2432000 | FPS 1611 | D 1376 | rR:μσmM 0.00 0.00 0.00 0.00 | F:μσmM 2560.0 0.0 2560.0 2560.0 | H 1.946 | V 0.000 | pL 0.000 | vL 0.000 | ∇ 0.000
Status saved
Status saved
Status saved
Status saved
Status saved
U 19500 | F 2496000 | FPS 1865 | D 1412 | rR:μσmM 0.00 0.00 0.00 0.00 | F:μσmM 2560.0 0.0 2560.0 2560.0 | H 1.946 | V 0.000 | pL 0.000 | vL 0.000 | ∇ 0.000
Status saved
Status saved
Status saved
Status saved
Status saved
U 20000 | F 2560000 | FPS 2237 | D 1448 | rR:μσmM 0.00 0.00 0.00 0.00 | F:μσmM 2560.0 0.0 2560.0 2560.0 | H 1.946 | V 0.000 | pL 0.000 | vL 0.000 | ∇ 0.000
Status saved
Status saved
Status saved
Status saved
Status saved
U 20500 | F 2624000 | FPS 2036 | D 1484 | rR:μσmM 0.00 0.00 0.00 0.00 | F:μσmM 2560.0 0.0 2560.0 2560.0 | H 1.946 | V 0.000 | pL 0.000 | vL 0.000 | ∇ 0.000
Status saved
Status saved
Status saved
Status saved
Status saved
U 21000 | F 2688000 | FPS 1789 | D 1520 | rR:μσmM 0.00 0.00 0.00 0.00 | F:μσmM 2560.0 0.0 2560.0 2560.0 | H 1.946 | V 0.000 | pL -0.000 | vL 0.000 | ∇ 0.000
Status saved
Status saved
Status saved
Status saved
Status saved
U 21500 | F 2752000 | FPS 1695 | D 1556 | rR:μσmM 0.04 0.17 0.00 0.69 | F:μσmM 2454.8 407.6 876.0 2560.0 | H 1.946 | V 0.000 | pL 0.000 | vL 0.000 | ∇ 0.000
Status saved
Status saved
Status saved
Status saved
Status saved
U 22000 | F 2816000 | FPS 1588 | D 1591 | rR:μσmM 0.00 0.00 0.00 0.00 | F:μσmM 2560.0 0.0 2560.0 2560.0 | H 1.946 | V 0.000 | pL 0.000 | vL 0.000 | ∇ 0.000
Status saved
Status saved
Status saved
Status saved
Status saved
U 22500 | F 2880000 | FPS 1655 | D 1627 | rR:μσmM 0.00 0.00 0.00 0.00 | F:μσmM 2560.0 0.0 2560.0 2560.0 | H 1.946 | V 0.000 | pL 0.000 | vL 0.000 | ∇ 0.000
Status saved
Status saved
Status saved
Status saved
Status saved
U 23000 | F 2944000 | FPS 1625 | D 1663 | rR:μσmM 0.00 0.00 0.00 0.00 | F:μσmM 2560.0 0.0 2560.0 2560.0 | H 1.946 | V 0.000 | pL 0.000 | vL 0.000 | ∇ 0.000
Status saved
Status saved
Status saved
Status saved
Status saved
