/workspace/learn-si2e/SI2E/SI2E_DrQv2/train.py:210: UserWarning: 
The version_base parameter is not specified.
Please specify a compatability version level, or None.
Will assume defaults for version 1.1
  @hydra.main(config_path='cfgs', config_name='config')
/usr/local/lib/python3.10/dist-packages/hydra/_internal/hydra.py:119: UserWarning: Future Hydra versions will no longer change working directory at job runtime by default.
See https://hydra.cc/docs/1.2/upgrades/1.1_to_1.2/changes_to_job_working_dir/ for more information.
  ret = run_job(
/workspace/learn-si2e/SI2E/SI2E_DrQv2/train.py:210: UserWarning: 
The version_base parameter is not specified.
Please specify a compatability version level, or None.
Will assume defaults for version 1.1
  @hydra.main(config_path='cfgs', config_name='config')
workspace: /workspace/learn-si2e/results/drqv2-full/hopper_stand_se_seed1
| eval           | F: 0 | S: 0 | E: 0 | L: 1000 | R: 1.4988 | T: 0:00:00
| train          | F: 5000 | S: 2500 | E: 5 | L: 1000 | R: 0.0000 | BS: 2500 | FPS: 25.8455 | T: 0:00:38
| train          | F: 6000 | S: 3000 | E: 6 | L: 1000 | R: 0.0000 | BS: 3000 | FPS: 112.3923 | T: 0:00:47
| train          | F: 7000 | S: 3500 | E: 7 | L: 1000 | R: 0.0000 | BS: 3500 | FPS: 110.0009 | T: 0:00:56
| train          | F: 8000 | S: 4000 | E: 8 | L: 1000 | R: 0.0000 | BS: 4000 | FPS: 107.6164 | T: 0:01:05
| train          | F: 9000 | S: 4500 | E: 9 | L: 1000 | R: 0.0000 | BS: 4500 | FPS: 107.5206 | T: 0:01:15
| train          | F: 10000 | S: 5000 | E: 10 | L: 1000 | R: 0.0000 | BS: 5000 | FPS: 102.1353 | T: 0:01:25
| eval           | F: 10000 | S: 5000 | E: 10 | L: 1000 | R: 1.6000 | T: 0:01:25
| train          | F: 11000 | S: 5500 | E: 11 | L: 1000 | R: 0.0000 | BS: 5500 | FPS: 38.9702 | T: 0:01:50
| train          | F: 12000 | S: 6000 | E: 12 | L: 1000 | R: 0.0000 | BS: 6000 | FPS: 117.4977 | T: 0:01:59
| train          | F: 13000 | S: 6500 | E: 13 | L: 1000 | R: 0.0000 | BS: 6500 | FPS: 115.8297 | T: 0:02:07
| train          | F: 14000 | S: 7000 | E: 14 | L: 1000 | R: 17.4154 | BS: 7000 | FPS: 110.5756 | T: 0:02:16
| train          | F: 15000 | S: 7500 | E: 15 | L: 1000 | R: 0.0000 | BS: 7500 | FPS: 108.7061 | T: 0:02:26
| train          | F: 16000 | S: 8000 | E: 16 | L: 1000 | R: 0.0000 | BS: 8000 | FPS: 103.4610 | T: 0:02:35
| train          | F: 17000 | S: 8500 | E: 17 | L: 1000 | R: 0.0000 | BS: 8500 | FPS: 110.0521 | T: 0:02:44
| train          | F: 18000 | S: 9000 | E: 18 | L: 1000 | R: 0.0000 | BS: 9000 | FPS: 106.7060 | T: 0:02:54
| train          | F: 19000 | S: 9500 | E: 19 | L: 1000 | R: 0.0000 | BS: 9500 | FPS: 109.9886 | T: 0:03:03
| train          | F: 20000 | S: 10000 | E: 20 | L: 1000 | R: 0.0000 | BS: 10000 | FPS: 109.9468 | T: 0:03:12
| eval           | F: 20000 | S: 10000 | E: 20 | L: 1000 | R: 11.5200 | T: 0:03:12
| train          | F: 21000 | S: 10500 | E: 21 | L: 1000 | R: 3.2657 | BS: 10500 | FPS: 38.5629 | T: 0:03:38
| train          | F: 22000 | S: 11000 | E: 22 | L: 1000 | R: 5.0173 | BS: 11000 | FPS: 111.5020 | T: 0:03:47
| train          | F: 23000 | S: 11500 | E: 23 | L: 1000 | R: 0.0000 | BS: 11500 | FPS: 108.5162 | T: 0:03:56
| train          | F: 24000 | S: 12000 | E: 24 | L: 1000 | R: 0.0000 | BS: 12000 | FPS: 109.6747 | T: 0:04:05
| train          | F: 25000 | S: 12500 | E: 25 | L: 1000 | R: 0.0000 | BS: 12500 | FPS: 108.2652 | T: 0:04:14
| train          | F: 26000 | S: 13000 | E: 26 | L: 1000 | R: 38.2527 | BS: 13000 | FPS: 97.3157 | T: 0:04:25
| train          | F: 27000 | S: 13500 | E: 27 | L: 1000 | R: 67.0122 | BS: 13500 | FPS: 103.7437 | T: 0:04:34
| train          | F: 28000 | S: 14000 | E: 28 | L: 1000 | R: 0.0000 | BS: 14000 | FPS: 107.8513 | T: 0:04:44
| train          | F: 29000 | S: 14500 | E: 29 | L: 1000 | R: 10.8705 | BS: 14500 | FPS: 107.3234 | T: 0:04:53
| train          | F: 30000 | S: 15000 | E: 30 | L: 1000 | R: 0.0000 | BS: 15000 | FPS: 108.4656 | T: 0:05:02
| eval           | F: 30000 | S: 15000 | E: 30 | L: 1000 | R: 6.6400 | T: 0:05:02
| train          | F: 31000 | S: 15500 | E: 31 | L: 1000 | R: 0.0000 | BS: 15500 | FPS: 34.7086 | T: 0:05:31
| train          | F: 32000 | S: 16000 | E: 32 | L: 1000 | R: 0.0000 | BS: 16000 | FPS: 112.2997 | T: 0:05:40
| train          | F: 33000 | S: 16500 | E: 33 | L: 1000 | R: 0.0000 | BS: 16500 | FPS: 111.0624 | T: 0:05:49
| train          | F: 34000 | S: 17000 | E: 34 | L: 1000 | R: 6.5702 | BS: 17000 | FPS: 108.3391 | T: 0:05:58
| train          | F: 35000 | S: 17500 | E: 35 | L: 1000 | R: 0.0000 | BS: 17500 | FPS: 103.9406 | T: 0:06:08
| train          | F: 36000 | S: 18000 | E: 36 | L: 1000 | R: 50.5510 | BS: 18000 | FPS: 103.0471 | T: 0:06:17
| train          | F: 37000 | S: 18500 | E: 37 | L: 1000 | R: 53.1440 | BS: 18500 | FPS: 108.2402 | T: 0:06:27
| train          | F: 38000 | S: 19000 | E: 38 | L: 1000 | R: 0.0000 | BS: 19000 | FPS: 104.4493 | T: 0:06:36
| train          | F: 39000 | S: 19500 | E: 39 | L: 1000 | R: 0.0000 | BS: 19500 | FPS: 107.8156 | T: 0:06:45
| train          | F: 40000 | S: 20000 | E: 40 | L: 1000 | R: 0.0000 | BS: 20000 | FPS: 106.9191 | T: 0:06:55
| eval           | F: 40000 | S: 20000 | E: 40 | L: 1000 | R: 20.0800 | T: 0:06:55
| train          | F: 41000 | S: 20500 | E: 41 | L: 1000 | R: 20.8329 | BS: 20500 | FPS: 37.7493 | T: 0:07:21
| train          | F: 42000 | S: 21000 | E: 42 | L: 1000 | R: 38.8635 | BS: 21000 | FPS: 105.4681 | T: 0:07:31
| train          | F: 43000 | S: 21500 | E: 43 | L: 1000 | R: 0.0000 | BS: 21500 | FPS: 109.4489 | T: 0:07:40
| train          | F: 44000 | S: 22000 | E: 44 | L: 1000 | R: 36.5777 | BS: 22000 | FPS: 110.5052 | T: 0:07:49
| train          | F: 45000 | S: 22500 | E: 45 | L: 1000 | R: 0.0000 | BS: 22500 | FPS: 96.6777 | T: 0:07:59
| train          | F: 46000 | S: 23000 | E: 46 | L: 1000 | R: 40.6091 | BS: 23000 | FPS: 99.1090 | T: 0:08:09
| train          | F: 47000 | S: 23500 | E: 47 | L: 1000 | R: 20.6575 | BS: 23500 | FPS: 105.7395 | T: 0:08:19
| train          | F: 48000 | S: 24000 | E: 48 | L: 1000 | R: 24.2627 | BS: 24000 | FPS: 108.1816 | T: 0:08:28
| train          | F: 49000 | S: 24500 | E: 49 | L: 1000 | R: 0.0000 | BS: 24500 | FPS: 110.1318 | T: 0:08:37
| train          | F: 50000 | S: 25000 | E: 50 | L: 1000 | R: 30.6235 | BS: 25000 | FPS: 106.1252 | T: 0:08:47
| eval           | F: 50000 | S: 25000 | E: 50 | L: 1000 | R: 6.3200 | T: 0:08:47
| train          | F: 51000 | S: 25500 | E: 51 | L: 1000 | R: 21.5319 | BS: 25500 | FPS: 36.8029 | T: 0:09:14
| train          | F: 52000 | S: 26000 | E: 52 | L: 1000 | R: 20.8408 | BS: 26000 | FPS: 103.1247 | T: 0:09:23
| train          | F: 53000 | S: 26500 | E: 53 | L: 1000 | R: 16.3891 | BS: 26500 | FPS: 107.2923 | T: 0:09:33
| train          | F: 54000 | S: 27000 | E: 54 | L: 1000 | R: 0.0000 | BS: 27000 | FPS: 109.6636 | T: 0:09:42
| train          | F: 55000 | S: 27500 | E: 55 | L: 1000 | R: 0.0000 | BS: 27500 | FPS: 103.6690 | T: 0:09:52
| train          | F: 56000 | S: 28000 | E: 56 | L: 1000 | R: 30.9342 | BS: 28000 | FPS: 102.1630 | T: 0:10:01
| train          | F: 57000 | S: 28500 | E: 57 | L: 1000 | R: 0.0000 | BS: 28500 | FPS: 102.4844 | T: 0:10:11
| train          | F: 58000 | S: 29000 | E: 58 | L: 1000 | R: 0.0000 | BS: 29000 | FPS: 100.2473 | T: 0:10:21
| train          | F: 59000 | S: 29500 | E: 59 | L: 1000 | R: 34.0601 | BS: 29500 | FPS: 99.9940 | T: 0:10:31
| train          | F: 60000 | S: 30000 | E: 60 | L: 1000 | R: 9.8154 | BS: 30000 | FPS: 99.2965 | T: 0:10:41
| eval           | F: 60000 | S: 30000 | E: 60 | L: 1000 | R: 6.4007 | T: 0:10:41
| train          | F: 61000 | S: 30500 | E: 61 | L: 1000 | R: 0.0000 | BS: 30500 | FPS: 38.2944 | T: 0:11:07
| train          | F: 62000 | S: 31000 | E: 62 | L: 1000 | R: 0.0000 | BS: 31000 | FPS: 110.9783 | T: 0:11:16
| train          | F: 63000 | S: 31500 | E: 63 | L: 1000 | R: 0.0000 | BS: 31500 | FPS: 111.1507 | T: 0:11:25
| train          | F: 64000 | S: 32000 | E: 64 | L: 1000 | R: 0.0000 | BS: 32000 | FPS: 109.1223 | T: 0:11:34
| train          | F: 65000 | S: 32500 | E: 65 | L: 1000 | R: 1.6210 | BS: 32500 | FPS: 97.2077 | T: 0:11:45
| train          | F: 66000 | S: 33000 | E: 66 | L: 1000 | R: 14.0926 | BS: 33000 | FPS: 101.3982 | T: 0:11:55
| train          | F: 67000 | S: 33500 | E: 67 | L: 1000 | R: 0.0000 | BS: 33500 | FPS: 109.9517 | T: 0:12:04
| train          | F: 68000 | S: 34000 | E: 68 | L: 1000 | R: 22.4203 | BS: 34000 | FPS: 108.9007 | T: 0:12:13
| train          | F: 69000 | S: 34500 | E: 69 | L: 1000 | R: 161.0547 | BS: 34500 | FPS: 103.8485 | T: 0:12:23
| train          | F: 70000 | S: 35000 | E: 70 | L: 1000 | R: 111.1365 | BS: 35000 | FPS: 99.6929 | T: 0:12:33
| eval           | F: 70000 | S: 35000 | E: 70 | L: 1000 | R: 108.3059 | T: 0:12:33
| train          | F: 71000 | S: 35500 | E: 71 | L: 1000 | R: 11.4495 | BS: 35500 | FPS: 37.4675 | T: 0:12:59
| train          | F: 72000 | S: 36000 | E: 72 | L: 1000 | R: 9.8727 | BS: 36000 | FPS: 110.0225 | T: 0:13:08
| train          | F: 73000 | S: 36500 | E: 73 | L: 1000 | R: 0.0000 | BS: 36500 | FPS: 108.2865 | T: 0:13:18
| train          | F: 74000 | S: 37000 | E: 74 | L: 1000 | R: 156.9358 | BS: 37000 | FPS: 107.3794 | T: 0:13:27
| train          | F: 75000 | S: 37500 | E: 75 | L: 1000 | R: 0.0000 | BS: 37500 | FPS: 104.5920 | T: 0:13:36
| train          | F: 76000 | S: 38000 | E: 76 | L: 1000 | R: 40.7522 | BS: 38000 | FPS: 105.4976 | T: 0:13:46
| train          | F: 77000 | S: 38500 | E: 77 | L: 1000 | R: 29.9954 | BS: 38500 | FPS: 105.9700 | T: 0:13:55
| train          | F: 78000 | S: 39000 | E: 78 | L: 1000 | R: 20.0173 | BS: 39000 | FPS: 104.4583 | T: 0:14:05
| train          | F: 79000 | S: 39500 | E: 79 | L: 1000 | R: 0.0000 | BS: 39500 | FPS: 98.9737 | T: 0:14:15
| train          | F: 80000 | S: 40000 | E: 80 | L: 1000 | R: 0.0000 | BS: 40000 | FPS: 93.8476 | T: 0:14:26
| eval           | F: 80000 | S: 40000 | E: 80 | L: 1000 | R: 2.5617 | T: 0:14:26
| train          | F: 81000 | S: 40500 | E: 81 | L: 1000 | R: 0.0000 | BS: 40500 | FPS: 32.5359 | T: 0:14:56
| train          | F: 82000 | S: 41000 | E: 82 | L: 1000 | R: 0.0000 | BS: 41000 | FPS: 104.8771 | T: 0:15:06
| train          | F: 83000 | S: 41500 | E: 83 | L: 1000 | R: 5.7384 | BS: 41500 | FPS: 108.3487 | T: 0:15:15
| train          | F: 84000 | S: 42000 | E: 84 | L: 1000 | R: 0.0000 | BS: 42000 | FPS: 107.5464 | T: 0:15:24
| train          | F: 85000 | S: 42500 | E: 85 | L: 1000 | R: 0.0000 | BS: 42500 | FPS: 104.4840 | T: 0:15:34
| train          | F: 86000 | S: 43000 | E: 86 | L: 1000 | R: 0.0000 | BS: 43000 | FPS: 100.6431 | T: 0:15:44
| train          | F: 87000 | S: 43500 | E: 87 | L: 1000 | R: 4.9341 | BS: 43500 | FPS: 105.8911 | T: 0:15:53
| train          | F: 88000 | S: 44000 | E: 88 | L: 1000 | R: 0.0000 | BS: 44000 | FPS: 104.8533 | T: 0:16:03
| train          | F: 89000 | S: 44500 | E: 89 | L: 1000 | R: 17.2863 | BS: 44500 | FPS: 105.7208 | T: 0:16:12
| train          | F: 90000 | S: 45000 | E: 90 | L: 1000 | R: 71.0638 | BS: 45000 | FPS: 105.0326 | T: 0:16:22
| eval           | F: 90000 | S: 45000 | E: 90 | L: 1000 | R: 34.5085 | T: 0:16:22
| train          | F: 91000 | S: 45500 | E: 91 | L: 1000 | R: 0.0000 | BS: 45500 | FPS: 38.1681 | T: 0:16:48
| train          | F: 92000 | S: 46000 | E: 92 | L: 1000 | R: 68.0322 | BS: 46000 | FPS: 101.2673 | T: 0:16:58
| train          | F: 93000 | S: 46500 | E: 93 | L: 1000 | R: 160.8685 | BS: 46500 | FPS: 102.6702 | T: 0:17:08
| train          | F: 94000 | S: 47000 | E: 94 | L: 1000 | R: 0.0000 | BS: 47000 | FPS: 100.0404 | T: 0:17:18
| train          | F: 95000 | S: 47500 | E: 95 | L: 1000 | R: 43.0756 | BS: 47500 | FPS: 101.1909 | T: 0:17:28
| train          | F: 96000 | S: 48000 | E: 96 | L: 1000 | R: 0.0000 | BS: 48000 | FPS: 100.4810 | T: 0:17:38
| train          | F: 97000 | S: 48500 | E: 97 | L: 1000 | R: 5.0719 | BS: 48500 | FPS: 95.8123 | T: 0:17:48
| train          | F: 98000 | S: 49000 | E: 98 | L: 1000 | R: 47.4047 | BS: 49000 | FPS: 94.2768 | T: 0:17:59
| train          | F: 99000 | S: 49500 | E: 99 | L: 1000 | R: 30.4927 | BS: 49500 | FPS: 96.0946 | T: 0:18:09
| train          | F: 100000 | S: 50000 | E: 100 | L: 1000 | R: 81.3516 | BS: 50000 | FPS: 94.2150 | T: 0:18:20
| eval           | F: 100000 | S: 50000 | E: 100 | L: 1000 | R: 98.2502 | T: 0:18:20
| train          | F: 101000 | S: 50500 | E: 101 | L: 1000 | R: 188.5003 | BS: 50500 | FPS: 33.1740 | T: 0:18:50
| train          | F: 102000 | S: 51000 | E: 102 | L: 1000 | R: 14.1688 | BS: 51000 | FPS: 109.8762 | T: 0:18:59
| train          | F: 103000 | S: 51500 | E: 103 | L: 1000 | R: 61.9051 | BS: 51500 | FPS: 107.7584 | T: 0:19:08
| train          | F: 104000 | S: 52000 | E: 104 | L: 1000 | R: 0.0000 | BS: 52000 | FPS: 102.3227 | T: 0:19:18
| train          | F: 105000 | S: 52500 | E: 105 | L: 1000 | R: 142.4384 | BS: 52500 | FPS: 105.9673 | T: 0:19:27
| train          | F: 106000 | S: 53000 | E: 106 | L: 1000 | R: 80.9753 | BS: 53000 | FPS: 105.5798 | T: 0:19:37
| train          | F: 107000 | S: 53500 | E: 107 | L: 1000 | R: 1.6540 | BS: 53500 | FPS: 106.8654 | T: 0:19:46
| train          | F: 108000 | S: 54000 | E: 108 | L: 1000 | R: 39.1417 | BS: 54000 | FPS: 107.2466 | T: 0:19:56
| train          | F: 109000 | S: 54500 | E: 109 | L: 1000 | R: 17.1860 | BS: 54500 | FPS: 106.0450 | T: 0:20:05
| train          | F: 110000 | S: 55000 | E: 110 | L: 1000 | R: 161.0794 | BS: 55000 | FPS: 104.2435 | T: 0:20:15
| eval           | F: 110000 | S: 55000 | E: 110 | L: 1000 | R: 115.6345 | T: 0:20:15
| train          | F: 111000 | S: 55500 | E: 111 | L: 1000 | R: 13.1257 | BS: 55500 | FPS: 33.4041 | T: 0:20:45
| train          | F: 112000 | S: 56000 | E: 112 | L: 1000 | R: 0.0000 | BS: 56000 | FPS: 99.8231 | T: 0:20:55
| train          | F: 113000 | S: 56500 | E: 113 | L: 1000 | R: 162.5663 | BS: 56500 | FPS: 96.8634 | T: 0:21:05
| train          | F: 114000 | S: 57000 | E: 114 | L: 1000 | R: 152.8882 | BS: 57000 | FPS: 98.0409 | T: 0:21:15
| train          | F: 115000 | S: 57500 | E: 115 | L: 1000 | R: 195.3245 | BS: 57500 | FPS: 98.0077 | T: 0:21:25
| train          | F: 116000 | S: 58000 | E: 116 | L: 1000 | R: 105.2968 | BS: 58000 | FPS: 103.1319 | T: 0:21:35
| train          | F: 117000 | S: 58500 | E: 117 | L: 1000 | R: 215.6236 | BS: 58500 | FPS: 100.1763 | T: 0:21:45
| train          | F: 118000 | S: 59000 | E: 118 | L: 1000 | R: 0.0000 | BS: 59000 | FPS: 103.3734 | T: 0:21:55
| train          | F: 119000 | S: 59500 | E: 119 | L: 1000 | R: 0.0000 | BS: 59500 | FPS: 108.0681 | T: 0:22:04
| train          | F: 120000 | S: 60000 | E: 120 | L: 1000 | R: 210.0423 | BS: 60000 | FPS: 106.4430 | T: 0:22:13
| eval           | F: 120000 | S: 60000 | E: 120 | L: 1000 | R: 95.9429 | T: 0:22:13
| train          | F: 121000 | S: 60500 | E: 121 | L: 1000 | R: 15.0205 | BS: 60500 | FPS: 38.3255 | T: 0:22:39
| train          | F: 122000 | S: 61000 | E: 122 | L: 1000 | R: 209.9546 | BS: 61000 | FPS: 101.2791 | T: 0:22:49
| train          | F: 123000 | S: 61500 | E: 123 | L: 1000 | R: 42.2742 | BS: 61500 | FPS: 101.7753 | T: 0:22:59
| train          | F: 124000 | S: 62000 | E: 124 | L: 1000 | R: 179.2668 | BS: 62000 | FPS: 102.9802 | T: 0:23:09
| train          | F: 125000 | S: 62500 | E: 125 | L: 1000 | R: 0.0000 | BS: 62500 | FPS: 101.1233 | T: 0:23:19
| train          | F: 126000 | S: 63000 | E: 126 | L: 1000 | R: 7.3957 | BS: 63000 | FPS: 106.6726 | T: 0:23:28
| train          | F: 127000 | S: 63500 | E: 127 | L: 1000 | R: 12.2565 | BS: 63500 | FPS: 106.8058 | T: 0:23:37
| train          | F: 128000 | S: 64000 | E: 128 | L: 1000 | R: 17.4113 | BS: 64000 | FPS: 104.3457 | T: 0:23:47
| train          | F: 129000 | S: 64500 | E: 129 | L: 1000 | R: 171.5835 | BS: 64500 | FPS: 101.8736 | T: 0:23:57
| train          | F: 130000 | S: 65000 | E: 130 | L: 1000 | R: 118.4528 | BS: 65000 | FPS: 99.3293 | T: 0:24:07
| eval           | F: 130000 | S: 65000 | E: 130 | L: 1000 | R: 108.8001 | T: 0:24:07
| train          | F: 131000 | S: 65500 | E: 131 | L: 1000 | R: 0.0000 | BS: 65500 | FPS: 34.0128 | T: 0:24:36
| train          | F: 132000 | S: 66000 | E: 132 | L: 1000 | R: 172.3507 | BS: 66000 | FPS: 96.6459 | T: 0:24:47
| train          | F: 133000 | S: 66500 | E: 133 | L: 1000 | R: 14.8360 | BS: 66500 | FPS: 95.9767 | T: 0:24:57
| train          | F: 134000 | S: 67000 | E: 134 | L: 1000 | R: 154.2813 | BS: 67000 | FPS: 94.8690 | T: 0:25:08
| train          | F: 135000 | S: 67500 | E: 135 | L: 1000 | R: 41.4748 | BS: 67500 | FPS: 94.4579 | T: 0:25:18
| train          | F: 136000 | S: 68000 | E: 136 | L: 1000 | R: 172.3118 | BS: 68000 | FPS: 94.2261 | T: 0:25:29
| train          | F: 137000 | S: 68500 | E: 137 | L: 1000 | R: 173.8985 | BS: 68500 | FPS: 101.2401 | T: 0:25:39
| train          | F: 138000 | S: 69000 | E: 138 | L: 1000 | R: 196.5868 | BS: 69000 | FPS: 105.3047 | T: 0:25:48
| train          | F: 139000 | S: 69500 | E: 139 | L: 1000 | R: 174.0357 | BS: 69500 | FPS: 105.0331 | T: 0:25:58
| train          | F: 140000 | S: 70000 | E: 140 | L: 1000 | R: 193.4776 | BS: 70000 | FPS: 104.9276 | T: 0:26:07
| eval           | F: 140000 | S: 70000 | E: 140 | L: 1000 | R: 165.4673 | T: 0:26:07
| train          | F: 141000 | S: 70500 | E: 141 | L: 1000 | R: 0.0000 | BS: 70500 | FPS: 38.6098 | T: 0:26:33
| train          | F: 142000 | S: 71000 | E: 142 | L: 1000 | R: 65.0005 | BS: 71000 | FPS: 108.9277 | T: 0:26:42
| train          | F: 143000 | S: 71500 | E: 143 | L: 1000 | R: 102.4522 | BS: 71500 | FPS: 106.4774 | T: 0:26:52
| train          | F: 144000 | S: 72000 | E: 144 | L: 1000 | R: 14.9295 | BS: 72000 | FPS: 108.7332 | T: 0:27:01
| train          | F: 145000 | S: 72500 | E: 145 | L: 1000 | R: 35.8791 | BS: 72500 | FPS: 106.2029 | T: 0:27:10
| train          | F: 146000 | S: 73000 | E: 146 | L: 1000 | R: 0.0000 | BS: 73000 | FPS: 107.7580 | T: 0:27:20
| train          | F: 147000 | S: 73500 | E: 147 | L: 1000 | R: 204.7877 | BS: 73500 | FPS: 97.6715 | T: 0:27:30
| train          | F: 148000 | S: 74000 | E: 148 | L: 1000 | R: 204.2514 | BS: 74000 | FPS: 93.8681 | T: 0:27:40
| train          | F: 149000 | S: 74500 | E: 149 | L: 1000 | R: 152.2336 | BS: 74500 | FPS: 96.4435 | T: 0:27:51
| train          | F: 150000 | S: 75000 | E: 150 | L: 1000 | R: 167.3785 | BS: 75000 | FPS: 105.0491 | T: 0:28:00
| eval           | F: 150000 | S: 75000 | E: 150 | L: 1000 | R: 151.5431 | T: 0:28:00
| train          | F: 151000 | S: 75500 | E: 151 | L: 1000 | R: 181.7886 | BS: 75500 | FPS: 37.6794 | T: 0:28:27
| train          | F: 152000 | S: 76000 | E: 152 | L: 1000 | R: 164.7891 | BS: 76000 | FPS: 99.3921 | T: 0:28:37
| train          | F: 153000 | S: 76500 | E: 153 | L: 1000 | R: 158.4612 | BS: 76500 | FPS: 102.9204 | T: 0:28:47
| train          | F: 154000 | S: 77000 | E: 154 | L: 1000 | R: 219.3785 | BS: 77000 | FPS: 97.4558 | T: 0:28:57
| train          | F: 155000 | S: 77500 | E: 155 | L: 1000 | R: 187.4327 | BS: 77500 | FPS: 102.5542 | T: 0:29:07
| train          | F: 156000 | S: 78000 | E: 156 | L: 1000 | R: 227.1082 | BS: 78000 | FPS: 101.8253 | T: 0:29:16
| train          | F: 157000 | S: 78500 | E: 157 | L: 1000 | R: 232.3028 | BS: 78500 | FPS: 96.9557 | T: 0:29:27
| train          | F: 158000 | S: 79000 | E: 158 | L: 1000 | R: 149.1091 | BS: 79000 | FPS: 93.4175 | T: 0:29:37
| train          | F: 159000 | S: 79500 | E: 159 | L: 1000 | R: 0.0000 | BS: 79500 | FPS: 102.2351 | T: 0:29:47
| train          | F: 160000 | S: 80000 | E: 160 | L: 1000 | R: 167.3854 | BS: 80000 | FPS: 101.1083 | T: 0:29:57
| eval           | F: 160000 | S: 80000 | E: 160 | L: 1000 | R: 151.6935 | T: 0:29:57
| train          | F: 161000 | S: 80500 | E: 161 | L: 1000 | R: 18.7936 | BS: 80500 | FPS: 36.7628 | T: 0:30:24
| train          | F: 162000 | S: 81000 | E: 162 | L: 1000 | R: 189.5466 | BS: 81000 | FPS: 106.1093 | T: 0:30:34
| train          | F: 163000 | S: 81500 | E: 163 | L: 1000 | R: 173.6492 | BS: 81500 | FPS: 105.6849 | T: 0:30:43
| train          | F: 164000 | S: 82000 | E: 164 | L: 1000 | R: 88.0235 | BS: 82000 | FPS: 104.9148 | T: 0:30:53
| train          | F: 165000 | S: 82500 | E: 165 | L: 1000 | R: 128.8596 | BS: 82500 | FPS: 105.5425 | T: 0:31:02
| train          | F: 166000 | S: 83000 | E: 166 | L: 1000 | R: 0.0000 | BS: 83000 | FPS: 103.2102 | T: 0:31:12
| train          | F: 167000 | S: 83500 | E: 167 | L: 1000 | R: 7.5512 | BS: 83500 | FPS: 96.2746 | T: 0:31:22
| train          | F: 168000 | S: 84000 | E: 168 | L: 1000 | R: 196.9756 | BS: 84000 | FPS: 93.4403 | T: 0:31:33
| train          | F: 169000 | S: 84500 | E: 169 | L: 1000 | R: 0.0000 | BS: 84500 | FPS: 96.5089 | T: 0:31:43
| train          | F: 170000 | S: 85000 | E: 170 | L: 1000 | R: 106.1124 | BS: 85000 | FPS: 100.1859 | T: 0:31:53
| eval           | F: 170000 | S: 85000 | E: 170 | L: 1000 | R: 228.3220 | T: 0:31:53
| train          | F: 171000 | S: 85500 | E: 171 | L: 1000 | R: 198.8978 | BS: 85500 | FPS: 37.3789 | T: 0:32:20
| train          | F: 172000 | S: 86000 | E: 172 | L: 1000 | R: 215.3846 | BS: 86000 | FPS: 102.1711 | T: 0:32:30
| train          | F: 173000 | S: 86500 | E: 173 | L: 1000 | R: 242.9854 | BS: 86500 | FPS: 103.4023 | T: 0:32:40
| train          | F: 174000 | S: 87000 | E: 174 | L: 1000 | R: 200.0532 | BS: 87000 | FPS: 104.5882 | T: 0:32:49
| train          | F: 175000 | S: 87500 | E: 175 | L: 1000 | R: 189.7616 | BS: 87500 | FPS: 104.3405 | T: 0:32:59
| train          | F: 176000 | S: 88000 | E: 176 | L: 1000 | R: 209.7923 | BS: 88000 | FPS: 104.9954 | T: 0:33:08
| train          | F: 177000 | S: 88500 | E: 177 | L: 1000 | R: 200.4636 | BS: 88500 | FPS: 102.2525 | T: 0:33:18
| train          | F: 178000 | S: 89000 | E: 178 | L: 1000 | R: 144.7627 | BS: 89000 | FPS: 104.2337 | T: 0:33:28
| train          | F: 179000 | S: 89500 | E: 179 | L: 1000 | R: 61.3681 | BS: 89500 | FPS: 97.6662 | T: 0:33:38
| train          | F: 180000 | S: 90000 | E: 180 | L: 1000 | R: 209.3411 | BS: 90000 | FPS: 94.9879 | T: 0:33:48
| eval           | F: 180000 | S: 90000 | E: 180 | L: 1000 | R: 217.2374 | T: 0:33:48
| train          | F: 181000 | S: 90500 | E: 181 | L: 1000 | R: 0.0000 | BS: 90500 | FPS: 32.6478 | T: 0:34:19
| train          | F: 182000 | S: 91000 | E: 182 | L: 1000 | R: 0.0000 | BS: 91000 | FPS: 108.4807 | T: 0:34:28
| train          | F: 183000 | S: 91500 | E: 183 | L: 1000 | R: 221.0352 | BS: 91500 | FPS: 107.5028 | T: 0:34:38
| train          | F: 184000 | S: 92000 | E: 184 | L: 1000 | R: 221.2915 | BS: 92000 | FPS: 102.2122 | T: 0:34:47
| train          | F: 185000 | S: 92500 | E: 185 | L: 1000 | R: 225.3097 | BS: 92500 | FPS: 98.7598 | T: 0:34:57
| train          | F: 186000 | S: 93000 | E: 186 | L: 1000 | R: 201.2343 | BS: 93000 | FPS: 102.4618 | T: 0:35:07
| train          | F: 187000 | S: 93500 | E: 187 | L: 1000 | R: 208.1166 | BS: 93500 | FPS: 104.1088 | T: 0:35:17
| train          | F: 188000 | S: 94000 | E: 188 | L: 1000 | R: 209.8111 | BS: 94000 | FPS: 95.4805 | T: 0:35:27
| train          | F: 189000 | S: 94500 | E: 189 | L: 1000 | R: 173.5471 | BS: 94500 | FPS: 96.7634 | T: 0:35:38
| train          | F: 190000 | S: 95000 | E: 190 | L: 1000 | R: 210.2032 | BS: 95000 | FPS: 98.3091 | T: 0:35:48
| eval           | F: 190000 | S: 95000 | E: 190 | L: 1000 | R: 148.7200 | T: 0:35:48
| train          | F: 191000 | S: 95500 | E: 191 | L: 1000 | R: 187.3555 | BS: 95500 | FPS: 37.2218 | T: 0:36:15
| train          | F: 192000 | S: 96000 | E: 192 | L: 1000 | R: 222.7233 | BS: 96000 | FPS: 106.2940 | T: 0:36:24
| train          | F: 193000 | S: 96500 | E: 193 | L: 1000 | R: 163.0966 | BS: 96500 | FPS: 97.4037 | T: 0:36:34
| train          | F: 194000 | S: 97000 | E: 194 | L: 1000 | R: 233.6257 | BS: 97000 | FPS: 96.6318 | T: 0:36:45
| train          | F: 195000 | S: 97500 | E: 195 | L: 1000 | R: 247.1083 | BS: 97500 | FPS: 96.1023 | T: 0:36:55
| train          | F: 196000 | S: 98000 | E: 196 | L: 1000 | R: 193.9598 | BS: 98000 | FPS: 104.1735 | T: 0:37:05
| train          | F: 197000 | S: 98500 | E: 197 | L: 1000 | R: 208.8350 | BS: 98500 | FPS: 104.2964 | T: 0:37:14
| train          | F: 198000 | S: 99000 | E: 198 | L: 1000 | R: 178.7770 | BS: 99000 | FPS: 106.2364 | T: 0:37:24
| train          | F: 199000 | S: 99500 | E: 199 | L: 1000 | R: 209.4144 | BS: 99500 | FPS: 104.9928 | T: 0:37:33
| train          | F: 200000 | S: 100000 | E: 200 | L: 1000 | R: 223.0878 | BS: 100000 | FPS: 99.7578 | T: 0:37:43
| eval           | F: 200000 | S: 100000 | E: 200 | L: 1000 | R: 239.4518 | T: 0:37:43
| train          | F: 201000 | S: 100500 | E: 201 | L: 1000 | R: 212.8308 | BS: 100500 | FPS: 37.3974 | T: 0:38:10
| train          | F: 202000 | S: 101000 | E: 202 | L: 1000 | R: 188.4435 | BS: 101000 | FPS: 102.8334 | T: 0:38:20
| train          | F: 203000 | S: 101500 | E: 203 | L: 1000 | R: 189.8022 | BS: 101500 | FPS: 99.5344 | T: 0:38:30
| train          | F: 204000 | S: 102000 | E: 204 | L: 1000 | R: 178.2965 | BS: 102000 | FPS: 105.2629 | T: 0:38:39
| train          | F: 205000 | S: 102500 | E: 205 | L: 1000 | R: 199.6216 | BS: 102500 | FPS: 100.3280 | T: 0:38:49
| train          | F: 206000 | S: 103000 | E: 206 | L: 1000 | R: 166.1989 | BS: 103000 | FPS: 100.3663 | T: 0:38:59
| train          | F: 207000 | S: 103500 | E: 207 | L: 1000 | R: 186.3953 | BS: 103500 | FPS: 98.6702 | T: 0:39:09
| train          | F: 208000 | S: 104000 | E: 208 | L: 1000 | R: 225.4559 | BS: 104000 | FPS: 100.3511 | T: 0:39:19
| train          | F: 209000 | S: 104500 | E: 209 | L: 1000 | R: 186.1616 | BS: 104500 | FPS: 103.4204 | T: 0:39:29
| train          | F: 210000 | S: 105000 | E: 210 | L: 1000 | R: 204.4490 | BS: 105000 | FPS: 95.8980 | T: 0:39:39
| eval           | F: 210000 | S: 105000 | E: 210 | L: 1000 | R: 256.6615 | T: 0:39:39
| train          | F: 211000 | S: 105500 | E: 211 | L: 1000 | R: 187.9263 | BS: 105500 | FPS: 36.3164 | T: 0:40:07
| train          | F: 212000 | S: 106000 | E: 212 | L: 1000 | R: 216.0656 | BS: 106000 | FPS: 103.8476 | T: 0:40:17
| train          | F: 213000 | S: 106500 | E: 213 | L: 1000 | R: 211.0853 | BS: 106500 | FPS: 98.2101 | T: 0:40:27
| train          | F: 214000 | S: 107000 | E: 214 | L: 1000 | R: 11.4741 | BS: 107000 | FPS: 100.8993 | T: 0:40:37
| train          | F: 215000 | S: 107500 | E: 215 | L: 1000 | R: 216.1565 | BS: 107500 | FPS: 101.4797 | T: 0:40:46
| train          | F: 216000 | S: 108000 | E: 216 | L: 1000 | R: 246.4308 | BS: 108000 | FPS: 104.2321 | T: 0:40:56
| train          | F: 217000 | S: 108500 | E: 217 | L: 1000 | R: 201.9963 | BS: 108500 | FPS: 103.6069 | T: 0:41:06
| train          | F: 218000 | S: 109000 | E: 218 | L: 1000 | R: 212.3167 | BS: 109000 | FPS: 99.6527 | T: 0:41:16
| train          | F: 219000 | S: 109500 | E: 219 | L: 1000 | R: 194.4307 | BS: 109500 | FPS: 97.4853 | T: 0:41:26
| train          | F: 220000 | S: 110000 | E: 220 | L: 1000 | R: 207.1007 | BS: 110000 | FPS: 93.0123 | T: 0:41:37
| eval           | F: 220000 | S: 110000 | E: 220 | L: 1000 | R: 232.5621 | T: 0:41:37
| train          | F: 221000 | S: 110500 | E: 221 | L: 1000 | R: 219.2003 | BS: 110500 | FPS: 32.8768 | T: 0:42:07
| train          | F: 222000 | S: 111000 | E: 222 | L: 1000 | R: 213.0766 | BS: 111000 | FPS: 99.7285 | T: 0:42:17
| train          | F: 223000 | S: 111500 | E: 223 | L: 1000 | R: 178.9282 | BS: 111500 | FPS: 103.7679 | T: 0:42:27
| train          | F: 224000 | S: 112000 | E: 224 | L: 1000 | R: 226.6052 | BS: 112000 | FPS: 98.6735 | T: 0:42:37
| train          | F: 225000 | S: 112500 | E: 225 | L: 1000 | R: 158.8608 | BS: 112500 | FPS: 94.3325 | T: 0:42:48
| train          | F: 226000 | S: 113000 | E: 226 | L: 1000 | R: 180.3568 | BS: 113000 | FPS: 94.2297 | T: 0:42:58
| train          | F: 227000 | S: 113500 | E: 227 | L: 1000 | R: 213.1706 | BS: 113500 | FPS: 95.7715 | T: 0:43:09
| train          | F: 228000 | S: 114000 | E: 228 | L: 1000 | R: 0.0000 | BS: 114000 | FPS: 102.0501 | T: 0:43:18
| train          | F: 229000 | S: 114500 | E: 229 | L: 1000 | R: 233.4804 | BS: 114500 | FPS: 103.9276 | T: 0:43:28
| train          | F: 230000 | S: 115000 | E: 230 | L: 1000 | R: 209.4321 | BS: 115000 | FPS: 104.2306 | T: 0:43:38
| eval           | F: 230000 | S: 115000 | E: 230 | L: 1000 | R: 247.8505 | T: 0:43:38
| train          | F: 231000 | S: 115500 | E: 231 | L: 1000 | R: 214.1479 | BS: 115500 | FPS: 33.2830 | T: 0:44:08
| train          | F: 232000 | S: 116000 | E: 232 | L: 1000 | R: 170.9628 | BS: 116000 | FPS: 101.6802 | T: 0:44:18
| train          | F: 233000 | S: 116500 | E: 233 | L: 1000 | R: 196.5998 | BS: 116500 | FPS: 104.1774 | T: 0:44:27
| train          | F: 234000 | S: 117000 | E: 234 | L: 1000 | R: 211.4093 | BS: 117000 | FPS: 104.9960 | T: 0:44:37
| train          | F: 235000 | S: 117500 | E: 235 | L: 1000 | R: 210.3919 | BS: 117500 | FPS: 105.4711 | T: 0:44:46
| train          | F: 236000 | S: 118000 | E: 236 | L: 1000 | R: 230.9031 | BS: 118000 | FPS: 104.3918 | T: 0:44:56
| train          | F: 237000 | S: 118500 | E: 237 | L: 1000 | R: 255.5833 | BS: 118500 | FPS: 105.3465 | T: 0:45:05
| train          | F: 238000 | S: 119000 | E: 238 | L: 1000 | R: 225.2520 | BS: 119000 | FPS: 103.8318 | T: 0:45:15
| train          | F: 239000 | S: 119500 | E: 239 | L: 1000 | R: 207.9727 | BS: 119500 | FPS: 104.2887 | T: 0:45:24
| train          | F: 240000 | S: 120000 | E: 240 | L: 1000 | R: 234.1669 | BS: 120000 | FPS: 105.1197 | T: 0:45:34
| eval           | F: 240000 | S: 120000 | E: 240 | L: 1000 | R: 229.8174 | T: 0:45:34
| train          | F: 241000 | S: 120500 | E: 241 | L: 1000 | R: 232.4394 | BS: 120500 | FPS: 36.6934 | T: 0:46:01
| train          | F: 242000 | S: 121000 | E: 242 | L: 1000 | R: 235.2165 | BS: 121000 | FPS: 105.6398 | T: 0:46:11
| train          | F: 243000 | S: 121500 | E: 243 | L: 1000 | R: 166.6577 | BS: 121500 | FPS: 93.4835 | T: 0:46:21
| train          | F: 244000 | S: 122000 | E: 244 | L: 1000 | R: 242.2384 | BS: 122000 | FPS: 93.0053 | T: 0:46:32
| train          | F: 245000 | S: 122500 | E: 245 | L: 1000 | R: 190.8505 | BS: 122500 | FPS: 94.6943 | T: 0:46:43
| train          | F: 246000 | S: 123000 | E: 246 | L: 1000 | R: 217.8727 | BS: 123000 | FPS: 97.1966 | T: 0:46:53
| train          | F: 247000 | S: 123500 | E: 247 | L: 1000 | R: 195.5309 | BS: 123500 | FPS: 101.9507 | T: 0:47:03
| train          | F: 248000 | S: 124000 | E: 248 | L: 1000 | R: 222.6403 | BS: 124000 | FPS: 100.2904 | T: 0:47:13
| train          | F: 249000 | S: 124500 | E: 249 | L: 1000 | R: 213.1739 | BS: 124500 | FPS: 91.1379 | T: 0:47:24
